<?xml version="1.0" encoding="UTF-8"?>
<!-- Generated by org.testng.reporters.JUnitXMLReporter -->
<testsuite ignored="0" hostname="DESKTOP-5M7AM2E" failures="0" tests="382" name="Test" time="2575.122" errors="0" timestamp="2023-04-19T16:02:15 IST">
  <testcase classname="org.test.CustomerContactJob" name="loginPage" time="35.783"/>
  <testcase classname="org.test.CustomerContactJob" name="contactModule" time="8.511"/>
  <testcase classname="org.test.CustomerContactJob" name="CreateContact" time="19.501"/>
  <testcase classname="org.test.CustomerContactJob" name="listabelValidation" time="14.788"/>
  <testcase classname="org.test.CustomerContactJob" name="labelValidation" time="2.015"/>
  <testcase classname="org.test.CustomerContactJob" name="namePrepopulation" time="2.798"/>
  <testcase classname="org.test.CustomerContactJob" name="mandatoryValidationLocation" time="0.338"/>
  <testcase classname="org.test.CustomerContactJob" name="maximumValidationLocation" time="6.658"/>
  <testcase classname="org.test.CustomerContactJob" name="maximumValidationTittle" time="4.368"/>
  <testcase classname="org.test.CustomerContactJob" name="mandatoryValidationDescription" time="0.051"/>
  <testcase classname="org.test.CustomerContactJob" name="maximumValidationDescription" time="3.721"/>
  <testcase classname="org.test.CustomerContactJob" name="maximumTagValidation" time="0.736"/>
  <testcase classname="org.test.CustomerContactJob" name="duplicateTagsValidation" time="0.238"/>
  <testcase classname="org.test.CustomerContactJob" name="maxTagLimitValidation" time="17.981"/>
  <testcase classname="org.test.CustomerContactJob" name="maximumValidationNotes" time="5.373"/>
  <testcase classname="org.test.CustomerContactJob" name="createButton" time="0.09"/>
  <testcase classname="org.test.CustomerContactJob" name="unsssignedJob" time="15.699"/>
  <testcase classname="org.test.CustomerContactJob" name="jobCreatedCount" time="0.197"/>
  <testcase classname="org.test.CustomerContactJob" name="jobUnassignedStatus" time="0.128"/>
  <testcase classname="org.test.CustomerContactJob" name="labelEditValidation" time="9.017"/>
  <testcase classname="org.test.CustomerContactJob" name="editmandatoryValidationLocation" time="0.52"/>
  <testcase classname="org.test.CustomerContactJob" name="editmaximumValidationLocation" time="7.221"/>
  <testcase classname="org.test.CustomerContactJob" name="editmaximumValidationTittle" time="4.656"/>
  <testcase classname="org.test.CustomerContactJob" name="editmandatoryValidationDescription" time="0.053"/>
  <testcase classname="org.test.CustomerContactJob" name="editmaximumValidationDescription" time="4.034"/>
  <testcase classname="org.test.CustomerContactJob" name="editmaximumTagValidation" time="0.675"/>
  <testcase classname="org.test.CustomerContactJob" name="editduplicateTagsValidation" time="0.188"/>
  <testcase classname="org.test.CustomerContactJob" name="editmaxTagLimitValidation" time="17.194"/>
  <testcase classname="org.test.CustomerContactJob" name="editmaximumValidationNotes" time="4.609"/>
  <testcase classname="org.test.CustomerContactJob" name="updateButton" time="0.058"/>
  <testcase classname="org.test.CustomerContactJob" name="editJobwithFromDateFromTime" time="11.343"/>
  <testcase classname="org.test.CustomerContactJob" name="createJob_FromDateandTime_ToDateandTime" time="29.23"/>
  <testcase classname="org.test.CustomerContactJob" name="jobScheduleStatus" time="0.1"/>
  <testcase classname="org.test.CustomerContactJob" name="dispatchedJob" time="13.423"/>
  <testcase classname="org.test.CustomerContactJob" name="jobDispatchedStatus" time="0.106"/>
  <testcase classname="org.test.CustomerContactJob" name="startedJob" time="12.887"/>
  <testcase classname="org.test.CustomerContactJob" name="jobStartedStatus" time="0.126"/>
  <testcase classname="org.test.CustomerContactJob" name="completedJob" time="16.0"/>
  <testcase classname="org.test.CustomerContactJob" name="jobCompleteStatus" time="0.132"/>
  <testcase classname="org.test.CustomerContactJob" name="cancelledJob" time="12.425"/>
  <testcase classname="org.test.CustomerContactJob" name="jobCancelledStatus" time="0.101"/>
  <testcase classname="org.test.CustomerContactJob" name="jobDraftStatus" time="12.932"/>
  <testcase classname="org.test.CustomerContactJob" name="deletedJob" time="7.158"/>
  <testcase classname="org.test.CustomerContactJob" name="searchJobNo" time="2.436"/>
  <testcase classname="org.test.CustomerContactJob" name="searchLocation" time="2.39"/>
  <testcase classname="org.test.CustomerContactJob" name="searchFilterByDate" time="3.219"/>
  <testcase classname="org.test.CustomerContactJob" name="searchInvalid" time="3.064"/>
  <testcase classname="org.test.CustomerOrganizationJob" name="loginPage" time="27.586"/>
  <testcase classname="org.test.CustomerOrganizationJob" name="contactModule" time="5.406"/>
  <testcase classname="org.test.CustomerOrganizationJob" name="createOrganization" time="22.964"/>
  <testcase classname="org.test.CustomerOrganizationJob" name="listabelValidation" time="11.93"/>
  <testcase classname="org.test.CustomerOrganizationJob" name="labelValidation" time="2.531"/>
  <testcase classname="org.test.CustomerOrganizationJob" name="namePrepopulation" time="2.823"/>
  <testcase classname="org.test.CustomerOrganizationJob" name="autoCompleteOrganizationContactCreation" time="12.738"/>
  <testcase classname="org.test.CustomerOrganizationJob" name="mandatoryValidationLocation" time="0.377"/>
  <testcase classname="org.test.CustomerOrganizationJob" name="maximumValidationLocation" time="7.528"/>
  <testcase classname="org.test.CustomerOrganizationJob" name="maximumValidationTittle" time="4.764"/>
  <testcase classname="org.test.CustomerOrganizationJob" name="mandatoryValidationDescription" time="0.047"/>
  <testcase classname="org.test.CustomerOrganizationJob" name="maximumValidationDescription" time="4.199"/>
  <testcase classname="org.test.CustomerOrganizationJob" name="maximumTagValidation" time="0.69"/>
  <testcase classname="org.test.CustomerOrganizationJob" name="duplicateTagsValidation" time="0.2"/>
  <testcase classname="org.test.CustomerOrganizationJob" name="maxTagLimitValidation" time="17.671"/>
  <testcase classname="org.test.CustomerOrganizationJob" name="maximumValidationNotes" time="5.517"/>
  <testcase classname="org.test.CustomerOrganizationJob" name="createButton" time="0.111"/>
  <testcase classname="org.test.CustomerOrganizationJob" name="unsssignedJob" time="16.844"/>
  <testcase classname="org.test.CustomerOrganizationJob" name="jobCreatedCount" time="0.192"/>
  <testcase classname="org.test.CustomerOrganizationJob" name="jobUnassignedStatus" time="0.155"/>
  <testcase classname="org.test.CustomerOrganizationJob" name="labelEditValidation" time="10.099"/>
  <testcase classname="org.test.CustomerOrganizationJob" name="editmandatoryValidationLocation" time="0.513"/>
  <testcase classname="org.test.CustomerOrganizationJob" name="editmaximumValidationLocation" time="6.817"/>
  <testcase classname="org.test.CustomerOrganizationJob" name="editmaximumValidationTittle" time="4.551"/>
  <testcase classname="org.test.CustomerOrganizationJob" name="editmandatoryValidationDescription" time="0.088"/>
  <testcase classname="org.test.CustomerOrganizationJob" name="editmaximumValidationDescription" time="4.011"/>
  <testcase classname="org.test.CustomerOrganizationJob" name="editmaximumTagValidation" time="0.656"/>
  <testcase classname="org.test.CustomerOrganizationJob" name="editduplicateTagsValidation" time="0.378"/>
  <testcase classname="org.test.CustomerOrganizationJob" name="editmaxTagLimitValidation" time="17.633"/>
  <testcase classname="org.test.CustomerOrganizationJob" name="editmaximumValidationNotes" time="5.619"/>
  <testcase classname="org.test.CustomerOrganizationJob" name="updateButton" time="0.072"/>
  <testcase classname="org.test.CustomerOrganizationJob" name="editJobwithFromDateFromTime" time="13.906"/>
  <testcase classname="org.test.CustomerOrganizationJob" name="createJob_FromDateandTime_ToDateandTime" time="23.279"/>
  <testcase classname="org.test.CustomerOrganizationJob" name="jobScheduleStatus" time="0.2"/>
  <testcase classname="org.test.CustomerOrganizationJob" name="dispatchedJob" time="12.856"/>
  <testcase classname="org.test.CustomerOrganizationJob" name="jobDispatchedStatus" time="0.183"/>
  <testcase classname="org.test.CustomerOrganizationJob" name="startedJob" time="12.847"/>
  <testcase classname="org.test.CustomerOrganizationJob" name="jobStartedStatus" time="0.139"/>
  <testcase classname="org.test.CustomerOrganizationJob" name="completedJob" time="13.367"/>
  <testcase classname="org.test.CustomerOrganizationJob" name="jobCompletedStatus" time="0.113"/>
  <testcase classname="org.test.CustomerOrganizationJob" name="cancelledJob" time="13.583"/>
  <testcase classname="org.test.CustomerOrganizationJob" name="jobCancelledStatus" time="0.133"/>
  <testcase classname="org.test.CustomerOrganizationJob" name="jobDraftStatus" time="14.074"/>
  <testcase classname="org.test.CustomerOrganizationJob" name="deletedJob" time="7.718"/>
  <testcase classname="org.test.CustomerOrganizationJob" name="searchJobNo" time="2.681"/>
  <testcase classname="org.test.CustomerOrganizationJob" name="searchLocation" time="2.706"/>
  <testcase classname="org.test.CustomerOrganizationJob" name="searchFilterByDate" time="3.378"/>
  <testcase classname="org.test.CustomerOrganizationJob" name="searchInvalid" time="1.915"/>
  <testcase classname="org.test.GlobalContactJob" name="loginPage" time="38.472"/>
  <testcase classname="org.test.GlobalContactJob" name="jobModule" time="1.39"/>
  <testcase classname="org.test.GlobalContactJob" name="labelValidation" time="2.051"/>
  <testcase classname="org.test.GlobalContactJob" name="contactMandatoryValidation" time="1.731"/>
  <testcase classname="org.test.GlobalContactJob" name="autoCompleteContactCreation" time="10.862"/>
  <testcase classname="org.test.GlobalContactJob" name="maximumValidationLocation" time="7.026"/>
  <testcase classname="org.test.GlobalContactJob" name="mandatoryValidationLocation" time="0.046"/>
  <testcase classname="org.test.GlobalContactJob" name="maximumValidationTittle" time="4.494"/>
  <testcase classname="org.test.GlobalContactJob" name="mandatoryValidationDescription" time="0.051"/>
  <testcase classname="org.test.GlobalContactJob" name="maximumValidationDescription" time="4.072"/>
  <testcase classname="org.test.GlobalContactJob" name="maximumTagValidation" time="0.664"/>
  <testcase classname="org.test.GlobalContactJob" name="duplicateTagsValidation" time="0.376"/>
  <testcase classname="org.test.GlobalContactJob" name="maxTagLimitValidation" time="18.249"/>
  <testcase classname="org.test.GlobalContactJob" name="maximumValidationNotes" time="5.077"/>
  <testcase classname="org.test.GlobalContactJob" name="createButton" time="0.079"/>
  <testcase classname="org.test.GlobalContactJob" name="unsssignedJob" time="14.903"/>
  <testcase classname="org.test.GlobalContactJob" name="jobUnassignedStatus" time="0.152"/>
  <testcase classname="org.test.GlobalContactJob" name="labelEditValidation" time="9.621"/>
  <testcase classname="org.test.GlobalContactJob" name="editmandatoryValidationLocation" time="0.322"/>
  <testcase classname="org.test.GlobalContactJob" name="editmaximumValidationLocation" time="6.804"/>
  <testcase classname="org.test.GlobalContactJob" name="editmaximumValidationTittle" time="4.542"/>
  <testcase classname="org.test.GlobalContactJob" name="editmandatoryValidationDescription" time="0.048"/>
  <testcase classname="org.test.GlobalContactJob" name="editmaximumValidationDescription" time="4.039"/>
  <testcase classname="org.test.GlobalContactJob" name="editmaximumTagValidation" time="0.783"/>
  <testcase classname="org.test.GlobalContactJob" name="editduplicateTagsValidation" time="0.429"/>
  <testcase classname="org.test.GlobalContactJob" name="editsmaxTagLimitValidation" time="17.195"/>
  <testcase classname="org.test.GlobalContactJob" name="editmaximumValidationNotes" time="5.716"/>
  <testcase classname="org.test.GlobalContactJob" name="updateButton" time="0.062"/>
  <testcase classname="org.test.GlobalContactJob" name="editJobwithFromDateFromTime" time="12.373"/>
  <testcase classname="org.test.GlobalContactJob" name="createJob_FromDateandTime_ToDateandTime" time="28.682"/>
  <testcase classname="org.test.GlobalContactJob" name="jobScheduleStatus" time="0.467"/>
  <testcase classname="org.test.GlobalContactJob" name="dispatchedJob" time="9.188"/>
  <testcase classname="org.test.GlobalContactJob" name="jobDispatchedStatus" time="0.345"/>
  <testcase classname="org.test.GlobalContactJob" name="startedJob" time="9.687"/>
  <testcase classname="org.test.GlobalContactJob" name="jobStartedStatus" time="0.376"/>
  <testcase classname="org.test.GlobalContactJob" name="completedJob" time="9.225"/>
  <testcase classname="org.test.GlobalContactJob" name="jobCompleteStatus" time="0.319"/>
  <testcase classname="org.test.GlobalContactJob" name="cancelledJob" time="13.746"/>
  <testcase classname="org.test.GlobalContactJob" name="jobCancelledStatus" time="0.275"/>
  <testcase classname="org.test.GlobalContactJob" name="searchCustomerName" time="3.992"/>
  <testcase classname="org.test.GlobalContactJob" name="searchJobNo" time="2.587"/>
  <testcase classname="org.test.GlobalContactJob" name="searchLocation" time="2.981"/>
  <testcase classname="org.test.GlobalContactJob" name="searchFilterByDate" time="2.335"/>
  <testcase classname="org.test.GlobalContactJob" name="searchInvalid" time="2.599"/>
  <testcase classname="org.test.GlobalOrganizationJob" name="loginPage" time="25.24"/>
  <testcase classname="org.test.GlobalOrganizationJob" name="jobModule" time="1.428"/>
  <testcase classname="org.test.GlobalOrganizationJob" name="labelValidation" time="2.06"/>
  <testcase classname="org.test.GlobalOrganizationJob" name="organizationMandatoryValidation" time="0.75"/>
  <testcase classname="org.test.GlobalOrganizationJob" name="autoCompleteOrganizationCreation" time="14.783"/>
  <testcase classname="org.test.GlobalOrganizationJob" name="autoCompleteOrganizationContactCreation" time="11.999"/>
  <testcase classname="org.test.GlobalOrganizationJob" name="mandatoryValidationLocation" time="0.075"/>
  <testcase classname="org.test.GlobalOrganizationJob" name="maximumValidationLocation" time="7.979"/>
  <testcase classname="org.test.GlobalOrganizationJob" name="maximumValidationTittle" time="4.972"/>
  <testcase classname="org.test.GlobalOrganizationJob" name="mandatoryValidationDescription" time="0.052"/>
  <testcase classname="org.test.GlobalOrganizationJob" name="maximumValidationDescription" time="4.397"/>
  <testcase classname="org.test.GlobalOrganizationJob" name="maximumTagValidation" time="0.823"/>
  <testcase classname="org.test.GlobalOrganizationJob" name="duplicateTagsValidation" time="0.413"/>
  <testcase classname="org.test.GlobalOrganizationJob" name="maxTagLimitValidation" time="17.843"/>
  <testcase classname="org.test.GlobalOrganizationJob" name="maximumValidationNotes" time="5.621"/>
  <testcase classname="org.test.GlobalOrganizationJob" name="createButton" time="0.138"/>
  <testcase classname="org.test.GlobalOrganizationJob" name="unsssignedJob" time="17.518"/>
  <testcase classname="org.test.GlobalOrganizationJob" name="jobUnassignedStatus" time="0.148"/>
  <testcase classname="org.test.GlobalOrganizationJob" name="labelEditValidation" time="6.963"/>
  <testcase classname="org.test.GlobalOrganizationJob" name="editsmandatoryValidationLocation" time="0.335"/>
  <testcase classname="org.test.GlobalOrganizationJob" name="editmaximumValidationLocation" time="6.43"/>
  <testcase classname="org.test.GlobalOrganizationJob" name="editmaximumValidationTittle" time="0.148"/>
  <testcase classname="org.test.GlobalOrganizationJob" name="editmandatoryValidationDescription" time="0.073"/>
  <testcase classname="org.test.GlobalOrganizationJob" name="editmaximumValidationDescription" time="4.461"/>
  <testcase classname="org.test.GlobalOrganizationJob" name="editmaximumTagValidation" time="0.715"/>
  <testcase classname="org.test.GlobalOrganizationJob" name="editduplicateTagsValidation" time="0.432"/>
  <testcase classname="org.test.GlobalOrganizationJob" name="editmaxTagLimitValidation" time="17.646"/>
  <testcase classname="org.test.GlobalOrganizationJob" name="editmaximumValidationNotes" time="6.063"/>
  <testcase classname="org.test.GlobalOrganizationJob" name="updateButton" time="0.081"/>
  <testcase classname="org.test.GlobalOrganizationJob" name="editJobwithFromDateFromTime" time="12.981"/>
  <testcase classname="org.test.GlobalOrganizationJob" name="createJob_FromDateandTime_ToDateandTime" time="42.281"/>
  <testcase classname="org.test.GlobalOrganizationJob" name="jobScheduleStatus" time="0.177"/>
  <testcase classname="org.test.GlobalOrganizationJob" name="dispatchedJob" time="11.455"/>
  <testcase classname="org.test.GlobalOrganizationJob" name="jobDispatchedStatus" time="0.148"/>
  <testcase classname="org.test.GlobalOrganizationJob" name="startedJob" time="12.636"/>
  <testcase classname="org.test.GlobalOrganizationJob" name="jobStartedStatus" time="0.156"/>
  <testcase classname="org.test.GlobalOrganizationJob" name="completedJob" time="12.089"/>
  <testcase classname="org.test.GlobalOrganizationJob" name="jobCompleteStatus" time="0.194"/>
  <testcase classname="org.test.GlobalOrganizationJob" name="cancelledJob" time="12.285"/>
  <testcase classname="org.test.GlobalOrganizationJob" name="jobCancelledStatus" time="0.421"/>
  <testcase classname="org.test.GlobalOrganizationJob" name="searchCustomerName" time="3.319"/>
  <testcase classname="org.test.GlobalOrganizationJob" name="searchJobNo" time="2.627"/>
  <testcase classname="org.test.GlobalOrganizationJob" name="searchLocation" time="0.247"/>
  <testcase classname="org.test.GlobalOrganizationJob" name="searchFilterByDate" time="2.131"/>
  <testcase classname="org.test.GlobalOrganizationJob" name="searchInvalid" time="2.501"/>
  <testcase classname="org.test.AvailabilityTechnicians" name="loginPage" time="21.397"/>
  <testcase classname="org.test.AvailabilityTechnicians" name="userCreate" time="48.867"/>
  <testcase classname="org.test.AvailabilityTechnicians" name="contactModule" time="8.715"/>
  <testcase classname="org.test.AvailabilityTechnicians" name="CreateContact" time="14.423"/>
  <testcase classname="org.test.AvailabilityTechnicians" name="listabelValidation" time="14.294"/>
  <testcase classname="org.test.AvailabilityTechnicians" name="createdJob90min" time="23.376"/>
  <testcase classname="org.test.AvailabilityTechnicians" name="technicianAvailability1" time="6.7"/>
  <testcase classname="org.test.AvailabilityTechnicians" name="technicianAvailability2" time="2.792"/>
  <testcase classname="org.test.AvailabilityTechnicians" name="technicianAvailability3" time="2.883"/>
  <testcase classname="org.test.AvailabilityTechnicians" name="technicianAvailability4" time="2.745"/>
  <testcase classname="org.test.AvailabilityTechnicians" name="technicianAvailability5" time="2.688"/>
  <testcase classname="org.test.AvailabilityTechnicians" name="technicianAvailability6" time="22.382"/>
  <testcase classname="org.test.AvailabilityTechnicians" name="createdJobTwoDays" time="23.433"/>
  <testcase classname="org.test.AvailabilityTechnicians" name="technianAvailabilityMidDate" time="25.359"/>
  <testcase classname="org.test.CustomerContactRequest" name="loginPage" time="32.732"/>
  <testcase classname="org.test.CustomerContactRequest" name="contactModule" time="7.586"/>
  <testcase classname="org.test.CustomerContactRequest" name="CreateContact" time="14.344"/>
  <testcase classname="org.test.CustomerContactRequest" name="listabelValidation" time="12.443"/>
  <testcase classname="org.test.CustomerContactRequest" name="labelValidation" time="1.484"/>
  <testcase classname="org.test.CustomerContactRequest" name="namePrepopulation" time="2.769"/>
  <testcase classname="org.test.CustomerContactRequest" name="mandatoryValidationLocation" time="0.243"/>
  <testcase classname="org.test.CustomerContactRequest" name="maximumValidationLocation" time="6.686"/>
  <testcase classname="org.test.CustomerContactRequest" name="maximumValidationTittle" time="0.705"/>
  <testcase classname="org.test.CustomerContactRequest" name="mandatoryValidationDescription" time="0.05"/>
  <testcase classname="org.test.CustomerContactRequest" name="maximumValidationDescription" time="3.937"/>
  <testcase classname="org.test.CustomerContactRequest" name="maximumTagValidation" time="0.625"/>
  <testcase classname="org.test.CustomerContactRequest" name="duplicateTagsValidation" time="0.391"/>
  <testcase classname="org.test.CustomerContactRequest" name="maxTagLimitValidation" time="16.401"/>
  <testcase classname="org.test.CustomerContactRequest" name="maximumValidationNotes" time="4.841"/>
  <testcase classname="org.test.CustomerContactRequest" name="createButton" time="0.071"/>
  <testcase classname="org.test.CustomerContactRequest" name="unsssignedRequest" time="17.362"/>
  <testcase classname="org.test.CustomerContactRequest" name="requestCreatedCount" time="0.157"/>
  <testcase classname="org.test.CustomerContactRequest" name="requestUnassignedStatus" time="0.095"/>
  <testcase classname="org.test.CustomerContactRequest" name="labelEditValidation" time="9.876"/>
  <testcase classname="org.test.CustomerContactRequest" name="editmandatoryValidationLocation" time="0.084"/>
  <testcase classname="org.test.CustomerContactRequest" name="editmaximumValidationLocation" time="6.385"/>
  <testcase classname="org.test.CustomerContactRequest" name="editmaximumValidationTittle" time="0.898"/>
  <testcase classname="org.test.CustomerContactRequest" name="editmandatoryValidationDescription" time="0.076"/>
  <testcase classname="org.test.CustomerContactRequest" name="editmaximumValidationDescription" time="3.96"/>
  <testcase classname="org.test.CustomerContactRequest" name="editmaximumTagValidation" time="0.584"/>
  <testcase classname="org.test.CustomerContactRequest" name="editduplicateTagsValidation" time="0.352"/>
  <testcase classname="org.test.CustomerContactRequest" name="editmaxTagLimitValidation" time="16.645"/>
  <testcase classname="org.test.CustomerContactRequest" name="editmaximumValidationNotes" time="5.291"/>
  <testcase classname="org.test.CustomerContactRequest" name="updateButton" time="0.069"/>
  <testcase classname="org.test.CustomerContactRequest" name="updatedRequest" time="12.0"/>
  <testcase classname="org.test.CustomerContactRequest" name="createRequest_FromDateandTime_ToDateandTime" time="28.395"/>
  <testcase classname="org.test.CustomerContactRequest" name="requestScheduleStatus" time="0.115"/>
  <testcase classname="org.test.CustomerContactRequest" name="dispatchedRequest" time="24.527"/>
  <testcase classname="org.test.CustomerContactRequest" name="requestDispatchedStatus" time="0.125"/>
  <testcase classname="org.test.CustomerContactRequest" name="startedRequest" time="23.965"/>
  <testcase classname="org.test.CustomerContactRequest" name="requestStartedStatus" time="0.12"/>
  <testcase classname="org.test.CustomerContactRequest" name="completedRequest" time="24.552"/>
  <testcase classname="org.test.CustomerContactRequest" name="requestCompleteStatus" time="0.079"/>
  <testcase classname="org.test.CustomerContactRequest" name="cancelledRequest" time="24.067"/>
  <testcase classname="org.test.CustomerContactRequest" name="requestCancelledStatus" time="0.105"/>
  <testcase classname="org.test.CustomerContactRequest" name="requestDraftStatus" time="27.871"/>
  <testcase classname="org.test.CustomerContactRequest" name="deletedRequest" time="19.901"/>
  <testcase classname="org.test.CustomerContactRequest" name="searchRequestNo" time="7.514"/>
  <testcase classname="org.test.CustomerContactRequest" name="searchLocation" time="8.446"/>
  <testcase classname="org.test.CustomerContactRequest" name="searchFilterByDate" time="14.025"/>
  <testcase classname="org.test.CustomerContactRequest" name="searchInvalid" time="1.983"/>
  <testcase classname="org.test.CustomerOrganizationRequest" name="loginPage" time="31.946"/>
  <testcase classname="org.test.CustomerOrganizationRequest" name="organizationModule" time="7.29"/>
  <testcase classname="org.test.CustomerOrganizationRequest" name="createOrganization" time="24.525"/>
  <testcase classname="org.test.CustomerOrganizationRequest" name="listabelValidation" time="11.028"/>
  <testcase classname="org.test.CustomerOrganizationRequest" name="labelValidation" time="1.437"/>
  <testcase classname="org.test.CustomerOrganizationRequest" name="namePrepopulation" time="5.516"/>
  <testcase classname="org.test.CustomerOrganizationRequest" name="autoCompleteOrganizationContactCreation" time="16.984"/>
  <testcase classname="org.test.CustomerOrganizationRequest" name="mandatoryValidationLocation" time="0.263"/>
  <testcase classname="org.test.CustomerOrganizationRequest" name="maximumValidationLocation" time="7.268"/>
  <testcase classname="org.test.CustomerOrganizationRequest" name="maximumValidationTittle" time="0.825"/>
  <testcase classname="org.test.CustomerOrganizationRequest" name="mandatoryValidationDescription" time="0.142"/>
  <testcase classname="org.test.CustomerOrganizationRequest" name="maximumValidationDescription" time="4.563"/>
  <testcase classname="org.test.CustomerOrganizationRequest" name="maximumTagValidation" time="0.667"/>
  <testcase classname="org.test.CustomerOrganizationRequest" name="duplicateTagsValidation" time="0.389"/>
  <testcase classname="org.test.CustomerOrganizationRequest" name="maxTagLimitValidation" time="18.626"/>
  <testcase classname="org.test.CustomerOrganizationRequest" name="maximumValidationNotes" time="5.413"/>
  <testcase classname="org.test.CustomerOrganizationRequest" name="createButton" time="0.073"/>
  <testcase classname="org.test.CustomerOrganizationRequest" name="unsssignedRequest" time="15.246"/>
  <testcase classname="org.test.CustomerOrganizationRequest" name="requestCreatedCount" time="0.172"/>
  <testcase classname="org.test.CustomerOrganizationRequest" name="requestUnassignedStatus" time="0.193"/>
  <testcase classname="org.test.CustomerOrganizationRequest" name="labelEditValidation" time="9.523"/>
  <testcase classname="org.test.CustomerOrganizationRequest" name="editmandatoryValidationLocation" time="0.085"/>
  <testcase classname="org.test.CustomerOrganizationRequest" name="editmaximumValidationLocation" time="7.072"/>
  <testcase classname="org.test.CustomerOrganizationRequest" name="editmaximumValidationTittle" time="0.78"/>
  <testcase classname="org.test.CustomerOrganizationRequest" name="editmandatoryValidationDescription" time="0.051"/>
  <testcase classname="org.test.CustomerOrganizationRequest" name="editmaximumValidationDescription" time="4.075"/>
  <testcase classname="org.test.CustomerOrganizationRequest" name="editmaximumTagValidation" time="0.69"/>
  <testcase classname="org.test.CustomerOrganizationRequest" name="editduplicateTagsValidation" time="0.369"/>
  <testcase classname="org.test.CustomerOrganizationRequest" name="editmaxTagLimitValidation" time="17.0"/>
  <testcase classname="org.test.CustomerOrganizationRequest" name="editmaximumValidationNotes" time="5.945"/>
  <testcase classname="org.test.CustomerOrganizationRequest" name="updateButton" time="0.077"/>
  <testcase classname="org.test.CustomerOrganizationRequest" name="updatedRequest" time="12.417"/>
  <testcase classname="org.test.CustomerOrganizationRequest" name="createRequest_FromDateandTime_ToDateandTime" time="19.832"/>
  <testcase classname="org.test.CustomerOrganizationRequest" name="requestScheduleStatus" time="0.15"/>
  <testcase classname="org.test.CustomerOrganizationRequest" name="dispatchedRequest" time="12.148"/>
  <testcase classname="org.test.CustomerOrganizationRequest" name="requestDispatchedStatus" time="0.248"/>
  <testcase classname="org.test.CustomerOrganizationRequest" name="startedRequest" time="12.721"/>
  <testcase classname="org.test.CustomerOrganizationRequest" name="requestStartedStatus" time="0.093"/>
  <testcase classname="org.test.CustomerOrganizationRequest" name="completedRequest" time="13.106"/>
  <testcase classname="org.test.CustomerOrganizationRequest" name="requestCompleteStatus" time="0.066"/>
  <testcase classname="org.test.CustomerOrganizationRequest" name="cancelledRequest" time="12.534"/>
  <testcase classname="org.test.CustomerOrganizationRequest" name="requestCancelledStatus" time="0.083"/>
  <testcase classname="org.test.CustomerOrganizationRequest" name="requestDraftStatus" time="10.183"/>
  <testcase classname="org.test.CustomerOrganizationRequest" name="deletedRequest" time="7.398"/>
  <testcase classname="org.test.CustomerOrganizationRequest" name="searchRequestNo" time="2.637"/>
  <testcase classname="org.test.CustomerOrganizationRequest" name="searchLocation" time="2.555"/>
  <testcase classname="org.test.CustomerOrganizationRequest" name="searchFilterByDate" time="2.841"/>
  <testcase classname="org.test.CustomerOrganizationRequest" name="searchInvalid" time="2.393"/>
  <testcase classname="org.test.GlobalContactRequest" name="loginPage" time="28.787"/>
  <testcase classname="org.test.GlobalContactRequest" name="requestModule" time="1.458"/>
  <testcase classname="org.test.GlobalContactRequest" name="labelValidation" time="1.356"/>
  <testcase classname="org.test.GlobalContactRequest" name="contactMandatoryValidation" time="1.445"/>
  <testcase classname="org.test.GlobalContactRequest" name="autoCompleteContactCreation" time="15.488"/>
  <testcase classname="org.test.GlobalContactRequest" name="mandatoryValidationLocation" time="0.044"/>
  <testcase classname="org.test.GlobalContactRequest" name="maximumValidationLocation" time="5.395"/>
  <testcase classname="org.test.GlobalContactRequest" name="maximumValidationTittle" time="0.661"/>
  <testcase classname="org.test.GlobalContactRequest" name="mandatoryValidationDescription" time="0.065"/>
  <testcase classname="org.test.GlobalContactRequest" name="maximumValidationDescription" time="4.054"/>
  <testcase classname="org.test.GlobalContactRequest" name="maximumTagValidation" time="0.759"/>
  <testcase classname="org.test.GlobalContactRequest" name="duplicateTagsValidation" time="0.384"/>
  <testcase classname="org.test.GlobalContactRequest" name="maxTagLimitValidation" time="13.82"/>
  <testcase classname="org.test.GlobalContactRequest" name="maximumValidationNotes" time="4.137"/>
  <testcase classname="org.test.GlobalContactRequest" name="createButton" time="0.051"/>
  <testcase classname="org.test.GlobalContactRequest" name="unsssignedRequest" time="12.668"/>
  <testcase classname="org.test.GlobalContactRequest" name="requestUnassignedStatus" time="0.099"/>
  <testcase classname="org.test.GlobalContactRequest" name="labelEditValidation" time="6.398"/>
  <testcase classname="org.test.GlobalContactRequest" name="editmandatoryValidationLocation" time="0.059"/>
  <testcase classname="org.test.GlobalContactRequest" name="editmaximumValidationLocation" time="4.96"/>
  <testcase classname="org.test.GlobalContactRequest" name="editmaximumValidationTittle" time="0.715"/>
  <testcase classname="org.test.GlobalContactRequest" name="editmandatoryValidationDescription" time="0.052"/>
  <testcase classname="org.test.GlobalContactRequest" name="editmaximumValidationDescription" time="3.999"/>
  <testcase classname="org.test.GlobalContactRequest" name="editmaximumTagValidation" time="0.687"/>
  <testcase classname="org.test.GlobalContactRequest" name="editduplicateTagsValidation" time="0.342"/>
  <testcase classname="org.test.GlobalContactRequest" name="editmaxTagLimitValidation" time="13.49"/>
  <testcase classname="org.test.GlobalContactRequest" name="editmaximumValidationNotes" time="4.059"/>
  <testcase classname="org.test.GlobalContactRequest" name="updateButton" time="0.06"/>
  <testcase classname="org.test.GlobalContactRequest" name="updatedRequest" time="11.043"/>
  <testcase classname="org.test.GlobalContactRequest" name="createRequest_FromDateandTime_ToDateandTime" time="26.142"/>
  <testcase classname="org.test.GlobalContactRequest" name="requestScheduleStatus" time="0.091"/>
  <testcase classname="org.test.GlobalContactRequest" name="dispatchedRequest" time="12.027"/>
  <testcase classname="org.test.GlobalContactRequest" name="requestDispatchedStatus" time="0.083"/>
  <testcase classname="org.test.GlobalContactRequest" name="startedRequest" time="13.534"/>
  <testcase classname="org.test.GlobalContactRequest" name="requestStartedStatus" time="0.078"/>
  <testcase classname="org.test.GlobalContactRequest" name="completedRequest" time="12.585"/>
  <testcase classname="org.test.GlobalContactRequest" name="requestCompleteStatus" time="0.079"/>
  <testcase classname="org.test.GlobalContactRequest" name="cancelledRequest" time="12.603"/>
  <testcase classname="org.test.GlobalContactRequest" name="requestCancelledStatus" time="0.188"/>
  <testcase classname="org.test.GlobalContactRequest" name="searchCustomerName" time="2.802"/>
  <testcase classname="org.test.GlobalContactRequest" name="searchRequestNo" time="2.695"/>
  <testcase classname="org.test.GlobalContactRequest" name="searchLocation" time="2.561"/>
  <testcase classname="org.test.GlobalContactRequest" name="searchFilterByDate" time="1.752"/>
  <testcase classname="org.test.GlobalContactRequest" name="searchInvalid" time="2.402"/>
  <testcase classname="org.test.GlobalOrganizationRequest" name="loginPage" time="23.588"/>
  <testcase classname="org.test.GlobalOrganizationRequest" name="requestModule" time="1.513"/>
  <testcase classname="org.test.GlobalOrganizationRequest" name="labelValidation" time="1.434"/>
  <testcase classname="org.test.GlobalOrganizationRequest" name="contactMandatoryValidation" time="5.545"/>
  <testcase classname="org.test.GlobalOrganizationRequest" name="autoCompleteOrganizationCreation" time="20.718"/>
  <testcase classname="org.test.GlobalOrganizationRequest" name="autoCompleteOrganizationContactCreation" time="10.943"/>
  <testcase classname="org.test.GlobalOrganizationRequest" name="mandatoryValidationLocation" time="0.04"/>
  <testcase classname="org.test.GlobalOrganizationRequest" name="maximumValidationLocation" time="4.996"/>
  <testcase classname="org.test.GlobalOrganizationRequest" name="maximumValidationTittle" time="0.698"/>
  <testcase classname="org.test.GlobalOrganizationRequest" name="mandatoryValidationDescription" time="0.048"/>
  <testcase classname="org.test.GlobalOrganizationRequest" name="maximumValidationDescription" time="4.009"/>
  <testcase classname="org.test.GlobalOrganizationRequest" name="maximumTagValidation" time="0.699"/>
  <testcase classname="org.test.GlobalOrganizationRequest" name="duplicateTagsValidation" time="0.435"/>
  <testcase classname="org.test.GlobalOrganizationRequest" name="maxTagLimitValidation" time="13.562"/>
  <testcase classname="org.test.GlobalOrganizationRequest" name="maximumValidationNotes" time="4.042"/>
  <testcase classname="org.test.GlobalOrganizationRequest" name="createButton" time="0.052"/>
  <testcase classname="org.test.GlobalOrganizationRequest" name="unsssignedRequest" time="13.679"/>
  <testcase classname="org.test.GlobalOrganizationRequest" name="requestUnassignedStatus" time="0.094"/>
  <testcase classname="org.test.GlobalOrganizationRequest" name="labelEditValidation" time="6.885"/>
  <testcase classname="org.test.GlobalOrganizationRequest" name="editmandatoryValidationLocation" time="0.052"/>
  <testcase classname="org.test.GlobalOrganizationRequest" name="editmaximumValidationLocation" time="4.983"/>
  <testcase classname="org.test.GlobalOrganizationRequest" name="editmaximumValidationTittle" time="0.683"/>
  <testcase classname="org.test.GlobalOrganizationRequest" name="editmandatoryValidationDescription" time="0.047"/>
  <testcase classname="org.test.GlobalOrganizationRequest" name="editmaximumValidationDescription" time="3.957"/>
  <testcase classname="org.test.GlobalOrganizationRequest" name="editmaximumTagValidation" time="0.667"/>
  <testcase classname="org.test.GlobalOrganizationRequest" name="editduplicateTagsValidation" time="0.338"/>
  <testcase classname="org.test.GlobalOrganizationRequest" name="editmaxTagLimitValidation" time="13.238"/>
  <testcase classname="org.test.GlobalOrganizationRequest" name="editmaximumValidationNotes" time="3.883"/>
  <testcase classname="org.test.GlobalOrganizationRequest" name="updateButton" time="0.047"/>
  <testcase classname="org.test.GlobalOrganizationRequest" name="updatedRequest" time="11.935"/>
  <testcase classname="org.test.GlobalOrganizationRequest" name="createRequest_FromDateandTime_ToDateandTime" time="36.298"/>
  <testcase classname="org.test.GlobalOrganizationRequest" name="requestScheduleStatus" time="0.095"/>
  <testcase classname="org.test.GlobalOrganizationRequest" name="dispatchedRequest" time="11.501"/>
  <testcase classname="org.test.GlobalOrganizationRequest" name="requestDispatchedStatus" time="0.09"/>
  <testcase classname="org.test.GlobalOrganizationRequest" name="startedRequest" time="12.052"/>
  <testcase classname="org.test.GlobalOrganizationRequest" name="requestStartedStatus" time="0.094"/>
  <testcase classname="org.test.GlobalOrganizationRequest" name="completedRequest" time="11.561"/>
  <testcase classname="org.test.GlobalOrganizationRequest" name="requestCompleteStatus" time="0.116"/>
  <testcase classname="org.test.GlobalOrganizationRequest" name="cancelledRequest" time="12.165"/>
  <testcase classname="org.test.GlobalOrganizationRequest" name="requestCancelledStatus" time="0.16"/>
  <testcase classname="org.test.GlobalOrganizationRequest" name="searchCustomerName" time="2.808"/>
  <testcase classname="org.test.GlobalOrganizationRequest" name="searchRequestNo" time="2.687"/>
  <testcase classname="org.test.GlobalOrganizationRequest" name="searchLocation" time="2.572"/>
  <testcase classname="org.test.GlobalOrganizationRequest" name="searchFilterByDate" time="1.765"/>
  <testcase classname="org.test.GlobalOrganizationRequest" name="searchInvalid" time="2.389"/>
</testsuite> <!-- Test -->
