<?xml version="1.0" encoding="UTF-8"?>
<!-- Generated by org.testng.reporters.JUnitXMLReporter -->
<testsuite ignored="0" hostname="DESKTOP-5M7AM2E" failures="1" tests="28" name="Default test" time="249.961" errors="0" timestamp="2023-01-12T14:12:56 IST">
  <testcase classname="org.test.GlobalOrganizationJob" name="loginPage" time="27.435"/>
  <testcase classname="org.test.GlobalOrganizationJob" name="jobModule" time="15.021"/>
  <testcase classname="org.test.GlobalOrganizationJob" name="contactMandatoryValidation" time="40.817">
    <failure type="org.openqa.selenium.TimeoutException" message="Expected condition failed: waiting for visibility of element located by By.id: id_customer_group_error (tried for 30 second(s) with 500 milliseconds interval)
Build info: version: &amp;apos;3.141.59&amp;apos;, revision: &amp;apos;e82be7d358&amp;apos;, time: &amp;apos;2018-11-14T08:17:03&amp;apos;
System info: host: &amp;apos;DESKTOP-5M7AM2E&amp;apos;, ip: &amp;apos;192.168.0.108&amp;apos;, os.name: &amp;apos;Windows 11&amp;apos;, os.arch: &amp;apos;amd64&amp;apos;, os.version: &amp;apos;10.0&amp;apos;, java.version: &amp;apos;17.0.3&amp;apos;
Driver info: org.openqa.selenium.chrome.ChromeDriver
Capabilities {acceptInsecureCerts: false, browserName: chrome, browserVersion: 108.0.5359.125, chrome: {chromedriverVersion: 108.0.5359.71 (1e0e3868ee06..., userDataDir: C:\Users\ZAIGOP~1\AppData\L...}, goog:chromeOptions: {debuggerAddress: localhost:63282}, javascriptEnabled: true, networkConnectionEnabled: false, pageLoadStrategy: normal, platform: WINDOWS, platformName: WINDOWS, proxy: Proxy(), setWindowRect: true, strictFileInteractability: false, timeouts: {implicit: 0, pageLoad: 300000, script: 30000}, unhandledPromptBehavior: dismiss and notify, webauthn:extension:credBlob: true, webauthn:extension:largeBlob: true, webauthn:virtualAuthenticators: true}
Session ID: 34b72b7cb657e5edcf245ce98c2331cc">
      <![CDATA[org.openqa.selenium.TimeoutException: Expected condition failed: waiting for visibility of element located by By.id: id_customer_group_error (tried for 30 second(s) with 500 milliseconds interval)
Build info: version: '3.141.59', revision: 'e82be7d358', time: '2018-11-14T08:17:03'
System info: host: 'DESKTOP-5M7AM2E', ip: '192.168.0.108', os.name: 'Windows 11', os.arch: 'amd64', os.version: '10.0', java.version: '17.0.3'
Driver info: org.openqa.selenium.chrome.ChromeDriver
Capabilities {acceptInsecureCerts: false, browserName: chrome, browserVersion: 108.0.5359.125, chrome: {chromedriverVersion: 108.0.5359.71 (1e0e3868ee06..., userDataDir: C:\Users\ZAIGOP~1\AppData\L...}, goog:chromeOptions: {debuggerAddress: localhost:63282}, javascriptEnabled: true, networkConnectionEnabled: false, pageLoadStrategy: normal, platform: WINDOWS, platformName: WINDOWS, proxy: Proxy(), setWindowRect: true, strictFileInteractability: false, timeouts: {implicit: 0, pageLoad: 300000, script: 30000}, unhandledPromptBehavior: dismiss and notify, webauthn:extension:credBlob: true, webauthn:extension:largeBlob: true, webauthn:virtualAuthenticators: true}
Session ID: 34b72b7cb657e5edcf245ce98c2331cc
at org.openqa.selenium.support.ui.WebDriverWait.timeoutException(WebDriverWait.java:95)
at org.openqa.selenium.support.ui.FluentWait.until(FluentWait.java:272)
at com.zaigo.pageobjects.JobPage.getText(JobPage.java:237)
at com.zaigo.pageobjects.JobPage.errorContact(JobPage.java:344)
at org.test.GlobalOrganizationJob.contactMandatoryValidation(GlobalOrganizationJob.java:83)
at java.base/jdk.internal.reflect.NativeMethodAccessorImpl.invoke0(Native Method)
at java.base/jdk.internal.reflect.NativeMethodAccessorImpl.invoke(NativeMethodAccessorImpl.java:77)
at java.base/jdk.internal.reflect.DelegatingMethodAccessorImpl.invoke(DelegatingMethodAccessorImpl.java:43)
at java.base/java.lang.reflect.Method.invoke(Method.java:568)
at org.testng.internal.MethodInvocationHelper.invokeMethod(MethodInvocationHelper.java:133)
at org.testng.internal.TestInvoker.invokeMethod(TestInvoker.java:598)
at org.testng.internal.TestInvoker.invokeTestMethod(TestInvoker.java:173)
at org.testng.internal.MethodRunner.runInSequence(MethodRunner.java:46)
at org.testng.internal.TestInvoker$MethodInvocationAgent.invoke(TestInvoker.java:824)
at org.testng.internal.TestInvoker.invokeTestMethods(TestInvoker.java:146)
at org.testng.internal.TestMethodWorker.invokeTestMethods(TestMethodWorker.java:146)
at org.testng.internal.TestMethodWorker.run(TestMethodWorker.java:128)
at java.base/java.util.ArrayList.forEach(ArrayList.java:1511)
at org.testng.TestRunner.privateRun(TestRunner.java:794)
at org.testng.TestRunner.run(TestRunner.java:596)
at org.testng.SuiteRunner.runTest(SuiteRunner.java:377)
at org.testng.SuiteRunner.runSequentially(SuiteRunner.java:371)
at org.testng.SuiteRunner.privateRun(SuiteRunner.java:332)
at org.testng.SuiteRunner.run(SuiteRunner.java:276)
at org.testng.SuiteRunnerWorker.runSuite(SuiteRunnerWorker.java:53)
at org.testng.SuiteRunnerWorker.run(SuiteRunnerWorker.java:96)
at org.testng.TestNG.runSuitesSequentially(TestNG.java:1212)
at org.testng.TestNG.runSuitesLocally(TestNG.java:1134)
at org.testng.TestNG.runSuites(TestNG.java:1063)
at org.testng.TestNG.run(TestNG.java:1031)
at org.testng.remote.AbstractRemoteTestNG.run(AbstractRemoteTestNG.java:115)
at org.testng.remote.RemoteTestNG.initAndRun(RemoteTestNG.java:251)
at org.testng.remote.RemoteTestNG.main(RemoteTestNG.java:77)
]]>
    </failure>
  </testcase> <!-- contactMandatoryValidation -->
  <testcase classname="org.test.GlobalOrganizationJob" name="autoCompleteOrganizationCreation" time="17.485"/>
  <testcase classname="org.test.GlobalOrganizationJob" name="autoCompleteOrganizationContactCreation" time="12.757"/>
  <testcase classname="org.test.GlobalOrganizationJob" name="maximumValidationTittle" time="7.328"/>
  <testcase classname="org.test.GlobalOrganizationJob" name="mandatoryValidationDescription" time="0.204"/>
  <testcase classname="org.test.GlobalOrganizationJob" name="maximumValidationDescription" time="4.885"/>
  <testcase classname="org.test.GlobalOrganizationJob" name="maximumTagValidation" time="0.894"/>
  <testcase classname="org.test.GlobalOrganizationJob" name="duplicateTagsValidation" time="0.556"/>
  <testcase classname="org.test.GlobalOrganizationJob" name="maxTagLimitValidation" time="11.454"/>
  <testcase classname="org.test.GlobalOrganizationJob" name="maximumValidationNotes" time="5.037"/>
  <testcase classname="org.test.GlobalOrganizationJob" name="unsssignedJob" time="13.169"/>
  <testcase classname="org.test.GlobalOrganizationJob" name="jobUnassignedStatus" time="8.961"/>
  <testcase classname="org.test.GlobalOrganizationJob" name="createJob_FromDateandTime_ToDateandTime" time="30.47"/>
  <testcase classname="org.test.GlobalOrganizationJob" name="jobScheduleStatus" time="8.428"/>
  <testcase classname="org.test.GlobalOrganizationJob" name="dispatchedJob" time="4.945"/>
  <testcase classname="org.test.GlobalOrganizationJob" name="jobDispatchedStatus" time="0.077"/>
  <testcase classname="org.test.GlobalOrganizationJob" name="startedJob" time="6.956"/>
  <testcase classname="org.test.GlobalOrganizationJob" name="jobStartedStatus" time="0.087"/>
  <testcase classname="org.test.GlobalOrganizationJob" name="completedJob" time="4.934"/>
  <testcase classname="org.test.GlobalOrganizationJob" name="cancelledJob" time="5.526"/>
  <testcase classname="org.test.GlobalOrganizationJob" name="jobCancelledStatus" time="0.345"/>
  <testcase classname="org.test.GlobalOrganizationJob" name="searchCustomerName" time="2.143"/>
  <testcase classname="org.test.GlobalOrganizationJob" name="searchJobNo" time="3.844"/>
  <testcase classname="org.test.GlobalOrganizationJob" name="searchLocation" time="6.459"/>
  <testcase classname="org.test.GlobalOrganizationJob" name="searchFilterByDate" time="4.81"/>
  <testcase classname="org.test.GlobalOrganizationJob" name="searchInvalid" time="1.745"/>
</testsuite> <!-- Default test -->
