<?xml version="1.0" encoding="UTF-8"?>
<testng-results ignored="0" total="129" passed="129" failed="0" skipped="0">
  <reporter-output>
  </reporter-output>
  <suite started-at="2023-05-28T22:44:24 IST" name="Default suite" finished-at="2023-05-28T22:48:57 IST" duration-ms="273050">
    <groups>
    </groups>
    <test started-at="2023-05-28T22:44:24 IST" name="Default test" finished-at="2023-05-28T22:48:57 IST" duration-ms="273050">
      <class name="org.test.CustomerCreateOrganizationModule">
        <test-method is-config="true" signature="setup()[pri:0, instance:org.test.CustomerCreateOrganizationModule@67f639d3]" started-at="2023-05-28T22:44:24 IST" name="setup" finished-at="2023-05-28T22:44:26 IST" duration-ms="2226" status="PASS">
          <reporter-output>
          </reporter-output>
        </test-method> <!-- setup -->
        <test-method is-config="true" signature="deleteBeforeCatch()[pri:0, instance:org.test.CustomerCreateOrganizationModule@67f639d3]" started-at="2023-05-28T22:44:26 IST" name="deleteBeforeCatch" finished-at="2023-05-28T22:44:26 IST" duration-ms="10" status="PASS">
          <reporter-output>
          </reporter-output>
        </test-method> <!-- deleteBeforeCatch -->
        <test-method signature="loginPage()[pri:0, instance:org.test.CustomerCreateOrganizationModule@67f639d3]" started-at="2023-05-28T22:44:26 IST" name="loginPage" finished-at="2023-05-28T22:45:02 IST" duration-ms="35492" status="PASS">
          <reporter-output>
          </reporter-output>
        </test-method> <!-- loginPage -->
        <test-method is-config="true" signature="deleteAfterCatch()[pri:0, instance:org.test.CustomerCreateOrganizationModule@67f639d3]" started-at="2023-05-28T22:45:02 IST" name="deleteAfterCatch" finished-at="2023-05-28T22:45:02 IST" duration-ms="31" status="PASS">
          <reporter-output>
          </reporter-output>
        </test-method> <!-- deleteAfterCatch -->
        <test-method is-config="true" signature="deleteBeforeCatch()[pri:0, instance:org.test.CustomerCreateOrganizationModule@67f639d3]" started-at="2023-05-28T22:45:02 IST" name="deleteBeforeCatch" finished-at="2023-05-28T22:45:02 IST" duration-ms="16" status="PASS">
          <reporter-output>
          </reporter-output>
        </test-method> <!-- deleteBeforeCatch -->
        <test-method signature="modulePage()[pri:1, instance:org.test.CustomerCreateOrganizationModule@67f639d3]" started-at="2023-05-28T22:45:02 IST" name="modulePage" finished-at="2023-05-28T22:45:10 IST" duration-ms="8507" status="PASS">
          <reporter-output>
          </reporter-output>
        </test-method> <!-- modulePage -->
        <test-method is-config="true" signature="deleteAfterCatch()[pri:0, instance:org.test.CustomerCreateOrganizationModule@67f639d3]" started-at="2023-05-28T22:45:10 IST" name="deleteAfterCatch" finished-at="2023-05-28T22:45:10 IST" duration-ms="32" status="PASS">
          <reporter-output>
          </reporter-output>
        </test-method> <!-- deleteAfterCatch -->
        <test-method is-config="true" signature="deleteBeforeCatch()[pri:0, instance:org.test.CustomerCreateOrganizationModule@67f639d3]" started-at="2023-05-28T22:45:10 IST" name="deleteBeforeCatch" finished-at="2023-05-28T22:45:10 IST" duration-ms="15" status="PASS">
          <reporter-output>
          </reporter-output>
        </test-method> <!-- deleteBeforeCatch -->
        <test-method signature="createLabel()[pri:2, instance:org.test.CustomerCreateOrganizationModule@67f639d3]" started-at="2023-05-28T22:45:10 IST" name="createLabel" finished-at="2023-05-28T22:45:11 IST" duration-ms="800" status="PASS">
          <reporter-output>
          </reporter-output>
        </test-method> <!-- createLabel -->
        <test-method is-config="true" signature="deleteAfterCatch()[pri:0, instance:org.test.CustomerCreateOrganizationModule@67f639d3]" started-at="2023-05-28T22:45:11 IST" name="deleteAfterCatch" finished-at="2023-05-28T22:45:11 IST" duration-ms="27" status="PASS">
          <reporter-output>
          </reporter-output>
        </test-method> <!-- deleteAfterCatch -->
        <test-method is-config="true" signature="deleteBeforeCatch()[pri:0, instance:org.test.CustomerCreateOrganizationModule@67f639d3]" started-at="2023-05-28T22:45:11 IST" name="deleteBeforeCatch" finished-at="2023-05-28T22:45:11 IST" duration-ms="16" status="PASS">
          <reporter-output>
          </reporter-output>
        </test-method> <!-- deleteBeforeCatch -->
        <test-method signature="maxValidation()[pri:3, instance:org.test.CustomerCreateOrganizationModule@67f639d3]" started-at="2023-05-28T22:45:11 IST" name="maxValidation" finished-at="2023-05-28T22:45:14 IST" duration-ms="3070" status="PASS">
          <reporter-output>
          </reporter-output>
        </test-method> <!-- maxValidation -->
        <test-method is-config="true" signature="deleteAfterCatch()[pri:0, instance:org.test.CustomerCreateOrganizationModule@67f639d3]" started-at="2023-05-28T22:45:14 IST" name="deleteAfterCatch" finished-at="2023-05-28T22:45:14 IST" duration-ms="10" status="PASS">
          <reporter-output>
          </reporter-output>
        </test-method> <!-- deleteAfterCatch -->
        <test-method is-config="true" signature="deleteBeforeCatch()[pri:0, instance:org.test.CustomerCreateOrganizationModule@67f639d3]" started-at="2023-05-28T22:45:14 IST" name="deleteBeforeCatch" finished-at="2023-05-28T22:45:14 IST" duration-ms="11" status="PASS">
          <reporter-output>
          </reporter-output>
        </test-method> <!-- deleteBeforeCatch -->
        <test-method signature="maxValidationOrganizationField()[pri:4, instance:org.test.CustomerCreateOrganizationModule@67f639d3]" started-at="2023-05-28T22:45:14 IST" name="maxValidationOrganizationField" finished-at="2023-05-28T22:45:16 IST" duration-ms="1578" status="PASS">
          <reporter-output>
          </reporter-output>
        </test-method> <!-- maxValidationOrganizationField -->
        <test-method is-config="true" signature="deleteAfterCatch()[pri:0, instance:org.test.CustomerCreateOrganizationModule@67f639d3]" started-at="2023-05-28T22:45:16 IST" name="deleteAfterCatch" finished-at="2023-05-28T22:45:16 IST" duration-ms="12" status="PASS">
          <reporter-output>
          </reporter-output>
        </test-method> <!-- deleteAfterCatch -->
        <test-method is-config="true" signature="deleteBeforeCatch()[pri:0, instance:org.test.CustomerCreateOrganizationModule@67f639d3]" started-at="2023-05-28T22:45:16 IST" name="deleteBeforeCatch" finished-at="2023-05-28T22:45:16 IST" duration-ms="11" status="PASS">
          <reporter-output>
          </reporter-output>
        </test-method> <!-- deleteBeforeCatch -->
        <test-method signature="maxValidationWebsiteField()[pri:5, instance:org.test.CustomerCreateOrganizationModule@67f639d3]" started-at="2023-05-28T22:45:16 IST" name="maxValidationWebsiteField" finished-at="2023-05-28T22:45:21 IST" duration-ms="5645" status="PASS">
          <reporter-output>
          </reporter-output>
        </test-method> <!-- maxValidationWebsiteField -->
        <test-method is-config="true" signature="deleteAfterCatch()[pri:0, instance:org.test.CustomerCreateOrganizationModule@67f639d3]" started-at="2023-05-28T22:45:21 IST" name="deleteAfterCatch" finished-at="2023-05-28T22:45:21 IST" duration-ms="13" status="PASS">
          <reporter-output>
          </reporter-output>
        </test-method> <!-- deleteAfterCatch -->
        <test-method is-config="true" signature="deleteBeforeCatch()[pri:0, instance:org.test.CustomerCreateOrganizationModule@67f639d3]" started-at="2023-05-28T22:45:21 IST" name="deleteBeforeCatch" finished-at="2023-05-28T22:45:22 IST" duration-ms="11" status="PASS">
          <reporter-output>
          </reporter-output>
        </test-method> <!-- deleteBeforeCatch -->
        <test-method signature="maxValidationAddress1Field()[pri:6, instance:org.test.CustomerCreateOrganizationModule@67f639d3]" started-at="2023-05-28T22:45:22 IST" name="maxValidationAddress1Field" finished-at="2023-05-28T22:45:23 IST" duration-ms="1069" status="PASS">
          <reporter-output>
          </reporter-output>
        </test-method> <!-- maxValidationAddress1Field -->
        <test-method is-config="true" signature="deleteAfterCatch()[pri:0, instance:org.test.CustomerCreateOrganizationModule@67f639d3]" started-at="2023-05-28T22:45:23 IST" name="deleteAfterCatch" finished-at="2023-05-28T22:45:23 IST" duration-ms="12" status="PASS">
          <reporter-output>
          </reporter-output>
        </test-method> <!-- deleteAfterCatch -->
        <test-method is-config="true" signature="deleteBeforeCatch()[pri:0, instance:org.test.CustomerCreateOrganizationModule@67f639d3]" started-at="2023-05-28T22:45:23 IST" name="deleteBeforeCatch" finished-at="2023-05-28T22:45:23 IST" duration-ms="10" status="PASS">
          <reporter-output>
          </reporter-output>
        </test-method> <!-- deleteBeforeCatch -->
        <test-method signature="maxValidationAddress2Field()[pri:7, instance:org.test.CustomerCreateOrganizationModule@67f639d3]" started-at="2023-05-28T22:45:23 IST" name="maxValidationAddress2Field" finished-at="2023-05-28T22:45:24 IST" duration-ms="1047" status="PASS">
          <reporter-output>
          </reporter-output>
        </test-method> <!-- maxValidationAddress2Field -->
        <test-method is-config="true" signature="deleteAfterCatch()[pri:0, instance:org.test.CustomerCreateOrganizationModule@67f639d3]" started-at="2023-05-28T22:45:24 IST" name="deleteAfterCatch" finished-at="2023-05-28T22:45:24 IST" duration-ms="11" status="PASS">
          <reporter-output>
          </reporter-output>
        </test-method> <!-- deleteAfterCatch -->
        <test-method is-config="true" signature="deleteBeforeCatch()[pri:0, instance:org.test.CustomerCreateOrganizationModule@67f639d3]" started-at="2023-05-28T22:45:24 IST" name="deleteBeforeCatch" finished-at="2023-05-28T22:45:24 IST" duration-ms="9" status="PASS">
          <reporter-output>
          </reporter-output>
        </test-method> <!-- deleteBeforeCatch -->
        <test-method signature="maxValidationCityField()[pri:8, instance:org.test.CustomerCreateOrganizationModule@67f639d3]" started-at="2023-05-28T22:45:24 IST" name="maxValidationCityField" finished-at="2023-05-28T22:45:25 IST" duration-ms="993" status="PASS">
          <reporter-output>
          </reporter-output>
        </test-method> <!-- maxValidationCityField -->
        <test-method is-config="true" signature="deleteAfterCatch()[pri:0, instance:org.test.CustomerCreateOrganizationModule@67f639d3]" started-at="2023-05-28T22:45:25 IST" name="deleteAfterCatch" finished-at="2023-05-28T22:45:25 IST" duration-ms="11" status="PASS">
          <reporter-output>
          </reporter-output>
        </test-method> <!-- deleteAfterCatch -->
        <test-method is-config="true" signature="deleteBeforeCatch()[pri:0, instance:org.test.CustomerCreateOrganizationModule@67f639d3]" started-at="2023-05-28T22:45:25 IST" name="deleteBeforeCatch" finished-at="2023-05-28T22:45:25 IST" duration-ms="8" status="PASS">
          <reporter-output>
          </reporter-output>
        </test-method> <!-- deleteBeforeCatch -->
        <test-method signature="maxValidationStateField()[pri:9, instance:org.test.CustomerCreateOrganizationModule@67f639d3]" started-at="2023-05-28T22:45:25 IST" name="maxValidationStateField" finished-at="2023-05-28T22:45:26 IST" duration-ms="877" status="PASS">
          <reporter-output>
          </reporter-output>
        </test-method> <!-- maxValidationStateField -->
        <test-method is-config="true" signature="deleteAfterCatch()[pri:0, instance:org.test.CustomerCreateOrganizationModule@67f639d3]" started-at="2023-05-28T22:45:26 IST" name="deleteAfterCatch" finished-at="2023-05-28T22:45:26 IST" duration-ms="11" status="PASS">
          <reporter-output>
          </reporter-output>
        </test-method> <!-- deleteAfterCatch -->
        <test-method is-config="true" signature="deleteBeforeCatch()[pri:0, instance:org.test.CustomerCreateOrganizationModule@67f639d3]" started-at="2023-05-28T22:45:26 IST" name="deleteBeforeCatch" finished-at="2023-05-28T22:45:26 IST" duration-ms="6" status="PASS">
          <reporter-output>
          </reporter-output>
        </test-method> <!-- deleteBeforeCatch -->
        <test-method signature="minValidationZipcodeField()[pri:10, instance:org.test.CustomerCreateOrganizationModule@67f639d3]" started-at="2023-05-28T22:45:26 IST" name="minValidationZipcodeField" finished-at="2023-05-28T22:45:26 IST" duration-ms="305" status="PASS">
          <reporter-output>
          </reporter-output>
        </test-method> <!-- minValidationZipcodeField -->
        <test-method is-config="true" signature="deleteAfterCatch()[pri:0, instance:org.test.CustomerCreateOrganizationModule@67f639d3]" started-at="2023-05-28T22:45:26 IST" name="deleteAfterCatch" finished-at="2023-05-28T22:45:26 IST" duration-ms="10" status="PASS">
          <reporter-output>
          </reporter-output>
        </test-method> <!-- deleteAfterCatch -->
        <test-method is-config="true" signature="deleteBeforeCatch()[pri:0, instance:org.test.CustomerCreateOrganizationModule@67f639d3]" started-at="2023-05-28T22:45:26 IST" name="deleteBeforeCatch" finished-at="2023-05-28T22:45:26 IST" duration-ms="7" status="PASS">
          <reporter-output>
          </reporter-output>
        </test-method> <!-- deleteBeforeCatch -->
        <test-method signature="maxValidationZipcodeField()[pri:11, instance:org.test.CustomerCreateOrganizationModule@67f639d3]" started-at="2023-05-28T22:45:26 IST" name="maxValidationZipcodeField" finished-at="2023-05-28T22:45:26 IST" duration-ms="325" status="PASS">
          <reporter-output>
          </reporter-output>
        </test-method> <!-- maxValidationZipcodeField -->
        <test-method is-config="true" signature="deleteAfterCatch()[pri:0, instance:org.test.CustomerCreateOrganizationModule@67f639d3]" started-at="2023-05-28T22:45:26 IST" name="deleteAfterCatch" finished-at="2023-05-28T22:45:26 IST" duration-ms="9" status="PASS">
          <reporter-output>
          </reporter-output>
        </test-method> <!-- deleteAfterCatch -->
        <test-method is-config="true" signature="deleteBeforeCatch()[pri:0, instance:org.test.CustomerCreateOrganizationModule@67f639d3]" started-at="2023-05-28T22:45:26 IST" name="deleteBeforeCatch" finished-at="2023-05-28T22:45:26 IST" duration-ms="7" status="PASS">
          <reporter-output>
          </reporter-output>
        </test-method> <!-- deleteBeforeCatch -->
        <test-method signature="specialCharacterZipcodeField()[pri:12, instance:org.test.CustomerCreateOrganizationModule@67f639d3]" started-at="2023-05-28T22:45:26 IST" name="specialCharacterZipcodeField" finished-at="2023-05-28T22:45:27 IST" duration-ms="349" status="PASS">
          <reporter-output>
          </reporter-output>
        </test-method> <!-- specialCharacterZipcodeField -->
        <test-method is-config="true" signature="deleteAfterCatch()[pri:0, instance:org.test.CustomerCreateOrganizationModule@67f639d3]" started-at="2023-05-28T22:45:27 IST" name="deleteAfterCatch" finished-at="2023-05-28T22:45:27 IST" duration-ms="19" status="PASS">
          <reporter-output>
          </reporter-output>
        </test-method> <!-- deleteAfterCatch -->
        <test-method is-config="true" signature="deleteBeforeCatch()[pri:0, instance:org.test.CustomerCreateOrganizationModule@67f639d3]" started-at="2023-05-28T22:45:27 IST" name="deleteBeforeCatch" finished-at="2023-05-28T22:45:27 IST" duration-ms="14" status="PASS">
          <reporter-output>
          </reporter-output>
        </test-method> <!-- deleteBeforeCatch -->
        <test-method signature="emailValidation()[pri:13, instance:org.test.CustomerCreateOrganizationModule@67f639d3]" started-at="2023-05-28T22:45:27 IST" name="emailValidation" finished-at="2023-05-28T22:45:27 IST" duration-ms="351" status="PASS">
          <reporter-output>
          </reporter-output>
        </test-method> <!-- emailValidation -->
        <test-method is-config="true" signature="deleteAfterCatch()[pri:0, instance:org.test.CustomerCreateOrganizationModule@67f639d3]" started-at="2023-05-28T22:45:27 IST" name="deleteAfterCatch" finished-at="2023-05-28T22:45:27 IST" duration-ms="8" status="PASS">
          <reporter-output>
          </reporter-output>
        </test-method> <!-- deleteAfterCatch -->
        <test-method is-config="true" signature="deleteBeforeCatch()[pri:0, instance:org.test.CustomerCreateOrganizationModule@67f639d3]" started-at="2023-05-28T22:45:27 IST" name="deleteBeforeCatch" finished-at="2023-05-28T22:45:27 IST" duration-ms="6" status="PASS">
          <reporter-output>
          </reporter-output>
        </test-method> <!-- deleteBeforeCatch -->
        <test-method signature="maxValidationEmailField()[pri:14, instance:org.test.CustomerCreateOrganizationModule@67f639d3]" started-at="2023-05-28T22:45:27 IST" name="maxValidationEmailField" finished-at="2023-05-28T22:45:28 IST" duration-ms="782" status="PASS">
          <reporter-output>
          </reporter-output>
        </test-method> <!-- maxValidationEmailField -->
        <test-method is-config="true" signature="deleteAfterCatch()[pri:0, instance:org.test.CustomerCreateOrganizationModule@67f639d3]" started-at="2023-05-28T22:45:28 IST" name="deleteAfterCatch" finished-at="2023-05-28T22:45:28 IST" duration-ms="8" status="PASS">
          <reporter-output>
          </reporter-output>
        </test-method> <!-- deleteAfterCatch -->
        <test-method is-config="true" signature="deleteBeforeCatch()[pri:0, instance:org.test.CustomerCreateOrganizationModule@67f639d3]" started-at="2023-05-28T22:45:28 IST" name="deleteBeforeCatch" finished-at="2023-05-28T22:45:28 IST" duration-ms="7" status="PASS">
          <reporter-output>
          </reporter-output>
        </test-method> <!-- deleteBeforeCatch -->
        <test-method signature="maxValidationTaxNumberField()[pri:14, instance:org.test.CustomerCreateOrganizationModule@67f639d3]" started-at="2023-05-28T22:45:28 IST" name="maxValidationTaxNumberField" finished-at="2023-05-28T22:45:32 IST" duration-ms="4472" status="PASS">
          <reporter-output>
          </reporter-output>
        </test-method> <!-- maxValidationTaxNumberField -->
        <test-method is-config="true" signature="deleteAfterCatch()[pri:0, instance:org.test.CustomerCreateOrganizationModule@67f639d3]" started-at="2023-05-28T22:45:32 IST" name="deleteAfterCatch" finished-at="2023-05-28T22:45:32 IST" duration-ms="7" status="PASS">
          <reporter-output>
          </reporter-output>
        </test-method> <!-- deleteAfterCatch -->
        <test-method is-config="true" signature="deleteBeforeCatch()[pri:0, instance:org.test.CustomerCreateOrganizationModule@67f639d3]" started-at="2023-05-28T22:45:32 IST" name="deleteBeforeCatch" finished-at="2023-05-28T22:45:32 IST" duration-ms="9" status="PASS">
          <reporter-output>
          </reporter-output>
        </test-method> <!-- deleteBeforeCatch -->
        <test-method signature="invalidPhoneNumberField()[pri:15, instance:org.test.CustomerCreateOrganizationModule@67f639d3]" started-at="2023-05-28T22:45:32 IST" name="invalidPhoneNumberField" finished-at="2023-05-28T22:45:33 IST" duration-ms="293" status="PASS">
          <reporter-output>
          </reporter-output>
        </test-method> <!-- invalidPhoneNumberField -->
        <test-method is-config="true" signature="deleteAfterCatch()[pri:0, instance:org.test.CustomerCreateOrganizationModule@67f639d3]" started-at="2023-05-28T22:45:33 IST" name="deleteAfterCatch" finished-at="2023-05-28T22:45:33 IST" duration-ms="8" status="PASS">
          <reporter-output>
          </reporter-output>
        </test-method> <!-- deleteAfterCatch -->
        <test-method is-config="true" signature="deleteBeforeCatch()[pri:0, instance:org.test.CustomerCreateOrganizationModule@67f639d3]" started-at="2023-05-28T22:45:33 IST" name="deleteBeforeCatch" finished-at="2023-05-28T22:45:33 IST" duration-ms="6" status="PASS">
          <reporter-output>
          </reporter-output>
        </test-method> <!-- deleteBeforeCatch -->
        <test-method signature="minValidationPhoneNumberField()[pri:16, instance:org.test.CustomerCreateOrganizationModule@67f639d3]" started-at="2023-05-28T22:45:33 IST" name="minValidationPhoneNumberField" finished-at="2023-05-28T22:45:33 IST" duration-ms="246" status="PASS">
          <reporter-output>
          </reporter-output>
        </test-method> <!-- minValidationPhoneNumberField -->
        <test-method is-config="true" signature="deleteAfterCatch()[pri:0, instance:org.test.CustomerCreateOrganizationModule@67f639d3]" started-at="2023-05-28T22:45:33 IST" name="deleteAfterCatch" finished-at="2023-05-28T22:45:33 IST" duration-ms="8" status="PASS">
          <reporter-output>
          </reporter-output>
        </test-method> <!-- deleteAfterCatch -->
        <test-method is-config="true" signature="deleteBeforeCatch()[pri:0, instance:org.test.CustomerCreateOrganizationModule@67f639d3]" started-at="2023-05-28T22:45:33 IST" name="deleteBeforeCatch" finished-at="2023-05-28T22:45:33 IST" duration-ms="8" status="PASS">
          <reporter-output>
          </reporter-output>
        </test-method> <!-- deleteBeforeCatch -->
        <test-method signature="maxValidationPhoneNumberField()[pri:17, instance:org.test.CustomerCreateOrganizationModule@67f639d3]" started-at="2023-05-28T22:45:33 IST" name="maxValidationPhoneNumberField" finished-at="2023-05-28T22:45:33 IST" duration-ms="554" status="PASS">
          <reporter-output>
          </reporter-output>
        </test-method> <!-- maxValidationPhoneNumberField -->
        <test-method is-config="true" signature="deleteAfterCatch()[pri:0, instance:org.test.CustomerCreateOrganizationModule@67f639d3]" started-at="2023-05-28T22:45:33 IST" name="deleteAfterCatch" finished-at="2023-05-28T22:45:33 IST" duration-ms="10" status="PASS">
          <reporter-output>
          </reporter-output>
        </test-method> <!-- deleteAfterCatch -->
        <test-method is-config="true" signature="deleteBeforeCatch()[pri:0, instance:org.test.CustomerCreateOrganizationModule@67f639d3]" started-at="2023-05-28T22:45:33 IST" name="deleteBeforeCatch" finished-at="2023-05-28T22:45:33 IST" duration-ms="6" status="PASS">
          <reporter-output>
          </reporter-output>
        </test-method> <!-- deleteBeforeCatch -->
        <test-method signature="maxValidationContactFirstNameField()[pri:18, instance:org.test.CustomerCreateOrganizationModule@67f639d3]" started-at="2023-05-28T22:45:33 IST" name="maxValidationContactFirstNameField" finished-at="2023-05-28T22:45:34 IST" duration-ms="838" status="PASS">
          <reporter-output>
          </reporter-output>
        </test-method> <!-- maxValidationContactFirstNameField -->
        <test-method is-config="true" signature="deleteAfterCatch()[pri:0, instance:org.test.CustomerCreateOrganizationModule@67f639d3]" started-at="2023-05-28T22:45:34 IST" name="deleteAfterCatch" finished-at="2023-05-28T22:45:34 IST" duration-ms="7" status="PASS">
          <reporter-output>
          </reporter-output>
        </test-method> <!-- deleteAfterCatch -->
        <test-method is-config="true" signature="deleteBeforeCatch()[pri:0, instance:org.test.CustomerCreateOrganizationModule@67f639d3]" started-at="2023-05-28T22:45:34 IST" name="deleteBeforeCatch" finished-at="2023-05-28T22:45:34 IST" duration-ms="8" status="PASS">
          <reporter-output>
          </reporter-output>
        </test-method> <!-- deleteBeforeCatch -->
        <test-method signature="maxValidationContactLastNameField()[pri:19, instance:org.test.CustomerCreateOrganizationModule@67f639d3]" started-at="2023-05-28T22:45:34 IST" name="maxValidationContactLastNameField" finished-at="2023-05-28T22:45:35 IST" duration-ms="794" status="PASS">
          <reporter-output>
          </reporter-output>
        </test-method> <!-- maxValidationContactLastNameField -->
        <test-method is-config="true" signature="deleteAfterCatch()[pri:0, instance:org.test.CustomerCreateOrganizationModule@67f639d3]" started-at="2023-05-28T22:45:35 IST" name="deleteAfterCatch" finished-at="2023-05-28T22:45:35 IST" duration-ms="8" status="PASS">
          <reporter-output>
          </reporter-output>
        </test-method> <!-- deleteAfterCatch -->
        <test-method is-config="true" signature="deleteBeforeCatch()[pri:0, instance:org.test.CustomerCreateOrganizationModule@67f639d3]" started-at="2023-05-28T22:45:35 IST" name="deleteBeforeCatch" finished-at="2023-05-28T22:45:35 IST" duration-ms="6" status="PASS">
          <reporter-output>
          </reporter-output>
        </test-method> <!-- deleteBeforeCatch -->
        <test-method signature="maxValidationContactEmailField()[pri:20, instance:org.test.CustomerCreateOrganizationModule@67f639d3]" started-at="2023-05-28T22:45:35 IST" name="maxValidationContactEmailField" finished-at="2023-05-28T22:45:36 IST" duration-ms="801" status="PASS">
          <reporter-output>
          </reporter-output>
        </test-method> <!-- maxValidationContactEmailField -->
        <test-method is-config="true" signature="deleteAfterCatch()[pri:0, instance:org.test.CustomerCreateOrganizationModule@67f639d3]" started-at="2023-05-28T22:45:36 IST" name="deleteAfterCatch" finished-at="2023-05-28T22:45:36 IST" duration-ms="8" status="PASS">
          <reporter-output>
          </reporter-output>
        </test-method> <!-- deleteAfterCatch -->
        <test-method is-config="true" signature="deleteBeforeCatch()[pri:0, instance:org.test.CustomerCreateOrganizationModule@67f639d3]" started-at="2023-05-28T22:45:36 IST" name="deleteBeforeCatch" finished-at="2023-05-28T22:45:36 IST" duration-ms="12" status="PASS">
          <reporter-output>
          </reporter-output>
        </test-method> <!-- deleteBeforeCatch -->
        <test-method signature="validateContactEmailField()[pri:21, instance:org.test.CustomerCreateOrganizationModule@67f639d3]" started-at="2023-05-28T22:45:36 IST" name="validateContactEmailField" finished-at="2023-05-28T22:45:36 IST" duration-ms="315" status="PASS">
          <reporter-output>
          </reporter-output>
        </test-method> <!-- validateContactEmailField -->
        <test-method is-config="true" signature="deleteAfterCatch()[pri:0, instance:org.test.CustomerCreateOrganizationModule@67f639d3]" started-at="2023-05-28T22:45:36 IST" name="deleteAfterCatch" finished-at="2023-05-28T22:45:36 IST" duration-ms="8" status="PASS">
          <reporter-output>
          </reporter-output>
        </test-method> <!-- deleteAfterCatch -->
        <test-method is-config="true" signature="deleteBeforeCatch()[pri:0, instance:org.test.CustomerCreateOrganizationModule@67f639d3]" started-at="2023-05-28T22:45:36 IST" name="deleteBeforeCatch" finished-at="2023-05-28T22:45:36 IST" duration-ms="7" status="PASS">
          <reporter-output>
          </reporter-output>
        </test-method> <!-- deleteBeforeCatch -->
        <test-method signature="minValidationContactPhoneNumberField()[pri:23, instance:org.test.CustomerCreateOrganizationModule@67f639d3]" started-at="2023-05-28T22:45:36 IST" name="minValidationContactPhoneNumberField" finished-at="2023-05-28T22:45:37 IST" duration-ms="285" status="PASS">
          <reporter-output>
          </reporter-output>
        </test-method> <!-- minValidationContactPhoneNumberField -->
        <test-method is-config="true" signature="deleteAfterCatch()[pri:0, instance:org.test.CustomerCreateOrganizationModule@67f639d3]" started-at="2023-05-28T22:45:37 IST" name="deleteAfterCatch" finished-at="2023-05-28T22:45:37 IST" duration-ms="7" status="PASS">
          <reporter-output>
          </reporter-output>
        </test-method> <!-- deleteAfterCatch -->
        <test-method is-config="true" signature="deleteBeforeCatch()[pri:0, instance:org.test.CustomerCreateOrganizationModule@67f639d3]" started-at="2023-05-28T22:45:37 IST" name="deleteBeforeCatch" finished-at="2023-05-28T22:45:37 IST" duration-ms="7" status="PASS">
          <reporter-output>
          </reporter-output>
        </test-method> <!-- deleteBeforeCatch -->
        <test-method signature="maxValidationContactPhoneNumberField()[pri:24, instance:org.test.CustomerCreateOrganizationModule@67f639d3]" started-at="2023-05-28T22:45:37 IST" name="maxValidationContactPhoneNumberField" finished-at="2023-05-28T22:45:37 IST" duration-ms="343" status="PASS">
          <reporter-output>
          </reporter-output>
        </test-method> <!-- maxValidationContactPhoneNumberField -->
        <test-method is-config="true" signature="deleteAfterCatch()[pri:0, instance:org.test.CustomerCreateOrganizationModule@67f639d3]" started-at="2023-05-28T22:45:37 IST" name="deleteAfterCatch" finished-at="2023-05-28T22:45:37 IST" duration-ms="8" status="PASS">
          <reporter-output>
          </reporter-output>
        </test-method> <!-- deleteAfterCatch -->
        <test-method is-config="true" signature="deleteBeforeCatch()[pri:0, instance:org.test.CustomerCreateOrganizationModule@67f639d3]" started-at="2023-05-28T22:45:37 IST" name="deleteBeforeCatch" finished-at="2023-05-28T22:45:37 IST" duration-ms="7" status="PASS">
          <reporter-output>
          </reporter-output>
        </test-method> <!-- deleteBeforeCatch -->
        <test-method signature="invalidContactPhoneNumberField()[pri:25, instance:org.test.CustomerCreateOrganizationModule@67f639d3]" started-at="2023-05-28T22:45:37 IST" name="invalidContactPhoneNumberField" finished-at="2023-05-28T22:45:37 IST" duration-ms="318" status="PASS">
          <reporter-output>
          </reporter-output>
        </test-method> <!-- invalidContactPhoneNumberField -->
        <test-method is-config="true" signature="deleteAfterCatch()[pri:0, instance:org.test.CustomerCreateOrganizationModule@67f639d3]" started-at="2023-05-28T22:45:37 IST" name="deleteAfterCatch" finished-at="2023-05-28T22:45:37 IST" duration-ms="9" status="PASS">
          <reporter-output>
          </reporter-output>
        </test-method> <!-- deleteAfterCatch -->
        <test-method is-config="true" signature="deleteBeforeCatch()[pri:0, instance:org.test.CustomerCreateOrganizationModule@67f639d3]" started-at="2023-05-28T22:45:37 IST" name="deleteBeforeCatch" finished-at="2023-05-28T22:45:37 IST" duration-ms="5" status="PASS">
          <reporter-output>
          </reporter-output>
        </test-method> <!-- deleteBeforeCatch -->
        <test-method signature="maxValidationJobTittleField()[pri:26, instance:org.test.CustomerCreateOrganizationModule@67f639d3]" started-at="2023-05-28T22:45:37 IST" name="maxValidationJobTittleField" finished-at="2023-05-28T22:45:38 IST" duration-ms="1081" status="PASS">
          <reporter-output>
          </reporter-output>
        </test-method> <!-- maxValidationJobTittleField -->
        <test-method is-config="true" signature="deleteAfterCatch()[pri:0, instance:org.test.CustomerCreateOrganizationModule@67f639d3]" started-at="2023-05-28T22:45:38 IST" name="deleteAfterCatch" finished-at="2023-05-28T22:45:38 IST" duration-ms="7" status="PASS">
          <reporter-output>
          </reporter-output>
        </test-method> <!-- deleteAfterCatch -->
        <test-method is-config="true" signature="deleteBeforeCatch()[pri:0, instance:org.test.CustomerCreateOrganizationModule@67f639d3]" started-at="2023-05-28T22:45:38 IST" name="deleteBeforeCatch" finished-at="2023-05-28T22:45:38 IST" duration-ms="6" status="PASS">
          <reporter-output>
          </reporter-output>
        </test-method> <!-- deleteBeforeCatch -->
        <test-method signature="maxValidationPropertyNameField()[pri:27, instance:org.test.CustomerCreateOrganizationModule@67f639d3]" started-at="2023-05-28T22:45:38 IST" name="maxValidationPropertyNameField" finished-at="2023-05-28T22:45:39 IST" duration-ms="991" status="PASS">
          <reporter-output>
          </reporter-output>
        </test-method> <!-- maxValidationPropertyNameField -->
        <test-method is-config="true" signature="deleteAfterCatch()[pri:0, instance:org.test.CustomerCreateOrganizationModule@67f639d3]" started-at="2023-05-28T22:45:39 IST" name="deleteAfterCatch" finished-at="2023-05-28T22:45:39 IST" duration-ms="10" status="PASS">
          <reporter-output>
          </reporter-output>
        </test-method> <!-- deleteAfterCatch -->
        <test-method is-config="true" signature="deleteBeforeCatch()[pri:0, instance:org.test.CustomerCreateOrganizationModule@67f639d3]" started-at="2023-05-28T22:45:39 IST" name="deleteBeforeCatch" finished-at="2023-05-28T22:45:39 IST" duration-ms="10" status="PASS">
          <reporter-output>
          </reporter-output>
        </test-method> <!-- deleteBeforeCatch -->
        <test-method signature="maxValidationPropertyFirstNameField()[pri:28, instance:org.test.CustomerCreateOrganizationModule@67f639d3]" started-at="2023-05-28T22:45:39 IST" name="maxValidationPropertyFirstNameField" finished-at="2023-05-28T22:45:40 IST" duration-ms="1119" status="PASS">
          <reporter-output>
          </reporter-output>
        </test-method> <!-- maxValidationPropertyFirstNameField -->
        <test-method is-config="true" signature="deleteAfterCatch()[pri:0, instance:org.test.CustomerCreateOrganizationModule@67f639d3]" started-at="2023-05-28T22:45:40 IST" name="deleteAfterCatch" finished-at="2023-05-28T22:45:40 IST" duration-ms="10" status="PASS">
          <reporter-output>
          </reporter-output>
        </test-method> <!-- deleteAfterCatch -->
        <test-method is-config="true" signature="deleteBeforeCatch()[pri:0, instance:org.test.CustomerCreateOrganizationModule@67f639d3]" started-at="2023-05-28T22:45:40 IST" name="deleteBeforeCatch" finished-at="2023-05-28T22:45:40 IST" duration-ms="8" status="PASS">
          <reporter-output>
          </reporter-output>
        </test-method> <!-- deleteBeforeCatch -->
        <test-method signature="maxValidationPropertyLastNameField()[pri:29, instance:org.test.CustomerCreateOrganizationModule@67f639d3]" started-at="2023-05-28T22:45:40 IST" name="maxValidationPropertyLastNameField" finished-at="2023-05-28T22:45:42 IST" duration-ms="1137" status="PASS">
          <reporter-output>
          </reporter-output>
        </test-method> <!-- maxValidationPropertyLastNameField -->
        <test-method is-config="true" signature="deleteAfterCatch()[pri:0, instance:org.test.CustomerCreateOrganizationModule@67f639d3]" started-at="2023-05-28T22:45:42 IST" name="deleteAfterCatch" finished-at="2023-05-28T22:45:42 IST" duration-ms="9" status="PASS">
          <reporter-output>
          </reporter-output>
        </test-method> <!-- deleteAfterCatch -->
        <test-method is-config="true" signature="deleteBeforeCatch()[pri:0, instance:org.test.CustomerCreateOrganizationModule@67f639d3]" started-at="2023-05-28T22:45:42 IST" name="deleteBeforeCatch" finished-at="2023-05-28T22:45:42 IST" duration-ms="9" status="PASS">
          <reporter-output>
          </reporter-output>
        </test-method> <!-- deleteBeforeCatch -->
        <test-method signature="maxValidationPropertyAddress1Field()[pri:30, instance:org.test.CustomerCreateOrganizationModule@67f639d3]" started-at="2023-05-28T22:45:42 IST" name="maxValidationPropertyAddress1Field" finished-at="2023-05-28T22:45:43 IST" duration-ms="1153" status="PASS">
          <reporter-output>
          </reporter-output>
        </test-method> <!-- maxValidationPropertyAddress1Field -->
        <test-method is-config="true" signature="deleteAfterCatch()[pri:0, instance:org.test.CustomerCreateOrganizationModule@67f639d3]" started-at="2023-05-28T22:45:43 IST" name="deleteAfterCatch" finished-at="2023-05-28T22:45:43 IST" duration-ms="11" status="PASS">
          <reporter-output>
          </reporter-output>
        </test-method> <!-- deleteAfterCatch -->
        <test-method is-config="true" signature="deleteBeforeCatch()[pri:0, instance:org.test.CustomerCreateOrganizationModule@67f639d3]" started-at="2023-05-28T22:45:43 IST" name="deleteBeforeCatch" finished-at="2023-05-28T22:45:43 IST" duration-ms="7" status="PASS">
          <reporter-output>
          </reporter-output>
        </test-method> <!-- deleteBeforeCatch -->
        <test-method signature="maxValidationPropertyAddress2Field()[pri:31, instance:org.test.CustomerCreateOrganizationModule@67f639d3]" started-at="2023-05-28T22:45:43 IST" name="maxValidationPropertyAddress2Field" finished-at="2023-05-28T22:45:44 IST" duration-ms="989" status="PASS">
          <reporter-output>
          </reporter-output>
        </test-method> <!-- maxValidationPropertyAddress2Field -->
        <test-method is-config="true" signature="deleteAfterCatch()[pri:0, instance:org.test.CustomerCreateOrganizationModule@67f639d3]" started-at="2023-05-28T22:45:44 IST" name="deleteAfterCatch" finished-at="2023-05-28T22:45:44 IST" duration-ms="9" status="PASS">
          <reporter-output>
          </reporter-output>
        </test-method> <!-- deleteAfterCatch -->
        <test-method is-config="true" signature="deleteBeforeCatch()[pri:0, instance:org.test.CustomerCreateOrganizationModule@67f639d3]" started-at="2023-05-28T22:45:44 IST" name="deleteBeforeCatch" finished-at="2023-05-28T22:45:44 IST" duration-ms="8" status="PASS">
          <reporter-output>
          </reporter-output>
        </test-method> <!-- deleteBeforeCatch -->
        <test-method signature="maxValidationPropertyStateField()[pri:32, instance:org.test.CustomerCreateOrganizationModule@67f639d3]" started-at="2023-05-28T22:45:44 IST" name="maxValidationPropertyStateField" finished-at="2023-05-28T22:45:45 IST" duration-ms="849" status="PASS">
          <reporter-output>
          </reporter-output>
        </test-method> <!-- maxValidationPropertyStateField -->
        <test-method is-config="true" signature="deleteAfterCatch()[pri:0, instance:org.test.CustomerCreateOrganizationModule@67f639d3]" started-at="2023-05-28T22:45:45 IST" name="deleteAfterCatch" finished-at="2023-05-28T22:45:45 IST" duration-ms="6" status="PASS">
          <reporter-output>
          </reporter-output>
        </test-method> <!-- deleteAfterCatch -->
        <test-method is-config="true" signature="deleteBeforeCatch()[pri:0, instance:org.test.CustomerCreateOrganizationModule@67f639d3]" started-at="2023-05-28T22:45:45 IST" name="deleteBeforeCatch" finished-at="2023-05-28T22:45:45 IST" duration-ms="7" status="PASS">
          <reporter-output>
          </reporter-output>
        </test-method> <!-- deleteBeforeCatch -->
        <test-method signature="maxValidationPropertyCityField()[pri:33, instance:org.test.CustomerCreateOrganizationModule@67f639d3]" started-at="2023-05-28T22:45:45 IST" name="maxValidationPropertyCityField" finished-at="2023-05-28T22:45:45 IST" duration-ms="818" status="PASS">
          <reporter-output>
          </reporter-output>
        </test-method> <!-- maxValidationPropertyCityField -->
        <test-method is-config="true" signature="deleteAfterCatch()[pri:0, instance:org.test.CustomerCreateOrganizationModule@67f639d3]" started-at="2023-05-28T22:45:45 IST" name="deleteAfterCatch" finished-at="2023-05-28T22:45:46 IST" duration-ms="6" status="PASS">
          <reporter-output>
          </reporter-output>
        </test-method> <!-- deleteAfterCatch -->
        <test-method is-config="true" signature="deleteBeforeCatch()[pri:0, instance:org.test.CustomerCreateOrganizationModule@67f639d3]" started-at="2023-05-28T22:45:46 IST" name="deleteBeforeCatch" finished-at="2023-05-28T22:45:46 IST" duration-ms="5" status="PASS">
          <reporter-output>
          </reporter-output>
        </test-method> <!-- deleteBeforeCatch -->
        <test-method signature="specialCharacterPropertyZipcodeField()[pri:34, instance:org.test.CustomerCreateOrganizationModule@67f639d3]" started-at="2023-05-28T22:45:46 IST" name="specialCharacterPropertyZipcodeField" finished-at="2023-05-28T22:45:46 IST" duration-ms="303" status="PASS">
          <reporter-output>
          </reporter-output>
        </test-method> <!-- specialCharacterPropertyZipcodeField -->
        <test-method is-config="true" signature="deleteAfterCatch()[pri:0, instance:org.test.CustomerCreateOrganizationModule@67f639d3]" started-at="2023-05-28T22:45:46 IST" name="deleteAfterCatch" finished-at="2023-05-28T22:45:46 IST" duration-ms="5" status="PASS">
          <reporter-output>
          </reporter-output>
        </test-method> <!-- deleteAfterCatch -->
        <test-method is-config="true" signature="deleteBeforeCatch()[pri:0, instance:org.test.CustomerCreateOrganizationModule@67f639d3]" started-at="2023-05-28T22:45:46 IST" name="deleteBeforeCatch" finished-at="2023-05-28T22:45:46 IST" duration-ms="5" status="PASS">
          <reporter-output>
          </reporter-output>
        </test-method> <!-- deleteBeforeCatch -->
        <test-method signature="minValidationPropertyZipCodeField()[pri:35, instance:org.test.CustomerCreateOrganizationModule@67f639d3]" started-at="2023-05-28T22:45:46 IST" name="minValidationPropertyZipCodeField" finished-at="2023-05-28T22:45:46 IST" duration-ms="287" status="PASS">
          <reporter-output>
          </reporter-output>
        </test-method> <!-- minValidationPropertyZipCodeField -->
        <test-method is-config="true" signature="deleteAfterCatch()[pri:0, instance:org.test.CustomerCreateOrganizationModule@67f639d3]" started-at="2023-05-28T22:45:46 IST" name="deleteAfterCatch" finished-at="2023-05-28T22:45:46 IST" duration-ms="6" status="PASS">
          <reporter-output>
          </reporter-output>
        </test-method> <!-- deleteAfterCatch -->
        <test-method is-config="true" signature="deleteBeforeCatch()[pri:0, instance:org.test.CustomerCreateOrganizationModule@67f639d3]" started-at="2023-05-28T22:45:46 IST" name="deleteBeforeCatch" finished-at="2023-05-28T22:45:46 IST" duration-ms="9" status="PASS">
          <reporter-output>
          </reporter-output>
        </test-method> <!-- deleteBeforeCatch -->
        <test-method signature="maxValidationPropertyZipCodeField()[pri:36, instance:org.test.CustomerCreateOrganizationModule@67f639d3]" started-at="2023-05-28T22:45:46 IST" name="maxValidationPropertyZipCodeField" finished-at="2023-05-28T22:45:47 IST" duration-ms="662" status="PASS">
          <reporter-output>
          </reporter-output>
        </test-method> <!-- maxValidationPropertyZipCodeField -->
        <test-method is-config="true" signature="deleteAfterCatch()[pri:0, instance:org.test.CustomerCreateOrganizationModule@67f639d3]" started-at="2023-05-28T22:45:47 IST" name="deleteAfterCatch" finished-at="2023-05-28T22:45:47 IST" duration-ms="12" status="PASS">
          <reporter-output>
          </reporter-output>
        </test-method> <!-- deleteAfterCatch -->
        <test-method is-config="true" signature="deleteBeforeCatch()[pri:0, instance:org.test.CustomerCreateOrganizationModule@67f639d3]" started-at="2023-05-28T22:45:47 IST" name="deleteBeforeCatch" finished-at="2023-05-28T22:45:47 IST" duration-ms="13" status="PASS">
          <reporter-output>
          </reporter-output>
        </test-method> <!-- deleteBeforeCatch -->
        <test-method signature="maxValidationProductNameField()[pri:37, instance:org.test.CustomerCreateOrganizationModule@67f639d3]" started-at="2023-05-28T22:45:47 IST" name="maxValidationProductNameField" finished-at="2023-05-28T22:45:48 IST" duration-ms="888" status="PASS">
          <reporter-output>
          </reporter-output>
        </test-method> <!-- maxValidationProductNameField -->
        <test-method is-config="true" signature="deleteAfterCatch()[pri:0, instance:org.test.CustomerCreateOrganizationModule@67f639d3]" started-at="2023-05-28T22:45:48 IST" name="deleteAfterCatch" finished-at="2023-05-28T22:45:48 IST" duration-ms="8" status="PASS">
          <reporter-output>
          </reporter-output>
        </test-method> <!-- deleteAfterCatch -->
        <test-method is-config="true" signature="deleteBeforeCatch()[pri:0, instance:org.test.CustomerCreateOrganizationModule@67f639d3]" started-at="2023-05-28T22:45:48 IST" name="deleteBeforeCatch" finished-at="2023-05-28T22:45:48 IST" duration-ms="7" status="PASS">
          <reporter-output>
          </reporter-output>
        </test-method> <!-- deleteBeforeCatch -->
        <test-method signature="maxValidationBrandNameField()[pri:38, instance:org.test.CustomerCreateOrganizationModule@67f639d3]" started-at="2023-05-28T22:45:48 IST" name="maxValidationBrandNameField" finished-at="2023-05-28T22:45:49 IST" duration-ms="971" status="PASS">
          <reporter-output>
          </reporter-output>
        </test-method> <!-- maxValidationBrandNameField -->
        <test-method is-config="true" signature="deleteAfterCatch()[pri:0, instance:org.test.CustomerCreateOrganizationModule@67f639d3]" started-at="2023-05-28T22:45:49 IST" name="deleteAfterCatch" finished-at="2023-05-28T22:45:49 IST" duration-ms="10" status="PASS">
          <reporter-output>
          </reporter-output>
        </test-method> <!-- deleteAfterCatch -->
        <test-method is-config="true" signature="deleteBeforeCatch()[pri:0, instance:org.test.CustomerCreateOrganizationModule@67f639d3]" started-at="2023-05-28T22:45:49 IST" name="deleteBeforeCatch" finished-at="2023-05-28T22:45:49 IST" duration-ms="11" status="PASS">
          <reporter-output>
          </reporter-output>
        </test-method> <!-- deleteBeforeCatch -->
        <test-method signature="maxValidationModelNumberField()[pri:39, instance:org.test.CustomerCreateOrganizationModule@67f639d3]" started-at="2023-05-28T22:45:49 IST" name="maxValidationModelNumberField" finished-at="2023-05-28T22:45:50 IST" duration-ms="947" status="PASS">
          <reporter-output>
          </reporter-output>
        </test-method> <!-- maxValidationModelNumberField -->
        <test-method is-config="true" signature="deleteAfterCatch()[pri:0, instance:org.test.CustomerCreateOrganizationModule@67f639d3]" started-at="2023-05-28T22:45:50 IST" name="deleteAfterCatch" finished-at="2023-05-28T22:45:50 IST" duration-ms="7" status="PASS">
          <reporter-output>
          </reporter-output>
        </test-method> <!-- deleteAfterCatch -->
        <test-method is-config="true" signature="deleteBeforeCatch()[pri:0, instance:org.test.CustomerCreateOrganizationModule@67f639d3]" started-at="2023-05-28T22:45:50 IST" name="deleteBeforeCatch" finished-at="2023-05-28T22:45:50 IST" duration-ms="8" status="PASS">
          <reporter-output>
          </reporter-output>
        </test-method> <!-- deleteBeforeCatch -->
        <test-method signature="maxValidationSerialNumberField()[pri:40, instance:org.test.CustomerCreateOrganizationModule@67f639d3]" started-at="2023-05-28T22:45:50 IST" name="maxValidationSerialNumberField" finished-at="2023-05-28T22:45:51 IST" duration-ms="868" status="PASS">
          <reporter-output>
          </reporter-output>
        </test-method> <!-- maxValidationSerialNumberField -->
        <test-method is-config="true" signature="deleteAfterCatch()[pri:0, instance:org.test.CustomerCreateOrganizationModule@67f639d3]" started-at="2023-05-28T22:45:51 IST" name="deleteAfterCatch" finished-at="2023-05-28T22:45:51 IST" duration-ms="8" status="PASS">
          <reporter-output>
          </reporter-output>
        </test-method> <!-- deleteAfterCatch -->
        <test-method is-config="true" signature="deleteBeforeCatch()[pri:0, instance:org.test.CustomerCreateOrganizationModule@67f639d3]" started-at="2023-05-28T22:45:51 IST" name="deleteBeforeCatch" finished-at="2023-05-28T22:45:51 IST" duration-ms="7" status="PASS">
          <reporter-output>
          </reporter-output>
        </test-method> <!-- deleteBeforeCatch -->
        <test-method signature="dateValidation()[pri:41, instance:org.test.CustomerCreateOrganizationModule@67f639d3]" started-at="2023-05-28T22:45:51 IST" name="dateValidation" finished-at="2023-05-28T22:46:00 IST" duration-ms="8986" status="PASS">
          <reporter-output>
          </reporter-output>
        </test-method> <!-- dateValidation -->
        <test-method is-config="true" signature="deleteAfterCatch()[pri:0, instance:org.test.CustomerCreateOrganizationModule@67f639d3]" started-at="2023-05-28T22:46:00 IST" name="deleteAfterCatch" finished-at="2023-05-28T22:46:00 IST" duration-ms="12" status="PASS">
          <reporter-output>
          </reporter-output>
        </test-method> <!-- deleteAfterCatch -->
        <test-method is-config="true" signature="deleteBeforeCatch()[pri:0, instance:org.test.CustomerCreateOrganizationModule@67f639d3]" started-at="2023-05-28T22:46:00 IST" name="deleteBeforeCatch" finished-at="2023-05-28T22:46:00 IST" duration-ms="11" status="PASS">
          <reporter-output>
          </reporter-output>
        </test-method> <!-- deleteBeforeCatch -->
        <test-method signature="maxValidationAccessHoursField()[pri:42, instance:org.test.CustomerCreateOrganizationModule@67f639d3]" started-at="2023-05-28T22:46:00 IST" name="maxValidationAccessHoursField" finished-at="2023-05-28T22:46:01 IST" duration-ms="1387" status="PASS">
          <reporter-output>
          </reporter-output>
        </test-method> <!-- maxValidationAccessHoursField -->
        <test-method is-config="true" signature="deleteAfterCatch()[pri:0, instance:org.test.CustomerCreateOrganizationModule@67f639d3]" started-at="2023-05-28T22:46:01 IST" name="deleteAfterCatch" finished-at="2023-05-28T22:46:01 IST" duration-ms="14" status="PASS">
          <reporter-output>
          </reporter-output>
        </test-method> <!-- deleteAfterCatch -->
        <test-method is-config="true" signature="deleteBeforeCatch()[pri:0, instance:org.test.CustomerCreateOrganizationModule@67f639d3]" started-at="2023-05-28T22:46:01 IST" name="deleteBeforeCatch" finished-at="2023-05-28T22:46:01 IST" duration-ms="11" status="PASS">
          <reporter-output>
          </reporter-output>
        </test-method> <!-- deleteBeforeCatch -->
        <test-method signature="maxValidationInstallationNotesField()[pri:43, instance:org.test.CustomerCreateOrganizationModule@67f639d3]" started-at="2023-05-28T22:46:01 IST" name="maxValidationInstallationNotesField" finished-at="2023-05-28T22:46:07 IST" duration-ms="6267" status="PASS">
          <reporter-output>
          </reporter-output>
        </test-method> <!-- maxValidationInstallationNotesField -->
        <test-method is-config="true" signature="deleteAfterCatch()[pri:0, instance:org.test.CustomerCreateOrganizationModule@67f639d3]" started-at="2023-05-28T22:46:07 IST" name="deleteAfterCatch" finished-at="2023-05-28T22:46:07 IST" duration-ms="25" status="PASS">
          <reporter-output>
          </reporter-output>
        </test-method> <!-- deleteAfterCatch -->
        <test-method is-config="true" signature="deleteBeforeCatch()[pri:0, instance:org.test.CustomerCreateOrganizationModule@67f639d3]" started-at="2023-05-28T22:46:07 IST" name="deleteBeforeCatch" finished-at="2023-05-28T22:46:07 IST" duration-ms="14" status="PASS">
          <reporter-output>
          </reporter-output>
        </test-method> <!-- deleteBeforeCatch -->
        <test-method signature="createOrganization()[pri:44, instance:org.test.CustomerCreateOrganizationModule@67f639d3]" started-at="2023-05-28T22:46:07 IST" name="createOrganization" finished-at="2023-05-28T22:46:34 IST" duration-ms="26648" status="PASS">
          <reporter-output>
          </reporter-output>
        </test-method> <!-- createOrganization -->
        <test-method is-config="true" signature="deleteAfterCatch()[pri:0, instance:org.test.CustomerCreateOrganizationModule@67f639d3]" started-at="2023-05-28T22:46:34 IST" name="deleteAfterCatch" finished-at="2023-05-28T22:46:34 IST" duration-ms="24" status="PASS">
          <reporter-output>
          </reporter-output>
        </test-method> <!-- deleteAfterCatch -->
        <test-method is-config="true" signature="deleteBeforeCatch()[pri:0, instance:org.test.CustomerCreateOrganizationModule@67f639d3]" started-at="2023-05-28T22:46:34 IST" name="deleteBeforeCatch" finished-at="2023-05-28T22:46:34 IST" duration-ms="14" status="PASS">
          <reporter-output>
          </reporter-output>
        </test-method> <!-- deleteBeforeCatch -->
        <test-method signature="customerOrganizationCount()[pri:45, instance:org.test.CustomerCreateOrganizationModule@67f639d3]" started-at="2023-05-28T22:46:34 IST" name="customerOrganizationCount" finished-at="2023-05-28T22:46:34 IST" duration-ms="165" status="PASS">
          <reporter-output>
          </reporter-output>
        </test-method> <!-- customerOrganizationCount -->
        <test-method is-config="true" signature="deleteAfterCatch()[pri:0, instance:org.test.CustomerCreateOrganizationModule@67f639d3]" started-at="2023-05-28T22:46:34 IST" name="deleteAfterCatch" finished-at="2023-05-28T22:46:34 IST" duration-ms="10" status="PASS">
          <reporter-output>
          </reporter-output>
        </test-method> <!-- deleteAfterCatch -->
        <test-method is-config="true" signature="deleteBeforeCatch()[pri:0, instance:org.test.CustomerCreateOrganizationModule@67f639d3]" started-at="2023-05-28T22:46:34 IST" name="deleteBeforeCatch" finished-at="2023-05-28T22:46:34 IST" duration-ms="13" status="PASS">
          <reporter-output>
          </reporter-output>
        </test-method> <!-- deleteBeforeCatch -->
        <test-method signature="organizationNameAlreadyExistValidation()[pri:46, instance:org.test.CustomerCreateOrganizationModule@67f639d3]" started-at="2023-05-28T22:46:34 IST" name="organizationNameAlreadyExistValidation" finished-at="2023-05-28T22:46:37 IST" duration-ms="2417" status="PASS">
          <reporter-output>
          </reporter-output>
        </test-method> <!-- organizationNameAlreadyExistValidation -->
        <test-method is-config="true" signature="deleteAfterCatch()[pri:0, instance:org.test.CustomerCreateOrganizationModule@67f639d3]" started-at="2023-05-28T22:46:37 IST" name="deleteAfterCatch" finished-at="2023-05-28T22:46:37 IST" duration-ms="52" status="PASS">
          <reporter-output>
          </reporter-output>
        </test-method> <!-- deleteAfterCatch -->
        <test-method is-config="true" signature="deleteBeforeCatch()[pri:0, instance:org.test.CustomerCreateOrganizationModule@67f639d3]" started-at="2023-05-28T22:46:37 IST" name="deleteBeforeCatch" finished-at="2023-05-28T22:46:37 IST" duration-ms="17" status="PASS">
          <reporter-output>
          </reporter-output>
        </test-method> <!-- deleteBeforeCatch -->
        <test-method signature="alreadyExistedEmail()[pri:47, instance:org.test.CustomerCreateOrganizationModule@67f639d3]" started-at="2023-05-28T22:46:37 IST" name="alreadyExistedEmail" finished-at="2023-05-28T22:46:45 IST" duration-ms="8667" status="PASS">
          <reporter-output>
          </reporter-output>
        </test-method> <!-- alreadyExistedEmail -->
        <test-method is-config="true" signature="deleteAfterCatch()[pri:0, instance:org.test.CustomerCreateOrganizationModule@67f639d3]" started-at="2023-05-28T22:46:45 IST" name="deleteAfterCatch" finished-at="2023-05-28T22:46:45 IST" duration-ms="16" status="PASS">
          <reporter-output>
          </reporter-output>
        </test-method> <!-- deleteAfterCatch -->
        <test-method is-config="true" signature="deleteBeforeCatch()[pri:0, instance:org.test.CustomerCreateOrganizationModule@67f639d3]" started-at="2023-05-28T22:46:45 IST" name="deleteBeforeCatch" finished-at="2023-05-28T22:46:45 IST" duration-ms="14" status="PASS">
          <reporter-output>
          </reporter-output>
        </test-method> <!-- deleteBeforeCatch -->
        <test-method signature="characterListValidation()[pri:49, instance:org.test.CustomerCreateOrganizationModule@67f639d3]" started-at="2023-05-28T22:46:45 IST" name="characterListValidation" finished-at="2023-05-28T22:46:48 IST" duration-ms="2198" status="PASS">
          <reporter-output>
          </reporter-output>
        </test-method> <!-- characterListValidation -->
        <test-method is-config="true" signature="deleteAfterCatch()[pri:0, instance:org.test.CustomerCreateOrganizationModule@67f639d3]" started-at="2023-05-28T22:46:48 IST" name="deleteAfterCatch" finished-at="2023-05-28T22:46:48 IST" duration-ms="27" status="PASS">
          <reporter-output>
          </reporter-output>
        </test-method> <!-- deleteAfterCatch -->
        <test-method is-config="true" signature="deleteBeforeCatch()[pri:0, instance:org.test.CustomerCreateOrganizationModule@67f639d3]" started-at="2023-05-28T22:46:48 IST" name="deleteBeforeCatch" finished-at="2023-05-28T22:46:48 IST" duration-ms="16" status="PASS">
          <reporter-output>
          </reporter-output>
        </test-method> <!-- deleteBeforeCatch -->
        <test-method signature="searchOrganizationNameListValidation()[pri:50, instance:org.test.CustomerCreateOrganizationModule@67f639d3]" started-at="2023-05-28T22:46:48 IST" name="searchOrganizationNameListValidation" finished-at="2023-05-28T22:46:50 IST" duration-ms="2163" status="PASS">
          <reporter-output>
          </reporter-output>
        </test-method> <!-- searchOrganizationNameListValidation -->
        <test-method is-config="true" signature="deleteAfterCatch()[pri:0, instance:org.test.CustomerCreateOrganizationModule@67f639d3]" started-at="2023-05-28T22:46:50 IST" name="deleteAfterCatch" finished-at="2023-05-28T22:46:50 IST" duration-ms="15" status="PASS">
          <reporter-output>
          </reporter-output>
        </test-method> <!-- deleteAfterCatch -->
        <test-method is-config="true" signature="deleteBeforeCatch()[pri:0, instance:org.test.CustomerCreateOrganizationModule@67f639d3]" started-at="2023-05-28T22:46:50 IST" name="deleteBeforeCatch" finished-at="2023-05-28T22:46:50 IST" duration-ms="13" status="PASS">
          <reporter-output>
          </reporter-output>
        </test-method> <!-- deleteBeforeCatch -->
        <test-method signature="searchPhoneNumberListValidation()[pri:51, instance:org.test.CustomerCreateOrganizationModule@67f639d3]" started-at="2023-05-28T22:46:50 IST" name="searchPhoneNumberListValidation" finished-at="2023-05-28T22:46:52 IST" duration-ms="2077" status="PASS">
          <reporter-output>
          </reporter-output>
        </test-method> <!-- searchPhoneNumberListValidation -->
        <test-method is-config="true" signature="deleteAfterCatch()[pri:0, instance:org.test.CustomerCreateOrganizationModule@67f639d3]" started-at="2023-05-28T22:46:52 IST" name="deleteAfterCatch" finished-at="2023-05-28T22:46:52 IST" duration-ms="16" status="PASS">
          <reporter-output>
          </reporter-output>
        </test-method> <!-- deleteAfterCatch -->
        <test-method is-config="true" signature="deleteBeforeCatch()[pri:0, instance:org.test.CustomerCreateOrganizationModule@67f639d3]" started-at="2023-05-28T22:46:52 IST" name="deleteBeforeCatch" finished-at="2023-05-28T22:46:52 IST" duration-ms="16" status="PASS">
          <reporter-output>
          </reporter-output>
        </test-method> <!-- deleteBeforeCatch -->
        <test-method signature="searchEmailListValidation()[pri:52, instance:org.test.CustomerCreateOrganizationModule@67f639d3]" started-at="2023-05-28T22:46:52 IST" name="searchEmailListValidation" finished-at="2023-05-28T22:46:54 IST" duration-ms="2052" status="PASS">
          <reporter-output>
          </reporter-output>
        </test-method> <!-- searchEmailListValidation -->
        <test-method is-config="true" signature="deleteAfterCatch()[pri:0, instance:org.test.CustomerCreateOrganizationModule@67f639d3]" started-at="2023-05-28T22:46:54 IST" name="deleteAfterCatch" finished-at="2023-05-28T22:46:54 IST" duration-ms="8" status="PASS">
          <reporter-output>
          </reporter-output>
        </test-method> <!-- deleteAfterCatch -->
        <test-method is-config="true" signature="deleteBeforeCatch()[pri:0, instance:org.test.CustomerCreateOrganizationModule@67f639d3]" started-at="2023-05-28T22:46:54 IST" name="deleteBeforeCatch" finished-at="2023-05-28T22:46:54 IST" duration-ms="8" status="PASS">
          <reporter-output>
          </reporter-output>
        </test-method> <!-- deleteBeforeCatch -->
        <test-method signature="filterListValidation()[pri:53, instance:org.test.CustomerCreateOrganizationModule@67f639d3]" started-at="2023-05-28T22:46:54 IST" name="filterListValidation" finished-at="2023-05-28T22:46:57 IST" duration-ms="3296" status="PASS">
          <reporter-output>
          </reporter-output>
        </test-method> <!-- filterListValidation -->
        <test-method is-config="true" signature="deleteAfterCatch()[pri:0, instance:org.test.CustomerCreateOrganizationModule@67f639d3]" started-at="2023-05-28T22:46:57 IST" name="deleteAfterCatch" finished-at="2023-05-28T22:46:57 IST" duration-ms="19" status="PASS">
          <reporter-output>
          </reporter-output>
        </test-method> <!-- deleteAfterCatch -->
        <test-method is-config="true" signature="deleteBeforeCatch()[pri:0, instance:org.test.CustomerCreateOrganizationModule@67f639d3]" started-at="2023-05-28T22:46:57 IST" name="deleteBeforeCatch" finished-at="2023-05-28T22:46:57 IST" duration-ms="13" status="PASS">
          <reporter-output>
          </reporter-output>
        </test-method> <!-- deleteBeforeCatch -->
        <test-method signature="searchInvalid()[pri:54, instance:org.test.CustomerCreateOrganizationModule@67f639d3]" started-at="2023-05-28T22:46:57 IST" name="searchInvalid" finished-at="2023-05-28T22:47:00 IST" duration-ms="2260" status="PASS">
          <reporter-output>
          </reporter-output>
        </test-method> <!-- searchInvalid -->
        <test-method is-config="true" signature="deleteAfterCatch()[pri:0, instance:org.test.CustomerCreateOrganizationModule@67f639d3]" started-at="2023-05-28T22:47:00 IST" name="deleteAfterCatch" finished-at="2023-05-28T22:47:00 IST" duration-ms="22" status="PASS">
          <reporter-output>
          </reporter-output>
        </test-method> <!-- deleteAfterCatch -->
        <test-method is-config="true" signature="deleteBeforeCatch()[pri:0, instance:org.test.CustomerCreateOrganizationModule@67f639d3]" started-at="2023-05-28T22:47:00 IST" name="deleteBeforeCatch" finished-at="2023-05-28T22:47:00 IST" duration-ms="103" status="PASS">
          <reporter-output>
          </reporter-output>
        </test-method> <!-- deleteBeforeCatch -->
        <test-method signature="editLabel()[pri:55, instance:org.test.CustomerCreateOrganizationModule@67f639d3]" started-at="2023-05-28T22:47:00 IST" name="editLabel" finished-at="2023-05-28T22:47:06 IST" duration-ms="6186" status="PASS">
          <reporter-output>
          </reporter-output>
        </test-method> <!-- editLabel -->
        <test-method is-config="true" signature="deleteAfterCatch()[pri:0, instance:org.test.CustomerCreateOrganizationModule@67f639d3]" started-at="2023-05-28T22:47:06 IST" name="deleteAfterCatch" finished-at="2023-05-28T22:47:06 IST" duration-ms="31" status="PASS">
          <reporter-output>
          </reporter-output>
        </test-method> <!-- deleteAfterCatch -->
        <test-method is-config="true" signature="deleteBeforeCatch()[pri:0, instance:org.test.CustomerCreateOrganizationModule@67f639d3]" started-at="2023-05-28T22:47:06 IST" name="deleteBeforeCatch" finished-at="2023-05-28T22:47:06 IST" duration-ms="14" status="PASS">
          <reporter-output>
          </reporter-output>
        </test-method> <!-- deleteBeforeCatch -->
        <test-method signature="organizationNamePrepopulate()[pri:56, instance:org.test.CustomerCreateOrganizationModule@67f639d3]" started-at="2023-05-28T22:47:06 IST" name="organizationNamePrepopulate" finished-at="2023-05-28T22:47:06 IST" duration-ms="104" status="PASS">
          <reporter-output>
          </reporter-output>
        </test-method> <!-- organizationNamePrepopulate -->
        <test-method is-config="true" signature="deleteAfterCatch()[pri:0, instance:org.test.CustomerCreateOrganizationModule@67f639d3]" started-at="2023-05-28T22:47:06 IST" name="deleteAfterCatch" finished-at="2023-05-28T22:47:06 IST" duration-ms="15" status="PASS">
          <reporter-output>
          </reporter-output>
        </test-method> <!-- deleteAfterCatch -->
        <test-method is-config="true" signature="deleteBeforeCatch()[pri:0, instance:org.test.CustomerCreateOrganizationModule@67f639d3]" started-at="2023-05-28T22:47:06 IST" name="deleteBeforeCatch" finished-at="2023-05-28T22:47:06 IST" duration-ms="9" status="PASS">
          <reporter-output>
          </reporter-output>
        </test-method> <!-- deleteBeforeCatch -->
        <test-method signature="websitePrepopulate()[pri:57, instance:org.test.CustomerCreateOrganizationModule@67f639d3]" started-at="2023-05-28T22:47:06 IST" name="websitePrepopulate" finished-at="2023-05-28T22:47:06 IST" duration-ms="81" status="PASS">
          <reporter-output>
          </reporter-output>
        </test-method> <!-- websitePrepopulate -->
        <test-method is-config="true" signature="deleteAfterCatch()[pri:0, instance:org.test.CustomerCreateOrganizationModule@67f639d3]" started-at="2023-05-28T22:47:06 IST" name="deleteAfterCatch" finished-at="2023-05-28T22:47:06 IST" duration-ms="10" status="PASS">
          <reporter-output>
          </reporter-output>
        </test-method> <!-- deleteAfterCatch -->
        <test-method is-config="true" signature="deleteBeforeCatch()[pri:0, instance:org.test.CustomerCreateOrganizationModule@67f639d3]" started-at="2023-05-28T22:47:06 IST" name="deleteBeforeCatch" finished-at="2023-05-28T22:47:06 IST" duration-ms="9" status="PASS">
          <reporter-output>
          </reporter-output>
        </test-method> <!-- deleteBeforeCatch -->
        <test-method signature="Address1Prepopulate()[pri:58, instance:org.test.CustomerCreateOrganizationModule@67f639d3]" started-at="2023-05-28T22:47:06 IST" name="Address1Prepopulate" finished-at="2023-05-28T22:47:06 IST" duration-ms="88" status="PASS">
          <reporter-output>
          </reporter-output>
        </test-method> <!-- Address1Prepopulate -->
        <test-method is-config="true" signature="deleteAfterCatch()[pri:0, instance:org.test.CustomerCreateOrganizationModule@67f639d3]" started-at="2023-05-28T22:47:06 IST" name="deleteAfterCatch" finished-at="2023-05-28T22:47:06 IST" duration-ms="9" status="PASS">
          <reporter-output>
          </reporter-output>
        </test-method> <!-- deleteAfterCatch -->
        <test-method is-config="true" signature="deleteBeforeCatch()[pri:0, instance:org.test.CustomerCreateOrganizationModule@67f639d3]" started-at="2023-05-28T22:47:06 IST" name="deleteBeforeCatch" finished-at="2023-05-28T22:47:06 IST" duration-ms="9" status="PASS">
          <reporter-output>
          </reporter-output>
        </test-method> <!-- deleteBeforeCatch -->
        <test-method signature="Address2Prepopulate()[pri:59, instance:org.test.CustomerCreateOrganizationModule@67f639d3]" started-at="2023-05-28T22:47:06 IST" name="Address2Prepopulate" finished-at="2023-05-28T22:47:06 IST" duration-ms="79" status="PASS">
          <reporter-output>
          </reporter-output>
        </test-method> <!-- Address2Prepopulate -->
        <test-method is-config="true" signature="deleteAfterCatch()[pri:0, instance:org.test.CustomerCreateOrganizationModule@67f639d3]" started-at="2023-05-28T22:47:06 IST" name="deleteAfterCatch" finished-at="2023-05-28T22:47:06 IST" duration-ms="9" status="PASS">
          <reporter-output>
          </reporter-output>
        </test-method> <!-- deleteAfterCatch -->
        <test-method is-config="true" signature="deleteBeforeCatch()[pri:0, instance:org.test.CustomerCreateOrganizationModule@67f639d3]" started-at="2023-05-28T22:47:06 IST" name="deleteBeforeCatch" finished-at="2023-05-28T22:47:06 IST" duration-ms="10" status="PASS">
          <reporter-output>
          </reporter-output>
        </test-method> <!-- deleteBeforeCatch -->
        <test-method signature="CityPrepopulate()[pri:60, instance:org.test.CustomerCreateOrganizationModule@67f639d3]" started-at="2023-05-28T22:47:06 IST" name="CityPrepopulate" finished-at="2023-05-28T22:47:06 IST" duration-ms="82" status="PASS">
          <reporter-output>
          </reporter-output>
        </test-method> <!-- CityPrepopulate -->
        <test-method is-config="true" signature="deleteAfterCatch()[pri:0, instance:org.test.CustomerCreateOrganizationModule@67f639d3]" started-at="2023-05-28T22:47:06 IST" name="deleteAfterCatch" finished-at="2023-05-28T22:47:06 IST" duration-ms="10" status="PASS">
          <reporter-output>
          </reporter-output>
        </test-method> <!-- deleteAfterCatch -->
        <test-method is-config="true" signature="deleteBeforeCatch()[pri:0, instance:org.test.CustomerCreateOrganizationModule@67f639d3]" started-at="2023-05-28T22:47:06 IST" name="deleteBeforeCatch" finished-at="2023-05-28T22:47:06 IST" duration-ms="10" status="PASS">
          <reporter-output>
          </reporter-output>
        </test-method> <!-- deleteBeforeCatch -->
        <test-method signature="StatePrepopulate()[pri:61, instance:org.test.CustomerCreateOrganizationModule@67f639d3]" started-at="2023-05-28T22:47:06 IST" name="StatePrepopulate" finished-at="2023-05-28T22:47:07 IST" duration-ms="261" status="PASS">
          <reporter-output>
          </reporter-output>
        </test-method> <!-- StatePrepopulate -->
        <test-method is-config="true" signature="deleteAfterCatch()[pri:0, instance:org.test.CustomerCreateOrganizationModule@67f639d3]" started-at="2023-05-28T22:47:07 IST" name="deleteAfterCatch" finished-at="2023-05-28T22:47:07 IST" duration-ms="9" status="PASS">
          <reporter-output>
          </reporter-output>
        </test-method> <!-- deleteAfterCatch -->
        <test-method is-config="true" signature="deleteBeforeCatch()[pri:0, instance:org.test.CustomerCreateOrganizationModule@67f639d3]" started-at="2023-05-28T22:47:07 IST" name="deleteBeforeCatch" finished-at="2023-05-28T22:47:07 IST" duration-ms="9" status="PASS">
          <reporter-output>
          </reporter-output>
        </test-method> <!-- deleteBeforeCatch -->
        <test-method signature="ZipcodePrepopulate()[pri:62, instance:org.test.CustomerCreateOrganizationModule@67f639d3]" started-at="2023-05-28T22:47:07 IST" name="ZipcodePrepopulate" finished-at="2023-05-28T22:47:07 IST" duration-ms="100" status="PASS">
          <reporter-output>
          </reporter-output>
        </test-method> <!-- ZipcodePrepopulate -->
        <test-method is-config="true" signature="deleteAfterCatch()[pri:0, instance:org.test.CustomerCreateOrganizationModule@67f639d3]" started-at="2023-05-28T22:47:07 IST" name="deleteAfterCatch" finished-at="2023-05-28T22:47:07 IST" duration-ms="14" status="PASS">
          <reporter-output>
          </reporter-output>
        </test-method> <!-- deleteAfterCatch -->
        <test-method is-config="true" signature="deleteBeforeCatch()[pri:0, instance:org.test.CustomerCreateOrganizationModule@67f639d3]" started-at="2023-05-28T22:47:07 IST" name="deleteBeforeCatch" finished-at="2023-05-28T22:47:07 IST" duration-ms="15" status="PASS">
          <reporter-output>
          </reporter-output>
        </test-method> <!-- deleteBeforeCatch -->
        <test-method signature="leadSourcePrepopulate()[pri:63, instance:org.test.CustomerCreateOrganizationModule@67f639d3]" started-at="2023-05-28T22:47:07 IST" name="leadSourcePrepopulate" finished-at="2023-05-28T22:47:07 IST" duration-ms="129" status="PASS">
          <reporter-output>
          </reporter-output>
        </test-method> <!-- leadSourcePrepopulate -->
        <test-method is-config="true" signature="deleteAfterCatch()[pri:0, instance:org.test.CustomerCreateOrganizationModule@67f639d3]" started-at="2023-05-28T22:47:07 IST" name="deleteAfterCatch" finished-at="2023-05-28T22:47:07 IST" duration-ms="11" status="PASS">
          <reporter-output>
          </reporter-output>
        </test-method> <!-- deleteAfterCatch -->
        <test-method is-config="true" signature="deleteBeforeCatch()[pri:0, instance:org.test.CustomerCreateOrganizationModule@67f639d3]" started-at="2023-05-28T22:47:07 IST" name="deleteBeforeCatch" finished-at="2023-05-28T22:47:07 IST" duration-ms="10" status="PASS">
          <reporter-output>
          </reporter-output>
        </test-method> <!-- deleteBeforeCatch -->
        <test-method signature="taxNumberPrepopulate()[pri:63, instance:org.test.CustomerCreateOrganizationModule@67f639d3]" started-at="2023-05-28T22:47:07 IST" name="taxNumberPrepopulate" finished-at="2023-05-28T22:47:07 IST" duration-ms="287" status="PASS">
          <reporter-output>
          </reporter-output>
        </test-method> <!-- taxNumberPrepopulate -->
        <test-method is-config="true" signature="deleteAfterCatch()[pri:0, instance:org.test.CustomerCreateOrganizationModule@67f639d3]" started-at="2023-05-28T22:47:07 IST" name="deleteAfterCatch" finished-at="2023-05-28T22:47:07 IST" duration-ms="10" status="PASS">
          <reporter-output>
          </reporter-output>
        </test-method> <!-- deleteAfterCatch -->
        <test-method is-config="true" signature="deleteBeforeCatch()[pri:0, instance:org.test.CustomerCreateOrganizationModule@67f639d3]" started-at="2023-05-28T22:47:07 IST" name="deleteBeforeCatch" finished-at="2023-05-28T22:47:07 IST" duration-ms="7" status="PASS">
          <reporter-output>
          </reporter-output>
        </test-method> <!-- deleteBeforeCatch -->
        <test-method signature="phoneNumberPrepopulate()[pri:64, instance:org.test.CustomerCreateOrganizationModule@67f639d3]" started-at="2023-05-28T22:47:07 IST" name="phoneNumberPrepopulate" finished-at="2023-05-28T22:47:08 IST" duration-ms="389" status="PASS">
          <reporter-output>
          </reporter-output>
        </test-method> <!-- phoneNumberPrepopulate -->
        <test-method is-config="true" signature="deleteAfterCatch()[pri:0, instance:org.test.CustomerCreateOrganizationModule@67f639d3]" started-at="2023-05-28T22:47:08 IST" name="deleteAfterCatch" finished-at="2023-05-28T22:47:08 IST" duration-ms="15" status="PASS">
          <reporter-output>
          </reporter-output>
        </test-method> <!-- deleteAfterCatch -->
        <test-method is-config="true" signature="deleteBeforeCatch()[pri:0, instance:org.test.CustomerCreateOrganizationModule@67f639d3]" started-at="2023-05-28T22:47:08 IST" name="deleteBeforeCatch" finished-at="2023-05-28T22:47:08 IST" duration-ms="14" status="PASS">
          <reporter-output>
          </reporter-output>
        </test-method> <!-- deleteBeforeCatch -->
        <test-method signature="firstNamePrepopulate()[pri:65, instance:org.test.CustomerCreateOrganizationModule@67f639d3]" started-at="2023-05-28T22:47:08 IST" name="firstNamePrepopulate" finished-at="2023-05-28T22:47:08 IST" duration-ms="86" status="PASS">
          <reporter-output>
          </reporter-output>
        </test-method> <!-- firstNamePrepopulate -->
        <test-method is-config="true" signature="deleteAfterCatch()[pri:0, instance:org.test.CustomerCreateOrganizationModule@67f639d3]" started-at="2023-05-28T22:47:08 IST" name="deleteAfterCatch" finished-at="2023-05-28T22:47:08 IST" duration-ms="9" status="PASS">
          <reporter-output>
          </reporter-output>
        </test-method> <!-- deleteAfterCatch -->
        <test-method is-config="true" signature="deleteBeforeCatch()[pri:0, instance:org.test.CustomerCreateOrganizationModule@67f639d3]" started-at="2023-05-28T22:47:08 IST" name="deleteBeforeCatch" finished-at="2023-05-28T22:47:08 IST" duration-ms="8" status="PASS">
          <reporter-output>
          </reporter-output>
        </test-method> <!-- deleteBeforeCatch -->
        <test-method signature="lastNamePrepopulate()[pri:66, instance:org.test.CustomerCreateOrganizationModule@67f639d3]" started-at="2023-05-28T22:47:08 IST" name="lastNamePrepopulate" finished-at="2023-05-28T22:47:08 IST" duration-ms="71" status="PASS">
          <reporter-output>
          </reporter-output>
        </test-method> <!-- lastNamePrepopulate -->
        <test-method is-config="true" signature="deleteAfterCatch()[pri:0, instance:org.test.CustomerCreateOrganizationModule@67f639d3]" started-at="2023-05-28T22:47:08 IST" name="deleteAfterCatch" finished-at="2023-05-28T22:47:08 IST" duration-ms="8" status="PASS">
          <reporter-output>
          </reporter-output>
        </test-method> <!-- deleteAfterCatch -->
        <test-method is-config="true" signature="deleteBeforeCatch()[pri:0, instance:org.test.CustomerCreateOrganizationModule@67f639d3]" started-at="2023-05-28T22:47:08 IST" name="deleteBeforeCatch" finished-at="2023-05-28T22:47:08 IST" duration-ms="8" status="PASS">
          <reporter-output>
          </reporter-output>
        </test-method> <!-- deleteBeforeCatch -->
        <test-method signature="emailPrepopulate()[pri:67, instance:org.test.CustomerCreateOrganizationModule@67f639d3]" started-at="2023-05-28T22:47:08 IST" name="emailPrepopulate" finished-at="2023-05-28T22:47:08 IST" duration-ms="69" status="PASS">
          <reporter-output>
          </reporter-output>
        </test-method> <!-- emailPrepopulate -->
        <test-method is-config="true" signature="deleteAfterCatch()[pri:0, instance:org.test.CustomerCreateOrganizationModule@67f639d3]" started-at="2023-05-28T22:47:08 IST" name="deleteAfterCatch" finished-at="2023-05-28T22:47:08 IST" duration-ms="9" status="PASS">
          <reporter-output>
          </reporter-output>
        </test-method> <!-- deleteAfterCatch -->
        <test-method is-config="true" signature="deleteBeforeCatch()[pri:0, instance:org.test.CustomerCreateOrganizationModule@67f639d3]" started-at="2023-05-28T22:47:08 IST" name="deleteBeforeCatch" finished-at="2023-05-28T22:47:08 IST" duration-ms="8" status="PASS">
          <reporter-output>
          </reporter-output>
        </test-method> <!-- deleteBeforeCatch -->
        <test-method signature="jobTittlePrepopulate()[pri:68, instance:org.test.CustomerCreateOrganizationModule@67f639d3]" started-at="2023-05-28T22:47:08 IST" name="jobTittlePrepopulate" finished-at="2023-05-28T22:47:08 IST" duration-ms="90" status="PASS">
          <reporter-output>
          </reporter-output>
        </test-method> <!-- jobTittlePrepopulate -->
        <test-method is-config="true" signature="deleteAfterCatch()[pri:0, instance:org.test.CustomerCreateOrganizationModule@67f639d3]" started-at="2023-05-28T22:47:08 IST" name="deleteAfterCatch" finished-at="2023-05-28T22:47:08 IST" duration-ms="12" status="PASS">
          <reporter-output>
          </reporter-output>
        </test-method> <!-- deleteAfterCatch -->
        <test-method is-config="true" signature="deleteBeforeCatch()[pri:0, instance:org.test.CustomerCreateOrganizationModule@67f639d3]" started-at="2023-05-28T22:47:08 IST" name="deleteBeforeCatch" finished-at="2023-05-28T22:47:08 IST" duration-ms="12" status="PASS">
          <reporter-output>
          </reporter-output>
        </test-method> <!-- deleteBeforeCatch -->
        <test-method signature="contactphoneNumberPrepopulate()[pri:69, instance:org.test.CustomerCreateOrganizationModule@67f639d3]" started-at="2023-05-28T22:47:08 IST" name="contactphoneNumberPrepopulate" finished-at="2023-05-28T22:47:09 IST" duration-ms="471" status="PASS">
          <reporter-output>
          </reporter-output>
        </test-method> <!-- contactphoneNumberPrepopulate -->
[...]
          <reporter-output>
          </reporter-output>
        </test-method> <!-- deleteBeforeCatch -->
        <test-method signature="editmaxValidationPropertyLastNameField()[pri:111, instance:org.test.CustomerCreateOrganizationModule@67f639d3]" started-at="2023-05-28T22:47:52 IST" name="editmaxValidationPropertyLastNameField" finished-at="2023-05-28T22:47:53 IST" duration-ms="1180" status="PASS">
          <reporter-output>
          </reporter-output>
        </test-method> <!-- editmaxValidationPropertyLastNameField -->
        <test-method is-config="true" signature="deleteAfterCatch()[pri:0, instance:org.test.CustomerCreateOrganizationModule@67f639d3]" started-at="2023-05-28T22:47:53 IST" name="deleteAfterCatch" finished-at="2023-05-28T22:47:53 IST" duration-ms="11" status="PASS">
          <reporter-output>
          </reporter-output>
        </test-method> <!-- deleteAfterCatch -->
        <test-method is-config="true" signature="deleteBeforeCatch()[pri:0, instance:org.test.CustomerCreateOrganizationModule@67f639d3]" started-at="2023-05-28T22:47:53 IST" name="deleteBeforeCatch" finished-at="2023-05-28T22:47:53 IST" duration-ms="7" status="PASS">
          <reporter-output>
          </reporter-output>
        </test-method> <!-- deleteBeforeCatch -->
        <test-method signature="editmaxValidationPropertyAddress1Field()[pri:112, instance:org.test.CustomerCreateOrganizationModule@67f639d3]" started-at="2023-05-28T22:47:53 IST" name="editmaxValidationPropertyAddress1Field" finished-at="2023-05-28T22:47:54 IST" duration-ms="1137" status="PASS">
          <reporter-output>
          </reporter-output>
        </test-method> <!-- editmaxValidationPropertyAddress1Field -->
        <test-method is-config="true" signature="deleteAfterCatch()[pri:0, instance:org.test.CustomerCreateOrganizationModule@67f639d3]" started-at="2023-05-28T22:47:54 IST" name="deleteAfterCatch" finished-at="2023-05-28T22:47:54 IST" duration-ms="13" status="PASS">
          <reporter-output>
          </reporter-output>
        </test-method> <!-- deleteAfterCatch -->
        <test-method is-config="true" signature="deleteBeforeCatch()[pri:0, instance:org.test.CustomerCreateOrganizationModule@67f639d3]" started-at="2023-05-28T22:47:54 IST" name="deleteBeforeCatch" finished-at="2023-05-28T22:47:54 IST" duration-ms="9" status="PASS">
          <reporter-output>
          </reporter-output>
        </test-method> <!-- deleteBeforeCatch -->
        <test-method signature="editmaxValidationPropertyAddress2Field()[pri:113, instance:org.test.CustomerCreateOrganizationModule@67f639d3]" started-at="2023-05-28T22:47:54 IST" name="editmaxValidationPropertyAddress2Field" finished-at="2023-05-28T22:47:55 IST" duration-ms="1139" status="PASS">
          <reporter-output>
          </reporter-output>
        </test-method> <!-- editmaxValidationPropertyAddress2Field -->
        <test-method is-config="true" signature="deleteAfterCatch()[pri:0, instance:org.test.CustomerCreateOrganizationModule@67f639d3]" started-at="2023-05-28T22:47:55 IST" name="deleteAfterCatch" finished-at="2023-05-28T22:47:55 IST" duration-ms="11" status="PASS">
          <reporter-output>
          </reporter-output>
        </test-method> <!-- deleteAfterCatch -->
        <test-method is-config="true" signature="deleteBeforeCatch()[pri:0, instance:org.test.CustomerCreateOrganizationModule@67f639d3]" started-at="2023-05-28T22:47:55 IST" name="deleteBeforeCatch" finished-at="2023-05-28T22:47:55 IST" duration-ms="9" status="PASS">
          <reporter-output>
          </reporter-output>
        </test-method> <!-- deleteBeforeCatch -->
        <test-method signature="editmaxValidationPropertyStateField()[pri:114, instance:org.test.CustomerCreateOrganizationModule@67f639d3]" started-at="2023-05-28T22:47:55 IST" name="editmaxValidationPropertyStateField" finished-at="2023-05-28T22:47:56 IST" duration-ms="1136" status="PASS">
          <reporter-output>
          </reporter-output>
        </test-method> <!-- editmaxValidationPropertyStateField -->
        <test-method is-config="true" signature="deleteAfterCatch()[pri:0, instance:org.test.CustomerCreateOrganizationModule@67f639d3]" started-at="2023-05-28T22:47:56 IST" name="deleteAfterCatch" finished-at="2023-05-28T22:47:56 IST" duration-ms="13" status="PASS">
          <reporter-output>
          </reporter-output>
        </test-method> <!-- deleteAfterCatch -->
        <test-method is-config="true" signature="deleteBeforeCatch()[pri:0, instance:org.test.CustomerCreateOrganizationModule@67f639d3]" started-at="2023-05-28T22:47:56 IST" name="deleteBeforeCatch" finished-at="2023-05-28T22:47:56 IST" duration-ms="7" status="PASS">
          <reporter-output>
          </reporter-output>
        </test-method> <!-- deleteBeforeCatch -->
        <test-method signature="editmaxValidationPropertyCityField()[pri:115, instance:org.test.CustomerCreateOrganizationModule@67f639d3]" started-at="2023-05-28T22:47:56 IST" name="editmaxValidationPropertyCityField" finished-at="2023-05-28T22:47:58 IST" duration-ms="1183" status="PASS">
          <reporter-output>
          </reporter-output>
        </test-method> <!-- editmaxValidationPropertyCityField -->
        <test-method is-config="true" signature="deleteAfterCatch()[pri:0, instance:org.test.CustomerCreateOrganizationModule@67f639d3]" started-at="2023-05-28T22:47:58 IST" name="deleteAfterCatch" finished-at="2023-05-28T22:47:58 IST" duration-ms="11" status="PASS">
          <reporter-output>
          </reporter-output>
        </test-method> <!-- deleteAfterCatch -->
        <test-method is-config="true" signature="deleteBeforeCatch()[pri:0, instance:org.test.CustomerCreateOrganizationModule@67f639d3]" started-at="2023-05-28T22:47:58 IST" name="deleteBeforeCatch" finished-at="2023-05-28T22:47:58 IST" duration-ms="9" status="PASS">
          <reporter-output>
          </reporter-output>
        </test-method> <!-- deleteBeforeCatch -->
        <test-method signature="editspecialCharacterPropertyZipcodeField()[pri:116, instance:org.test.CustomerCreateOrganizationModule@67f639d3]" started-at="2023-05-28T22:47:58 IST" name="editspecialCharacterPropertyZipcodeField" finished-at="2023-05-28T22:47:58 IST" duration-ms="436" status="PASS">
          <reporter-output>
          </reporter-output>
        </test-method> <!-- editspecialCharacterPropertyZipcodeField -->
        <test-method is-config="true" signature="deleteAfterCatch()[pri:0, instance:org.test.CustomerCreateOrganizationModule@67f639d3]" started-at="2023-05-28T22:47:58 IST" name="deleteAfterCatch" finished-at="2023-05-28T22:47:58 IST" duration-ms="8" status="PASS">
          <reporter-output>
          </reporter-output>
        </test-method> <!-- deleteAfterCatch -->
        <test-method is-config="true" signature="deleteBeforeCatch()[pri:0, instance:org.test.CustomerCreateOrganizationModule@67f639d3]" started-at="2023-05-28T22:47:58 IST" name="deleteBeforeCatch" finished-at="2023-05-28T22:47:58 IST" duration-ms="8" status="PASS">
          <reporter-output>
          </reporter-output>
        </test-method> <!-- deleteBeforeCatch -->
        <test-method signature="editminValidationPropertyZipCodeField()[pri:117, instance:org.test.CustomerCreateOrganizationModule@67f639d3]" started-at="2023-05-28T22:47:58 IST" name="editminValidationPropertyZipCodeField" finished-at="2023-05-28T22:47:58 IST" duration-ms="420" status="PASS">
          <reporter-output>
          </reporter-output>
        </test-method> <!-- editminValidationPropertyZipCodeField -->
        <test-method is-config="true" signature="deleteAfterCatch()[pri:0, instance:org.test.CustomerCreateOrganizationModule@67f639d3]" started-at="2023-05-28T22:47:58 IST" name="deleteAfterCatch" finished-at="2023-05-28T22:47:58 IST" duration-ms="8" status="PASS">
          <reporter-output>
          </reporter-output>
        </test-method> <!-- deleteAfterCatch -->
        <test-method is-config="true" signature="deleteBeforeCatch()[pri:0, instance:org.test.CustomerCreateOrganizationModule@67f639d3]" started-at="2023-05-28T22:47:58 IST" name="deleteBeforeCatch" finished-at="2023-05-28T22:47:58 IST" duration-ms="7" status="PASS">
          <reporter-output>
          </reporter-output>
        </test-method> <!-- deleteBeforeCatch -->
        <test-method signature="editmaxValidationPropertyZipCodeField()[pri:118, instance:org.test.CustomerCreateOrganizationModule@67f639d3]" started-at="2023-05-28T22:47:58 IST" name="editmaxValidationPropertyZipCodeField" finished-at="2023-05-28T22:48:00 IST" duration-ms="1438" status="PASS">
          <reporter-output>
          </reporter-output>
        </test-method> <!-- editmaxValidationPropertyZipCodeField -->
        <test-method is-config="true" signature="deleteAfterCatch()[pri:0, instance:org.test.CustomerCreateOrganizationModule@67f639d3]" started-at="2023-05-28T22:48:00 IST" name="deleteAfterCatch" finished-at="2023-05-28T22:48:00 IST" duration-ms="9" status="PASS">
          <reporter-output>
          </reporter-output>
        </test-method> <!-- deleteAfterCatch -->
        <test-method is-config="true" signature="deleteBeforeCatch()[pri:0, instance:org.test.CustomerCreateOrganizationModule@67f639d3]" started-at="2023-05-28T22:48:00 IST" name="deleteBeforeCatch" finished-at="2023-05-28T22:48:00 IST" duration-ms="7" status="PASS">
          <reporter-output>
          </reporter-output>
        </test-method> <!-- deleteBeforeCatch -->
        <test-method signature="editmaxValidationProductNameField()[pri:119, instance:org.test.CustomerCreateOrganizationModule@67f639d3]" started-at="2023-05-28T22:48:00 IST" name="editmaxValidationProductNameField" finished-at="2023-05-28T22:48:01 IST" duration-ms="1198" status="PASS">
          <reporter-output>
          </reporter-output>
        </test-method> <!-- editmaxValidationProductNameField -->
        <test-method is-config="true" signature="deleteAfterCatch()[pri:0, instance:org.test.CustomerCreateOrganizationModule@67f639d3]" started-at="2023-05-28T22:48:01 IST" name="deleteAfterCatch" finished-at="2023-05-28T22:48:01 IST" duration-ms="10" status="PASS">
          <reporter-output>
          </reporter-output>
        </test-method> <!-- deleteAfterCatch -->
        <test-method is-config="true" signature="deleteBeforeCatch()[pri:0, instance:org.test.CustomerCreateOrganizationModule@67f639d3]" started-at="2023-05-28T22:48:01 IST" name="deleteBeforeCatch" finished-at="2023-05-28T22:48:01 IST" duration-ms="8" status="PASS">
          <reporter-output>
          </reporter-output>
        </test-method> <!-- deleteBeforeCatch -->
        <test-method signature="editmaxValidationBrandNameField()[pri:120, instance:org.test.CustomerCreateOrganizationModule@67f639d3]" started-at="2023-05-28T22:48:01 IST" name="editmaxValidationBrandNameField" finished-at="2023-05-28T22:48:02 IST" duration-ms="1156" status="PASS">
          <reporter-output>
          </reporter-output>
        </test-method> <!-- editmaxValidationBrandNameField -->
        <test-method is-config="true" signature="deleteAfterCatch()[pri:0, instance:org.test.CustomerCreateOrganizationModule@67f639d3]" started-at="2023-05-28T22:48:02 IST" name="deleteAfterCatch" finished-at="2023-05-28T22:48:02 IST" duration-ms="12" status="PASS">
          <reporter-output>
          </reporter-output>
        </test-method> <!-- deleteAfterCatch -->
        <test-method is-config="true" signature="deleteBeforeCatch()[pri:0, instance:org.test.CustomerCreateOrganizationModule@67f639d3]" started-at="2023-05-28T22:48:02 IST" name="deleteBeforeCatch" finished-at="2023-05-28T22:48:02 IST" duration-ms="8" status="PASS">
          <reporter-output>
          </reporter-output>
        </test-method> <!-- deleteBeforeCatch -->
        <test-method signature="editmaxValidationModelNumberField()[pri:121, instance:org.test.CustomerCreateOrganizationModule@67f639d3]" started-at="2023-05-28T22:48:02 IST" name="editmaxValidationModelNumberField" finished-at="2023-05-28T22:48:04 IST" duration-ms="1195" status="PASS">
          <reporter-output>
          </reporter-output>
        </test-method> <!-- editmaxValidationModelNumberField -->
        <test-method is-config="true" signature="deleteAfterCatch()[pri:0, instance:org.test.CustomerCreateOrganizationModule@67f639d3]" started-at="2023-05-28T22:48:04 IST" name="deleteAfterCatch" finished-at="2023-05-28T22:48:04 IST" duration-ms="10" status="PASS">
          <reporter-output>
          </reporter-output>
        </test-method> <!-- deleteAfterCatch -->
        <test-method is-config="true" signature="deleteBeforeCatch()[pri:0, instance:org.test.CustomerCreateOrganizationModule@67f639d3]" started-at="2023-05-28T22:48:04 IST" name="deleteBeforeCatch" finished-at="2023-05-28T22:48:04 IST" duration-ms="9" status="PASS">
          <reporter-output>
          </reporter-output>
        </test-method> <!-- deleteBeforeCatch -->
        <test-method signature="editmaxValidationSerialNumberField()[pri:122, instance:org.test.CustomerCreateOrganizationModule@67f639d3]" started-at="2023-05-28T22:48:04 IST" name="editmaxValidationSerialNumberField" finished-at="2023-05-28T22:48:05 IST" duration-ms="1157" status="PASS">
          <reporter-output>
          </reporter-output>
        </test-method> <!-- editmaxValidationSerialNumberField -->
        <test-method is-config="true" signature="deleteAfterCatch()[pri:0, instance:org.test.CustomerCreateOrganizationModule@67f639d3]" started-at="2023-05-28T22:48:05 IST" name="deleteAfterCatch" finished-at="2023-05-28T22:48:05 IST" duration-ms="9" status="PASS">
          <reporter-output>
          </reporter-output>
        </test-method> <!-- deleteAfterCatch -->
        <test-method is-config="true" signature="deleteBeforeCatch()[pri:0, instance:org.test.CustomerCreateOrganizationModule@67f639d3]" started-at="2023-05-28T22:48:05 IST" name="deleteBeforeCatch" finished-at="2023-05-28T22:48:05 IST" duration-ms="10" status="PASS">
          <reporter-output>
          </reporter-output>
        </test-method> <!-- deleteBeforeCatch -->
        <test-method signature="editdateValidation()[pri:123, instance:org.test.CustomerCreateOrganizationModule@67f639d3]" started-at="2023-05-28T22:48:05 IST" name="editdateValidation" finished-at="2023-05-28T22:48:15 IST" duration-ms="10448" status="PASS">
          <reporter-output>
          </reporter-output>
        </test-method> <!-- editdateValidation -->
        <test-method is-config="true" signature="deleteAfterCatch()[pri:0, instance:org.test.CustomerCreateOrganizationModule@67f639d3]" started-at="2023-05-28T22:48:15 IST" name="deleteAfterCatch" finished-at="2023-05-28T22:48:15 IST" duration-ms="10" status="PASS">
          <reporter-output>
          </reporter-output>
        </test-method> <!-- deleteAfterCatch -->
        <test-method is-config="true" signature="deleteBeforeCatch()[pri:0, instance:org.test.CustomerCreateOrganizationModule@67f639d3]" started-at="2023-05-28T22:48:15 IST" name="deleteBeforeCatch" finished-at="2023-05-28T22:48:15 IST" duration-ms="13" status="PASS">
          <reporter-output>
          </reporter-output>
        </test-method> <!-- deleteBeforeCatch -->
        <test-method signature="editmaxValidationAccessHoursField()[pri:124, instance:org.test.CustomerCreateOrganizationModule@67f639d3]" started-at="2023-05-28T22:48:15 IST" name="editmaxValidationAccessHoursField" finished-at="2023-05-28T22:48:17 IST" duration-ms="1556" status="PASS">
          <reporter-output>
          </reporter-output>
        </test-method> <!-- editmaxValidationAccessHoursField -->
        <test-method is-config="true" signature="deleteAfterCatch()[pri:0, instance:org.test.CustomerCreateOrganizationModule@67f639d3]" started-at="2023-05-28T22:48:17 IST" name="deleteAfterCatch" finished-at="2023-05-28T22:48:17 IST" duration-ms="11" status="PASS">
          <reporter-output>
          </reporter-output>
        </test-method> <!-- deleteAfterCatch -->
        <test-method is-config="true" signature="deleteBeforeCatch()[pri:0, instance:org.test.CustomerCreateOrganizationModule@67f639d3]" started-at="2023-05-28T22:48:17 IST" name="deleteBeforeCatch" finished-at="2023-05-28T22:48:17 IST" duration-ms="10" status="PASS">
          <reporter-output>
          </reporter-output>
        </test-method> <!-- deleteBeforeCatch -->
        <test-method signature="editmaxValidationInstallationNotesField()[pri:125, instance:org.test.CustomerCreateOrganizationModule@67f639d3]" started-at="2023-05-28T22:48:17 IST" name="editmaxValidationInstallationNotesField" finished-at="2023-05-28T22:48:23 IST" duration-ms="6396" status="PASS">
          <reporter-output>
          </reporter-output>
        </test-method> <!-- editmaxValidationInstallationNotesField -->
        <test-method is-config="true" signature="deleteAfterCatch()[pri:0, instance:org.test.CustomerCreateOrganizationModule@67f639d3]" started-at="2023-05-28T22:48:23 IST" name="deleteAfterCatch" finished-at="2023-05-28T22:48:23 IST" duration-ms="15" status="PASS">
          <reporter-output>
          </reporter-output>
        </test-method> <!-- deleteAfterCatch -->
        <test-method is-config="true" signature="deleteBeforeCatch()[pri:0, instance:org.test.CustomerCreateOrganizationModule@67f639d3]" started-at="2023-05-28T22:48:23 IST" name="deleteBeforeCatch" finished-at="2023-05-28T22:48:23 IST" duration-ms="11" status="PASS">
          <reporter-output>
          </reporter-output>
        </test-method> <!-- deleteBeforeCatch -->
        <test-method signature="editOrganization()[pri:126, instance:org.test.CustomerCreateOrganizationModule@67f639d3]" started-at="2023-05-28T22:48:23 IST" name="editOrganization" finished-at="2023-05-28T22:48:48 IST" duration-ms="24499" status="PASS">
          <reporter-output>
          </reporter-output>
        </test-method> <!-- editOrganization -->
        <test-method is-config="true" signature="deleteAfterCatch()[pri:0, instance:org.test.CustomerCreateOrganizationModule@67f639d3]" started-at="2023-05-28T22:48:48 IST" name="deleteAfterCatch" finished-at="2023-05-28T22:48:48 IST" duration-ms="25" status="PASS">
          <reporter-output>
          </reporter-output>
        </test-method> <!-- deleteAfterCatch -->
        <test-method is-config="true" signature="deleteBeforeCatch()[pri:0, instance:org.test.CustomerCreateOrganizationModule@67f639d3]" started-at="2023-05-28T22:48:48 IST" name="deleteBeforeCatch" finished-at="2023-05-28T22:48:48 IST" duration-ms="13" status="PASS">
          <reporter-output>
          </reporter-output>
        </test-method> <!-- deleteBeforeCatch -->
        <test-method signature="deleteContactList()[pri:127, instance:org.test.CustomerCreateOrganizationModule@67f639d3]" started-at="2023-05-28T22:48:48 IST" name="deleteContactList" finished-at="2023-05-28T22:48:56 IST" duration-ms="8237" status="PASS">
          <reporter-output>
          </reporter-output>
        </test-method> <!-- deleteContactList -->
        <test-method is-config="true" signature="deleteAfterCatch()[pri:0, instance:org.test.CustomerCreateOrganizationModule@67f639d3]" started-at="2023-05-28T22:48:56 IST" name="deleteAfterCatch" finished-at="2023-05-28T22:48:56 IST" duration-ms="12" status="PASS">
          <reporter-output>
          </reporter-output>
        </test-method> <!-- deleteAfterCatch -->
        <test-method is-config="true" signature="exitBrowser()[pri:0, instance:org.test.CustomerCreateOrganizationModule@67f639d3]" started-at="2023-05-28T22:48:56 IST" name="exitBrowser" finished-at="2023-05-28T22:48:57 IST" duration-ms="958" status="PASS">
          <reporter-output>
          </reporter-output>
        </test-method> <!-- exitBrowser -->
      </class> <!-- org.test.CustomerCreateOrganizationModule -->
    </test> <!-- Default test -->
  </suite> <!-- Default suite -->
</testng-results>
