<?xml version="1.0" encoding="UTF-8"?>
<testng-results ignored="0" total="503" passed="502" failed="1" skipped="0">
  <reporter-output>
  </reporter-output>
  <suite started-at="2023-06-26T11:40:56 IST" name="Suite" finished-at="2023-06-26T12:02:39 IST" duration-ms="1302733">
    <groups>
    </groups>
    <test started-at="2023-06-26T11:40:56 IST" name="Test" finished-at="2023-06-26T12:02:39 IST" duration-ms="1302733">
      <class name="org.test.Login">
        <test-method is-config="true" signature="setup()[pri:0, instance:org.test.Login@4d154ccd]" started-at="2023-06-26T11:42:44 IST" name="setup" finished-at="2023-06-26T11:42:45 IST" duration-ms="1085" status="PASS">
          <reporter-output>
          </reporter-output>
        </test-method> <!-- setup -->
        <test-method is-config="true" signature="deleteBeforeCatch()[pri:0, instance:org.test.Login@4d154ccd]" started-at="2023-06-26T11:42:45 IST" name="deleteBeforeCatch" finished-at="2023-06-26T11:42:45 IST" duration-ms="8" status="PASS">
          <reporter-output>
          </reporter-output>
        </test-method> <!-- deleteBeforeCatch -->
        <test-method signature="verifyEmptyEmail()[pri:1, instance:org.test.Login@4d154ccd]" started-at="2023-06-26T11:42:45 IST" name="verifyEmptyEmail" finished-at="2023-06-26T11:42:56 IST" duration-ms="10688" status="PASS">
          <reporter-output>
          </reporter-output>
        </test-method> <!-- verifyEmptyEmail -->
        <test-method is-config="true" signature="deleteAfterCatch()[pri:0, instance:org.test.Login@4d154ccd]" started-at="2023-06-26T11:42:56 IST" name="deleteAfterCatch" finished-at="2023-06-26T11:42:56 IST" duration-ms="12" status="PASS">
          <reporter-output>
          </reporter-output>
        </test-method> <!-- deleteAfterCatch -->
        <test-method is-config="true" signature="deleteBeforeCatch()[pri:0, instance:org.test.Login@4d154ccd]" started-at="2023-06-26T11:42:56 IST" name="deleteBeforeCatch" finished-at="2023-06-26T11:42:56 IST" duration-ms="9" status="PASS">
          <reporter-output>
          </reporter-output>
        </test-method> <!-- deleteBeforeCatch -->
        <test-method signature="verifyEmptyPassword()[pri:2, instance:org.test.Login@4d154ccd]" started-at="2023-06-26T11:42:56 IST" name="verifyEmptyPassword" finished-at="2023-06-26T11:42:59 IST" duration-ms="3122" status="PASS">
          <reporter-output>
          </reporter-output>
        </test-method> <!-- verifyEmptyPassword -->
        <test-method is-config="true" signature="deleteAfterCatch()[pri:0, instance:org.test.Login@4d154ccd]" started-at="2023-06-26T11:42:59 IST" name="deleteAfterCatch" finished-at="2023-06-26T11:42:59 IST" duration-ms="9" status="PASS">
          <reporter-output>
          </reporter-output>
        </test-method> <!-- deleteAfterCatch -->
        <test-method is-config="true" signature="deleteBeforeCatch()[pri:0, instance:org.test.Login@4d154ccd]" started-at="2023-06-26T11:42:59 IST" name="deleteBeforeCatch" finished-at="2023-06-26T11:42:59 IST" duration-ms="11" status="PASS">
          <reporter-output>
          </reporter-output>
        </test-method> <!-- deleteBeforeCatch -->
        <test-method signature="verifyIncorrectMail()[pri:3, instance:org.test.Login@4d154ccd]" started-at="2023-06-26T11:42:59 IST" name="verifyIncorrectMail" finished-at="2023-06-26T11:43:01 IST" duration-ms="1535" status="PASS">
          <reporter-output>
          </reporter-output>
        </test-method> <!-- verifyIncorrectMail -->
        <test-method is-config="true" signature="deleteAfterCatch()[pri:0, instance:org.test.Login@4d154ccd]" started-at="2023-06-26T11:43:01 IST" name="deleteAfterCatch" finished-at="2023-06-26T11:43:01 IST" duration-ms="9" status="PASS">
          <reporter-output>
          </reporter-output>
        </test-method> <!-- deleteAfterCatch -->
        <test-method is-config="true" signature="deleteBeforeCatch()[pri:0, instance:org.test.Login@4d154ccd]" started-at="2023-06-26T11:43:01 IST" name="deleteBeforeCatch" finished-at="2023-06-26T11:43:01 IST" duration-ms="8" status="PASS">
          <reporter-output>
          </reporter-output>
        </test-method> <!-- deleteBeforeCatch -->
        <test-method signature="verifyIncorrectPassword()[pri:4, instance:org.test.Login@4d154ccd]" started-at="2023-06-26T11:43:01 IST" name="verifyIncorrectPassword" finished-at="2023-06-26T11:43:04 IST" duration-ms="3145" status="PASS">
          <reporter-output>
          </reporter-output>
        </test-method> <!-- verifyIncorrectPassword -->
        <test-method is-config="true" signature="deleteAfterCatch()[pri:0, instance:org.test.Login@4d154ccd]" started-at="2023-06-26T11:43:04 IST" name="deleteAfterCatch" finished-at="2023-06-26T11:43:04 IST" duration-ms="10" status="PASS">
          <reporter-output>
          </reporter-output>
        </test-method> <!-- deleteAfterCatch -->
        <test-method is-config="true" signature="deleteBeforeCatch()[pri:0, instance:org.test.Login@4d154ccd]" started-at="2023-06-26T11:43:04 IST" name="deleteBeforeCatch" finished-at="2023-06-26T11:43:04 IST" duration-ms="15" status="PASS">
          <reporter-output>
          </reporter-output>
        </test-method> <!-- deleteBeforeCatch -->
        <test-method signature="verifyInvalidEmail()[pri:5, instance:org.test.Login@4d154ccd]" started-at="2023-06-26T11:43:04 IST" name="verifyInvalidEmail" finished-at="2023-06-26T11:43:07 IST" duration-ms="2490" status="PASS">
          <reporter-output>
          </reporter-output>
        </test-method> <!-- verifyInvalidEmail -->
        <test-method is-config="true" signature="deleteAfterCatch()[pri:0, instance:org.test.Login@4d154ccd]" started-at="2023-06-26T11:43:07 IST" name="deleteAfterCatch" finished-at="2023-06-26T11:43:07 IST" duration-ms="7" status="PASS">
          <reporter-output>
          </reporter-output>
        </test-method> <!-- deleteAfterCatch -->
        <test-method is-config="true" signature="deleteBeforeCatch()[pri:0, instance:org.test.Login@4d154ccd]" started-at="2023-06-26T11:43:07 IST" name="deleteBeforeCatch" finished-at="2023-06-26T11:43:07 IST" duration-ms="7" status="PASS">
          <reporter-output>
          </reporter-output>
        </test-method> <!-- deleteBeforeCatch -->
        <test-method signature="verifyInvalidCredentials()[pri:7, instance:org.test.Login@4d154ccd]" started-at="2023-06-26T11:43:07 IST" name="verifyInvalidCredentials" finished-at="2023-06-26T11:43:08 IST" duration-ms="1927" status="PASS">
          <reporter-output>
          </reporter-output>
        </test-method> <!-- verifyInvalidCredentials -->
        <test-method is-config="true" signature="deleteAfterCatch()[pri:0, instance:org.test.Login@4d154ccd]" started-at="2023-06-26T11:43:08 IST" name="deleteAfterCatch" finished-at="2023-06-26T11:43:08 IST" duration-ms="8" status="PASS">
          <reporter-output>
          </reporter-output>
        </test-method> <!-- deleteAfterCatch -->
        <test-method is-config="true" signature="deleteBeforeCatch()[pri:0, instance:org.test.Login@4d154ccd]" started-at="2023-06-26T11:43:08 IST" name="deleteBeforeCatch" finished-at="2023-06-26T11:43:08 IST" duration-ms="8" status="PASS">
          <reporter-output>
          </reporter-output>
        </test-method> <!-- deleteBeforeCatch -->
        <test-method signature="verify()[pri:8, instance:org.test.Login@4d154ccd]" started-at="2023-06-26T11:43:08 IST" name="verify" finished-at="2023-06-26T11:43:40 IST" duration-ms="31076" status="PASS">
          <reporter-output>
          </reporter-output>
        </test-method> <!-- verify -->
        <test-method is-config="true" signature="deleteAfterCatch()[pri:0, instance:org.test.Login@4d154ccd]" started-at="2023-06-26T11:43:40 IST" name="deleteAfterCatch" finished-at="2023-06-26T11:43:40 IST" duration-ms="10" status="PASS">
          <reporter-output>
          </reporter-output>
        </test-method> <!-- deleteAfterCatch -->
        <test-method is-config="true" signature="exitBrowser()[pri:0, instance:org.test.Login@4d154ccd]" started-at="2023-06-26T11:43:40 IST" name="exitBrowser" finished-at="2023-06-26T11:43:40 IST" duration-ms="206" status="PASS">
          <reporter-output>
          </reporter-output>
        </test-method> <!-- exitBrowser -->
      </class> <!-- org.test.Login -->
      <class name="org.test.CustomerCreateOrganizationModule">
        <test-method is-config="true" signature="setup()[pri:0, instance:org.test.CustomerCreateOrganizationModule@f09733f]" started-at="2023-06-26T11:58:18 IST" name="setup" finished-at="2023-06-26T11:58:20 IST" duration-ms="1104" status="PASS">
          <reporter-output>
          </reporter-output>
        </test-method> <!-- setup -->
        <test-method is-config="true" signature="deleteBeforeCatch()[pri:0, instance:org.test.CustomerCreateOrganizationModule@f09733f]" started-at="2023-06-26T11:58:20 IST" name="deleteBeforeCatch" finished-at="2023-06-26T11:58:20 IST" duration-ms="7" status="PASS">
          <reporter-output>
          </reporter-output>
        </test-method> <!-- deleteBeforeCatch -->
        <test-method signature="loginPage()[pri:0, instance:org.test.CustomerCreateOrganizationModule@f09733f]" started-at="2023-06-26T11:58:20 IST" name="loginPage" finished-at="2023-06-26T11:58:46 IST" duration-ms="26562" status="PASS">
          <reporter-output>
          </reporter-output>
        </test-method> <!-- loginPage -->
        <test-method is-config="true" signature="deleteAfterCatch()[pri:0, instance:org.test.CustomerCreateOrganizationModule@f09733f]" started-at="2023-06-26T11:58:46 IST" name="deleteAfterCatch" finished-at="2023-06-26T11:58:46 IST" duration-ms="14" status="PASS">
          <reporter-output>
          </reporter-output>
        </test-method> <!-- deleteAfterCatch -->
        <test-method is-config="true" signature="deleteBeforeCatch()[pri:0, instance:org.test.CustomerCreateOrganizationModule@f09733f]" started-at="2023-06-26T11:58:46 IST" name="deleteBeforeCatch" finished-at="2023-06-26T11:58:46 IST" duration-ms="6" status="PASS">
          <reporter-output>
          </reporter-output>
        </test-method> <!-- deleteBeforeCatch -->
        <test-method signature="modulePage()[pri:1, instance:org.test.CustomerCreateOrganizationModule@f09733f]" started-at="2023-06-26T11:58:46 IST" name="modulePage" finished-at="2023-06-26T11:58:51 IST" duration-ms="4735" status="PASS">
          <reporter-output>
          </reporter-output>
        </test-method> <!-- modulePage -->
        <test-method is-config="true" signature="deleteAfterCatch()[pri:0, instance:org.test.CustomerCreateOrganizationModule@f09733f]" started-at="2023-06-26T11:58:51 IST" name="deleteAfterCatch" finished-at="2023-06-26T11:58:51 IST" duration-ms="12" status="PASS">
          <reporter-output>
          </reporter-output>
        </test-method> <!-- deleteAfterCatch -->
        <test-method is-config="true" signature="deleteBeforeCatch()[pri:0, instance:org.test.CustomerCreateOrganizationModule@f09733f]" started-at="2023-06-26T11:58:51 IST" name="deleteBeforeCatch" finished-at="2023-06-26T11:58:51 IST" duration-ms="6" status="PASS">
          <reporter-output>
          </reporter-output>
        </test-method> <!-- deleteBeforeCatch -->
        <test-method signature="createLabel()[pri:2, instance:org.test.CustomerCreateOrganizationModule@f09733f]" started-at="2023-06-26T11:58:51 IST" name="createLabel" finished-at="2023-06-26T11:58:51 IST" duration-ms="590" status="PASS">
          <reporter-output>
          </reporter-output>
        </test-method> <!-- createLabel -->
        <test-method is-config="true" signature="deleteAfterCatch()[pri:0, instance:org.test.CustomerCreateOrganizationModule@f09733f]" started-at="2023-06-26T11:58:51 IST" name="deleteAfterCatch" finished-at="2023-06-26T11:58:51 IST" duration-ms="7" status="PASS">
          <reporter-output>
          </reporter-output>
        </test-method> <!-- deleteAfterCatch -->
        <test-method is-config="true" signature="deleteBeforeCatch()[pri:0, instance:org.test.CustomerCreateOrganizationModule@f09733f]" started-at="2023-06-26T11:58:51 IST" name="deleteBeforeCatch" finished-at="2023-06-26T11:58:51 IST" duration-ms="7" status="PASS">
          <reporter-output>
          </reporter-output>
        </test-method> <!-- deleteBeforeCatch -->
        <test-method signature="maxValidation()[pri:3, instance:org.test.CustomerCreateOrganizationModule@f09733f]" started-at="2023-06-26T11:58:51 IST" name="maxValidation" finished-at="2023-06-26T11:58:54 IST" duration-ms="2605" status="PASS">
          <reporter-output>
          </reporter-output>
        </test-method> <!-- maxValidation -->
        <test-method is-config="true" signature="deleteAfterCatch()[pri:0, instance:org.test.CustomerCreateOrganizationModule@f09733f]" started-at="2023-06-26T11:58:54 IST" name="deleteAfterCatch" finished-at="2023-06-26T11:58:54 IST" duration-ms="7" status="PASS">
          <reporter-output>
          </reporter-output>
        </test-method> <!-- deleteAfterCatch -->
        <test-method is-config="true" signature="deleteBeforeCatch()[pri:0, instance:org.test.CustomerCreateOrganizationModule@f09733f]" started-at="2023-06-26T11:58:54 IST" name="deleteBeforeCatch" finished-at="2023-06-26T11:58:54 IST" duration-ms="7" status="PASS">
          <reporter-output>
          </reporter-output>
        </test-method> <!-- deleteBeforeCatch -->
        <test-method signature="maxValidationOrganizationField()[pri:4, instance:org.test.CustomerCreateOrganizationModule@f09733f]" started-at="2023-06-26T11:58:54 IST" name="maxValidationOrganizationField" finished-at="2023-06-26T11:58:55 IST" duration-ms="1191" status="PASS">
          <reporter-output>
          </reporter-output>
        </test-method> <!-- maxValidationOrganizationField -->
        <test-method is-config="true" signature="deleteAfterCatch()[pri:0, instance:org.test.CustomerCreateOrganizationModule@f09733f]" started-at="2023-06-26T11:58:55 IST" name="deleteAfterCatch" finished-at="2023-06-26T11:58:55 IST" duration-ms="14" status="PASS">
          <reporter-output>
          </reporter-output>
        </test-method> <!-- deleteAfterCatch -->
        <test-method is-config="true" signature="deleteBeforeCatch()[pri:0, instance:org.test.CustomerCreateOrganizationModule@f09733f]" started-at="2023-06-26T11:58:55 IST" name="deleteBeforeCatch" finished-at="2023-06-26T11:58:55 IST" duration-ms="10" status="PASS">
          <reporter-output>
          </reporter-output>
        </test-method> <!-- deleteBeforeCatch -->
        <test-method signature="maxValidationWebsiteField()[pri:5, instance:org.test.CustomerCreateOrganizationModule@f09733f]" started-at="2023-06-26T11:58:55 IST" name="maxValidationWebsiteField" finished-at="2023-06-26T11:59:00 IST" duration-ms="5067" status="PASS">
          <reporter-output>
          </reporter-output>
        </test-method> <!-- maxValidationWebsiteField -->
        <test-method is-config="true" signature="deleteAfterCatch()[pri:0, instance:org.test.CustomerCreateOrganizationModule@f09733f]" started-at="2023-06-26T11:59:00 IST" name="deleteAfterCatch" finished-at="2023-06-26T11:59:00 IST" duration-ms="10" status="PASS">
          <reporter-output>
          </reporter-output>
        </test-method> <!-- deleteAfterCatch -->
        <test-method is-config="true" signature="deleteBeforeCatch()[pri:0, instance:org.test.CustomerCreateOrganizationModule@f09733f]" started-at="2023-06-26T11:59:00 IST" name="deleteBeforeCatch" finished-at="2023-06-26T11:59:00 IST" duration-ms="8" status="PASS">
          <reporter-output>
          </reporter-output>
        </test-method> <!-- deleteBeforeCatch -->
        <test-method signature="maxValidationAddress1Field()[pri:6, instance:org.test.CustomerCreateOrganizationModule@f09733f]" started-at="2023-06-26T11:59:00 IST" name="maxValidationAddress1Field" finished-at="2023-06-26T11:59:01 IST" duration-ms="939" status="PASS">
          <reporter-output>
          </reporter-output>
        </test-method> <!-- maxValidationAddress1Field -->
        <test-method is-config="true" signature="deleteAfterCatch()[pri:0, instance:org.test.CustomerCreateOrganizationModule@f09733f]" started-at="2023-06-26T11:59:01 IST" name="deleteAfterCatch" finished-at="2023-06-26T11:59:01 IST" duration-ms="8" status="PASS">
          <reporter-output>
          </reporter-output>
        </test-method> <!-- deleteAfterCatch -->
        <test-method is-config="true" signature="deleteBeforeCatch()[pri:0, instance:org.test.CustomerCreateOrganizationModule@f09733f]" started-at="2023-06-26T11:59:01 IST" name="deleteBeforeCatch" finished-at="2023-06-26T11:59:01 IST" duration-ms="8" status="PASS">
          <reporter-output>
          </reporter-output>
        </test-method> <!-- deleteBeforeCatch -->
        <test-method signature="maxValidationAddress2Field()[pri:7, instance:org.test.CustomerCreateOrganizationModule@f09733f]" started-at="2023-06-26T11:59:01 IST" name="maxValidationAddress2Field" finished-at="2023-06-26T11:59:02 IST" duration-ms="992" status="PASS">
          <reporter-output>
          </reporter-output>
        </test-method> <!-- maxValidationAddress2Field -->
        <test-method is-config="true" signature="deleteAfterCatch()[pri:0, instance:org.test.CustomerCreateOrganizationModule@f09733f]" started-at="2023-06-26T11:59:02 IST" name="deleteAfterCatch" finished-at="2023-06-26T11:59:02 IST" duration-ms="11" status="PASS">
          <reporter-output>
          </reporter-output>
        </test-method> <!-- deleteAfterCatch -->
        <test-method is-config="true" signature="deleteBeforeCatch()[pri:0, instance:org.test.CustomerCreateOrganizationModule@f09733f]" started-at="2023-06-26T11:59:02 IST" name="deleteBeforeCatch" finished-at="2023-06-26T11:59:02 IST" duration-ms="8" status="PASS">
          <reporter-output>
          </reporter-output>
        </test-method> <!-- deleteBeforeCatch -->
        <test-method signature="maxValidationCityField()[pri:8, instance:org.test.CustomerCreateOrganizationModule@f09733f]" started-at="2023-06-26T11:59:02 IST" name="maxValidationCityField" finished-at="2023-06-26T11:59:03 IST" duration-ms="909" status="PASS">
          <reporter-output>
          </reporter-output>
        </test-method> <!-- maxValidationCityField -->
        <test-method is-config="true" signature="deleteAfterCatch()[pri:0, instance:org.test.CustomerCreateOrganizationModule@f09733f]" started-at="2023-06-26T11:59:03 IST" name="deleteAfterCatch" finished-at="2023-06-26T11:59:03 IST" duration-ms="10" status="PASS">
          <reporter-output>
          </reporter-output>
        </test-method> <!-- deleteAfterCatch -->
        <test-method is-config="true" signature="deleteBeforeCatch()[pri:0, instance:org.test.CustomerCreateOrganizationModule@f09733f]" started-at="2023-06-26T11:59:03 IST" name="deleteBeforeCatch" finished-at="2023-06-26T11:59:03 IST" duration-ms="12" status="PASS">
          <reporter-output>
          </reporter-output>
        </test-method> <!-- deleteBeforeCatch -->
        <test-method signature="maxValidationStateField()[pri:9, instance:org.test.CustomerCreateOrganizationModule@f09733f]" started-at="2023-06-26T11:59:03 IST" name="maxValidationStateField" finished-at="2023-06-26T11:59:04 IST" duration-ms="817" status="PASS">
          <reporter-output>
          </reporter-output>
        </test-method> <!-- maxValidationStateField -->
        <test-method is-config="true" signature="deleteAfterCatch()[pri:0, instance:org.test.CustomerCreateOrganizationModule@f09733f]" started-at="2023-06-26T11:59:04 IST" name="deleteAfterCatch" finished-at="2023-06-26T11:59:04 IST" duration-ms="12" status="PASS">
          <reporter-output>
          </reporter-output>
        </test-method> <!-- deleteAfterCatch -->
        <test-method is-config="true" signature="deleteBeforeCatch()[pri:0, instance:org.test.CustomerCreateOrganizationModule@f09733f]" started-at="2023-06-26T11:59:04 IST" name="deleteBeforeCatch" finished-at="2023-06-26T11:59:04 IST" duration-ms="10" status="PASS">
          <reporter-output>
          </reporter-output>
        </test-method> <!-- deleteBeforeCatch -->
        <test-method signature="minValidationZipcodeField()[pri:10, instance:org.test.CustomerCreateOrganizationModule@f09733f]" started-at="2023-06-26T11:59:04 IST" name="minValidationZipcodeField" finished-at="2023-06-26T11:59:04 IST" duration-ms="268" status="PASS">
          <reporter-output>
          </reporter-output>
        </test-method> <!-- minValidationZipcodeField -->
        <test-method is-config="true" signature="deleteAfterCatch()[pri:0, instance:org.test.CustomerCreateOrganizationModule@f09733f]" started-at="2023-06-26T11:59:04 IST" name="deleteAfterCatch" finished-at="2023-06-26T11:59:04 IST" duration-ms="10" status="PASS">
          <reporter-output>
          </reporter-output>
        </test-method> <!-- deleteAfterCatch -->
        <test-method is-config="true" signature="deleteBeforeCatch()[pri:0, instance:org.test.CustomerCreateOrganizationModule@f09733f]" started-at="2023-06-26T11:59:04 IST" name="deleteBeforeCatch" finished-at="2023-06-26T11:59:04 IST" duration-ms="6" status="PASS">
          <reporter-output>
          </reporter-output>
        </test-method> <!-- deleteBeforeCatch -->
        <test-method signature="maxValidationZipcodeField()[pri:11, instance:org.test.CustomerCreateOrganizationModule@f09733f]" started-at="2023-06-26T11:59:04 IST" name="maxValidationZipcodeField" finished-at="2023-06-26T11:59:05 IST" duration-ms="290" status="PASS">
          <reporter-output>
          </reporter-output>
        </test-method> <!-- maxValidationZipcodeField -->
        <test-method is-config="true" signature="deleteAfterCatch()[pri:0, instance:org.test.CustomerCreateOrganizationModule@f09733f]" started-at="2023-06-26T11:59:05 IST" name="deleteAfterCatch" finished-at="2023-06-26T11:59:05 IST" duration-ms="8" status="PASS">
          <reporter-output>
          </reporter-output>
        </test-method> <!-- deleteAfterCatch -->
        <test-method is-config="true" signature="deleteBeforeCatch()[pri:0, instance:org.test.CustomerCreateOrganizationModule@f09733f]" started-at="2023-06-26T11:59:05 IST" name="deleteBeforeCatch" finished-at="2023-06-26T11:59:05 IST" duration-ms="10" status="PASS">
          <reporter-output>
          </reporter-output>
        </test-method> <!-- deleteBeforeCatch -->
        <test-method signature="specialCharacterZipcodeField()[pri:12, instance:org.test.CustomerCreateOrganizationModule@f09733f]" started-at="2023-06-26T11:59:05 IST" name="specialCharacterZipcodeField" finished-at="2023-06-26T11:59:05 IST" duration-ms="279" status="PASS">
          <reporter-output>
          </reporter-output>
        </test-method> <!-- specialCharacterZipcodeField -->
        <test-method is-config="true" signature="deleteAfterCatch()[pri:0, instance:org.test.CustomerCreateOrganizationModule@f09733f]" started-at="2023-06-26T11:59:05 IST" name="deleteAfterCatch" finished-at="2023-06-26T11:59:05 IST" duration-ms="8" status="PASS">
          <reporter-output>
          </reporter-output>
        </test-method> <!-- deleteAfterCatch -->
        <test-method is-config="true" signature="deleteBeforeCatch()[pri:0, instance:org.test.CustomerCreateOrganizationModule@f09733f]" started-at="2023-06-26T11:59:05 IST" name="deleteBeforeCatch" finished-at="2023-06-26T11:59:05 IST" duration-ms="12" status="PASS">
          <reporter-output>
          </reporter-output>
        </test-method> <!-- deleteBeforeCatch -->
        <test-method signature="emailValidation()[pri:13, instance:org.test.CustomerCreateOrganizationModule@f09733f]" started-at="2023-06-26T11:59:05 IST" name="emailValidation" finished-at="2023-06-26T11:59:05 IST" duration-ms="316" status="PASS">
          <reporter-output>
          </reporter-output>
        </test-method> <!-- emailValidation -->
        <test-method is-config="true" signature="deleteAfterCatch()[pri:0, instance:org.test.CustomerCreateOrganizationModule@f09733f]" started-at="2023-06-26T11:59:05 IST" name="deleteAfterCatch" finished-at="2023-06-26T11:59:05 IST" duration-ms="7" status="PASS">
          <reporter-output>
          </reporter-output>
        </test-method> <!-- deleteAfterCatch -->
        <test-method is-config="true" signature="deleteBeforeCatch()[pri:0, instance:org.test.CustomerCreateOrganizationModule@f09733f]" started-at="2023-06-26T11:59:05 IST" name="deleteBeforeCatch" finished-at="2023-06-26T11:59:05 IST" duration-ms="8" status="PASS">
          <reporter-output>
          </reporter-output>
        </test-method> <!-- deleteBeforeCatch -->
        <test-method signature="maxValidationEmailField()[pri:14, instance:org.test.CustomerCreateOrganizationModule@f09733f]" started-at="2023-06-26T11:59:05 IST" name="maxValidationEmailField" finished-at="2023-06-26T11:59:06 IST" duration-ms="973" status="PASS">
          <reporter-output>
          </reporter-output>
        </test-method> <!-- maxValidationEmailField -->
        <test-method is-config="true" signature="deleteAfterCatch()[pri:0, instance:org.test.CustomerCreateOrganizationModule@f09733f]" started-at="2023-06-26T11:59:06 IST" name="deleteAfterCatch" finished-at="2023-06-26T11:59:06 IST" duration-ms="7" status="PASS">
          <reporter-output>
          </reporter-output>
        </test-method> <!-- deleteAfterCatch -->
        <test-method is-config="true" signature="deleteBeforeCatch()[pri:0, instance:org.test.CustomerCreateOrganizationModule@f09733f]" started-at="2023-06-26T11:59:06 IST" name="deleteBeforeCatch" finished-at="2023-06-26T11:59:06 IST" duration-ms="7" status="PASS">
          <reporter-output>
          </reporter-output>
        </test-method> <!-- deleteBeforeCatch -->
        <test-method signature="maxValidationTaxNumberField()[pri:14, instance:org.test.CustomerCreateOrganizationModule@f09733f]" started-at="2023-06-26T11:59:06 IST" name="maxValidationTaxNumberField" finished-at="2023-06-26T11:59:11 IST" duration-ms="4849" status="PASS">
          <reporter-output>
          </reporter-output>
        </test-method> <!-- maxValidationTaxNumberField -->
        <test-method is-config="true" signature="deleteAfterCatch()[pri:0, instance:org.test.CustomerCreateOrganizationModule@f09733f]" started-at="2023-06-26T11:59:11 IST" name="deleteAfterCatch" finished-at="2023-06-26T11:59:11 IST" duration-ms="8" status="PASS">
          <reporter-output>
          </reporter-output>
        </test-method> <!-- deleteAfterCatch -->
        <test-method is-config="true" signature="deleteBeforeCatch()[pri:0, instance:org.test.CustomerCreateOrganizationModule@f09733f]" started-at="2023-06-26T11:59:11 IST" name="deleteBeforeCatch" finished-at="2023-06-26T11:59:11 IST" duration-ms="8" status="PASS">
          <reporter-output>
          </reporter-output>
        </test-method> <!-- deleteBeforeCatch -->
        <test-method signature="invalidPhoneNumberField()[pri:15, instance:org.test.CustomerCreateOrganizationModule@f09733f]" started-at="2023-06-26T11:59:11 IST" name="invalidPhoneNumberField" finished-at="2023-06-26T11:59:12 IST" duration-ms="309" status="PASS">
          <reporter-output>
          </reporter-output>
        </test-method> <!-- invalidPhoneNumberField -->
        <test-method is-config="true" signature="deleteAfterCatch()[pri:0, instance:org.test.CustomerCreateOrganizationModule@f09733f]" started-at="2023-06-26T11:59:12 IST" name="deleteAfterCatch" finished-at="2023-06-26T11:59:12 IST" duration-ms="8" status="PASS">
          <reporter-output>
          </reporter-output>
        </test-method> <!-- deleteAfterCatch -->
        <test-method is-config="true" signature="deleteBeforeCatch()[pri:0, instance:org.test.CustomerCreateOrganizationModule@f09733f]" started-at="2023-06-26T11:59:12 IST" name="deleteBeforeCatch" finished-at="2023-06-26T11:59:12 IST" duration-ms="8" status="PASS">
          <reporter-output>
          </reporter-output>
        </test-method> <!-- deleteBeforeCatch -->
        <test-method signature="minValidationPhoneNumberField()[pri:16, instance:org.test.CustomerCreateOrganizationModule@f09733f]" started-at="2023-06-26T11:59:12 IST" name="minValidationPhoneNumberField" finished-at="2023-06-26T11:59:12 IST" duration-ms="251" status="PASS">
          <reporter-output>
          </reporter-output>
        </test-method> <!-- minValidationPhoneNumberField -->
        <test-method is-config="true" signature="deleteAfterCatch()[pri:0, instance:org.test.CustomerCreateOrganizationModule@f09733f]" started-at="2023-06-26T11:59:12 IST" name="deleteAfterCatch" finished-at="2023-06-26T11:59:12 IST" duration-ms="11" status="PASS">
          <reporter-output>
          </reporter-output>
        </test-method> <!-- deleteAfterCatch -->
        <test-method is-config="true" signature="deleteBeforeCatch()[pri:0, instance:org.test.CustomerCreateOrganizationModule@f09733f]" started-at="2023-06-26T11:59:12 IST" name="deleteBeforeCatch" finished-at="2023-06-26T11:59:12 IST" duration-ms="7" status="PASS">
          <reporter-output>
          </reporter-output>
        </test-method> <!-- deleteBeforeCatch -->
        <test-method signature="maxValidationPhoneNumberField()[pri:17, instance:org.test.CustomerCreateOrganizationModule@f09733f]" started-at="2023-06-26T11:59:12 IST" name="maxValidationPhoneNumberField" finished-at="2023-06-26T11:59:12 IST" duration-ms="586" status="PASS">
          <reporter-output>
          </reporter-output>
        </test-method> <!-- maxValidationPhoneNumberField -->
        <test-method is-config="true" signature="deleteAfterCatch()[pri:0, instance:org.test.CustomerCreateOrganizationModule@f09733f]" started-at="2023-06-26T11:59:12 IST" name="deleteAfterCatch" finished-at="2023-06-26T11:59:12 IST" duration-ms="7" status="PASS">
          <reporter-output>
          </reporter-output>
        </test-method> <!-- deleteAfterCatch -->
        <test-method is-config="true" signature="deleteBeforeCatch()[pri:0, instance:org.test.CustomerCreateOrganizationModule@f09733f]" started-at="2023-06-26T11:59:12 IST" name="deleteBeforeCatch" finished-at="2023-06-26T11:59:12 IST" duration-ms="5" status="PASS">
          <reporter-output>
          </reporter-output>
        </test-method> <!-- deleteBeforeCatch -->
        <test-method signature="maxValidationContactFirstNameField()[pri:18, instance:org.test.CustomerCreateOrganizationModule@f09733f]" started-at="2023-06-26T11:59:12 IST" name="maxValidationContactFirstNameField" finished-at="2023-06-26T11:59:13 IST" duration-ms="926" status="PASS">
          <reporter-output>
          </reporter-output>
        </test-method> <!-- maxValidationContactFirstNameField -->
        <test-method is-config="true" signature="deleteAfterCatch()[pri:0, instance:org.test.CustomerCreateOrganizationModule@f09733f]" started-at="2023-06-26T11:59:13 IST" name="deleteAfterCatch" finished-at="2023-06-26T11:59:13 IST" duration-ms="8" status="PASS">
          <reporter-output>
          </reporter-output>
        </test-method> <!-- deleteAfterCatch -->
        <test-method is-config="true" signature="deleteBeforeCatch()[pri:0, instance:org.test.CustomerCreateOrganizationModule@f09733f]" started-at="2023-06-26T11:59:13 IST" name="deleteBeforeCatch" finished-at="2023-06-26T11:59:13 IST" duration-ms="6" status="PASS">
          <reporter-output>
          </reporter-output>
        </test-method> <!-- deleteBeforeCatch -->
        <test-method signature="maxValidationContactLastNameField()[pri:19, instance:org.test.CustomerCreateOrganizationModule@f09733f]" started-at="2023-06-26T11:59:13 IST" name="maxValidationContactLastNameField" finished-at="2023-06-26T11:59:14 IST" duration-ms="990" status="PASS">
          <reporter-output>
          </reporter-output>
        </test-method> <!-- maxValidationContactLastNameField -->
        <test-method is-config="true" signature="deleteAfterCatch()[pri:0, instance:org.test.CustomerCreateOrganizationModule@f09733f]" started-at="2023-06-26T11:59:14 IST" name="deleteAfterCatch" finished-at="2023-06-26T11:59:14 IST" duration-ms="8" status="PASS">
          <reporter-output>
          </reporter-output>
        </test-method> <!-- deleteAfterCatch -->
        <test-method is-config="true" signature="deleteBeforeCatch()[pri:0, instance:org.test.CustomerCreateOrganizationModule@f09733f]" started-at="2023-06-26T11:59:14 IST" name="deleteBeforeCatch" finished-at="2023-06-26T11:59:14 IST" duration-ms="10" status="PASS">
          <reporter-output>
          </reporter-output>
        </test-method> <!-- deleteBeforeCatch -->
        <test-method signature="maxValidationContactEmailField()[pri:20, instance:org.test.CustomerCreateOrganizationModule@f09733f]" started-at="2023-06-26T11:59:14 IST" name="maxValidationContactEmailField" finished-at="2023-06-26T11:59:15 IST" duration-ms="1017" status="PASS">
          <reporter-output>
          </reporter-output>
        </test-method> <!-- maxValidationContactEmailField -->
        <test-method is-config="true" signature="deleteAfterCatch()[pri:0, instance:org.test.CustomerCreateOrganizationModule@f09733f]" started-at="2023-06-26T11:59:15 IST" name="deleteAfterCatch" finished-at="2023-06-26T11:59:15 IST" duration-ms="8" status="PASS">
          <reporter-output>
          </reporter-output>
        </test-method> <!-- deleteAfterCatch -->
        <test-method is-config="true" signature="deleteBeforeCatch()[pri:0, instance:org.test.CustomerCreateOrganizationModule@f09733f]" started-at="2023-06-26T11:59:15 IST" name="deleteBeforeCatch" finished-at="2023-06-26T11:59:15 IST" duration-ms="6" status="PASS">
          <reporter-output>
          </reporter-output>
        </test-method> <!-- deleteBeforeCatch -->
        <test-method signature="validateContactEmailField()[pri:21, instance:org.test.CustomerCreateOrganizationModule@f09733f]" started-at="2023-06-26T11:59:15 IST" name="validateContactEmailField" finished-at="2023-06-26T11:59:16 IST" duration-ms="268" status="PASS">
          <reporter-output>
          </reporter-output>
        </test-method> <!-- validateContactEmailField -->
        <test-method is-config="true" signature="deleteAfterCatch()[pri:0, instance:org.test.CustomerCreateOrganizationModule@f09733f]" started-at="2023-06-26T11:59:16 IST" name="deleteAfterCatch" finished-at="2023-06-26T11:59:16 IST" duration-ms="8" status="PASS">
          <reporter-output>
          </reporter-output>
        </test-method> <!-- deleteAfterCatch -->
        <test-method is-config="true" signature="deleteBeforeCatch()[pri:0, instance:org.test.CustomerCreateOrganizationModule@f09733f]" started-at="2023-06-26T11:59:16 IST" name="deleteBeforeCatch" finished-at="2023-06-26T11:59:16 IST" duration-ms="8" status="PASS">
          <reporter-output>
          </reporter-output>
        </test-method> <!-- deleteBeforeCatch -->
        <test-method signature="minValidationContactPhoneNumberField()[pri:23, instance:org.test.CustomerCreateOrganizationModule@f09733f]" started-at="2023-06-26T11:59:16 IST" name="minValidationContactPhoneNumberField" finished-at="2023-06-26T11:59:16 IST" duration-ms="310" status="PASS">
          <reporter-output>
          </reporter-output>
        </test-method> <!-- minValidationContactPhoneNumberField -->
        <test-method is-config="true" signature="deleteAfterCatch()[pri:0, instance:org.test.CustomerCreateOrganizationModule@f09733f]" started-at="2023-06-26T11:59:16 IST" name="deleteAfterCatch" finished-at="2023-06-26T11:59:16 IST" duration-ms="10" status="PASS">
          <reporter-output>
          </reporter-output>
        </test-method> <!-- deleteAfterCatch -->
        <test-method is-config="true" signature="deleteBeforeCatch()[pri:0, instance:org.test.CustomerCreateOrganizationModule@f09733f]" started-at="2023-06-26T11:59:16 IST" name="deleteBeforeCatch" finished-at="2023-06-26T11:59:16 IST" duration-ms="8" status="PASS">
          <reporter-output>
          </reporter-output>
        </test-method> <!-- deleteBeforeCatch -->
        <test-method signature="maxValidationContactPhoneNumberField()[pri:24, instance:org.test.CustomerCreateOrganizationModule@f09733f]" started-at="2023-06-26T11:59:16 IST" name="maxValidationContactPhoneNumberField" finished-at="2023-06-26T11:59:16 IST" duration-ms="335" status="PASS">
          <reporter-output>
          </reporter-output>
        </test-method> <!-- maxValidationContactPhoneNumberField -->
        <test-method is-config="true" signature="deleteAfterCatch()[pri:0, instance:org.test.CustomerCreateOrganizationModule@f09733f]" started-at="2023-06-26T11:59:16 IST" name="deleteAfterCatch" finished-at="2023-06-26T11:59:16 IST" duration-ms="10" status="PASS">
          <reporter-output>
          </reporter-output>
        </test-method> <!-- deleteAfterCatch -->
        <test-method is-config="true" signature="deleteBeforeCatch()[pri:0, instance:org.test.CustomerCreateOrganizationModule@f09733f]" started-at="2023-06-26T11:59:16 IST" name="deleteBeforeCatch" finished-at="2023-06-26T11:59:16 IST" duration-ms="9" status="PASS">
          <reporter-output>
          </reporter-output>
        </test-method> <!-- deleteBeforeCatch -->
        <test-method signature="invalidContactPhoneNumberField()[pri:25, instance:org.test.CustomerCreateOrganizationModule@f09733f]" started-at="2023-06-26T11:59:16 IST" name="invalidContactPhoneNumberField" finished-at="2023-06-26T11:59:17 IST" duration-ms="247" status="PASS">
          <reporter-output>
          </reporter-output>
        </test-method> <!-- invalidContactPhoneNumberField -->
        <test-method is-config="true" signature="deleteAfterCatch()[pri:0, instance:org.test.CustomerCreateOrganizationModule@f09733f]" started-at="2023-06-26T11:59:17 IST" name="deleteAfterCatch" finished-at="2023-06-26T11:59:17 IST" duration-ms="7" status="PASS">
          <reporter-output>
          </reporter-output>
        </test-method> <!-- deleteAfterCatch -->
        <test-method is-config="true" signature="deleteBeforeCatch()[pri:0, instance:org.test.CustomerCreateOrganizationModule@f09733f]" started-at="2023-06-26T11:59:17 IST" name="deleteBeforeCatch" finished-at="2023-06-26T11:59:17 IST" duration-ms="6" status="PASS">
          <reporter-output>
          </reporter-output>
        </test-method> <!-- deleteBeforeCatch -->
        <test-method signature="maxValidationJobTittleField()[pri:26, instance:org.test.CustomerCreateOrganizationModule@f09733f]" started-at="2023-06-26T11:59:17 IST" name="maxValidationJobTittleField" finished-at="2023-06-26T11:59:18 IST" duration-ms="1220" status="PASS">
          <reporter-output>
          </reporter-output>
        </test-method> <!-- maxValidationJobTittleField -->
        <test-method is-config="true" signature="deleteAfterCatch()[pri:0, instance:org.test.CustomerCreateOrganizationModule@f09733f]" started-at="2023-06-26T11:59:18 IST" name="deleteAfterCatch" finished-at="2023-06-26T11:59:18 IST" duration-ms="7" status="PASS">
          <reporter-output>
          </reporter-output>
        </test-method> <!-- deleteAfterCatch -->
        <test-method is-config="true" signature="deleteBeforeCatch()[pri:0, instance:org.test.CustomerCreateOrganizationModule@f09733f]" started-at="2023-06-26T11:59:18 IST" name="deleteBeforeCatch" finished-at="2023-06-26T11:59:18 IST" duration-ms="6" status="PASS">
          <reporter-output>
          </reporter-output>
        </test-method> <!-- deleteBeforeCatch -->
        <test-method signature="maxValidationPropertyNameField()[pri:27, instance:org.test.CustomerCreateOrganizationModule@f09733f]" started-at="2023-06-26T11:59:18 IST" name="maxValidationPropertyNameField" finished-at="2023-06-26T11:59:19 IST" duration-ms="978" status="PASS">
          <reporter-output>
          </reporter-output>
        </test-method> <!-- maxValidationPropertyNameField -->
        <test-method is-config="true" signature="deleteAfterCatch()[pri:0, instance:org.test.CustomerCreateOrganizationModule@f09733f]" started-at="2023-06-26T11:59:19 IST" name="deleteAfterCatch" finished-at="2023-06-26T11:59:19 IST" duration-ms="10" status="PASS">
          <reporter-output>
          </reporter-output>
        </test-method> <!-- deleteAfterCatch -->
        <test-method is-config="true" signature="deleteBeforeCatch()[pri:0, instance:org.test.CustomerCreateOrganizationModule@f09733f]" started-at="2023-06-26T11:59:19 IST" name="deleteBeforeCatch" finished-at="2023-06-26T11:59:19 IST" duration-ms="7" status="PASS">
          <reporter-output>
          </reporter-output>
        </test-method> <!-- deleteBeforeCatch -->
        <test-method signature="maxValidationPropertyFirstNameField()[pri:28, instance:org.test.CustomerCreateOrganizationModule@f09733f]" started-at="2023-06-26T11:59:19 IST" name="maxValidationPropertyFirstNameField" finished-at="2023-06-26T11:59:20 IST" duration-ms="1045" status="PASS">
          <reporter-output>
          </reporter-output>
        </test-method> <!-- maxValidationPropertyFirstNameField -->
        <test-method is-config="true" signature="deleteAfterCatch()[pri:0, instance:org.test.CustomerCreateOrganizationModule@f09733f]" started-at="2023-06-26T11:59:20 IST" name="deleteAfterCatch" finished-at="2023-06-26T11:59:20 IST" duration-ms="8" status="PASS">
          <reporter-output>
          </reporter-output>
        </test-method> <!-- deleteAfterCatch -->
        <test-method is-config="true" signature="deleteBeforeCatch()[pri:0, instance:org.test.CustomerCreateOrganizationModule@f09733f]" started-at="2023-06-26T11:59:20 IST" name="deleteBeforeCatch" finished-at="2023-06-26T11:59:20 IST" duration-ms="7" status="PASS">
          <reporter-output>
          </reporter-output>
        </test-method> <!-- deleteBeforeCatch -->
        <test-method signature="maxValidationPropertyLastNameField()[pri:29, instance:org.test.CustomerCreateOrganizationModule@f09733f]" started-at="2023-06-26T11:59:20 IST" name="maxValidationPropertyLastNameField" finished-at="2023-06-26T11:59:21 IST" duration-ms="969" status="PASS">
          <reporter-output>
          </reporter-output>
        </test-method> <!-- maxValidationPropertyLastNameField -->
        <test-method is-config="true" signature="deleteAfterCatch()[pri:0, instance:org.test.CustomerCreateOrganizationModule@f09733f]" started-at="2023-06-26T11:59:21 IST" name="deleteAfterCatch" finished-at="2023-06-26T11:59:21 IST" duration-ms="9" status="PASS">
          <reporter-output>
          </reporter-output>
        </test-method> <!-- deleteAfterCatch -->
        <test-method is-config="true" signature="deleteBeforeCatch()[pri:0, instance:org.test.CustomerCreateOrganizationModule@f09733f]" started-at="2023-06-26T11:59:21 IST" name="deleteBeforeCatch" finished-at="2023-06-26T11:59:21 IST" duration-ms="8" status="PASS">
          <reporter-output>
          </reporter-output>
        </test-method> <!-- deleteBeforeCatch -->
        <test-method signature="maxValidationPropertyAddress1Field()[pri:30, instance:org.test.CustomerCreateOrganizationModule@f09733f]" started-at="2023-06-26T11:59:21 IST" name="maxValidationPropertyAddress1Field" finished-at="2023-06-26T11:59:22 IST" duration-ms="1004" status="PASS">
          <reporter-output>
          </reporter-output>
        </test-method> <!-- maxValidationPropertyAddress1Field -->
        <test-method is-config="true" signature="deleteAfterCatch()[pri:0, instance:org.test.CustomerCreateOrganizationModule@f09733f]" started-at="2023-06-26T11:59:22 IST" name="deleteAfterCatch" finished-at="2023-06-26T11:59:22 IST" duration-ms="8" status="PASS">
          <reporter-output>
          </reporter-output>
        </test-method> <!-- deleteAfterCatch -->
        <test-method is-config="true" signature="deleteBeforeCatch()[pri:0, instance:org.test.CustomerCreateOrganizationModule@f09733f]" started-at="2023-06-26T11:59:22 IST" name="deleteBeforeCatch" finished-at="2023-06-26T11:59:22 IST" duration-ms="6" status="PASS">
          <reporter-output>
          </reporter-output>
        </test-method> <!-- deleteBeforeCatch -->
        <test-method signature="maxValidationPropertyAddress2Field()[pri:31, instance:org.test.CustomerCreateOrganizationModule@f09733f]" started-at="2023-06-26T11:59:22 IST" name="maxValidationPropertyAddress2Field" finished-at="2023-06-26T11:59:23 IST" duration-ms="1037" status="PASS">
          <reporter-output>
          </reporter-output>
        </test-method> <!-- maxValidationPropertyAddress2Field -->
        <test-method is-config="true" signature="deleteAfterCatch()[pri:0, instance:org.test.CustomerCreateOrganizationModule@f09733f]" started-at="2023-06-26T11:59:23 IST" name="deleteAfterCatch" finished-at="2023-06-26T11:59:23 IST" duration-ms="10" status="PASS">
          <reporter-output>
          </reporter-output>
        </test-method> <!-- deleteAfterCatch -->
        <test-method is-config="true" signature="deleteBeforeCatch()[pri:0, instance:org.test.CustomerCreateOrganizationModule@f09733f]" started-at="2023-06-26T11:59:23 IST" name="deleteBeforeCatch" finished-at="2023-06-26T11:59:23 IST" duration-ms="9" status="PASS">
          <reporter-output>
          </reporter-output>
        </test-method> <!-- deleteBeforeCatch -->
        <test-method signature="maxValidationPropertyStateField()[pri:32, instance:org.test.CustomerCreateOrganizationModule@f09733f]" started-at="2023-06-26T11:59:23 IST" name="maxValidationPropertyStateField" finished-at="2023-06-26T11:59:24 IST" duration-ms="944" status="PASS">
          <reporter-output>
          </reporter-output>
        </test-method> <!-- maxValidationPropertyStateField -->
        <test-method is-config="true" signature="deleteAfterCatch()[pri:0, instance:org.test.CustomerCreateOrganizationModule@f09733f]" started-at="2023-06-26T11:59:24 IST" name="deleteAfterCatch" finished-at="2023-06-26T11:59:24 IST" duration-ms="10" status="PASS">
          <reporter-output>
          </reporter-output>
        </test-method> <!-- deleteAfterCatch -->
        <test-method is-config="true" signature="deleteBeforeCatch()[pri:0, instance:org.test.CustomerCreateOrganizationModule@f09733f]" started-at="2023-06-26T11:59:24 IST" name="deleteBeforeCatch" finished-at="2023-06-26T11:59:24 IST" duration-ms="7" status="PASS">
          <reporter-output>
          </reporter-output>
        </test-method> <!-- deleteBeforeCatch -->
        <test-method signature="maxValidationPropertyCityField()[pri:33, instance:org.test.CustomerCreateOrganizationModule@f09733f]" started-at="2023-06-26T11:59:24 IST" name="maxValidationPropertyCityField" finished-at="2023-06-26T11:59:25 IST" duration-ms="954" status="PASS">
          <reporter-output>
          </reporter-output>
        </test-method> <!-- maxValidationPropertyCityField -->
        <test-method is-config="true" signature="deleteAfterCatch()[pri:0, instance:org.test.CustomerCreateOrganizationModule@f09733f]" started-at="2023-06-26T11:59:25 IST" name="deleteAfterCatch" finished-at="2023-06-26T11:59:25 IST" duration-ms="8" status="PASS">
          <reporter-output>
          </reporter-output>
        </test-method> <!-- deleteAfterCatch -->
        <test-method is-config="true" signature="deleteBeforeCatch()[pri:0, instance:org.test.CustomerCreateOrganizationModule@f09733f]" started-at="2023-06-26T11:59:25 IST" name="deleteBeforeCatch" finished-at="2023-06-26T11:59:25 IST" duration-ms="8" status="PASS">
          <reporter-output>
          </reporter-output>
        </test-method> <!-- deleteBeforeCatch -->
        <test-method signature="specialCharacterPropertyZipcodeField()[pri:34, instance:org.test.CustomerCreateOrganizationModule@f09733f]" started-at="2023-06-26T11:59:25 IST" name="specialCharacterPropertyZipcodeField" finished-at="2023-06-26T11:59:25 IST" duration-ms="277" status="PASS">
          <reporter-output>
          </reporter-output>
        </test-method> <!-- specialCharacterPropertyZipcodeField -->
        <test-method is-config="true" signature="deleteAfterCatch()[pri:0, instance:org.test.CustomerCreateOrganizationModule@f09733f]" started-at="2023-06-26T11:59:25 IST" name="deleteAfterCatch" finished-at="2023-06-26T11:59:25 IST" duration-ms="9" status="PASS">
          <reporter-output>
          </reporter-output>
        </test-method> <!-- deleteAfterCatch -->
        <test-method is-config="true" signature="deleteBeforeCatch()[pri:0, instance:org.test.CustomerCreateOrganizationModule@f09733f]" started-at="2023-06-26T11:59:25 IST" name="deleteBeforeCatch" finished-at="2023-06-26T11:59:25 IST" duration-ms="6" status="PASS">
          <reporter-output>
          </reporter-output>
        </test-method> <!-- deleteBeforeCatch -->
        <test-method signature="minValidationPropertyZipCodeField()[pri:35, instance:org.test.CustomerCreateOrganizationModule@f09733f]" started-at="2023-06-26T11:59:25 IST" name="minValidationPropertyZipCodeField" finished-at="2023-06-26T11:59:25 IST" duration-ms="267" status="PASS">
          <reporter-output>
          </reporter-output>
        </test-method> <!-- minValidationPropertyZipCodeField -->
        <test-method is-config="true" signature="deleteAfterCatch()[pri:0, instance:org.test.CustomerCreateOrganizationModule@f09733f]" started-at="2023-06-26T11:59:25 IST" name="deleteAfterCatch" finished-at="2023-06-26T11:59:25 IST" duration-ms="8" status="PASS">
          <reporter-output>
          </reporter-output>
        </test-method> <!-- deleteAfterCatch -->
        <test-method is-config="true" signature="deleteBeforeCatch()[pri:0, instance:org.test.CustomerCreateOrganizationModule@f09733f]" started-at="2023-06-26T11:59:25 IST" name="deleteBeforeCatch" finished-at="2023-06-26T11:59:26 IST" duration-ms="6" status="PASS">
          <reporter-output>
          </reporter-output>
        </test-method> <!-- deleteBeforeCatch -->
        <test-method signature="maxValidationPropertyZipCodeField()[pri:36, instance:org.test.CustomerCreateOrganizationModule@f09733f]" started-at="2023-06-26T11:59:26 IST" name="maxValidationPropertyZipCodeField" finished-at="2023-06-26T11:59:26 IST" duration-ms="550" status="PASS">
          <reporter-output>
          </reporter-output>
        </test-method> <!-- maxValidationPropertyZipCodeField -->
        <test-method is-config="true" signature="deleteAfterCatch()[pri:0, instance:org.test.CustomerCreateOrganizationModule@f09733f]" started-at="2023-06-26T11:59:26 IST" name="deleteAfterCatch" finished-at="2023-06-26T11:59:26 IST" duration-ms="10" status="PASS">
          <reporter-output>
          </reporter-output>
        </test-method> <!-- deleteAfterCatch -->
        <test-method is-config="true" signature="deleteBeforeCatch()[pri:0, instance:org.test.CustomerCreateOrganizationModule@f09733f]" started-at="2023-06-26T11:59:26 IST" name="deleteBeforeCatch" finished-at="2023-06-26T11:59:26 IST" duration-ms="6" status="PASS">
          <reporter-output>
          </reporter-output>
        </test-method> <!-- deleteBeforeCatch -->
        <test-method signature="maxValidationProductNameField()[pri:37, instance:org.test.CustomerCreateOrganizationModule@f09733f]" started-at="2023-06-26T11:59:26 IST" name="maxValidationProductNameField" finished-at="2023-06-26T11:59:27 IST" duration-ms="966" status="PASS">
          <reporter-output>
          </reporter-output>
        </test-method> <!-- maxValidationProductNameField -->
        <test-method is-config="true" signature="deleteAfterCatch()[pri:0, instance:org.test.CustomerCreateOrganizationModule@f09733f]" started-at="2023-06-26T11:59:27 IST" name="deleteAfterCatch" finished-at="2023-06-26T11:59:27 IST" duration-ms="11" status="PASS">
          <reporter-output>
          </reporter-output>
        </test-method> <!-- deleteAfterCatch -->
        <test-method is-config="true" signature="deleteBeforeCatch()[pri:0, instance:org.test.CustomerCreateOrganizationModule@f09733f]" started-at="2023-06-26T11:59:27 IST" name="deleteBeforeCatch" finished-at="2023-06-26T11:59:27 IST" duration-ms="7" status="PASS">
          <reporter-output>
          </reporter-output>
        </test-method> <!-- deleteBeforeCatch -->
        <test-method signature="maxValidationBrandNameField()[pri:38, instance:org.test.CustomerCreateOrganizationModule@f09733f]" started-at="2023-06-26T11:59:27 IST" name="maxValidationBrandNameField" finished-at="2023-06-26T11:59:28 IST" duration-ms="1012" status="PASS">
          <reporter-output>
          </reporter-output>
        </test-method> <!-- maxValidationBrandNameField -->
        <test-method is-config="true" signature="deleteAfterCatch()[pri:0, instance:org.test.CustomerCreateOrganizationModule@f09733f]" started-at="2023-06-26T11:59:28 IST" name="deleteAfterCatch" finished-at="2023-06-26T11:59:28 IST" duration-ms="10" status="PASS">
          <reporter-output>
          </reporter-output>
        </test-method> <!-- deleteAfterCatch -->
        <test-method is-config="true" signature="deleteBeforeCatch()[pri:0, instance:org.test.CustomerCreateOrganizationModule@f09733f]" started-at="2023-06-26T11:59:28 IST" name="deleteBeforeCatch" finished-at="2023-06-26T11:59:28 IST" duration-ms="6" status="PASS">
          <reporter-output>
          </reporter-output>
        </test-method> <!-- deleteBeforeCatch -->
        <test-method signature="maxValidationModelNumberField()[pri:39, instance:org.test.CustomerCreateOrganizationModule@f09733f]" started-at="2023-06-26T11:59:28 IST" name="maxValidationModelNumberField" finished-at="2023-06-26T11:59:29 IST" duration-ms="938" status="PASS">
          <reporter-output>
          </reporter-output>
        </test-method> <!-- maxValidationModelNumberField -->
        <test-method is-config="true" signature="deleteAfterCatch()[pri:0, instance:org.test.CustomerCreateOrganizationModule@f09733f]" started-at="2023-06-26T11:59:29 IST" name="deleteAfterCatch" finished-at="2023-06-26T11:59:29 IST" duration-ms="11" status="PASS">
          <reporter-output>
          </reporter-output>
        </test-method> <!-- deleteAfterCatch -->
        <test-method is-config="true" signature="deleteBeforeCatch()[pri:0, instance:org.test.CustomerCreateOrganizationModule@f09733f]" started-at="2023-06-26T11:59:29 IST" name="deleteBeforeCatch" finished-at="2023-06-26T11:59:29 IST" duration-ms="7" status="PASS">
          <reporter-output>
          </reporter-output>
        </test-method> <!-- deleteBeforeCatch -->
        <test-method signature="maxValidationSerialNumberField()[pri:40, instance:org.test.CustomerCreateOrganizationModule@f09733f]" started-at="2023-06-26T11:59:29 IST" name="maxValidationSerialNumberField" finished-at="2023-06-26T11:59:30 IST" duration-ms="1008" status="PASS">
          <reporter-output>
          </reporter-output>
        </test-method> <!-- maxValidationSerialNumberField -->
        <test-method is-config="true" signature="deleteAfterCatch()[pri:0, instance:org.test.CustomerCreateOrganizationModule@f09733f]" started-at="2023-06-26T11:59:30 IST" name="deleteAfterCatch" finished-at="2023-06-26T11:59:30 IST" duration-ms="8" status="PASS">
          <reporter-output>
          </reporter-output>
        </test-method> <!-- deleteAfterCatch -->
        <test-method is-config="true" signature="deleteBeforeCatch()[pri:0, instance:org.test.CustomerCreateOrganizationModule@f09733f]" started-at="2023-06-26T11:59:30 IST" name="deleteBeforeCatch" finished-at="2023-06-26T11:59:30 IST" duration-ms="7" status="PASS">
          <reporter-output>
          </reporter-output>
        </test-method> <!-- deleteBeforeCatch -->
        <test-method signature="dateValidation()[pri:41, instance:org.test.CustomerCreateOrganizationModule@f09733f]" started-at="2023-06-26T11:59:30 IST" name="dateValidation" finished-at="2023-06-26T11:59:38 IST" duration-ms="7895" status="PASS">
          <reporter-output>
          </reporter-output>
        </test-method> <!-- dateValidation -->
        <test-method is-config="true" signature="deleteAfterCatch()[pri:0, instance:org.test.CustomerCreateOrganizationModule@f09733f]" started-at="2023-06-26T11:59:38 IST" name="deleteAfterCatch" finished-at="2023-06-26T11:59:38 IST" duration-ms="5" status="PASS">
          <reporter-output>
          </reporter-output>
        </test-method> <!-- deleteAfterCatch -->
        <test-method is-config="true" signature="deleteBeforeCatch()[pri:0, instance:org.test.CustomerCreateOrganizationModule@f09733f]" started-at="2023-06-26T11:59:38 IST" name="deleteBeforeCatch" finished-at="2023-06-26T11:59:38 IST" duration-ms="6" status="PASS">
          <reporter-output>
          </reporter-output>
        </test-method> <!-- deleteBeforeCatch -->
        <test-method signature="maxValidationAccessHoursField()[pri:42, instance:org.test.CustomerCreateOrganizationModule@f09733f]" started-at="2023-06-26T11:59:38 IST" name="maxValidationAccessHoursField" finished-at="2023-06-26T11:59:39 IST" duration-ms="1039" status="PASS">
          <reporter-output>
          </reporter-output>
        </test-method> <!-- maxValidationAccessHoursField -->
        <test-method is-config="true" signature="deleteAfterCatch()[pri:0, instance:org.test.CustomerCreateOrganizationModule@f09733f]" started-at="2023-06-26T11:59:39 IST" name="deleteAfterCatch" finished-at="2023-06-26T11:59:39 IST" duration-ms="6" status="PASS">
          <reporter-output>
          </reporter-output>
        </test-method> <!-- deleteAfterCatch -->
        <test-method is-config="true" signature="deleteBeforeCatch()[pri:0, instance:org.test.CustomerCreateOrganizationModule@f09733f]" started-at="2023-06-26T11:59:39 IST" name="deleteBeforeCatch" finished-at="2023-06-26T11:59:39 IST" duration-ms="8" status="PASS">
          <reporter-output>
          </reporter-output>
        </test-method> <!-- deleteBeforeCatch -->
        <test-method signature="maxValidationInstallationNotesField()[pri:43, instance:org.test.CustomerCreateOrganizationModule@f09733f]" started-at="2023-06-26T11:59:39 IST" name="maxValidationInstallationNotesField" finished-at="2023-06-26T11:59:44 IST" duration-ms="5040" status="PASS">
          <reporter-output>
          </reporter-output>
        </test-method> <!-- maxValidationInstallationNotesField -->
        <test-method is-config="true" signature="deleteAfterCatch()[pri:0, instance:org.test.CustomerCreateOrganizationModule@f09733f]" started-at="2023-06-26T11:59:44 IST" name="deleteAfterCatch" finished-at="2023-06-26T11:59:44 IST" duration-ms="14" status="PASS">
          <reporter-output>
          </reporter-output>
        </test-method> <!-- deleteAfterCatch -->
        <test-method is-config="true" signature="deleteBeforeCatch()[pri:0, instance:org.test.CustomerCreateOrganizationModule@f09733f]" started-at="2023-06-26T11:59:44 IST" name="deleteBeforeCatch" finished-at="2023-06-26T11:59:44 IST" duration-ms="7" status="PASS">
          <reporter-output>
          </reporter-output>
        </test-method> <!-- deleteBeforeCatch -->
        <test-method signature="createOrganization()[pri:44, instance:org.test.CustomerCreateOrganizationModule@f09733f]" started-at="2023-06-26T11:59:44 IST" name="createOrganization" finished-at="2023-06-26T12:00:32 IST" duration-ms="48371" status="PASS">
          <reporter-output>
          </reporter-output>
        </test-method> <!-- createOrganization -->
        <test-method is-config="true" signature="deleteAfterCatch()[pri:0, instance:org.test.CustomerCreateOrganizationModule@f09733f]" started-at="2023-06-26T12:00:32 IST" name="deleteAfterCatch" finished-at="2023-06-26T12:00:32 IST" duration-ms="13" status="PASS">
          <reporter-output>
          </reporter-output>
        </test-method> <!-- deleteAfterCatch -->
        <test-method is-config="true" signature="deleteBeforeCatch()[pri:0, instance:org.test.CustomerCreateOrganizationModule@f09733f]" started-at="2023-06-26T12:00:32 IST" name="deleteBeforeCatch" finished-at="2023-06-26T12:00:32 IST" duration-ms="7" status="PASS">
          <reporter-output>
          </reporter-output>
        </test-method> <!-- deleteBeforeCatch -->
        <test-method signature="customerOrganizationCount()[pri:45, instance:org.test.CustomerCreateOrganizationModule@f09733f]" started-at="2023-06-26T12:00:32 IST" name="customerOrganizationCount" finished-at="2023-06-26T12:00:33 IST" duration-ms="105" status="PASS">
          <reporter-output>
          </reporter-output>
        </test-method> <!-- customerOrganizationCount -->
        <test-method is-config="true" signature="deleteAfterCatch()[pri:0, instance:org.test.CustomerCreateOrganizationModule@f09733f]" started-at="2023-06-26T12:00:33 IST" name="deleteAfterCatch" finished-at="2023-06-26T12:00:33 IST" duration-ms="8" status="PASS">
          <reporter-output>
          </reporter-output>
        </test-method> <!-- deleteAfterCatch -->
        <test-method is-config="true" signature="deleteBeforeCatch()[pri:0, instance:org.test.CustomerCreateOrganizationModule@f09733f]" started-at="2023-06-26T12:00:33 IST" name="deleteBeforeCatch" finished-at="2023-06-26T12:00:33 IST" duration-ms="7" status="PASS">
          <reporter-output>
          </reporter-output>
        </test-method> <!-- deleteBeforeCatch -->
        <test-method signature="organizationNameAlreadyExistValidation()[pri:46, instance:org.test.CustomerCreateOrganizationModule@f09733f]" started-at="2023-06-26T12:00:33 IST" name="organizationNameAlreadyExistValidation" finished-at="2023-06-26T12:00:35 IST" duration-ms="2467" status="PASS">
          <reporter-output>
          </reporter-output>
        </test-method> <!-- organizationNameAlreadyExistValidation -->
        <test-method is-config="true" signature="deleteAfterCatch()[pri:0, instance:org.test.CustomerCreateOrganizationModule@f09733f]" started-at="2023-06-26T12:00:35 IST" name="deleteAfterCatch" finished-at="2023-06-26T12:00:35 IST" duration-ms="29" status="PASS">
          <reporter-output>
          </reporter-output>
        </test-method> <!-- deleteAfterCatch -->
        <test-method is-config="true" signature="deleteBeforeCatch()[pri:0, instance:org.test.CustomerCreateOrganizationModule@f09733f]" started-at="2023-06-26T12:00:35 IST" name="deleteBeforeCatch" finished-at="2023-06-26T12:00:35 IST" duration-ms="11" status="PASS">
          <reporter-output>
          </reporter-output>
        </test-method> <!-- deleteBeforeCatch -->
        <test-method signature="alreadyExistedEmail()[pri:47, instance:org.test.CustomerCreateOrganizationModule@f09733f]" started-at="2023-06-26T12:00:35 IST" name="alreadyExistedEmail" finished-at="2023-06-26T12:00:40 IST" duration-ms="5212" status="PASS">
          <reporter-output>
          </reporter-output>
        </test-method> <!-- alreadyExistedEmail -->
        <test-method is-config="true" signature="deleteAfterCatch()[pri:0, instance:org.test.CustomerCreateOrganizationModule@f09733f]" started-at="2023-06-26T12:00:40 IST" name="deleteAfterCatch" finished-at="2023-06-26T12:00:40 IST" duration-ms="107" status="PASS">
          <reporter-output>
          </reporter-output>
        </test-method> <!-- deleteAfterCatch -->
        <test-method is-config="true" signature="deleteBeforeCatch()[pri:0, instance:org.test.CustomerCreateOrganizationModule@f09733f]" started-at="2023-06-26T12:00:40 IST" name="deleteBeforeCatch" finished-at="2023-06-26T12:00:41 IST" duration-ms="68" status="PASS">
          <reporter-output>
          </reporter-output>
        </test-method> <!-- deleteBeforeCatch -->
        <test-method signature="characterListValidation()[pri:49, instance:org.test.CustomerCreateOrganizationModule@f09733f]" started-at="2023-06-26T12:00:41 IST" name="characterListValidation" finished-at="2023-06-26T12:00:44 IST" duration-ms="3016" status="PASS">
          <reporter-output>
          </reporter-output>
        </test-method> <!-- characterListValidation -->
        <test-method is-config="true" signature="deleteAfterCatch()[pri:0, instance:org.test.CustomerCreateOrganizationModule@f09733f]" started-at="2023-06-26T12:00:44 IST" name="deleteAfterCatch" finished-at="2023-06-26T12:00:44 IST" duration-ms="36" status="PASS">
          <reporter-output>
          </reporter-output>
        </test-method> <!-- deleteAfterCatch -->
        <test-method is-config="true" signature="deleteBeforeCatch()[pri:0, instance:org.test.CustomerCreateOrganizationModule@f09733f]" started-at="2023-06-26T12:00:44 IST" name="deleteBeforeCatch" finished-at="2023-06-26T12:00:44 IST" duration-ms="10" status="PASS">
          <reporter-output>
          </reporter-output>
        </test-method> <!-- deleteBeforeCatch -->
        <test-method signature="searchOrganizationNameListValidation()[pri:50, instance:org.test.CustomerCreateOrganizationModule@f09733f]" started-at="2023-06-26T12:00:44 IST" name="searchOrganizationNameListValidation" finished-at="2023-06-26T12:00:45 IST" duration-ms="1347" status="PASS">
          <reporter-output>
          </reporter-output>
        </test-method> <!-- searchOrganizationNameListValidation -->
        <test-method is-config="true" signature="deleteAfterCatch()[pri:0, instance:org.test.CustomerCreateOrganizationModule@f09733f]" started-at="2023-06-26T12:00:45 IST" name="deleteAfterCatch" finished-at="2023-06-26T12:00:45 IST" duration-ms="6" status="PASS">
          <reporter-output>
          </reporter-output>
        </test-method> <!-- deleteAfterCatch -->
        <test-method is-config="true" signature="deleteBeforeCatch()[pri:0, instance:org.test.CustomerCreateOrganizationModule@f09733f]" started-at="2023-06-26T12:00:45 IST" name="deleteBeforeCatch" finished-at="2023-06-26T12:00:45 IST" duration-ms="8" status="PASS">
          <reporter-output>
          </reporter-output>
        </test-method> <!-- deleteBeforeCatch -->
        <test-method signature="searchPhoneNumberListValidation()[pri:51, instance:org.test.CustomerCreateOrganizationModule@f09733f]" started-at="2023-06-26T12:00:45 IST" name="searchPhoneNumberListValidation" finished-at="2023-06-26T12:00:46 IST" duration-ms="1349" status="PASS">
          <reporter-output>
          </reporter-output>
        </test-method> <!-- searchPhoneNumberListValidation -->
        <test-method is-config="true" signature="deleteAfterCatch()[pri:0, instance:org.test.CustomerCreateOrganizationModule@f09733f]" started-at="2023-06-26T12:00:46 IST" name="deleteAfterCatch" finished-at="2023-06-26T12:00:46 IST" duration-ms="7" status="PASS">
          <reporter-output>
          </reporter-output>
        </test-method> <!-- deleteAfterCatch -->
        <test-method is-config="true" signature="deleteBeforeCatch()[pri:0, instance:org.test.CustomerCreateOrganizationModule@f09733f]" started-at="2023-06-26T12:00:46 IST" name="deleteBeforeCatch" finished-at="2023-06-26T12:00:46 IST" duration-ms="9" status="PASS">
          <reporter-output>
          </reporter-output>
        </test-method> <!-- deleteBeforeCatch -->
        <test-method signature="searchEmailListValidation()[pri:52, instance:org.test.CustomerCreateOrganizationModule@f09733f]" started-at="2023-06-26T12:00:46 IST" name="searchEmailListValidation" finished-at="2023-06-26T12:00:48 IST" duration-ms="1352" status="PASS">
          <reporter-output>
          </reporter-output>
        </test-method> <!-- searchEmailListValidation -->
        <test-method is-config="true" signature="deleteAfterCatch()[pri:0, instance:org.test.CustomerCreateOrganizationModule@f09733f]" started-at="2023-06-26T12:00:48 IST" name="deleteAfterCatch" finished-at="2023-06-26T12:00:48 IST" duration-ms="7" status="PASS">
          <reporter-output>
          </reporter-output>
        </test-method> <!-- deleteAfterCatch -->
        <test-method is-config="true" signature="deleteBeforeCatch()[pri:0, instance:org.test.CustomerCreateOrganizationModule@f09733f]" started-at="2023-06-26T12:00:48 IST" name="deleteBeforeCatch" finished-at="2023-06-26T12:00:48 IST" duration-ms="9" status="PASS">
          <reporter-output>
          </reporter-output>
        </test-method> <!-- deleteBeforeCatch -->
        <test-method signature="filterListValidation()[pri:53, instance:org.test.CustomerCreateOrganizationModule@f09733f]" started-at="2023-06-26T12:00:48 IST" name="filterListValidation" finished-at="2023-06-26T12:00:50 IST" duration-ms="1997" status="PASS">
          <reporter-output>
          </reporter-output>
        </test-method> <!-- filterListValidation -->
        <test-method is-config="true" signature="deleteAfterCatch()[pri:0, instance:org.test.CustomerCreateOrganizationModule@f09733f]" started-at="2023-06-26T12:00:50 IST" name="deleteAfterCatch" finished-at="2023-06-26T12:00:50 IST" duration-ms="6" status="PASS">
          <reporter-output>
          </reporter-output>
        </test-method> <!-- deleteAfterCatch -->
        <test-method is-config="true" signature="deleteBeforeCatch()[pri:0, instance:org.test.CustomerCreateOrganizationModule@f09733f]" started-at="2023-06-26T12:00:50 IST" name="deleteBeforeCatch" finished-at="2023-06-26T12:00:50 IST" duration-ms="6" status="PASS">
          <reporter-output>
          </reporter-output>
        </test-method> <!-- deleteBeforeCatch -->
        <test-method signature="filterIndustryField()[pri:54, instance:org.test.CustomerCreateOrganizationModule@f09733f]" started-at="2023-06-26T12:00:50 IST" name="filterIndustryField" finished-at="2023-06-26T12:00:50 IST" duration-ms="658" status="PASS">
          <reporter-output>
          </reporter-output>
        </test-method> <!-- filterIndustryField -->
        <test-method is-config="true" signature="deleteAfterCatch()[pri:0, instance:org.test.CustomerCreateOrganizationModule@f09733f]" started-at="2023-06-26T12:00:50 IST" name="deleteAfterCatch" finished-at="2023-06-26T12:00:50 IST" duration-ms="22" status="PASS">
          <reporter-output>
          </reporter-output>
        </test-method> <!-- deleteAfterCatch -->
        <test-method is-config="true" signature="deleteBeforeCatch()[pri:0, instance:org.test.CustomerCreateOrganizationModule@f09733f]" started-at="2023-06-26T12:00:50 IST" name="deleteBeforeCatch" finished-at="2023-06-26T12:00:50 IST" duration-ms="16" status="PASS">
          <reporter-output>
          </reporter-output>
        </test-method> <!-- deleteBeforeCatch -->
        <test-method signature="searchInvalid()[pri:54, instance:org.test.CustomerCreateOrganizationModule@f09733f]" started-at="2023-06-26T12:00:50 IST" name="searchInvalid" finished-at="2023-06-26T12:00:54 IST" duration-ms="3618" status="PASS">
          <reporter-output>
          </reporter-output>
        </test-method> <!-- searchInvalid -->
        <test-method is-config="true" signature="deleteAfterCatch()[pri:0, instance:org.test.CustomerCreateOrganizationModule@f09733f]" started-at="2023-06-26T12:00:54 IST" name="deleteAfterCatch" finished-at="2023-06-26T12:00:54 IST" duration-ms="18" status="PASS">
          <reporter-output>
          </reporter-output>
        </test-method> <!-- deleteAfterCatch -->
        <test-method is-config="true" signature="deleteBeforeCatch()[pri:0, instance:org.test.CustomerCreateOrganizationModule@f09733f]" started-at="2023-06-26T12:00:54 IST" name="deleteBeforeCatch" finished-at="2023-06-26T12:00:54 IST" duration-ms="13" status="PASS">
          <reporter-output>
          </reporter-output>
        </test-method> <!-- deleteBeforeCatch -->
        <test-method signature="editLabel()[pri:55, instance:org.test.CustomerCreateOrganizationModule@f09733f]" started-at="2023-06-26T12:00:54 IST" name="editLabel" finished-at="2023-06-26T12:00:58 IST" duration-ms="4195" status="PASS">
          <reporter-output>
          </reporter-output>
        </test-method> <!-- editLabel -->
        <test-method is-config="true" signature="deleteAfterCatch()[pri:0, instance:org.test.CustomerCreateOrganizationModule@f09733f]" started-at="2023-06-26T12:00:58 IST" name="deleteAfterCatch" finished-at="2023-06-26T12:00:58 IST" duration-ms="9" status="PASS">
          <reporter-output>
          </reporter-output>
        </test-method> <!-- deleteAfterCatch -->
        <test-method is-config="true" signature="deleteBeforeCatch()[pri:0, instance:org.test.CustomerCreateOrganizationModule@f09733f]" started-at="2023-06-26T12:00:58 IST" name="deleteBeforeCatch" finished-at="2023-06-26T12:00:58 IST" duration-ms="14" status="PASS">
          <reporter-output>
          </reporter-output>
        </test-method> <!-- deleteBeforeCatch -->
        <test-method signature="organizationNamePrepopulate()[pri:56, instance:org.test.CustomerCreateOrganizationModule@f09733f]" started-at="2023-06-26T12:00:58 IST" name="organizationNamePrepopulate" finished-at="2023-06-26T12:00:58 IST" duration-ms="68" status="PASS">
          <reporter-output>
          </reporter-output>
        </test-method> <!-- organizationNamePrepopulate -->
        <test-method is-config="true" signature="deleteAfterCatch()[pri:0, instance:org.test.CustomerCreateOrganizationModule@f09733f]" started-at="2023-06-26T12:00:58 IST" name="deleteAfterCatch" finished-at="2023-06-26T12:00:58 IST" duration-ms="12" status="PASS">
          <reporter-output>
          </reporter-output>
        </test-method> <!-- deleteAfterCatch -->
        <test-method is-config="true" signature="deleteBeforeCatch()[pri:0, instance:org.test.CustomerCreateOrganizationModule@f09733f]" started-at="2023-06-26T12:00:58 IST" name="deleteBeforeCatch" finished-at="2023-06-26T12:00:58 IST" duration-ms="8" status="PASS">
          <reporter-output>
          </reporter-output>
        </test-method> <!-- deleteBeforeCatch -->
        <test-method signature="websitePrepopulate()[pri:57, instance:org.test.CustomerCreateOrganizationModule@f09733f]" started-at="2023-06-26T12:00:58 IST" name="websitePrepopulate" finished-at="2023-06-26T12:00:58 IST" duration-ms="64" status="PASS">
          <reporter-output>
          </reporter-output>
        </test-method> <!-- websitePrepopulate -->
        <test-method is-config="true" signature="deleteAfterCatch()[pri:0, instance:org.test.CustomerCreateOrganizationModule@f09733f]" started-at="2023-06-26T12:00:58 IST" name="deleteAfterCatch" finished-at="2023-06-26T12:00:58 IST" duration-ms="12" status="PASS">
          <reporter-output>
          </reporter-output>
        </test-method> <!-- deleteAfterCatch -->
        <test-method is-config="true" signature="deleteBeforeCatch()[pri:0, instance:org.test.CustomerCreateOrganizationModule@f09733f]" started-at="2023-06-26T12:00:58 IST" name="deleteBeforeCatch" finished-at="2023-06-26T12:00:58 IST" duration-ms="7" status="PASS">
          <reporter-output>
          </reporter-output>
        </test-method> <!-- deleteBeforeCatch -->
        <test-method signature="Address1Prepopulate()[pri:58, instance:org.test.CustomerCreateOrganizationModule@f09733f]" started-at="2023-06-26T12:00:58 IST" name="Address1Prepopulate" finished-at="2023-06-26T12:00:59 IST" duration-ms="89" status="PASS">
          <reporter-output>
          </reporter-output>
        </test-method> <!-- Address1Prepopulate -->
        <test-method is-config="true" signature="deleteAfterCatch()[pri:0, instance:org.test.CustomerCreateOrganizationModule@f09733f]" started-at="2023-06-26T12:00:59 IST" name="deleteAfterCatch" finished-at="2023-06-26T12:00:59 IST" duration-ms="9" status="PASS">
          <reporter-output>
          </reporter-output>
        </test-method> <!-- deleteAfterCatch -->
        <test-method is-config="true" signature="deleteBeforeCatch()[pri:0, instance:org.test.CustomerCreateOrganizationModule@f09733f]" started-at="2023-06-26T12:00:59 IST" name="deleteBeforeCatch" finished-at="2023-06-26T12:00:59 IST" duration-ms="11" status="PASS">
          <reporter-output>
          </reporter-output>
        </test-method> <!-- deleteBeforeCatch -->
        <test-method signature="Address2Prepopulate()[pri:59, instance:org.test.CustomerCreateOrganizationModule@f09733f]" started-at="2023-06-26T12:00:59 IST" name="Address2Prepopulate" finished-at="2023-06-26T12:00:59 IST" duration-ms="80" status="PASS">
          <reporter-output>
          </reporter-output>
        </test-method> <!-- Address2Prepopulate -->
        <test-method is-config="true" signature="deleteAfterCatch()[pri:0, instance:org.test.CustomerCreateOrganizationModule@f09733f]" started-at="2023-06-26T12:00:59 IST" name="deleteAfterCatch" finished-at="2023-06-26T12:00:59 IST" duration-ms="10" status="PASS">
          <reporter-output>
          </reporter-output>
        </test-method> <!-- deleteAfterCatch -->
        <test-method is-config="true" signature="deleteBeforeCatch()[pri:0, instance:org.test.CustomerCreateOrganizationModule@f09733f]" started-at="2023-06-26T12:00:59 IST" name="deleteBeforeCatch" finished-at="2023-06-26T12:00:59 IST" duration-ms="11" status="PASS">
          <reporter-output>
          </reporter-output>
        </test-method> <!-- deleteBeforeCatch -->
        <test-method signature="CityPrepopulate()[pri:60, instance:org.test.CustomerCreateOrganizationModule@f09733f]" started-at="2023-06-26T12:00:59 IST" name="CityPrepopulate" finished-at="2023-06-26T12:00:59 IST" duration-ms="62" status="PASS">
          <reporter-output>
          </reporter-output>
        </test-method> <!-- CityPrepopulate -->
        <test-method is-config="true" signature="deleteAfterCatch()[pri:0, instance:org.test.CustomerCreateOrganizationModule@f09733f]" started-at="2023-06-26T12:00:59 IST" name="deleteAfterCatch" finished-at="2023-06-26T12:00:59 IST" duration-ms="8" status="PASS">
          <reporter-output>
          </reporter-output>
        </test-method> <!-- deleteAfterCatch -->
        <test-method is-config="true" signature="deleteBeforeCatch()[pri:0, instance:org.test.CustomerCreateOrganizationModule@f09733f]" started-at="2023-06-26T12:00:59 IST" name="deleteBeforeCatch" finished-at="2023-06-26T12:00:59 IST" duration-ms="7" status="PASS">
          <reporter-output>
          </reporter-output>
        </test-method> <!-- deleteBeforeCatch -->
        <test-method signature="StatePrepopulate()[pri:61, instance:org.test.CustomerCreateOrganizationModule@f09733f]" started-at="2023-06-26T12:00:59 IST" name="StatePrepopulate" finished-at="2023-06-26T12:00:59 IST" duration-ms="70" status="PASS">
          <reporter-output>
          </reporter-output>
        </test-method> <!-- StatePrepopulate -->
        <test-method is-config="true" signature="deleteAfterCatch()[pri:0, instance:org.test.CustomerCreateOrganizationModule@f09733f]" started-at="2023-06-26T12:00:59 IST" name="deleteAfterCatch" finished-at="2023-06-26T12:00:59 IST" duration-ms="10" status="PASS">
          <reporter-output>
          </reporter-output>
        </test-method> <!-- deleteAfterCatch -->
        <test-method is-config="true" signature="deleteBeforeCatch()[pri:0, instance:org.test.CustomerCreateOrganizationModule@f09733f]" started-at="2023-06-26T12:00:59 IST" name="deleteBeforeCatch" finished-at="2023-06-26T12:00:59 IST" duration-ms="8" status="PASS">
          <reporter-output>
          </reporter-output>
        </test-method> <!-- deleteBeforeCatch -->
        <test-method signature="ZipcodePrepopulate()[pri:62, instance:org.test.CustomerCreateOrganizationModule@f09733f]" started-at="2023-06-26T12:00:59 IST" name="ZipcodePrepopulate" finished-at="2023-06-26T12:00:59 IST" duration-ms="61" status="PASS">
          <reporter-output>
          </reporter-output>
        </test-method> <!-- ZipcodePrepopulate -->
[...]
          <reporter-output>
          </reporter-output>
        </test-method> <!-- deleteAfterCatch -->
        <test-method is-config="true" signature="deleteBeforeCatch()[pri:0, instance:org.test.TeamUserContractor@791f145a]" started-at="2023-06-26T11:52:26 IST" name="deleteBeforeCatch" finished-at="2023-06-26T11:52:27 IST" duration-ms="8" status="PASS">
          <reporter-output>
          </reporter-output>
        </test-method> <!-- deleteBeforeCatch -->
        <test-method signature="editspecialCharacterPhoneNumberField()[pri:57, instance:org.test.TeamUserContractor@791f145a]" started-at="2023-06-26T11:52:27 IST" name="editspecialCharacterPhoneNumberField" finished-at="2023-06-26T11:52:27 IST" duration-ms="280" status="PASS">
          <reporter-output>
          </reporter-output>
        </test-method> <!-- editspecialCharacterPhoneNumberField -->
        <test-method is-config="true" signature="deleteAfterCatch()[pri:0, instance:org.test.TeamUserContractor@791f145a]" started-at="2023-06-26T11:52:27 IST" name="deleteAfterCatch" finished-at="2023-06-26T11:52:27 IST" duration-ms="8" status="PASS">
          <reporter-output>
          </reporter-output>
        </test-method> <!-- deleteAfterCatch -->
        <test-method is-config="true" signature="deleteBeforeCatch()[pri:0, instance:org.test.TeamUserContractor@791f145a]" started-at="2023-06-26T11:52:27 IST" name="deleteBeforeCatch" finished-at="2023-06-26T11:52:27 IST" duration-ms="7" status="PASS">
          <reporter-output>
          </reporter-output>
        </test-method> <!-- deleteBeforeCatch -->
        <test-method signature="editmaxValidatonContractorPhoneNumber()[pri:58, instance:org.test.TeamUserContractor@791f145a]" started-at="2023-06-26T11:52:27 IST" name="editmaxValidatonContractorPhoneNumber" finished-at="2023-06-26T11:52:29 IST" duration-ms="2219" status="PASS">
          <reporter-output>
          </reporter-output>
        </test-method> <!-- editmaxValidatonContractorPhoneNumber -->
        <test-method is-config="true" signature="deleteAfterCatch()[pri:0, instance:org.test.TeamUserContractor@791f145a]" started-at="2023-06-26T11:52:29 IST" name="deleteAfterCatch" finished-at="2023-06-26T11:52:29 IST" duration-ms="7" status="PASS">
          <reporter-output>
          </reporter-output>
        </test-method> <!-- deleteAfterCatch -->
        <test-method is-config="true" signature="deleteBeforeCatch()[pri:0, instance:org.test.TeamUserContractor@791f145a]" started-at="2023-06-26T11:52:29 IST" name="deleteBeforeCatch" finished-at="2023-06-26T11:52:29 IST" duration-ms="8" status="PASS">
          <reporter-output>
          </reporter-output>
        </test-method> <!-- deleteBeforeCatch -->
        <test-method signature="editmaxValidationLocationName()[pri:59, instance:org.test.TeamUserContractor@791f145a]" started-at="2023-06-26T11:52:29 IST" name="editmaxValidationLocationName" finished-at="2023-06-26T11:52:30 IST" duration-ms="1017" status="PASS">
          <reporter-output>
          </reporter-output>
        </test-method> <!-- editmaxValidationLocationName -->
        <test-method is-config="true" signature="deleteAfterCatch()[pri:0, instance:org.test.TeamUserContractor@791f145a]" started-at="2023-06-26T11:52:30 IST" name="deleteAfterCatch" finished-at="2023-06-26T11:52:30 IST" duration-ms="9" status="PASS">
          <reporter-output>
          </reporter-output>
        </test-method> <!-- deleteAfterCatch -->
        <test-method is-config="true" signature="deleteBeforeCatch()[pri:0, instance:org.test.TeamUserContractor@791f145a]" started-at="2023-06-26T11:52:30 IST" name="deleteBeforeCatch" finished-at="2023-06-26T11:52:30 IST" duration-ms="9" status="PASS">
          <reporter-output>
          </reporter-output>
        </test-method> <!-- deleteBeforeCatch -->
        <test-method signature="editmaxValidationAddress1()[pri:60, instance:org.test.TeamUserContractor@791f145a]" started-at="2023-06-26T11:52:30 IST" name="editmaxValidationAddress1" finished-at="2023-06-26T11:52:31 IST" duration-ms="1001" status="PASS">
          <reporter-output>
          </reporter-output>
        </test-method> <!-- editmaxValidationAddress1 -->
        <test-method is-config="true" signature="deleteAfterCatch()[pri:0, instance:org.test.TeamUserContractor@791f145a]" started-at="2023-06-26T11:52:31 IST" name="deleteAfterCatch" finished-at="2023-06-26T11:52:31 IST" duration-ms="9" status="PASS">
          <reporter-output>
          </reporter-output>
        </test-method> <!-- deleteAfterCatch -->
        <test-method is-config="true" signature="deleteBeforeCatch()[pri:0, instance:org.test.TeamUserContractor@791f145a]" started-at="2023-06-26T11:52:31 IST" name="deleteBeforeCatch" finished-at="2023-06-26T11:52:31 IST" duration-ms="7" status="PASS">
          <reporter-output>
          </reporter-output>
        </test-method> <!-- deleteBeforeCatch -->
        <test-method signature="editmaxValidationAddress2()[pri:61, instance:org.test.TeamUserContractor@791f145a]" started-at="2023-06-26T11:52:31 IST" name="editmaxValidationAddress2" finished-at="2023-06-26T11:52:32 IST" duration-ms="988" status="PASS">
          <reporter-output>
          </reporter-output>
        </test-method> <!-- editmaxValidationAddress2 -->
        <test-method is-config="true" signature="deleteAfterCatch()[pri:0, instance:org.test.TeamUserContractor@791f145a]" started-at="2023-06-26T11:52:32 IST" name="deleteAfterCatch" finished-at="2023-06-26T11:52:32 IST" duration-ms="9" status="PASS">
          <reporter-output>
          </reporter-output>
        </test-method> <!-- deleteAfterCatch -->
        <test-method is-config="true" signature="deleteBeforeCatch()[pri:0, instance:org.test.TeamUserContractor@791f145a]" started-at="2023-06-26T11:52:32 IST" name="deleteBeforeCatch" finished-at="2023-06-26T11:52:32 IST" duration-ms="7" status="PASS">
          <reporter-output>
          </reporter-output>
        </test-method> <!-- deleteBeforeCatch -->
        <test-method signature="editmaxValidationState()[pri:62, instance:org.test.TeamUserContractor@791f145a]" started-at="2023-06-26T11:52:32 IST" name="editmaxValidationState" finished-at="2023-06-26T11:52:33 IST" duration-ms="845" status="PASS">
          <reporter-output>
          </reporter-output>
        </test-method> <!-- editmaxValidationState -->
        <test-method is-config="true" signature="deleteAfterCatch()[pri:0, instance:org.test.TeamUserContractor@791f145a]" started-at="2023-06-26T11:52:33 IST" name="deleteAfterCatch" finished-at="2023-06-26T11:52:33 IST" duration-ms="8" status="PASS">
          <reporter-output>
          </reporter-output>
        </test-method> <!-- deleteAfterCatch -->
        <test-method is-config="true" signature="deleteBeforeCatch()[pri:0, instance:org.test.TeamUserContractor@791f145a]" started-at="2023-06-26T11:52:33 IST" name="deleteBeforeCatch" finished-at="2023-06-26T11:52:33 IST" duration-ms="7" status="PASS">
          <reporter-output>
          </reporter-output>
        </test-method> <!-- deleteBeforeCatch -->
        <test-method signature="editmaxValidationCity()[pri:63, instance:org.test.TeamUserContractor@791f145a]" started-at="2023-06-26T11:52:33 IST" name="editmaxValidationCity" finished-at="2023-06-26T11:52:37 IST" duration-ms="3710" status="PASS">
          <reporter-output>
          </reporter-output>
        </test-method> <!-- editmaxValidationCity -->
        <test-method is-config="true" signature="deleteAfterCatch()[pri:0, instance:org.test.TeamUserContractor@791f145a]" started-at="2023-06-26T11:52:37 IST" name="deleteAfterCatch" finished-at="2023-06-26T11:52:37 IST" duration-ms="8" status="PASS">
          <reporter-output>
          </reporter-output>
        </test-method> <!-- deleteAfterCatch -->
        <test-method is-config="true" signature="deleteBeforeCatch()[pri:0, instance:org.test.TeamUserContractor@791f145a]" started-at="2023-06-26T11:52:37 IST" name="deleteBeforeCatch" finished-at="2023-06-26T11:52:37 IST" duration-ms="8" status="PASS">
          <reporter-output>
          </reporter-output>
        </test-method> <!-- deleteBeforeCatch -->
        <test-method signature="editminValidationZipcode()[pri:64, instance:org.test.TeamUserContractor@791f145a]" started-at="2023-06-26T11:52:37 IST" name="editminValidationZipcode" finished-at="2023-06-26T11:52:37 IST" duration-ms="259" status="PASS">
          <reporter-output>
          </reporter-output>
        </test-method> <!-- editminValidationZipcode -->
        <test-method is-config="true" signature="deleteAfterCatch()[pri:0, instance:org.test.TeamUserContractor@791f145a]" started-at="2023-06-26T11:52:37 IST" name="deleteAfterCatch" finished-at="2023-06-26T11:52:37 IST" duration-ms="10" status="PASS">
          <reporter-output>
          </reporter-output>
        </test-method> <!-- deleteAfterCatch -->
        <test-method is-config="true" signature="deleteBeforeCatch()[pri:0, instance:org.test.TeamUserContractor@791f145a]" started-at="2023-06-26T11:52:37 IST" name="deleteBeforeCatch" finished-at="2023-06-26T11:52:37 IST" duration-ms="8" status="PASS">
          <reporter-output>
          </reporter-output>
        </test-method> <!-- deleteBeforeCatch -->
        <test-method signature="editspecialCharacterValidationZipcode()[pri:65, instance:org.test.TeamUserContractor@791f145a]" started-at="2023-06-26T11:52:37 IST" name="editspecialCharacterValidationZipcode" finished-at="2023-06-26T11:52:37 IST" duration-ms="267" status="PASS">
          <reporter-output>
          </reporter-output>
        </test-method> <!-- editspecialCharacterValidationZipcode -->
        <test-method is-config="true" signature="deleteAfterCatch()[pri:0, instance:org.test.TeamUserContractor@791f145a]" started-at="2023-06-26T11:52:37 IST" name="deleteAfterCatch" finished-at="2023-06-26T11:52:37 IST" duration-ms="10" status="PASS">
          <reporter-output>
          </reporter-output>
        </test-method> <!-- deleteAfterCatch -->
        <test-method is-config="true" signature="deleteBeforeCatch()[pri:0, instance:org.test.TeamUserContractor@791f145a]" started-at="2023-06-26T11:52:37 IST" name="deleteBeforeCatch" finished-at="2023-06-26T11:52:37 IST" duration-ms="7" status="PASS">
          <reporter-output>
          </reporter-output>
        </test-method> <!-- deleteBeforeCatch -->
        <test-method signature="editmaxValidationZipcode()[pri:66, instance:org.test.TeamUserContractor@791f145a]" started-at="2023-06-26T11:52:37 IST" name="editmaxValidationZipcode" finished-at="2023-06-26T11:52:38 IST" duration-ms="1172" status="PASS">
          <reporter-output>
          </reporter-output>
        </test-method> <!-- editmaxValidationZipcode -->
        <test-method is-config="true" signature="deleteAfterCatch()[pri:0, instance:org.test.TeamUserContractor@791f145a]" started-at="2023-06-26T11:52:38 IST" name="deleteAfterCatch" finished-at="2023-06-26T11:52:38 IST" duration-ms="7" status="PASS">
          <reporter-output>
          </reporter-output>
        </test-method> <!-- deleteAfterCatch -->
        <test-method is-config="true" signature="deleteBeforeCatch()[pri:0, instance:org.test.TeamUserContractor@791f145a]" started-at="2023-06-26T11:52:38 IST" name="deleteBeforeCatch" finished-at="2023-06-26T11:52:38 IST" duration-ms="7" status="PASS">
          <reporter-output>
          </reporter-output>
        </test-method> <!-- deleteBeforeCatch -->
        <test-method signature="verifyUpdateExist()[pri:67, instance:org.test.TeamUserContractor@791f145a]" started-at="2023-06-26T11:52:38 IST" name="verifyUpdateExist" finished-at="2023-06-26T11:52:39 IST" duration-ms="230" status="PASS">
          <reporter-output>
          </reporter-output>
        </test-method> <!-- verifyUpdateExist -->
        <test-method is-config="true" signature="deleteAfterCatch()[pri:0, instance:org.test.TeamUserContractor@791f145a]" started-at="2023-06-26T11:52:39 IST" name="deleteAfterCatch" finished-at="2023-06-26T11:52:39 IST" duration-ms="7" status="PASS">
          <reporter-output>
          </reporter-output>
        </test-method> <!-- deleteAfterCatch -->
        <test-method is-config="true" signature="deleteBeforeCatch()[pri:0, instance:org.test.TeamUserContractor@791f145a]" started-at="2023-06-26T11:52:39 IST" name="deleteBeforeCatch" finished-at="2023-06-26T11:52:39 IST" duration-ms="6" status="PASS">
          <reporter-output>
          </reporter-output>
        </test-method> <!-- deleteBeforeCatch -->
        <test-method signature="userEdit()[pri:68, instance:org.test.TeamUserContractor@791f145a]" started-at="2023-06-26T11:52:39 IST" name="userEdit" finished-at="2023-06-26T11:52:47 IST" duration-ms="8035" status="PASS">
          <reporter-output>
          </reporter-output>
        </test-method> <!-- userEdit -->
        <test-method is-config="true" signature="deleteAfterCatch()[pri:0, instance:org.test.TeamUserContractor@791f145a]" started-at="2023-06-26T11:52:47 IST" name="deleteAfterCatch" finished-at="2023-06-26T11:52:47 IST" duration-ms="10" status="PASS">
          <reporter-output>
          </reporter-output>
        </test-method> <!-- deleteAfterCatch -->
        <test-method is-config="true" signature="deleteBeforeCatch()[pri:0, instance:org.test.TeamUserContractor@791f145a]" started-at="2023-06-26T11:52:47 IST" name="deleteBeforeCatch" finished-at="2023-06-26T11:52:47 IST" duration-ms="8" status="PASS">
          <reporter-output>
          </reporter-output>
        </test-method> <!-- deleteBeforeCatch -->
        <test-method signature="deleteUserDetails()[pri:69, instance:org.test.TeamUserContractor@791f145a]" started-at="2023-06-26T11:52:47 IST" name="deleteUserDetails" finished-at="2023-06-26T11:54:06 IST" duration-ms="79377" status="FAIL">
          <exception class="org.openqa.selenium.TimeoutException">
            <message>
              <![CDATA[Expected condition failed: waiting for visibility of [[ChromeDriver: chrome on WINDOWS (867fadfcb5eda209ecd431ab572c4cbd)] -> xpath: //*[text()='First Name']] (tried for 50 second(s) with 500 milliseconds interval)
Build info: version: '3.141.5', revision: 'd54ebd709a', time: '2018-11-06T11:42:16'
System info: host: 'DESKTOP-5M7AM2E', ip: '192.168.56.1', os.name: 'Windows 11', os.arch: 'amd64', os.version: '10.0', java.version: '17.0.3'
Driver info: org.openqa.selenium.chrome.ChromeDriver
Capabilities {acceptInsecureCerts: false, browserName: chrome, browserVersion: 114.0.5735.134, chrome: {chromedriverVersion: 114.0.5735.90 (386bc09e8f4f..., userDataDir: C:\Users\ZAIGOP~1\AppData\L...}, goog:chromeOptions: {debuggerAddress: localhost:56606}, javascriptEnabled: true, networkConnectionEnabled: false, pageLoadStrategy: normal, platform: WINDOWS, platformName: WINDOWS, proxy: Proxy(), setWindowRect: true, strictFileInteractability: false, timeouts: {implicit: 0, pageLoad: 300000, script: 30000}, unhandledPromptBehavior: dismiss and notify, webauthn:extension:credBlob: true, webauthn:extension:largeBlob: true, webauthn:extension:minPinLength: true, webauthn:extension:prf: true, webauthn:virtualAuthenticators: true}
Session ID: 867fadfcb5eda209ecd431ab572c4cbd]]>
            </message>
            <full-stacktrace>
              <![CDATA[org.openqa.selenium.TimeoutException: Expected condition failed: waiting for visibility of [[ChromeDriver: chrome on WINDOWS (867fadfcb5eda209ecd431ab572c4cbd)] -> xpath: //*[text()='First Name']] (tried for 50 second(s) with 500 milliseconds interval)
Build info: version: '3.141.5', revision: 'd54ebd709a', time: '2018-11-06T11:42:16'
System info: host: 'DESKTOP-5M7AM2E', ip: '192.168.56.1', os.name: 'Windows 11', os.arch: 'amd64', os.version: '10.0', java.version: '17.0.3'
Driver info: org.openqa.selenium.chrome.ChromeDriver
Capabilities {acceptInsecureCerts: false, browserName: chrome, browserVersion: 114.0.5735.134, chrome: {chromedriverVersion: 114.0.5735.90 (386bc09e8f4f..., userDataDir: C:\Users\ZAIGOP~1\AppData\L...}, goog:chromeOptions: {debuggerAddress: localhost:56606}, javascriptEnabled: true, networkConnectionEnabled: false, pageLoadStrategy: normal, platform: WINDOWS, platformName: WINDOWS, proxy: Proxy(), setWindowRect: true, strictFileInteractability: false, timeouts: {implicit: 0, pageLoad: 300000, script: 30000}, unhandledPromptBehavior: dismiss and notify, webauthn:extension:credBlob: true, webauthn:extension:largeBlob: true, webauthn:extension:minPinLength: true, webauthn:extension:prf: true, webauthn:virtualAuthenticators: true}
Session ID: 867fadfcb5eda209ecd431ab572c4cbd
at org.openqa.selenium.support.ui.WebDriverWait.timeoutException(WebDriverWait.java:95)
at org.openqa.selenium.support.ui.FluentWait.until(FluentWait.java:272)
at com.zaigo.pageobjects.TeamUserPage.visibility(TeamUserPage.java:190)
at com.zaigo.pageobjects.TeamUserPage.dataConditionCheck(TeamUserPage.java:946)
at org.test.TeamUserContractor.deleteUserDetails(TeamUserContractor.java:1600)
at java.base/jdk.internal.reflect.NativeMethodAccessorImpl.invoke0(Native Method)
at java.base/jdk.internal.reflect.NativeMethodAccessorImpl.invoke(NativeMethodAccessorImpl.java:77)
at java.base/jdk.internal.reflect.DelegatingMethodAccessorImpl.invoke(DelegatingMethodAccessorImpl.java:43)
at java.base/java.lang.reflect.Method.invoke(Method.java:568)
at org.testng.internal.MethodInvocationHelper.invokeMethod(MethodInvocationHelper.java:133)
at org.testng.internal.TestInvoker.invokeMethod(TestInvoker.java:598)
at org.testng.internal.TestInvoker.invokeTestMethod(TestInvoker.java:173)
at org.testng.internal.MethodRunner.runInSequence(MethodRunner.java:46)
at org.testng.internal.TestInvoker$MethodInvocationAgent.invoke(TestInvoker.java:824)
at org.testng.internal.TestInvoker.invokeTestMethods(TestInvoker.java:146)
at org.testng.internal.TestMethodWorker.invokeTestMethods(TestMethodWorker.java:146)
at org.testng.internal.TestMethodWorker.run(TestMethodWorker.java:128)
at java.base/java.util.ArrayList.forEach(ArrayList.java:1511)
at org.testng.TestRunner.privateRun(TestRunner.java:794)
at org.testng.TestRunner.run(TestRunner.java:596)
at org.testng.SuiteRunner.runTest(SuiteRunner.java:377)
at org.testng.SuiteRunner.runSequentially(SuiteRunner.java:371)
at org.testng.SuiteRunner.privateRun(SuiteRunner.java:332)
at org.testng.SuiteRunner.run(SuiteRunner.java:276)
at org.testng.SuiteRunnerWorker.runSuite(SuiteRunnerWorker.java:53)
at org.testng.SuiteRunnerWorker.run(SuiteRunnerWorker.java:96)
at org.testng.TestNG.runSuitesSequentially(TestNG.java:1212)
at org.testng.TestNG.runSuitesLocally(TestNG.java:1134)
at org.testng.TestNG.runSuites(TestNG.java:1063)
at org.testng.TestNG.run(TestNG.java:1031)
at org.testng.remote.AbstractRemoteTestNG.run(AbstractRemoteTestNG.java:115)
at org.testng.remote.RemoteTestNG.initAndRun(RemoteTestNG.java:251)
at org.testng.remote.RemoteTestNG.main(RemoteTestNG.java:77)
]]>
            </full-stacktrace>
          </exception> <!-- org.openqa.selenium.TimeoutException -->
          <reporter-output>
          </reporter-output>
        </test-method> <!-- deleteUserDetails -->
        <test-method is-config="true" signature="deleteAfterCatch()[pri:0, instance:org.test.TeamUserContractor@791f145a]" started-at="2023-06-26T11:54:06 IST" name="deleteAfterCatch" finished-at="2023-06-26T11:54:06 IST" duration-ms="13" status="PASS">
          <reporter-output>
          </reporter-output>
        </test-method> <!-- deleteAfterCatch -->
        <test-method is-config="true" signature="exitBrowser()[pri:0, instance:org.test.TeamUserContractor@791f145a]" started-at="2023-06-26T11:54:06 IST" name="exitBrowser" finished-at="2023-06-26T11:54:06 IST" duration-ms="283" status="PASS">
          <reporter-output>
          </reporter-output>
        </test-method> <!-- exitBrowser -->
      </class> <!-- org.test.TeamUserContractor -->
    </test> <!-- Test -->
  </suite> <!-- Suite -->
</testng-results>
