<?xml version="1.0" encoding="UTF-8"?>
<testng-results ignored="0" total="26" passed="26" failed="0" skipped="0">
  <reporter-output>
  </reporter-output>
  <suite started-at="2023-01-19T20:46:11 IST" name="Default suite" finished-at="2023-01-19T20:47:10 IST" duration-ms="58790">
    <groups>
    </groups>
    <test started-at="2023-01-19T20:46:11 IST" name="Default test" finished-at="2023-01-19T20:47:10 IST" duration-ms="58790">
      <class name="org.test.OnBoardingModule">
        <test-method is-config="true" signature="setup()[pri:0, instance:org.test.OnBoardingModule@3bb9a3ff]" started-at="2023-01-19T20:46:11 IST" name="setup" finished-at="2023-01-19T20:46:24 IST" duration-ms="12594" status="PASS">
          <reporter-output>
          </reporter-output>
        </test-method> <!-- setup -->
        <test-method signature="mandatoryBussinessNameFieldValidation()[pri:0, instance:org.test.OnBoardingModule@3bb9a3ff]" started-at="2023-01-19T20:46:24 IST" name="mandatoryBussinessNameFieldValidation" finished-at="2023-01-19T20:46:31 IST" duration-ms="7362" status="PASS">
          <reporter-output>
          </reporter-output>
        </test-method> <!-- mandatoryBussinessNameFieldValidation -->
        <test-method signature="mandatoryEmailFieldValidation()[pri:1, instance:org.test.OnBoardingModule@3bb9a3ff]" started-at="2023-01-19T20:46:31 IST" name="mandatoryEmailFieldValidation" finished-at="2023-01-19T20:46:32 IST" duration-ms="889" status="PASS">
          <reporter-output>
          </reporter-output>
        </test-method> <!-- mandatoryEmailFieldValidation -->
        <test-method signature="alreadyBussinessNameValidation()[pri:2, instance:org.test.OnBoardingModule@3bb9a3ff]" started-at="2023-01-19T20:46:32 IST" name="alreadyBussinessNameValidation" finished-at="2023-01-19T20:46:33 IST" duration-ms="1151" status="PASS">
          <reporter-output>
          </reporter-output>
        </test-method> <!-- alreadyBussinessNameValidation -->
        <test-method signature="specialCharacterBussinessNameValidation()[pri:3, instance:org.test.OnBoardingModule@3bb9a3ff]" started-at="2023-01-19T20:46:33 IST" name="specialCharacterBussinessNameValidation" finished-at="2023-01-19T20:46:33 IST" duration-ms="228" status="PASS">
          <reporter-output>
          </reporter-output>
        </test-method> <!-- specialCharacterBussinessNameValidation -->
        <test-method signature="maximumValidationBussinessName()[pri:4, instance:org.test.OnBoardingModule@3bb9a3ff]" started-at="2023-01-19T20:46:33 IST" name="maximumValidationBussinessName" finished-at="2023-01-19T20:46:34 IST" duration-ms="790" status="PASS">
          <reporter-output>
          </reporter-output>
        </test-method> <!-- maximumValidationBussinessName -->
        <test-method signature="maximumValidationBussinessWebSite()[pri:5, instance:org.test.OnBoardingModule@3bb9a3ff]" started-at="2023-01-19T20:46:34 IST" name="maximumValidationBussinessWebSite" finished-at="2023-01-19T20:46:39 IST" duration-ms="4273" status="PASS">
          <reporter-output>
          </reporter-output>
        </test-method> <!-- maximumValidationBussinessWebSite -->
        <test-method signature="maximumValidationFirstName()[pri:6, instance:org.test.OnBoardingModule@3bb9a3ff]" started-at="2023-01-19T20:46:39 IST" name="maximumValidationFirstName" finished-at="2023-01-19T20:46:39 IST" duration-ms="806" status="PASS">
          <reporter-output>
          </reporter-output>
        </test-method> <!-- maximumValidationFirstName -->
        <test-method signature="maximumValidationLastName()[pri:7, instance:org.test.OnBoardingModule@3bb9a3ff]" started-at="2023-01-19T20:46:39 IST" name="maximumValidationLastName" finished-at="2023-01-19T20:46:40 IST" duration-ms="809" status="PASS">
          <reporter-output>
          </reporter-output>
        </test-method> <!-- maximumValidationLastName -->
        <test-method signature="maximumValidationEmail()[pri:8, instance:org.test.OnBoardingModule@3bb9a3ff]" started-at="2023-01-19T20:46:40 IST" name="maximumValidationEmail" finished-at="2023-01-19T20:46:41 IST" duration-ms="919" status="PASS">
          <reporter-output>
          </reporter-output>
        </test-method> <!-- maximumValidationEmail -->
        <test-method signature="validateEmailFormat()[pri:9, instance:org.test.OnBoardingModule@3bb9a3ff]" started-at="2023-01-19T20:46:41 IST" name="validateEmailFormat" finished-at="2023-01-19T20:46:43 IST" duration-ms="1456" status="PASS">
          <reporter-output>
          </reporter-output>
        </test-method> <!-- validateEmailFormat -->
        <test-method signature="existingEmailValidation()[pri:10, instance:org.test.OnBoardingModule@3bb9a3ff]" started-at="2023-01-19T20:46:43 IST" name="existingEmailValidation" finished-at="2023-01-19T20:46:43 IST" duration-ms="960" status="PASS">
          <reporter-output>
          </reporter-output>
        </test-method> <!-- existingEmailValidation -->
        <test-method signature="correctValidationEmail()[pri:11, instance:org.test.OnBoardingModule@3bb9a3ff]" started-at="2023-01-19T20:46:43 IST" name="correctValidationEmail" finished-at="2023-01-19T20:46:44 IST" duration-ms="935" status="PASS">
          <reporter-output>
          </reporter-output>
        </test-method> <!-- correctValidationEmail -->
        <test-method signature="validateRadioButtonClickable()[pri:12, instance:org.test.OnBoardingModule@3bb9a3ff]" started-at="2023-01-19T20:46:44 IST" name="validateRadioButtonClickable" finished-at="2023-01-19T20:46:49 IST" duration-ms="4981" status="PASS">
          <reporter-output>
          </reporter-output>
        </test-method> <!-- validateRadioButtonClickable -->
        <test-method signature="industryTypeFieldPresent()[pri:13, instance:org.test.OnBoardingModule@3bb9a3ff]" started-at="2023-01-19T20:46:49 IST" name="industryTypeFieldPresent" finished-at="2023-01-19T20:46:50 IST" duration-ms="235" status="PASS">
          <reporter-output>
          </reporter-output>
        </test-method> <!-- industryTypeFieldPresent -->
        <test-method signature="maximumValidationIndustryField()[pri:14, instance:org.test.OnBoardingModule@3bb9a3ff]" started-at="2023-01-19T20:46:50 IST" name="maximumValidationIndustryField" finished-at="2023-01-19T20:46:51 IST" duration-ms="930" status="PASS">
          <reporter-output>
          </reporter-output>
        </test-method> <!-- maximumValidationIndustryField -->
        <test-method signature="sizeCompanyValidation()[pri:15, instance:org.test.OnBoardingModule@3bb9a3ff]" started-at="2023-01-19T20:46:51 IST" name="sizeCompanyValidation" finished-at="2023-01-19T20:46:52 IST" duration-ms="1165" status="PASS">
          <reporter-output>
          </reporter-output>
        </test-method> <!-- sizeCompanyValidation -->
        <test-method signature="validationRadioButtonIntrested()[pri:16, instance:org.test.OnBoardingModule@3bb9a3ff]" started-at="2023-01-19T20:46:52 IST" name="validationRadioButtonIntrested" finished-at="2023-01-19T20:46:53 IST" duration-ms="1248" status="PASS">
          <reporter-output>
          </reporter-output>
        </test-method> <!-- validationRadioButtonIntrested -->
        <test-method signature="mandatoryValidationLocation()[pri:17, instance:org.test.OnBoardingModule@3bb9a3ff]" started-at="2023-01-19T20:46:53 IST" name="mandatoryValidationLocation" finished-at="2023-01-19T20:46:54 IST" duration-ms="955" status="PASS">
          <reporter-output>
          </reporter-output>
        </test-method> <!-- mandatoryValidationLocation -->
        <test-method signature="maximumValidationLocation()[pri:18, instance:org.test.OnBoardingModule@3bb9a3ff]" started-at="2023-01-19T20:46:54 IST" name="maximumValidationLocation" finished-at="2023-01-19T20:46:57 IST" duration-ms="3104" status="PASS">
          <reporter-output>
          </reporter-output>
        </test-method> <!-- maximumValidationLocation -->
        <test-method signature="passwordMandatoryField()[pri:19, instance:org.test.OnBoardingModule@3bb9a3ff]" started-at="2023-01-19T20:46:57 IST" name="passwordMandatoryField" finished-at="2023-01-19T20:46:57 IST" duration-ms="333" status="PASS">
          <reporter-output>
          </reporter-output>
        </test-method> <!-- passwordMandatoryField -->
        <test-method signature="minValidationPassword()[pri:20, instance:org.test.OnBoardingModule@3bb9a3ff]" started-at="2023-01-19T20:46:57 IST" name="minValidationPassword" finished-at="2023-01-19T20:46:58 IST" duration-ms="259" status="PASS">
          <reporter-output>
          </reporter-output>
        </test-method> <!-- minValidationPassword -->
        <test-method signature="minValidationConfirmPassword()[pri:21, instance:org.test.OnBoardingModule@3bb9a3ff]" started-at="2023-01-19T20:46:58 IST" name="minValidationConfirmPassword" finished-at="2023-01-19T20:46:58 IST" duration-ms="269" status="PASS">
          <reporter-output>
          </reporter-output>
        </test-method> <!-- minValidationConfirmPassword -->
        <test-method signature="passwordFieldConditions()[pri:22, instance:org.test.OnBoardingModule@3bb9a3ff]" started-at="2023-01-19T20:46:58 IST" name="passwordFieldConditions" finished-at="2023-01-19T20:46:58 IST" duration-ms="364" status="PASS">
          <reporter-output>
          </reporter-output>
        </test-method> <!-- passwordFieldConditions -->
        <test-method signature="confirmPasswordFieldCondition()[pri:23, instance:org.test.OnBoardingModule@3bb9a3ff]" started-at="2023-01-19T20:46:58 IST" name="confirmPasswordFieldCondition" finished-at="2023-01-19T20:46:59 IST" duration-ms="550" status="PASS">
          <reporter-output>
          </reporter-output>
        </test-method> <!-- confirmPasswordFieldCondition -->
        <test-method signature="lowerCaseValidation()[pri:24, instance:org.test.OnBoardingModule@3bb9a3ff]" started-at="2023-01-19T20:46:59 IST" name="lowerCaseValidation" finished-at="2023-01-19T20:46:59 IST" duration-ms="495" status="PASS">
          <reporter-output>
          </reporter-output>
        </test-method> <!-- lowerCaseValidation -->
        <test-method signature="mismatchPassword()[pri:25, instance:org.test.OnBoardingModule@3bb9a3ff]" started-at="2023-01-19T20:46:59 IST" name="mismatchPassword" finished-at="2023-01-19T20:47:00 IST" duration-ms="366" status="PASS">
          <reporter-output>
          </reporter-output>
        </test-method> <!-- mismatchPassword -->
        <test-method is-config="true" signature="exitBrowser()[pri:0, instance:org.test.OnBoardingModule@3bb9a3ff]" started-at="2023-01-19T20:47:00 IST" name="exitBrowser" finished-at="2023-01-19T20:47:10 IST" duration-ms="10270" status="PASS">
          <reporter-output>
          </reporter-output>
        </test-method> <!-- exitBrowser -->
      </class> <!-- org.test.OnBoardingModule -->
    </test> <!-- Default test -->
  </suite> <!-- Default suite -->
</testng-results>
