<?xml version="1.0" encoding="UTF-8"?>
<testng-results ignored="0" total="20" passed="20" failed="0" skipped="0">
  <reporter-output>
  </reporter-output>
  <suite started-at="2023-03-03T19:04:55 IST" name="Default suite" finished-at="2023-03-03T19:06:58 IST" duration-ms="123118">
    <groups>
    </groups>
    <test started-at="2023-03-03T19:04:55 IST" name="Default test" finished-at="2023-03-03T19:06:58 IST" duration-ms="123118">
      <class name="org.test.LeadSource">
        <test-method is-config="true" signature="setup()[pri:0, instance:org.test.LeadSource@54bff557]" started-at="2023-03-03T19:04:55 IST" name="setup" finished-at="2023-03-03T19:04:57 IST" duration-ms="2026" status="PASS">
          <reporter-output>
          </reporter-output>
        </test-method> <!-- setup -->
        <test-method signature="loginPage()[pri:0, instance:org.test.LeadSource@54bff557]" started-at="2023-03-03T19:04:57 IST" name="loginPage" finished-at="2023-03-03T19:05:29 IST" duration-ms="31651" status="PASS">
          <reporter-output>
          </reporter-output>
        </test-method> <!-- loginPage -->
        <test-method signature="settingModule()[pri:1, instance:org.test.LeadSource@54bff557]" started-at="2023-03-03T19:05:29 IST" name="settingModule" finished-at="2023-03-03T19:05:31 IST" duration-ms="1716" status="PASS">
          <reporter-output>
          </reporter-output>
        </test-method> <!-- settingModule -->
        <test-method signature="leadSourceLabel()[pri:2, instance:org.test.LeadSource@54bff557]" started-at="2023-03-03T19:05:31 IST" name="leadSourceLabel" finished-at="2023-03-03T19:05:31 IST" duration-ms="125" status="PASS">
          <reporter-output>
          </reporter-output>
        </test-method> <!-- leadSourceLabel -->
        <test-method signature="createFormLabel()[pri:3, instance:org.test.LeadSource@54bff557]" started-at="2023-03-03T19:05:31 IST" name="createFormLabel" finished-at="2023-03-03T19:05:33 IST" duration-ms="1878" status="PASS">
          <reporter-output>
          </reporter-output>
        </test-method> <!-- createFormLabel -->
        <test-method signature="maximumValidationLeadSource()[pri:4, instance:org.test.LeadSource@54bff557]" started-at="2023-03-03T19:05:33 IST" name="maximumValidationLeadSource" finished-at="2023-03-03T19:05:36 IST" duration-ms="3419" status="PASS">
          <reporter-output>
          </reporter-output>
        </test-method> <!-- maximumValidationLeadSource -->
        <test-method signature="mandatoryValidation()[pri:5, instance:org.test.LeadSource@54bff557]" started-at="2023-03-03T19:05:36 IST" name="mandatoryValidation" finished-at="2023-03-03T19:05:36 IST" duration-ms="288" status="PASS">
          <reporter-output>
          </reporter-output>
        </test-method> <!-- mandatoryValidation -->
        <test-method signature="verifySaveButtonExist()[pri:6, instance:org.test.LeadSource@54bff557]" started-at="2023-03-03T19:05:36 IST" name="verifySaveButtonExist" finished-at="2023-03-03T19:05:37 IST" duration-ms="339" status="PASS">
          <reporter-output>
          </reporter-output>
        </test-method> <!-- verifySaveButtonExist -->
        <test-method signature="leadSourceCreate()[pri:7, instance:org.test.LeadSource@54bff557]" started-at="2023-03-03T19:05:37 IST" name="leadSourceCreate" finished-at="2023-03-03T19:05:45 IST" duration-ms="8153" status="PASS">
          <reporter-output>
          </reporter-output>
        </test-method> <!-- leadSourceCreate -->
        <test-method signature="leadSourceCreateList()[pri:8, instance:org.test.LeadSource@54bff557]" started-at="2023-03-03T19:05:45 IST" name="leadSourceCreateList" finished-at="2023-03-03T19:05:45 IST" duration-ms="45" status="PASS">
          <reporter-output>
          </reporter-output>
        </test-method> <!-- leadSourceCreateList -->
        <test-method signature="activeStatus()[pri:9, instance:org.test.LeadSource@54bff557]" started-at="2023-03-03T19:05:45 IST" name="activeStatus" finished-at="2023-03-03T19:05:45 IST" duration-ms="47" status="PASS">
          <reporter-output>
          </reporter-output>
        </test-method> <!-- activeStatus -->
        <test-method signature="editFormLabel()[pri:10, instance:org.test.LeadSource@54bff557]" started-at="2023-03-03T19:05:45 IST" name="editFormLabel" finished-at="2023-03-03T19:05:46 IST" duration-ms="1367" status="PASS">
          <reporter-output>
          </reporter-output>
        </test-method> <!-- editFormLabel -->
        <test-method signature="editmaximumValidationLeadSource()[pri:11, instance:org.test.LeadSource@54bff557]" started-at="2023-03-03T19:05:46 IST" name="editmaximumValidationLeadSource" finished-at="2023-03-03T19:05:50 IST" duration-ms="3614" status="PASS">
          <reporter-output>
          </reporter-output>
        </test-method> <!-- editmaximumValidationLeadSource -->
        <test-method signature="editmandatoryValidation()[pri:12, instance:org.test.LeadSource@54bff557]" started-at="2023-03-03T19:05:50 IST" name="editmandatoryValidation" finished-at="2023-03-03T19:05:50 IST" duration-ms="177" status="PASS">
          <reporter-output>
          </reporter-output>
        </test-method> <!-- editmandatoryValidation -->
        <test-method signature="verifyUpdateButtonExist()[pri:13, instance:org.test.LeadSource@54bff557]" started-at="2023-03-03T19:05:50 IST" name="verifyUpdateButtonExist" finished-at="2023-03-03T19:05:51 IST" duration-ms="463" status="PASS">
          <reporter-output>
          </reporter-output>
        </test-method> <!-- verifyUpdateButtonExist -->
        <test-method signature="leadSourceUpdate()[pri:14, instance:org.test.LeadSource@54bff557]" started-at="2023-03-03T19:05:51 IST" name="leadSourceUpdate" finished-at="2023-03-03T19:05:58 IST" duration-ms="7650" status="PASS">
          <reporter-output>
          </reporter-output>
        </test-method> <!-- leadSourceUpdate -->
        <test-method signature="alreadyExists()[pri:15, instance:org.test.LeadSource@54bff557]" started-at="2023-03-03T19:05:58 IST" name="alreadyExists" finished-at="2023-03-03T19:06:00 IST" duration-ms="1566" status="PASS">
          <reporter-output>
          </reporter-output>
        </test-method> <!-- alreadyExists -->
        <test-method signature="deleteBusinessUnit()[pri:16, instance:org.test.LeadSource@54bff557]" started-at="2023-03-03T19:06:00 IST" name="deleteBusinessUnit" finished-at="2023-03-03T19:06:17 IST" duration-ms="17284" status="PASS">
          <reporter-output>
          </reporter-output>
        </test-method> <!-- deleteBusinessUnit -->
        <test-method signature="reflectCreateContactPage()[pri:17, instance:org.test.LeadSource@54bff557]" started-at="2023-03-03T19:06:17 IST" name="reflectCreateContactPage" finished-at="2023-03-03T19:06:38 IST" duration-ms="20775" status="PASS">
          <reporter-output>
          </reporter-output>
        </test-method> <!-- reflectCreateContactPage -->
        <test-method signature="inactiveLeadSource()[pri:18, instance:org.test.LeadSource@54bff557]" started-at="2023-03-03T19:06:38 IST" name="inactiveLeadSource" finished-at="2023-03-03T19:06:53 IST" duration-ms="14819" status="PASS">
          <reporter-output>
          </reporter-output>
        </test-method> <!-- inactiveLeadSource -->
        <test-method signature="deleteLeadSource()[pri:19, instance:org.test.LeadSource@54bff557]" started-at="2023-03-03T19:06:53 IST" name="deleteLeadSource" finished-at="2023-03-03T19:06:58 IST" duration-ms="5244" status="PASS">
          <reporter-output>
          </reporter-output>
        </test-method> <!-- deleteLeadSource -->
        <test-method is-config="true" signature="exitBrowser()[pri:0, instance:org.test.LeadSource@54bff557]" started-at="2023-03-03T19:06:58 IST" name="exitBrowser" finished-at="2023-03-03T19:06:58 IST" duration-ms="424" status="PASS">
          <reporter-output>
          </reporter-output>
        </test-method> <!-- exitBrowser -->
      </class> <!-- org.test.LeadSource -->
    </test> <!-- Default test -->
  </suite> <!-- Default suite -->
</testng-results>
