<?xml version="1.0" encoding="UTF-8"?>
<testng-results ignored="0" total="23" passed="23" failed="0" skipped="0">
  <reporter-output>
  </reporter-output>
  <suite started-at="2024-01-02T12:27:58 IST" name="Default suite" finished-at="2024-01-02T12:29:49 IST" duration-ms="110293">
    <groups>
    </groups>
    <test started-at="2024-01-02T12:27:58 IST" name="Default test" finished-at="2024-01-02T12:29:49 IST" duration-ms="110293">
      <class name="org.test.TeamCompaniesDetailScreen">
        <test-method is-config="true" signature="setup()[pri:0, instance:org.test.TeamCompaniesDetailScreen@5e600dd5]" started-at="2024-01-02T12:27:58 IST" name="setup" finished-at="2024-01-02T12:28:01 IST" duration-ms="2422" status="PASS">
          <reporter-output>
          </reporter-output>
        </test-method> <!-- setup -->
        <test-method is-config="true" signature="deleteBeforeCatch()[pri:0, instance:org.test.TeamCompaniesDetailScreen@5e600dd5]" started-at="2024-01-02T12:28:01 IST" name="deleteBeforeCatch" finished-at="2024-01-02T12:28:01 IST" duration-ms="8" status="PASS">
          <reporter-output>
          </reporter-output>
        </test-method> <!-- deleteBeforeCatch -->
        <test-method signature="verify()[pri:0, instance:org.test.TeamCompaniesDetailScreen@5e600dd5]" started-at="2024-01-02T12:28:01 IST" name="verify" finished-at="2024-01-02T12:28:42 IST" duration-ms="41465" status="PASS">
          <reporter-output>
          </reporter-output>
        </test-method> <!-- verify -->
        <test-method is-config="true" signature="deleteAfterCatch()[pri:0, instance:org.test.TeamCompaniesDetailScreen@5e600dd5]" started-at="2024-01-02T12:28:42 IST" name="deleteAfterCatch" finished-at="2024-01-02T12:28:42 IST" duration-ms="25" status="PASS">
          <reporter-output>
          </reporter-output>
        </test-method> <!-- deleteAfterCatch -->
        <test-method is-config="true" signature="deleteBeforeCatch()[pri:0, instance:org.test.TeamCompaniesDetailScreen@5e600dd5]" started-at="2024-01-02T12:28:42 IST" name="deleteBeforeCatch" finished-at="2024-01-02T12:28:42 IST" duration-ms="16" status="PASS">
          <reporter-output>
          </reporter-output>
        </test-method> <!-- deleteBeforeCatch -->
        <test-method signature="teamModule()[pri:1, instance:org.test.TeamCompaniesDetailScreen@5e600dd5]" started-at="2024-01-02T12:28:42 IST" name="teamModule" finished-at="2024-01-02T12:28:46 IST" duration-ms="3167" status="PASS">
          <reporter-output>
          </reporter-output>
        </test-method> <!-- teamModule -->
        <test-method is-config="true" signature="deleteAfterCatch()[pri:0, instance:org.test.TeamCompaniesDetailScreen@5e600dd5]" started-at="2024-01-02T12:28:46 IST" name="deleteAfterCatch" finished-at="2024-01-02T12:28:46 IST" duration-ms="20" status="PASS">
          <reporter-output>
          </reporter-output>
        </test-method> <!-- deleteAfterCatch -->
        <test-method is-config="true" signature="deleteBeforeCatch()[pri:0, instance:org.test.TeamCompaniesDetailScreen@5e600dd5]" started-at="2024-01-02T12:28:46 IST" name="deleteBeforeCatch" finished-at="2024-01-02T12:28:46 IST" duration-ms="12" status="PASS">
          <reporter-output>
          </reporter-output>
        </test-method> <!-- deleteBeforeCatch -->
        <test-method signature="editLabel()[pri:2, instance:org.test.TeamCompaniesDetailScreen@5e600dd5]" started-at="2024-01-02T12:28:46 IST" name="editLabel" finished-at="2024-01-02T12:28:51 IST" duration-ms="4926" status="PASS">
          <reporter-output>
          </reporter-output>
        </test-method> <!-- editLabel -->
        <test-method is-config="true" signature="deleteAfterCatch()[pri:0, instance:org.test.TeamCompaniesDetailScreen@5e600dd5]" started-at="2024-01-02T12:28:51 IST" name="deleteAfterCatch" finished-at="2024-01-02T12:28:51 IST" duration-ms="11" status="PASS">
          <reporter-output>
          </reporter-output>
        </test-method> <!-- deleteAfterCatch -->
        <test-method is-config="true" signature="deleteBeforeCatch()[pri:0, instance:org.test.TeamCompaniesDetailScreen@5e600dd5]" started-at="2024-01-02T12:28:51 IST" name="deleteBeforeCatch" finished-at="2024-01-02T12:28:51 IST" duration-ms="30" status="PASS">
          <reporter-output>
          </reporter-output>
        </test-method> <!-- deleteBeforeCatch -->
        <test-method signature="maxValidationCompanyWebsiteField()[pri:3, instance:org.test.TeamCompaniesDetailScreen@5e600dd5]" started-at="2024-01-02T12:28:51 IST" name="maxValidationCompanyWebsiteField" finished-at="2024-01-02T12:28:55 IST" duration-ms="4267" status="PASS">
          <reporter-output>
          </reporter-output>
        </test-method> <!-- maxValidationCompanyWebsiteField -->
        <test-method is-config="true" signature="deleteAfterCatch()[pri:0, instance:org.test.TeamCompaniesDetailScreen@5e600dd5]" started-at="2024-01-02T12:28:55 IST" name="deleteAfterCatch" finished-at="2024-01-02T12:28:55 IST" duration-ms="8" status="PASS">
          <reporter-output>
          </reporter-output>
        </test-method> <!-- deleteAfterCatch -->
        <test-method is-config="true" signature="deleteBeforeCatch()[pri:0, instance:org.test.TeamCompaniesDetailScreen@5e600dd5]" started-at="2024-01-02T12:28:55 IST" name="deleteBeforeCatch" finished-at="2024-01-02T12:28:55 IST" duration-ms="18" status="PASS">
          <reporter-output>
          </reporter-output>
        </test-method> <!-- deleteBeforeCatch -->
        <test-method signature="maxValidationFirstNameField()[pri:4, instance:org.test.TeamCompaniesDetailScreen@5e600dd5]" started-at="2024-01-02T12:28:55 IST" name="maxValidationFirstNameField" finished-at="2024-01-02T12:28:56 IST" duration-ms="896" status="PASS">
          <reporter-output>
          </reporter-output>
        </test-method> <!-- maxValidationFirstNameField -->
        <test-method is-config="true" signature="deleteAfterCatch()[pri:0, instance:org.test.TeamCompaniesDetailScreen@5e600dd5]" started-at="2024-01-02T12:28:56 IST" name="deleteAfterCatch" finished-at="2024-01-02T12:28:56 IST" duration-ms="22" status="PASS">
          <reporter-output>
          </reporter-output>
        </test-method> <!-- deleteAfterCatch -->
        <test-method is-config="true" signature="deleteBeforeCatch()[pri:0, instance:org.test.TeamCompaniesDetailScreen@5e600dd5]" started-at="2024-01-02T12:28:56 IST" name="deleteBeforeCatch" finished-at="2024-01-02T12:28:56 IST" duration-ms="15" status="PASS">
          <reporter-output>
          </reporter-output>
        </test-method> <!-- deleteBeforeCatch -->
        <test-method signature="maxValidationLastNameField()[pri:5, instance:org.test.TeamCompaniesDetailScreen@5e600dd5]" started-at="2024-01-02T12:28:56 IST" name="maxValidationLastNameField" finished-at="2024-01-02T12:28:57 IST" duration-ms="891" status="PASS">
          <reporter-output>
          </reporter-output>
        </test-method> <!-- maxValidationLastNameField -->
        <test-method is-config="true" signature="deleteAfterCatch()[pri:0, instance:org.test.TeamCompaniesDetailScreen@5e600dd5]" started-at="2024-01-02T12:28:57 IST" name="deleteAfterCatch" finished-at="2024-01-02T12:28:57 IST" duration-ms="12" status="PASS">
          <reporter-output>
          </reporter-output>
        </test-method> <!-- deleteAfterCatch -->
        <test-method is-config="true" signature="deleteBeforeCatch()[pri:0, instance:org.test.TeamCompaniesDetailScreen@5e600dd5]" started-at="2024-01-02T12:28:57 IST" name="deleteBeforeCatch" finished-at="2024-01-02T12:28:57 IST" duration-ms="16" status="PASS">
          <reporter-output>
          </reporter-output>
        </test-method> <!-- deleteBeforeCatch -->
        <test-method signature="maxValidationTaxNumberField()[pri:6, instance:org.test.TeamCompaniesDetailScreen@5e600dd5]" started-at="2024-01-02T12:28:57 IST" name="maxValidationTaxNumberField" finished-at="2024-01-02T12:29:01 IST" duration-ms="4718" status="PASS">
          <reporter-output>
          </reporter-output>
        </test-method> <!-- maxValidationTaxNumberField -->
        <test-method is-config="true" signature="deleteAfterCatch()[pri:0, instance:org.test.TeamCompaniesDetailScreen@5e600dd5]" started-at="2024-01-02T12:29:01 IST" name="deleteAfterCatch" finished-at="2024-01-02T12:29:01 IST" duration-ms="7" status="PASS">
          <reporter-output>
          </reporter-output>
        </test-method> <!-- deleteAfterCatch -->
        <test-method is-config="true" signature="deleteBeforeCatch()[pri:0, instance:org.test.TeamCompaniesDetailScreen@5e600dd5]" started-at="2024-01-02T12:29:01 IST" name="deleteBeforeCatch" finished-at="2024-01-02T12:29:01 IST" duration-ms="18" status="PASS">
          <reporter-output>
          </reporter-output>
        </test-method> <!-- deleteBeforeCatch -->
        <test-method signature="maxValidationCompanyLocationNameField()[pri:7, instance:org.test.TeamCompaniesDetailScreen@5e600dd5]" started-at="2024-01-02T12:29:01 IST" name="maxValidationCompanyLocationNameField" finished-at="2024-01-02T12:29:03 IST" duration-ms="1148" status="PASS">
          <reporter-output>
          </reporter-output>
        </test-method> <!-- maxValidationCompanyLocationNameField -->
        <test-method is-config="true" signature="deleteAfterCatch()[pri:0, instance:org.test.TeamCompaniesDetailScreen@5e600dd5]" started-at="2024-01-02T12:29:03 IST" name="deleteAfterCatch" finished-at="2024-01-02T12:29:03 IST" duration-ms="22" status="PASS">
          <reporter-output>
          </reporter-output>
        </test-method> <!-- deleteAfterCatch -->
        <test-method is-config="true" signature="deleteBeforeCatch()[pri:0, instance:org.test.TeamCompaniesDetailScreen@5e600dd5]" started-at="2024-01-02T12:29:03 IST" name="deleteBeforeCatch" finished-at="2024-01-02T12:29:03 IST" duration-ms="13" status="PASS">
          <reporter-output>
          </reporter-output>
        </test-method> <!-- deleteBeforeCatch -->
        <test-method signature="validateCompanyEmailField()[pri:8, instance:org.test.TeamCompaniesDetailScreen@5e600dd5]" started-at="2024-01-02T12:29:03 IST" name="validateCompanyEmailField" finished-at="2024-01-02T12:29:03 IST" duration-ms="441" status="PASS">
          <reporter-output>
          </reporter-output>
        </test-method> <!-- validateCompanyEmailField -->
        <test-method is-config="true" signature="deleteAfterCatch()[pri:0, instance:org.test.TeamCompaniesDetailScreen@5e600dd5]" started-at="2024-01-02T12:29:03 IST" name="deleteAfterCatch" finished-at="2024-01-02T12:29:03 IST" duration-ms="8" status="PASS">
          <reporter-output>
          </reporter-output>
        </test-method> <!-- deleteAfterCatch -->
        <test-method is-config="true" signature="deleteBeforeCatch()[pri:0, instance:org.test.TeamCompaniesDetailScreen@5e600dd5]" started-at="2024-01-02T12:29:03 IST" name="deleteBeforeCatch" finished-at="2024-01-02T12:29:03 IST" duration-ms="15" status="PASS">
          <reporter-output>
          </reporter-output>
        </test-method> <!-- deleteBeforeCatch -->
        <test-method signature="maxValidationCompanyEmailField()[pri:9, instance:org.test.TeamCompaniesDetailScreen@5e600dd5]" started-at="2024-01-02T12:29:03 IST" name="maxValidationCompanyEmailField" finished-at="2024-01-02T12:29:04 IST" duration-ms="890" status="PASS">
          <reporter-output>
          </reporter-output>
        </test-method> <!-- maxValidationCompanyEmailField -->
        <test-method is-config="true" signature="deleteAfterCatch()[pri:0, instance:org.test.TeamCompaniesDetailScreen@5e600dd5]" started-at="2024-01-02T12:29:04 IST" name="deleteAfterCatch" finished-at="2024-01-02T12:29:04 IST" duration-ms="13" status="PASS">
          <reporter-output>
          </reporter-output>
        </test-method> <!-- deleteAfterCatch -->
        <test-method is-config="true" signature="deleteBeforeCatch()[pri:0, instance:org.test.TeamCompaniesDetailScreen@5e600dd5]" started-at="2024-01-02T12:29:04 IST" name="deleteBeforeCatch" finished-at="2024-01-02T12:29:04 IST" duration-ms="17" status="PASS">
          <reporter-output>
          </reporter-output>
        </test-method> <!-- deleteBeforeCatch -->
        <test-method signature="minValidationCompanyPhoneNumberField()[pri:10, instance:org.test.TeamCompaniesDetailScreen@5e600dd5]" started-at="2024-01-02T12:29:04 IST" name="minValidationCompanyPhoneNumberField" finished-at="2024-01-02T12:29:05 IST" duration-ms="511" status="PASS">
          <reporter-output>
          </reporter-output>
        </test-method> <!-- minValidationCompanyPhoneNumberField -->
        <test-method is-config="true" signature="deleteAfterCatch()[pri:0, instance:org.test.TeamCompaniesDetailScreen@5e600dd5]" started-at="2024-01-02T12:29:05 IST" name="deleteAfterCatch" finished-at="2024-01-02T12:29:05 IST" duration-ms="8" status="PASS">
          <reporter-output>
          </reporter-output>
        </test-method> <!-- deleteAfterCatch -->
        <test-method is-config="true" signature="deleteBeforeCatch()[pri:0, instance:org.test.TeamCompaniesDetailScreen@5e600dd5]" started-at="2024-01-02T12:29:05 IST" name="deleteBeforeCatch" finished-at="2024-01-02T12:29:05 IST" duration-ms="12" status="PASS">
          <reporter-output>
          </reporter-output>
        </test-method> <!-- deleteBeforeCatch -->
        <test-method signature="maxValidationCompanyPhoneNumberField()[pri:11, instance:org.test.TeamCompaniesDetailScreen@5e600dd5]" started-at="2024-01-02T12:29:05 IST" name="maxValidationCompanyPhoneNumberField" finished-at="2024-01-02T12:29:05 IST" duration-ms="520" status="PASS">
          <reporter-output>
          </reporter-output>
        </test-method> <!-- maxValidationCompanyPhoneNumberField -->
        <test-method is-config="true" signature="deleteAfterCatch()[pri:0, instance:org.test.TeamCompaniesDetailScreen@5e600dd5]" started-at="2024-01-02T12:29:05 IST" name="deleteAfterCatch" finished-at="2024-01-02T12:29:05 IST" duration-ms="11" status="PASS">
          <reporter-output>
          </reporter-output>
        </test-method> <!-- deleteAfterCatch -->
        <test-method is-config="true" signature="deleteBeforeCatch()[pri:0, instance:org.test.TeamCompaniesDetailScreen@5e600dd5]" started-at="2024-01-02T12:29:05 IST" name="deleteBeforeCatch" finished-at="2024-01-02T12:29:05 IST" duration-ms="16" status="PASS">
          <reporter-output>
          </reporter-output>
        </test-method> <!-- deleteBeforeCatch -->
        <test-method signature="maxValidationCompanyAddress1Field()[pri:12, instance:org.test.TeamCompaniesDetailScreen@5e600dd5]" started-at="2024-01-02T12:29:05 IST" name="maxValidationCompanyAddress1Field" finished-at="2024-01-02T12:29:06 IST" duration-ms="1046" status="PASS">
          <reporter-output>
          </reporter-output>
        </test-method> <!-- maxValidationCompanyAddress1Field -->
        <test-method is-config="true" signature="deleteAfterCatch()[pri:0, instance:org.test.TeamCompaniesDetailScreen@5e600dd5]" started-at="2024-01-02T12:29:06 IST" name="deleteAfterCatch" finished-at="2024-01-02T12:29:06 IST" duration-ms="25" status="PASS">
          <reporter-output>
          </reporter-output>
        </test-method> <!-- deleteAfterCatch -->
        <test-method is-config="true" signature="deleteBeforeCatch()[pri:0, instance:org.test.TeamCompaniesDetailScreen@5e600dd5]" started-at="2024-01-02T12:29:06 IST" name="deleteBeforeCatch" finished-at="2024-01-02T12:29:06 IST" duration-ms="17" status="PASS">
          <reporter-output>
          </reporter-output>
        </test-method> <!-- deleteBeforeCatch -->
        <test-method signature="maxValidationCompanyAddress2Field()[pri:13, instance:org.test.TeamCompaniesDetailScreen@5e600dd5]" started-at="2024-01-02T12:29:06 IST" name="maxValidationCompanyAddress2Field" finished-at="2024-01-02T12:29:07 IST" duration-ms="878" status="PASS">
          <reporter-output>
          </reporter-output>
        </test-method> <!-- maxValidationCompanyAddress2Field -->
        <test-method is-config="true" signature="deleteAfterCatch()[pri:0, instance:org.test.TeamCompaniesDetailScreen@5e600dd5]" started-at="2024-01-02T12:29:07 IST" name="deleteAfterCatch" finished-at="2024-01-02T12:29:07 IST" duration-ms="15" status="PASS">
          <reporter-output>
          </reporter-output>
        </test-method> <!-- deleteAfterCatch -->
        <test-method is-config="true" signature="deleteBeforeCatch()[pri:0, instance:org.test.TeamCompaniesDetailScreen@5e600dd5]" started-at="2024-01-02T12:29:07 IST" name="deleteBeforeCatch" finished-at="2024-01-02T12:29:07 IST" duration-ms="16" status="PASS">
          <reporter-output>
          </reporter-output>
        </test-method> <!-- deleteBeforeCatch -->
        <test-method signature="maxValidationCompanyStateField()[pri:14, instance:org.test.TeamCompaniesDetailScreen@5e600dd5]" started-at="2024-01-02T12:29:07 IST" name="maxValidationCompanyStateField" finished-at="2024-01-02T12:29:08 IST" duration-ms="892" status="PASS">
          <reporter-output>
          </reporter-output>
        </test-method> <!-- maxValidationCompanyStateField -->
        <test-method is-config="true" signature="deleteAfterCatch()[pri:0, instance:org.test.TeamCompaniesDetailScreen@5e600dd5]" started-at="2024-01-02T12:29:08 IST" name="deleteAfterCatch" finished-at="2024-01-02T12:29:08 IST" duration-ms="8" status="PASS">
          <reporter-output>
          </reporter-output>
        </test-method> <!-- deleteAfterCatch -->
        <test-method is-config="true" signature="deleteBeforeCatch()[pri:0, instance:org.test.TeamCompaniesDetailScreen@5e600dd5]" started-at="2024-01-02T12:29:08 IST" name="deleteBeforeCatch" finished-at="2024-01-02T12:29:08 IST" duration-ms="17" status="PASS">
          <reporter-output>
          </reporter-output>
        </test-method> <!-- deleteBeforeCatch -->
        <test-method signature="maxValidationCompanyCityField()[pri:15, instance:org.test.TeamCompaniesDetailScreen@5e600dd5]" started-at="2024-01-02T12:29:08 IST" name="maxValidationCompanyCityField" finished-at="2024-01-02T12:29:09 IST" duration-ms="916" status="PASS">
          <reporter-output>
          </reporter-output>
        </test-method> <!-- maxValidationCompanyCityField -->
        <test-method is-config="true" signature="deleteAfterCatch()[pri:0, instance:org.test.TeamCompaniesDetailScreen@5e600dd5]" started-at="2024-01-02T12:29:09 IST" name="deleteAfterCatch" finished-at="2024-01-02T12:29:09 IST" duration-ms="20" status="PASS">
          <reporter-output>
          </reporter-output>
        </test-method> <!-- deleteAfterCatch -->
        <test-method is-config="true" signature="deleteBeforeCatch()[pri:0, instance:org.test.TeamCompaniesDetailScreen@5e600dd5]" started-at="2024-01-02T12:29:09 IST" name="deleteBeforeCatch" finished-at="2024-01-02T12:29:09 IST" duration-ms="15" status="PASS">
          <reporter-output>
          </reporter-output>
        </test-method> <!-- deleteBeforeCatch -->
        <test-method signature="maxValidationCompanyZipcodeField()[pri:16, instance:org.test.TeamCompaniesDetailScreen@5e600dd5]" started-at="2024-01-02T12:29:09 IST" name="maxValidationCompanyZipcodeField" finished-at="2024-01-02T12:29:09 IST" duration-ms="410" status="PASS">
          <reporter-output>
          </reporter-output>
        </test-method> <!-- maxValidationCompanyZipcodeField -->
        <test-method is-config="true" signature="deleteAfterCatch()[pri:0, instance:org.test.TeamCompaniesDetailScreen@5e600dd5]" started-at="2024-01-02T12:29:09 IST" name="deleteAfterCatch" finished-at="2024-01-02T12:29:09 IST" duration-ms="9" status="PASS">
          <reporter-output>
          </reporter-output>
        </test-method> <!-- deleteAfterCatch -->
        <test-method is-config="true" signature="deleteBeforeCatch()[pri:0, instance:org.test.TeamCompaniesDetailScreen@5e600dd5]" started-at="2024-01-02T12:29:09 IST" name="deleteBeforeCatch" finished-at="2024-01-02T12:29:09 IST" duration-ms="15" status="PASS">
          <reporter-output>
          </reporter-output>
        </test-method> <!-- deleteBeforeCatch -->
        <test-method signature="minValidationCompanyZipcodeField()[pri:17, instance:org.test.TeamCompaniesDetailScreen@5e600dd5]" started-at="2024-01-02T12:29:09 IST" name="minValidationCompanyZipcodeField" finished-at="2024-01-02T12:29:10 IST" duration-ms="421" status="PASS">
          <reporter-output>
          </reporter-output>
        </test-method> <!-- minValidationCompanyZipcodeField -->
        <test-method is-config="true" signature="deleteAfterCatch()[pri:0, instance:org.test.TeamCompaniesDetailScreen@5e600dd5]" started-at="2024-01-02T12:29:10 IST" name="deleteAfterCatch" finished-at="2024-01-02T12:29:10 IST" duration-ms="11" status="PASS">
          <reporter-output>
          </reporter-output>
        </test-method> <!-- deleteAfterCatch -->
        <test-method is-config="true" signature="deleteBeforeCatch()[pri:0, instance:org.test.TeamCompaniesDetailScreen@5e600dd5]" started-at="2024-01-02T12:29:10 IST" name="deleteBeforeCatch" finished-at="2024-01-02T12:29:10 IST" duration-ms="16" status="PASS">
          <reporter-output>
          </reporter-output>
        </test-method> <!-- deleteBeforeCatch -->
        <test-method signature="characterValidationCompanyZipcodeField()[pri:18, instance:org.test.TeamCompaniesDetailScreen@5e600dd5]" started-at="2024-01-02T12:29:10 IST" name="characterValidationCompanyZipcodeField" finished-at="2024-01-02T12:29:10 IST" duration-ms="372" status="PASS">
          <reporter-output>
          </reporter-output>
        </test-method> <!-- characterValidationCompanyZipcodeField -->
        <test-method is-config="true" signature="deleteAfterCatch()[pri:0, instance:org.test.TeamCompaniesDetailScreen@5e600dd5]" started-at="2024-01-02T12:29:10 IST" name="deleteAfterCatch" finished-at="2024-01-02T12:29:10 IST" duration-ms="8" status="PASS">
          <reporter-output>
          </reporter-output>
        </test-method> <!-- deleteAfterCatch -->
        <test-method is-config="true" signature="deleteBeforeCatch()[pri:0, instance:org.test.TeamCompaniesDetailScreen@5e600dd5]" started-at="2024-01-02T12:29:10 IST" name="deleteBeforeCatch" finished-at="2024-01-02T12:29:10 IST" duration-ms="16" status="PASS">
          <reporter-output>
          </reporter-output>
        </test-method> <!-- deleteBeforeCatch -->
        <test-method signature="maxValidationCompanyContactPerson()[pri:19, instance:org.test.TeamCompaniesDetailScreen@5e600dd5]" started-at="2024-01-02T12:29:10 IST" name="maxValidationCompanyContactPerson" finished-at="2024-01-02T12:29:14 IST" duration-ms="3304" status="PASS">
          <reporter-output>
          </reporter-output>
        </test-method> <!-- maxValidationCompanyContactPerson -->
        <test-method is-config="true" signature="deleteAfterCatch()[pri:0, instance:org.test.TeamCompaniesDetailScreen@5e600dd5]" started-at="2024-01-02T12:29:14 IST" name="deleteAfterCatch" finished-at="2024-01-02T12:29:14 IST" duration-ms="13" status="PASS">
          <reporter-output>
          </reporter-output>
        </test-method> <!-- deleteAfterCatch -->
        <test-method is-config="true" signature="deleteBeforeCatch()[pri:0, instance:org.test.TeamCompaniesDetailScreen@5e600dd5]" started-at="2024-01-02T12:29:14 IST" name="deleteBeforeCatch" finished-at="2024-01-02T12:29:14 IST" duration-ms="19" status="PASS">
          <reporter-output>
          </reporter-output>
        </test-method> <!-- deleteBeforeCatch -->
        <test-method signature="maximumValidationDescription()[pri:20, instance:org.test.TeamCompaniesDetailScreen@5e600dd5]" started-at="2024-01-02T12:29:14 IST" name="maximumValidationDescription" finished-at="2024-01-02T12:29:20 IST" duration-ms="6105" status="PASS">
          <reporter-output>
          </reporter-output>
        </test-method> <!-- maximumValidationDescription -->
        <test-method is-config="true" signature="deleteAfterCatch()[pri:0, instance:org.test.TeamCompaniesDetailScreen@5e600dd5]" started-at="2024-01-02T12:29:20 IST" name="deleteAfterCatch" finished-at="2024-01-02T12:29:20 IST" duration-ms="10" status="PASS">
          <reporter-output>
          </reporter-output>
        </test-method> <!-- deleteAfterCatch -->
        <test-method is-config="true" signature="deleteBeforeCatch()[pri:0, instance:org.test.TeamCompaniesDetailScreen@5e600dd5]" started-at="2024-01-02T12:29:20 IST" name="deleteBeforeCatch" finished-at="2024-01-02T12:29:20 IST" duration-ms="18" status="PASS">
          <reporter-output>
          </reporter-output>
        </test-method> <!-- deleteBeforeCatch -->
        <test-method signature="responseMessage()[pri:20, instance:org.test.TeamCompaniesDetailScreen@5e600dd5]" started-at="2024-01-02T12:29:20 IST" name="responseMessage" finished-at="2024-01-02T12:29:36 IST" duration-ms="15988" status="PASS">
          <reporter-output>
          </reporter-output>
        </test-method> <!-- responseMessage -->
        <test-method is-config="true" signature="deleteAfterCatch()[pri:0, instance:org.test.TeamCompaniesDetailScreen@5e600dd5]" started-at="2024-01-02T12:29:36 IST" name="deleteAfterCatch" finished-at="2024-01-02T12:29:36 IST" duration-ms="27" status="PASS">
          <reporter-output>
          </reporter-output>
        </test-method> <!-- deleteAfterCatch -->
        <test-method is-config="true" signature="deleteBeforeCatch()[pri:0, instance:org.test.TeamCompaniesDetailScreen@5e600dd5]" started-at="2024-01-02T12:29:36 IST" name="deleteBeforeCatch" finished-at="2024-01-02T12:29:36 IST" duration-ms="8" status="PASS">
          <reporter-output>
          </reporter-output>
        </test-method> <!-- deleteBeforeCatch -->
        <test-method signature="deleteLocation()[pri:21, instance:org.test.TeamCompaniesDetailScreen@5e600dd5]" started-at="2024-01-02T12:29:36 IST" name="deleteLocation" finished-at="2024-01-02T12:29:48 IST" duration-ms="12229" status="PASS">
          <reporter-output>
          </reporter-output>
        </test-method> <!-- deleteLocation -->
        <test-method is-config="true" signature="deleteAfterCatch()[pri:0, instance:org.test.TeamCompaniesDetailScreen@5e600dd5]" started-at="2024-01-02T12:29:48 IST" name="deleteAfterCatch" finished-at="2024-01-02T12:29:48 IST" duration-ms="22" status="PASS">
          <reporter-output>
          </reporter-output>
        </test-method> <!-- deleteAfterCatch -->
        <test-method is-config="true" signature="exitBrowser()[pri:0, instance:org.test.TeamCompaniesDetailScreen@5e600dd5]" started-at="2024-01-02T12:29:48 IST" name="exitBrowser" finished-at="2024-01-02T12:29:49 IST" duration-ms="701" status="PASS">
          <reporter-output>
          </reporter-output>
        </test-method> <!-- exitBrowser -->
      </class> <!-- org.test.TeamCompaniesDetailScreen -->
    </test> <!-- Default test -->
  </suite> <!-- Default suite -->
</testng-results>
