<?xml version="1.0" encoding="UTF-8"?>
<testng-results ignored="0" total="69" passed="63" failed="0" skipped="6">
  <reporter-output>
  </reporter-output>
  <suite started-at="2023-05-07T23:50:03 IST" name="Default suite" finished-at="2023-05-07T23:55:05 IST" duration-ms="302291">
    <groups>
    </groups>
    <test started-at="2023-05-07T23:50:03 IST" name="Default test" finished-at="2023-05-07T23:55:05 IST" duration-ms="302291">
      <class name="org.test.CustomerContactInvoice">
        <test-method is-config="true" signature="setup()[pri:0, instance:org.test.CustomerContactInvoice@2805d709]" started-at="2023-05-07T23:50:03 IST" name="setup" finished-at="2023-05-07T23:50:06 IST" duration-ms="3634" status="PASS">
          <reporter-output>
          </reporter-output>
        </test-method> <!-- setup -->
        <test-method is-config="true" signature="deleteBeforeCatch()[pri:0, instance:org.test.CustomerContactInvoice@2805d709]" started-at="2023-05-07T23:50:06 IST" name="deleteBeforeCatch" finished-at="2023-05-07T23:50:06 IST" duration-ms="12" status="PASS">
          <reporter-output>
          </reporter-output>
        </test-method> <!-- deleteBeforeCatch -->
        <test-method signature="loginPage()[pri:-1, instance:org.test.CustomerContactInvoice@2805d709]" started-at="2023-05-07T23:50:06 IST" name="loginPage" finished-at="2023-05-07T23:50:30 IST" duration-ms="23419" status="PASS">
          <reporter-output>
          </reporter-output>
        </test-method> <!-- loginPage -->
        <test-method is-config="true" signature="deleteAfterCatch()[pri:0, instance:org.test.CustomerContactInvoice@2805d709]" started-at="2023-05-07T23:50:30 IST" name="deleteAfterCatch" finished-at="2023-05-07T23:50:30 IST" duration-ms="24" status="PASS">
          <reporter-output>
          </reporter-output>
        </test-method> <!-- deleteAfterCatch -->
        <test-method is-config="true" signature="deleteBeforeCatch()[pri:0, instance:org.test.CustomerContactInvoice@2805d709]" started-at="2023-05-07T23:50:30 IST" name="deleteBeforeCatch" finished-at="2023-05-07T23:50:30 IST" duration-ms="16" status="PASS">
          <reporter-output>
          </reporter-output>
        </test-method> <!-- deleteBeforeCatch -->
        <test-method signature="contactModule()[pri:0, instance:org.test.CustomerContactInvoice@2805d709]" started-at="2023-05-07T23:50:30 IST" name="contactModule" finished-at="2023-05-07T23:50:40 IST" duration-ms="9865" status="PASS">
          <reporter-output>
          </reporter-output>
        </test-method> <!-- contactModule -->
        <test-method is-config="true" signature="deleteAfterCatch()[pri:0, instance:org.test.CustomerContactInvoice@2805d709]" started-at="2023-05-07T23:50:40 IST" name="deleteAfterCatch" finished-at="2023-05-07T23:50:40 IST" duration-ms="18" status="PASS">
          <reporter-output>
          </reporter-output>
        </test-method> <!-- deleteAfterCatch -->
        <test-method is-config="true" signature="deleteBeforeCatch()[pri:0, instance:org.test.CustomerContactInvoice@2805d709]" started-at="2023-05-07T23:50:40 IST" name="deleteBeforeCatch" finished-at="2023-05-07T23:50:40 IST" duration-ms="14" status="PASS">
          <reporter-output>
          </reporter-output>
        </test-method> <!-- deleteBeforeCatch -->
        <test-method signature="CreateContact()[pri:1, instance:org.test.CustomerContactInvoice@2805d709]" started-at="2023-05-07T23:50:40 IST" name="CreateContact" finished-at="2023-05-07T23:50:59 IST" duration-ms="18848" status="PASS">
          <reporter-output>
          </reporter-output>
        </test-method> <!-- CreateContact -->
        <test-method is-config="true" signature="deleteAfterCatch()[pri:0, instance:org.test.CustomerContactInvoice@2805d709]" started-at="2023-05-07T23:50:59 IST" name="deleteAfterCatch" finished-at="2023-05-07T23:50:59 IST" duration-ms="16" status="PASS">
          <reporter-output>
          </reporter-output>
        </test-method> <!-- deleteAfterCatch -->
        <test-method is-config="true" signature="deleteBeforeCatch()[pri:0, instance:org.test.CustomerContactInvoice@2805d709]" started-at="2023-05-07T23:50:59 IST" name="deleteBeforeCatch" finished-at="2023-05-07T23:50:59 IST" duration-ms="0" status="PASS">
          <reporter-output>
          </reporter-output>
        </test-method> <!-- deleteBeforeCatch -->
        <test-method signature="labelValidation()[pri:2, instance:org.test.CustomerContactInvoice@2805d709]" started-at="2023-05-07T23:50:59 IST" name="labelValidation" finished-at="2023-05-07T23:51:09 IST" duration-ms="10004" status="PASS">
          <reporter-output>
          </reporter-output>
        </test-method> <!-- labelValidation -->
        <test-method is-config="true" signature="deleteAfterCatch()[pri:0, instance:org.test.CustomerContactInvoice@2805d709]" started-at="2023-05-07T23:51:09 IST" name="deleteAfterCatch" finished-at="2023-05-07T23:51:09 IST" duration-ms="17" status="PASS">
          <reporter-output>
          </reporter-output>
        </test-method> <!-- deleteAfterCatch -->
        <test-method is-config="true" signature="deleteBeforeCatch()[pri:0, instance:org.test.CustomerContactInvoice@2805d709]" started-at="2023-05-07T23:51:09 IST" name="deleteBeforeCatch" finished-at="2023-05-07T23:51:09 IST" duration-ms="65" status="PASS">
          <reporter-output>
          </reporter-output>
        </test-method> <!-- deleteBeforeCatch -->
        <test-method signature="namePrepopulation()[pri:3, instance:org.test.CustomerContactInvoice@2805d709]" started-at="2023-05-07T23:51:09 IST" name="namePrepopulation" finished-at="2023-05-07T23:51:12 IST" duration-ms="3440" status="PASS">
          <reporter-output>
          </reporter-output>
        </test-method> <!-- namePrepopulation -->
        <test-method is-config="true" signature="deleteAfterCatch()[pri:0, instance:org.test.CustomerContactInvoice@2805d709]" started-at="2023-05-07T23:51:12 IST" name="deleteAfterCatch" finished-at="2023-05-07T23:51:12 IST" duration-ms="16" status="PASS">
          <reporter-output>
          </reporter-output>
        </test-method> <!-- deleteAfterCatch -->
        <test-method is-config="true" signature="deleteBeforeCatch()[pri:0, instance:org.test.CustomerContactInvoice@2805d709]" started-at="2023-05-07T23:51:12 IST" name="deleteBeforeCatch" finished-at="2023-05-07T23:51:12 IST" duration-ms="15" status="PASS">
          <reporter-output>
          </reporter-output>
        </test-method> <!-- deleteBeforeCatch -->
        <test-method signature="mandatoryValidationDeuDate()[pri:4, instance:org.test.CustomerContactInvoice@2805d709]" started-at="2023-05-07T23:51:12 IST" name="mandatoryValidationDeuDate" finished-at="2023-05-07T23:51:13 IST" duration-ms="1335" status="PASS">
          <reporter-output>
          </reporter-output>
        </test-method> <!-- mandatoryValidationDeuDate -->
        <test-method is-config="true" signature="deleteAfterCatch()[pri:0, instance:org.test.CustomerContactInvoice@2805d709]" started-at="2023-05-07T23:51:14 IST" name="deleteAfterCatch" finished-at="2023-05-07T23:51:14 IST" duration-ms="16" status="PASS">
          <reporter-output>
          </reporter-output>
        </test-method> <!-- deleteAfterCatch -->
        <test-method is-config="true" signature="deleteBeforeCatch()[pri:0, instance:org.test.CustomerContactInvoice@2805d709]" started-at="2023-05-07T23:51:14 IST" name="deleteBeforeCatch" finished-at="2023-05-07T23:51:14 IST" duration-ms="8" status="PASS">
          <reporter-output>
          </reporter-output>
        </test-method> <!-- deleteBeforeCatch -->
        <test-method signature="mandatoryValidationInventoryItem()[pri:5, instance:org.test.CustomerContactInvoice@2805d709]" started-at="2023-05-07T23:51:14 IST" name="mandatoryValidationInventoryItem" finished-at="2023-05-07T23:51:14 IST" duration-ms="168" status="PASS">
          <reporter-output>
          </reporter-output>
        </test-method> <!-- mandatoryValidationInventoryItem -->
        <test-method is-config="true" signature="deleteAfterCatch()[pri:0, instance:org.test.CustomerContactInvoice@2805d709]" started-at="2023-05-07T23:51:14 IST" name="deleteAfterCatch" finished-at="2023-05-07T23:51:14 IST" duration-ms="13" status="PASS">
          <reporter-output>
          </reporter-output>
        </test-method> <!-- deleteAfterCatch -->
        <test-method signature="mandatoryValidationPrice()[pri:6, instance:org.test.CustomerContactInvoice@2805d709]" started-at="2023-05-07T23:51:14 IST" name="mandatoryValidationPrice" finished-at="2023-05-07T23:51:14 IST" duration-ms="157" status="PASS">
          <reporter-output>
          </reporter-output>
        </test-method> <!-- mandatoryValidationPrice -->
        <test-method is-config="true" signature="deleteBeforeCatch()[pri:0, instance:org.test.CustomerContactInvoice@2805d709]" started-at="2023-05-07T23:51:14 IST" name="deleteBeforeCatch" finished-at="2023-05-07T23:51:14 IST" duration-ms="0" status="PASS">
          <reporter-output>
          </reporter-output>
        </test-method> <!-- deleteBeforeCatch -->
        <test-method is-config="true" signature="deleteAfterCatch()[pri:0, instance:org.test.CustomerContactInvoice@2805d709]" started-at="2023-05-07T23:51:14 IST" name="deleteAfterCatch" finished-at="2023-05-07T23:51:14 IST" duration-ms="0" status="PASS">
          <reporter-output>
          </reporter-output>
        </test-method> <!-- deleteAfterCatch -->
        <test-method signature="mandatoryValidationQunatity()[pri:6, instance:org.test.CustomerContactInvoice@2805d709]" started-at="2023-05-07T23:51:14 IST" name="mandatoryValidationQunatity" finished-at="2023-05-07T23:51:14 IST" duration-ms="174" status="PASS">
          <reporter-output>
          </reporter-output>
        </test-method> <!-- mandatoryValidationQunatity -->
        <test-method is-config="true" signature="deleteBeforeCatch()[pri:0, instance:org.test.CustomerContactInvoice@2805d709]" started-at="2023-05-07T23:51:14 IST" name="deleteBeforeCatch" finished-at="2023-05-07T23:51:14 IST" duration-ms="0" status="PASS">
          <reporter-output>
          </reporter-output>
        </test-method> <!-- deleteBeforeCatch -->
        <test-method is-config="true" signature="deleteAfterCatch()[pri:0, instance:org.test.CustomerContactInvoice@2805d709]" started-at="2023-05-07T23:51:14 IST" name="deleteAfterCatch" finished-at="2023-05-07T23:51:14 IST" duration-ms="15" status="PASS">
          <reporter-output>
          </reporter-output>
        </test-method> <!-- deleteAfterCatch -->
        <test-method is-config="true" signature="deleteBeforeCatch()[pri:0, instance:org.test.CustomerContactInvoice@2805d709]" started-at="2023-05-07T23:51:14 IST" name="deleteBeforeCatch" finished-at="2023-05-07T23:51:14 IST" duration-ms="16" status="PASS">
          <reporter-output>
          </reporter-output>
        </test-method> <!-- deleteBeforeCatch -->
        <test-method signature="mandatoryValidationDescription()[pri:7, instance:org.test.CustomerContactInvoice@2805d709]" started-at="2023-05-07T23:51:14 IST" name="mandatoryValidationDescription" finished-at="2023-05-07T23:51:14 IST" duration-ms="125" status="PASS">
          <reporter-output>
          </reporter-output>
        </test-method> <!-- mandatoryValidationDescription -->
        <test-method is-config="true" signature="deleteAfterCatch()[pri:0, instance:org.test.CustomerContactInvoice@2805d709]" started-at="2023-05-07T23:51:14 IST" name="deleteAfterCatch" finished-at="2023-05-07T23:51:14 IST" duration-ms="16" status="PASS">
          <reporter-output>
          </reporter-output>
        </test-method> <!-- deleteAfterCatch -->
        <test-method is-config="true" signature="deleteBeforeCatch()[pri:0, instance:org.test.CustomerContactInvoice@2805d709]" started-at="2023-05-07T23:51:14 IST" name="deleteBeforeCatch" finished-at="2023-05-07T23:51:14 IST" duration-ms="16" status="PASS">
          <reporter-output>
          </reporter-output>
        </test-method> <!-- deleteBeforeCatch -->
        <test-method signature="maximumValidationReference()[pri:8, instance:org.test.CustomerContactInvoice@2805d709]" started-at="2023-05-07T23:51:14 IST" name="maximumValidationReference" finished-at="2023-05-07T23:51:16 IST" duration-ms="1273" status="PASS">
          <reporter-output>
          </reporter-output>
        </test-method> <!-- maximumValidationReference -->
        <test-method is-config="true" signature="deleteAfterCatch()[pri:0, instance:org.test.CustomerContactInvoice@2805d709]" started-at="2023-05-07T23:51:16 IST" name="deleteAfterCatch" finished-at="2023-05-07T23:51:16 IST" duration-ms="16" status="PASS">
          <reporter-output>
          </reporter-output>
        </test-method> <!-- deleteAfterCatch -->
        <test-method is-config="true" signature="deleteBeforeCatch()[pri:0, instance:org.test.CustomerContactInvoice@2805d709]" started-at="2023-05-07T23:51:16 IST" name="deleteBeforeCatch" finished-at="2023-05-07T23:51:16 IST" duration-ms="19" status="PASS">
          <reporter-output>
          </reporter-output>
        </test-method> <!-- deleteBeforeCatch -->
        <test-method signature="maximumValidationInvoiceTittle()[pri:9, instance:org.test.CustomerContactInvoice@2805d709]" started-at="2023-05-07T23:51:16 IST" name="maximumValidationInvoiceTittle" finished-at="2023-05-07T23:51:17 IST" duration-ms="1517" status="PASS">
          <reporter-output>
          </reporter-output>
        </test-method> <!-- maximumValidationInvoiceTittle -->
        <test-method is-config="true" signature="deleteAfterCatch()[pri:0, instance:org.test.CustomerContactInvoice@2805d709]" started-at="2023-05-07T23:51:17 IST" name="deleteAfterCatch" finished-at="2023-05-07T23:51:17 IST" duration-ms="8" status="PASS">
          <reporter-output>
          </reporter-output>
        </test-method> <!-- deleteAfterCatch -->
        <test-method is-config="true" signature="deleteBeforeCatch()[pri:0, instance:org.test.CustomerContactInvoice@2805d709]" started-at="2023-05-07T23:51:17 IST" name="deleteBeforeCatch" finished-at="2023-05-07T23:51:17 IST" duration-ms="8" status="PASS">
          <reporter-output>
          </reporter-output>
        </test-method> <!-- deleteBeforeCatch -->
        <test-method signature="maximumValidationInventoryItem()[pri:10, instance:org.test.CustomerContactInvoice@2805d709]" started-at="2023-05-07T23:51:17 IST" name="maximumValidationInventoryItem" finished-at="2023-05-07T23:51:19 IST" duration-ms="2047" status="PASS">
          <reporter-output>
          </reporter-output>
        </test-method> <!-- maximumValidationInventoryItem -->
        <test-method is-config="true" signature="deleteAfterCatch()[pri:0, instance:org.test.CustomerContactInvoice@2805d709]" started-at="2023-05-07T23:51:19 IST" name="deleteAfterCatch" finished-at="2023-05-07T23:51:19 IST" duration-ms="13" status="PASS">
          <reporter-output>
          </reporter-output>
        </test-method> <!-- deleteAfterCatch -->
        <test-method is-config="true" signature="deleteBeforeCatch()[pri:0, instance:org.test.CustomerContactInvoice@2805d709]" started-at="2023-05-07T23:51:19 IST" name="deleteBeforeCatch" finished-at="2023-05-07T23:51:19 IST" duration-ms="8" status="PASS">
          <reporter-output>
          </reporter-output>
        </test-method> <!-- deleteBeforeCatch -->
        <test-method signature="emptyValidationQuantityField()[pri:11, instance:org.test.CustomerContactInvoice@2805d709]" started-at="2023-05-07T23:51:19 IST" name="emptyValidationQuantityField" finished-at="2023-05-07T23:51:20 IST" duration-ms="424" status="PASS">
          <reporter-output>
          </reporter-output>
        </test-method> <!-- emptyValidationQuantityField -->
        <test-method is-config="true" signature="deleteAfterCatch()[pri:0, instance:org.test.CustomerContactInvoice@2805d709]" started-at="2023-05-07T23:51:20 IST" name="deleteAfterCatch" finished-at="2023-05-07T23:51:20 IST" duration-ms="16" status="PASS">
          <reporter-output>
          </reporter-output>
        </test-method> <!-- deleteAfterCatch -->
        <test-method is-config="true" signature="deleteBeforeCatch()[pri:0, instance:org.test.CustomerContactInvoice@2805d709]" started-at="2023-05-07T23:51:20 IST" name="deleteBeforeCatch" finished-at="2023-05-07T23:51:20 IST" duration-ms="8" status="PASS">
          <reporter-output>
          </reporter-output>
        </test-method> <!-- deleteBeforeCatch -->
        <test-method signature="maxQuanitityLimit()[pri:12, instance:org.test.CustomerContactInvoice@2805d709]" started-at="2023-05-07T23:51:20 IST" name="maxQuanitityLimit" finished-at="2023-05-07T23:51:20 IST" duration-ms="533" status="PASS">
          <reporter-output>
          </reporter-output>
        </test-method> <!-- maxQuanitityLimit -->
        <test-method is-config="true" signature="deleteAfterCatch()[pri:0, instance:org.test.CustomerContactInvoice@2805d709]" started-at="2023-05-07T23:51:20 IST" name="deleteAfterCatch" finished-at="2023-05-07T23:51:20 IST" duration-ms="12" status="PASS">
          <reporter-output>
          </reporter-output>
        </test-method> <!-- deleteAfterCatch -->
        <test-method is-config="true" signature="deleteBeforeCatch()[pri:0, instance:org.test.CustomerContactInvoice@2805d709]" started-at="2023-05-07T23:51:20 IST" name="deleteBeforeCatch" finished-at="2023-05-07T23:51:20 IST" duration-ms="12" status="PASS">
          <reporter-output>
          </reporter-output>
        </test-method> <!-- deleteBeforeCatch -->
        <test-method signature="afterDecimalPointValidationQuantityField()[pri:13, instance:org.test.CustomerContactInvoice@2805d709]" started-at="2023-05-07T23:51:20 IST" name="afterDecimalPointValidationQuantityField" finished-at="2023-05-07T23:51:21 IST" duration-ms="399" status="PASS">
          <reporter-output>
          </reporter-output>
        </test-method> <!-- afterDecimalPointValidationQuantityField -->
        <test-method is-config="true" signature="deleteAfterCatch()[pri:0, instance:org.test.CustomerContactInvoice@2805d709]" started-at="2023-05-07T23:51:21 IST" name="deleteAfterCatch" finished-at="2023-05-07T23:51:21 IST" duration-ms="8" status="PASS">
          <reporter-output>
          </reporter-output>
        </test-method> <!-- deleteAfterCatch -->
        <test-method is-config="true" signature="deleteBeforeCatch()[pri:0, instance:org.test.CustomerContactInvoice@2805d709]" started-at="2023-05-07T23:51:21 IST" name="deleteBeforeCatch" finished-at="2023-05-07T23:51:21 IST" duration-ms="16" status="PASS">
          <reporter-output>
          </reporter-output>
        </test-method> <!-- deleteBeforeCatch -->
        <test-method signature="beforeDecimalPointValidationQuantityField()[pri:14, instance:org.test.CustomerContactInvoice@2805d709]" started-at="2023-05-07T23:51:21 IST" name="beforeDecimalPointValidationQuantityField" finished-at="2023-05-07T23:51:21 IST" duration-ms="624" status="PASS">
          <reporter-output>
          </reporter-output>
        </test-method> <!-- beforeDecimalPointValidationQuantityField -->
        <test-method is-config="true" signature="deleteAfterCatch()[pri:0, instance:org.test.CustomerContactInvoice@2805d709]" started-at="2023-05-07T23:51:21 IST" name="deleteAfterCatch" finished-at="2023-05-07T23:51:21 IST" duration-ms="8" status="PASS">
          <reporter-output>
          </reporter-output>
        </test-method> <!-- deleteAfterCatch -->
        <test-method is-config="true" signature="deleteBeforeCatch()[pri:0, instance:org.test.CustomerContactInvoice@2805d709]" started-at="2023-05-07T23:51:21 IST" name="deleteBeforeCatch" finished-at="2023-05-07T23:51:21 IST" duration-ms="8" status="PASS">
          <reporter-output>
          </reporter-output>
        </test-method> <!-- deleteBeforeCatch -->
        <test-method signature="emptyValidationPriceField()[pri:15, instance:org.test.CustomerContactInvoice@2805d709]" started-at="2023-05-07T23:51:21 IST" name="emptyValidationPriceField" finished-at="2023-05-07T23:51:22 IST" duration-ms="431" status="PASS">
          <reporter-output>
          </reporter-output>
        </test-method> <!-- emptyValidationPriceField -->
        <test-method is-config="true" signature="deleteAfterCatch()[pri:0, instance:org.test.CustomerContactInvoice@2805d709]" started-at="2023-05-07T23:51:22 IST" name="deleteAfterCatch" finished-at="2023-05-07T23:51:22 IST" duration-ms="8" status="PASS">
          <reporter-output>
          </reporter-output>
        </test-method> <!-- deleteAfterCatch -->
        <test-method is-config="true" signature="deleteBeforeCatch()[pri:0, instance:org.test.CustomerContactInvoice@2805d709]" started-at="2023-05-07T23:51:22 IST" name="deleteBeforeCatch" finished-at="2023-05-07T23:51:22 IST" duration-ms="16" status="PASS">
          <reporter-output>
          </reporter-output>
        </test-method> <!-- deleteBeforeCatch -->
        <test-method signature="maxPriceLimit()[pri:16, instance:org.test.CustomerContactInvoice@2805d709]" started-at="2023-05-07T23:51:22 IST" name="maxPriceLimit" finished-at="2023-05-07T23:51:22 IST" duration-ms="391" status="PASS">
          <reporter-output>
          </reporter-output>
        </test-method> <!-- maxPriceLimit -->
        <test-method is-config="true" signature="deleteAfterCatch()[pri:0, instance:org.test.CustomerContactInvoice@2805d709]" started-at="2023-05-07T23:51:22 IST" name="deleteAfterCatch" finished-at="2023-05-07T23:51:22 IST" duration-ms="8" status="PASS">
          <reporter-output>
          </reporter-output>
        </test-method> <!-- deleteAfterCatch -->
        <test-method is-config="true" signature="deleteBeforeCatch()[pri:0, instance:org.test.CustomerContactInvoice@2805d709]" started-at="2023-05-07T23:51:22 IST" name="deleteBeforeCatch" finished-at="2023-05-07T23:51:22 IST" duration-ms="20" status="PASS">
          <reporter-output>
          </reporter-output>
        </test-method> <!-- deleteBeforeCatch -->
        <test-method signature="beforeDecimalPointPriceField()[pri:17, instance:org.test.CustomerContactInvoice@2805d709]" started-at="2023-05-07T23:51:22 IST" name="beforeDecimalPointPriceField" finished-at="2023-05-07T23:51:24 IST" duration-ms="2038" status="PASS">
          <reporter-output>
          </reporter-output>
        </test-method> <!-- beforeDecimalPointPriceField -->
        <test-method is-config="true" signature="deleteAfterCatch()[pri:0, instance:org.test.CustomerContactInvoice@2805d709]" started-at="2023-05-07T23:51:24 IST" name="deleteAfterCatch" finished-at="2023-05-07T23:51:24 IST" duration-ms="62" status="PASS">
          <reporter-output>
          </reporter-output>
        </test-method> <!-- deleteAfterCatch -->
        <test-method is-config="true" signature="deleteBeforeCatch()[pri:0, instance:org.test.CustomerContactInvoice@2805d709]" started-at="2023-05-07T23:51:24 IST" name="deleteBeforeCatch" finished-at="2023-05-07T23:51:24 IST" duration-ms="63" status="PASS">
          <reporter-output>
          </reporter-output>
        </test-method> <!-- deleteBeforeCatch -->
        <test-method signature="afterDecimalPointPriceField()[pri:18, instance:org.test.CustomerContactInvoice@2805d709]" started-at="2023-05-07T23:51:24 IST" name="afterDecimalPointPriceField" finished-at="2023-05-07T23:51:25 IST" duration-ms="695" status="PASS">
          <reporter-output>
          </reporter-output>
        </test-method> <!-- afterDecimalPointPriceField -->
        <test-method is-config="true" signature="deleteAfterCatch()[pri:0, instance:org.test.CustomerContactInvoice@2805d709]" started-at="2023-05-07T23:51:25 IST" name="deleteAfterCatch" finished-at="2023-05-07T23:51:25 IST" duration-ms="24" status="PASS">
          <reporter-output>
          </reporter-output>
        </test-method> <!-- deleteAfterCatch -->
        <test-method is-config="true" signature="deleteBeforeCatch()[pri:0, instance:org.test.CustomerContactInvoice@2805d709]" started-at="2023-05-07T23:51:25 IST" name="deleteBeforeCatch" finished-at="2023-05-07T23:51:25 IST" duration-ms="2" status="PASS">
          <reporter-output>
          </reporter-output>
        </test-method> <!-- deleteBeforeCatch -->
        <test-method signature="afterDecimalPointDiscountField()[pri:19, instance:org.test.CustomerContactInvoice@2805d709]" started-at="2023-05-07T23:51:25 IST" name="afterDecimalPointDiscountField" finished-at="2023-05-07T23:51:25 IST" duration-ms="476" status="PASS">
          <reporter-output>
          </reporter-output>
        </test-method> <!-- afterDecimalPointDiscountField -->
        <test-method is-config="true" signature="deleteAfterCatch()[pri:0, instance:org.test.CustomerContactInvoice@2805d709]" started-at="2023-05-07T23:51:25 IST" name="deleteAfterCatch" finished-at="2023-05-07T23:51:26 IST" duration-ms="32" status="PASS">
          <reporter-output>
          </reporter-output>
        </test-method> <!-- deleteAfterCatch -->
        <test-method is-config="true" signature="deleteBeforeCatch()[pri:0, instance:org.test.CustomerContactInvoice@2805d709]" started-at="2023-05-07T23:51:26 IST" name="deleteBeforeCatch" finished-at="2023-05-07T23:51:26 IST" duration-ms="20" status="PASS">
          <reporter-output>
          </reporter-output>
        </test-method> <!-- deleteBeforeCatch -->
        <test-method signature="beforeDecimalPointDiscountField()[pri:20, instance:org.test.CustomerContactInvoice@2805d709]" started-at="2023-05-07T23:51:26 IST" name="beforeDecimalPointDiscountField" finished-at="2023-05-07T23:51:26 IST" duration-ms="403" status="PASS">
          <reporter-output>
          </reporter-output>
        </test-method> <!-- beforeDecimalPointDiscountField -->
        <test-method is-config="true" signature="deleteAfterCatch()[pri:0, instance:org.test.CustomerContactInvoice@2805d709]" started-at="2023-05-07T23:51:26 IST" name="deleteAfterCatch" finished-at="2023-05-07T23:51:26 IST" duration-ms="27" status="PASS">
          <reporter-output>
          </reporter-output>
        </test-method> <!-- deleteAfterCatch -->
        <test-method is-config="true" signature="deleteBeforeCatch()[pri:0, instance:org.test.CustomerContactInvoice@2805d709]" started-at="2023-05-07T23:51:26 IST" name="deleteBeforeCatch" finished-at="2023-05-07T23:51:26 IST" duration-ms="13" status="PASS">
          <reporter-output>
          </reporter-output>
        </test-method> <!-- deleteBeforeCatch -->
        <test-method signature="maxLimitDiscountField()[pri:21, instance:org.test.CustomerContactInvoice@2805d709]" started-at="2023-05-07T23:51:26 IST" name="maxLimitDiscountField" finished-at="2023-05-07T23:51:26 IST" duration-ms="317" status="PASS">
          <reporter-output>
          </reporter-output>
        </test-method> <!-- maxLimitDiscountField -->
        <test-method is-config="true" signature="deleteAfterCatch()[pri:0, instance:org.test.CustomerContactInvoice@2805d709]" started-at="2023-05-07T23:51:26 IST" name="deleteAfterCatch" finished-at="2023-05-07T23:51:26 IST" duration-ms="19" status="PASS">
          <reporter-output>
          </reporter-output>
        </test-method> <!-- deleteAfterCatch -->
        <test-method is-config="true" signature="deleteBeforeCatch()[pri:0, instance:org.test.CustomerContactInvoice@2805d709]" started-at="2023-05-07T23:51:26 IST" name="deleteBeforeCatch" finished-at="2023-05-07T23:51:26 IST" duration-ms="15" status="PASS">
          <reporter-output>
          </reporter-output>
        </test-method> <!-- deleteBeforeCatch -->
        <test-method signature="afterDecimalPointTaxField()[pri:22, instance:org.test.CustomerContactInvoice@2805d709]" started-at="2023-05-07T23:51:26 IST" name="afterDecimalPointTaxField" finished-at="2023-05-07T23:51:29 IST" duration-ms="2374" status="SKIP">
          <exception class="org.testng.SkipException">
            <message>
              <![CDATA[Skipping / Ignoring - Script not Ready for Execution ]]>
            </message>
            <full-stacktrace>
              <![CDATA[org.testng.SkipException: Skipping / Ignoring - Script not Ready for Execution 
at com.zaigo.pageobjects.InvoicePage.errorValidation(InvoicePage.java:503)
at org.test.CustomerContactInvoice.afterDecimalPointTaxField(CustomerContactInvoice.java:647)
at java.base/jdk.internal.reflect.NativeMethodAccessorImpl.invoke0(Native Method)
at java.base/jdk.internal.reflect.NativeMethodAccessorImpl.invoke(NativeMethodAccessorImpl.java:77)
at java.base/jdk.internal.reflect.DelegatingMethodAccessorImpl.invoke(DelegatingMethodAccessorImpl.java:43)
at java.base/java.lang.reflect.Method.invoke(Method.java:568)
at org.testng.internal.MethodInvocationHelper.invokeMethod(MethodInvocationHelper.java:133)
at org.testng.internal.TestInvoker.invokeMethod(TestInvoker.java:598)
at org.testng.internal.TestInvoker.invokeTestMethod(TestInvoker.java:173)
at org.testng.internal.MethodRunner.runInSequence(MethodRunner.java:46)
at org.testng.internal.TestInvoker$MethodInvocationAgent.invoke(TestInvoker.java:824)
at org.testng.internal.TestInvoker.invokeTestMethods(TestInvoker.java:146)
at org.testng.internal.TestMethodWorker.invokeTestMethods(TestMethodWorker.java:146)
at org.testng.internal.TestMethodWorker.run(TestMethodWorker.java:128)
at java.base/java.util.ArrayList.forEach(ArrayList.java:1511)
at org.testng.TestRunner.privateRun(TestRunner.java:794)
at org.testng.TestRunner.run(TestRunner.java:596)
at org.testng.SuiteRunner.runTest(SuiteRunner.java:377)
at org.testng.SuiteRunner.runSequentially(SuiteRunner.java:371)
at org.testng.SuiteRunner.privateRun(SuiteRunner.java:332)
at org.testng.SuiteRunner.run(SuiteRunner.java:276)
at org.testng.SuiteRunnerWorker.runSuite(SuiteRunnerWorker.java:53)
at org.testng.SuiteRunnerWorker.run(SuiteRunnerWorker.java:96)
at org.testng.TestNG.runSuitesSequentially(TestNG.java:1212)
at org.testng.TestNG.runSuitesLocally(TestNG.java:1134)
at org.testng.TestNG.runSuites(TestNG.java:1063)
at org.testng.TestNG.run(TestNG.java:1031)
at org.testng.remote.AbstractRemoteTestNG.run(AbstractRemoteTestNG.java:115)
at org.testng.remote.RemoteTestNG.initAndRun(RemoteTestNG.java:251)
at org.testng.remote.RemoteTestNG.main(RemoteTestNG.java:77)
]]>
            </full-stacktrace>
          </exception> <!-- org.testng.SkipException -->
          <reporter-output>
          </reporter-output>
        </test-method> <!-- afterDecimalPointTaxField -->
        <test-method is-config="true" signature="deleteAfterCatch()[pri:0, instance:org.test.CustomerContactInvoice@2805d709]" started-at="2023-05-07T23:51:29 IST" name="deleteAfterCatch" finished-at="2023-05-07T23:51:29 IST" duration-ms="5" status="PASS">
          <reporter-output>
          </reporter-output>
        </test-method> <!-- deleteAfterCatch -->
        <test-method is-config="true" signature="deleteBeforeCatch()[pri:0, instance:org.test.CustomerContactInvoice@2805d709]" started-at="2023-05-07T23:51:29 IST" name="deleteBeforeCatch" finished-at="2023-05-07T23:51:29 IST" duration-ms="6" status="PASS">
          <reporter-output>
          </reporter-output>
        </test-method> <!-- deleteBeforeCatch -->
        <test-method signature="beforeDecimalPointTaxField()[pri:23, instance:org.test.CustomerContactInvoice@2805d709]" started-at="2023-05-07T23:51:29 IST" name="beforeDecimalPointTaxField" finished-at="2023-05-07T23:51:31 IST" duration-ms="2277" status="SKIP">
          <exception class="org.testng.SkipException">
            <message>
              <![CDATA[Skipping / Ignoring - Script not Ready for Execution ]]>
            </message>
            <full-stacktrace>
              <![CDATA[org.testng.SkipException: Skipping / Ignoring - Script not Ready for Execution 
at com.zaigo.pageobjects.InvoicePage.errorValidation(InvoicePage.java:503)
at org.test.CustomerContactInvoice.beforeDecimalPointTaxField(CustomerContactInvoice.java:672)
at java.base/jdk.internal.reflect.NativeMethodAccessorImpl.invoke0(Native Method)
at java.base/jdk.internal.reflect.NativeMethodAccessorImpl.invoke(NativeMethodAccessorImpl.java:77)
at java.base/jdk.internal.reflect.DelegatingMethodAccessorImpl.invoke(DelegatingMethodAccessorImpl.java:43)
at java.base/java.lang.reflect.Method.invoke(Method.java:568)
at org.testng.internal.MethodInvocationHelper.invokeMethod(MethodInvocationHelper.java:133)
at org.testng.internal.TestInvoker.invokeMethod(TestInvoker.java:598)
at org.testng.internal.TestInvoker.invokeTestMethod(TestInvoker.java:173)
at org.testng.internal.MethodRunner.runInSequence(MethodRunner.java:46)
at org.testng.internal.TestInvoker$MethodInvocationAgent.invoke(TestInvoker.java:824)
at org.testng.internal.TestInvoker.invokeTestMethods(TestInvoker.java:146)
at org.testng.internal.TestMethodWorker.invokeTestMethods(TestMethodWorker.java:146)
at org.testng.internal.TestMethodWorker.run(TestMethodWorker.java:128)
at java.base/java.util.ArrayList.forEach(ArrayList.java:1511)
at org.testng.TestRunner.privateRun(TestRunner.java:794)
at org.testng.TestRunner.run(TestRunner.java:596)
at org.testng.SuiteRunner.runTest(SuiteRunner.java:377)
at org.testng.SuiteRunner.runSequentially(SuiteRunner.java:371)
at org.testng.SuiteRunner.privateRun(SuiteRunner.java:332)
at org.testng.SuiteRunner.run(SuiteRunner.java:276)
at org.testng.SuiteRunnerWorker.runSuite(SuiteRunnerWorker.java:53)
at org.testng.SuiteRunnerWorker.run(SuiteRunnerWorker.java:96)
at org.testng.TestNG.runSuitesSequentially(TestNG.java:1212)
at org.testng.TestNG.runSuitesLocally(TestNG.java:1134)
at org.testng.TestNG.runSuites(TestNG.java:1063)
at org.testng.TestNG.run(TestNG.java:1031)
at org.testng.remote.AbstractRemoteTestNG.run(AbstractRemoteTestNG.java:115)
at org.testng.remote.RemoteTestNG.initAndRun(RemoteTestNG.java:251)
at org.testng.remote.RemoteTestNG.main(RemoteTestNG.java:77)
]]>
            </full-stacktrace>
          </exception> <!-- org.testng.SkipException -->
          <reporter-output>
          </reporter-output>
        </test-method> <!-- beforeDecimalPointTaxField -->
        <test-method is-config="true" signature="deleteAfterCatch()[pri:0, instance:org.test.CustomerContactInvoice@2805d709]" started-at="2023-05-07T23:51:31 IST" name="deleteAfterCatch" finished-at="2023-05-07T23:51:31 IST" duration-ms="5" status="PASS">
          <reporter-output>
          </reporter-output>
        </test-method> <!-- deleteAfterCatch -->
        <test-method is-config="true" signature="deleteBeforeCatch()[pri:0, instance:org.test.CustomerContactInvoice@2805d709]" started-at="2023-05-07T23:51:31 IST" name="deleteBeforeCatch" finished-at="2023-05-07T23:51:31 IST" duration-ms="5" status="PASS">
          <reporter-output>
          </reporter-output>
        </test-method> <!-- deleteBeforeCatch -->
        <test-method signature="maxLimitTaxField()[pri:24, instance:org.test.CustomerContactInvoice@2805d709]" started-at="2023-05-07T23:51:31 IST" name="maxLimitTaxField" finished-at="2023-05-07T23:51:33 IST" duration-ms="2234" status="SKIP">
          <exception class="org.testng.SkipException">
            <message>
              <![CDATA[Skipping / Ignoring - Script not Ready for Execution ]]>
            </message>
            <full-stacktrace>
              <![CDATA[org.testng.SkipException: Skipping / Ignoring - Script not Ready for Execution 
at com.zaigo.pageobjects.InvoicePage.errorValidation(InvoicePage.java:503)
at org.test.CustomerContactInvoice.maxLimitTaxField(CustomerContactInvoice.java:697)
at java.base/jdk.internal.reflect.NativeMethodAccessorImpl.invoke0(Native Method)
at java.base/jdk.internal.reflect.NativeMethodAccessorImpl.invoke(NativeMethodAccessorImpl.java:77)
at java.base/jdk.internal.reflect.DelegatingMethodAccessorImpl.invoke(DelegatingMethodAccessorImpl.java:43)
at java.base/java.lang.reflect.Method.invoke(Method.java:568)
at org.testng.internal.MethodInvocationHelper.invokeMethod(MethodInvocationHelper.java:133)
at org.testng.internal.TestInvoker.invokeMethod(TestInvoker.java:598)
at org.testng.internal.TestInvoker.invokeTestMethod(TestInvoker.java:173)
at org.testng.internal.MethodRunner.runInSequence(MethodRunner.java:46)
at org.testng.internal.TestInvoker$MethodInvocationAgent.invoke(TestInvoker.java:824)
at org.testng.internal.TestInvoker.invokeTestMethods(TestInvoker.java:146)
at org.testng.internal.TestMethodWorker.invokeTestMethods(TestMethodWorker.java:146)
at org.testng.internal.TestMethodWorker.run(TestMethodWorker.java:128)
at java.base/java.util.ArrayList.forEach(ArrayList.java:1511)
at org.testng.TestRunner.privateRun(TestRunner.java:794)
at org.testng.TestRunner.run(TestRunner.java:596)
at org.testng.SuiteRunner.runTest(SuiteRunner.java:377)
at org.testng.SuiteRunner.runSequentially(SuiteRunner.java:371)
at org.testng.SuiteRunner.privateRun(SuiteRunner.java:332)
at org.testng.SuiteRunner.run(SuiteRunner.java:276)
at org.testng.SuiteRunnerWorker.runSuite(SuiteRunnerWorker.java:53)
at org.testng.SuiteRunnerWorker.run(SuiteRunnerWorker.java:96)
at org.testng.TestNG.runSuitesSequentially(TestNG.java:1212)
at org.testng.TestNG.runSuitesLocally(TestNG.java:1134)
at org.testng.TestNG.runSuites(TestNG.java:1063)
at org.testng.TestNG.run(TestNG.java:1031)
at org.testng.remote.AbstractRemoteTestNG.run(AbstractRemoteTestNG.java:115)
at org.testng.remote.RemoteTestNG.initAndRun(RemoteTestNG.java:251)
at org.testng.remote.RemoteTestNG.main(RemoteTestNG.java:77)
]]>
            </full-stacktrace>
          </exception> <!-- org.testng.SkipException -->
          <reporter-output>
          </reporter-output>
        </test-method> <!-- maxLimitTaxField -->
        <test-method is-config="true" signature="deleteAfterCatch()[pri:0, instance:org.test.CustomerContactInvoice@2805d709]" started-at="2023-05-07T23:51:33 IST" name="deleteAfterCatch" finished-at="2023-05-07T23:51:33 IST" duration-ms="5" status="PASS">
          <reporter-output>
          </reporter-output>
        </test-method> <!-- deleteAfterCatch -->
        <test-method is-config="true" signature="deleteBeforeCatch()[pri:0, instance:org.test.CustomerContactInvoice@2805d709]" started-at="2023-05-07T23:51:33 IST" name="deleteBeforeCatch" finished-at="2023-05-07T23:51:33 IST" duration-ms="4" status="PASS">
          <reporter-output>
          </reporter-output>
        </test-method> <!-- deleteBeforeCatch -->
        <test-method signature="maximumValidationDescription()[pri:25, instance:org.test.CustomerContactInvoice@2805d709]" started-at="2023-05-07T23:51:33 IST" name="maximumValidationDescription" finished-at="2023-05-07T23:51:35 IST" duration-ms="1743" status="PASS">
          <reporter-output>
          </reporter-output>
        </test-method> <!-- maximumValidationDescription -->
        <test-method is-config="true" signature="deleteAfterCatch()[pri:0, instance:org.test.CustomerContactInvoice@2805d709]" started-at="2023-05-07T23:51:35 IST" name="deleteAfterCatch" finished-at="2023-05-07T23:51:35 IST" duration-ms="22" status="PASS">
          <reporter-output>
          </reporter-output>
        </test-method> <!-- deleteAfterCatch -->
        <test-method is-config="true" signature="deleteBeforeCatch()[pri:0, instance:org.test.CustomerContactInvoice@2805d709]" started-at="2023-05-07T23:51:35 IST" name="deleteBeforeCatch" finished-at="2023-05-07T23:51:35 IST" duration-ms="10" status="PASS">
          <reporter-output>
          </reporter-output>
        </test-method> <!-- deleteBeforeCatch -->
        <test-method signature="maximumValidationNotes()[pri:26, instance:org.test.CustomerContactInvoice@2805d709]" started-at="2023-05-07T23:51:35 IST" name="maximumValidationNotes" finished-at="2023-05-07T23:52:22 IST" duration-ms="46649" status="PASS">
          <reporter-output>
          </reporter-output>
        </test-method> <!-- maximumValidationNotes -->
        <test-method is-config="true" signature="deleteAfterCatch()[pri:0, instance:org.test.CustomerContactInvoice@2805d709]" started-at="2023-05-07T23:52:22 IST" name="deleteAfterCatch" finished-at="2023-05-07T23:52:22 IST" duration-ms="7" status="PASS">
          <reporter-output>
          </reporter-output>
        </test-method> <!-- deleteAfterCatch -->
        <test-method is-config="true" signature="deleteBeforeCatch()[pri:0, instance:org.test.CustomerContactInvoice@2805d709]" started-at="2023-05-07T23:52:22 IST" name="deleteBeforeCatch" finished-at="2023-05-07T23:52:22 IST" duration-ms="6" status="PASS">
          <reporter-output>
          </reporter-output>
        </test-method> <!-- deleteBeforeCatch -->
        <test-method signature="expiryFieldPastDateValidation()[pri:27, instance:org.test.CustomerContactInvoice@2805d709]" started-at="2023-05-07T23:52:22 IST" name="expiryFieldPastDateValidation" finished-at="2023-05-07T23:52:30 IST" duration-ms="8261" status="PASS">
          <reporter-output>
          </reporter-output>
        </test-method> <!-- expiryFieldPastDateValidation -->
        <test-method is-config="true" signature="deleteAfterCatch()[pri:0, instance:org.test.CustomerContactInvoice@2805d709]" started-at="2023-05-07T23:52:30 IST" name="deleteAfterCatch" finished-at="2023-05-07T23:52:30 IST" duration-ms="5" status="PASS">
          <reporter-output>
          </reporter-output>
        </test-method> <!-- deleteAfterCatch -->
        <test-method is-config="true" signature="deleteBeforeCatch()[pri:0, instance:org.test.CustomerContactInvoice@2805d709]" started-at="2023-05-07T23:52:30 IST" name="deleteBeforeCatch" finished-at="2023-05-07T23:52:30 IST" duration-ms="5" status="PASS">
          <reporter-output>
          </reporter-output>
        </test-method> <!-- deleteBeforeCatch -->
        <test-method signature="validateCalculation()[pri:28, instance:org.test.CustomerContactInvoice@2805d709]" started-at="2023-05-07T23:52:30 IST" name="validateCalculation" finished-at="2023-05-07T23:52:39 IST" duration-ms="8767" status="PASS">
          <reporter-output>
          </reporter-output>
        </test-method> <!-- validateCalculation -->
        <test-method signature="createInvoice()[pri:29, instance:org.test.CustomerContactInvoice@2805d709]" started-at="2023-05-07T23:52:39 IST" name="createInvoice" finished-at="2023-05-07T23:52:52 IST" duration-ms="13573" status="PASS">
          <reporter-output>
          </reporter-output>
        </test-method> <!-- createInvoice -->
        <test-method is-config="true" signature="deleteBeforeCatch()[pri:0, instance:org.test.CustomerContactInvoice@2805d709]" started-at="2023-05-07T23:52:39 IST" name="deleteBeforeCatch" finished-at="2023-05-07T23:52:39 IST" duration-ms="0" status="PASS">
          <reporter-output>
          </reporter-output>
        </test-method> <!-- deleteBeforeCatch -->
        <test-method is-config="true" signature="deleteAfterCatch()[pri:0, instance:org.test.CustomerContactInvoice@2805d709]" started-at="2023-05-07T23:52:39 IST" name="deleteAfterCatch" finished-at="2023-05-07T23:52:39 IST" duration-ms="0" status="PASS">
          <reporter-output>
          </reporter-output>
        </test-method> <!-- deleteAfterCatch -->
        <test-method is-config="true" signature="deleteAfterCatch()[pri:0, instance:org.test.CustomerContactInvoice@2805d709]" started-at="2023-05-07T23:52:52 IST" name="deleteAfterCatch" finished-at="2023-05-07T23:52:52 IST" duration-ms="15" status="PASS">
          <reporter-output>
          </reporter-output>
        </test-method> <!-- deleteAfterCatch -->
        <test-method is-config="true" signature="deleteBeforeCatch()[pri:0, instance:org.test.CustomerContactInvoice@2805d709]" started-at="2023-05-07T23:52:52 IST" name="deleteBeforeCatch" finished-at="2023-05-07T23:52:52 IST" duration-ms="0" status="PASS">
          <reporter-output>
          </reporter-output>
        </test-method> <!-- deleteBeforeCatch -->
        <test-method signature="invoiceCreatedCount()[pri:30, instance:org.test.CustomerContactInvoice@2805d709]" started-at="2023-05-07T23:52:52 IST" name="invoiceCreatedCount" finished-at="2023-05-07T23:52:52 IST" duration-ms="137" status="PASS">
          <reporter-output>
          </reporter-output>
        </test-method> <!-- invoiceCreatedCount -->
        <test-method is-config="true" signature="deleteAfterCatch()[pri:0, instance:org.test.CustomerContactInvoice@2805d709]" started-at="2023-05-07T23:52:52 IST" name="deleteAfterCatch" finished-at="2023-05-07T23:52:52 IST" duration-ms="16" status="PASS">
          <reporter-output>
          </reporter-output>
        </test-method> <!-- deleteAfterCatch -->
        <test-method is-config="true" signature="deleteBeforeCatch()[pri:0, instance:org.test.CustomerContactInvoice@2805d709]" started-at="2023-05-07T23:52:52 IST" name="deleteBeforeCatch" finished-at="2023-05-07T23:52:52 IST" duration-ms="0" status="PASS">
          <reporter-output>
          </reporter-output>
        </test-method> <!-- deleteBeforeCatch -->
        <test-method signature="editLableValidation()[pri:31, instance:org.test.CustomerContactInvoice@2805d709]" started-at="2023-05-07T23:52:52 IST" name="editLableValidation" finished-at="2023-05-07T23:53:00 IST" duration-ms="8024" status="PASS">
          <reporter-output>
          </reporter-output>
        </test-method> <!-- editLableValidation -->
        <test-method is-config="true" signature="deleteAfterCatch()[pri:0, instance:org.test.CustomerContactInvoice@2805d709]" started-at="2023-05-07T23:53:00 IST" name="deleteAfterCatch" finished-at="2023-05-07T23:53:01 IST" duration-ms="9" status="PASS">
          <reporter-output>
          </reporter-output>
        </test-method> <!-- deleteAfterCatch -->
        <test-method is-config="true" signature="deleteBeforeCatch()[pri:0, instance:org.test.CustomerContactInvoice@2805d709]" started-at="2023-05-07T23:53:01 IST" name="deleteBeforeCatch" finished-at="2023-05-07T23:53:01 IST" duration-ms="6" status="PASS">
          <reporter-output>
          </reporter-output>
        </test-method> <!-- deleteBeforeCatch -->
        <test-method signature="mandatoryValidationEditDueDate()[pri:32, instance:org.test.CustomerContactInvoice@2805d709]" started-at="2023-05-07T23:53:01 IST" name="mandatoryValidationEditDueDate" finished-at="2023-05-07T23:53:01 IST" duration-ms="801" status="PASS">
          <reporter-output>
          </reporter-output>
        </test-method> <!-- mandatoryValidationEditDueDate -->
        <test-method is-config="true" signature="deleteAfterCatch()[pri:0, instance:org.test.CustomerContactInvoice@2805d709]" started-at="2023-05-07T23:53:01 IST" name="deleteAfterCatch" finished-at="2023-05-07T23:53:01 IST" duration-ms="6" status="PASS">
          <reporter-output>
          </reporter-output>
        </test-method> <!-- deleteAfterCatch -->
        <test-method is-config="true" signature="deleteBeforeCatch()[pri:0, instance:org.test.CustomerContactInvoice@2805d709]" started-at="2023-05-07T23:53:01 IST" name="deleteBeforeCatch" finished-at="2023-05-07T23:53:01 IST" duration-ms="5" status="PASS">
          <reporter-output>
          </reporter-output>
        </test-method> <!-- deleteBeforeCatch -->
        <test-method signature="mandatoryValidationEditQunatity()[pri:34, instance:org.test.CustomerContactInvoice@2805d709]" started-at="2023-05-07T23:53:01 IST" name="mandatoryValidationEditQunatity" finished-at="2023-05-07T23:53:01 IST" duration-ms="55" status="PASS">
          <reporter-output>
          </reporter-output>
        </test-method> <!-- mandatoryValidationEditQunatity -->
        <test-method is-config="true" signature="deleteAfterCatch()[pri:0, instance:org.test.CustomerContactInvoice@2805d709]" started-at="2023-05-07T23:53:01 IST" name="deleteAfterCatch" finished-at="2023-05-07T23:53:01 IST" duration-ms="6" status="PASS">
          <reporter-output>
          </reporter-output>
        </test-method> <!-- deleteAfterCatch -->
        <test-method is-config="true" signature="deleteBeforeCatch()[pri:0, instance:org.test.CustomerContactInvoice@2805d709]" started-at="2023-05-07T23:53:01 IST" name="deleteBeforeCatch" finished-at="2023-05-07T23:53:01 IST" duration-ms="5" status="PASS">
          <reporter-output>
          </reporter-output>
        </test-method> <!-- deleteBeforeCatch -->
        <test-method signature="mandatoryValidationEditPrice()[pri:35, instance:org.test.CustomerContactInvoice@2805d709]" started-at="2023-05-07T23:53:01 IST" name="mandatoryValidationEditPrice" finished-at="2023-05-07T23:53:01 IST" duration-ms="54" status="PASS">
          <reporter-output>
          </reporter-output>
        </test-method> <!-- mandatoryValidationEditPrice -->
        <test-method is-config="true" signature="deleteAfterCatch()[pri:0, instance:org.test.CustomerContactInvoice@2805d709]" started-at="2023-05-07T23:53:01 IST" name="deleteAfterCatch" finished-at="2023-05-07T23:53:01 IST" duration-ms="6" status="PASS">
          <reporter-output>
          </reporter-output>
        </test-method> <!-- deleteAfterCatch -->
        <test-method is-config="true" signature="deleteBeforeCatch()[pri:0, instance:org.test.CustomerContactInvoice@2805d709]" started-at="2023-05-07T23:53:01 IST" name="deleteBeforeCatch" finished-at="2023-05-07T23:53:01 IST" duration-ms="5" status="PASS">
          <reporter-output>
          </reporter-output>
        </test-method> <!-- deleteBeforeCatch -->
        <test-method signature="mandatoryValidationEditDescription()[pri:36, instance:org.test.CustomerContactInvoice@2805d709]" started-at="2023-05-07T23:53:01 IST" name="mandatoryValidationEditDescription" finished-at="2023-05-07T23:53:02 IST" duration-ms="43" status="PASS">
          <reporter-output>
          </reporter-output>
        </test-method> <!-- mandatoryValidationEditDescription -->
        <test-method is-config="true" signature="deleteAfterCatch()[pri:0, instance:org.test.CustomerContactInvoice@2805d709]" started-at="2023-05-07T23:53:02 IST" name="deleteAfterCatch" finished-at="2023-05-07T23:53:02 IST" duration-ms="12" status="PASS">
          <reporter-output>
          </reporter-output>
        </test-method> <!-- deleteAfterCatch -->
        <test-method is-config="true" signature="deleteBeforeCatch()[pri:0, instance:org.test.CustomerContactInvoice@2805d709]" started-at="2023-05-07T23:53:02 IST" name="deleteBeforeCatch" finished-at="2023-05-07T23:53:02 IST" duration-ms="4" status="PASS">
          <reporter-output>
          </reporter-output>
        </test-method> <!-- deleteBeforeCatch -->
        <test-method signature="maximumValidationEditReference()[pri:37, instance:org.test.CustomerContactInvoice@2805d709]" started-at="2023-05-07T23:53:02 IST" name="maximumValidationEditReference" finished-at="2023-05-07T23:53:02 IST" duration-ms="642" status="PASS">
          <reporter-output>
          </reporter-output>
        </test-method> <!-- maximumValidationEditReference -->
        <test-method is-config="true" signature="deleteAfterCatch()[pri:0, instance:org.test.CustomerContactInvoice@2805d709]" started-at="2023-05-07T23:53:02 IST" name="deleteAfterCatch" finished-at="2023-05-07T23:53:02 IST" duration-ms="5" status="PASS">
          <reporter-output>
          </reporter-output>
        </test-method> <!-- deleteAfterCatch -->
        <test-method is-config="true" signature="deleteBeforeCatch()[pri:0, instance:org.test.CustomerContactInvoice@2805d709]" started-at="2023-05-07T23:53:02 IST" name="deleteBeforeCatch" finished-at="2023-05-07T23:53:02 IST" duration-ms="6" status="PASS">
          <reporter-output>
          </reporter-output>
        </test-method> <!-- deleteBeforeCatch -->
        <test-method signature="maximumValidationEditInvoiceTittle()[pri:38, instance:org.test.CustomerContactInvoice@2805d709]" started-at="2023-05-07T23:53:02 IST" name="maximumValidationEditInvoiceTittle" finished-at="2023-05-07T23:53:03 IST" duration-ms="676" status="PASS">
          <reporter-output>
          </reporter-output>
        </test-method> <!-- maximumValidationEditInvoiceTittle -->
        <test-method is-config="true" signature="deleteAfterCatch()[pri:0, instance:org.test.CustomerContactInvoice@2805d709]" started-at="2023-05-07T23:53:03 IST" name="deleteAfterCatch" finished-at="2023-05-07T23:53:03 IST" duration-ms="8" status="PASS">
          <reporter-output>
          </reporter-output>
        </test-method> <!-- deleteAfterCatch -->
        <test-method is-config="true" signature="deleteBeforeCatch()[pri:0, instance:org.test.CustomerContactInvoice@2805d709]" started-at="2023-05-07T23:53:03 IST" name="deleteBeforeCatch" finished-at="2023-05-07T23:53:03 IST" duration-ms="5" status="PASS">
          <reporter-output>
          </reporter-output>
        </test-method> <!-- deleteBeforeCatch -->
        <test-method signature="maximumValidationEditInventoryItem()[pri:39, instance:org.test.CustomerContactInvoice@2805d709]" started-at="2023-05-07T23:53:03 IST" name="maximumValidationEditInventoryItem" finished-at="2023-05-07T23:53:04 IST" duration-ms="1001" status="PASS">
          <reporter-output>
          </reporter-output>
        </test-method> <!-- maximumValidationEditInventoryItem -->
        <test-method is-config="true" signature="deleteAfterCatch()[pri:0, instance:org.test.CustomerContactInvoice@2805d709]" started-at="2023-05-07T23:53:04 IST" name="deleteAfterCatch" finished-at="2023-05-07T23:53:04 IST" duration-ms="5" status="PASS">
          <reporter-output>
          </reporter-output>
        </test-method> <!-- deleteAfterCatch -->
        <test-method is-config="true" signature="deleteBeforeCatch()[pri:0, instance:org.test.CustomerContactInvoice@2805d709]" started-at="2023-05-07T23:53:04 IST" name="deleteBeforeCatch" finished-at="2023-05-07T23:53:04 IST" duration-ms="5" status="PASS">
          <reporter-output>
          </reporter-output>
        </test-method> <!-- deleteBeforeCatch -->
        <test-method signature="emptyValidationEditQuantityField()[pri:40, instance:org.test.CustomerContactInvoice@2805d709]" started-at="2023-05-07T23:53:04 IST" name="emptyValidationEditQuantityField" finished-at="2023-05-07T23:53:04 IST" duration-ms="186" status="PASS">
          <reporter-output>
          </reporter-output>
        </test-method> <!-- emptyValidationEditQuantityField -->
        <test-method is-config="true" signature="deleteAfterCatch()[pri:0, instance:org.test.CustomerContactInvoice@2805d709]" started-at="2023-05-07T23:53:04 IST" name="deleteAfterCatch" finished-at="2023-05-07T23:53:04 IST" duration-ms="5" status="PASS">
          <reporter-output>
          </reporter-output>
        </test-method> <!-- deleteAfterCatch -->
        <test-method is-config="true" signature="deleteBeforeCatch()[pri:0, instance:org.test.CustomerContactInvoice@2805d709]" started-at="2023-05-07T23:53:04 IST" name="deleteBeforeCatch" finished-at="2023-05-07T23:53:04 IST" duration-ms="5" status="PASS">
          <reporter-output>
          </reporter-output>
        </test-method> <!-- deleteBeforeCatch -->
        <test-method signature="maxEditQuanitityLimit()[pri:41, instance:org.test.CustomerContactInvoice@2805d709]" started-at="2023-05-07T23:53:04 IST" name="maxEditQuanitityLimit" finished-at="2023-05-07T23:53:04 IST" duration-ms="246" status="PASS">
          <reporter-output>
          </reporter-output>
        </test-method> <!-- maxEditQuanitityLimit -->
        <test-method is-config="true" signature="deleteAfterCatch()[pri:0, instance:org.test.CustomerContactInvoice@2805d709]" started-at="2023-05-07T23:53:04 IST" name="deleteAfterCatch" finished-at="2023-05-07T23:53:04 IST" duration-ms="4" status="PASS">
          <reporter-output>
          </reporter-output>
        </test-method> <!-- deleteAfterCatch -->
        <test-method is-config="true" signature="deleteBeforeCatch()[pri:0, instance:org.test.CustomerContactInvoice@2805d709]" started-at="2023-05-07T23:53:04 IST" name="deleteBeforeCatch" finished-at="2023-05-07T23:53:04 IST" duration-ms="4" status="PASS">
          <reporter-output>
          </reporter-output>
        </test-method> <!-- deleteBeforeCatch -->
        <test-method signature="afterEditDecimalPointValidationQuantityField()[pri:42, instance:org.test.CustomerContactInvoice@2805d709]" started-at="2023-05-07T23:53:04 IST" name="afterEditDecimalPointValidationQuantityField" finished-at="2023-05-07T23:53:05 IST" duration-ms="195" status="PASS">
          <reporter-output>
          </reporter-output>
        </test-method> <!-- afterEditDecimalPointValidationQuantityField -->
        <test-method is-config="true" signature="deleteAfterCatch()[pri:0, instance:org.test.CustomerContactInvoice@2805d709]" started-at="2023-05-07T23:53:05 IST" name="deleteAfterCatch" finished-at="2023-05-07T23:53:05 IST" duration-ms="6" status="PASS">
          <reporter-output>
          </reporter-output>
        </test-method> <!-- deleteAfterCatch -->
        <test-method is-config="true" signature="deleteBeforeCatch()[pri:0, instance:org.test.CustomerContactInvoice@2805d709]" started-at="2023-05-07T23:53:05 IST" name="deleteBeforeCatch" finished-at="2023-05-07T23:53:05 IST" duration-ms="4" status="PASS">
          <reporter-output>
          </reporter-output>
        </test-method> <!-- deleteBeforeCatch -->
        <test-method signature="beforeEditDecimalPointValidationQuantityField()[pri:43, instance:org.test.CustomerContactInvoice@2805d709]" started-at="2023-05-07T23:53:05 IST" name="beforeEditDecimalPointValidationQuantityField" finished-at="2023-05-07T23:53:05 IST" duration-ms="253" status="PASS">
          <reporter-output>
          </reporter-output>
        </test-method> <!-- beforeEditDecimalPointValidationQuantityField -->
        <test-method is-config="true" signature="deleteAfterCatch()[pri:0, instance:org.test.CustomerContactInvoice@2805d709]" started-at="2023-05-07T23:53:05 IST" name="deleteAfterCatch" finished-at="2023-05-07T23:53:05 IST" duration-ms="6" status="PASS">
          <reporter-output>
          </reporter-output>
        </test-method> <!-- deleteAfterCatch -->
        <test-method is-config="true" signature="deleteBeforeCatch()[pri:0, instance:org.test.CustomerContactInvoice@2805d709]" started-at="2023-05-07T23:53:05 IST" name="deleteBeforeCatch" finished-at="2023-05-07T23:53:05 IST" duration-ms="4" status="PASS">
          <reporter-output>
          </reporter-output>
        </test-method> <!-- deleteBeforeCatch -->
        <test-method signature="emptyValidationEditPriceField()[pri:44, instance:org.test.CustomerContactInvoice@2805d709]" started-at="2023-05-07T23:53:05 IST" name="emptyValidationEditPriceField" finished-at="2023-05-07T23:53:05 IST" duration-ms="185" status="PASS">
          <reporter-output>
          </reporter-output>
        </test-method> <!-- emptyValidationEditPriceField -->
        <test-method is-config="true" signature="deleteAfterCatch()[pri:0, instance:org.test.CustomerContactInvoice@2805d709]" started-at="2023-05-07T23:53:05 IST" name="deleteAfterCatch" finished-at="2023-05-07T23:53:05 IST" duration-ms="5" status="PASS">
          <reporter-output>
          </reporter-output>
        </test-method> <!-- deleteAfterCatch -->
        <test-method is-config="true" signature="deleteBeforeCatch()[pri:0, instance:org.test.CustomerContactInvoice@2805d709]" started-at="2023-05-07T23:53:05 IST" name="deleteBeforeCatch" finished-at="2023-05-07T23:53:05 IST" duration-ms="4" status="PASS">
          <reporter-output>
          </reporter-output>
        </test-method> <!-- deleteBeforeCatch -->
        <test-method signature="maxEditPriceLimit()[pri:45, instance:org.test.CustomerContactInvoice@2805d709]" started-at="2023-05-07T23:53:05 IST" name="maxEditPriceLimit" finished-at="2023-05-07T23:53:05 IST" duration-ms="178" status="PASS">
          <reporter-output>
          </reporter-output>
        </test-method> <!-- maxEditPriceLimit -->
        <test-method is-config="true" signature="deleteAfterCatch()[pri:0, instance:org.test.CustomerContactInvoice@2805d709]" started-at="2023-05-07T23:53:05 IST" name="deleteAfterCatch" finished-at="2023-05-07T23:53:05 IST" duration-ms="6" status="PASS">
          <reporter-output>
          </reporter-output>
        </test-method> <!-- deleteAfterCatch -->
        <test-method is-config="true" signature="deleteBeforeCatch()[pri:0, instance:org.test.CustomerContactInvoice@2805d709]" started-at="2023-05-07T23:53:05 IST" name="deleteBeforeCatch" finished-at="2023-05-07T23:53:05 IST" duration-ms="4" status="PASS">
          <reporter-output>
          </reporter-output>
        </test-method> <!-- deleteBeforeCatch -->
        <test-method signature="beforeEditDecimalPointPriceField()[pri:46, instance:org.test.CustomerContactInvoice@2805d709]" started-at="2023-05-07T23:53:05 IST" name="beforeEditDecimalPointPriceField" finished-at="2023-05-07T23:53:05 IST" duration-ms="199" status="PASS">
          <reporter-output>
          </reporter-output>
        </test-method> <!-- beforeEditDecimalPointPriceField -->
        <test-method is-config="true" signature="deleteAfterCatch()[pri:0, instance:org.test.CustomerContactInvoice@2805d709]" started-at="2023-05-07T23:53:05 IST" name="deleteAfterCatch" finished-at="2023-05-07T23:53:05 IST" duration-ms="8" status="PASS">
          <reporter-output>
          </reporter-output>
        </test-method> <!-- deleteAfterCatch -->
        <test-method is-config="true" signature="deleteBeforeCatch()[pri:0, instance:org.test.CustomerContactInvoice@2805d709]" started-at="2023-05-07T23:53:05 IST" name="deleteBeforeCatch" finished-at="2023-05-07T23:53:05 IST" duration-ms="5" status="PASS">
          <reporter-output>
          </reporter-output>
        </test-method> <!-- deleteBeforeCatch -->
        <test-method signature="afterEditDecimalPointPriceField()[pri:47, instance:org.test.CustomerContactInvoice@2805d709]" started-at="2023-05-07T23:53:05 IST" name="afterEditDecimalPointPriceField" finished-at="2023-05-07T23:53:06 IST" duration-ms="235" status="PASS">
          <reporter-output>
          </reporter-output>
        </test-method> <!-- afterEditDecimalPointPriceField -->
        <test-method is-config="true" signature="deleteAfterCatch()[pri:0, instance:org.test.CustomerContactInvoice@2805d709]" started-at="2023-05-07T23:53:06 IST" name="deleteAfterCatch" finished-at="2023-05-07T23:53:06 IST" duration-ms="5" status="PASS">
          <reporter-output>
          </reporter-output>
        </test-method> <!-- deleteAfterCatch -->
        <test-method is-config="true" signature="deleteBeforeCatch()[pri:0, instance:org.test.CustomerContactInvoice@2805d709]" started-at="2023-05-07T23:53:06 IST" name="deleteBeforeCatch" finished-at="2023-05-07T23:53:06 IST" duration-ms="5" status="PASS">
          <reporter-output>
          </reporter-output>
        </test-method> <!-- deleteBeforeCatch -->
        <test-method signature="afterEditDecimalPointDiscountField()[pri:48, instance:org.test.CustomerContactInvoice@2805d709]" started-at="2023-05-07T23:53:06 IST" name="afterEditDecimalPointDiscountField" finished-at="2023-05-07T23:53:06 IST" duration-ms="193" status="PASS">
          <reporter-output>
          </reporter-output>
        </test-method> <!-- afterEditDecimalPointDiscountField -->
        <test-method is-config="true" signature="deleteAfterCatch()[pri:0, instance:org.test.CustomerContactInvoice@2805d709]" started-at="2023-05-07T23:53:06 IST" name="deleteAfterCatch" finished-at="2023-05-07T23:53:06 IST" duration-ms="6" status="PASS">
          <reporter-output>
          </reporter-output>
        </test-method> <!-- deleteAfterCatch -->
        <test-method is-config="true" signature="deleteBeforeCatch()[pri:0, instance:org.test.CustomerContactInvoice@2805d709]" started-at="2023-05-07T23:53:06 IST" name="deleteBeforeCatch" finished-at="2023-05-07T23:53:06 IST" duration-ms="5" status="PASS">
          <reporter-output>
          </reporter-output>
        </test-method> <!-- deleteBeforeCatch -->
        <test-method signature="beforeEditDecimalPointDiscountField()[pri:49, instance:org.test.CustomerContactInvoice@2805d709]" started-at="2023-05-07T23:53:06 IST" name="beforeEditDecimalPointDiscountField" finished-at="2023-05-07T23:53:06 IST" duration-ms="163" status="PASS">
          <reporter-output>
          </reporter-output>
        </test-method> <!-- beforeEditDecimalPointDiscountField -->
        <test-method is-config="true" signature="deleteAfterCatch()[pri:0, instance:org.test.CustomerContactInvoice@2805d709]" started-at="2023-05-07T23:53:06 IST" name="deleteAfterCatch" finished-at="2023-05-07T23:53:06 IST" duration-ms="8" status="PASS">
          <reporter-output>
          </reporter-output>
        </test-method> <!-- deleteAfterCatch -->
        <test-method is-config="true" signature="deleteBeforeCatch()[pri:0, instance:org.test.CustomerContactInvoice@2805d709]" started-at="2023-05-07T23:53:06 IST" name="deleteBeforeCatch" finished-at="2023-05-07T23:53:06 IST" duration-ms="4" status="PASS">
          <reporter-output>
          </reporter-output>
        </test-method> <!-- deleteBeforeCatch -->
        <test-method signature="maxLimitEditDiscountField()[pri:50, instance:org.test.CustomerContactInvoice@2805d709]" started-at="2023-05-07T23:53:06 IST" name="maxLimitEditDiscountField" finished-at="2023-05-07T23:53:06 IST" duration-ms="190" status="PASS">
          <reporter-output>
          </reporter-output>
        </test-method> <!-- maxLimitEditDiscountField -->
        <test-method is-config="true" signature="deleteAfterCatch()[pri:0, instance:org.test.CustomerContactInvoice@2805d709]" started-at="2023-05-07T23:53:06 IST" name="deleteAfterCatch" finished-at="2023-05-07T23:53:06 IST" duration-ms="8" status="PASS">
          <reporter-output>
          </reporter-output>
        </test-method> <!-- deleteAfterCatch -->
        <test-method is-config="true" signature="deleteBeforeCatch()[pri:0, instance:org.test.CustomerContactInvoice@2805d709]" started-at="2023-05-07T23:53:06 IST" name="deleteBeforeCatch" finished-at="2023-05-07T23:53:06 IST" duration-ms="6" status="PASS">
          <reporter-output>
          </reporter-output>
        </test-method> <!-- deleteBeforeCatch -->
        <test-method signature="afterDecimalEditPointTaxField()[pri:51, instance:org.test.CustomerContactInvoice@2805d709]" started-at="2023-05-07T23:53:06 IST" name="afterDecimalEditPointTaxField" finished-at="2023-05-07T23:53:09 IST" duration-ms="2337" status="SKIP">
          <exception class="org.testng.SkipException">
            <message>
              <![CDATA[Skipping / Ignoring - Script not Ready for Execution ]]>
            </message>
            <full-stacktrace>
              <![CDATA[org.testng.SkipException: Skipping / Ignoring - Script not Ready for Execution 
at com.zaigo.pageobjects.InvoicePage.errorValidation(InvoicePage.java:503)
at org.test.CustomerContactInvoice.afterDecimalEditPointTaxField(CustomerContactInvoice.java:1363)
at java.base/jdk.internal.reflect.NativeMethodAccessorImpl.invoke0(Native Method)
at java.base/jdk.internal.reflect.NativeMethodAccessorImpl.invoke(NativeMethodAccessorImpl.java:77)
at java.base/jdk.internal.reflect.DelegatingMethodAccessorImpl.invoke(DelegatingMethodAccessorImpl.java:43)
at java.base/java.lang.reflect.Method.invoke(Method.java:568)
at org.testng.internal.MethodInvocationHelper.invokeMethod(MethodInvocationHelper.java:133)
at org.testng.internal.TestInvoker.invokeMethod(TestInvoker.java:598)
at org.testng.internal.TestInvoker.invokeTestMethod(TestInvoker.java:173)
at org.testng.internal.MethodRunner.runInSequence(MethodRunner.java:46)
at org.testng.internal.TestInvoker$MethodInvocationAgent.invoke(TestInvoker.java:824)
at org.testng.internal.TestInvoker.invokeTestMethods(TestInvoker.java:146)
at org.testng.internal.TestMethodWorker.invokeTestMethods(TestMethodWorker.java:146)
at org.testng.internal.TestMethodWorker.run(TestMethodWorker.java:128)
at java.base/java.util.ArrayList.forEach(ArrayList.java:1511)
at org.testng.TestRunner.privateRun(TestRunner.java:794)
at org.testng.TestRunner.run(TestRunner.java:596)
at org.testng.SuiteRunner.runTest(SuiteRunner.java:377)
at org.testng.SuiteRunner.runSequentially(SuiteRunner.java:371)
at org.testng.SuiteRunner.privateRun(SuiteRunner.java:332)
at org.testng.SuiteRunner.run(SuiteRunner.java:276)
at org.testng.SuiteRunnerWorker.runSuite(SuiteRunnerWorker.java:53)
at org.testng.SuiteRunnerWorker.run(SuiteRunnerWorker.java:96)
at org.testng.TestNG.runSuitesSequentially(TestNG.java:1212)
at org.testng.TestNG.runSuitesLocally(TestNG.java:1134)
at org.testng.TestNG.runSuites(TestNG.java:1063)
at org.testng.TestNG.run(TestNG.java:1031)
at org.testng.remote.AbstractRemoteTestNG.run(AbstractRemoteTestNG.java:115)
at org.testng.remote.RemoteTestNG.initAndRun(RemoteTestNG.java:251)
at org.testng.remote.RemoteTestNG.main(RemoteTestNG.java:77)
]]>
            </full-stacktrace>
          </exception> <!-- org.testng.SkipException -->
          <reporter-output>
          </reporter-output>
        </test-method> <!-- afterDecimalEditPointTaxField -->
        <test-method is-config="true" signature="deleteAfterCatch()[pri:0, instance:org.test.CustomerContactInvoice@2805d709]" started-at="2023-05-07T23:53:09 IST" name="deleteAfterCatch" finished-at="2023-05-07T23:53:09 IST" duration-ms="7" status="PASS">
          <reporter-output>
          </reporter-output>
        </test-method> <!-- deleteAfterCatch -->
        <test-method is-config="true" signature="deleteBeforeCatch()[pri:0, instance:org.test.CustomerContactInvoice@2805d709]" started-at="2023-05-07T23:53:09 IST" name="deleteBeforeCatch" finished-at="2023-05-07T23:53:09 IST" duration-ms="5" status="PASS">
          <reporter-output>
          </reporter-output>
        </test-method> <!-- deleteBeforeCatch -->
        <test-method signature="beforeDecimalEditPointTaxField()[pri:52, instance:org.test.CustomerContactInvoice@2805d709]" started-at="2023-05-07T23:53:09 IST" name="beforeDecimalEditPointTaxField" finished-at="2023-05-07T23:53:11 IST" duration-ms="2278" status="SKIP">
          <exception class="org.testng.SkipException">
            <message>
              <![CDATA[Skipping / Ignoring - Script not Ready for Execution ]]>
            </message>
            <full-stacktrace>
              <![CDATA[org.testng.SkipException: Skipping / Ignoring - Script not Ready for Execution 
at com.zaigo.pageobjects.InvoicePage.errorValidation(InvoicePage.java:503)
at org.test.CustomerContactInvoice.beforeDecimalEditPointTaxField(CustomerContactInvoice.java:1388)
at java.base/jdk.internal.reflect.NativeMethodAccessorImpl.invoke0(Native Method)
at java.base/jdk.internal.reflect.NativeMethodAccessorImpl.invoke(NativeMethodAccessorImpl.java:77)
at java.base/jdk.internal.reflect.DelegatingMethodAccessorImpl.invoke(DelegatingMethodAccessorImpl.java:43)
at java.base/java.lang.reflect.Method.invoke(Method.java:568)
at org.testng.internal.MethodInvocationHelper.invokeMethod(MethodInvocationHelper.java:133)
at org.testng.internal.TestInvoker.invokeMethod(TestInvoker.java:598)
at org.testng.internal.TestInvoker.invokeTestMethod(TestInvoker.java:173)
at org.testng.internal.MethodRunner.runInSequence(MethodRunner.java:46)
at org.testng.internal.TestInvoker$MethodInvocationAgent.invoke(TestInvoker.java:824)
at org.testng.internal.TestInvoker.invokeTestMethods(TestInvoker.java:146)
at org.testng.internal.TestMethodWorker.invokeTestMethods(TestMethodWorker.java:146)
at org.testng.internal.TestMethodWorker.run(TestMethodWorker.java:128)
at java.base/java.util.ArrayList.forEach(ArrayList.java:1511)
at org.testng.TestRunner.privateRun(TestRunner.java:794)
at org.testng.TestRunner.run(TestRunner.java:596)
at org.testng.SuiteRunner.runTest(SuiteRunner.java:377)
at org.testng.SuiteRunner.runSequentially(SuiteRunner.java:371)
at org.testng.SuiteRunner.privateRun(SuiteRunner.java:332)
at org.testng.SuiteRunner.run(SuiteRunner.java:276)
at org.testng.SuiteRunnerWorker.runSuite(SuiteRunnerWorker.java:53)
at org.testng.SuiteRunnerWorker.run(SuiteRunnerWorker.java:96)
at org.testng.TestNG.runSuitesSequentially(TestNG.java:1212)
at org.testng.TestNG.runSuitesLocally(TestNG.java:1134)
at org.testng.TestNG.runSuites(TestNG.java:1063)
at org.testng.TestNG.run(TestNG.java:1031)
at org.testng.remote.AbstractRemoteTestNG.run(AbstractRemoteTestNG.java:115)
at org.testng.remote.RemoteTestNG.initAndRun(RemoteTestNG.java:251)
at org.testng.remote.RemoteTestNG.main(RemoteTestNG.java:77)
]]>
            </full-stacktrace>
          </exception> <!-- org.testng.SkipException -->
          <reporter-output>
          </reporter-output>
        </test-method> <!-- beforeDecimalEditPointTaxField -->
        <test-method is-config="true" signature="deleteAfterCatch()[pri:0, instance:org.test.CustomerContactInvoice@2805d709]" started-at="2023-05-07T23:53:11 IST" name="deleteAfterCatch" finished-at="2023-05-07T23:53:11 IST" duration-ms="4" status="PASS">
          <reporter-output>
          </reporter-output>
        </test-method> <!-- deleteAfterCatch -->
        <test-method is-config="true" signature="deleteBeforeCatch()[pri:0, instance:org.test.CustomerContactInvoice@2805d709]" started-at="2023-05-07T23:53:11 IST" name="deleteBeforeCatch" finished-at="2023-05-07T23:53:11 IST" duration-ms="4" status="PASS">
          <reporter-output>
          </reporter-output>
        </test-method> <!-- deleteBeforeCatch -->
        <test-method signature="maxEditLimitTaxField()[pri:53, instance:org.test.CustomerContactInvoice@2805d709]" started-at="2023-05-07T23:53:11 IST" name="maxEditLimitTaxField" finished-at="2023-05-07T23:53:13 IST" duration-ms="2263" status="SKIP">
          <exception class="org.testng.SkipException">
            <message>
              <![CDATA[Skipping / Ignoring - Script not Ready for Execution ]]>
            </message>
            <full-stacktrace>
              <![CDATA[org.testng.SkipException: Skipping / Ignoring - Script not Ready for Execution 
at com.zaigo.pageobjects.InvoicePage.errorValidation(InvoicePage.java:503)
at org.test.CustomerContactInvoice.maxEditLimitTaxField(CustomerContactInvoice.java:1413)
at java.base/jdk.internal.reflect.NativeMethodAccessorImpl.invoke0(Native Method)
at java.base/jdk.internal.reflect.NativeMethodAccessorImpl.invoke(NativeMethodAccessorImpl.java:77)
at java.base/jdk.internal.reflect.DelegatingMethodAccessorImpl.invoke(DelegatingMethodAccessorImpl.java:43)
at java.base/java.lang.reflect.Method.invoke(Method.java:568)
at org.testng.internal.MethodInvocationHelper.invokeMethod(MethodInvocationHelper.java:133)
at org.testng.internal.TestInvoker.invokeMethod(TestInvoker.java:598)
at org.testng.internal.TestInvoker.invokeTestMethod(TestInvoker.java:173)
at org.testng.internal.MethodRunner.runInSequence(MethodRunner.java:46)
at org.testng.internal.TestInvoker$MethodInvocationAgent.invoke(TestInvoker.java:824)
at org.testng.internal.TestInvoker.invokeTestMethods(TestInvoker.java:146)
at org.testng.internal.TestMethodWorker.invokeTestMethods(TestMethodWorker.java:146)
at org.testng.internal.TestMethodWorker.run(TestMethodWorker.java:128)
at java.base/java.util.ArrayList.forEach(ArrayList.java:1511)
at org.testng.TestRunner.privateRun(TestRunner.java:794)
at org.testng.TestRunner.run(TestRunner.java:596)
at org.testng.SuiteRunner.runTest(SuiteRunner.java:377)
at org.testng.SuiteRunner.runSequentially(SuiteRunner.java:371)
at org.testng.SuiteRunner.privateRun(SuiteRunner.java:332)
at org.testng.SuiteRunner.run(SuiteRunner.java:276)
at org.testng.SuiteRunnerWorker.runSuite(SuiteRunnerWorker.java:53)
at org.testng.SuiteRunnerWorker.run(SuiteRunnerWorker.java:96)
at org.testng.TestNG.runSuitesSequentially(TestNG.java:1212)
at org.testng.TestNG.runSuitesLocally(TestNG.java:1134)
at org.testng.TestNG.runSuites(TestNG.java:1063)
at org.testng.TestNG.run(TestNG.java:1031)
at org.testng.remote.AbstractRemoteTestNG.run(AbstractRemoteTestNG.java:115)
at org.testng.remote.RemoteTestNG.initAndRun(RemoteTestNG.java:251)
at org.testng.remote.RemoteTestNG.main(RemoteTestNG.java:77)
]]>
            </full-stacktrace>
          </exception> <!-- org.testng.SkipException -->
          <reporter-output>
          </reporter-output>
        </test-method> <!-- maxEditLimitTaxField -->
        <test-method is-config="true" signature="deleteAfterCatch()[pri:0, instance:org.test.CustomerContactInvoice@2805d709]" started-at="2023-05-07T23:53:13 IST" name="deleteAfterCatch" finished-at="2023-05-07T23:53:13 IST" duration-ms="6" status="PASS">
          <reporter-output>
          </reporter-output>
        </test-method> <!-- deleteAfterCatch -->
        <test-method is-config="true" signature="deleteBeforeCatch()[pri:0, instance:org.test.CustomerContactInvoice@2805d709]" started-at="2023-05-07T23:53:13 IST" name="deleteBeforeCatch" finished-at="2023-05-07T23:53:13 IST" duration-ms="4" status="PASS">
          <reporter-output>
          </reporter-output>
        </test-method> <!-- deleteBeforeCatch -->
        <test-method signature="maximumEditValidationDescription()[pri:54, instance:org.test.CustomerContactInvoice@2805d709]" started-at="2023-05-07T23:53:13 IST" name="maximumEditValidationDescription" finished-at="2023-05-07T23:53:15 IST" duration-ms="1748" status="PASS">
          <reporter-output>
          </reporter-output>
        </test-method> <!-- maximumEditValidationDescription -->
        <test-method is-config="true" signature="deleteAfterCatch()[pri:0, instance:org.test.CustomerContactInvoice@2805d709]" started-at="2023-05-07T23:53:15 IST" name="deleteAfterCatch" finished-at="2023-05-07T23:53:15 IST" duration-ms="6" status="PASS">
          <reporter-output>
          </reporter-output>
        </test-method> <!-- deleteAfterCatch -->
        <test-method is-config="true" signature="deleteBeforeCatch()[pri:0, instance:org.test.CustomerContactInvoice@2805d709]" started-at="2023-05-07T23:53:15 IST" name="deleteBeforeCatch" finished-at="2023-05-07T23:53:15 IST" duration-ms="5" status="PASS">
          <reporter-output>
          </reporter-output>
        </test-method> <!-- deleteBeforeCatch -->
        <test-method signature="maximumEditValidationNotes()[pri:55, instance:org.test.CustomerContactInvoice@2805d709]" started-at="2023-05-07T23:53:15 IST" name="maximumEditValidationNotes" finished-at="2023-05-07T23:54:02 IST" duration-ms="47256" status="PASS">
          <reporter-output>
          </reporter-output>
        </test-method> <!-- maximumEditValidationNotes -->
        <test-method is-config="true" signature="deleteAfterCatch()[pri:0, instance:org.test.CustomerContactInvoice@2805d709]" started-at="2023-05-07T23:54:02 IST" name="deleteAfterCatch" finished-at="2023-05-07T23:54:02 IST" duration-ms="7" status="PASS">
          <reporter-output>
          </reporter-output>
        </test-method> <!-- deleteAfterCatch -->
        <test-method is-config="true" signature="deleteBeforeCatch()[pri:0, instance:org.test.CustomerContactInvoice@2805d709]" started-at="2023-05-07T23:54:02 IST" name="deleteBeforeCatch" finished-at="2023-05-07T23:54:02 IST" duration-ms="6" status="PASS">
          <reporter-output>
          </reporter-output>
        </test-method> <!-- deleteBeforeCatch -->
        <test-method signature="expiryEditFieldPastDateValidation()[pri:56, instance:org.test.CustomerContactInvoice@2805d709]" started-at="2023-05-07T23:54:02 IST" name="expiryEditFieldPastDateValidation" finished-at="2023-05-07T23:54:10 IST" duration-ms="8210" status="PASS">
          <reporter-output>
          </reporter-output>
        </test-method> <!-- expiryEditFieldPastDateValidation -->
        <test-method is-config="true" signature="deleteAfterCatch()[pri:0, instance:org.test.CustomerContactInvoice@2805d709]" started-at="2023-05-07T23:54:10 IST" name="deleteAfterCatch" finished-at="2023-05-07T23:54:10 IST" duration-ms="17" status="PASS">
          <reporter-output>
          </reporter-output>
        </test-method> <!-- deleteAfterCatch -->
        <test-method is-config="true" signature="deleteBeforeCatch()[pri:0, instance:org.test.CustomerContactInvoice@2805d709]" started-at="2023-05-07T23:54:10 IST" name="deleteBeforeCatch" finished-at="2023-05-07T23:54:10 IST" duration-ms="0" status="PASS">
          <reporter-output>
          </reporter-output>
        </test-method> <!-- deleteBeforeCatch -->
        <test-method signature="updatedInvoice()[pri:57, instance:org.test.CustomerContactInvoice@2805d709]" started-at="2023-05-07T23:54:10 IST" name="updatedInvoice" finished-at="2023-05-07T23:54:31 IST" duration-ms="20667" status="PASS">
          <reporter-output>
          </reporter-output>
        </test-method> <!-- updatedInvoice -->
        <test-method is-config="true" signature="deleteAfterCatch()[pri:0, instance:org.test.CustomerContactInvoice@2805d709]" started-at="2023-05-07T23:54:31 IST" name="deleteAfterCatch" finished-at="2023-05-07T23:54:31 IST" duration-ms="15" status="PASS">
          <reporter-output>
          </reporter-output>
        </test-method> <!-- deleteAfterCatch -->
        <test-method signature="draftInvoice()[pri:58, instance:org.test.CustomerContactInvoice@2805d709]" started-at="2023-05-07T23:54:31 IST" name="draftInvoice" finished-at="2023-05-07T23:54:40 IST" duration-ms="9104" status="PASS">
          <reporter-output>
          </reporter-output>
        </test-method> <!-- draftInvoice -->
        <test-method is-config="true" signature="deleteBeforeCatch()[pri:0, instance:org.test.CustomerContactInvoice@2805d709]" started-at="2023-05-07T23:54:31 IST" name="deleteBeforeCatch" finished-at="2023-05-07T23:54:31 IST" duration-ms="0" status="PASS">
          <reporter-output>
          </reporter-output>
        </test-method> <!-- deleteBeforeCatch -->
        <test-method is-config="true" signature="deleteAfterCatch()[pri:0, instance:org.test.CustomerContactInvoice@2805d709]" started-at="2023-05-07T23:54:40 IST" name="deleteAfterCatch" finished-at="2023-05-07T23:54:40 IST" duration-ms="7" status="PASS">
          <reporter-output>
          </reporter-output>
        </test-method> <!-- deleteAfterCatch -->
        <test-method is-config="true" signature="deleteBeforeCatch()[pri:0, instance:org.test.CustomerContactInvoice@2805d709]" started-at="2023-05-07T23:54:40 IST" name="deleteBeforeCatch" finished-at="2023-05-07T23:54:40 IST" duration-ms="5" status="PASS">
          <reporter-output>
          </reporter-output>
        </test-method> <!-- deleteBeforeCatch -->
        <test-method signature="createdQuoteStatus()[pri:59, instance:org.test.CustomerContactInvoice@2805d709]" started-at="2023-05-07T23:54:40 IST" name="createdQuoteStatus" finished-at="2023-05-07T23:54:40 IST" duration-ms="58" status="PASS">
          <reporter-output>
          </reporter-output>
        </test-method> <!-- createdQuoteStatus -->
        <test-method is-config="true" signature="deleteAfterCatch()[pri:0, instance:org.test.CustomerContactInvoice@2805d709]" started-at="2023-05-07T23:54:40 IST" name="deleteAfterCatch" finished-at="2023-05-07T23:54:40 IST" duration-ms="7" status="PASS">
          <reporter-output>
          </reporter-output>
        </test-method> <!-- deleteAfterCatch -->
        <test-method is-config="true" signature="deleteBeforeCatch()[pri:0, instance:org.test.CustomerContactInvoice@2805d709]" started-at="2023-05-07T23:54:40 IST" name="deleteBeforeCatch" finished-at="2023-05-07T23:54:40 IST" duration-ms="5" status="PASS">
          <reporter-output>
          </reporter-output>
        </test-method> <!-- deleteBeforeCatch -->
        <test-method signature="UpdatedInvociePartialPayment()[pri:60, instance:org.test.CustomerContactInvoice@2805d709]" started-at="2023-05-07T23:54:40 IST" name="UpdatedInvociePartialPayment" finished-at="2023-05-07T23:54:48 IST" duration-ms="7565" status="PASS">
          <reporter-output>
          </reporter-output>
        </test-method> <!-- UpdatedInvociePartialPayment -->
        <test-method is-config="true" signature="deleteAfterCatch()[pri:0, instance:org.test.CustomerContactInvoice@2805d709]" started-at="2023-05-07T23:54:48 IST" name="deleteAfterCatch" finished-at="2023-05-07T23:54:48 IST" duration-ms="15" status="PASS">
          <reporter-output>
          </reporter-output>
        </test-method> <!-- deleteAfterCatch -->
        <test-method signature="partialPaidAmount()[pri:61, instance:org.test.CustomerContactInvoice@2805d709]" started-at="2023-05-07T23:54:48 IST" name="partialPaidAmount" finished-at="2023-05-07T23:54:48 IST" duration-ms="48" status="PASS">
          <reporter-output>
          </reporter-output>
        </test-method> <!-- partialPaidAmount -->
        <test-method is-config="true" signature="deleteBeforeCatch()[pri:0, instance:org.test.CustomerContactInvoice@2805d709]" started-at="2023-05-07T23:54:48 IST" name="deleteBeforeCatch" finished-at="2023-05-07T23:54:48 IST" duration-ms="0" status="PASS">
          <reporter-output>
          </reporter-output>
        </test-method> <!-- deleteBeforeCatch -->
        <test-method is-config="true" signature="deleteAfterCatch()[pri:0, instance:org.test.CustomerContactInvoice@2805d709]" started-at="2023-05-07T23:54:48 IST" name="deleteAfterCatch" finished-at="2023-05-07T23:54:48 IST" duration-ms="15" status="PASS">
          <reporter-output>
          </reporter-output>
        </test-method> <!-- deleteAfterCatch -->
        <test-method is-config="true" signature="deleteBeforeCatch()[pri:0, instance:org.test.CustomerContactInvoice@2805d709]" started-at="2023-05-07T23:54:48 IST" name="deleteBeforeCatch" finished-at="2023-05-07T23:54:48 IST" duration-ms="0" status="PASS">
          <reporter-output>
          </reporter-output>
        </test-method> <!-- deleteBeforeCatch -->
        <test-method signature="UpdatedInvociePaid()[pri:62, instance:org.test.CustomerContactInvoice@2805d709]" started-at="2023-05-07T23:54:48 IST" name="UpdatedInvociePaid" finished-at="2023-05-07T23:54:56 IST" duration-ms="8535" status="PASS">
          <reporter-output>
          </reporter-output>
        </test-method> <!-- UpdatedInvociePaid -->
        <test-method is-config="true" signature="deleteAfterCatch()[pri:0, instance:org.test.CustomerContactInvoice@2805d709]" started-at="2023-05-07T23:54:56 IST" name="deleteAfterCatch" finished-at="2023-05-07T23:54:56 IST" duration-ms="16" status="PASS">
          <reporter-output>
          </reporter-output>
        </test-method> <!-- deleteAfterCatch -->
        <test-method is-config="true" signature="deleteBeforeCatch()[pri:0, instance:org.test.CustomerContactInvoice@2805d709]" started-at="2023-05-07T23:54:56 IST" name="deleteBeforeCatch" finished-at="2023-05-07T23:54:56 IST" duration-ms="0" status="PASS">
          <reporter-output>
          </reporter-output>
        </test-method> <!-- deleteBeforeCatch -->
        <test-method signature="fullyPaidAmount()[pri:62, instance:org.test.CustomerContactInvoice@2805d709]" started-at="2023-05-07T23:54:56 IST" name="fullyPaidAmount" finished-at="2023-05-07T23:54:57 IST" duration-ms="109" status="PASS">
          <reporter-output>
          </reporter-output>
        </test-method> <!-- fullyPaidAmount -->
        <test-method is-config="true" signature="deleteAfterCatch()[pri:0, instance:org.test.CustomerContactInvoice@2805d709]" started-at="2023-05-07T23:54:57 IST" name="deleteAfterCatch" finished-at="2023-05-07T23:54:57 IST" duration-ms="0" status="PASS">
          <reporter-output>
          </reporter-output>
        </test-method> <!-- deleteAfterCatch -->
        <test-method signature="listInvoiceNo()[pri:63, instance:org.test.CustomerContactInvoice@2805d709]" started-at="2023-05-07T23:54:57 IST" name="listInvoiceNo" finished-at="2023-05-07T23:54:59 IST" duration-ms="2074" status="PASS">
          <reporter-output>
          </reporter-output>
        </test-method> <!-- listInvoiceNo -->
        <test-method is-config="true" signature="deleteBeforeCatch()[pri:0, instance:org.test.CustomerContactInvoice@2805d709]" started-at="2023-05-07T23:54:57 IST" name="deleteBeforeCatch" finished-at="2023-05-07T23:54:57 IST" duration-ms="0" status="PASS">
          <reporter-output>
          </reporter-output>
        </test-method> <!-- deleteBeforeCatch -->
        <test-method is-config="true" signature="deleteAfterCatch()[pri:0, instance:org.test.CustomerContactInvoice@2805d709]" started-at="2023-05-07T23:54:59 IST" name="deleteAfterCatch" finished-at="2023-05-07T23:54:59 IST" duration-ms="4" status="PASS">
          <reporter-output>
          </reporter-output>
        </test-method> <!-- deleteAfterCatch -->
        <test-method is-config="true" signature="deleteBeforeCatch()[pri:0, instance:org.test.CustomerContactInvoice@2805d709]" started-at="2023-05-07T23:54:59 IST" name="deleteBeforeCatch" finished-at="2023-05-07T23:54:59 IST" duration-ms="4" status="PASS">
          <reporter-output>
          </reporter-output>
        </test-method> <!-- deleteBeforeCatch -->
        <test-method signature="listQuoteReference()[pri:64, instance:org.test.CustomerContactInvoice@2805d709]" started-at="2023-05-07T23:54:59 IST" name="listQuoteReference" finished-at="2023-05-07T23:55:01 IST" duration-ms="2020" status="PASS">
          <reporter-output>
          </reporter-output>
        </test-method> <!-- listQuoteReference -->
        <test-method is-config="true" signature="deleteAfterCatch()[pri:0, instance:org.test.CustomerContactInvoice@2805d709]" started-at="2023-05-07T23:55:01 IST" name="deleteAfterCatch" finished-at="2023-05-07T23:55:01 IST" duration-ms="0" status="PASS">
          <reporter-output>
          </reporter-output>
        </test-method> <!-- deleteAfterCatch -->
        <test-method is-config="true" signature="deleteBeforeCatch()[pri:0, instance:org.test.CustomerContactInvoice@2805d709]" started-at="2023-05-07T23:55:01 IST" name="deleteBeforeCatch" finished-at="2023-05-07T23:55:01 IST" duration-ms="15" status="PASS">
          <reporter-output>
          </reporter-output>
        </test-method> <!-- deleteBeforeCatch -->
        <test-method signature="filterDateInvoice()[pri:65, instance:org.test.CustomerContactInvoice@2805d709]" started-at="2023-05-07T23:55:01 IST" name="filterDateInvoice" finished-at="2023-05-07T23:55:03 IST" duration-ms="2063" status="PASS">
          <reporter-output>
          </reporter-output>
        </test-method> <!-- filterDateInvoice -->
        <test-method is-config="true" signature="deleteAfterCatch()[pri:0, instance:org.test.CustomerContactInvoice@2805d709]" started-at="2023-05-07T23:55:03 IST" name="deleteAfterCatch" finished-at="2023-05-07T23:55:03 IST" duration-ms="6" status="PASS">
          <reporter-output>
          </reporter-output>
        </test-method> <!-- deleteAfterCatch -->
        <test-method is-config="true" signature="deleteBeforeCatch()[pri:0, instance:org.test.CustomerContactInvoice@2805d709]" started-at="2023-05-07T23:55:03 IST" name="deleteBeforeCatch" finished-at="2023-05-07T23:55:03 IST" duration-ms="5" status="PASS">
          <reporter-output>
          </reporter-output>
        </test-method> <!-- deleteBeforeCatch -->
        <test-method signature="listInvalid()[pri:66, instance:org.test.CustomerContactInvoice@2805d709]" started-at="2023-05-07T23:55:03 IST" name="listInvalid" finished-at="2023-05-07T23:55:04 IST" duration-ms="1662" status="PASS">
          <reporter-output>
          </reporter-output>
        </test-method> <!-- listInvalid -->
        <test-method is-config="true" signature="deleteAfterCatch()[pri:0, instance:org.test.CustomerContactInvoice@2805d709]" started-at="2023-05-07T23:55:04 IST" name="deleteAfterCatch" finished-at="2023-05-07T23:55:04 IST" duration-ms="4" status="PASS">
          <reporter-output>
          </reporter-output>
        </test-method> <!-- deleteAfterCatch -->
        <test-method is-config="true" signature="exitBrowser()[pri:0, instance:org.test.CustomerContactInvoice@2805d709]" started-at="2023-05-07T23:55:04 IST" name="exitBrowser" finished-at="2023-05-07T23:55:05 IST" duration-ms="514" status="PASS">
          <reporter-output>
          </reporter-output>
        </test-method> <!-- exitBrowser -->
      </class> <!-- org.test.CustomerContactInvoice -->
    </test> <!-- Default test -->
  </suite> <!-- Default suite -->
</testng-results>
