<?xml version="1.0" encoding="UTF-8"?>
<testng-results ignored="0" total="11" passed="11" failed="0" skipped="0">
  <reporter-output>
  </reporter-output>
  <suite started-at="2023-05-26T19:49:37 IST" name="Default suite" finished-at="2023-05-26T19:50:48 IST" duration-ms="70911">
    <groups>
    </groups>
    <test started-at="2023-05-26T19:49:37 IST" name="Default test" finished-at="2023-05-26T19:50:48 IST" duration-ms="70911">
      <class name="org.test.SubscriptionModule">
        <test-method is-config="true" signature="setup()[pri:0, instance:org.test.SubscriptionModule@ffaa6af]" started-at="2023-05-26T19:49:37 IST" name="setup" finished-at="2023-05-26T19:49:39 IST" duration-ms="2325" status="PASS">
          <reporter-output>
          </reporter-output>
        </test-method> <!-- setup -->
        <test-method is-config="true" signature="deleteBeforeCatch()[pri:0, instance:org.test.SubscriptionModule@ffaa6af]" started-at="2023-05-26T19:49:39 IST" name="deleteBeforeCatch" finished-at="2023-05-26T19:49:39 IST" duration-ms="11" status="PASS">
          <reporter-output>
          </reporter-output>
        </test-method> <!-- deleteBeforeCatch -->
        <test-method signature="createTenant()[pri:1, instance:org.test.SubscriptionModule@ffaa6af]" started-at="2023-05-26T19:49:39 IST" name="createTenant" finished-at="2023-05-26T19:50:28 IST" duration-ms="48929" status="PASS">
          <reporter-output>
          </reporter-output>
        </test-method> <!-- createTenant -->
        <test-method is-config="true" signature="deleteAfterCatch()[pri:0, instance:org.test.SubscriptionModule@ffaa6af]" started-at="2023-05-26T19:50:28 IST" name="deleteAfterCatch" finished-at="2023-05-26T19:50:28 IST" duration-ms="29" status="PASS">
          <reporter-output>
          </reporter-output>
        </test-method> <!-- deleteAfterCatch -->
        <test-method is-config="true" signature="deleteBeforeCatch()[pri:0, instance:org.test.SubscriptionModule@ffaa6af]" started-at="2023-05-26T19:50:28 IST" name="deleteBeforeCatch" finished-at="2023-05-26T19:50:28 IST" duration-ms="12" status="PASS">
          <reporter-output>
          </reporter-output>
        </test-method> <!-- deleteBeforeCatch -->
        <test-method signature="subDomineURL()[pri:2, instance:org.test.SubscriptionModule@ffaa6af]" started-at="2023-05-26T19:50:28 IST" name="subDomineURL" finished-at="2023-05-26T19:50:28 IST" duration-ms="130" status="PASS">
          <reporter-output>
          </reporter-output>
        </test-method> <!-- subDomineURL -->
        <test-method is-config="true" signature="deleteAfterCatch()[pri:0, instance:org.test.SubscriptionModule@ffaa6af]" started-at="2023-05-26T19:50:28 IST" name="deleteAfterCatch" finished-at="2023-05-26T19:50:28 IST" duration-ms="16" status="PASS">
          <reporter-output>
          </reporter-output>
        </test-method> <!-- deleteAfterCatch -->
        <test-method is-config="true" signature="deleteBeforeCatch()[pri:0, instance:org.test.SubscriptionModule@ffaa6af]" started-at="2023-05-26T19:50:29 IST" name="deleteBeforeCatch" finished-at="2023-05-26T19:50:29 IST" duration-ms="12" status="PASS">
          <reporter-output>
          </reporter-output>
        </test-method> <!-- deleteBeforeCatch -->
        <test-method signature="ownerName()[pri:3, instance:org.test.SubscriptionModule@ffaa6af]" started-at="2023-05-26T19:50:29 IST" name="ownerName" finished-at="2023-05-26T19:50:29 IST" duration-ms="109" status="PASS">
          <reporter-output>
          </reporter-output>
        </test-method> <!-- ownerName -->
        <test-method is-config="true" signature="deleteAfterCatch()[pri:0, instance:org.test.SubscriptionModule@ffaa6af]" started-at="2023-05-26T19:50:29 IST" name="deleteAfterCatch" finished-at="2023-05-26T19:50:29 IST" duration-ms="15" status="PASS">
          <reporter-output>
          </reporter-output>
        </test-method> <!-- deleteAfterCatch -->
        <test-method is-config="true" signature="deleteBeforeCatch()[pri:0, instance:org.test.SubscriptionModule@ffaa6af]" started-at="2023-05-26T19:50:29 IST" name="deleteBeforeCatch" finished-at="2023-05-26T19:50:29 IST" duration-ms="12" status="PASS">
          <reporter-output>
          </reporter-output>
        </test-method> <!-- deleteBeforeCatch -->
        <test-method signature="modulepage()[pri:4, instance:org.test.SubscriptionModule@ffaa6af]" started-at="2023-05-26T19:50:29 IST" name="modulepage" finished-at="2023-05-26T19:50:37 IST" duration-ms="8647" status="PASS">
          <reporter-output>
          </reporter-output>
        </test-method> <!-- modulepage -->
        <test-method is-config="true" signature="deleteAfterCatch()[pri:0, instance:org.test.SubscriptionModule@ffaa6af]" started-at="2023-05-26T19:50:37 IST" name="deleteAfterCatch" finished-at="2023-05-26T19:50:37 IST" duration-ms="18" status="PASS">
          <reporter-output>
          </reporter-output>
        </test-method> <!-- deleteAfterCatch -->
        <test-method is-config="true" signature="deleteBeforeCatch()[pri:0, instance:org.test.SubscriptionModule@ffaa6af]" started-at="2023-05-26T19:50:37 IST" name="deleteBeforeCatch" finished-at="2023-05-26T19:50:37 IST" duration-ms="9" status="PASS">
          <reporter-output>
          </reporter-output>
        </test-method> <!-- deleteBeforeCatch -->
        <test-method signature="confirmPage()[pri:5, instance:org.test.SubscriptionModule@ffaa6af]" started-at="2023-05-26T19:50:37 IST" name="confirmPage" finished-at="2023-05-26T19:50:40 IST" duration-ms="2880" status="PASS">
          <reporter-output>
          </reporter-output>
        </test-method> <!-- confirmPage -->
        <test-method is-config="true" signature="deleteAfterCatch()[pri:0, instance:org.test.SubscriptionModule@ffaa6af]" started-at="2023-05-26T19:50:40 IST" name="deleteAfterCatch" finished-at="2023-05-26T19:50:40 IST" duration-ms="20" status="PASS">
          <reporter-output>
          </reporter-output>
        </test-method> <!-- deleteAfterCatch -->
        <test-method is-config="true" signature="deleteBeforeCatch()[pri:0, instance:org.test.SubscriptionModule@ffaa6af]" started-at="2023-05-26T19:50:40 IST" name="deleteBeforeCatch" finished-at="2023-05-26T19:50:40 IST" duration-ms="10" status="PASS">
          <reporter-output>
          </reporter-output>
        </test-method> <!-- deleteBeforeCatch -->
        <test-method signature="proAmount()[pri:6, instance:org.test.SubscriptionModule@ffaa6af]" started-at="2023-05-26T19:50:40 IST" name="proAmount" finished-at="2023-05-26T19:50:40 IST" duration-ms="51" status="PASS">
          <reporter-output>
          </reporter-output>
        </test-method> <!-- proAmount -->
        <test-method is-config="true" signature="deleteAfterCatch()[pri:0, instance:org.test.SubscriptionModule@ffaa6af]" started-at="2023-05-26T19:50:40 IST" name="deleteAfterCatch" finished-at="2023-05-26T19:50:40 IST" duration-ms="14" status="PASS">
          <reporter-output>
          </reporter-output>
        </test-method> <!-- deleteAfterCatch -->
        <test-method is-config="true" signature="deleteBeforeCatch()[pri:0, instance:org.test.SubscriptionModule@ffaa6af]" started-at="2023-05-26T19:50:40 IST" name="deleteBeforeCatch" finished-at="2023-05-26T19:50:40 IST" duration-ms="9" status="PASS">
          <reporter-output>
          </reporter-output>
        </test-method> <!-- deleteBeforeCatch -->
        <test-method signature="totalAmount()[pri:7, instance:org.test.SubscriptionModule@ffaa6af]" started-at="2023-05-26T19:50:40 IST" name="totalAmount" finished-at="2023-05-26T19:50:40 IST" duration-ms="54" status="PASS">
          <reporter-output>
          </reporter-output>
        </test-method> <!-- totalAmount -->
        <test-method is-config="true" signature="deleteAfterCatch()[pri:0, instance:org.test.SubscriptionModule@ffaa6af]" started-at="2023-05-26T19:50:40 IST" name="deleteAfterCatch" finished-at="2023-05-26T19:50:40 IST" duration-ms="13" status="PASS">
          <reporter-output>
          </reporter-output>
        </test-method> <!-- deleteAfterCatch -->
        <test-method is-config="true" signature="deleteBeforeCatch()[pri:0, instance:org.test.SubscriptionModule@ffaa6af]" started-at="2023-05-26T19:50:40 IST" name="deleteBeforeCatch" finished-at="2023-05-26T19:50:40 IST" duration-ms="9" status="PASS">
          <reporter-output>
          </reporter-output>
        </test-method> <!-- deleteBeforeCatch -->
        <test-method signature="billingInformation()[pri:8, instance:org.test.SubscriptionModule@ffaa6af]" started-at="2023-05-26T19:50:40 IST" name="billingInformation" finished-at="2023-05-26T19:50:45 IST" duration-ms="4181" status="PASS">
          <reporter-output>
          </reporter-output>
        </test-method> <!-- billingInformation -->
        <test-method is-config="true" signature="deleteAfterCatch()[pri:0, instance:org.test.SubscriptionModule@ffaa6af]" started-at="2023-05-26T19:50:45 IST" name="deleteAfterCatch" finished-at="2023-05-26T19:50:45 IST" duration-ms="20" status="PASS">
          <reporter-output>
          </reporter-output>
        </test-method> <!-- deleteAfterCatch -->
        <test-method is-config="true" signature="deleteBeforeCatch()[pri:0, instance:org.test.SubscriptionModule@ffaa6af]" started-at="2023-05-26T19:50:45 IST" name="deleteBeforeCatch" finished-at="2023-05-26T19:50:45 IST" duration-ms="9" status="PASS">
          <reporter-output>
          </reporter-output>
        </test-method> <!-- deleteBeforeCatch -->
        <test-method signature="billingInformationAmount()[pri:9, instance:org.test.SubscriptionModule@ffaa6af]" started-at="2023-05-26T19:50:45 IST" name="billingInformationAmount" finished-at="2023-05-26T19:50:45 IST" duration-ms="52" status="PASS">
          <reporter-output>
          </reporter-output>
        </test-method> <!-- billingInformationAmount -->
        <test-method is-config="true" signature="deleteAfterCatch()[pri:0, instance:org.test.SubscriptionModule@ffaa6af]" started-at="2023-05-26T19:50:45 IST" name="deleteAfterCatch" finished-at="2023-05-26T19:50:45 IST" duration-ms="13" status="PASS">
          <reporter-output>
          </reporter-output>
        </test-method> <!-- deleteAfterCatch -->
        <test-method is-config="true" signature="deleteBeforeCatch()[pri:0, instance:org.test.SubscriptionModule@ffaa6af]" started-at="2023-05-26T19:50:45 IST" name="deleteBeforeCatch" finished-at="2023-05-26T19:50:45 IST" duration-ms="11" status="PASS">
          <reporter-output>
          </reporter-output>
        </test-method> <!-- deleteBeforeCatch -->
        <test-method signature="paymentDetailsPage()[pri:9, instance:org.test.SubscriptionModule@ffaa6af]" started-at="2023-05-26T19:50:45 IST" name="paymentDetailsPage" finished-at="2023-05-26T19:50:47 IST" duration-ms="2444" status="PASS">
          <reporter-output>
          </reporter-output>
        </test-method> <!-- paymentDetailsPage -->
        <test-method is-config="true" signature="deleteAfterCatch()[pri:0, instance:org.test.SubscriptionModule@ffaa6af]" started-at="2023-05-26T19:50:47 IST" name="deleteAfterCatch" finished-at="2023-05-26T19:50:47 IST" duration-ms="31" status="PASS">
          <reporter-output>
          </reporter-output>
        </test-method> <!-- deleteAfterCatch -->
        <test-method is-config="true" signature="deleteBeforeCatch()[pri:0, instance:org.test.SubscriptionModule@ffaa6af]" started-at="2023-05-26T19:50:47 IST" name="deleteBeforeCatch" finished-at="2023-05-26T19:50:47 IST" duration-ms="11" status="PASS">
          <reporter-output>
          </reporter-output>
        </test-method> <!-- deleteBeforeCatch -->
        <test-method signature="paymentDetailsAmount()[pri:10, instance:org.test.SubscriptionModule@ffaa6af]" started-at="2023-05-26T19:50:47 IST" name="paymentDetailsAmount" finished-at="2023-05-26T19:50:47 IST" duration-ms="57" status="PASS">
          <reporter-output>
          </reporter-output>
        </test-method> <!-- paymentDetailsAmount -->
        <test-method is-config="true" signature="deleteAfterCatch()[pri:0, instance:org.test.SubscriptionModule@ffaa6af]" started-at="2023-05-26T19:50:47 IST" name="deleteAfterCatch" finished-at="2023-05-26T19:50:47 IST" duration-ms="14" status="PASS">
          <reporter-output>
          </reporter-output>
        </test-method> <!-- deleteAfterCatch -->
        <test-method is-config="true" signature="exitBrowser()[pri:0, instance:org.test.SubscriptionModule@ffaa6af]" started-at="2023-05-26T19:50:47 IST" name="exitBrowser" finished-at="2023-05-26T19:50:48 IST" duration-ms="667" status="PASS">
          <reporter-output>
          </reporter-output>
        </test-method> <!-- exitBrowser -->
      </class> <!-- org.test.SubscriptionModule -->
    </test> <!-- Default test -->
  </suite> <!-- Default suite -->
</testng-results>
