<?xml version="1.0" encoding="UTF-8"?>
<testng-results ignored="0" total="29" passed="29" failed="0" skipped="0">
  <reporter-output>
  </reporter-output>
  <suite started-at="2023-02-23T19:32:14 IST" name="Suite" finished-at="2023-02-23T19:32:59 IST" duration-ms="44798">
    <groups>
    </groups>
    <test started-at="2023-02-23T19:32:14 IST" name="Test" finished-at="2023-02-23T19:32:59 IST" duration-ms="44798">
      <class name="org.test.OnBoardingModule">
        <test-method is-config="true" signature="setup()[pri:0, instance:org.test.OnBoardingModule@6e0f5f7f]" started-at="2023-02-23T19:32:14 IST" name="setup" finished-at="2023-02-23T19:32:16 IST" duration-ms="2066" status="PASS">
          <reporter-output>
          </reporter-output>
        </test-method> <!-- setup -->
        <test-method signature="mandatoryBussinessNameFieldValidation()[pri:0, instance:org.test.OnBoardingModule@6e0f5f7f]" started-at="2023-02-23T19:32:16 IST" name="mandatoryBussinessNameFieldValidation" finished-at="2023-02-23T19:32:23 IST" duration-ms="6734" status="PASS">
          <reporter-output>
          </reporter-output>
        </test-method> <!-- mandatoryBussinessNameFieldValidation -->
        <test-method signature="mandatoryEmailFieldValidation()[pri:1, instance:org.test.OnBoardingModule@6e0f5f7f]" started-at="2023-02-23T19:32:23 IST" name="mandatoryEmailFieldValidation" finished-at="2023-02-23T19:32:24 IST" duration-ms="911" status="PASS">
          <reporter-output>
          </reporter-output>
        </test-method> <!-- mandatoryEmailFieldValidation -->
        <test-method signature="alreadyBussinessNameValidation()[pri:2, instance:org.test.OnBoardingModule@6e0f5f7f]" started-at="2023-02-23T19:32:24 IST" name="alreadyBussinessNameValidation" finished-at="2023-02-23T19:32:25 IST" duration-ms="904" status="PASS">
          <reporter-output>
          </reporter-output>
        </test-method> <!-- alreadyBussinessNameValidation -->
        <test-method signature="specialCharacterBussinessNameValidation()[pri:3, instance:org.test.OnBoardingModule@6e0f5f7f]" started-at="2023-02-23T19:32:25 IST" name="specialCharacterBussinessNameValidation" finished-at="2023-02-23T19:32:25 IST" duration-ms="166" status="PASS">
          <reporter-output>
          </reporter-output>
        </test-method> <!-- specialCharacterBussinessNameValidation -->
        <test-method signature="maximumValidationBussinessName()[pri:4, instance:org.test.OnBoardingModule@6e0f5f7f]" started-at="2023-02-23T19:32:25 IST" name="maximumValidationBussinessName" finished-at="2023-02-23T19:32:25 IST" duration-ms="484" status="PASS">
          <reporter-output>
          </reporter-output>
        </test-method> <!-- maximumValidationBussinessName -->
        <test-method signature="maximumValidationBussinessWebSite()[pri:5, instance:org.test.OnBoardingModule@6e0f5f7f]" started-at="2023-02-23T19:32:25 IST" name="maximumValidationBussinessWebSite" finished-at="2023-02-23T19:32:28 IST" duration-ms="2390" status="PASS">
          <reporter-output>
          </reporter-output>
        </test-method> <!-- maximumValidationBussinessWebSite -->
        <test-method signature="maximumValidationFirstName()[pri:6, instance:org.test.OnBoardingModule@6e0f5f7f]" started-at="2023-02-23T19:32:28 IST" name="maximumValidationFirstName" finished-at="2023-02-23T19:32:28 IST" duration-ms="558" status="PASS">
          <reporter-output>
          </reporter-output>
        </test-method> <!-- maximumValidationFirstName -->
        <test-method signature="maximumValidationLastName()[pri:7, instance:org.test.OnBoardingModule@6e0f5f7f]" started-at="2023-02-23T19:32:28 IST" name="maximumValidationLastName" finished-at="2023-02-23T19:32:29 IST" duration-ms="584" status="PASS">
          <reporter-output>
          </reporter-output>
        </test-method> <!-- maximumValidationLastName -->
        <test-method signature="maximumValidationEmail()[pri:8, instance:org.test.OnBoardingModule@6e0f5f7f]" started-at="2023-02-23T19:32:29 IST" name="maximumValidationEmail" finished-at="2023-02-23T19:32:30 IST" duration-ms="612" status="PASS">
          <reporter-output>
          </reporter-output>
        </test-method> <!-- maximumValidationEmail -->
        <test-method signature="validateEmailFormat()[pri:9, instance:org.test.OnBoardingModule@6e0f5f7f]" started-at="2023-02-23T19:32:30 IST" name="validateEmailFormat" finished-at="2023-02-23T19:32:30 IST" duration-ms="873" status="PASS">
          <reporter-output>
          </reporter-output>
        </test-method> <!-- validateEmailFormat -->
        <test-method signature="existingEmailValidation()[pri:10, instance:org.test.OnBoardingModule@6e0f5f7f]" started-at="2023-02-23T19:32:30 IST" name="existingEmailValidation" finished-at="2023-02-23T19:32:32 IST" duration-ms="1419" status="PASS">
          <reporter-output>
          </reporter-output>
        </test-method> <!-- existingEmailValidation -->
        <test-method signature="correctValidationEmail()[pri:11, instance:org.test.OnBoardingModule@6e0f5f7f]" started-at="2023-02-23T19:32:32 IST" name="correctValidationEmail" finished-at="2023-02-23T19:32:33 IST" duration-ms="1178" status="PASS">
          <reporter-output>
          </reporter-output>
        </test-method> <!-- correctValidationEmail -->
        <test-method signature="validateRadioButtonClickable()[pri:12, instance:org.test.OnBoardingModule@6e0f5f7f]" started-at="2023-02-23T19:32:33 IST" name="validateRadioButtonClickable" finished-at="2023-02-23T19:32:36 IST" duration-ms="3174" status="PASS">
          <reporter-output>
          </reporter-output>
        </test-method> <!-- validateRadioButtonClickable -->
        <test-method signature="industryTypeFieldPresent()[pri:13, instance:org.test.OnBoardingModule@6e0f5f7f]" started-at="2023-02-23T19:32:36 IST" name="industryTypeFieldPresent" finished-at="2023-02-23T19:32:36 IST" duration-ms="230" status="PASS">
          <reporter-output>
          </reporter-output>
        </test-method> <!-- industryTypeFieldPresent -->
        <test-method signature="maximumValidationIndustryField()[pri:14, instance:org.test.OnBoardingModule@6e0f5f7f]" started-at="2023-02-23T19:32:36 IST" name="maximumValidationIndustryField" finished-at="2023-02-23T19:32:37 IST" duration-ms="861" status="PASS">
          <reporter-output>
          </reporter-output>
        </test-method> <!-- maximumValidationIndustryField -->
        <test-method signature="sizeCompanyValidation()[pri:15, instance:org.test.OnBoardingModule@6e0f5f7f]" started-at="2023-02-23T19:32:37 IST" name="sizeCompanyValidation" finished-at="2023-02-23T19:32:38 IST" duration-ms="862" status="PASS">
          <reporter-output>
          </reporter-output>
        </test-method> <!-- sizeCompanyValidation -->
        <test-method signature="validationRadioButtonIntrested()[pri:16, instance:org.test.OnBoardingModule@6e0f5f7f]" started-at="2023-02-23T19:32:38 IST" name="validationRadioButtonIntrested" finished-at="2023-02-23T19:32:39 IST" duration-ms="1162" status="PASS">
          <reporter-output>
          </reporter-output>
        </test-method> <!-- validationRadioButtonIntrested -->
        <test-method signature="mandatoryValidationLocation()[pri:17, instance:org.test.OnBoardingModule@6e0f5f7f]" started-at="2023-02-23T19:32:39 IST" name="mandatoryValidationLocation" finished-at="2023-02-23T19:32:40 IST" duration-ms="770" status="PASS">
          <reporter-output>
          </reporter-output>
        </test-method> <!-- mandatoryValidationLocation -->
        <test-method signature="maximumValidationLocation()[pri:18, instance:org.test.OnBoardingModule@6e0f5f7f]" started-at="2023-02-23T19:32:40 IST" name="maximumValidationLocation" finished-at="2023-02-23T19:32:42 IST" duration-ms="1701" status="PASS">
          <reporter-output>
          </reporter-output>
        </test-method> <!-- maximumValidationLocation -->
        <test-method signature="passwordMandatoryField()[pri:19, instance:org.test.OnBoardingModule@6e0f5f7f]" started-at="2023-02-23T19:32:42 IST" name="passwordMandatoryField" finished-at="2023-02-23T19:32:42 IST" duration-ms="269" status="PASS">
          <reporter-output>
          </reporter-output>
        </test-method> <!-- passwordMandatoryField -->
        <test-method signature="minValidationPassword()[pri:20, instance:org.test.OnBoardingModule@6e0f5f7f]" started-at="2023-02-23T19:32:42 IST" name="minValidationPassword" finished-at="2023-02-23T19:32:42 IST" duration-ms="176" status="PASS">
          <reporter-output>
          </reporter-output>
        </test-method> <!-- minValidationPassword -->
        <test-method signature="minValidationConfirmPassword()[pri:21, instance:org.test.OnBoardingModule@6e0f5f7f]" started-at="2023-02-23T19:32:42 IST" name="minValidationConfirmPassword" finished-at="2023-02-23T19:32:42 IST" duration-ms="175" status="PASS">
          <reporter-output>
          </reporter-output>
        </test-method> <!-- minValidationConfirmPassword -->
        <test-method signature="passwordFieldConditions()[pri:22, instance:org.test.OnBoardingModule@6e0f5f7f]" started-at="2023-02-23T19:32:42 IST" name="passwordFieldConditions" finished-at="2023-02-23T19:32:43 IST" duration-ms="299" status="PASS">
          <reporter-output>
          </reporter-output>
        </test-method> <!-- passwordFieldConditions -->
        <test-method signature="confirmPasswordFieldCondition()[pri:23, instance:org.test.OnBoardingModule@6e0f5f7f]" started-at="2023-02-23T19:32:43 IST" name="confirmPasswordFieldCondition" finished-at="2023-02-23T19:32:43 IST" duration-ms="469" status="PASS">
          <reporter-output>
          </reporter-output>
        </test-method> <!-- confirmPasswordFieldCondition -->
        <test-method signature="lowerCaseValidation()[pri:24, instance:org.test.OnBoardingModule@6e0f5f7f]" started-at="2023-02-23T19:32:43 IST" name="lowerCaseValidation" finished-at="2023-02-23T19:32:44 IST" duration-ms="370" status="PASS">
          <reporter-output>
          </reporter-output>
        </test-method> <!-- lowerCaseValidation -->
        <test-method signature="mismatchPassword()[pri:25, instance:org.test.OnBoardingModule@6e0f5f7f]" started-at="2023-02-23T19:32:44 IST" name="mismatchPassword" finished-at="2023-02-23T19:32:44 IST" duration-ms="634" status="PASS">
          <reporter-output>
          </reporter-output>
        </test-method> <!-- mismatchPassword -->
        <test-method signature="createTenant()[pri:26, instance:org.test.OnBoardingModule@6e0f5f7f]" started-at="2023-02-23T19:32:44 IST" name="createTenant" finished-at="2023-02-23T19:32:58 IST" duration-ms="14095" status="PASS">
          <reporter-output>
          </reporter-output>
        </test-method> <!-- createTenant -->
        <test-method signature="subDomineURL()[pri:27, instance:org.test.OnBoardingModule@6e0f5f7f]" started-at="2023-02-23T19:32:58 IST" name="subDomineURL" finished-at="2023-02-23T19:32:58 IST" duration-ms="26" status="PASS">
          <reporter-output>
          </reporter-output>
        </test-method> <!-- subDomineURL -->
        <test-method signature="ownerName()[pri:28, instance:org.test.OnBoardingModule@6e0f5f7f]" started-at="2023-02-23T19:32:58 IST" name="ownerName" finished-at="2023-02-23T19:32:58 IST" duration-ms="54" status="PASS">
          <reporter-output>
          </reporter-output>
        </test-method> <!-- ownerName -->
        <test-method is-config="true" signature="exitBrowser()[pri:0, instance:org.test.OnBoardingModule@6e0f5f7f]" started-at="2023-02-23T19:32:58 IST" name="exitBrowser" finished-at="2023-02-23T19:32:59 IST" duration-ms="518" status="PASS">
          <reporter-output>
          </reporter-output>
        </test-method> <!-- exitBrowser -->
      </class> <!-- org.test.OnBoardingModule -->
    </test> <!-- Test -->
  </suite> <!-- Suite -->
</testng-results>
