<?xml version="1.0" encoding="UTF-8"?>
<testng-results ignored="0" total="46" passed="46" failed="0" skipped="0">
  <reporter-output>
  </reporter-output>
  <suite started-at="2023-05-14T15:25:13 IST" name="Default suite" finished-at="2023-05-14T15:36:58 IST" duration-ms="704570">
    <groups>
    </groups>
    <test started-at="2023-05-14T15:25:13 IST" name="Default test" finished-at="2023-05-14T15:36:58 IST" duration-ms="704570">
      <class name="org.test.GlobalOrganizationRequest">
        <test-method is-config="true" signature="setup()[pri:0, instance:org.test.GlobalOrganizationRequest@f0da945]" started-at="2023-05-14T15:25:13 IST" name="setup" finished-at="2023-05-14T15:25:15 IST" duration-ms="1865" status="PASS">
          <reporter-output>
          </reporter-output>
        </test-method> <!-- setup -->
        <test-method is-config="true" signature="deleteBeforeCatch()[pri:0, instance:org.test.GlobalOrganizationRequest@f0da945]" started-at="2023-05-14T15:25:15 IST" name="deleteBeforeCatch" finished-at="2023-05-14T15:25:15 IST" duration-ms="7" status="PASS">
          <reporter-output>
          </reporter-output>
        </test-method> <!-- deleteBeforeCatch -->
        <test-method signature="loginPage()[pri:-3, instance:org.test.GlobalOrganizationRequest@f0da945]" started-at="2023-05-14T15:25:15 IST" name="loginPage" finished-at="2023-05-14T15:25:47 IST" duration-ms="32136" status="PASS">
          <reporter-output>
          </reporter-output>
        </test-method> <!-- loginPage -->
        <test-method is-config="true" signature="deleteAfterCatch()[pri:0, instance:org.test.GlobalOrganizationRequest@f0da945]" started-at="2023-05-14T15:25:47 IST" name="deleteAfterCatch" finished-at="2023-05-14T15:25:47 IST" duration-ms="12" status="PASS">
          <reporter-output>
          </reporter-output>
        </test-method> <!-- deleteAfterCatch -->
        <test-method is-config="true" signature="deleteBeforeCatch()[pri:0, instance:org.test.GlobalOrganizationRequest@f0da945]" started-at="2023-05-14T15:25:47 IST" name="deleteBeforeCatch" finished-at="2023-05-14T15:25:47 IST" duration-ms="6" status="PASS">
          <reporter-output>
          </reporter-output>
        </test-method> <!-- deleteBeforeCatch -->
        <test-method signature="requestModule()[pri:-2, instance:org.test.GlobalOrganizationRequest@f0da945]" started-at="2023-05-14T15:25:47 IST" name="requestModule" finished-at="2023-05-14T15:25:49 IST" duration-ms="1756" status="PASS">
          <reporter-output>
          </reporter-output>
        </test-method> <!-- requestModule -->
        <test-method is-config="true" signature="deleteAfterCatch()[pri:0, instance:org.test.GlobalOrganizationRequest@f0da945]" started-at="2023-05-14T15:25:49 IST" name="deleteAfterCatch" finished-at="2023-05-14T15:25:49 IST" duration-ms="8" status="PASS">
          <reporter-output>
          </reporter-output>
        </test-method> <!-- deleteAfterCatch -->
        <test-method is-config="true" signature="deleteBeforeCatch()[pri:0, instance:org.test.GlobalOrganizationRequest@f0da945]" started-at="2023-05-14T15:25:49 IST" name="deleteBeforeCatch" finished-at="2023-05-14T15:25:49 IST" duration-ms="8" status="PASS">
          <reporter-output>
          </reporter-output>
        </test-method> <!-- deleteBeforeCatch -->
        <test-method signature="labelValidation()[pri:-1, instance:org.test.GlobalOrganizationRequest@f0da945]" started-at="2023-05-14T15:25:49 IST" name="labelValidation" finished-at="2023-05-14T15:25:51 IST" duration-ms="1433" status="PASS">
          <reporter-output>
          </reporter-output>
        </test-method> <!-- labelValidation -->
        <test-method is-config="true" signature="deleteAfterCatch()[pri:0, instance:org.test.GlobalOrganizationRequest@f0da945]" started-at="2023-05-14T15:25:51 IST" name="deleteAfterCatch" finished-at="2023-05-14T15:25:51 IST" duration-ms="10" status="PASS">
          <reporter-output>
          </reporter-output>
        </test-method> <!-- deleteAfterCatch -->
        <test-method is-config="true" signature="deleteBeforeCatch()[pri:0, instance:org.test.GlobalOrganizationRequest@f0da945]" started-at="2023-05-14T15:25:51 IST" name="deleteBeforeCatch" finished-at="2023-05-14T15:25:51 IST" duration-ms="10" status="PASS">
          <reporter-output>
          </reporter-output>
        </test-method> <!-- deleteBeforeCatch -->
        <test-method signature="contactMandatoryValidation()[pri:0, instance:org.test.GlobalOrganizationRequest@f0da945]" started-at="2023-05-14T15:25:51 IST" name="contactMandatoryValidation" finished-at="2023-05-14T15:25:53 IST" duration-ms="2825" status="PASS">
          <reporter-output>
          </reporter-output>
        </test-method> <!-- contactMandatoryValidation -->
        <test-method is-config="true" signature="deleteAfterCatch()[pri:0, instance:org.test.GlobalOrganizationRequest@f0da945]" started-at="2023-05-14T15:25:53 IST" name="deleteAfterCatch" finished-at="2023-05-14T15:25:53 IST" duration-ms="6" status="PASS">
          <reporter-output>
          </reporter-output>
        </test-method> <!-- deleteAfterCatch -->
        <test-method is-config="true" signature="deleteBeforeCatch()[pri:0, instance:org.test.GlobalOrganizationRequest@f0da945]" started-at="2023-05-14T15:25:53 IST" name="deleteBeforeCatch" finished-at="2023-05-14T15:25:53 IST" duration-ms="6" status="PASS">
          <reporter-output>
          </reporter-output>
        </test-method> <!-- deleteBeforeCatch -->
        <test-method signature="autoCompleteOrganizationCreation()[pri:1, instance:org.test.GlobalOrganizationRequest@f0da945]" started-at="2023-05-14T15:25:53 IST" name="autoCompleteOrganizationCreation" finished-at="2023-05-14T15:26:24 IST" duration-ms="30833" status="PASS">
          <reporter-output>
          </reporter-output>
        </test-method> <!-- autoCompleteOrganizationCreation -->
        <test-method is-config="true" signature="deleteAfterCatch()[pri:0, instance:org.test.GlobalOrganizationRequest@f0da945]" started-at="2023-05-14T15:26:24 IST" name="deleteAfterCatch" finished-at="2023-05-14T15:26:24 IST" duration-ms="13" status="PASS">
          <reporter-output>
          </reporter-output>
        </test-method> <!-- deleteAfterCatch -->
        <test-method is-config="true" signature="deleteBeforeCatch()[pri:0, instance:org.test.GlobalOrganizationRequest@f0da945]" started-at="2023-05-14T15:26:24 IST" name="deleteBeforeCatch" finished-at="2023-05-14T15:26:24 IST" duration-ms="6" status="PASS">
          <reporter-output>
          </reporter-output>
        </test-method> <!-- deleteBeforeCatch -->
        <test-method signature="autoCompleteOrganizationContactCreation()[pri:2, instance:org.test.GlobalOrganizationRequest@f0da945]" started-at="2023-05-14T15:26:24 IST" name="autoCompleteOrganizationContactCreation" finished-at="2023-05-14T15:26:38 IST" duration-ms="13281" status="PASS">
          <reporter-output>
          </reporter-output>
        </test-method> <!-- autoCompleteOrganizationContactCreation -->
        <test-method is-config="true" signature="deleteAfterCatch()[pri:0, instance:org.test.GlobalOrganizationRequest@f0da945]" started-at="2023-05-14T15:26:38 IST" name="deleteAfterCatch" finished-at="2023-05-14T15:26:38 IST" duration-ms="4" status="PASS">
          <reporter-output>
          </reporter-output>
        </test-method> <!-- deleteAfterCatch -->
        <test-method is-config="true" signature="deleteBeforeCatch()[pri:0, instance:org.test.GlobalOrganizationRequest@f0da945]" started-at="2023-05-14T15:26:38 IST" name="deleteBeforeCatch" finished-at="2023-05-14T15:26:38 IST" duration-ms="4" status="PASS">
          <reporter-output>
          </reporter-output>
        </test-method> <!-- deleteBeforeCatch -->
        <test-method signature="contactNumberDisplayed()[pri:3, instance:org.test.GlobalOrganizationRequest@f0da945]" started-at="2023-05-14T15:26:38 IST" name="contactNumberDisplayed" finished-at="2023-05-14T15:26:38 IST" duration-ms="77" status="PASS">
          <reporter-output>
          </reporter-output>
        </test-method> <!-- contactNumberDisplayed -->
        <test-method is-config="true" signature="deleteAfterCatch()[pri:0, instance:org.test.GlobalOrganizationRequest@f0da945]" started-at="2023-05-14T15:26:38 IST" name="deleteAfterCatch" finished-at="2023-05-14T15:26:38 IST" duration-ms="6" status="PASS">
          <reporter-output>
          </reporter-output>
        </test-method> <!-- deleteAfterCatch -->
        <test-method is-config="true" signature="deleteBeforeCatch()[pri:0, instance:org.test.GlobalOrganizationRequest@f0da945]" started-at="2023-05-14T15:26:38 IST" name="deleteBeforeCatch" finished-at="2023-05-14T15:26:38 IST" duration-ms="5" status="PASS">
          <reporter-output>
          </reporter-output>
        </test-method> <!-- deleteBeforeCatch -->
        <test-method signature="mandatoryValidationLocation()[pri:4, instance:org.test.GlobalOrganizationRequest@f0da945]" started-at="2023-05-14T15:26:38 IST" name="mandatoryValidationLocation" finished-at="2023-05-14T15:26:38 IST" duration-ms="67" status="PASS">
          <reporter-output>
          </reporter-output>
        </test-method> <!-- mandatoryValidationLocation -->
        <test-method is-config="true" signature="deleteAfterCatch()[pri:0, instance:org.test.GlobalOrganizationRequest@f0da945]" started-at="2023-05-14T15:26:38 IST" name="deleteAfterCatch" finished-at="2023-05-14T15:26:38 IST" duration-ms="10" status="PASS">
          <reporter-output>
          </reporter-output>
        </test-method> <!-- deleteAfterCatch -->
        <test-method is-config="true" signature="deleteBeforeCatch()[pri:0, instance:org.test.GlobalOrganizationRequest@f0da945]" started-at="2023-05-14T15:26:38 IST" name="deleteBeforeCatch" finished-at="2023-05-14T15:26:38 IST" duration-ms="7" status="PASS">
          <reporter-output>
          </reporter-output>
        </test-method> <!-- deleteBeforeCatch -->
        <test-method signature="maximumValidationLocation()[pri:5, instance:org.test.GlobalOrganizationRequest@f0da945]" started-at="2023-05-14T15:26:38 IST" name="maximumValidationLocation" finished-at="2023-05-14T15:26:43 IST" duration-ms="5072" status="PASS">
          <reporter-output>
          </reporter-output>
        </test-method> <!-- maximumValidationLocation -->
        <test-method is-config="true" signature="deleteAfterCatch()[pri:0, instance:org.test.GlobalOrganizationRequest@f0da945]" started-at="2023-05-14T15:26:43 IST" name="deleteAfterCatch" finished-at="2023-05-14T15:26:43 IST" duration-ms="5" status="PASS">
          <reporter-output>
          </reporter-output>
        </test-method> <!-- deleteAfterCatch -->
        <test-method is-config="true" signature="deleteBeforeCatch()[pri:0, instance:org.test.GlobalOrganizationRequest@f0da945]" started-at="2023-05-14T15:26:43 IST" name="deleteBeforeCatch" finished-at="2023-05-14T15:26:43 IST" duration-ms="5" status="PASS">
          <reporter-output>
          </reporter-output>
        </test-method> <!-- deleteBeforeCatch -->
        <test-method signature="maximumValidationTittle()[pri:6, instance:org.test.GlobalOrganizationRequest@f0da945]" started-at="2023-05-14T15:26:43 IST" name="maximumValidationTittle" finished-at="2023-05-14T15:26:44 IST" duration-ms="703" status="PASS">
          <reporter-output>
          </reporter-output>
        </test-method> <!-- maximumValidationTittle -->
        <test-method is-config="true" signature="deleteAfterCatch()[pri:0, instance:org.test.GlobalOrganizationRequest@f0da945]" started-at="2023-05-14T15:26:44 IST" name="deleteAfterCatch" finished-at="2023-05-14T15:26:44 IST" duration-ms="8" status="PASS">
          <reporter-output>
          </reporter-output>
        </test-method> <!-- deleteAfterCatch -->
        <test-method is-config="true" signature="deleteBeforeCatch()[pri:0, instance:org.test.GlobalOrganizationRequest@f0da945]" started-at="2023-05-14T15:26:44 IST" name="deleteBeforeCatch" finished-at="2023-05-14T15:26:44 IST" duration-ms="5" status="PASS">
          <reporter-output>
          </reporter-output>
        </test-method> <!-- deleteBeforeCatch -->
        <test-method signature="mandatoryValidationDescription()[pri:7, instance:org.test.GlobalOrganizationRequest@f0da945]" started-at="2023-05-14T15:26:44 IST" name="mandatoryValidationDescription" finished-at="2023-05-14T15:26:44 IST" duration-ms="58" status="PASS">
          <reporter-output>
          </reporter-output>
        </test-method> <!-- mandatoryValidationDescription -->
        <test-method is-config="true" signature="deleteAfterCatch()[pri:0, instance:org.test.GlobalOrganizationRequest@f0da945]" started-at="2023-05-14T15:26:44 IST" name="deleteAfterCatch" finished-at="2023-05-14T15:26:44 IST" duration-ms="5" status="PASS">
          <reporter-output>
          </reporter-output>
        </test-method> <!-- deleteAfterCatch -->
        <test-method is-config="true" signature="deleteBeforeCatch()[pri:0, instance:org.test.GlobalOrganizationRequest@f0da945]" started-at="2023-05-14T15:26:44 IST" name="deleteBeforeCatch" finished-at="2023-05-14T15:26:44 IST" duration-ms="7" status="PASS">
          <reporter-output>
          </reporter-output>
        </test-method> <!-- deleteBeforeCatch -->
        <test-method signature="maximumValidationDescription()[pri:8, instance:org.test.GlobalOrganizationRequest@f0da945]" started-at="2023-05-14T15:26:44 IST" name="maximumValidationDescription" finished-at="2023-05-14T15:26:48 IST" duration-ms="3918" status="PASS">
          <reporter-output>
          </reporter-output>
        </test-method> <!-- maximumValidationDescription -->
        <test-method is-config="true" signature="deleteAfterCatch()[pri:0, instance:org.test.GlobalOrganizationRequest@f0da945]" started-at="2023-05-14T15:26:48 IST" name="deleteAfterCatch" finished-at="2023-05-14T15:26:48 IST" duration-ms="4" status="PASS">
          <reporter-output>
          </reporter-output>
        </test-method> <!-- deleteAfterCatch -->
        <test-method is-config="true" signature="deleteBeforeCatch()[pri:0, instance:org.test.GlobalOrganizationRequest@f0da945]" started-at="2023-05-14T15:26:48 IST" name="deleteBeforeCatch" finished-at="2023-05-14T15:26:48 IST" duration-ms="5" status="PASS">
          <reporter-output>
          </reporter-output>
        </test-method> <!-- deleteBeforeCatch -->
        <test-method signature="maximumTagValidation()[pri:9, instance:org.test.GlobalOrganizationRequest@f0da945]" started-at="2023-05-14T15:26:48 IST" name="maximumTagValidation" finished-at="2023-05-14T15:26:48 IST" duration-ms="681" status="PASS">
          <reporter-output>
          </reporter-output>
        </test-method> <!-- maximumTagValidation -->
        <test-method is-config="true" signature="deleteAfterCatch()[pri:0, instance:org.test.GlobalOrganizationRequest@f0da945]" started-at="2023-05-14T15:26:48 IST" name="deleteAfterCatch" finished-at="2023-05-14T15:26:48 IST" duration-ms="4" status="PASS">
          <reporter-output>
          </reporter-output>
        </test-method> <!-- deleteAfterCatch -->
        <test-method is-config="true" signature="deleteBeforeCatch()[pri:0, instance:org.test.GlobalOrganizationRequest@f0da945]" started-at="2023-05-14T15:26:48 IST" name="deleteBeforeCatch" finished-at="2023-05-14T15:26:48 IST" duration-ms="8" status="PASS">
          <reporter-output>
          </reporter-output>
        </test-method> <!-- deleteBeforeCatch -->
        <test-method signature="duplicateTagsValidation()[pri:10, instance:org.test.GlobalOrganizationRequest@f0da945]" started-at="2023-05-14T15:26:48 IST" name="duplicateTagsValidation" finished-at="2023-05-14T15:26:49 IST" duration-ms="370" status="PASS">
          <reporter-output>
          </reporter-output>
        </test-method> <!-- duplicateTagsValidation -->
        <test-method is-config="true" signature="deleteAfterCatch()[pri:0, instance:org.test.GlobalOrganizationRequest@f0da945]" started-at="2023-05-14T15:26:49 IST" name="deleteAfterCatch" finished-at="2023-05-14T15:26:49 IST" duration-ms="21" status="PASS">
          <reporter-output>
          </reporter-output>
        </test-method> <!-- deleteAfterCatch -->
        <test-method is-config="true" signature="deleteBeforeCatch()[pri:0, instance:org.test.GlobalOrganizationRequest@f0da945]" started-at="2023-05-14T15:26:49 IST" name="deleteBeforeCatch" finished-at="2023-05-14T15:26:49 IST" duration-ms="4" status="PASS">
          <reporter-output>
          </reporter-output>
        </test-method> <!-- deleteBeforeCatch -->
        <test-method signature="maxTagLimitValidation()[pri:11, instance:org.test.GlobalOrganizationRequest@f0da945]" started-at="2023-05-14T15:26:49 IST" name="maxTagLimitValidation" finished-at="2023-05-14T15:27:02 IST" duration-ms="13466" status="PASS">
          <reporter-output>
          </reporter-output>
        </test-method> <!-- maxTagLimitValidation -->
        <test-method is-config="true" signature="deleteAfterCatch()[pri:0, instance:org.test.GlobalOrganizationRequest@f0da945]" started-at="2023-05-14T15:27:02 IST" name="deleteAfterCatch" finished-at="2023-05-14T15:27:02 IST" duration-ms="6" status="PASS">
          <reporter-output>
          </reporter-output>
        </test-method> <!-- deleteAfterCatch -->
        <test-method is-config="true" signature="deleteBeforeCatch()[pri:0, instance:org.test.GlobalOrganizationRequest@f0da945]" started-at="2023-05-14T15:27:02 IST" name="deleteBeforeCatch" finished-at="2023-05-14T15:27:02 IST" duration-ms="5" status="PASS">
          <reporter-output>
          </reporter-output>
        </test-method> <!-- deleteBeforeCatch -->
        <test-method signature="maximumValidationNotes()[pri:12, instance:org.test.GlobalOrganizationRequest@f0da945]" started-at="2023-05-14T15:27:02 IST" name="maximumValidationNotes" finished-at="2023-05-14T15:27:06 IST" duration-ms="4000" status="PASS">
          <reporter-output>
          </reporter-output>
        </test-method> <!-- maximumValidationNotes -->
        <test-method is-config="true" signature="deleteAfterCatch()[pri:0, instance:org.test.GlobalOrganizationRequest@f0da945]" started-at="2023-05-14T15:27:06 IST" name="deleteAfterCatch" finished-at="2023-05-14T15:27:06 IST" duration-ms="7" status="PASS">
          <reporter-output>
          </reporter-output>
        </test-method> <!-- deleteAfterCatch -->
        <test-method is-config="true" signature="deleteBeforeCatch()[pri:0, instance:org.test.GlobalOrganizationRequest@f0da945]" started-at="2023-05-14T15:27:06 IST" name="deleteBeforeCatch" finished-at="2023-05-14T15:27:06 IST" duration-ms="6" status="PASS">
          <reporter-output>
          </reporter-output>
        </test-method> <!-- deleteBeforeCatch -->
        <test-method signature="createButton()[pri:13, instance:org.test.GlobalOrganizationRequest@f0da945]" started-at="2023-05-14T15:27:06 IST" name="createButton" finished-at="2023-05-14T15:27:06 IST" duration-ms="53" status="PASS">
          <reporter-output>
          </reporter-output>
        </test-method> <!-- createButton -->
        <test-method is-config="true" signature="deleteAfterCatch()[pri:0, instance:org.test.GlobalOrganizationRequest@f0da945]" started-at="2023-05-14T15:27:06 IST" name="deleteAfterCatch" finished-at="2023-05-14T15:27:06 IST" duration-ms="4" status="PASS">
          <reporter-output>
          </reporter-output>
        </test-method> <!-- deleteAfterCatch -->
        <test-method is-config="true" signature="deleteBeforeCatch()[pri:0, instance:org.test.GlobalOrganizationRequest@f0da945]" started-at="2023-05-14T15:27:06 IST" name="deleteBeforeCatch" finished-at="2023-05-14T15:27:06 IST" duration-ms="5" status="PASS">
          <reporter-output>
          </reporter-output>
        </test-method> <!-- deleteBeforeCatch -->
        <test-method signature="unsssignedRequest()[pri:14, instance:org.test.GlobalOrganizationRequest@f0da945]" started-at="2023-05-14T15:27:06 IST" name="unsssignedRequest" finished-at="2023-05-14T15:28:04 IST" duration-ms="57498" status="PASS">
          <reporter-output>
          </reporter-output>
        </test-method> <!-- unsssignedRequest -->
        <test-method is-config="true" signature="deleteAfterCatch()[pri:0, instance:org.test.GlobalOrganizationRequest@f0da945]" started-at="2023-05-14T15:28:04 IST" name="deleteAfterCatch" finished-at="2023-05-14T15:28:04 IST" duration-ms="85" status="PASS">
          <reporter-output>
          </reporter-output>
        </test-method> <!-- deleteAfterCatch -->
        <test-method is-config="true" signature="deleteBeforeCatch()[pri:0, instance:org.test.GlobalOrganizationRequest@f0da945]" started-at="2023-05-14T15:28:04 IST" name="deleteBeforeCatch" finished-at="2023-05-14T15:28:04 IST" duration-ms="37" status="PASS">
          <reporter-output>
          </reporter-output>
        </test-method> <!-- deleteBeforeCatch -->
        <test-method signature="requestUnassignedStatus()[pri:15, instance:org.test.GlobalOrganizationRequest@f0da945]" started-at="2023-05-14T15:28:04 IST" name="requestUnassignedStatus" finished-at="2023-05-14T15:28:04 IST" duration-ms="219" status="PASS">
          <reporter-output>
          </reporter-output>
        </test-method> <!-- requestUnassignedStatus -->
        <test-method is-config="true" signature="deleteAfterCatch()[pri:0, instance:org.test.GlobalOrganizationRequest@f0da945]" started-at="2023-05-14T15:28:04 IST" name="deleteAfterCatch" finished-at="2023-05-14T15:28:04 IST" duration-ms="5" status="PASS">
          <reporter-output>
          </reporter-output>
        </test-method> <!-- deleteAfterCatch -->
        <test-method is-config="true" signature="deleteBeforeCatch()[pri:0, instance:org.test.GlobalOrganizationRequest@f0da945]" started-at="2023-05-14T15:28:04 IST" name="deleteBeforeCatch" finished-at="2023-05-14T15:28:04 IST" duration-ms="4" status="PASS">
          <reporter-output>
          </reporter-output>
        </test-method> <!-- deleteBeforeCatch -->
        <test-method signature="labelEditValidation()[pri:16, instance:org.test.GlobalOrganizationRequest@f0da945]" started-at="2023-05-14T15:28:04 IST" name="labelEditValidation" finished-at="2023-05-14T15:28:33 IST" duration-ms="29294" status="PASS">
          <reporter-output>
          </reporter-output>
        </test-method> <!-- labelEditValidation -->
        <test-method is-config="true" signature="deleteAfterCatch()[pri:0, instance:org.test.GlobalOrganizationRequest@f0da945]" started-at="2023-05-14T15:28:33 IST" name="deleteAfterCatch" finished-at="2023-05-14T15:28:33 IST" duration-ms="14" status="PASS">
          <reporter-output>
          </reporter-output>
        </test-method> <!-- deleteAfterCatch -->
        <test-method is-config="true" signature="deleteBeforeCatch()[pri:0, instance:org.test.GlobalOrganizationRequest@f0da945]" started-at="2023-05-14T15:28:33 IST" name="deleteBeforeCatch" finished-at="2023-05-14T15:28:33 IST" duration-ms="5" status="PASS">
          <reporter-output>
          </reporter-output>
        </test-method> <!-- deleteBeforeCatch -->
        <test-method signature="editmandatoryValidationLocation()[pri:17, instance:org.test.GlobalOrganizationRequest@f0da945]" started-at="2023-05-14T15:28:33 IST" name="editmandatoryValidationLocation" finished-at="2023-05-14T15:28:33 IST" duration-ms="55" status="PASS">
          <reporter-output>
          </reporter-output>
        </test-method> <!-- editmandatoryValidationLocation -->
        <test-method is-config="true" signature="deleteAfterCatch()[pri:0, instance:org.test.GlobalOrganizationRequest@f0da945]" started-at="2023-05-14T15:28:33 IST" name="deleteAfterCatch" finished-at="2023-05-14T15:28:33 IST" duration-ms="4" status="PASS">
          <reporter-output>
          </reporter-output>
        </test-method> <!-- deleteAfterCatch -->
        <test-method is-config="true" signature="deleteBeforeCatch()[pri:0, instance:org.test.GlobalOrganizationRequest@f0da945]" started-at="2023-05-14T15:28:33 IST" name="deleteBeforeCatch" finished-at="2023-05-14T15:28:33 IST" duration-ms="4" status="PASS">
          <reporter-output>
          </reporter-output>
        </test-method> <!-- deleteBeforeCatch -->
        <test-method signature="editmaximumValidationLocation()[pri:18, instance:org.test.GlobalOrganizationRequest@f0da945]" started-at="2023-05-14T15:28:33 IST" name="editmaximumValidationLocation" finished-at="2023-05-14T15:28:38 IST" duration-ms="4837" status="PASS">
          <reporter-output>
          </reporter-output>
        </test-method> <!-- editmaximumValidationLocation -->
        <test-method is-config="true" signature="deleteAfterCatch()[pri:0, instance:org.test.GlobalOrganizationRequest@f0da945]" started-at="2023-05-14T15:28:38 IST" name="deleteAfterCatch" finished-at="2023-05-14T15:28:38 IST" duration-ms="5" status="PASS">
          <reporter-output>
          </reporter-output>
        </test-method> <!-- deleteAfterCatch -->
        <test-method is-config="true" signature="deleteBeforeCatch()[pri:0, instance:org.test.GlobalOrganizationRequest@f0da945]" started-at="2023-05-14T15:28:38 IST" name="deleteBeforeCatch" finished-at="2023-05-14T15:28:38 IST" duration-ms="4" status="PASS">
          <reporter-output>
          </reporter-output>
        </test-method> <!-- deleteBeforeCatch -->
        <test-method signature="editmaximumValidationTittle()[pri:19, instance:org.test.GlobalOrganizationRequest@f0da945]" started-at="2023-05-14T15:28:38 IST" name="editmaximumValidationTittle" finished-at="2023-05-14T15:28:39 IST" duration-ms="697" status="PASS">
          <reporter-output>
          </reporter-output>
        </test-method> <!-- editmaximumValidationTittle -->
        <test-method is-config="true" signature="deleteAfterCatch()[pri:0, instance:org.test.GlobalOrganizationRequest@f0da945]" started-at="2023-05-14T15:28:39 IST" name="deleteAfterCatch" finished-at="2023-05-14T15:28:39 IST" duration-ms="6" status="PASS">
          <reporter-output>
          </reporter-output>
        </test-method> <!-- deleteAfterCatch -->
        <test-method is-config="true" signature="deleteBeforeCatch()[pri:0, instance:org.test.GlobalOrganizationRequest@f0da945]" started-at="2023-05-14T15:28:39 IST" name="deleteBeforeCatch" finished-at="2023-05-14T15:28:39 IST" duration-ms="5" status="PASS">
          <reporter-output>
          </reporter-output>
        </test-method> <!-- deleteBeforeCatch -->
        <test-method signature="editmandatoryValidationDescription()[pri:20, instance:org.test.GlobalOrganizationRequest@f0da945]" started-at="2023-05-14T15:28:39 IST" name="editmandatoryValidationDescription" finished-at="2023-05-14T15:28:39 IST" duration-ms="53" status="PASS">
          <reporter-output>
          </reporter-output>
        </test-method> <!-- editmandatoryValidationDescription -->
        <test-method is-config="true" signature="deleteAfterCatch()[pri:0, instance:org.test.GlobalOrganizationRequest@f0da945]" started-at="2023-05-14T15:28:39 IST" name="deleteAfterCatch" finished-at="2023-05-14T15:28:39 IST" duration-ms="6" status="PASS">
          <reporter-output>
          </reporter-output>
        </test-method> <!-- deleteAfterCatch -->
        <test-method is-config="true" signature="deleteBeforeCatch()[pri:0, instance:org.test.GlobalOrganizationRequest@f0da945]" started-at="2023-05-14T15:28:39 IST" name="deleteBeforeCatch" finished-at="2023-05-14T15:28:39 IST" duration-ms="4" status="PASS">
          <reporter-output>
          </reporter-output>
        </test-method> <!-- deleteBeforeCatch -->
        <test-method signature="editmaximumValidationDescription()[pri:21, instance:org.test.GlobalOrganizationRequest@f0da945]" started-at="2023-05-14T15:28:39 IST" name="editmaximumValidationDescription" finished-at="2023-05-14T15:28:43 IST" duration-ms="3873" status="PASS">
          <reporter-output>
          </reporter-output>
        </test-method> <!-- editmaximumValidationDescription -->
        <test-method is-config="true" signature="deleteAfterCatch()[pri:0, instance:org.test.GlobalOrganizationRequest@f0da945]" started-at="2023-05-14T15:28:43 IST" name="deleteAfterCatch" finished-at="2023-05-14T15:28:43 IST" duration-ms="5" status="PASS">
          <reporter-output>
          </reporter-output>
        </test-method> <!-- deleteAfterCatch -->
        <test-method is-config="true" signature="deleteBeforeCatch()[pri:0, instance:org.test.GlobalOrganizationRequest@f0da945]" started-at="2023-05-14T15:28:43 IST" name="deleteBeforeCatch" finished-at="2023-05-14T15:28:43 IST" duration-ms="4" status="PASS">
          <reporter-output>
          </reporter-output>
        </test-method> <!-- deleteBeforeCatch -->
        <test-method signature="editmaximumTagValidation()[pri:22, instance:org.test.GlobalOrganizationRequest@f0da945]" started-at="2023-05-14T15:28:43 IST" name="editmaximumTagValidation" finished-at="2023-05-14T15:28:44 IST" duration-ms="643" status="PASS">
          <reporter-output>
          </reporter-output>
        </test-method> <!-- editmaximumTagValidation -->
        <test-method is-config="true" signature="deleteAfterCatch()[pri:0, instance:org.test.GlobalOrganizationRequest@f0da945]" started-at="2023-05-14T15:28:44 IST" name="deleteAfterCatch" finished-at="2023-05-14T15:28:44 IST" duration-ms="5" status="PASS">
          <reporter-output>
          </reporter-output>
        </test-method> <!-- deleteAfterCatch -->
        <test-method is-config="true" signature="deleteBeforeCatch()[pri:0, instance:org.test.GlobalOrganizationRequest@f0da945]" started-at="2023-05-14T15:28:44 IST" name="deleteBeforeCatch" finished-at="2023-05-14T15:28:44 IST" duration-ms="5" status="PASS">
          <reporter-output>
          </reporter-output>
        </test-method> <!-- deleteBeforeCatch -->
        <test-method signature="editduplicateTagsValidation()[pri:23, instance:org.test.GlobalOrganizationRequest@f0da945]" started-at="2023-05-14T15:28:44 IST" name="editduplicateTagsValidation" finished-at="2023-05-14T15:28:44 IST" duration-ms="370" status="PASS">
          <reporter-output>
          </reporter-output>
        </test-method> <!-- editduplicateTagsValidation -->
        <test-method is-config="true" signature="deleteAfterCatch()[pri:0, instance:org.test.GlobalOrganizationRequest@f0da945]" started-at="2023-05-14T15:28:44 IST" name="deleteAfterCatch" finished-at="2023-05-14T15:28:44 IST" duration-ms="6" status="PASS">
          <reporter-output>
          </reporter-output>
        </test-method> <!-- deleteAfterCatch -->
        <test-method is-config="true" signature="deleteBeforeCatch()[pri:0, instance:org.test.GlobalOrganizationRequest@f0da945]" started-at="2023-05-14T15:28:44 IST" name="deleteBeforeCatch" finished-at="2023-05-14T15:28:44 IST" duration-ms="6" status="PASS">
          <reporter-output>
          </reporter-output>
        </test-method> <!-- deleteBeforeCatch -->
        <test-method signature="editmaxTagLimitValidation()[pri:24, instance:org.test.GlobalOrganizationRequest@f0da945]" started-at="2023-05-14T15:28:44 IST" name="editmaxTagLimitValidation" finished-at="2023-05-14T15:28:57 IST" duration-ms="13210" status="PASS">
          <reporter-output>
          </reporter-output>
        </test-method> <!-- editmaxTagLimitValidation -->
        <test-method is-config="true" signature="deleteAfterCatch()[pri:0, instance:org.test.GlobalOrganizationRequest@f0da945]" started-at="2023-05-14T15:28:57 IST" name="deleteAfterCatch" finished-at="2023-05-14T15:28:57 IST" duration-ms="5" status="PASS">
          <reporter-output>
          </reporter-output>
        </test-method> <!-- deleteAfterCatch -->
        <test-method is-config="true" signature="deleteBeforeCatch()[pri:0, instance:org.test.GlobalOrganizationRequest@f0da945]" started-at="2023-05-14T15:28:57 IST" name="deleteBeforeCatch" finished-at="2023-05-14T15:28:57 IST" duration-ms="5" status="PASS">
          <reporter-output>
          </reporter-output>
        </test-method> <!-- deleteBeforeCatch -->
        <test-method signature="editmaximumValidationNotes()[pri:25, instance:org.test.GlobalOrganizationRequest@f0da945]" started-at="2023-05-14T15:28:57 IST" name="editmaximumValidationNotes" finished-at="2023-05-14T15:29:01 IST" duration-ms="3929" status="PASS">
          <reporter-output>
          </reporter-output>
        </test-method> <!-- editmaximumValidationNotes -->
        <test-method is-config="true" signature="deleteAfterCatch()[pri:0, instance:org.test.GlobalOrganizationRequest@f0da945]" started-at="2023-05-14T15:29:01 IST" name="deleteAfterCatch" finished-at="2023-05-14T15:29:01 IST" duration-ms="6" status="PASS">
          <reporter-output>
          </reporter-output>
        </test-method> <!-- deleteAfterCatch -->
        <test-method is-config="true" signature="deleteBeforeCatch()[pri:0, instance:org.test.GlobalOrganizationRequest@f0da945]" started-at="2023-05-14T15:29:01 IST" name="deleteBeforeCatch" finished-at="2023-05-14T15:29:01 IST" duration-ms="5" status="PASS">
          <reporter-output>
          </reporter-output>
        </test-method> <!-- deleteBeforeCatch -->
        <test-method signature="updateButton()[pri:26, instance:org.test.GlobalOrganizationRequest@f0da945]" started-at="2023-05-14T15:29:01 IST" name="updateButton" finished-at="2023-05-14T15:29:01 IST" duration-ms="49" status="PASS">
          <reporter-output>
          </reporter-output>
        </test-method> <!-- updateButton -->
        <test-method is-config="true" signature="deleteAfterCatch()[pri:0, instance:org.test.GlobalOrganizationRequest@f0da945]" started-at="2023-05-14T15:29:01 IST" name="deleteAfterCatch" finished-at="2023-05-14T15:29:01 IST" duration-ms="4" status="PASS">
          <reporter-output>
          </reporter-output>
        </test-method> <!-- deleteAfterCatch -->
        <test-method is-config="true" signature="deleteBeforeCatch()[pri:0, instance:org.test.GlobalOrganizationRequest@f0da945]" started-at="2023-05-14T15:29:01 IST" name="deleteBeforeCatch" finished-at="2023-05-14T15:29:01 IST" duration-ms="5" status="PASS">
          <reporter-output>
          </reporter-output>
        </test-method> <!-- deleteBeforeCatch -->
        <test-method signature="updatedRequest()[pri:27, instance:org.test.GlobalOrganizationRequest@f0da945]" started-at="2023-05-14T15:29:01 IST" name="updatedRequest" finished-at="2023-05-14T15:29:13 IST" duration-ms="12095" status="PASS">
          <reporter-output>
          </reporter-output>
        </test-method> <!-- updatedRequest -->
        <test-method is-config="true" signature="deleteAfterCatch()[pri:0, instance:org.test.GlobalOrganizationRequest@f0da945]" started-at="2023-05-14T15:29:13 IST" name="deleteAfterCatch" finished-at="2023-05-14T15:29:13 IST" duration-ms="8" status="PASS">
          <reporter-output>
          </reporter-output>
        </test-method> <!-- deleteAfterCatch -->
        <test-method is-config="true" signature="deleteBeforeCatch()[pri:0, instance:org.test.GlobalOrganizationRequest@f0da945]" started-at="2023-05-14T15:29:13 IST" name="deleteBeforeCatch" finished-at="2023-05-14T15:29:13 IST" duration-ms="7" status="PASS">
          <reporter-output>
          </reporter-output>
        </test-method> <!-- deleteBeforeCatch -->
        <test-method signature="createRequest_FromDateandTime_ToDateandTime()[pri:28, instance:org.test.GlobalOrganizationRequest@f0da945]" started-at="2023-05-14T15:29:13 IST" name="createRequest_FromDateandTime_ToDateandTime" finished-at="2023-05-14T15:30:02 IST" duration-ms="48934" status="PASS">
          <reporter-output>
          </reporter-output>
        </test-method> <!-- createRequest_FromDateandTime_ToDateandTime -->
        <test-method is-config="true" signature="deleteAfterCatch()[pri:0, instance:org.test.GlobalOrganizationRequest@f0da945]" started-at="2023-05-14T15:30:02 IST" name="deleteAfterCatch" finished-at="2023-05-14T15:30:02 IST" duration-ms="7" status="PASS">
          <reporter-output>
          </reporter-output>
        </test-method> <!-- deleteAfterCatch -->
        <test-method is-config="true" signature="deleteBeforeCatch()[pri:0, instance:org.test.GlobalOrganizationRequest@f0da945]" started-at="2023-05-14T15:30:02 IST" name="deleteBeforeCatch" finished-at="2023-05-14T15:30:02 IST" duration-ms="4" status="PASS">
          <reporter-output>
          </reporter-output>
        </test-method> <!-- deleteBeforeCatch -->
        <test-method signature="requestScheduleStatus()[pri:29, instance:org.test.GlobalOrganizationRequest@f0da945]" started-at="2023-05-14T15:30:02 IST" name="requestScheduleStatus" finished-at="2023-05-14T15:30:02 IST" duration-ms="91" status="PASS">
          <reporter-output>
          </reporter-output>
        </test-method> <!-- requestScheduleStatus -->
        <test-method is-config="true" signature="deleteAfterCatch()[pri:0, instance:org.test.GlobalOrganizationRequest@f0da945]" started-at="2023-05-14T15:30:02 IST" name="deleteAfterCatch" finished-at="2023-05-14T15:30:02 IST" duration-ms="5" status="PASS">
          <reporter-output>
          </reporter-output>
        </test-method> <!-- deleteAfterCatch -->
        <test-method is-config="true" signature="deleteBeforeCatch()[pri:0, instance:org.test.GlobalOrganizationRequest@f0da945]" started-at="2023-05-14T15:30:02 IST" name="deleteBeforeCatch" finished-at="2023-05-14T15:30:02 IST" duration-ms="4" status="PASS">
          <reporter-output>
          </reporter-output>
        </test-method> <!-- deleteBeforeCatch -->
        <test-method signature="dispatchedRequest()[pri:30, instance:org.test.GlobalOrganizationRequest@f0da945]" started-at="2023-05-14T15:30:02 IST" name="dispatchedRequest" finished-at="2023-05-14T15:30:43 IST" duration-ms="40973" status="PASS">
          <reporter-output>
          </reporter-output>
        </test-method> <!-- dispatchedRequest -->
        <test-method is-config="true" signature="deleteAfterCatch()[pri:0, instance:org.test.GlobalOrganizationRequest@f0da945]" started-at="2023-05-14T15:30:43 IST" name="deleteAfterCatch" finished-at="2023-05-14T15:30:43 IST" duration-ms="6" status="PASS">
          <reporter-output>
          </reporter-output>
        </test-method> <!-- deleteAfterCatch -->
        <test-method is-config="true" signature="deleteBeforeCatch()[pri:0, instance:org.test.GlobalOrganizationRequest@f0da945]" started-at="2023-05-14T15:30:43 IST" name="deleteBeforeCatch" finished-at="2023-05-14T15:30:43 IST" duration-ms="8" status="PASS">
          <reporter-output>
          </reporter-output>
        </test-method> <!-- deleteBeforeCatch -->
        <test-method signature="requestDispatchedStatus()[pri:31, instance:org.test.GlobalOrganizationRequest@f0da945]" started-at="2023-05-14T15:30:43 IST" name="requestDispatchedStatus" finished-at="2023-05-14T15:30:47 IST" duration-ms="3402" status="PASS">
          <reporter-output>
          </reporter-output>
        </test-method> <!-- requestDispatchedStatus -->
        <test-method is-config="true" signature="deleteAfterCatch()[pri:0, instance:org.test.GlobalOrganizationRequest@f0da945]" started-at="2023-05-14T15:30:47 IST" name="deleteAfterCatch" finished-at="2023-05-14T15:30:47 IST" duration-ms="5" status="PASS">
          <reporter-output>
          </reporter-output>
        </test-method> <!-- deleteAfterCatch -->
        <test-method is-config="true" signature="deleteBeforeCatch()[pri:0, instance:org.test.GlobalOrganizationRequest@f0da945]" started-at="2023-05-14T15:30:47 IST" name="deleteBeforeCatch" finished-at="2023-05-14T15:30:47 IST" duration-ms="5" status="PASS">
          <reporter-output>
          </reporter-output>
        </test-method> <!-- deleteBeforeCatch -->
        <test-method signature="startedRequest()[pri:32, instance:org.test.GlobalOrganizationRequest@f0da945]" started-at="2023-05-14T15:30:47 IST" name="startedRequest" finished-at="2023-05-14T15:31:27 IST" duration-ms="40359" status="PASS">
          <reporter-output>
          </reporter-output>
        </test-method> <!-- startedRequest -->
        <test-method is-config="true" signature="deleteAfterCatch()[pri:0, instance:org.test.GlobalOrganizationRequest@f0da945]" started-at="2023-05-14T15:31:27 IST" name="deleteAfterCatch" finished-at="2023-05-14T15:31:27 IST" duration-ms="7" status="PASS">
          <reporter-output>
          </reporter-output>
        </test-method> <!-- deleteAfterCatch -->
        <test-method is-config="true" signature="deleteBeforeCatch()[pri:0, instance:org.test.GlobalOrganizationRequest@f0da945]" started-at="2023-05-14T15:31:27 IST" name="deleteBeforeCatch" finished-at="2023-05-14T15:31:27 IST" duration-ms="6" status="PASS">
          <reporter-output>
          </reporter-output>
        </test-method> <!-- deleteBeforeCatch -->
        <test-method signature="requestStartedStatus()[pri:33, instance:org.test.GlobalOrganizationRequest@f0da945]" started-at="2023-05-14T15:31:27 IST" name="requestStartedStatus" finished-at="2023-05-14T15:31:33 IST" duration-ms="6061" status="PASS">
          <reporter-output>
          </reporter-output>
        </test-method> <!-- requestStartedStatus -->
        <test-method is-config="true" signature="deleteAfterCatch()[pri:0, instance:org.test.GlobalOrganizationRequest@f0da945]" started-at="2023-05-14T15:31:33 IST" name="deleteAfterCatch" finished-at="2023-05-14T15:31:33 IST" duration-ms="5" status="PASS">
          <reporter-output>
          </reporter-output>
        </test-method> <!-- deleteAfterCatch -->
        <test-method is-config="true" signature="deleteBeforeCatch()[pri:0, instance:org.test.GlobalOrganizationRequest@f0da945]" started-at="2023-05-14T15:31:33 IST" name="deleteBeforeCatch" finished-at="2023-05-14T15:31:33 IST" duration-ms="4" status="PASS">
          <reporter-output>
          </reporter-output>
        </test-method> <!-- deleteBeforeCatch -->
        <test-method signature="completedRequest()[pri:34, instance:org.test.GlobalOrganizationRequest@f0da945]" started-at="2023-05-14T15:31:33 IST" name="completedRequest" finished-at="2023-05-14T15:32:13 IST" duration-ms="39889" status="PASS">
          <reporter-output>
          </reporter-output>
        </test-method> <!-- completedRequest -->
        <test-method is-config="true" signature="deleteAfterCatch()[pri:0, instance:org.test.GlobalOrganizationRequest@f0da945]" started-at="2023-05-14T15:32:13 IST" name="deleteAfterCatch" finished-at="2023-05-14T15:32:13 IST" duration-ms="7" status="PASS">
          <reporter-output>
          </reporter-output>
        </test-method> <!-- deleteAfterCatch -->
        <test-method is-config="true" signature="deleteBeforeCatch()[pri:0, instance:org.test.GlobalOrganizationRequest@f0da945]" started-at="2023-05-14T15:32:13 IST" name="deleteBeforeCatch" finished-at="2023-05-14T15:32:13 IST" duration-ms="5" status="PASS">
          <reporter-output>
          </reporter-output>
        </test-method> <!-- deleteBeforeCatch -->
        <test-method signature="requestCompleteStatus()[pri:35, instance:org.test.GlobalOrganizationRequest@f0da945]" started-at="2023-05-14T15:32:13 IST" name="requestCompleteStatus" finished-at="2023-05-14T15:32:20 IST" duration-ms="6590" status="PASS">
          <reporter-output>
          </reporter-output>
        </test-method> <!-- requestCompleteStatus -->
        <test-method is-config="true" signature="deleteAfterCatch()[pri:0, instance:org.test.GlobalOrganizationRequest@f0da945]" started-at="2023-05-14T15:32:20 IST" name="deleteAfterCatch" finished-at="2023-05-14T15:32:20 IST" duration-ms="5" status="PASS">
          <reporter-output>
          </reporter-output>
        </test-method> <!-- deleteAfterCatch -->
        <test-method is-config="true" signature="deleteBeforeCatch()[pri:0, instance:org.test.GlobalOrganizationRequest@f0da945]" started-at="2023-05-14T15:32:20 IST" name="deleteBeforeCatch" finished-at="2023-05-14T15:32:20 IST" duration-ms="5" status="PASS">
          <reporter-output>
          </reporter-output>
        </test-method> <!-- deleteBeforeCatch -->
        <test-method signature="cancelledRequest()[pri:36, instance:org.test.GlobalOrganizationRequest@f0da945]" started-at="2023-05-14T15:32:20 IST" name="cancelledRequest" finished-at="2023-05-14T15:33:07 IST" duration-ms="46901" status="PASS">
          <reporter-output>
          </reporter-output>
        </test-method> <!-- cancelledRequest -->
        <test-method is-config="true" signature="deleteAfterCatch()[pri:0, instance:org.test.GlobalOrganizationRequest@f0da945]" started-at="2023-05-14T15:33:07 IST" name="deleteAfterCatch" finished-at="2023-05-14T15:33:07 IST" duration-ms="56" status="PASS">
          <reporter-output>
          </reporter-output>
        </test-method> <!-- deleteAfterCatch -->
        <test-method is-config="true" signature="deleteBeforeCatch()[pri:0, instance:org.test.GlobalOrganizationRequest@f0da945]" started-at="2023-05-14T15:33:07 IST" name="deleteBeforeCatch" finished-at="2023-05-14T15:33:07 IST" duration-ms="39" status="PASS">
          <reporter-output>
          </reporter-output>
        </test-method> <!-- deleteBeforeCatch -->
        <test-method signature="requestCancelledStatus()[pri:37, instance:org.test.GlobalOrganizationRequest@f0da945]" started-at="2023-05-14T15:33:07 IST" name="requestCancelledStatus" finished-at="2023-05-14T15:33:08 IST" duration-ms="1182" status="PASS">
          <reporter-output>
          </reporter-output>
        </test-method> <!-- requestCancelledStatus -->
        <test-method is-config="true" signature="deleteAfterCatch()[pri:0, instance:org.test.GlobalOrganizationRequest@f0da945]" started-at="2023-05-14T15:33:08 IST" name="deleteAfterCatch" finished-at="2023-05-14T15:33:08 IST" duration-ms="5" status="PASS">
          <reporter-output>
          </reporter-output>
        </test-method> <!-- deleteAfterCatch -->
        <test-method is-config="true" signature="deleteBeforeCatch()[pri:0, instance:org.test.GlobalOrganizationRequest@f0da945]" started-at="2023-05-14T15:33:08 IST" name="deleteBeforeCatch" finished-at="2023-05-14T15:33:08 IST" duration-ms="4" status="PASS">
          <reporter-output>
          </reporter-output>
        </test-method> <!-- deleteBeforeCatch -->
        <test-method signature="searchCustomerName()[pri:38, instance:org.test.GlobalOrganizationRequest@f0da945]" started-at="2023-05-14T15:33:08 IST" name="searchCustomerName" finished-at="2023-05-14T15:33:16 IST" duration-ms="7867" status="PASS">
          <reporter-output>
          </reporter-output>
        </test-method> <!-- searchCustomerName -->
        <test-method is-config="true" signature="deleteAfterCatch()[pri:0, instance:org.test.GlobalOrganizationRequest@f0da945]" started-at="2023-05-14T15:33:16 IST" name="deleteAfterCatch" finished-at="2023-05-14T15:33:16 IST" duration-ms="5" status="PASS">
          <reporter-output>
          </reporter-output>
        </test-method> <!-- deleteAfterCatch -->
        <test-method is-config="true" signature="deleteBeforeCatch()[pri:0, instance:org.test.GlobalOrganizationRequest@f0da945]" started-at="2023-05-14T15:33:16 IST" name="deleteBeforeCatch" finished-at="2023-05-14T15:33:16 IST" duration-ms="4" status="PASS">
          <reporter-output>
          </reporter-output>
        </test-method> <!-- deleteBeforeCatch -->
        <test-method signature="searchRequestNo()[pri:39, instance:org.test.GlobalOrganizationRequest@f0da945]" started-at="2023-05-14T15:33:16 IST" name="searchRequestNo" finished-at="2023-05-14T15:33:25 IST" duration-ms="9032" status="PASS">
          <reporter-output>
          </reporter-output>
        </test-method> <!-- searchRequestNo -->
        <test-method is-config="true" signature="deleteAfterCatch()[pri:0, instance:org.test.GlobalOrganizationRequest@f0da945]" started-at="2023-05-14T15:33:25 IST" name="deleteAfterCatch" finished-at="2023-05-14T15:33:25 IST" duration-ms="74" status="PASS">
          <reporter-output>
          </reporter-output>
        </test-method> <!-- deleteAfterCatch -->
        <test-method is-config="true" signature="deleteBeforeCatch()[pri:0, instance:org.test.GlobalOrganizationRequest@f0da945]" started-at="2023-05-14T15:33:25 IST" name="deleteBeforeCatch" finished-at="2023-05-14T15:33:25 IST" duration-ms="38" status="PASS">
          <reporter-output>
          </reporter-output>
        </test-method> <!-- deleteBeforeCatch -->
        <test-method signature="searchLocation()[pri:40, instance:org.test.GlobalOrganizationRequest@f0da945]" started-at="2023-05-14T15:33:25 IST" name="searchLocation" finished-at="2023-05-14T15:36:04 IST" duration-ms="159445" status="PASS">
          <reporter-output>
          </reporter-output>
        </test-method> <!-- searchLocation -->
        <test-method is-config="true" signature="deleteAfterCatch()[pri:0, instance:org.test.GlobalOrganizationRequest@f0da945]" started-at="2023-05-14T15:36:04 IST" name="deleteAfterCatch" finished-at="2023-05-14T15:36:04 IST" duration-ms="8" status="PASS">
          <reporter-output>
          </reporter-output>
        </test-method> <!-- deleteAfterCatch -->
        <test-method is-config="true" signature="deleteBeforeCatch()[pri:0, instance:org.test.GlobalOrganizationRequest@f0da945]" started-at="2023-05-14T15:36:04 IST" name="deleteBeforeCatch" finished-at="2023-05-14T15:36:04 IST" duration-ms="5" status="PASS">
          <reporter-output>
          </reporter-output>
        </test-method> <!-- deleteBeforeCatch -->
        <test-method signature="searchFilterByDate()[pri:41, instance:org.test.GlobalOrganizationRequest@f0da945]" started-at="2023-05-14T15:36:04 IST" name="searchFilterByDate" finished-at="2023-05-14T15:36:53 IST" duration-ms="48966" status="PASS">
          <reporter-output>
          </reporter-output>
        </test-method> <!-- searchFilterByDate -->
        <test-method is-config="true" signature="deleteAfterCatch()[pri:0, instance:org.test.GlobalOrganizationRequest@f0da945]" started-at="2023-05-14T15:36:53 IST" name="deleteAfterCatch" finished-at="2023-05-14T15:36:53 IST" duration-ms="51" status="PASS">
          <reporter-output>
          </reporter-output>
        </test-method> <!-- deleteAfterCatch -->
        <test-method is-config="true" signature="deleteBeforeCatch()[pri:0, instance:org.test.GlobalOrganizationRequest@f0da945]" started-at="2023-05-14T15:36:53 IST" name="deleteBeforeCatch" finished-at="2023-05-14T15:36:53 IST" duration-ms="33" status="PASS">
          <reporter-output>
          </reporter-output>
        </test-method> <!-- deleteBeforeCatch -->
        <test-method signature="searchInvalid()[pri:42, instance:org.test.GlobalOrganizationRequest@f0da945]" started-at="2023-05-14T15:36:53 IST" name="searchInvalid" finished-at="2023-05-14T15:36:57 IST" duration-ms="3851" status="PASS">
          <reporter-output>
          </reporter-output>
        </test-method> <!-- searchInvalid -->
        <test-method is-config="true" signature="deleteAfterCatch()[pri:0, instance:org.test.GlobalOrganizationRequest@f0da945]" started-at="2023-05-14T15:36:57 IST" name="deleteAfterCatch" finished-at="2023-05-14T15:36:57 IST" duration-ms="5" status="PASS">
          <reporter-output>
          </reporter-output>
        </test-method> <!-- deleteAfterCatch -->
        <test-method is-config="true" signature="exitBrowser()[pri:0, instance:org.test.GlobalOrganizationRequest@f0da945]" started-at="2023-05-14T15:36:57 IST" name="exitBrowser" finished-at="2023-05-14T15:36:58 IST" duration-ms="588" status="PASS">
          <reporter-output>
          </reporter-output>
        </test-method> <!-- exitBrowser -->
      </class> <!-- org.test.GlobalOrganizationRequest -->
    </test> <!-- Default test -->
  </suite> <!-- Default suite -->
</testng-results>
