<?xml version="1.0" encoding="UTF-8"?>
<testng-results ignored="0" total="13" passed="13" failed="0" skipped="0">
  <reporter-output>
  </reporter-output>
  <suite started-at="2023-01-07T22:55:40 IST" name="Default suite" finished-at="2023-01-07T22:57:02 IST" duration-ms="82013">
    <groups>
    </groups>
    <test started-at="2023-01-07T22:55:40 IST" name="Default test" finished-at="2023-01-07T22:57:02 IST" duration-ms="82013">
      <class name="org.test.CustomerContactJob">
        <test-method is-config="true" signature="setup()[pri:0, instance:org.test.CustomerContactJob@316bcf94]" started-at="2023-01-07T22:55:40 IST" name="setup" finished-at="2023-01-07T22:55:41 IST" duration-ms="1582" status="PASS">
          <reporter-output>
          </reporter-output>
        </test-method> <!-- setup -->
        <test-method signature="loginPage()[pri:0, instance:org.test.CustomerContactJob@316bcf94]" started-at="2023-01-07T22:55:41 IST" name="loginPage" finished-at="2023-01-07T22:56:13 IST" duration-ms="31255" status="PASS">
          <reporter-output>
          </reporter-output>
        </test-method> <!-- loginPage -->
        <test-method signature="contactModule()[pri:1, instance:org.test.CustomerContactJob@316bcf94]" started-at="2023-01-07T22:56:13 IST" name="contactModule" finished-at="2023-01-07T22:56:19 IST" duration-ms="6376" status="PASS">
          <reporter-output>
          </reporter-output>
        </test-method> <!-- contactModule -->
        <test-method signature="CreateContact()[pri:2, instance:org.test.CustomerContactJob@316bcf94]" started-at="2023-01-07T22:56:19 IST" name="CreateContact" finished-at="2023-01-07T22:56:27 IST" duration-ms="8115" status="PASS">
          <reporter-output>
          </reporter-output>
        </test-method> <!-- CreateContact -->
        <test-method signature="labelValidation()[pri:3, instance:org.test.CustomerContactJob@316bcf94]" started-at="2023-01-07T22:56:27 IST" name="labelValidation" finished-at="2023-01-07T22:56:36 IST" duration-ms="8509" status="PASS">
          <reporter-output>
          </reporter-output>
        </test-method> <!-- labelValidation -->
        <test-method signature="maximumValidationLocation()[pri:4, instance:org.test.CustomerContactJob@316bcf94]" started-at="2023-01-07T22:56:36 IST" name="maximumValidationLocation" finished-at="2023-01-07T22:56:42 IST" duration-ms="6790" status="PASS">
          <reporter-output>
          </reporter-output>
        </test-method> <!-- maximumValidationLocation -->
        <test-method signature="mandatoryValidationLocation()[pri:5, instance:org.test.CustomerContactJob@316bcf94]" started-at="2023-01-07T22:56:42 IST" name="mandatoryValidationLocation" finished-at="2023-01-07T22:56:43 IST" duration-ms="893" status="PASS">
          <reporter-output>
          </reporter-output>
        </test-method> <!-- mandatoryValidationLocation -->
        <test-method signature="maximumValidationTittle()[pri:6, instance:org.test.CustomerContactJob@316bcf94]" started-at="2023-01-07T22:56:43 IST" name="maximumValidationTittle" finished-at="2023-01-07T22:56:44 IST" duration-ms="755" status="PASS">
          <reporter-output>
          </reporter-output>
        </test-method> <!-- maximumValidationTittle -->
        <test-method signature="mandatoryValidationDescription()[pri:7, instance:org.test.CustomerContactJob@316bcf94]" started-at="2023-01-07T22:56:44 IST" name="mandatoryValidationDescription" finished-at="2023-01-07T22:56:44 IST" duration-ms="135" status="PASS">
          <reporter-output>
          </reporter-output>
        </test-method> <!-- mandatoryValidationDescription -->
        <test-method signature="maximumValidationDescription()[pri:8, instance:org.test.CustomerContactJob@316bcf94]" started-at="2023-01-07T22:56:44 IST" name="maximumValidationDescription" finished-at="2023-01-07T22:56:48 IST" duration-ms="4152" status="PASS">
          <reporter-output>
          </reporter-output>
        </test-method> <!-- maximumValidationDescription -->
        <test-method signature="maximumTagValidation()[pri:9, instance:org.test.CustomerContactJob@316bcf94]" started-at="2023-01-07T22:56:48 IST" name="maximumTagValidation" finished-at="2023-01-07T22:56:49 IST" duration-ms="744" status="PASS">
          <reporter-output>
          </reporter-output>
        </test-method> <!-- maximumTagValidation -->
        <test-method signature="duplicateTagsValidation()[pri:10, instance:org.test.CustomerContactJob@316bcf94]" started-at="2023-01-07T22:56:49 IST" name="duplicateTagsValidation" finished-at="2023-01-07T22:56:49 IST" duration-ms="458" status="PASS">
          <reporter-output>
          </reporter-output>
        </test-method> <!-- duplicateTagsValidation -->
        <test-method signature="maxTagLimitValidation()[pri:11, instance:org.test.CustomerContactJob@316bcf94]" started-at="2023-01-07T22:56:49 IST" name="maxTagLimitValidation" finished-at="2023-01-07T22:56:57 IST" duration-ms="8006" status="PASS">
          <reporter-output>
          </reporter-output>
        </test-method> <!-- maxTagLimitValidation -->
        <test-method signature="maximumValidationNotes()[pri:12, instance:org.test.CustomerContactJob@316bcf94]" started-at="2023-01-07T22:56:57 IST" name="maximumValidationNotes" finished-at="2023-01-07T22:57:02 IST" duration-ms="4194" status="PASS">
          <reporter-output>
          </reporter-output>
        </test-method> <!-- maximumValidationNotes -->
      </class> <!-- org.test.CustomerContactJob -->
    </test> <!-- Default test -->
  </suite> <!-- Default suite -->
</testng-results>
