<?xml version="1.0" encoding="UTF-8"?>
<testng-results ignored="0" total="24" passed="24" failed="0" skipped="0">
  <reporter-output>
  </reporter-output>
  <suite started-at="2023-01-05T13:05:04 IST" name="Default suite" finished-at="2023-01-05T13:05:42 IST" duration-ms="38482">
    <groups>
    </groups>
    <test started-at="2023-01-05T13:05:04 IST" name="Default test" finished-at="2023-01-05T13:05:42 IST" duration-ms="38482">
      <class name="org.test.OnBoardingModule">
        <test-method is-config="true" signature="setup()[pri:0, instance:org.test.OnBoardingModule@543588e6]" started-at="2023-01-05T13:05:04 IST" name="setup" finished-at="2023-01-05T13:05:05 IST" duration-ms="1551" status="PASS">
          <reporter-output>
          </reporter-output>
        </test-method> <!-- setup -->
        <test-method signature="mandatoryFieldValidation()[pri:1, instance:org.test.OnBoardingModule@543588e6]" started-at="2023-01-05T13:05:05 IST" name="mandatoryFieldValidation" finished-at="2023-01-05T13:05:20 IST" duration-ms="14296" status="PASS">
          <reporter-output>
          </reporter-output>
        </test-method> <!-- mandatoryFieldValidation -->
        <test-method signature="alreadyBussinessNameValidation()[pri:2, instance:org.test.OnBoardingModule@543588e6]" started-at="2023-01-05T13:05:20 IST" name="alreadyBussinessNameValidation" finished-at="2023-01-05T13:05:21 IST" duration-ms="1453" status="PASS">
          <reporter-output>
          </reporter-output>
        </test-method> <!-- alreadyBussinessNameValidation -->
        <test-method signature="maximumValidationBussinessName()[pri:3, instance:org.test.OnBoardingModule@543588e6]" started-at="2023-01-05T13:05:21 IST" name="maximumValidationBussinessName" finished-at="2023-01-05T13:05:22 IST" duration-ms="665" status="PASS">
          <reporter-output>
          </reporter-output>
        </test-method> <!-- maximumValidationBussinessName -->
        <test-method signature="maximumValidationBussinessWebSite()[pri:4, instance:org.test.OnBoardingModule@543588e6]" started-at="2023-01-05T13:05:22 IST" name="maximumValidationBussinessWebSite" finished-at="2023-01-05T13:05:25 IST" duration-ms="3145" status="PASS">
          <reporter-output>
          </reporter-output>
        </test-method> <!-- maximumValidationBussinessWebSite -->
        <test-method signature="maximumValidationFirstName()[pri:5, instance:org.test.OnBoardingModule@543588e6]" started-at="2023-01-05T13:05:25 IST" name="maximumValidationFirstName" finished-at="2023-01-05T13:05:26 IST" duration-ms="780" status="PASS">
          <reporter-output>
          </reporter-output>
        </test-method> <!-- maximumValidationFirstName -->
        <test-method signature="maximumValidationLastName()[pri:6, instance:org.test.OnBoardingModule@543588e6]" started-at="2023-01-05T13:05:26 IST" name="maximumValidationLastName" finished-at="2023-01-05T13:05:27 IST" duration-ms="765" status="PASS">
          <reporter-output>
          </reporter-output>
        </test-method> <!-- maximumValidationLastName -->
        <test-method signature="maximumValidationEmail()[pri:7, instance:org.test.OnBoardingModule@543588e6]" started-at="2023-01-05T13:05:27 IST" name="maximumValidationEmail" finished-at="2023-01-05T13:05:27 IST" duration-ms="808" status="PASS">
          <reporter-output>
          </reporter-output>
        </test-method> <!-- maximumValidationEmail -->
        <test-method signature="validateEmailFormat()[pri:8, instance:org.test.OnBoardingModule@543588e6]" started-at="2023-01-05T13:05:27 IST" name="validateEmailFormat" finished-at="2023-01-05T13:05:29 IST" duration-ms="1375" status="PASS">
          <reporter-output>
          </reporter-output>
        </test-method> <!-- validateEmailFormat -->
        <test-method signature="existingEmailValidation()[pri:9, instance:org.test.OnBoardingModule@543588e6]" started-at="2023-01-05T13:05:29 IST" name="existingEmailValidation" finished-at="2023-01-05T13:05:30 IST" duration-ms="1239" status="PASS">
          <reporter-output>
          </reporter-output>
        </test-method> <!-- existingEmailValidation -->
        <test-method signature="correctValidationEmail()[pri:10, instance:org.test.OnBoardingModule@543588e6]" started-at="2023-01-05T13:05:30 IST" name="correctValidationEmail" finished-at="2023-01-05T13:05:31 IST" duration-ms="1389" status="PASS">
          <reporter-output>
          </reporter-output>
        </test-method> <!-- correctValidationEmail -->
        <test-method signature="validateRadioButtonClickable()[pri:11, instance:org.test.OnBoardingModule@543588e6]" started-at="2023-01-05T13:05:31 IST" name="validateRadioButtonClickable" finished-at="2023-01-05T13:05:35 IST" duration-ms="3147" status="PASS">
          <reporter-output>
          </reporter-output>
        </test-method> <!-- validateRadioButtonClickable -->
        <test-method signature="industryTypeFieldPresent()[pri:12, instance:org.test.OnBoardingModule@543588e6]" started-at="2023-01-05T13:05:35 IST" name="industryTypeFieldPresent" finished-at="2023-01-05T13:05:35 IST" duration-ms="208" status="PASS">
          <reporter-output>
          </reporter-output>
        </test-method> <!-- industryTypeFieldPresent -->
        <test-method signature="maximumValidationIndustryField()[pri:13, instance:org.test.OnBoardingModule@543588e6]" started-at="2023-01-05T13:05:35 IST" name="maximumValidationIndustryField" finished-at="2023-01-05T13:05:35 IST" duration-ms="781" status="PASS">
          <reporter-output>
          </reporter-output>
        </test-method> <!-- maximumValidationIndustryField -->
        <test-method signature="sizeCompanyValidation()[pri:14, instance:org.test.OnBoardingModule@543588e6]" started-at="2023-01-05T13:05:35 IST" name="sizeCompanyValidation" finished-at="2023-01-05T13:05:36 IST" duration-ms="842" status="PASS">
          <reporter-output>
          </reporter-output>
        </test-method> <!-- sizeCompanyValidation -->
        <test-method signature="validationRadioButtonIntrested()[pri:15, instance:org.test.OnBoardingModule@543588e6]" started-at="2023-01-05T13:05:36 IST" name="validationRadioButtonIntrested" finished-at="2023-01-05T13:05:37 IST" duration-ms="1135" status="PASS">
          <reporter-output>
          </reporter-output>
        </test-method> <!-- validationRadioButtonIntrested -->
        <test-method signature="mandatoryValidationLocation()[pri:16, instance:org.test.OnBoardingModule@543588e6]" started-at="2023-01-05T13:05:37 IST" name="mandatoryValidationLocation" finished-at="2023-01-05T13:05:38 IST" duration-ms="777" status="PASS">
          <reporter-output>
          </reporter-output>
        </test-method> <!-- mandatoryValidationLocation -->
        <test-method signature="maximumValidationLocation()[pri:16, instance:org.test.OnBoardingModule@543588e6]" started-at="2023-01-05T13:05:38 IST" name="maximumValidationLocation" finished-at="2023-01-05T13:05:40 IST" duration-ms="1687" status="PASS">
          <reporter-output>
          </reporter-output>
        </test-method> <!-- maximumValidationLocation -->
        <test-method signature="passwordMandatoryField()[pri:17, instance:org.test.OnBoardingModule@543588e6]" started-at="2023-01-05T13:05:40 IST" name="passwordMandatoryField" finished-at="2023-01-05T13:05:40 IST" duration-ms="252" status="PASS">
          <reporter-output>
          </reporter-output>
        </test-method> <!-- passwordMandatoryField -->
        <test-method signature="minValidationPassword()[pri:18, instance:org.test.OnBoardingModule@543588e6]" started-at="2023-01-05T13:05:40 IST" name="minValidationPassword" finished-at="2023-01-05T13:05:40 IST" duration-ms="159" status="PASS">
          <reporter-output>
          </reporter-output>
        </test-method> <!-- minValidationPassword -->
        <test-method signature="minValidationConfirmPassword()[pri:19, instance:org.test.OnBoardingModule@543588e6]" started-at="2023-01-05T13:05:40 IST" name="minValidationConfirmPassword" finished-at="2023-01-05T13:05:41 IST" duration-ms="170" status="PASS">
          <reporter-output>
          </reporter-output>
        </test-method> <!-- minValidationConfirmPassword -->
        <test-method signature="passwordFieldConditions()[pri:20, instance:org.test.OnBoardingModule@543588e6]" started-at="2023-01-05T13:05:41 IST" name="passwordFieldConditions" finished-at="2023-01-05T13:05:41 IST" duration-ms="286" status="PASS">
          <reporter-output>
          </reporter-output>
        </test-method> <!-- passwordFieldConditions -->
        <test-method signature="confirmPasswordFieldCondition()[pri:21, instance:org.test.OnBoardingModule@543588e6]" started-at="2023-01-05T13:05:41 IST" name="confirmPasswordFieldCondition" finished-at="2023-01-05T13:05:41 IST" duration-ms="465" status="PASS">
          <reporter-output>
          </reporter-output>
        </test-method> <!-- confirmPasswordFieldCondition -->
        <test-method signature="lowerCaseValidation()[pri:22, instance:org.test.OnBoardingModule@543588e6]" started-at="2023-01-05T13:05:41 IST" name="lowerCaseValidation" finished-at="2023-01-05T13:05:42 IST" duration-ms="366" status="PASS">
          <reporter-output>
          </reporter-output>
        </test-method> <!-- lowerCaseValidation -->
        <test-method signature="mismatchPassword()[pri:23, instance:org.test.OnBoardingModule@543588e6]" started-at="2023-01-05T13:05:42 IST" name="mismatchPassword" finished-at="2023-01-05T13:05:42 IST" duration-ms="282" status="PASS">
          <reporter-output>
          </reporter-output>
        </test-method> <!-- mismatchPassword -->
        <test-method is-config="true" signature="exitBrowser()[pri:0, instance:org.test.OnBoardingModule@543588e6]" started-at="2023-01-05T13:05:42 IST" name="exitBrowser" finished-at="2023-01-05T13:05:42 IST" duration-ms="406" status="PASS">
          <reporter-output>
          </reporter-output>
        </test-method> <!-- exitBrowser -->
      </class> <!-- org.test.OnBoardingModule -->
    </test> <!-- Default test -->
  </suite> <!-- Default suite -->
</testng-results>
