<?xml version="1.0" encoding="UTF-8"?>
<testng-results ignored="0" total="28" passed="28" failed="0" skipped="0">
  <reporter-output>
  </reporter-output>
  <suite started-at="2023-01-13T12:43:45 IST" name="Default suite" finished-at="2023-01-13T12:47:15 IST" duration-ms="210024">
    <groups>
    </groups>
    <test started-at="2023-01-13T12:43:45 IST" name="Default test" finished-at="2023-01-13T12:47:15 IST" duration-ms="210024">
      <class name="org.test.CustomerContactRequest">
        <test-method is-config="true" signature="setup()[pri:0, instance:org.test.CustomerContactRequest@3c7f66c4]" started-at="2023-01-13T12:43:45 IST" name="setup" finished-at="2023-01-13T12:43:47 IST" duration-ms="2058" status="PASS">
          <reporter-output>
          </reporter-output>
        </test-method> <!-- setup -->
        <test-method signature="loginPage()[pri:0, instance:org.test.CustomerContactRequest@3c7f66c4]" started-at="2023-01-13T12:43:47 IST" name="loginPage" finished-at="2023-01-13T12:44:22 IST" duration-ms="35061" status="PASS">
          <reporter-output>
          </reporter-output>
        </test-method> <!-- loginPage -->
        <test-method signature="contactModule()[pri:1, instance:org.test.CustomerContactRequest@3c7f66c4]" started-at="2023-01-13T12:44:22 IST" name="contactModule" finished-at="2023-01-13T12:44:31 IST" duration-ms="8642" status="PASS">
          <reporter-output>
          </reporter-output>
        </test-method> <!-- contactModule -->
        <test-method signature="CreateContact()[pri:2, instance:org.test.CustomerContactRequest@3c7f66c4]" started-at="2023-01-13T12:44:31 IST" name="CreateContact" finished-at="2023-01-13T12:44:47 IST" duration-ms="15647" status="PASS">
          <reporter-output>
          </reporter-output>
        </test-method> <!-- CreateContact -->
        <test-method signature="labelValidation()[pri:3, instance:org.test.CustomerContactRequest@3c7f66c4]" started-at="2023-01-13T12:44:47 IST" name="labelValidation" finished-at="2023-01-13T12:44:55 IST" duration-ms="8077" status="PASS">
          <reporter-output>
          </reporter-output>
        </test-method> <!-- labelValidation -->
        <test-method signature="maximumValidationTittle()[pri:6, instance:org.test.CustomerContactRequest@3c7f66c4]" started-at="2023-01-13T12:44:55 IST" name="maximumValidationTittle" finished-at="2023-01-13T12:45:02 IST" duration-ms="7460" status="PASS">
          <reporter-output>
          </reporter-output>
        </test-method> <!-- maximumValidationTittle -->
        <test-method signature="mandatoryValidationDescription()[pri:7, instance:org.test.CustomerContactRequest@3c7f66c4]" started-at="2023-01-13T12:45:02 IST" name="mandatoryValidationDescription" finished-at="2023-01-13T12:45:02 IST" duration-ms="235" status="PASS">
          <reporter-output>
          </reporter-output>
        </test-method> <!-- mandatoryValidationDescription -->
        <test-method signature="maximumValidationDescription()[pri:8, instance:org.test.CustomerContactRequest@3c7f66c4]" started-at="2023-01-13T12:45:02 IST" name="maximumValidationDescription" finished-at="2023-01-13T12:45:09 IST" duration-ms="7030" status="PASS">
          <reporter-output>
          </reporter-output>
        </test-method> <!-- maximumValidationDescription -->
        <test-method signature="maximumTagValidation()[pri:11, instance:org.test.CustomerContactRequest@3c7f66c4]" started-at="2023-01-13T12:45:09 IST" name="maximumTagValidation" finished-at="2023-01-13T12:45:10 IST" duration-ms="1153" status="PASS">
          <reporter-output>
          </reporter-output>
        </test-method> <!-- maximumTagValidation -->
        <test-method signature="duplicateTagsValidation()[pri:12, instance:org.test.CustomerContactRequest@3c7f66c4]" started-at="2023-01-13T12:45:10 IST" name="duplicateTagsValidation" finished-at="2023-01-13T12:45:11 IST" duration-ms="441" status="PASS">
          <reporter-output>
          </reporter-output>
        </test-method> <!-- duplicateTagsValidation -->
        <test-method signature="maxTagLimitValidation()[pri:13, instance:org.test.CustomerContactRequest@3c7f66c4]" started-at="2023-01-13T12:45:11 IST" name="maxTagLimitValidation" finished-at="2023-01-13T12:45:22 IST" duration-ms="10627" status="PASS">
          <reporter-output>
          </reporter-output>
        </test-method> <!-- maxTagLimitValidation -->
        <test-method signature="maximumValidationNotes()[pri:14, instance:org.test.CustomerContactRequest@3c7f66c4]" started-at="2023-01-13T12:45:22 IST" name="maximumValidationNotes" finished-at="2023-01-13T12:45:29 IST" duration-ms="7347" status="PASS">
          <reporter-output>
          </reporter-output>
        </test-method> <!-- maximumValidationNotes -->
        <test-method signature="unsssignedJob()[pri:15, instance:org.test.CustomerContactRequest@3c7f66c4]" started-at="2023-01-13T12:45:29 IST" name="unsssignedJob" finished-at="2023-01-13T12:45:44 IST" duration-ms="15227" status="PASS">
          <reporter-output>
          </reporter-output>
        </test-method> <!-- unsssignedJob -->
        <test-method signature="jobUnassignedStatus()[pri:16, instance:org.test.CustomerContactRequest@3c7f66c4]" started-at="2023-01-13T12:45:44 IST" name="jobUnassignedStatus" finished-at="2023-01-13T12:45:47 IST" duration-ms="2721" status="PASS">
          <reporter-output>
          </reporter-output>
        </test-method> <!-- jobUnassignedStatus -->
        <test-method signature="createJob_FromDateandTime_ToDateandTime()[pri:18, instance:org.test.CustomerContactRequest@3c7f66c4]" started-at="2023-01-13T12:45:47 IST" name="createJob_FromDateandTime_ToDateandTime" finished-at="2023-01-13T12:46:07 IST" duration-ms="20057" status="PASS">
          <reporter-output>
          </reporter-output>
        </test-method> <!-- createJob_FromDateandTime_ToDateandTime -->
        <test-method signature="jobScheduleStatus()[pri:19, instance:org.test.CustomerContactRequest@3c7f66c4]" started-at="2023-01-13T12:46:07 IST" name="jobScheduleStatus" finished-at="2023-01-13T12:46:09 IST" duration-ms="2209" status="PASS">
          <reporter-output>
          </reporter-output>
        </test-method> <!-- jobScheduleStatus -->
        <test-method signature="dispatchedJob()[pri:20, instance:org.test.CustomerContactRequest@3c7f66c4]" started-at="2023-01-13T12:46:09 IST" name="dispatchedJob" finished-at="2023-01-13T12:46:21 IST" duration-ms="12138" status="PASS">
          <reporter-output>
          </reporter-output>
        </test-method> <!-- dispatchedJob -->
        <test-method signature="jobDispatchedStatus()[pri:21, instance:org.test.CustomerContactRequest@3c7f66c4]" started-at="2023-01-13T12:46:21 IST" name="jobDispatchedStatus" finished-at="2023-01-13T12:46:23 IST" duration-ms="2199" status="PASS">
          <reporter-output>
          </reporter-output>
        </test-method> <!-- jobDispatchedStatus -->
        <test-method signature="startedJob()[pri:22, instance:org.test.CustomerContactRequest@3c7f66c4]" started-at="2023-01-13T12:46:23 IST" name="startedJob" finished-at="2023-01-13T12:46:29 IST" duration-ms="5174" status="PASS">
          <reporter-output>
          </reporter-output>
        </test-method> <!-- startedJob -->
        <test-method signature="jobStartedStatus()[pri:23, instance:org.test.CustomerContactRequest@3c7f66c4]" started-at="2023-01-13T12:46:29 IST" name="jobStartedStatus" finished-at="2023-01-13T12:46:31 IST" duration-ms="2174" status="PASS">
          <reporter-output>
          </reporter-output>
        </test-method> <!-- jobStartedStatus -->
        <test-method signature="completedJob()[pri:24, instance:org.test.CustomerContactRequest@3c7f66c4]" started-at="2023-01-13T12:46:31 IST" name="completedJob" finished-at="2023-01-13T12:46:36 IST" duration-ms="5540" status="PASS">
          <reporter-output>
          </reporter-output>
        </test-method> <!-- completedJob -->
        <test-method signature="cancelledJob()[pri:25, instance:org.test.CustomerContactRequest@3c7f66c4]" started-at="2023-01-13T12:46:36 IST" name="cancelledJob" finished-at="2023-01-13T12:46:42 IST" duration-ms="5539" status="PASS">
          <reporter-output>
          </reporter-output>
        </test-method> <!-- cancelledJob -->
        <test-method signature="jobCancelledStatus()[pri:26, instance:org.test.CustomerContactRequest@3c7f66c4]" started-at="2023-01-13T12:46:42 IST" name="jobCancelledStatus" finished-at="2023-01-13T12:46:43 IST" duration-ms="822" status="PASS">
          <reporter-output>
          </reporter-output>
        </test-method> <!-- jobCancelledStatus -->
        <test-method signature="jobDraftStatus()[pri:27, instance:org.test.CustomerContactRequest@3c7f66c4]" started-at="2023-01-13T12:46:43 IST" name="jobDraftStatus" finished-at="2023-01-13T12:46:53 IST" duration-ms="9969" status="PASS">
          <reporter-output>
          </reporter-output>
        </test-method> <!-- jobDraftStatus -->
        <test-method signature="deletedJob()[pri:28, instance:org.test.CustomerContactRequest@3c7f66c4]" started-at="2023-01-13T12:46:53 IST" name="deletedJob" finished-at="2023-01-13T12:46:55 IST" duration-ms="2059" status="PASS">
          <reporter-output>
          </reporter-output>
        </test-method> <!-- deletedJob -->
        <test-method signature="searchJobNo()[pri:29, instance:org.test.CustomerContactRequest@3c7f66c4]" started-at="2023-01-13T12:46:55 IST" name="searchJobNo" finished-at="2023-01-13T12:47:01 IST" duration-ms="5858" status="PASS">
          <reporter-output>
          </reporter-output>
        </test-method> <!-- searchJobNo -->
        <test-method signature="searchLocation()[pri:30, instance:org.test.CustomerContactRequest@3c7f66c4]" started-at="2023-01-13T12:47:01 IST" name="searchLocation" finished-at="2023-01-13T12:47:06 IST" duration-ms="5841" status="PASS">
          <reporter-output>
          </reporter-output>
        </test-method> <!-- searchLocation -->
        <test-method signature="searchFilterByDate()[pri:31, instance:org.test.CustomerContactRequest@3c7f66c4]" started-at="2023-01-13T12:47:06 IST" name="searchFilterByDate" finished-at="2023-01-13T12:47:13 IST" duration-ms="6050" status="PASS">
          <reporter-output>
          </reporter-output>
        </test-method> <!-- searchFilterByDate -->
        <test-method signature="searchInvalid()[pri:32, instance:org.test.CustomerContactRequest@3c7f66c4]" started-at="2023-01-13T12:47:13 IST" name="searchInvalid" finished-at="2023-01-13T12:47:14 IST" duration-ms="1823" status="PASS">
          <reporter-output>
          </reporter-output>
        </test-method> <!-- searchInvalid -->
        <test-method is-config="true" signature="exitBrowser()[pri:0, instance:org.test.CustomerContactRequest@3c7f66c4]" started-at="2023-01-13T12:47:14 IST" name="exitBrowser" finished-at="2023-01-13T12:47:15 IST" duration-ms="741" status="PASS">
          <reporter-output>
          </reporter-output>
        </test-method> <!-- exitBrowser -->
      </class> <!-- org.test.CustomerContactRequest -->
    </test> <!-- Default test -->
  </suite> <!-- Default suite -->
</testng-results>
