<?xml version="1.0" encoding="UTF-8"?>
<testng-results ignored="0" total="13" passed="13" failed="0" skipped="0">
  <reporter-output>
  </reporter-output>
  <suite started-at="2023-02-18T23:33:19 IST" name="Default suite" finished-at="2023-02-18T23:34:17 IST" duration-ms="57427">
    <groups>
    </groups>
    <test started-at="2023-02-18T23:33:19 IST" name="Default test" finished-at="2023-02-18T23:34:17 IST" duration-ms="57427">
      <class name="org.test.TeamSendInvite">
        <test-method is-config="true" signature="setup()[pri:0, instance:org.test.TeamSendInvite@485966cc]" started-at="2023-02-18T23:33:19 IST" name="setup" finished-at="2023-02-18T23:33:21 IST" duration-ms="2135" status="PASS">
          <reporter-output>
          </reporter-output>
        </test-method> <!-- setup -->
        <test-method signature="verify()[pri:0, instance:org.test.TeamSendInvite@485966cc]" started-at="2023-02-18T23:33:21 IST" name="verify" finished-at="2023-02-18T23:33:57 IST" duration-ms="35375" status="PASS">
          <reporter-output>
          </reporter-output>
        </test-method> <!-- verify -->
        <test-method signature="TeamUserPage()[pri:1, instance:org.test.TeamSendInvite@485966cc]" started-at="2023-02-18T23:33:57 IST" name="TeamUserPage" finished-at="2023-02-18T23:34:04 IST" duration-ms="6803" status="PASS">
          <reporter-output>
          </reporter-output>
        </test-method> <!-- TeamUserPage -->
        <test-method signature="landingOnSendInviteForm()[pri:2, instance:org.test.TeamSendInvite@485966cc]" started-at="2023-02-18T23:34:04 IST" name="landingOnSendInviteForm" finished-at="2023-02-18T23:34:04 IST" duration-ms="705" status="PASS">
          <reporter-output>
          </reporter-output>
        </test-method> <!-- landingOnSendInviteForm -->
        <test-method signature="mandatoryValidationFirstNameField()[pri:3, instance:org.test.TeamSendInvite@485966cc]" started-at="2023-02-18T23:34:04 IST" name="mandatoryValidationFirstNameField" finished-at="2023-02-18T23:34:05 IST" duration-ms="279" status="PASS">
          <reporter-output>
          </reporter-output>
        </test-method> <!-- mandatoryValidationFirstNameField -->
        <test-method signature="mandatoryValidationTypeField()[pri:4, instance:org.test.TeamSendInvite@485966cc]" started-at="2023-02-18T23:34:05 IST" name="mandatoryValidationTypeField" finished-at="2023-02-18T23:34:05 IST" duration-ms="80" status="PASS">
          <reporter-output>
          </reporter-output>
        </test-method> <!-- mandatoryValidationTypeField -->
        <test-method signature="mandatoryValidationEmailField()[pri:5, instance:org.test.TeamSendInvite@485966cc]" started-at="2023-02-18T23:34:05 IST" name="mandatoryValidationEmailField" finished-at="2023-02-18T23:34:05 IST" duration-ms="91" status="PASS">
          <reporter-output>
          </reporter-output>
        </test-method> <!-- mandatoryValidationEmailField -->
        <test-method signature="maxValidationFirstNameField()[pri:6, instance:org.test.TeamSendInvite@485966cc]" started-at="2023-02-18T23:34:05 IST" name="maxValidationFirstNameField" finished-at="2023-02-18T23:34:06 IST" duration-ms="816" status="PASS">
          <reporter-output>
          </reporter-output>
        </test-method> <!-- maxValidationFirstNameField -->
        <test-method signature="maxValidationLastNameField()[pri:7, instance:org.test.TeamSendInvite@485966cc]" started-at="2023-02-18T23:34:06 IST" name="maxValidationLastNameField" finished-at="2023-02-18T23:34:06 IST" duration-ms="749" status="PASS">
          <reporter-output>
          </reporter-output>
        </test-method> <!-- maxValidationLastNameField -->
        <test-method signature="maxValidationEmailFields()[pri:9, instance:org.test.TeamSendInvite@485966cc]" started-at="2023-02-18T23:34:06 IST" name="maxValidationEmailFields" finished-at="2023-02-18T23:34:07 IST" duration-ms="758" status="PASS">
          <reporter-output>
          </reporter-output>
        </test-method> <!-- maxValidationEmailFields -->
        <test-method signature="invalidEmailValidation()[pri:10, instance:org.test.TeamSendInvite@485966cc]" started-at="2023-02-18T23:34:07 IST" name="invalidEmailValidation" finished-at="2023-02-18T23:34:08 IST" duration-ms="886" status="PASS">
          <reporter-output>
          </reporter-output>
        </test-method> <!-- invalidEmailValidation -->
        <test-method signature="maxValidationMessage()[pri:11, instance:org.test.TeamSendInvite@485966cc]" started-at="2023-02-18T23:34:08 IST" name="maxValidationMessage" finished-at="2023-02-18T23:34:13 IST" duration-ms="5200" status="PASS">
          <reporter-output>
          </reporter-output>
        </test-method> <!-- maxValidationMessage -->
        <test-method signature="verifySaveButtonExist()[pri:12, instance:org.test.TeamSendInvite@485966cc]" started-at="2023-02-18T23:34:13 IST" name="verifySaveButtonExist" finished-at="2023-02-18T23:34:13 IST" duration-ms="217" status="PASS">
          <reporter-output>
          </reporter-output>
        </test-method> <!-- verifySaveButtonExist -->
        <test-method signature="userSendInvite()[pri:13, instance:org.test.TeamSendInvite@485966cc]" started-at="2023-02-18T23:34:13 IST" name="userSendInvite" finished-at="2023-02-18T23:34:16 IST" duration-ms="2624" status="PASS">
          <reporter-output>
          </reporter-output>
        </test-method> <!-- userSendInvite -->
        <test-method is-config="true" signature="exitBrowser()[pri:0, instance:org.test.TeamSendInvite@485966cc]" started-at="2023-02-18T23:34:16 IST" name="exitBrowser" finished-at="2023-02-18T23:34:17 IST" duration-ms="639" status="PASS">
          <reporter-output>
          </reporter-output>
        </test-method> <!-- exitBrowser -->
      </class> <!-- org.test.TeamSendInvite -->
    </test> <!-- Default test -->
  </suite> <!-- Default suite -->
</testng-results>
