<?xml version="1.0" encoding="UTF-8"?>
<testng-results ignored="0" total="7" passed="7" failed="0" skipped="0">
  <reporter-output>
  </reporter-output>
  <suite started-at="2023-06-04T11:43:25 IST" name="Default suite" finished-at="2023-06-04T11:49:27 IST" duration-ms="361165">
    <groups>
    </groups>
    <test started-at="2023-06-04T11:43:25 IST" name="Default test" finished-at="2023-06-04T11:49:27 IST" duration-ms="361165">
      <class name="org.enhancement.GlobalOrganizationInvoice">
        <test-method is-config="true" signature="setup()[pri:0, instance:org.enhancement.GlobalOrganizationInvoice@434a63ab]" started-at="2023-06-04T11:43:26 IST" name="setup" finished-at="2023-06-04T11:43:28 IST" duration-ms="2248" status="PASS">
          <reporter-output>
          </reporter-output>
        </test-method> <!-- setup -->
        <test-method is-config="true" signature="deleteBeforeCatch()[pri:0, instance:org.enhancement.GlobalOrganizationInvoice@434a63ab]" started-at="2023-06-04T11:43:28 IST" name="deleteBeforeCatch" finished-at="2023-06-04T11:43:28 IST" duration-ms="10" status="PASS">
          <reporter-output>
          </reporter-output>
        </test-method> <!-- deleteBeforeCatch -->
        <test-method signature="loginPage()[pri:-1, instance:org.enhancement.GlobalOrganizationInvoice@434a63ab]" started-at="2023-06-04T11:43:28 IST" name="loginPage" finished-at="2023-06-04T11:44:40 IST" duration-ms="71757" status="PASS">
          <reporter-output>
          </reporter-output>
        </test-method> <!-- loginPage -->
        <test-method is-config="true" signature="deleteAfterCatch()[pri:0, instance:org.enhancement.GlobalOrganizationInvoice@434a63ab]" started-at="2023-06-04T11:44:40 IST" name="deleteAfterCatch" finished-at="2023-06-04T11:44:40 IST" duration-ms="27" status="PASS">
          <reporter-output>
          </reporter-output>
        </test-method> <!-- deleteAfterCatch -->
        <test-method is-config="true" signature="deleteBeforeCatch()[pri:0, instance:org.enhancement.GlobalOrganizationInvoice@434a63ab]" started-at="2023-06-04T11:44:40 IST" name="deleteBeforeCatch" finished-at="2023-06-04T11:44:40 IST" duration-ms="13" status="PASS">
          <reporter-output>
          </reporter-output>
        </test-method> <!-- deleteBeforeCatch -->
        <test-method signature="invoiceModule()[pri:0, instance:org.enhancement.GlobalOrganizationInvoice@434a63ab]" started-at="2023-06-04T11:44:40 IST" name="invoiceModule" finished-at="2023-06-04T11:44:45 IST" duration-ms="5218" status="PASS">
          <reporter-output>
          </reporter-output>
        </test-method> <!-- invoiceModule -->
        <test-method is-config="true" signature="deleteAfterCatch()[pri:0, instance:org.enhancement.GlobalOrganizationInvoice@434a63ab]" started-at="2023-06-04T11:44:45 IST" name="deleteAfterCatch" finished-at="2023-06-04T11:44:45 IST" duration-ms="38" status="PASS">
          <reporter-output>
          </reporter-output>
        </test-method> <!-- deleteAfterCatch -->
        <test-method is-config="true" signature="deleteBeforeCatch()[pri:0, instance:org.enhancement.GlobalOrganizationInvoice@434a63ab]" started-at="2023-06-04T11:44:45 IST" name="deleteBeforeCatch" finished-at="2023-06-04T11:44:45 IST" duration-ms="13" status="PASS">
          <reporter-output>
          </reporter-output>
        </test-method> <!-- deleteBeforeCatch -->
        <test-method signature="createInvoice()[pri:2, instance:org.enhancement.GlobalOrganizationInvoice@434a63ab]" started-at="2023-06-04T11:44:45 IST" name="createInvoice" finished-at="2023-06-04T11:46:33 IST" duration-ms="107947" status="PASS">
          <reporter-output>
          </reporter-output>
        </test-method> <!-- createInvoice -->
        <test-method is-config="true" signature="deleteAfterCatch()[pri:0, instance:org.enhancement.GlobalOrganizationInvoice@434a63ab]" started-at="2023-06-04T11:46:33 IST" name="deleteAfterCatch" finished-at="2023-06-04T11:46:33 IST" duration-ms="128" status="PASS">
          <reporter-output>
          </reporter-output>
        </test-method> <!-- deleteAfterCatch -->
        <test-method is-config="true" signature="deleteBeforeCatch()[pri:0, instance:org.enhancement.GlobalOrganizationInvoice@434a63ab]" started-at="2023-06-04T11:46:33 IST" name="deleteBeforeCatch" finished-at="2023-06-04T11:46:33 IST" duration-ms="14" status="PASS">
          <reporter-output>
          </reporter-output>
        </test-method> <!-- deleteBeforeCatch -->
        <test-method signature="createInvoice()[pri:2, instance:org.enhancement.GlobalOrganizationInvoice@434a63ab]" started-at="2023-06-04T11:46:33 IST" name="createInvoice" finished-at="2023-06-04T11:47:13 IST" duration-ms="39647" status="PASS">
          <reporter-output>
          </reporter-output>
        </test-method> <!-- createInvoice -->
        <test-method is-config="true" signature="deleteAfterCatch()[pri:0, instance:org.enhancement.GlobalOrganizationInvoice@434a63ab]" started-at="2023-06-04T11:47:13 IST" name="deleteAfterCatch" finished-at="2023-06-04T11:47:13 IST" duration-ms="112" status="PASS">
          <reporter-output>
          </reporter-output>
        </test-method> <!-- deleteAfterCatch -->
        <test-method is-config="true" signature="deleteBeforeCatch()[pri:0, instance:org.enhancement.GlobalOrganizationInvoice@434a63ab]" started-at="2023-06-04T11:47:13 IST" name="deleteBeforeCatch" finished-at="2023-06-04T11:47:13 IST" duration-ms="5" status="PASS">
          <reporter-output>
          </reporter-output>
        </test-method> <!-- deleteBeforeCatch -->
        <test-method signature="createInvoice()[pri:2, instance:org.enhancement.GlobalOrganizationInvoice@434a63ab]" started-at="2023-06-04T11:47:13 IST" name="createInvoice" finished-at="2023-06-04T11:48:00 IST" duration-ms="46863" status="PASS">
          <reporter-output>
          </reporter-output>
        </test-method> <!-- createInvoice -->
        <test-method is-config="true" signature="deleteAfterCatch()[pri:0, instance:org.enhancement.GlobalOrganizationInvoice@434a63ab]" started-at="2023-06-04T11:48:00 IST" name="deleteAfterCatch" finished-at="2023-06-04T11:48:00 IST" duration-ms="53" status="PASS">
          <reporter-output>
          </reporter-output>
        </test-method> <!-- deleteAfterCatch -->
        <test-method is-config="true" signature="deleteBeforeCatch()[pri:0, instance:org.enhancement.GlobalOrganizationInvoice@434a63ab]" started-at="2023-06-04T11:48:00 IST" name="deleteBeforeCatch" finished-at="2023-06-04T11:48:00 IST" duration-ms="4" status="PASS">
          <reporter-output>
          </reporter-output>
        </test-method> <!-- deleteBeforeCatch -->
        <test-method signature="createInvoice()[pri:2, instance:org.enhancement.GlobalOrganizationInvoice@434a63ab]" started-at="2023-06-04T11:48:00 IST" name="createInvoice" finished-at="2023-06-04T11:48:46 IST" duration-ms="46030" status="PASS">
          <reporter-output>
          </reporter-output>
        </test-method> <!-- createInvoice -->
        <test-method is-config="true" signature="deleteAfterCatch()[pri:0, instance:org.enhancement.GlobalOrganizationInvoice@434a63ab]" started-at="2023-06-04T11:48:46 IST" name="deleteAfterCatch" finished-at="2023-06-04T11:48:46 IST" duration-ms="110" status="PASS">
          <reporter-output>
          </reporter-output>
        </test-method> <!-- deleteAfterCatch -->
        <test-method is-config="true" signature="deleteBeforeCatch()[pri:0, instance:org.enhancement.GlobalOrganizationInvoice@434a63ab]" started-at="2023-06-04T11:48:46 IST" name="deleteBeforeCatch" finished-at="2023-06-04T11:48:46 IST" duration-ms="8" status="PASS">
          <reporter-output>
          </reporter-output>
        </test-method> <!-- deleteBeforeCatch -->
        <test-method signature="createInvoice()[pri:2, instance:org.enhancement.GlobalOrganizationInvoice@434a63ab]" started-at="2023-06-04T11:48:46 IST" name="createInvoice" finished-at="2023-06-04T11:49:26 IST" duration-ms="40015" status="PASS">
          <reporter-output>
          </reporter-output>
        </test-method> <!-- createInvoice -->
        <test-method is-config="true" signature="deleteAfterCatch()[pri:0, instance:org.enhancement.GlobalOrganizationInvoice@434a63ab]" started-at="2023-06-04T11:49:26 IST" name="deleteAfterCatch" finished-at="2023-06-04T11:49:26 IST" duration-ms="91" status="PASS">
          <reporter-output>
          </reporter-output>
        </test-method> <!-- deleteAfterCatch -->
        <test-method is-config="true" signature="exitBrowser()[pri:0, instance:org.enhancement.GlobalOrganizationInvoice@434a63ab]" started-at="2023-06-04T11:49:26 IST" name="exitBrowser" finished-at="2023-06-04T11:49:27 IST" duration-ms="739" status="PASS">
          <reporter-output>
          </reporter-output>
        </test-method> <!-- exitBrowser -->
      </class> <!-- org.enhancement.GlobalOrganizationInvoice -->
    </test> <!-- Default test -->
  </suite> <!-- Default suite -->
</testng-results>
