<?xml version="1.0" encoding="UTF-8"?>
<testng-results ignored="0" total="74" passed="74" failed="0" skipped="0">
  <reporter-output>
  </reporter-output>
  <suite started-at="2023-06-26T20:39:58 IST" name="Default suite" finished-at="2023-06-26T20:42:42 IST" duration-ms="164741">
    <groups>
    </groups>
    <test started-at="2023-06-26T20:39:58 IST" name="Default test" finished-at="2023-06-26T20:42:42 IST" duration-ms="164741">
      <class name="org.test.TeamCompanyContractor">
        <test-method is-config="true" signature="setup()[pri:0, instance:org.test.TeamCompanyContractor@47e2e487]" started-at="2023-06-26T20:39:58 IST" name="setup" finished-at="2023-06-26T20:40:00 IST" duration-ms="2744" status="PASS">
          <reporter-output>
          </reporter-output>
        </test-method> <!-- setup -->
        <test-method is-config="true" signature="deleteBeforeCatch()[pri:0, instance:org.test.TeamCompanyContractor@47e2e487]" started-at="2023-06-26T20:40:00 IST" name="deleteBeforeCatch" finished-at="2023-06-26T20:40:00 IST" duration-ms="12" status="PASS">
          <reporter-output>
          </reporter-output>
        </test-method> <!-- deleteBeforeCatch -->
        <test-method signature="verify()[pri:1, instance:org.test.TeamCompanyContractor@47e2e487]" started-at="2023-06-26T20:40:00 IST" name="verify" finished-at="2023-06-26T20:40:37 IST" duration-ms="36819" status="PASS">
          <reporter-output>
          </reporter-output>
        </test-method> <!-- verify -->
        <test-method is-config="true" signature="deleteAfterCatch()[pri:0, instance:org.test.TeamCompanyContractor@47e2e487]" started-at="2023-06-26T20:40:37 IST" name="deleteAfterCatch" finished-at="2023-06-26T20:40:37 IST" duration-ms="22" status="PASS">
          <reporter-output>
          </reporter-output>
        </test-method> <!-- deleteAfterCatch -->
        <test-method is-config="true" signature="deleteBeforeCatch()[pri:0, instance:org.test.TeamCompanyContractor@47e2e487]" started-at="2023-06-26T20:40:37 IST" name="deleteBeforeCatch" finished-at="2023-06-26T20:40:37 IST" duration-ms="10" status="PASS">
          <reporter-output>
          </reporter-output>
        </test-method> <!-- deleteBeforeCatch -->
        <test-method signature="createLabel()[pri:2, instance:org.test.TeamCompanyContractor@47e2e487]" started-at="2023-06-26T20:40:37 IST" name="createLabel" finished-at="2023-06-26T20:40:45 IST" duration-ms="7529" status="PASS">
          <reporter-output>
          </reporter-output>
        </test-method> <!-- createLabel -->
        <test-method is-config="true" signature="deleteAfterCatch()[pri:0, instance:org.test.TeamCompanyContractor@47e2e487]" started-at="2023-06-26T20:40:45 IST" name="deleteAfterCatch" finished-at="2023-06-26T20:40:45 IST" duration-ms="13" status="PASS">
          <reporter-output>
          </reporter-output>
        </test-method> <!-- deleteAfterCatch -->
        <test-method is-config="true" signature="deleteBeforeCatch()[pri:0, instance:org.test.TeamCompanyContractor@47e2e487]" started-at="2023-06-26T20:40:45 IST" name="deleteBeforeCatch" finished-at="2023-06-26T20:40:45 IST" duration-ms="9" status="PASS">
          <reporter-output>
          </reporter-output>
        </test-method> <!-- deleteBeforeCatch -->
        <test-method signature="verifyContractorNameMandatory()[pri:3, instance:org.test.TeamCompanyContractor@47e2e487]" started-at="2023-06-26T20:40:45 IST" name="verifyContractorNameMandatory" finished-at="2023-06-26T20:40:45 IST" duration-ms="580" status="PASS">
          <reporter-output>
          </reporter-output>
        </test-method> <!-- verifyContractorNameMandatory -->
        <test-method is-config="true" signature="deleteAfterCatch()[pri:0, instance:org.test.TeamCompanyContractor@47e2e487]" started-at="2023-06-26T20:40:45 IST" name="deleteAfterCatch" finished-at="2023-06-26T20:40:45 IST" duration-ms="10" status="PASS">
          <reporter-output>
          </reporter-output>
        </test-method> <!-- deleteAfterCatch -->
        <test-method is-config="true" signature="deleteBeforeCatch()[pri:0, instance:org.test.TeamCompanyContractor@47e2e487]" started-at="2023-06-26T20:40:45 IST" name="deleteBeforeCatch" finished-at="2023-06-26T20:40:45 IST" duration-ms="7" status="PASS">
          <reporter-output>
          </reporter-output>
        </test-method> <!-- deleteBeforeCatch -->
        <test-method signature="verifyContractorNumberMinValidation()[pri:7, instance:org.test.TeamCompanyContractor@47e2e487]" started-at="2023-06-26T20:40:45 IST" name="verifyContractorNumberMinValidation" finished-at="2023-06-26T20:40:46 IST" duration-ms="347" status="PASS">
          <reporter-output>
          </reporter-output>
        </test-method> <!-- verifyContractorNumberMinValidation -->
        <test-method is-config="true" signature="deleteAfterCatch()[pri:0, instance:org.test.TeamCompanyContractor@47e2e487]" started-at="2023-06-26T20:40:46 IST" name="deleteAfterCatch" finished-at="2023-06-26T20:40:46 IST" duration-ms="11" status="PASS">
          <reporter-output>
          </reporter-output>
        </test-method> <!-- deleteAfterCatch -->
        <test-method is-config="true" signature="deleteBeforeCatch()[pri:0, instance:org.test.TeamCompanyContractor@47e2e487]" started-at="2023-06-26T20:40:46 IST" name="deleteBeforeCatch" finished-at="2023-06-26T20:40:46 IST" duration-ms="8" status="PASS">
          <reporter-output>
          </reporter-output>
        </test-method> <!-- deleteBeforeCatch -->
        <test-method signature="verifyContractorEmailFormat()[pri:8, instance:org.test.TeamCompanyContractor@47e2e487]" started-at="2023-06-26T20:40:46 IST" name="verifyContractorEmailFormat" finished-at="2023-06-26T20:40:46 IST" duration-ms="347" status="PASS">
          <reporter-output>
          </reporter-output>
        </test-method> <!-- verifyContractorEmailFormat -->
        <test-method is-config="true" signature="deleteAfterCatch()[pri:0, instance:org.test.TeamCompanyContractor@47e2e487]" started-at="2023-06-26T20:40:46 IST" name="deleteAfterCatch" finished-at="2023-06-26T20:40:46 IST" duration-ms="11" status="PASS">
          <reporter-output>
          </reporter-output>
        </test-method> <!-- deleteAfterCatch -->
        <test-method is-config="true" signature="deleteBeforeCatch()[pri:0, instance:org.test.TeamCompanyContractor@47e2e487]" started-at="2023-06-26T20:40:46 IST" name="deleteBeforeCatch" finished-at="2023-06-26T20:40:46 IST" duration-ms="10" status="PASS">
          <reporter-output>
          </reporter-output>
        </test-method> <!-- deleteBeforeCatch -->
        <test-method signature="verifyContractorNumberMaxValidation()[pri:9, instance:org.test.TeamCompanyContractor@47e2e487]" started-at="2023-06-26T20:40:46 IST" name="verifyContractorNumberMaxValidation" finished-at="2023-06-26T20:40:47 IST" duration-ms="362" status="PASS">
          <reporter-output>
          </reporter-output>
        </test-method> <!-- verifyContractorNumberMaxValidation -->
        <test-method is-config="true" signature="deleteAfterCatch()[pri:0, instance:org.test.TeamCompanyContractor@47e2e487]" started-at="2023-06-26T20:40:47 IST" name="deleteAfterCatch" finished-at="2023-06-26T20:40:47 IST" duration-ms="11" status="PASS">
          <reporter-output>
          </reporter-output>
        </test-method> <!-- deleteAfterCatch -->
        <test-method is-config="true" signature="deleteBeforeCatch()[pri:0, instance:org.test.TeamCompanyContractor@47e2e487]" started-at="2023-06-26T20:40:47 IST" name="deleteBeforeCatch" finished-at="2023-06-26T20:40:47 IST" duration-ms="8" status="PASS">
          <reporter-output>
          </reporter-output>
        </test-method> <!-- deleteBeforeCatch -->
        <test-method signature="verifyFaxMinValidation()[pri:10, instance:org.test.TeamCompanyContractor@47e2e487]" started-at="2023-06-26T20:40:47 IST" name="verifyFaxMinValidation" finished-at="2023-06-26T20:40:47 IST" duration-ms="304" status="PASS">
          <reporter-output>
          </reporter-output>
        </test-method> <!-- verifyFaxMinValidation -->
        <test-method is-config="true" signature="deleteAfterCatch()[pri:0, instance:org.test.TeamCompanyContractor@47e2e487]" started-at="2023-06-26T20:40:47 IST" name="deleteAfterCatch" finished-at="2023-06-26T20:40:47 IST" duration-ms="9" status="PASS">
          <reporter-output>
          </reporter-output>
        </test-method> <!-- deleteAfterCatch -->
        <test-method is-config="true" signature="deleteBeforeCatch()[pri:0, instance:org.test.TeamCompanyContractor@47e2e487]" started-at="2023-06-26T20:40:47 IST" name="deleteBeforeCatch" finished-at="2023-06-26T20:40:47 IST" duration-ms="8" status="PASS">
          <reporter-output>
          </reporter-output>
        </test-method> <!-- deleteBeforeCatch -->
        <test-method signature="verifyFaxMaxValidation()[pri:11, instance:org.test.TeamCompanyContractor@47e2e487]" started-at="2023-06-26T20:40:47 IST" name="verifyFaxMaxValidation" finished-at="2023-06-26T20:40:47 IST" duration-ms="334" status="PASS">
          <reporter-output>
          </reporter-output>
        </test-method> <!-- verifyFaxMaxValidation -->
        <test-method is-config="true" signature="deleteAfterCatch()[pri:0, instance:org.test.TeamCompanyContractor@47e2e487]" started-at="2023-06-26T20:40:47 IST" name="deleteAfterCatch" finished-at="2023-06-26T20:40:47 IST" duration-ms="15" status="PASS">
          <reporter-output>
          </reporter-output>
        </test-method> <!-- deleteAfterCatch -->
        <test-method is-config="true" signature="deleteBeforeCatch()[pri:0, instance:org.test.TeamCompanyContractor@47e2e487]" started-at="2023-06-26T20:40:47 IST" name="deleteBeforeCatch" finished-at="2023-06-26T20:40:47 IST" duration-ms="7" status="PASS">
          <reporter-output>
          </reporter-output>
        </test-method> <!-- deleteBeforeCatch -->
        <test-method signature="verifyCpersonFirstNameMaxValidation()[pri:12, instance:org.test.TeamCompanyContractor@47e2e487]" started-at="2023-06-26T20:40:47 IST" name="verifyCpersonFirstNameMaxValidation" finished-at="2023-06-26T20:40:48 IST" duration-ms="949" status="PASS">
          <reporter-output>
          </reporter-output>
        </test-method> <!-- verifyCpersonFirstNameMaxValidation -->
        <test-method is-config="true" signature="deleteAfterCatch()[pri:0, instance:org.test.TeamCompanyContractor@47e2e487]" started-at="2023-06-26T20:40:48 IST" name="deleteAfterCatch" finished-at="2023-06-26T20:40:48 IST" duration-ms="16" status="PASS">
          <reporter-output>
          </reporter-output>
        </test-method> <!-- deleteAfterCatch -->
        <test-method is-config="true" signature="deleteBeforeCatch()[pri:0, instance:org.test.TeamCompanyContractor@47e2e487]" started-at="2023-06-26T20:40:48 IST" name="deleteBeforeCatch" finished-at="2023-06-26T20:40:48 IST" duration-ms="7" status="PASS">
          <reporter-output>
          </reporter-output>
        </test-method> <!-- deleteBeforeCatch -->
        <test-method signature="verifyCpersonLastNameMaxValidation()[pri:13, instance:org.test.TeamCompanyContractor@47e2e487]" started-at="2023-06-26T20:40:48 IST" name="verifyCpersonLastNameMaxValidation" finished-at="2023-06-26T20:40:49 IST" duration-ms="978" status="PASS">
          <reporter-output>
          </reporter-output>
        </test-method> <!-- verifyCpersonLastNameMaxValidation -->
        <test-method is-config="true" signature="deleteAfterCatch()[pri:0, instance:org.test.TeamCompanyContractor@47e2e487]" started-at="2023-06-26T20:40:49 IST" name="deleteAfterCatch" finished-at="2023-06-26T20:40:49 IST" duration-ms="9" status="PASS">
          <reporter-output>
          </reporter-output>
        </test-method> <!-- deleteAfterCatch -->
        <test-method is-config="true" signature="deleteBeforeCatch()[pri:0, instance:org.test.TeamCompanyContractor@47e2e487]" started-at="2023-06-26T20:40:49 IST" name="deleteBeforeCatch" finished-at="2023-06-26T20:40:49 IST" duration-ms="8" status="PASS">
          <reporter-output>
          </reporter-output>
        </test-method> <!-- deleteBeforeCatch -->
        <test-method signature="maxValidationLocationNameField()[pri:14, instance:org.test.TeamCompanyContractor@47e2e487]" started-at="2023-06-26T20:40:49 IST" name="maxValidationLocationNameField" finished-at="2023-06-26T20:40:50 IST" duration-ms="995" status="PASS">
          <reporter-output>
          </reporter-output>
        </test-method> <!-- maxValidationLocationNameField -->
        <test-method is-config="true" signature="deleteAfterCatch()[pri:0, instance:org.test.TeamCompanyContractor@47e2e487]" started-at="2023-06-26T20:40:50 IST" name="deleteAfterCatch" finished-at="2023-06-26T20:40:50 IST" duration-ms="12" status="PASS">
          <reporter-output>
          </reporter-output>
        </test-method> <!-- deleteAfterCatch -->
        <test-method is-config="true" signature="deleteBeforeCatch()[pri:0, instance:org.test.TeamCompanyContractor@47e2e487]" started-at="2023-06-26T20:40:50 IST" name="deleteBeforeCatch" finished-at="2023-06-26T20:40:50 IST" duration-ms="8" status="PASS">
          <reporter-output>
          </reporter-output>
        </test-method> <!-- deleteBeforeCatch -->
        <test-method signature="validateEmailField()[pri:15, instance:org.test.TeamCompanyContractor@47e2e487]" started-at="2023-06-26T20:40:50 IST" name="validateEmailField" finished-at="2023-06-26T20:40:51 IST" duration-ms="312" status="PASS">
          <reporter-output>
          </reporter-output>
        </test-method> <!-- validateEmailField -->
        <test-method is-config="true" signature="deleteAfterCatch()[pri:0, instance:org.test.TeamCompanyContractor@47e2e487]" started-at="2023-06-26T20:40:51 IST" name="deleteAfterCatch" finished-at="2023-06-26T20:40:51 IST" duration-ms="12" status="PASS">
          <reporter-output>
          </reporter-output>
        </test-method> <!-- deleteAfterCatch -->
        <test-method is-config="true" signature="deleteBeforeCatch()[pri:0, instance:org.test.TeamCompanyContractor@47e2e487]" started-at="2023-06-26T20:40:51 IST" name="deleteBeforeCatch" finished-at="2023-06-26T20:40:51 IST" duration-ms="8" status="PASS">
          <reporter-output>
          </reporter-output>
        </test-method> <!-- deleteBeforeCatch -->
        <test-method signature="maxValidationEmailField()[pri:16, instance:org.test.TeamCompanyContractor@47e2e487]" started-at="2023-06-26T20:40:51 IST" name="maxValidationEmailField" finished-at="2023-06-26T20:40:52 IST" duration-ms="971" status="PASS">
          <reporter-output>
          </reporter-output>
        </test-method> <!-- maxValidationEmailField -->
        <test-method is-config="true" signature="deleteAfterCatch()[pri:0, instance:org.test.TeamCompanyContractor@47e2e487]" started-at="2023-06-26T20:40:52 IST" name="deleteAfterCatch" finished-at="2023-06-26T20:40:52 IST" duration-ms="11" status="PASS">
          <reporter-output>
          </reporter-output>
        </test-method> <!-- deleteAfterCatch -->
        <test-method is-config="true" signature="deleteBeforeCatch()[pri:0, instance:org.test.TeamCompanyContractor@47e2e487]" started-at="2023-06-26T20:40:52 IST" name="deleteBeforeCatch" finished-at="2023-06-26T20:40:52 IST" duration-ms="8" status="PASS">
          <reporter-output>
          </reporter-output>
        </test-method> <!-- deleteBeforeCatch -->
        <test-method signature="minValidationPhoneNumberField()[pri:17, instance:org.test.TeamCompanyContractor@47e2e487]" started-at="2023-06-26T20:40:52 IST" name="minValidationPhoneNumberField" finished-at="2023-06-26T20:40:52 IST" duration-ms="302" status="PASS">
          <reporter-output>
          </reporter-output>
        </test-method> <!-- minValidationPhoneNumberField -->
        <test-method is-config="true" signature="deleteAfterCatch()[pri:0, instance:org.test.TeamCompanyContractor@47e2e487]" started-at="2023-06-26T20:40:52 IST" name="deleteAfterCatch" finished-at="2023-06-26T20:40:52 IST" duration-ms="11" status="PASS">
          <reporter-output>
          </reporter-output>
        </test-method> <!-- deleteAfterCatch -->
        <test-method is-config="true" signature="deleteBeforeCatch()[pri:0, instance:org.test.TeamCompanyContractor@47e2e487]" started-at="2023-06-26T20:40:52 IST" name="deleteBeforeCatch" finished-at="2023-06-26T20:40:52 IST" duration-ms="8" status="PASS">
          <reporter-output>
          </reporter-output>
        </test-method> <!-- deleteBeforeCatch -->
        <test-method signature="maxValidationPhoneNumberField()[pri:18, instance:org.test.TeamCompanyContractor@47e2e487]" started-at="2023-06-26T20:40:52 IST" name="maxValidationPhoneNumberField" finished-at="2023-06-26T20:40:52 IST" duration-ms="348" status="PASS">
          <reporter-output>
          </reporter-output>
        </test-method> <!-- maxValidationPhoneNumberField -->
        <test-method is-config="true" signature="deleteAfterCatch()[pri:0, instance:org.test.TeamCompanyContractor@47e2e487]" started-at="2023-06-26T20:40:52 IST" name="deleteAfterCatch" finished-at="2023-06-26T20:40:52 IST" duration-ms="12" status="PASS">
          <reporter-output>
          </reporter-output>
        </test-method> <!-- deleteAfterCatch -->
        <test-method is-config="true" signature="deleteBeforeCatch()[pri:0, instance:org.test.TeamCompanyContractor@47e2e487]" started-at="2023-06-26T20:40:52 IST" name="deleteBeforeCatch" finished-at="2023-06-26T20:40:52 IST" duration-ms="7" status="PASS">
          <reporter-output>
          </reporter-output>
        </test-method> <!-- deleteBeforeCatch -->
        <test-method signature="maxValidationAddress1Field()[pri:19, instance:org.test.TeamCompanyContractor@47e2e487]" started-at="2023-06-26T20:40:52 IST" name="maxValidationAddress1Field" finished-at="2023-06-26T20:40:53 IST" duration-ms="921" status="PASS">
          <reporter-output>
          </reporter-output>
        </test-method> <!-- maxValidationAddress1Field -->
        <test-method is-config="true" signature="deleteAfterCatch()[pri:0, instance:org.test.TeamCompanyContractor@47e2e487]" started-at="2023-06-26T20:40:53 IST" name="deleteAfterCatch" finished-at="2023-06-26T20:40:53 IST" duration-ms="9" status="PASS">
          <reporter-output>
          </reporter-output>
        </test-method> <!-- deleteAfterCatch -->
        <test-method is-config="true" signature="deleteBeforeCatch()[pri:0, instance:org.test.TeamCompanyContractor@47e2e487]" started-at="2023-06-26T20:40:53 IST" name="deleteBeforeCatch" finished-at="2023-06-26T20:40:53 IST" duration-ms="8" status="PASS">
          <reporter-output>
          </reporter-output>
        </test-method> <!-- deleteBeforeCatch -->
        <test-method signature="maxValidationAddress2Field()[pri:20, instance:org.test.TeamCompanyContractor@47e2e487]" started-at="2023-06-26T20:40:53 IST" name="maxValidationAddress2Field" finished-at="2023-06-26T20:40:54 IST" duration-ms="901" status="PASS">
          <reporter-output>
          </reporter-output>
        </test-method> <!-- maxValidationAddress2Field -->
        <test-method is-config="true" signature="deleteAfterCatch()[pri:0, instance:org.test.TeamCompanyContractor@47e2e487]" started-at="2023-06-26T20:40:54 IST" name="deleteAfterCatch" finished-at="2023-06-26T20:40:54 IST" duration-ms="9" status="PASS">
          <reporter-output>
          </reporter-output>
        </test-method> <!-- deleteAfterCatch -->
        <test-method is-config="true" signature="deleteBeforeCatch()[pri:0, instance:org.test.TeamCompanyContractor@47e2e487]" started-at="2023-06-26T20:40:54 IST" name="deleteBeforeCatch" finished-at="2023-06-26T20:40:54 IST" duration-ms="8" status="PASS">
          <reporter-output>
          </reporter-output>
        </test-method> <!-- deleteBeforeCatch -->
        <test-method signature="maxValidationStateField()[pri:21, instance:org.test.TeamCompanyContractor@47e2e487]" started-at="2023-06-26T20:40:54 IST" name="maxValidationStateField" finished-at="2023-06-26T20:40:55 IST" duration-ms="946" status="PASS">
          <reporter-output>
          </reporter-output>
        </test-method> <!-- maxValidationStateField -->
        <test-method is-config="true" signature="deleteAfterCatch()[pri:0, instance:org.test.TeamCompanyContractor@47e2e487]" started-at="2023-06-26T20:40:55 IST" name="deleteAfterCatch" finished-at="2023-06-26T20:40:55 IST" duration-ms="12" status="PASS">
          <reporter-output>
          </reporter-output>
        </test-method> <!-- deleteAfterCatch -->
        <test-method is-config="true" signature="deleteBeforeCatch()[pri:0, instance:org.test.TeamCompanyContractor@47e2e487]" started-at="2023-06-26T20:40:55 IST" name="deleteBeforeCatch" finished-at="2023-06-26T20:40:55 IST" duration-ms="8" status="PASS">
          <reporter-output>
          </reporter-output>
        </test-method> <!-- deleteBeforeCatch -->
        <test-method signature="maxValidationCityField()[pri:22, instance:org.test.TeamCompanyContractor@47e2e487]" started-at="2023-06-26T20:40:55 IST" name="maxValidationCityField" finished-at="2023-06-26T20:40:56 IST" duration-ms="936" status="PASS">
          <reporter-output>
          </reporter-output>
        </test-method> <!-- maxValidationCityField -->
        <test-method is-config="true" signature="deleteAfterCatch()[pri:0, instance:org.test.TeamCompanyContractor@47e2e487]" started-at="2023-06-26T20:40:56 IST" name="deleteAfterCatch" finished-at="2023-06-26T20:40:56 IST" duration-ms="13" status="PASS">
          <reporter-output>
          </reporter-output>
        </test-method> <!-- deleteAfterCatch -->
        <test-method is-config="true" signature="deleteBeforeCatch()[pri:0, instance:org.test.TeamCompanyContractor@47e2e487]" started-at="2023-06-26T20:40:56 IST" name="deleteBeforeCatch" finished-at="2023-06-26T20:40:56 IST" duration-ms="8" status="PASS">
          <reporter-output>
          </reporter-output>
        </test-method> <!-- deleteBeforeCatch -->
        <test-method signature="maxValidationZipcodeField()[pri:23, instance:org.test.TeamCompanyContractor@47e2e487]" started-at="2023-06-26T20:40:56 IST" name="maxValidationZipcodeField" finished-at="2023-06-26T20:40:56 IST" duration-ms="338" status="PASS">
          <reporter-output>
          </reporter-output>
        </test-method> <!-- maxValidationZipcodeField -->
        <test-method is-config="true" signature="deleteAfterCatch()[pri:0, instance:org.test.TeamCompanyContractor@47e2e487]" started-at="2023-06-26T20:40:56 IST" name="deleteAfterCatch" finished-at="2023-06-26T20:40:56 IST" duration-ms="11" status="PASS">
          <reporter-output>
          </reporter-output>
        </test-method> <!-- deleteAfterCatch -->
        <test-method is-config="true" signature="deleteBeforeCatch()[pri:0, instance:org.test.TeamCompanyContractor@47e2e487]" started-at="2023-06-26T20:40:56 IST" name="deleteBeforeCatch" finished-at="2023-06-26T20:40:56 IST" duration-ms="9" status="PASS">
          <reporter-output>
          </reporter-output>
        </test-method> <!-- deleteBeforeCatch -->
        <test-method signature="minValidationZipcodeField()[pri:24, instance:org.test.TeamCompanyContractor@47e2e487]" started-at="2023-06-26T20:40:56 IST" name="minValidationZipcodeField" finished-at="2023-06-26T20:40:57 IST" duration-ms="297" status="PASS">
          <reporter-output>
          </reporter-output>
        </test-method> <!-- minValidationZipcodeField -->
        <test-method is-config="true" signature="deleteAfterCatch()[pri:0, instance:org.test.TeamCompanyContractor@47e2e487]" started-at="2023-06-26T20:40:57 IST" name="deleteAfterCatch" finished-at="2023-06-26T20:40:57 IST" duration-ms="8" status="PASS">
          <reporter-output>
          </reporter-output>
        </test-method> <!-- deleteAfterCatch -->
        <test-method is-config="true" signature="deleteBeforeCatch()[pri:0, instance:org.test.TeamCompanyContractor@47e2e487]" started-at="2023-06-26T20:40:57 IST" name="deleteBeforeCatch" finished-at="2023-06-26T20:40:57 IST" duration-ms="8" status="PASS">
          <reporter-output>
          </reporter-output>
        </test-method> <!-- deleteBeforeCatch -->
        <test-method signature="characterValidationZipcodeField()[pri:25, instance:org.test.TeamCompanyContractor@47e2e487]" started-at="2023-06-26T20:40:57 IST" name="characterValidationZipcodeField" finished-at="2023-06-26T20:40:57 IST" duration-ms="284" status="PASS">
          <reporter-output>
          </reporter-output>
        </test-method> <!-- characterValidationZipcodeField -->
        <test-method is-config="true" signature="deleteAfterCatch()[pri:0, instance:org.test.TeamCompanyContractor@47e2e487]" started-at="2023-06-26T20:40:57 IST" name="deleteAfterCatch" finished-at="2023-06-26T20:40:57 IST" duration-ms="7" status="PASS">
          <reporter-output>
          </reporter-output>
        </test-method> <!-- deleteAfterCatch -->
        <test-method is-config="true" signature="deleteBeforeCatch()[pri:0, instance:org.test.TeamCompanyContractor@47e2e487]" started-at="2023-06-26T20:40:57 IST" name="deleteBeforeCatch" finished-at="2023-06-26T20:40:57 IST" duration-ms="8" status="PASS">
          <reporter-output>
          </reporter-output>
        </test-method> <!-- deleteBeforeCatch -->
        <test-method signature="maxValidationContactPerson()[pri:26, instance:org.test.TeamCompanyContractor@47e2e487]" started-at="2023-06-26T20:40:57 IST" name="maxValidationContactPerson" finished-at="2023-06-26T20:40:59 IST" duration-ms="1830" status="PASS">
          <reporter-output>
          </reporter-output>
        </test-method> <!-- maxValidationContactPerson -->
        <test-method is-config="true" signature="deleteAfterCatch()[pri:0, instance:org.test.TeamCompanyContractor@47e2e487]" started-at="2023-06-26T20:40:59 IST" name="deleteAfterCatch" finished-at="2023-06-26T20:40:59 IST" duration-ms="5" status="PASS">
          <reporter-output>
          </reporter-output>
        </test-method> <!-- deleteAfterCatch -->
        <test-method is-config="true" signature="deleteBeforeCatch()[pri:0, instance:org.test.TeamCompanyContractor@47e2e487]" started-at="2023-06-26T20:40:59 IST" name="deleteBeforeCatch" finished-at="2023-06-26T20:40:59 IST" duration-ms="7" status="PASS">
          <reporter-output>
          </reporter-output>
        </test-method> <!-- deleteBeforeCatch -->
        <test-method signature="verifySaveButtonExist()[pri:27, instance:org.test.TeamCompanyContractor@47e2e487]" started-at="2023-06-26T20:40:59 IST" name="verifySaveButtonExist" finished-at="2023-06-26T20:40:59 IST" duration-ms="59" status="PASS">
          <reporter-output>
          </reporter-output>
        </test-method> <!-- verifySaveButtonExist -->
        <test-method is-config="true" signature="deleteAfterCatch()[pri:0, instance:org.test.TeamCompanyContractor@47e2e487]" started-at="2023-06-26T20:40:59 IST" name="deleteAfterCatch" finished-at="2023-06-26T20:40:59 IST" duration-ms="7" status="PASS">
          <reporter-output>
          </reporter-output>
        </test-method> <!-- deleteAfterCatch -->
        <test-method is-config="true" signature="deleteBeforeCatch()[pri:0, instance:org.test.TeamCompanyContractor@47e2e487]" started-at="2023-06-26T20:40:59 IST" name="deleteBeforeCatch" finished-at="2023-06-26T20:40:59 IST" duration-ms="9" status="PASS">
          <reporter-output>
          </reporter-output>
        </test-method> <!-- deleteBeforeCatch -->
        <test-method signature="createContract()[pri:28, instance:org.test.TeamCompanyContractor@47e2e487]" started-at="2023-06-26T20:40:59 IST" name="createContract" finished-at="2023-06-26T20:41:14 IST" duration-ms="14992" status="PASS">
          <reporter-output>
          </reporter-output>
        </test-method> <!-- createContract -->
        <test-method is-config="true" signature="deleteAfterCatch()[pri:0, instance:org.test.TeamCompanyContractor@47e2e487]" started-at="2023-06-26T20:41:14 IST" name="deleteAfterCatch" finished-at="2023-06-26T20:41:14 IST" duration-ms="92" status="PASS">
          <reporter-output>
          </reporter-output>
        </test-method> <!-- deleteAfterCatch -->
        <test-method is-config="true" signature="deleteBeforeCatch()[pri:0, instance:org.test.TeamCompanyContractor@47e2e487]" started-at="2023-06-26T20:41:14 IST" name="deleteBeforeCatch" finished-at="2023-06-26T20:41:14 IST" duration-ms="53" status="PASS">
          <reporter-output>
          </reporter-output>
        </test-method> <!-- deleteBeforeCatch -->
        <test-method signature="companiesContractorCount()[pri:29, instance:org.test.TeamCompanyContractor@47e2e487]" started-at="2023-06-26T20:41:14 IST" name="companiesContractorCount" finished-at="2023-06-26T20:41:15 IST" duration-ms="1261" status="PASS">
          <reporter-output>
          </reporter-output>
        </test-method> <!-- companiesContractorCount -->
        <test-method is-config="true" signature="deleteAfterCatch()[pri:0, instance:org.test.TeamCompanyContractor@47e2e487]" started-at="2023-06-26T20:41:15 IST" name="deleteAfterCatch" finished-at="2023-06-26T20:41:15 IST" duration-ms="61" status="PASS">
          <reporter-output>
          </reporter-output>
        </test-method> <!-- deleteAfterCatch -->
        <test-method is-config="true" signature="deleteBeforeCatch()[pri:0, instance:org.test.TeamCompanyContractor@47e2e487]" started-at="2023-06-26T20:41:15 IST" name="deleteBeforeCatch" finished-at="2023-06-26T20:41:15 IST" duration-ms="66" status="PASS">
          <reporter-output>
          </reporter-output>
        </test-method> <!-- deleteBeforeCatch -->
        <test-method signature="contractotCompanyNameExistedValidation()[pri:30, instance:org.test.TeamCompanyContractor@47e2e487]" started-at="2023-06-26T20:41:15 IST" name="contractotCompanyNameExistedValidation" finished-at="2023-06-26T20:41:18 IST" duration-ms="2027" status="PASS">
          <reporter-output>
          </reporter-output>
        </test-method> <!-- contractotCompanyNameExistedValidation -->
        <test-method is-config="true" signature="deleteAfterCatch()[pri:0, instance:org.test.TeamCompanyContractor@47e2e487]" started-at="2023-06-26T20:41:18 IST" name="deleteAfterCatch" finished-at="2023-06-26T20:41:18 IST" duration-ms="20" status="PASS">
          <reporter-output>
          </reporter-output>
        </test-method> <!-- deleteAfterCatch -->
        <test-method is-config="true" signature="deleteBeforeCatch()[pri:0, instance:org.test.TeamCompanyContractor@47e2e487]" started-at="2023-06-26T20:41:18 IST" name="deleteBeforeCatch" finished-at="2023-06-26T20:41:18 IST" duration-ms="10" status="PASS">
          <reporter-output>
          </reporter-output>
        </test-method> <!-- deleteBeforeCatch -->
        <test-method signature="contractorAlreadyEmailValidation()[pri:31, instance:org.test.TeamCompanyContractor@47e2e487]" started-at="2023-06-26T20:41:18 IST" name="contractorAlreadyEmailValidation" finished-at="2023-06-26T20:41:25 IST" duration-ms="7350" status="PASS">
          <reporter-output>
          </reporter-output>
        </test-method> <!-- contractorAlreadyEmailValidation -->
        <test-method is-config="true" signature="deleteAfterCatch()[pri:0, instance:org.test.TeamCompanyContractor@47e2e487]" started-at="2023-06-26T20:41:25 IST" name="deleteAfterCatch" finished-at="2023-06-26T20:41:25 IST" duration-ms="415" status="PASS">
          <reporter-output>
          </reporter-output>
        </test-method> <!-- deleteAfterCatch -->
        <test-method is-config="true" signature="deleteBeforeCatch()[pri:0, instance:org.test.TeamCompanyContractor@47e2e487]" started-at="2023-06-26T20:41:25 IST" name="deleteBeforeCatch" finished-at="2023-06-26T20:41:25 IST" duration-ms="191" status="PASS">
          <reporter-output>
          </reporter-output>
        </test-method> <!-- deleteBeforeCatch -->
        <test-method signature="searchCompanyNameListValidation()[pri:33, instance:org.test.TeamCompanyContractor@47e2e487]" started-at="2023-06-26T20:41:25 IST" name="searchCompanyNameListValidation" finished-at="2023-06-26T20:41:39 IST" duration-ms="13871" status="PASS">
          <reporter-output>
          </reporter-output>
        </test-method> <!-- searchCompanyNameListValidation -->
        <test-method is-config="true" signature="deleteAfterCatch()[pri:0, instance:org.test.TeamCompanyContractor@47e2e487]" started-at="2023-06-26T20:41:39 IST" name="deleteAfterCatch" finished-at="2023-06-26T20:41:39 IST" duration-ms="8" status="PASS">
          <reporter-output>
          </reporter-output>
        </test-method> <!-- deleteAfterCatch -->
        <test-method is-config="true" signature="deleteBeforeCatch()[pri:0, instance:org.test.TeamCompanyContractor@47e2e487]" started-at="2023-06-26T20:41:39 IST" name="deleteBeforeCatch" finished-at="2023-06-26T20:41:39 IST" duration-ms="8" status="PASS">
          <reporter-output>
          </reporter-output>
        </test-method> <!-- deleteBeforeCatch -->
        <test-method signature="searchNameListValidation()[pri:34, instance:org.test.TeamCompanyContractor@47e2e487]" started-at="2023-06-26T20:41:39 IST" name="searchNameListValidation" finished-at="2023-06-26T20:41:42 IST" duration-ms="2696" status="PASS">
          <reporter-output>
          </reporter-output>
        </test-method> <!-- searchNameListValidation -->
        <test-method is-config="true" signature="deleteAfterCatch()[pri:0, instance:org.test.TeamCompanyContractor@47e2e487]" started-at="2023-06-26T20:41:42 IST" name="deleteAfterCatch" finished-at="2023-06-26T20:41:42 IST" duration-ms="13" status="PASS">
          <reporter-output>
          </reporter-output>
        </test-method> <!-- deleteAfterCatch -->
        <test-method is-config="true" signature="deleteBeforeCatch()[pri:0, instance:org.test.TeamCompanyContractor@47e2e487]" started-at="2023-06-26T20:41:42 IST" name="deleteBeforeCatch" finished-at="2023-06-26T20:41:42 IST" duration-ms="7" status="PASS">
          <reporter-output>
          </reporter-output>
        </test-method> <!-- deleteBeforeCatch -->
        <test-method signature="searchEmailListValidation()[pri:35, instance:org.test.TeamCompanyContractor@47e2e487]" started-at="2023-06-26T20:41:42 IST" name="searchEmailListValidation" finished-at="2023-06-26T20:41:45 IST" duration-ms="2698" status="PASS">
          <reporter-output>
          </reporter-output>
        </test-method> <!-- searchEmailListValidation -->
        <test-method is-config="true" signature="deleteAfterCatch()[pri:0, instance:org.test.TeamCompanyContractor@47e2e487]" started-at="2023-06-26T20:41:45 IST" name="deleteAfterCatch" finished-at="2023-06-26T20:41:45 IST" duration-ms="6" status="PASS">
          <reporter-output>
          </reporter-output>
        </test-method> <!-- deleteAfterCatch -->
        <test-method is-config="true" signature="deleteBeforeCatch()[pri:0, instance:org.test.TeamCompanyContractor@47e2e487]" started-at="2023-06-26T20:41:45 IST" name="deleteBeforeCatch" finished-at="2023-06-26T20:41:45 IST" duration-ms="6" status="PASS">
          <reporter-output>
          </reporter-output>
        </test-method> <!-- deleteBeforeCatch -->
        <test-method signature="searchPhoneNumberListValidation()[pri:36, instance:org.test.TeamCompanyContractor@47e2e487]" started-at="2023-06-26T20:41:45 IST" name="searchPhoneNumberListValidation" finished-at="2023-06-26T20:41:47 IST" duration-ms="2613" status="PASS">
          <reporter-output>
          </reporter-output>
        </test-method> <!-- searchPhoneNumberListValidation -->
        <test-method is-config="true" signature="deleteAfterCatch()[pri:0, instance:org.test.TeamCompanyContractor@47e2e487]" started-at="2023-06-26T20:41:47 IST" name="deleteAfterCatch" finished-at="2023-06-26T20:41:47 IST" duration-ms="8" status="PASS">
          <reporter-output>
          </reporter-output>
        </test-method> <!-- deleteAfterCatch -->
        <test-method is-config="true" signature="deleteBeforeCatch()[pri:0, instance:org.test.TeamCompanyContractor@47e2e487]" started-at="2023-06-26T20:41:47 IST" name="deleteBeforeCatch" finished-at="2023-06-26T20:41:47 IST" duration-ms="9" status="PASS">
          <reporter-output>
          </reporter-output>
        </test-method> <!-- deleteBeforeCatch -->
        <test-method signature="invalidValidationData()[pri:37, instance:org.test.TeamCompanyContractor@47e2e487]" started-at="2023-06-26T20:41:47 IST" name="invalidValidationData" finished-at="2023-06-26T20:41:50 IST" duration-ms="2456" status="PASS">
          <reporter-output>
          </reporter-output>
        </test-method> <!-- invalidValidationData -->
        <test-method is-config="true" signature="deleteAfterCatch()[pri:0, instance:org.test.TeamCompanyContractor@47e2e487]" started-at="2023-06-26T20:41:50 IST" name="deleteAfterCatch" finished-at="2023-06-26T20:41:50 IST" duration-ms="10" status="PASS">
          <reporter-output>
          </reporter-output>
        </test-method> <!-- deleteAfterCatch -->
        <test-method is-config="true" signature="deleteBeforeCatch()[pri:0, instance:org.test.TeamCompanyContractor@47e2e487]" started-at="2023-06-26T20:41:50 IST" name="deleteBeforeCatch" finished-at="2023-06-26T20:41:50 IST" duration-ms="10" status="PASS">
          <reporter-output>
          </reporter-output>
        </test-method> <!-- deleteBeforeCatch -->
        <test-method signature="editLable()[pri:38, instance:org.test.TeamCompanyContractor@47e2e487]" started-at="2023-06-26T20:41:50 IST" name="editLable" finished-at="2023-06-26T20:41:56 IST" duration-ms="6155" status="PASS">
          <reporter-output>
          </reporter-output>
        </test-method> <!-- editLable -->
        <test-method is-config="true" signature="deleteAfterCatch()[pri:0, instance:org.test.TeamCompanyContractor@47e2e487]" started-at="2023-06-26T20:41:56 IST" name="deleteAfterCatch" finished-at="2023-06-26T20:41:56 IST" duration-ms="97" status="PASS">
          <reporter-output>
          </reporter-output>
        </test-method> <!-- deleteAfterCatch -->
        <test-method is-config="true" signature="deleteBeforeCatch()[pri:0, instance:org.test.TeamCompanyContractor@47e2e487]" started-at="2023-06-26T20:41:56 IST" name="deleteBeforeCatch" finished-at="2023-06-26T20:41:56 IST" duration-ms="52" status="PASS">
          <reporter-output>
          </reporter-output>
        </test-method> <!-- deleteBeforeCatch -->
        <test-method signature="contractorNamePrepopulate()[pri:39, instance:org.test.TeamCompanyContractor@47e2e487]" started-at="2023-06-26T20:41:56 IST" name="contractorNamePrepopulate" finished-at="2023-06-26T20:41:57 IST" duration-ms="429" status="PASS">
          <reporter-output>
          </reporter-output>
        </test-method> <!-- contractorNamePrepopulate -->
        <test-method is-config="true" signature="deleteAfterCatch()[pri:0, instance:org.test.TeamCompanyContractor@47e2e487]" started-at="2023-06-26T20:41:57 IST" name="deleteAfterCatch" finished-at="2023-06-26T20:41:57 IST" duration-ms="97" status="PASS">
          <reporter-output>
          </reporter-output>
        </test-method> <!-- deleteAfterCatch -->
        <test-method is-config="true" signature="deleteBeforeCatch()[pri:0, instance:org.test.TeamCompanyContractor@47e2e487]" started-at="2023-06-26T20:41:57 IST" name="deleteBeforeCatch" finished-at="2023-06-26T20:41:57 IST" duration-ms="53" status="PASS">
          <reporter-output>
          </reporter-output>
        </test-method> <!-- deleteBeforeCatch -->
        <test-method signature="firstNamePrepopulate()[pri:40, instance:org.test.TeamCompanyContractor@47e2e487]" started-at="2023-06-26T20:41:57 IST" name="firstNamePrepopulate" finished-at="2023-06-26T20:41:57 IST" duration-ms="440" status="PASS">
          <reporter-output>
          </reporter-output>
        </test-method> <!-- firstNamePrepopulate -->
        <test-method is-config="true" signature="deleteAfterCatch()[pri:0, instance:org.test.TeamCompanyContractor@47e2e487]" started-at="2023-06-26T20:41:57 IST" name="deleteAfterCatch" finished-at="2023-06-26T20:41:57 IST" duration-ms="60" status="PASS">
          <reporter-output>
          </reporter-output>
        </test-method> <!-- deleteAfterCatch -->
        <test-method is-config="true" signature="deleteBeforeCatch()[pri:0, instance:org.test.TeamCompanyContractor@47e2e487]" started-at="2023-06-26T20:41:57 IST" name="deleteBeforeCatch" finished-at="2023-06-26T20:41:57 IST" duration-ms="48" status="PASS">
          <reporter-output>
          </reporter-output>
        </test-method> <!-- deleteBeforeCatch -->
        <test-method signature="lastNamePrepopulate()[pri:41, instance:org.test.TeamCompanyContractor@47e2e487]" started-at="2023-06-26T20:41:57 IST" name="lastNamePrepopulate" finished-at="2023-06-26T20:41:58 IST" duration-ms="462" status="PASS">
          <reporter-output>
          </reporter-output>
        </test-method> <!-- lastNamePrepopulate -->
        <test-method is-config="true" signature="deleteAfterCatch()[pri:0, instance:org.test.TeamCompanyContractor@47e2e487]" started-at="2023-06-26T20:41:58 IST" name="deleteAfterCatch" finished-at="2023-06-26T20:41:58 IST" duration-ms="61" status="PASS">
          <reporter-output>
          </reporter-output>
        </test-method> <!-- deleteAfterCatch -->
        <test-method is-config="true" signature="deleteBeforeCatch()[pri:0, instance:org.test.TeamCompanyContractor@47e2e487]" started-at="2023-06-26T20:41:58 IST" name="deleteBeforeCatch" finished-at="2023-06-26T20:41:58 IST" duration-ms="46" status="PASS">
          <reporter-output>
          </reporter-output>
        </test-method> <!-- deleteBeforeCatch -->
        <test-method signature="emailPrepopulate()[pri:42, instance:org.test.TeamCompanyContractor@47e2e487]" started-at="2023-06-26T20:41:58 IST" name="emailPrepopulate" finished-at="2023-06-26T20:41:58 IST" duration-ms="451" status="PASS">
          <reporter-output>
          </reporter-output>
        </test-method> <!-- emailPrepopulate -->
        <test-method is-config="true" signature="deleteAfterCatch()[pri:0, instance:org.test.TeamCompanyContractor@47e2e487]" started-at="2023-06-26T20:41:58 IST" name="deleteAfterCatch" finished-at="2023-06-26T20:41:58 IST" duration-ms="65" status="PASS">
          <reporter-output>
          </reporter-output>
        </test-method> <!-- deleteAfterCatch -->
        <test-method is-config="true" signature="deleteBeforeCatch()[pri:0, instance:org.test.TeamCompanyContractor@47e2e487]" started-at="2023-06-26T20:41:58 IST" name="deleteBeforeCatch" finished-at="2023-06-26T20:41:59 IST" duration-ms="49" status="PASS">
          <reporter-output>
          </reporter-output>
        </test-method> <!-- deleteBeforeCatch -->
        <test-method signature="faxPrepopulate()[pri:43, instance:org.test.TeamCompanyContractor@47e2e487]" started-at="2023-06-26T20:41:59 IST" name="faxPrepopulate" finished-at="2023-06-26T20:41:59 IST" duration-ms="484" status="PASS">
          <reporter-output>
          </reporter-output>
        </test-method> <!-- faxPrepopulate -->
        <test-method is-config="true" signature="deleteAfterCatch()[pri:0, instance:org.test.TeamCompanyContractor@47e2e487]" started-at="2023-06-26T20:41:59 IST" name="deleteAfterCatch" finished-at="2023-06-26T20:41:59 IST" duration-ms="49" status="PASS">
          <reporter-output>
          </reporter-output>
        </test-method> <!-- deleteAfterCatch -->
        <test-method is-config="true" signature="deleteBeforeCatch()[pri:0, instance:org.test.TeamCompanyContractor@47e2e487]" started-at="2023-06-26T20:41:59 IST" name="deleteBeforeCatch" finished-at="2023-06-26T20:41:59 IST" duration-ms="47" status="PASS">
          <reporter-output>
          </reporter-output>
        </test-method> <!-- deleteBeforeCatch -->
        <test-method signature="phoneNumberPrepopulate()[pri:44, instance:org.test.TeamCompanyContractor@47e2e487]" started-at="2023-06-26T20:41:59 IST" name="phoneNumberPrepopulate" finished-at="2023-06-26T20:42:00 IST" duration-ms="482" status="PASS">
          <reporter-output>
          </reporter-output>
        </test-method> <!-- phoneNumberPrepopulate -->
        <test-method is-config="true" signature="deleteAfterCatch()[pri:0, instance:org.test.TeamCompanyContractor@47e2e487]" started-at="2023-06-26T20:42:00 IST" name="deleteAfterCatch" finished-at="2023-06-26T20:42:00 IST" duration-ms="107" status="PASS">
          <reporter-output>
          </reporter-output>
        </test-method> <!-- deleteAfterCatch -->
        <test-method is-config="true" signature="deleteBeforeCatch()[pri:0, instance:org.test.TeamCompanyContractor@47e2e487]" started-at="2023-06-26T20:42:00 IST" name="deleteBeforeCatch" finished-at="2023-06-26T20:42:00 IST" duration-ms="95" status="PASS">
          <reporter-output>
          </reporter-output>
        </test-method> <!-- deleteBeforeCatch -->
        <test-method signature="websitePrepopulate()[pri:45, instance:org.test.TeamCompanyContractor@47e2e487]" started-at="2023-06-26T20:42:00 IST" name="websitePrepopulate" finished-at="2023-06-26T20:42:02 IST" duration-ms="1725" status="PASS">
          <reporter-output>
          </reporter-output>
        </test-method> <!-- websitePrepopulate -->
        <test-method is-config="true" signature="deleteAfterCatch()[pri:0, instance:org.test.TeamCompanyContractor@47e2e487]" started-at="2023-06-26T20:42:02 IST" name="deleteAfterCatch" finished-at="2023-06-26T20:42:02 IST" duration-ms="150" status="PASS">
          <reporter-output>
          </reporter-output>
        </test-method> <!-- deleteAfterCatch -->
        <test-method is-config="true" signature="deleteBeforeCatch()[pri:0, instance:org.test.TeamCompanyContractor@47e2e487]" started-at="2023-06-26T20:42:02 IST" name="deleteBeforeCatch" finished-at="2023-06-26T20:42:02 IST" duration-ms="55" status="PASS">
          <reporter-output>
          </reporter-output>
        </test-method> <!-- deleteBeforeCatch -->
        <test-method signature="locationNamePrepopulate()[pri:46, instance:org.test.TeamCompanyContractor@47e2e487]" started-at="2023-06-26T20:42:02 IST" name="locationNamePrepopulate" finished-at="2023-06-26T20:42:02 IST" duration-ms="619" status="PASS">
          <reporter-output>
          </reporter-output>
        </test-method> <!-- locationNamePrepopulate -->
        <test-method is-config="true" signature="deleteAfterCatch()[pri:0, instance:org.test.TeamCompanyContractor@47e2e487]" started-at="2023-06-26T20:42:02 IST" name="deleteAfterCatch" finished-at="2023-06-26T20:42:02 IST" duration-ms="14" status="PASS">
          <reporter-output>
          </reporter-output>
        </test-method> <!-- deleteAfterCatch -->
        <test-method is-config="true" signature="deleteBeforeCatch()[pri:0, instance:org.test.TeamCompanyContractor@47e2e487]" started-at="2023-06-26T20:42:02 IST" name="deleteBeforeCatch" finished-at="2023-06-26T20:42:02 IST" duration-ms="15" status="PASS">
          <reporter-output>
          </reporter-output>
        </test-method> <!-- deleteBeforeCatch -->
        <test-method signature="locationEmailPrepopulate()[pri:47, instance:org.test.TeamCompanyContractor@47e2e487]" started-at="2023-06-26T20:42:02 IST" name="locationEmailPrepopulate" finished-at="2023-06-26T20:42:02 IST" duration-ms="81" status="PASS">
          <reporter-output>
          </reporter-output>
        </test-method> <!-- locationEmailPrepopulate -->
        <test-method is-config="true" signature="deleteAfterCatch()[pri:0, instance:org.test.TeamCompanyContractor@47e2e487]" started-at="2023-06-26T20:42:02 IST" name="deleteAfterCatch" finished-at="2023-06-26T20:42:02 IST" duration-ms="11" status="PASS">
          <reporter-output>
          </reporter-output>
        </test-method> <!-- deleteAfterCatch -->
        <test-method is-config="true" signature="deleteBeforeCatch()[pri:0, instance:org.test.TeamCompanyContractor@47e2e487]" started-at="2023-06-26T20:42:02 IST" name="deleteBeforeCatch" finished-at="2023-06-26T20:42:02 IST" duration-ms="10" status="PASS">
          <reporter-output>
          </reporter-output>
        </test-method> <!-- deleteBeforeCatch -->
        <test-method signature="locationContactPersonPrepopulate()[pri:48, instance:org.test.TeamCompanyContractor@47e2e487]" started-at="2023-06-26T20:42:02 IST" name="locationContactPersonPrepopulate" finished-at="2023-06-26T20:42:03 IST" duration-ms="94" status="PASS">
          <reporter-output>
          </reporter-output>
        </test-method> <!-- locationContactPersonPrepopulate -->
        <test-method is-config="true" signature="deleteAfterCatch()[pri:0, instance:org.test.TeamCompanyContractor@47e2e487]" started-at="2023-06-26T20:42:03 IST" name="deleteAfterCatch" finished-at="2023-06-26T20:42:03 IST" duration-ms="11" status="PASS">
          <reporter-output>
          </reporter-output>
        </test-method> <!-- deleteAfterCatch -->
        <test-method is-config="true" signature="deleteBeforeCatch()[pri:0, instance:org.test.TeamCompanyContractor@47e2e487]" started-at="2023-06-26T20:42:03 IST" name="deleteBeforeCatch" finished-at="2023-06-26T20:42:03 IST" duration-ms="11" status="PASS">
          <reporter-output>
          </reporter-output>
        </test-method> <!-- deleteBeforeCatch -->
        <test-method signature="locationPhoneNumberPersonPrepopulate()[pri:49, instance:org.test.TeamCompanyContractor@47e2e487]" started-at="2023-06-26T20:42:03 IST" name="locationPhoneNumberPersonPrepopulate" finished-at="2023-06-26T20:42:03 IST" duration-ms="76" status="PASS">
          <reporter-output>
          </reporter-output>
        </test-method> <!-- locationPhoneNumberPersonPrepopulate -->
        <test-method is-config="true" signature="deleteAfterCatch()[pri:0, instance:org.test.TeamCompanyContractor@47e2e487]" started-at="2023-06-26T20:42:03 IST" name="deleteAfterCatch" finished-at="2023-06-26T20:42:03 IST" duration-ms="8" status="PASS">
          <reporter-output>
          </reporter-output>
        </test-method> <!-- deleteAfterCatch -->
        <test-method is-config="true" signature="deleteBeforeCatch()[pri:0, instance:org.test.TeamCompanyContractor@47e2e487]" started-at="2023-06-26T20:42:03 IST" name="deleteBeforeCatch" finished-at="2023-06-26T20:42:03 IST" duration-ms="8" status="PASS">
          <reporter-output>
          </reporter-output>
        </test-method> <!-- deleteBeforeCatch -->
        <test-method signature="locationAddress1Prepopulate()[pri:50, instance:org.test.TeamCompanyContractor@47e2e487]" started-at="2023-06-26T20:42:03 IST" name="locationAddress1Prepopulate" finished-at="2023-06-26T20:42:03 IST" duration-ms="62" status="PASS">
          <reporter-output>
          </reporter-output>
        </test-method> <!-- locationAddress1Prepopulate -->
        <test-method is-config="true" signature="deleteAfterCatch()[pri:0, instance:org.test.TeamCompanyContractor@47e2e487]" started-at="2023-06-26T20:42:03 IST" name="deleteAfterCatch" finished-at="2023-06-26T20:42:03 IST" duration-ms="7" status="PASS">
          <reporter-output>
          </reporter-output>
        </test-method> <!-- deleteAfterCatch -->
        <test-method is-config="true" signature="deleteBeforeCatch()[pri:0, instance:org.test.TeamCompanyContractor@47e2e487]" started-at="2023-06-26T20:42:03 IST" name="deleteBeforeCatch" finished-at="2023-06-26T20:42:03 IST" duration-ms="7" status="PASS">
          <reporter-output>
          </reporter-output>
        </test-method> <!-- deleteBeforeCatch -->
        <test-method signature="locationAddress2Prepopulate()[pri:51, instance:org.test.TeamCompanyContractor@47e2e487]" started-at="2023-06-26T20:42:03 IST" name="locationAddress2Prepopulate" finished-at="2023-06-26T20:42:03 IST" duration-ms="52" status="PASS">
          <reporter-output>
          </reporter-output>
        </test-method> <!-- locationAddress2Prepopulate -->
        <test-method is-config="true" signature="deleteAfterCatch()[pri:0, instance:org.test.TeamCompanyContractor@47e2e487]" started-at="2023-06-26T20:42:03 IST" name="deleteAfterCatch" finished-at="2023-06-26T20:42:03 IST" duration-ms="7" status="PASS">
          <reporter-output>
          </reporter-output>
        </test-method> <!-- deleteAfterCatch -->
        <test-method is-config="true" signature="deleteBeforeCatch()[pri:0, instance:org.test.TeamCompanyContractor@47e2e487]" started-at="2023-06-26T20:42:03 IST" name="deleteBeforeCatch" finished-at="2023-06-26T20:42:03 IST" duration-ms="7" status="PASS">
          <reporter-output>
          </reporter-output>
        </test-method> <!-- deleteBeforeCatch -->
        <test-method signature="locationCityPrepopulate()[pri:52, instance:org.test.TeamCompanyContractor@47e2e487]" started-at="2023-06-26T20:42:03 IST" name="locationCityPrepopulate" finished-at="2023-06-26T20:42:03 IST" duration-ms="53" status="PASS">
          <reporter-output>
          </reporter-output>
        </test-method> <!-- locationCityPrepopulate -->
        <test-method is-config="true" signature="deleteAfterCatch()[pri:0, instance:org.test.TeamCompanyContractor@47e2e487]" started-at="2023-06-26T20:42:03 IST" name="deleteAfterCatch" finished-at="2023-06-26T20:42:03 IST" duration-ms="7" status="PASS">
          <reporter-output>
          </reporter-output>
        </test-method> <!-- deleteAfterCatch -->
        <test-method is-config="true" signature="deleteBeforeCatch()[pri:0, instance:org.test.TeamCompanyContractor@47e2e487]" started-at="2023-06-26T20:42:03 IST" name="deleteBeforeCatch" finished-at="2023-06-26T20:42:03 IST" duration-ms="7" status="PASS">
          <reporter-output>
          </reporter-output>
        </test-method> <!-- deleteBeforeCatch -->
        <test-method signature="locationStatePrepopulate()[pri:53, instance:org.test.TeamCompanyContractor@47e2e487]" started-at="2023-06-26T20:42:03 IST" name="locationStatePrepopulate" finished-at="2023-06-26T20:42:03 IST" duration-ms="51" status="PASS">
          <reporter-output>
          </reporter-output>
        </test-method> <!-- locationStatePrepopulate -->
        <test-method is-config="true" signature="deleteAfterCatch()[pri:0, instance:org.test.TeamCompanyContractor@47e2e487]" started-at="2023-06-26T20:42:03 IST" name="deleteAfterCatch" finished-at="2023-06-26T20:42:03 IST" duration-ms="7" status="PASS">
          <reporter-output>
          </reporter-output>
        </test-method> <!-- deleteAfterCatch -->
        <test-method is-config="true" signature="deleteBeforeCatch()[pri:0, instance:org.test.TeamCompanyContractor@47e2e487]" started-at="2023-06-26T20:42:03 IST" name="deleteBeforeCatch" finished-at="2023-06-26T20:42:03 IST" duration-ms="7" status="PASS">
          <reporter-output>
          </reporter-output>
        </test-method> <!-- deleteBeforeCatch -->
        <test-method signature="locationZipcodePrepopulate()[pri:54, instance:org.test.TeamCompanyContractor@47e2e487]" started-at="2023-06-26T20:42:03 IST" name="locationZipcodePrepopulate" finished-at="2023-06-26T20:42:04 IST" duration-ms="608" status="PASS">
          <reporter-output>
          </reporter-output>
        </test-method> <!-- locationZipcodePrepopulate -->
        <test-method is-config="true" signature="deleteAfterCatch()[pri:0, instance:org.test.TeamCompanyContractor@47e2e487]" started-at="2023-06-26T20:42:04 IST" name="deleteAfterCatch" finished-at="2023-06-26T20:42:04 IST" duration-ms="8" status="PASS">
          <reporter-output>
          </reporter-output>
        </test-method> <!-- deleteAfterCatch -->
        <test-method is-config="true" signature="deleteBeforeCatch()[pri:0, instance:org.test.TeamCompanyContractor@47e2e487]" started-at="2023-06-26T20:42:04 IST" name="deleteBeforeCatch" finished-at="2023-06-26T20:42:04 IST" duration-ms="7" status="PASS">
          <reporter-output>
          </reporter-output>
        </test-method> <!-- deleteBeforeCatch -->
        <test-method signature="editverifyContractorNameMandatory()[pri:55, instance:org.test.TeamCompanyContractor@47e2e487]" started-at="2023-06-26T20:42:04 IST" name="editverifyContractorNameMandatory" finished-at="2023-06-26T20:42:04 IST" duration-ms="458" status="PASS">
          <reporter-output>
          </reporter-output>
        </test-method> <!-- editverifyContractorNameMandatory -->
        <test-method is-config="true" signature="deleteAfterCatch()[pri:0, instance:org.test.TeamCompanyContractor@47e2e487]" started-at="2023-06-26T20:42:04 IST" name="deleteAfterCatch" finished-at="2023-06-26T20:42:04 IST" duration-ms="7" status="PASS">
          <reporter-output>
          </reporter-output>
        </test-method> <!-- deleteAfterCatch -->
        <test-method is-config="true" signature="deleteBeforeCatch()[pri:0, instance:org.test.TeamCompanyContractor@47e2e487]" started-at="2023-06-26T20:42:04 IST" name="deleteBeforeCatch" finished-at="2023-06-26T20:42:04 IST" duration-ms="7" status="PASS">
          <reporter-output>
          </reporter-output>
        </test-method> <!-- deleteBeforeCatch -->
        <test-method signature="editverifyContractorNumberMinValidation()[pri:56, instance:org.test.TeamCompanyContractor@47e2e487]" started-at="2023-06-26T20:42:04 IST" name="editverifyContractorNumberMinValidation" finished-at="2023-06-26T20:42:04 IST" duration-ms="274" status="PASS">
          <reporter-output>
          </reporter-output>
        </test-method> <!-- editverifyContractorNumberMinValidation -->
        <test-method is-config="true" signature="deleteAfterCatch()[pri:0, instance:org.test.TeamCompanyContractor@47e2e487]" started-at="2023-06-26T20:42:04 IST" name="deleteAfterCatch" finished-at="2023-06-26T20:42:04 IST" duration-ms="8" status="PASS">
          <reporter-output>
          </reporter-output>
        </test-method> <!-- deleteAfterCatch -->
        <test-method is-config="true" signature="deleteBeforeCatch()[pri:0, instance:org.test.TeamCompanyContractor@47e2e487]" started-at="2023-06-26T20:42:04 IST" name="deleteBeforeCatch" finished-at="2023-06-26T20:42:04 IST" duration-ms="6" status="PASS">
          <reporter-output>
          </reporter-output>
        </test-method> <!-- deleteBeforeCatch -->
        <test-method signature="editverifyContractorEmailFormat()[pri:57, instance:org.test.TeamCompanyContractor@47e2e487]" started-at="2023-06-26T20:42:04 IST" name="editverifyContractorEmailFormat" finished-at="2023-06-26T20:42:05 IST" duration-ms="316" status="PASS">
          <reporter-output>
          </reporter-output>
        </test-method> <!-- editverifyContractorEmailFormat -->
        <test-method is-config="true" signature="deleteAfterCatch()[pri:0, instance:org.test.TeamCompanyContractor@47e2e487]" started-at="2023-06-26T20:42:05 IST" name="deleteAfterCatch" finished-at="2023-06-26T20:42:05 IST" duration-ms="14" status="PASS">
          <reporter-output>
          </reporter-output>
        </test-method> <!-- deleteAfterCatch -->
        <test-method is-config="true" signature="deleteBeforeCatch()[pri:0, instance:org.test.TeamCompanyContractor@47e2e487]" started-at="2023-06-26T20:42:05 IST" name="deleteBeforeCatch" finished-at="2023-06-26T20:42:05 IST" duration-ms="12" status="PASS">
          <reporter-output>
          </reporter-output>
        </test-method> <!-- deleteBeforeCatch -->
        <test-method signature="editverifyContractorNumberMaxValidation()[pri:58, instance:org.test.TeamCompanyContractor@47e2e487]" started-at="2023-06-26T20:42:05 IST" name="editverifyContractorNumberMaxValidation" finished-at="2023-06-26T20:42:05 IST" duration-ms="351" status="PASS">
          <reporter-output>
          </reporter-output>
        </test-method> <!-- editverifyContractorNumberMaxValidation -->
        <test-method is-config="true" signature="deleteAfterCatch()[pri:0, instance:org.test.TeamCompanyContractor@47e2e487]" started-at="2023-06-26T20:42:05 IST" name="deleteAfterCatch" finished-at="2023-06-26T20:42:05 IST" duration-ms="11" status="PASS">
          <reporter-output>
          </reporter-output>
        </test-method> <!-- deleteAfterCatch -->
        <test-method is-config="true" signature="deleteBeforeCatch()[pri:0, instance:org.test.TeamCompanyContractor@47e2e487]" started-at="2023-06-26T20:42:05 IST" name="deleteBeforeCatch" finished-at="2023-06-26T20:42:05 IST" duration-ms="10" status="PASS">
          <reporter-output>
          </reporter-output>
        </test-method> <!-- deleteBeforeCatch -->
        <test-method signature="editverifyFaxMinValidation()[pri:59, instance:org.test.TeamCompanyContractor@47e2e487]" started-at="2023-06-26T20:42:05 IST" name="editverifyFaxMinValidation" finished-at="2023-06-26T20:42:05 IST" duration-ms="265" status="PASS">
          <reporter-output>
          </reporter-output>
        </test-method> <!-- editverifyFaxMinValidation -->
        <test-method is-config="true" signature="deleteAfterCatch()[pri:0, instance:org.test.TeamCompanyContractor@47e2e487]" started-at="2023-06-26T20:42:05 IST" name="deleteAfterCatch" finished-at="2023-06-26T20:42:05 IST" duration-ms="12" status="PASS">
          <reporter-output>
          </reporter-output>
        </test-method> <!-- deleteAfterCatch -->
        <test-method is-config="true" signature="deleteBeforeCatch()[pri:0, instance:org.test.TeamCompanyContractor@47e2e487]" started-at="2023-06-26T20:42:05 IST" name="deleteBeforeCatch" finished-at="2023-06-26T20:42:05 IST" duration-ms="8" status="PASS">
          <reporter-output>
          </reporter-output>
        </test-method> <!-- deleteBeforeCatch -->
        <test-method signature="editverifyFaxMaxValidation()[pri:60, instance:org.test.TeamCompanyContractor@47e2e487]" started-at="2023-06-26T20:42:05 IST" name="editverifyFaxMaxValidation" finished-at="2023-06-26T20:42:06 IST" duration-ms="311" status="PASS">
          <reporter-output>
          </reporter-output>
        </test-method> <!-- editverifyFaxMaxValidation -->
        <test-method is-config="true" signature="deleteAfterCatch()[pri:0, instance:org.test.TeamCompanyContractor@47e2e487]" started-at="2023-06-26T20:42:06 IST" name="deleteAfterCatch" finished-at="2023-06-26T20:42:06 IST" duration-ms="25" status="PASS">
          <reporter-output>
          </reporter-output>
        </test-method> <!-- deleteAfterCatch -->
        <test-method is-config="true" signature="deleteBeforeCatch()[pri:0, instance:org.test.TeamCompanyContractor@47e2e487]" started-at="2023-06-26T20:42:06 IST" name="deleteBeforeCatch" finished-at="2023-06-26T20:42:06 IST" duration-ms="11" status="PASS">
          <reporter-output>
          </reporter-output>
        </test-method> <!-- deleteBeforeCatch -->
        <test-method signature="editverifyCpersonFirstNameMaxValidation()[pri:61, instance:org.test.TeamCompanyContractor@47e2e487]" started-at="2023-06-26T20:42:06 IST" name="editverifyCpersonFirstNameMaxValidation" finished-at="2023-06-26T20:42:07 IST" duration-ms="906" status="PASS">
          <reporter-output>
          </reporter-output>
        </test-method> <!-- editverifyCpersonFirstNameMaxValidation -->
        <test-method is-config="true" signature="deleteAfterCatch()[pri:0, instance:org.test.TeamCompanyContractor@47e2e487]" started-at="2023-06-26T20:42:07 IST" name="deleteAfterCatch" finished-at="2023-06-26T20:42:07 IST" duration-ms="12" status="PASS">
          <reporter-output>
          </reporter-output>
        </test-method> <!-- deleteAfterCatch -->
        <test-method is-config="true" signature="deleteBeforeCatch()[pri:0, instance:org.test.TeamCompanyContractor@47e2e487]" started-at="2023-06-26T20:42:07 IST" name="deleteBeforeCatch" finished-at="2023-06-26T20:42:07 IST" duration-ms="13" status="PASS">
          <reporter-output>
          </reporter-output>
        </test-method> <!-- deleteBeforeCatch -->
        <test-method signature="editverifyCpersonLastNameMaxValidation()[pri:62, instance:org.test.TeamCompanyContractor@47e2e487]" started-at="2023-06-26T20:42:07 IST" name="editverifyCpersonLastNameMaxValidation" finished-at="2023-06-26T20:42:08 IST" duration-ms="1584" status="PASS">
          <reporter-output>
          </reporter-output>
        </test-method> <!-- editverifyCpersonLastNameMaxValidation -->
        <test-method is-config="true" signature="deleteAfterCatch()[pri:0, instance:org.test.TeamCompanyContractor@47e2e487]" started-at="2023-06-26T20:42:08 IST" name="deleteAfterCatch" finished-at="2023-06-26T20:42:08 IST" duration-ms="10" status="PASS">
          <reporter-output>
          </reporter-output>
        </test-method> <!-- deleteAfterCatch -->
        <test-method is-config="true" signature="deleteBeforeCatch()[pri:0, instance:org.test.TeamCompanyContractor@47e2e487]" started-at="2023-06-26T20:42:08 IST" name="deleteBeforeCatch" finished-at="2023-06-26T20:42:08 IST" duration-ms="9" status="PASS">
          <reporter-output>
          </reporter-output>
        </test-method> <!-- deleteBeforeCatch -->
        <test-method signature="editmaxValidationLocationNameField()[pri:63, instance:org.test.TeamCompanyContractor@47e2e487]" started-at="2023-06-26T20:42:08 IST" name="editmaxValidationLocationNameField" finished-at="2023-06-26T20:42:09 IST" duration-ms="853" status="PASS">
          <reporter-output>
          </reporter-output>
        </test-method> <!-- editmaxValidationLocationNameField -->
        <test-method is-config="true" signature="deleteAfterCatch()[pri:0, instance:org.test.TeamCompanyContractor@47e2e487]" started-at="2023-06-26T20:42:09 IST" name="deleteAfterCatch" finished-at="2023-06-26T20:42:09 IST" duration-ms="13" status="PASS">
          <reporter-output>
          </reporter-output>
        </test-method> <!-- deleteAfterCatch -->
        <test-method is-config="true" signature="deleteBeforeCatch()[pri:0, instance:org.test.TeamCompanyContractor@47e2e487]" started-at="2023-06-26T20:42:09 IST" name="deleteBeforeCatch" finished-at="2023-06-26T20:42:09 IST" duration-ms="11" status="PASS">
          <reporter-output>
          </reporter-output>
        </test-method> <!-- deleteBeforeCatch -->
        <test-method signature="editvalidateEmailField()[pri:64, instance:org.test.TeamCompanyContractor@47e2e487]" started-at="2023-06-26T20:42:09 IST" name="editvalidateEmailField" finished-at="2023-06-26T20:42:09 IST" duration-ms="285" status="PASS">
          <reporter-output>
          </reporter-output>
        </test-method> <!-- editvalidateEmailField -->
        <test-method is-config="true" signature="deleteAfterCatch()[pri:0, instance:org.test.TeamCompanyContractor@47e2e487]" started-at="2023-06-26T20:42:09 IST" name="deleteAfterCatch" finished-at="2023-06-26T20:42:09 IST" duration-ms="11" status="PASS">
          <reporter-output>
          </reporter-output>
        </test-method> <!-- deleteAfterCatch -->
        <test-method is-config="true" signature="deleteBeforeCatch()[pri:0, instance:org.test.TeamCompanyContractor@47e2e487]" started-at="2023-06-26T20:42:09 IST" name="deleteBeforeCatch" finished-at="2023-06-26T20:42:09 IST" duration-ms="22" status="PASS">
          <reporter-output>
          </reporter-output>
        </test-method> <!-- deleteBeforeCatch -->
        <test-method signature="editmaxValidationEmailField()[pri:65, instance:org.test.TeamCompanyContractor@47e2e487]" started-at="2023-06-26T20:42:09 IST" name="editmaxValidationEmailField" finished-at="2023-06-26T20:42:10 IST" duration-ms="854" status="PASS">
          <reporter-output>
          </reporter-output>
        </test-method> <!-- editmaxValidationEmailField -->
        <test-method is-config="true" signature="deleteAfterCatch()[pri:0, instance:org.test.TeamCompanyContractor@47e2e487]" started-at="2023-06-26T20:42:10 IST" name="deleteAfterCatch" finished-at="2023-06-26T20:42:10 IST" duration-ms="13" status="PASS">
          <reporter-output>
          </reporter-output>
        </test-method> <!-- deleteAfterCatch -->
        <test-method is-config="true" signature="deleteBeforeCatch()[pri:0, instance:org.test.TeamCompanyContractor@47e2e487]" started-at="2023-06-26T20:42:10 IST" name="deleteBeforeCatch" finished-at="2023-06-26T20:42:10 IST" duration-ms="11" status="PASS">
          <reporter-output>
          </reporter-output>
        </test-method> <!-- deleteBeforeCatch -->
        <test-method signature="editminValidationPhoneNumberField()[pri:66, instance:org.test.TeamCompanyContractor@47e2e487]" started-at="2023-06-26T20:42:10 IST" name="editminValidationPhoneNumberField" finished-at="2023-06-26T20:42:11 IST" duration-ms="254" status="PASS">
          <reporter-output>
          </reporter-output>
        </test-method> <!-- editminValidationPhoneNumberField -->
        <test-method is-config="true" signature="deleteAfterCatch()[pri:0, instance:org.test.TeamCompanyContractor@47e2e487]" started-at="2023-06-26T20:42:11 IST" name="deleteAfterCatch" finished-at="2023-06-26T20:42:11 IST" duration-ms="13" status="PASS">
          <reporter-output>
          </reporter-output>
        </test-method> <!-- deleteAfterCatch -->
        <test-method is-config="true" signature="deleteBeforeCatch()[pri:0, instance:org.test.TeamCompanyContractor@47e2e487]" started-at="2023-06-26T20:42:11 IST" name="deleteBeforeCatch" finished-at="2023-06-26T20:42:11 IST" duration-ms="18" status="PASS">
          <reporter-output>
          </reporter-output>
        </test-method> <!-- deleteBeforeCatch -->
        <test-method signature="editmaxValidationPhoneNumberField()[pri:67, instance:org.test.TeamCompanyContractor@47e2e487]" started-at="2023-06-26T20:42:11 IST" name="editmaxValidationPhoneNumberField" finished-at="2023-06-26T20:42:11 IST" duration-ms="313" status="PASS">
          <reporter-output>
          </reporter-output>
        </test-method> <!-- editmaxValidationPhoneNumberField -->
        <test-method is-config="true" signature="deleteAfterCatch()[pri:0, instance:org.test.TeamCompanyContractor@47e2e487]" started-at="2023-06-26T20:42:11 IST" name="deleteAfterCatch" finished-at="2023-06-26T20:42:11 IST" duration-ms="14" status="PASS">
          <reporter-output>
          </reporter-output>
        </test-method> <!-- deleteAfterCatch -->
        <test-method is-config="true" signature="deleteBeforeCatch()[pri:0, instance:org.test.TeamCompanyContractor@47e2e487]" started-at="2023-06-26T20:42:11 IST" name="deleteBeforeCatch" finished-at="2023-06-26T20:42:11 IST" duration-ms="10" status="PASS">
          <reporter-output>
          </reporter-output>
        </test-method> <!-- deleteBeforeCatch -->
        <test-method signature="editmaxValidationAddress1Field()[pri:68, instance:org.test.TeamCompanyContractor@47e2e487]" started-at="2023-06-26T20:42:11 IST" name="editmaxValidationAddress1Field" finished-at="2023-06-26T20:42:12 IST" duration-ms="847" status="PASS">
          <reporter-output>
          </reporter-output>
        </test-method> <!-- editmaxValidationAddress1Field -->
        <test-method is-config="true" signature="deleteAfterCatch()[pri:0, instance:org.test.TeamCompanyContractor@47e2e487]" started-at="2023-06-26T20:42:12 IST" name="deleteAfterCatch" finished-at="2023-06-26T20:42:12 IST" duration-ms="11" status="PASS">
          <reporter-output>
          </reporter-output>
        </test-method> <!-- deleteAfterCatch -->
        <test-method is-config="true" signature="deleteBeforeCatch()[pri:0, instance:org.test.TeamCompanyContractor@47e2e487]" started-at="2023-06-26T20:42:12 IST" name="deleteBeforeCatch" finished-at="2023-06-26T20:42:12 IST" duration-ms="18" status="PASS">
          <reporter-output>
          </reporter-output>
        </test-method> <!-- deleteBeforeCatch -->
        <test-method signature="editmaxValidationAddress2Field()[pri:69, instance:org.test.TeamCompanyContractor@47e2e487]" started-at="2023-06-26T20:42:12 IST" name="editmaxValidationAddress2Field" finished-at="2023-06-26T20:42:13 IST" duration-ms="888" status="PASS">
          <reporter-output>
          </reporter-output>
        </test-method> <!-- editmaxValidationAddress2Field -->
        <test-method is-config="true" signature="deleteAfterCatch()[pri:0, instance:org.test.TeamCompanyContractor@47e2e487]" started-at="2023-06-26T20:42:13 IST" name="deleteAfterCatch" finished-at="2023-06-26T20:42:13 IST" duration-ms="12" status="PASS">
          <reporter-output>
          </reporter-output>
        </test-method> <!-- deleteAfterCatch -->
        <test-method is-config="true" signature="deleteBeforeCatch()[pri:0, instance:org.test.TeamCompanyContractor@47e2e487]" started-at="2023-06-26T20:42:13 IST" name="deleteBeforeCatch" finished-at="2023-06-26T20:42:13 IST" duration-ms="11" status="PASS">
          <reporter-output>
          </reporter-output>
        </test-method> <!-- deleteBeforeCatch -->
        <test-method signature="editmaxValidationStateField()[pri:70, instance:org.test.TeamCompanyContractor@47e2e487]" started-at="2023-06-26T20:42:13 IST" name="editmaxValidationStateField" finished-at="2023-06-26T20:42:14 IST" duration-ms="810" status="PASS">
          <reporter-output>
          </reporter-output>
        </test-method> <!-- editmaxValidationStateField -->
        <test-method is-config="true" signature="deleteAfterCatch()[pri:0, instance:org.test.TeamCompanyContractor@47e2e487]" started-at="2023-06-26T20:42:14 IST" name="deleteAfterCatch" finished-at="2023-06-26T20:42:14 IST" duration-ms="12" status="PASS">
          <reporter-output>
          </reporter-output>
        </test-method> <!-- deleteAfterCatch -->
        <test-method is-config="true" signature="deleteBeforeCatch()[pri:0, instance:org.test.TeamCompanyContractor@47e2e487]" started-at="2023-06-26T20:42:14 IST" name="deleteBeforeCatch" finished-at="2023-06-26T20:42:14 IST" duration-ms="17" status="PASS">
          <reporter-output>
          </reporter-output>
        </test-method> <!-- deleteBeforeCatch -->
        <test-method signature="editmaxValidationCityField()[pri:71, instance:org.test.TeamCompanyContractor@47e2e487]" started-at="2023-06-26T20:42:14 IST" name="editmaxValidationCityField" finished-at="2023-06-26T20:42:14 IST" duration-ms="903" status="PASS">
          <reporter-output>
          </reporter-output>
        </test-method> <!-- editmaxValidationCityField -->
        <test-method is-config="true" signature="deleteAfterCatch()[pri:0, instance:org.test.TeamCompanyContractor@47e2e487]" started-at="2023-06-26T20:42:14 IST" name="deleteAfterCatch" finished-at="2023-06-26T20:42:15 IST" duration-ms="12" status="PASS">
          <reporter-output>
          </reporter-output>
        </test-method> <!-- deleteAfterCatch -->
        <test-method is-config="true" signature="deleteBeforeCatch()[pri:0, instance:org.test.TeamCompanyContractor@47e2e487]" started-at="2023-06-26T20:42:15 IST" name="deleteBeforeCatch" finished-at="2023-06-26T20:42:15 IST" duration-ms="10" status="PASS">
          <reporter-output>
          </reporter-output>
        </test-method> <!-- deleteBeforeCatch -->
        <test-method signature="editmaxValidationZipcodeField()[pri:72, instance:org.test.TeamCompanyContractor@47e2e487]" started-at="2023-06-26T20:42:15 IST" name="editmaxValidationZipcodeField" finished-at="2023-06-26T20:42:15 IST" duration-ms="292" status="PASS">
          <reporter-output>
          </reporter-output>
        </test-method> <!-- editmaxValidationZipcodeField -->
        <test-method is-config="true" signature="deleteAfterCatch()[pri:0, instance:org.test.TeamCompanyContractor@47e2e487]" started-at="2023-06-26T20:42:15 IST" name="deleteAfterCatch" finished-at="2023-06-26T20:42:15 IST" duration-ms="11" status="PASS">
          <reporter-output>
          </reporter-output>
        </test-method> <!-- deleteAfterCatch -->
        <test-method is-config="true" signature="deleteBeforeCatch()[pri:0, instance:org.test.TeamCompanyContractor@47e2e487]" started-at="2023-06-26T20:42:15 IST" name="deleteBeforeCatch" finished-at="2023-06-26T20:42:15 IST" duration-ms="9" status="PASS">
          <reporter-output>
          </reporter-output>
        </test-method> <!-- deleteBeforeCatch -->
        <test-method signature="editminValidationZipcodeField()[pri:73, instance:org.test.TeamCompanyContractor@47e2e487]" started-at="2023-06-26T20:42:15 IST" name="editminValidationZipcodeField" finished-at="2023-06-26T20:42:15 IST" duration-ms="258" status="PASS">
          <reporter-output>
          </reporter-output>
        </test-method> <!-- editminValidationZipcodeField -->
        <test-method is-config="true" signature="deleteAfterCatch()[pri:0, instance:org.test.TeamCompanyContractor@47e2e487]" started-at="2023-06-26T20:42:15 IST" name="deleteAfterCatch" finished-at="2023-06-26T20:42:15 IST" duration-ms="11" status="PASS">
          <reporter-output>
          </reporter-output>
        </test-method> <!-- deleteAfterCatch -->
        <test-method is-config="true" signature="deleteBeforeCatch()[pri:0, instance:org.test.TeamCompanyContractor@47e2e487]" started-at="2023-06-26T20:42:15 IST" name="deleteBeforeCatch" finished-at="2023-06-26T20:42:15 IST" duration-ms="20" status="PASS">
          <reporter-output>
          </reporter-output>
        </test-method> <!-- deleteBeforeCatch -->
        <test-method signature="editcharacterValidationZipcodeField()[pri:74, instance:org.test.TeamCompanyContractor@47e2e487]" started-at="2023-06-26T20:42:15 IST" name="editcharacterValidationZipcodeField" finished-at="2023-06-26T20:42:15 IST" duration-ms="268" status="PASS">
          <reporter-output>
          </reporter-output>
        </test-method> <!-- editcharacterValidationZipcodeField -->
        <test-method is-config="true" signature="deleteAfterCatch()[pri:0, instance:org.test.TeamCompanyContractor@47e2e487]" started-at="2023-06-26T20:42:15 IST" name="deleteAfterCatch" finished-at="2023-06-26T20:42:15 IST" duration-ms="15" status="PASS">
          <reporter-output>
          </reporter-output>
        </test-method> <!-- deleteAfterCatch -->
        <test-method is-config="true" signature="deleteBeforeCatch()[pri:0, instance:org.test.TeamCompanyContractor@47e2e487]" started-at="2023-06-26T20:42:15 IST" name="deleteBeforeCatch" finished-at="2023-06-26T20:42:15 IST" duration-ms="8" status="PASS">
          <reporter-output>
          </reporter-output>
        </test-method> <!-- deleteBeforeCatch -->
        <test-method signature="editmaxValidationContactPerson()[pri:75, instance:org.test.TeamCompanyContractor@47e2e487]" started-at="2023-06-26T20:42:15 IST" name="editmaxValidationContactPerson" finished-at="2023-06-26T20:42:17 IST" duration-ms="1759" status="PASS">
          <reporter-output>
          </reporter-output>
        </test-method> <!-- editmaxValidationContactPerson -->
        <test-method is-config="true" signature="deleteAfterCatch()[pri:0, instance:org.test.TeamCompanyContractor@47e2e487]" started-at="2023-06-26T20:42:17 IST" name="deleteAfterCatch" finished-at="2023-06-26T20:42:17 IST" duration-ms="11" status="PASS">
          <reporter-output>
          </reporter-output>
        </test-method> <!-- deleteAfterCatch -->
        <test-method is-config="true" signature="deleteBeforeCatch()[pri:0, instance:org.test.TeamCompanyContractor@47e2e487]" started-at="2023-06-26T20:42:17 IST" name="deleteBeforeCatch" finished-at="2023-06-26T20:42:17 IST" duration-ms="17" status="PASS">
          <reporter-output>
          </reporter-output>
        </test-method> <!-- deleteBeforeCatch -->
        <test-method signature="verifyUpdateButtonExist()[pri:76, instance:org.test.TeamCompanyContractor@47e2e487]" started-at="2023-06-26T20:42:17 IST" name="verifyUpdateButtonExist" finished-at="2023-06-26T20:42:17 IST" duration-ms="54" status="PASS">
          <reporter-output>
          </reporter-output>
        </test-method> <!-- verifyUpdateButtonExist -->
        <test-method is-config="true" signature="deleteAfterCatch()[pri:0, instance:org.test.TeamCompanyContractor@47e2e487]" started-at="2023-06-26T20:42:17 IST" name="deleteAfterCatch" finished-at="2023-06-26T20:42:17 IST" duration-ms="13" status="PASS">
          <reporter-output>
          </reporter-output>
        </test-method> <!-- deleteAfterCatch -->
        <test-method is-config="true" signature="deleteBeforeCatch()[pri:0, instance:org.test.TeamCompanyContractor@47e2e487]" started-at="2023-06-26T20:42:17 IST" name="deleteBeforeCatch" finished-at="2023-06-26T20:42:17 IST" duration-ms="6" status="PASS">
          <reporter-output>
          </reporter-output>
        </test-method> <!-- deleteBeforeCatch -->
        <test-method signature="UpdateContract()[pri:77, instance:org.test.TeamCompanyContractor@47e2e487]" started-at="2023-06-26T20:42:17 IST" name="UpdateContract" finished-at="2023-06-26T20:42:33 IST" duration-ms="15439" status="PASS">
          <reporter-output>
          </reporter-output>
        </test-method> <!-- UpdateContract -->
        <test-method is-config="true" signature="deleteAfterCatch()[pri:0, instance:org.test.TeamCompanyContractor@47e2e487]" started-at="2023-06-26T20:42:33 IST" name="deleteAfterCatch" finished-at="2023-06-26T20:42:33 IST" duration-ms="16" status="PASS">
          <reporter-output>
          </reporter-output>
        </test-method> <!-- deleteAfterCatch -->
        <test-method is-config="true" signature="deleteBeforeCatch()[pri:0, instance:org.test.TeamCompanyContractor@47e2e487]" started-at="2023-06-26T20:42:33 IST" name="deleteBeforeCatch" finished-at="2023-06-26T20:42:33 IST" duration-ms="8" status="PASS">
          <reporter-output>
          </reporter-output>
        </test-method> <!-- deleteBeforeCatch -->
        <test-method signature="deleteContractorDetails()[pri:78, instance:org.test.TeamCompanyContractor@47e2e487]" started-at="2023-06-26T20:42:33 IST" name="deleteContractorDetails" finished-at="2023-06-26T20:42:41 IST" duration-ms="8123" status="PASS">
          <reporter-output>
          </reporter-output>
        </test-method> <!-- deleteContractorDetails -->
        <test-method is-config="true" signature="deleteAfterCatch()[pri:0, instance:org.test.TeamCompanyContractor@47e2e487]" started-at="2023-06-26T20:42:41 IST" name="deleteAfterCatch" finished-at="2023-06-26T20:42:41 IST" duration-ms="66" status="PASS">
          <reporter-output>
          </reporter-output>
        </test-method> <!-- deleteAfterCatch -->
        <test-method is-config="true" signature="exitBrowser()[pri:0, instance:org.test.TeamCompanyContractor@47e2e487]" started-at="2023-06-26T20:42:41 IST" name="exitBrowser" finished-at="2023-06-26T20:42:42 IST" duration-ms="1452" status="PASS">
          <reporter-output>
          </reporter-output>
        </test-method> <!-- exitBrowser -->
      </class> <!-- org.test.TeamCompanyContractor -->
    </test> <!-- Default test -->
  </suite> <!-- Default suite -->
</testng-results>
