<?xml version="1.0" encoding="UTF-8"?>
<testng-results ignored="0" total="27" passed="27" failed="0" skipped="0">
  <reporter-output>
  </reporter-output>
  <suite started-at="2023-01-12T01:23:09 IST" name="Default suite" finished-at="2023-01-12T01:26:09 IST" duration-ms="180247">
    <groups>
    </groups>
    <test started-at="2023-01-12T01:23:09 IST" name="Default test" finished-at="2023-01-12T01:26:09 IST" duration-ms="180247">
      <class name="org.test.GlobalJobContact">
        <test-method is-config="true" signature="setup()[pri:0, instance:org.test.GlobalJobContact@194bcebf]" started-at="2023-01-12T01:23:09 IST" name="setup" finished-at="2023-01-12T01:23:12 IST" duration-ms="3299" status="PASS">
          <reporter-output>
          </reporter-output>
        </test-method> <!-- setup -->
        <test-method signature="loginPage()[pri:0, instance:org.test.GlobalJobContact@194bcebf]" started-at="2023-01-12T01:23:12 IST" name="loginPage" finished-at="2023-01-12T01:23:25 IST" duration-ms="12603" status="PASS">
          <reporter-output>
          </reporter-output>
        </test-method> <!-- loginPage -->
        <test-method signature="jobModule()[pri:1, instance:org.test.GlobalJobContact@194bcebf]" started-at="2023-01-12T01:23:25 IST" name="jobModule" finished-at="2023-01-12T01:23:27 IST" duration-ms="2154" status="PASS">
          <reporter-output>
          </reporter-output>
        </test-method> <!-- jobModule -->
        <test-method signature="contactMandatoryValidation()[pri:2, instance:org.test.GlobalJobContact@194bcebf]" started-at="2023-01-12T01:23:27 IST" name="contactMandatoryValidation" finished-at="2023-01-12T01:23:33 IST" duration-ms="6168" status="PASS">
          <reporter-output>
          </reporter-output>
        </test-method> <!-- contactMandatoryValidation -->
        <test-method signature="autoCompleteContactCreation()[pri:3, instance:org.test.GlobalJobContact@194bcebf]" started-at="2023-01-12T01:23:33 IST" name="autoCompleteContactCreation" finished-at="2023-01-12T01:23:39 IST" duration-ms="5510" status="PASS">
          <reporter-output>
          </reporter-output>
        </test-method> <!-- autoCompleteContactCreation -->
        <test-method signature="maximumValidationTittle()[pri:6, instance:org.test.GlobalJobContact@194bcebf]" started-at="2023-01-12T01:23:39 IST" name="maximumValidationTittle" finished-at="2023-01-12T01:23:47 IST" duration-ms="8220" status="PASS">
          <reporter-output>
          </reporter-output>
        </test-method> <!-- maximumValidationTittle -->
        <test-method signature="mandatoryValidationDescription()[pri:7, instance:org.test.GlobalJobContact@194bcebf]" started-at="2023-01-12T01:23:47 IST" name="mandatoryValidationDescription" finished-at="2023-01-12T01:23:47 IST" duration-ms="336" status="PASS">
          <reporter-output>
          </reporter-output>
        </test-method> <!-- mandatoryValidationDescription -->
        <test-method signature="maximumValidationDescription()[pri:8, instance:org.test.GlobalJobContact@194bcebf]" started-at="2023-01-12T01:23:47 IST" name="maximumValidationDescription" finished-at="2023-01-12T01:23:59 IST" duration-ms="11148" status="PASS">
          <reporter-output>
          </reporter-output>
        </test-method> <!-- maximumValidationDescription -->
        <test-method signature="maximumTagValidation()[pri:11, instance:org.test.GlobalJobContact@194bcebf]" started-at="2023-01-12T01:23:59 IST" name="maximumTagValidation" finished-at="2023-01-12T01:24:01 IST" duration-ms="1996" status="PASS">
          <reporter-output>
          </reporter-output>
        </test-method> <!-- maximumTagValidation -->
        <test-method signature="duplicateTagsValidation()[pri:12, instance:org.test.GlobalJobContact@194bcebf]" started-at="2023-01-12T01:24:01 IST" name="duplicateTagsValidation" finished-at="2023-01-12T01:24:01 IST" duration-ms="769" status="PASS">
          <reporter-output>
          </reporter-output>
        </test-method> <!-- duplicateTagsValidation -->
        <test-method signature="maxTagLimitValidation()[pri:13, instance:org.test.GlobalJobContact@194bcebf]" started-at="2023-01-12T01:24:01 IST" name="maxTagLimitValidation" finished-at="2023-01-12T01:24:15 IST" duration-ms="13587" status="PASS">
          <reporter-output>
          </reporter-output>
        </test-method> <!-- maxTagLimitValidation -->
        <test-method signature="maximumValidationNotes()[pri:14, instance:org.test.GlobalJobContact@194bcebf]" started-at="2023-01-12T01:24:15 IST" name="maximumValidationNotes" finished-at="2023-01-12T01:24:26 IST" duration-ms="11304" status="PASS">
          <reporter-output>
          </reporter-output>
        </test-method> <!-- maximumValidationNotes -->
        <test-method signature="unsssignedJob()[pri:15, instance:org.test.GlobalJobContact@194bcebf]" started-at="2023-01-12T01:24:26 IST" name="unsssignedJob" finished-at="2023-01-12T01:24:42 IST" duration-ms="16084" status="PASS">
          <reporter-output>
          </reporter-output>
        </test-method> <!-- unsssignedJob -->
        <test-method signature="jobUnassignedStatus()[pri:16, instance:org.test.GlobalJobContact@194bcebf]" started-at="2023-01-12T01:24:42 IST" name="jobUnassignedStatus" finished-at="2023-01-12T01:24:50 IST" duration-ms="7778" status="PASS">
          <reporter-output>
          </reporter-output>
        </test-method> <!-- jobUnassignedStatus -->
        <test-method signature="createJob_FromDateandTime_ToDateandTime()[pri:18, instance:org.test.GlobalJobContact@194bcebf]" started-at="2023-01-12T01:24:50 IST" name="createJob_FromDateandTime_ToDateandTime" finished-at="2023-01-12T01:25:26 IST" duration-ms="36199" status="PASS">
          <reporter-output>
          </reporter-output>
        </test-method> <!-- createJob_FromDateandTime_ToDateandTime -->
        <test-method signature="jobScheduleStatus()[pri:19, instance:org.test.GlobalJobContact@194bcebf]" started-at="2023-01-12T01:25:26 IST" name="jobScheduleStatus" finished-at="2023-01-12T01:25:33 IST" duration-ms="7129" status="PASS">
          <reporter-output>
          </reporter-output>
        </test-method> <!-- jobScheduleStatus -->
        <test-method signature="dispatchedJob()[pri:20, instance:org.test.GlobalJobContact@194bcebf]" started-at="2023-01-12T01:25:33 IST" name="dispatchedJob" finished-at="2023-01-12T01:25:38 IST" duration-ms="4146" status="PASS">
          <reporter-output>
          </reporter-output>
        </test-method> <!-- dispatchedJob -->
        <test-method signature="jobDispatchedStatus()[pri:21, instance:org.test.GlobalJobContact@194bcebf]" started-at="2023-01-12T01:25:38 IST" name="jobDispatchedStatus" finished-at="2023-01-12T01:25:38 IST" duration-ms="103" status="PASS">
          <reporter-output>
          </reporter-output>
        </test-method> <!-- jobDispatchedStatus -->
        <test-method signature="startedJob()[pri:22, instance:org.test.GlobalJobContact@194bcebf]" started-at="2023-01-12T01:25:38 IST" name="startedJob" finished-at="2023-01-12T01:25:42 IST" duration-ms="4626" status="PASS">
          <reporter-output>
          </reporter-output>
        </test-method> <!-- startedJob -->
        <test-method signature="jobStartedStatus()[pri:23, instance:org.test.GlobalJobContact@194bcebf]" started-at="2023-01-12T01:25:42 IST" name="jobStartedStatus" finished-at="2023-01-12T01:25:43 IST" duration-ms="540" status="PASS">
          <reporter-output>
          </reporter-output>
        </test-method> <!-- jobStartedStatus -->
        <test-method signature="completedJob()[pri:24, instance:org.test.GlobalJobContact@194bcebf]" started-at="2023-01-12T01:25:43 IST" name="completedJob" finished-at="2023-01-12T01:25:47 IST" duration-ms="4165" status="PASS">
          <reporter-output>
          </reporter-output>
        </test-method> <!-- completedJob -->
        <test-method signature="cancelledJob()[pri:25, instance:org.test.GlobalJobContact@194bcebf]" started-at="2023-01-12T01:25:47 IST" name="cancelledJob" finished-at="2023-01-12T01:25:52 IST" duration-ms="4696" status="PASS">
          <reporter-output>
          </reporter-output>
        </test-method> <!-- cancelledJob -->
        <test-method signature="jobCancelledStatus()[pri:26, instance:org.test.GlobalJobContact@194bcebf]" started-at="2023-01-12T01:25:52 IST" name="jobCancelledStatus" finished-at="2023-01-12T01:25:52 IST" duration-ms="584" status="PASS">
          <reporter-output>
          </reporter-output>
        </test-method> <!-- jobCancelledStatus -->
        <test-method signature="searchCustomerName()[pri:29, instance:org.test.GlobalJobContact@194bcebf]" started-at="2023-01-12T01:25:52 IST" name="searchCustomerName" finished-at="2023-01-12T01:25:55 IST" duration-ms="2714" status="PASS">
          <reporter-output>
          </reporter-output>
        </test-method> <!-- searchCustomerName -->
        <test-method signature="searchJobNo()[pri:30, instance:org.test.GlobalJobContact@194bcebf]" started-at="2023-01-12T01:25:55 IST" name="searchJobNo" finished-at="2023-01-12T01:25:58 IST" duration-ms="3203" status="PASS">
          <reporter-output>
          </reporter-output>
        </test-method> <!-- searchJobNo -->
        <test-method signature="searchLocation()[pri:31, instance:org.test.GlobalJobContact@194bcebf]" started-at="2023-01-12T01:25:58 IST" name="searchLocation" finished-at="2023-01-12T01:26:01 IST" duration-ms="3164" status="PASS">
          <reporter-output>
          </reporter-output>
        </test-method> <!-- searchLocation -->
        <test-method signature="searchFilterByDate()[pri:32, instance:org.test.GlobalJobContact@194bcebf]" started-at="2023-01-12T01:26:01 IST" name="searchFilterByDate" finished-at="2023-01-12T01:26:06 IST" duration-ms="4692" status="PASS">
          <reporter-output>
          </reporter-output>
        </test-method> <!-- searchFilterByDate -->
        <test-method signature="searchInvalid()[pri:33, instance:org.test.GlobalJobContact@194bcebf]" started-at="2023-01-12T01:26:06 IST" name="searchInvalid" finished-at="2023-01-12T01:26:08 IST" duration-ms="2096" status="PASS">
          <reporter-output>
          </reporter-output>
        </test-method> <!-- searchInvalid -->
        <test-method is-config="true" signature="exitBrowser()[pri:0, instance:org.test.GlobalJobContact@194bcebf]" started-at="2023-01-12T01:26:08 IST" name="exitBrowser" finished-at="2023-01-12T01:26:09 IST" duration-ms="1082" status="PASS">
          <reporter-output>
          </reporter-output>
        </test-method> <!-- exitBrowser -->
      </class> <!-- org.test.GlobalJobContact -->
    </test> <!-- Default test -->
  </suite> <!-- Default suite -->
</testng-results>
