<?xml version="1.0" encoding="UTF-8"?>
<testng-results ignored="0" total="233" passed="233" failed="0" skipped="0">
  <reporter-output>
  </reporter-output>
  <suite started-at="2022-10-14T13:59:00 IST" name="Suite" finished-at="2022-10-14T14:10:16 IST" duration-ms="676268">
    <groups>
    </groups>
    <test started-at="2022-10-14T13:59:00 IST" name="Test" finished-at="2022-10-14T14:10:16 IST" duration-ms="676268">
      <class name="org.test.Login">
        <test-method is-config="true" signature="setup()[pri:0, instance:org.test.Login@66d3eec0]" started-at="2022-10-14T13:59:37 IST" name="setup" finished-at="2022-10-14T13:59:38 IST" duration-ms="908" status="PASS">
          <reporter-output>
          </reporter-output>
        </test-method> <!-- setup -->
        <test-method signature="verifyEmptyEmail()[pri:1, instance:org.test.Login@66d3eec0]" started-at="2022-10-14T13:59:38 IST" name="verifyEmptyEmail" finished-at="2022-10-14T13:59:41 IST" duration-ms="3598" status="PASS">
          <reporter-output>
          </reporter-output>
        </test-method> <!-- verifyEmptyEmail -->
        <test-method signature="verifyEmptyPassword()[pri:2, instance:org.test.Login@66d3eec0]" started-at="2022-10-14T13:59:41 IST" name="verifyEmptyPassword" finished-at="2022-10-14T13:59:43 IST" duration-ms="1529" status="PASS">
          <reporter-output>
          </reporter-output>
        </test-method> <!-- verifyEmptyPassword -->
        <test-method signature="verifyIncorrectMail()[pri:3, instance:org.test.Login@66d3eec0]" started-at="2022-10-14T13:59:43 IST" name="verifyIncorrectMail" finished-at="2022-10-14T13:59:44 IST" duration-ms="998" status="PASS">
          <reporter-output>
          </reporter-output>
        </test-method> <!-- verifyIncorrectMail -->
        <test-method signature="verifyIncorrectPassword()[pri:4, instance:org.test.Login@66d3eec0]" started-at="2022-10-14T13:59:44 IST" name="verifyIncorrectPassword" finished-at="2022-10-14T13:59:45 IST" duration-ms="1515" status="PASS">
          <reporter-output>
          </reporter-output>
        </test-method> <!-- verifyIncorrectPassword -->
        <test-method signature="verifyInvalidEmail()[pri:5, instance:org.test.Login@66d3eec0]" started-at="2022-10-14T13:59:45 IST" name="verifyInvalidEmail" finished-at="2022-10-14T13:59:47 IST" duration-ms="1489" status="PASS">
          <reporter-output>
          </reporter-output>
        </test-method> <!-- verifyInvalidEmail -->
        <test-method signature="verifyInvalidPassword()[pri:6, instance:org.test.Login@66d3eec0]" started-at="2022-10-14T13:59:47 IST" name="verifyInvalidPassword" finished-at="2022-10-14T13:59:49 IST" duration-ms="1872" status="PASS">
          <reporter-output>
          </reporter-output>
        </test-method> <!-- verifyInvalidPassword -->
        <test-method signature="verifyInvalidCredentials()[pri:7, instance:org.test.Login@66d3eec0]" started-at="2022-10-14T13:59:49 IST" name="verifyInvalidCredentials" finished-at="2022-10-14T13:59:51 IST" duration-ms="1866" status="PASS">
          <reporter-output>
          </reporter-output>
        </test-method> <!-- verifyInvalidCredentials -->
        <test-method signature="verify()[pri:8, instance:org.test.Login@66d3eec0]" started-at="2022-10-14T13:59:51 IST" name="verify" finished-at="2022-10-14T14:00:10 IST" duration-ms="19571" status="PASS">
          <reporter-output>
          </reporter-output>
        </test-method> <!-- verify -->
        <test-method is-config="true" signature="exitBrowser()[pri:0, instance:org.test.Login@66d3eec0]" started-at="2022-10-14T14:00:10 IST" name="exitBrowser" finished-at="2022-10-14T14:00:10 IST" duration-ms="192" status="PASS">
          <reporter-output>
          </reporter-output>
        </test-method> <!-- exitBrowser -->
      </class> <!-- org.test.Login -->
      <class name="org.test.CustomerCreateOrganizationModule">
        <test-method is-config="true" signature="setup()[pri:0, instance:org.test.CustomerCreateOrganizationModule@18d87d80]" started-at="2022-10-14T14:06:55 IST" name="setup" finished-at="2022-10-14T14:06:55 IST" duration-ms="758" status="PASS">
          <reporter-output>
          </reporter-output>
        </test-method> <!-- setup -->
        <test-method signature="loginPage()[pri:-1, instance:org.test.CustomerCreateOrganizationModule@18d87d80]" started-at="2022-10-14T14:06:55 IST" name="loginPage" finished-at="2022-10-14T14:07:16 IST" duration-ms="20699" status="PASS">
          <reporter-output>
          </reporter-output>
        </test-method> <!-- loginPage -->
        <test-method signature="modulePage()[pri:0, instance:org.test.CustomerCreateOrganizationModule@18d87d80]" started-at="2022-10-14T14:07:16 IST" name="modulePage" finished-at="2022-10-14T14:07:23 IST" duration-ms="7362" status="PASS">
          <reporter-output>
          </reporter-output>
        </test-method> <!-- modulePage -->
        <test-method signature="formatLogoValidation()[pri:1, instance:org.test.CustomerCreateOrganizationModule@18d87d80]" started-at="2022-10-14T14:07:23 IST" name="formatLogoValidation" finished-at="2022-10-14T14:07:30 IST" duration-ms="6278" status="PASS">
          <reporter-output>
          </reporter-output>
        </test-method> <!-- formatLogoValidation -->
        <test-method signature="maxSizeValidationLogoField()[pri:2, instance:org.test.CustomerCreateOrganizationModule@18d87d80]" started-at="2022-10-14T14:07:30 IST" name="maxSizeValidationLogoField" finished-at="2022-10-14T14:07:31 IST" duration-ms="1726" status="PASS">
          <reporter-output>
          </reporter-output>
        </test-method> <!-- maxSizeValidationLogoField -->
        <test-method signature="mandatoryValidation()[pri:3, instance:org.test.CustomerCreateOrganizationModule@18d87d80]" started-at="2022-10-14T14:07:31 IST" name="mandatoryValidation" finished-at="2022-10-14T14:07:32 IST" duration-ms="216" status="PASS">
          <reporter-output>
          </reporter-output>
        </test-method> <!-- mandatoryValidation -->
        <test-method signature="organizationNameAlreadyExistValidation()[pri:4, instance:org.test.CustomerCreateOrganizationModule@18d87d80]" started-at="2022-10-14T14:07:32 IST" name="organizationNameAlreadyExistValidation" finished-at="2022-10-14T14:07:33 IST" duration-ms="1209" status="PASS">
          <reporter-output>
          </reporter-output>
        </test-method> <!-- organizationNameAlreadyExistValidation -->
        <test-method signature="maxValidationOrganizationField()[pri:5, instance:org.test.CustomerCreateOrganizationModule@18d87d80]" started-at="2022-10-14T14:07:33 IST" name="maxValidationOrganizationField" finished-at="2022-10-14T14:07:34 IST" duration-ms="681" status="PASS">
          <reporter-output>
          </reporter-output>
        </test-method> <!-- maxValidationOrganizationField -->
        <test-method signature="maxValidationWebsiteField()[pri:6, instance:org.test.CustomerCreateOrganizationModule@18d87d80]" started-at="2022-10-14T14:07:34 IST" name="maxValidationWebsiteField" finished-at="2022-10-14T14:07:34 IST" duration-ms="680" status="PASS">
          <reporter-output>
          </reporter-output>
        </test-method> <!-- maxValidationWebsiteField -->
        <test-method signature="maxValidationAddress1Field()[pri:7, instance:org.test.CustomerCreateOrganizationModule@18d87d80]" started-at="2022-10-14T14:07:34 IST" name="maxValidationAddress1Field" finished-at="2022-10-14T14:07:35 IST" duration-ms="639" status="PASS">
          <reporter-output>
          </reporter-output>
        </test-method> <!-- maxValidationAddress1Field -->
        <test-method signature="maxValidationAddress2Field()[pri:8, instance:org.test.CustomerCreateOrganizationModule@18d87d80]" started-at="2022-10-14T14:07:35 IST" name="maxValidationAddress2Field" finished-at="2022-10-14T14:07:35 IST" duration-ms="647" status="PASS">
          <reporter-output>
          </reporter-output>
        </test-method> <!-- maxValidationAddress2Field -->
        <test-method signature="maxValidationCityField()[pri:9, instance:org.test.CustomerCreateOrganizationModule@18d87d80]" started-at="2022-10-14T14:07:35 IST" name="maxValidationCityField" finished-at="2022-10-14T14:07:36 IST" duration-ms="654" status="PASS">
          <reporter-output>
          </reporter-output>
        </test-method> <!-- maxValidationCityField -->
        <test-method signature="maxValidationStateField()[pri:10, instance:org.test.CustomerCreateOrganizationModule@18d87d80]" started-at="2022-10-14T14:07:36 IST" name="maxValidationStateField" finished-at="2022-10-14T14:07:37 IST" duration-ms="667" status="PASS">
          <reporter-output>
          </reporter-output>
        </test-method> <!-- maxValidationStateField -->
        <test-method signature="minValidationZipcodeField()[pri:11, instance:org.test.CustomerCreateOrganizationModule@18d87d80]" started-at="2022-10-14T14:07:37 IST" name="minValidationZipcodeField" finished-at="2022-10-14T14:07:37 IST" duration-ms="174" status="PASS">
          <reporter-output>
          </reporter-output>
        </test-method> <!-- minValidationZipcodeField -->
        <test-method signature="maxValidationZipcodeField()[pri:12, instance:org.test.CustomerCreateOrganizationModule@18d87d80]" started-at="2022-10-14T14:07:37 IST" name="maxValidationZipcodeField" finished-at="2022-10-14T14:07:37 IST" duration-ms="145" status="PASS">
          <reporter-output>
          </reporter-output>
        </test-method> <!-- maxValidationZipcodeField -->
        <test-method signature="emailValidation()[pri:13, instance:org.test.CustomerCreateOrganizationModule@18d87d80]" started-at="2022-10-14T14:07:37 IST" name="emailValidation" finished-at="2022-10-14T14:07:37 IST" duration-ms="182" status="PASS">
          <reporter-output>
          </reporter-output>
        </test-method> <!-- emailValidation -->
        <test-method signature="maxValidationEmailField()[pri:14, instance:org.test.CustomerCreateOrganizationModule@18d87d80]" started-at="2022-10-14T14:07:37 IST" name="maxValidationEmailField" finished-at="2022-10-14T14:07:38 IST" duration-ms="610" status="PASS">
          <reporter-output>
          </reporter-output>
        </test-method> <!-- maxValidationEmailField -->
        <test-method signature="minValidationPhoneNumberField()[pri:15, instance:org.test.CustomerCreateOrganizationModule@18d87d80]" started-at="2022-10-14T14:07:38 IST" name="minValidationPhoneNumberField" finished-at="2022-10-14T14:07:38 IST" duration-ms="310" status="PASS">
          <reporter-output>
          </reporter-output>
        </test-method> <!-- minValidationPhoneNumberField -->
        <test-method signature="maxValidationPhoneNumberField()[pri:16, instance:org.test.CustomerCreateOrganizationModule@18d87d80]" started-at="2022-10-14T14:07:38 IST" name="maxValidationPhoneNumberField" finished-at="2022-10-14T14:07:39 IST" duration-ms="507" status="PASS">
          <reporter-output>
          </reporter-output>
        </test-method> <!-- maxValidationPhoneNumberField -->
        <test-method signature="maxValidationContactFirstNameField()[pri:17, instance:org.test.CustomerCreateOrganizationModule@18d87d80]" started-at="2022-10-14T14:07:39 IST" name="maxValidationContactFirstNameField" finished-at="2022-10-14T14:07:40 IST" duration-ms="789" status="PASS">
          <reporter-output>
          </reporter-output>
        </test-method> <!-- maxValidationContactFirstNameField -->
        <test-method signature="maxValidationContactLastNameField()[pri:18, instance:org.test.CustomerCreateOrganizationModule@18d87d80]" started-at="2022-10-14T14:07:40 IST" name="maxValidationContactLastNameField" finished-at="2022-10-14T14:07:40 IST" duration-ms="664" status="PASS">
          <reporter-output>
          </reporter-output>
        </test-method> <!-- maxValidationContactLastNameField -->
        <test-method signature="maxValidationContactEmailField()[pri:19, instance:org.test.CustomerCreateOrganizationModule@18d87d80]" started-at="2022-10-14T14:07:40 IST" name="maxValidationContactEmailField" finished-at="2022-10-14T14:07:41 IST" duration-ms="660" status="PASS">
          <reporter-output>
          </reporter-output>
        </test-method> <!-- maxValidationContactEmailField -->
        <test-method signature="validateContactEmailField()[pri:20, instance:org.test.CustomerCreateOrganizationModule@18d87d80]" started-at="2022-10-14T14:07:41 IST" name="validateContactEmailField" finished-at="2022-10-14T14:07:41 IST" duration-ms="122" status="PASS">
          <reporter-output>
          </reporter-output>
        </test-method> <!-- validateContactEmailField -->
        <test-method signature="minValidationContactPhoneNumberField()[pri:21, instance:org.test.CustomerCreateOrganizationModule@18d87d80]" started-at="2022-10-14T14:07:41 IST" name="minValidationContactPhoneNumberField" finished-at="2022-10-14T14:07:41 IST" duration-ms="313" status="PASS">
          <reporter-output>
          </reporter-output>
        </test-method> <!-- minValidationContactPhoneNumberField -->
        <test-method signature="maxValidationContactPhoneNumberField()[pri:22, instance:org.test.CustomerCreateOrganizationModule@18d87d80]" started-at="2022-10-14T14:07:41 IST" name="maxValidationContactPhoneNumberField" finished-at="2022-10-14T14:07:42 IST" duration-ms="297" status="PASS">
          <reporter-output>
          </reporter-output>
        </test-method> <!-- maxValidationContactPhoneNumberField -->
        <test-method signature="maxValidationJobTittleField()[pri:23, instance:org.test.CustomerCreateOrganizationModule@18d87d80]" started-at="2022-10-14T14:07:42 IST" name="maxValidationJobTittleField" finished-at="2022-10-14T14:07:42 IST" duration-ms="810" status="PASS">
          <reporter-output>
          </reporter-output>
        </test-method> <!-- maxValidationJobTittleField -->
        <test-method signature="maxValidationPropertyNameField()[pri:24, instance:org.test.CustomerCreateOrganizationModule@18d87d80]" started-at="2022-10-14T14:07:42 IST" name="maxValidationPropertyNameField" finished-at="2022-10-14T14:07:43 IST" duration-ms="642" status="PASS">
          <reporter-output>
          </reporter-output>
        </test-method> <!-- maxValidationPropertyNameField -->
        <test-method signature="maxValidationPropertyFirstNameField()[pri:25, instance:org.test.CustomerCreateOrganizationModule@18d87d80]" started-at="2022-10-14T14:07:43 IST" name="maxValidationPropertyFirstNameField" finished-at="2022-10-14T14:07:44 IST" duration-ms="665" status="PASS">
          <reporter-output>
          </reporter-output>
        </test-method> <!-- maxValidationPropertyFirstNameField -->
        <test-method signature="maxValidationPropertyLastNameField()[pri:25, instance:org.test.CustomerCreateOrganizationModule@18d87d80]" started-at="2022-10-14T14:07:44 IST" name="maxValidationPropertyLastNameField" finished-at="2022-10-14T14:07:44 IST" duration-ms="679" status="PASS">
          <reporter-output>
          </reporter-output>
        </test-method> <!-- maxValidationPropertyLastNameField -->
        <test-method signature="maxValidationPropertyAddress1Field()[pri:26, instance:org.test.CustomerCreateOrganizationModule@18d87d80]" started-at="2022-10-14T14:07:44 IST" name="maxValidationPropertyAddress1Field" finished-at="2022-10-14T14:07:45 IST" duration-ms="668" status="PASS">
          <reporter-output>
          </reporter-output>
        </test-method> <!-- maxValidationPropertyAddress1Field -->
        <test-method signature="maxValidationPropertyAddress2Field()[pri:27, instance:org.test.CustomerCreateOrganizationModule@18d87d80]" started-at="2022-10-14T14:07:45 IST" name="maxValidationPropertyAddress2Field" finished-at="2022-10-14T14:07:46 IST" duration-ms="645" status="PASS">
          <reporter-output>
          </reporter-output>
        </test-method> <!-- maxValidationPropertyAddress2Field -->
        <test-method signature="maxValidationPropertyStateField()[pri:29, instance:org.test.CustomerCreateOrganizationModule@18d87d80]" started-at="2022-10-14T14:07:46 IST" name="maxValidationPropertyStateField" finished-at="2022-10-14T14:07:46 IST" duration-ms="661" status="PASS">
          <reporter-output>
          </reporter-output>
        </test-method> <!-- maxValidationPropertyStateField -->
        <test-method signature="maxValidationPropertyCityField()[pri:30, instance:org.test.CustomerCreateOrganizationModule@18d87d80]" started-at="2022-10-14T14:07:46 IST" name="maxValidationPropertyCityField" finished-at="2022-10-14T14:07:47 IST" duration-ms="801" status="PASS">
          <reporter-output>
          </reporter-output>
        </test-method> <!-- maxValidationPropertyCityField -->
        <test-method signature="minValidationPropertyZipCodeField()[pri:31, instance:org.test.CustomerCreateOrganizationModule@18d87d80]" started-at="2022-10-14T14:07:47 IST" name="minValidationPropertyZipCodeField" finished-at="2022-10-14T14:07:47 IST" duration-ms="176" status="PASS">
          <reporter-output>
          </reporter-output>
        </test-method> <!-- minValidationPropertyZipCodeField -->
        <test-method signature="maxValidationPropertyZipCodeField()[pri:32, instance:org.test.CustomerCreateOrganizationModule@18d87d80]" started-at="2022-10-14T14:07:47 IST" name="maxValidationPropertyZipCodeField" finished-at="2022-10-14T14:07:48 IST" duration-ms="314" status="PASS">
          <reporter-output>
          </reporter-output>
        </test-method> <!-- maxValidationPropertyZipCodeField -->
        <test-method signature="maxValidationProductNameField()[pri:33, instance:org.test.CustomerCreateOrganizationModule@18d87d80]" started-at="2022-10-14T14:07:48 IST" name="maxValidationProductNameField" finished-at="2022-10-14T14:07:48 IST" duration-ms="669" status="PASS">
          <reporter-output>
          </reporter-output>
        </test-method> <!-- maxValidationProductNameField -->
        <test-method signature="maxValidationBrandNameField()[pri:34, instance:org.test.CustomerCreateOrganizationModule@18d87d80]" started-at="2022-10-14T14:07:48 IST" name="maxValidationBrandNameField" finished-at="2022-10-14T14:07:49 IST" duration-ms="662" status="PASS">
          <reporter-output>
          </reporter-output>
        </test-method> <!-- maxValidationBrandNameField -->
        <test-method signature="maxValidationModelNumberField()[pri:35, instance:org.test.CustomerCreateOrganizationModule@18d87d80]" started-at="2022-10-14T14:07:49 IST" name="maxValidationModelNumberField" finished-at="2022-10-14T14:07:50 IST" duration-ms="676" status="PASS">
          <reporter-output>
          </reporter-output>
        </test-method> <!-- maxValidationModelNumberField -->
        <test-method signature="maxValidationSerialNumberField()[pri:36, instance:org.test.CustomerCreateOrganizationModule@18d87d80]" started-at="2022-10-14T14:07:50 IST" name="maxValidationSerialNumberField" finished-at="2022-10-14T14:07:50 IST" duration-ms="683" status="PASS">
          <reporter-output>
          </reporter-output>
        </test-method> <!-- maxValidationSerialNumberField -->
        <test-method signature="maxValidationAccessHoursField()[pri:37, instance:org.test.CustomerCreateOrganizationModule@18d87d80]" started-at="2022-10-14T14:07:50 IST" name="maxValidationAccessHoursField" finished-at="2022-10-14T14:07:51 IST" duration-ms="737" status="PASS">
          <reporter-output>
          </reporter-output>
        </test-method> <!-- maxValidationAccessHoursField -->
        <test-method signature="maxValidationInstallationNotesField()[pri:38, instance:org.test.CustomerCreateOrganizationModule@18d87d80]" started-at="2022-10-14T14:07:51 IST" name="maxValidationInstallationNotesField" finished-at="2022-10-14T14:07:56 IST" duration-ms="4494" status="PASS">
          <reporter-output>
          </reporter-output>
        </test-method> <!-- maxValidationInstallationNotesField -->
        <test-method signature="maxSizeValidationAttachmentField()[pri:39, instance:org.test.CustomerCreateOrganizationModule@18d87d80]" started-at="2022-10-14T14:07:56 IST" name="maxSizeValidationAttachmentField" finished-at="2022-10-14T14:07:57 IST" duration-ms="1870" status="PASS">
          <reporter-output>
          </reporter-output>
        </test-method> <!-- maxSizeValidationAttachmentField -->
        <test-method signature="fileFormatAttachmentField()[pri:40, instance:org.test.CustomerCreateOrganizationModule@18d87d80]" started-at="2022-10-14T14:07:57 IST" name="fileFormatAttachmentField" finished-at="2022-10-14T14:07:59 IST" duration-ms="1402" status="PASS">
          <reporter-output>
          </reporter-output>
        </test-method> <!-- fileFormatAttachmentField -->
        <test-method signature="maxFileUploadSizeValidationField()[pri:41, instance:org.test.CustomerCreateOrganizationModule@18d87d80]" started-at="2022-10-14T14:07:59 IST" name="maxFileUploadSizeValidationField" finished-at="2022-10-14T14:08:22 IST" duration-ms="22898" status="PASS">
          <reporter-output>
          </reporter-output>
        </test-method> <!-- maxFileUploadSizeValidationField -->
        <test-method signature="createOrganization()[pri:42, instance:org.test.CustomerCreateOrganizationModule@18d87d80]" started-at="2022-10-14T14:08:22 IST" name="createOrganization" finished-at="2022-10-14T14:08:39 IST" duration-ms="17119" status="PASS">
          <reporter-output>
          </reporter-output>
        </test-method> <!-- createOrganization -->
        <test-method signature="createOrganizationListFirstName()[pri:44, instance:org.test.CustomerCreateOrganizationModule@18d87d80]" started-at="2022-10-14T14:08:39 IST" name="createOrganizationListFirstName" finished-at="2022-10-14T14:08:40 IST" duration-ms="1115" status="PASS">
          <reporter-output>
          </reporter-output>
        </test-method> <!-- createOrganizationListFirstName -->
        <test-method signature="characterListValidation()[pri:45, instance:org.test.CustomerCreateOrganizationModule@18d87d80]" started-at="2022-10-14T14:08:40 IST" name="characterListValidation" finished-at="2022-10-14T14:08:41 IST" duration-ms="1353" status="PASS">
          <reporter-output>
          </reporter-output>
        </test-method> <!-- characterListValidation -->
        <test-method signature="searchOrganizationNameListValidation()[pri:46, instance:org.test.CustomerCreateOrganizationModule@18d87d80]" started-at="2022-10-14T14:08:41 IST" name="searchOrganizationNameListValidation" finished-at="2022-10-14T14:08:53 IST" duration-ms="11395" status="PASS">
          <reporter-output>
          </reporter-output>
        </test-method> <!-- searchOrganizationNameListValidation -->
        <test-method signature="searchPhoneNumberListValidation()[pri:47, instance:org.test.CustomerCreateOrganizationModule@18d87d80]" started-at="2022-10-14T14:08:53 IST" name="searchPhoneNumberListValidation" finished-at="2022-10-14T14:09:14 IST" duration-ms="21384" status="PASS">
          <reporter-output>
          </reporter-output>
        </test-method> <!-- searchPhoneNumberListValidation -->
        <test-method signature="searchEmailListValidation()[pri:48, instance:org.test.CustomerCreateOrganizationModule@18d87d80]" started-at="2022-10-14T14:09:14 IST" name="searchEmailListValidation" finished-at="2022-10-14T14:09:36 IST" duration-ms="21886" status="PASS">
          <reporter-output>
          </reporter-output>
        </test-method> <!-- searchEmailListValidation -->
        <test-method signature="filterListValidation()[pri:49, instance:org.test.CustomerCreateOrganizationModule@18d87d80]" started-at="2022-10-14T14:09:36 IST" name="filterListValidation" finished-at="2022-10-14T14:09:47 IST" duration-ms="10824" status="PASS">
          <reporter-output>
          </reporter-output>
        </test-method> <!-- filterListValidation -->
        <test-method signature="searchInvalid()[pri:50, instance:org.test.CustomerCreateOrganizationModule@18d87d80]" started-at="2022-10-14T14:09:47 IST" name="searchInvalid" finished-at="2022-10-14T14:09:58 IST" duration-ms="10732" status="PASS">
          <reporter-output>
          </reporter-output>
        </test-method> <!-- searchInvalid -->
        <test-method signature="alreadyExistedEmail()[pri:53, instance:org.test.CustomerCreateOrganizationModule@18d87d80]" started-at="2022-10-14T14:09:58 IST" name="alreadyExistedEmail" finished-at="2022-10-14T14:10:02 IST" duration-ms="4879" status="PASS">
          <reporter-output>
          </reporter-output>
        </test-method> <!-- alreadyExistedEmail -->
        <test-method signature="editContactList()[pri:54, instance:org.test.CustomerCreateOrganizationModule@18d87d80]" started-at="2022-10-14T14:10:02 IST" name="editContactList" finished-at="2022-10-14T14:10:13 IST" duration-ms="10379" status="PASS">
          <reporter-output>
          </reporter-output>
        </test-method> <!-- editContactList -->
        <test-method signature="deleteContactList()[pri:55, instance:org.test.CustomerCreateOrganizationModule@18d87d80]" started-at="2022-10-14T14:10:13 IST" name="deleteContactList" finished-at="2022-10-14T14:10:16 IST" duration-ms="3076" status="PASS">
          <reporter-output>
          </reporter-output>
        </test-method> <!-- deleteContactList -->
        <test-method is-config="true" signature="exitBrowser()[pri:0, instance:org.test.CustomerCreateOrganizationModule@18d87d80]" started-at="2022-10-14T14:10:16 IST" name="exitBrowser" finished-at="2022-10-14T14:10:16 IST" duration-ms="252" status="PASS">
          <reporter-output>
          </reporter-output>
        </test-method> <!-- exitBrowser -->
      </class> <!-- org.test.CustomerCreateOrganizationModule -->
      <class name="org.test.CustomerCreateContactModule">
        <test-method is-config="true" signature="setup()[pri:0, instance:org.test.CustomerCreateContactModule@1af2d44a]" started-at="2022-10-14T14:04:42 IST" name="setup" finished-at="2022-10-14T14:04:43 IST" duration-ms="758" status="PASS">
          <reporter-output>
          </reporter-output>
        </test-method> <!-- setup -->
        <test-method signature="loginPage()[pri:-1, instance:org.test.CustomerCreateContactModule@1af2d44a]" started-at="2022-10-14T14:04:43 IST" name="loginPage" finished-at="2022-10-14T14:04:58 IST" duration-ms="15418" status="PASS">
          <reporter-output>
          </reporter-output>
        </test-method> <!-- loginPage -->
        <test-method signature="contactModule()[pri:0, instance:org.test.CustomerCreateContactModule@1af2d44a]" started-at="2022-10-14T14:04:58 IST" name="contactModule" finished-at="2022-10-14T14:05:06 IST" duration-ms="7434" status="PASS">
          <reporter-output>
          </reporter-output>
        </test-method> <!-- contactModule -->
        <test-method signature="maxSizeValidationProfileField()[pri:1, instance:org.test.CustomerCreateContactModule@1af2d44a]" started-at="2022-10-14T14:05:06 IST" name="maxSizeValidationProfileField" finished-at="2022-10-14T14:05:12 IST" duration-ms="5747" status="PASS">
          <reporter-output>
          </reporter-output>
        </test-method> <!-- maxSizeValidationProfileField -->
        <test-method signature="fileFormatValidationProfileField()[pri:2, instance:org.test.CustomerCreateContactModule@1af2d44a]" started-at="2022-10-14T14:05:12 IST" name="fileFormatValidationProfileField" finished-at="2022-10-14T14:05:13 IST" duration-ms="1739" status="PASS">
          <reporter-output>
          </reporter-output>
        </test-method> <!-- fileFormatValidationProfileField -->
        <test-method signature="mandatoryValidation()[pri:3, instance:org.test.CustomerCreateContactModule@1af2d44a]" started-at="2022-10-14T14:05:13 IST" name="mandatoryValidation" finished-at="2022-10-14T14:05:14 IST" duration-ms="228" status="PASS">
          <reporter-output>
          </reporter-output>
        </test-method> <!-- mandatoryValidation -->
        <test-method signature="maxValidationFirstNameField()[pri:4, instance:org.test.CustomerCreateContactModule@1af2d44a]" started-at="2022-10-14T14:05:14 IST" name="maxValidationFirstNameField" finished-at="2022-10-14T14:05:14 IST" duration-ms="707" status="PASS">
          <reporter-output>
          </reporter-output>
        </test-method> <!-- maxValidationFirstNameField -->
        <test-method signature="maxValidationLastNameField()[pri:5, instance:org.test.CustomerCreateContactModule@1af2d44a]" started-at="2022-10-14T14:05:14 IST" name="maxValidationLastNameField" finished-at="2022-10-14T14:05:15 IST" duration-ms="659" status="PASS">
          <reporter-output>
          </reporter-output>
        </test-method> <!-- maxValidationLastNameField -->
        <test-method signature="maxValidationJobTittle()[pri:6, instance:org.test.CustomerCreateContactModule@1af2d44a]" started-at="2022-10-14T14:05:15 IST" name="maxValidationJobTittle" finished-at="2022-10-14T14:05:16 IST" duration-ms="678" status="PASS">
          <reporter-output>
          </reporter-output>
        </test-method> <!-- maxValidationJobTittle -->
        <test-method signature="maxValidationEmailField()[pri:7, instance:org.test.CustomerCreateContactModule@1af2d44a]" started-at="2022-10-14T14:05:16 IST" name="maxValidationEmailField" finished-at="2022-10-14T14:05:16 IST" duration-ms="690" status="PASS">
          <reporter-output>
          </reporter-output>
        </test-method> <!-- maxValidationEmailField -->
        <test-method signature="invalidValidationEmailField()[pri:8, instance:org.test.CustomerCreateContactModule@1af2d44a]" started-at="2022-10-14T14:05:16 IST" name="invalidValidationEmailField" finished-at="2022-10-14T14:05:16 IST" duration-ms="131" status="PASS">
          <reporter-output>
          </reporter-output>
        </test-method> <!-- invalidValidationEmailField -->
        <test-method signature="minValidationPhoneNumberField()[pri:9, instance:org.test.CustomerCreateContactModule@1af2d44a]" started-at="2022-10-14T14:05:16 IST" name="minValidationPhoneNumberField" finished-at="2022-10-14T14:05:17 IST" duration-ms="332" status="PASS">
          <reporter-output>
          </reporter-output>
        </test-method> <!-- minValidationPhoneNumberField -->
        <test-method signature="maxValidationPhoneNumberField()[pri:10, instance:org.test.CustomerCreateContactModule@1af2d44a]" started-at="2022-10-14T14:05:17 IST" name="maxValidationPhoneNumberField" finished-at="2022-10-14T14:05:17 IST" duration-ms="461" status="PASS">
          <reporter-output>
          </reporter-output>
        </test-method> <!-- maxValidationPhoneNumberField -->
        <test-method signature="maxValidationPropertyFirstNameField()[pri:11, instance:org.test.CustomerCreateContactModule@1af2d44a]" started-at="2022-10-14T14:05:17 IST" name="maxValidationPropertyFirstNameField" finished-at="2022-10-14T14:05:18 IST" duration-ms="678" status="PASS">
          <reporter-output>
          </reporter-output>
        </test-method> <!-- maxValidationPropertyFirstNameField -->
        <test-method signature="maxValidationPropertyLastNameField()[pri:12, instance:org.test.CustomerCreateContactModule@1af2d44a]" started-at="2022-10-14T14:05:18 IST" name="maxValidationPropertyLastNameField" finished-at="2022-10-14T14:05:19 IST" duration-ms="672" status="PASS">
          <reporter-output>
          </reporter-output>
        </test-method> <!-- maxValidationPropertyLastNameField -->
        <test-method signature="maxValidationPropertyNameeField()[pri:13, instance:org.test.CustomerCreateContactModule@1af2d44a]" started-at="2022-10-14T14:05:19 IST" name="maxValidationPropertyNameeField" finished-at="2022-10-14T14:05:19 IST" duration-ms="813" status="PASS">
          <reporter-output>
          </reporter-output>
        </test-method> <!-- maxValidationPropertyNameeField -->
        <test-method signature="maxValidationAddress1()[pri:14, instance:org.test.CustomerCreateContactModule@1af2d44a]" started-at="2022-10-14T14:05:19 IST" name="maxValidationAddress1" finished-at="2022-10-14T14:05:20 IST" duration-ms="671" status="PASS">
          <reporter-output>
          </reporter-output>
        </test-method> <!-- maxValidationAddress1 -->
        <test-method signature="maxValidationAddress22Field()[pri:15, instance:org.test.CustomerCreateContactModule@1af2d44a]" started-at="2022-10-14T14:05:20 IST" name="maxValidationAddress22Field" finished-at="2022-10-14T14:05:21 IST" duration-ms="697" status="PASS">
          <reporter-output>
          </reporter-output>
        </test-method> <!-- maxValidationAddress22Field -->
        <test-method signature="maxValidationCityField()[pri:16, instance:org.test.CustomerCreateContactModule@1af2d44a]" started-at="2022-10-14T14:05:21 IST" name="maxValidationCityField" finished-at="2022-10-14T14:05:21 IST" duration-ms="668" status="PASS">
          <reporter-output>
          </reporter-output>
        </test-method> <!-- maxValidationCityField -->
        <test-method signature="maxValidationStateField()[pri:17, instance:org.test.CustomerCreateContactModule@1af2d44a]" started-at="2022-10-14T14:05:21 IST" name="maxValidationStateField" finished-at="2022-10-14T14:05:22 IST" duration-ms="696" status="PASS">
          <reporter-output>
          </reporter-output>
        </test-method> <!-- maxValidationStateField -->
        <test-method signature="minValidationZipcodeField()[pri:18, instance:org.test.CustomerCreateContactModule@1af2d44a]" started-at="2022-10-14T14:05:22 IST" name="minValidationZipcodeField" finished-at="2022-10-14T14:05:23 IST" duration-ms="353" status="PASS">
          <reporter-output>
          </reporter-output>
        </test-method> <!-- minValidationZipcodeField -->
        <test-method signature="maxValidationZipcodeField()[pri:19, instance:org.test.CustomerCreateContactModule@1af2d44a]" started-at="2022-10-14T14:05:23 IST" name="maxValidationZipcodeField" finished-at="2022-10-14T14:05:23 IST" duration-ms="313" status="PASS">
          <reporter-output>
          </reporter-output>
        </test-method> <!-- maxValidationZipcodeField -->
        <test-method signature="maxValidationProductNameField()[pri:20, instance:org.test.CustomerCreateContactModule@1af2d44a]" started-at="2022-10-14T14:05:23 IST" name="maxValidationProductNameField" finished-at="2022-10-14T14:05:24 IST" duration-ms="664" status="PASS">
          <reporter-output>
          </reporter-output>
        </test-method> <!-- maxValidationProductNameField -->
        <test-method signature="maxValidationBrandNameField()[pri:21, instance:org.test.CustomerCreateContactModule@1af2d44a]" started-at="2022-10-14T14:05:24 IST" name="maxValidationBrandNameField" finished-at="2022-10-14T14:05:24 IST" duration-ms="698" status="PASS">
          <reporter-output>
          </reporter-output>
        </test-method> <!-- maxValidationBrandNameField -->
        <test-method signature="maxValdidationModelNumberField()[pri:22, instance:org.test.CustomerCreateContactModule@1af2d44a]" started-at="2022-10-14T14:05:24 IST" name="maxValdidationModelNumberField" finished-at="2022-10-14T14:05:25 IST" duration-ms="686" status="PASS">
          <reporter-output>
          </reporter-output>
        </test-method> <!-- maxValdidationModelNumberField -->
        <test-method signature="maxValidationSerialNumberField()[pri:23, instance:org.test.CustomerCreateContactModule@1af2d44a]" started-at="2022-10-14T14:05:25 IST" name="maxValidationSerialNumberField" finished-at="2022-10-14T14:05:26 IST" duration-ms="674" status="PASS">
          <reporter-output>
          </reporter-output>
        </test-method> <!-- maxValidationSerialNumberField -->
        <test-method signature="maxValidationAccessHoursField()[pri:24, instance:org.test.CustomerCreateContactModule@1af2d44a]" started-at="2022-10-14T14:05:26 IST" name="maxValidationAccessHoursField" finished-at="2022-10-14T14:05:26 IST" duration-ms="678" status="PASS">
          <reporter-output>
          </reporter-output>
        </test-method> <!-- maxValidationAccessHoursField -->
        <test-method signature="maxValidationInstallationNotesField()[pri:25, instance:org.test.CustomerCreateContactModule@1af2d44a]" started-at="2022-10-14T14:05:26 IST" name="maxValidationInstallationNotesField" finished-at="2022-10-14T14:05:31 IST" duration-ms="4439" status="PASS">
          <reporter-output>
          </reporter-output>
        </test-method> <!-- maxValidationInstallationNotesField -->
        <test-method signature="maxSizeValidationAttachmentFileField()[pri:26, instance:org.test.CustomerCreateContactModule@1af2d44a]" started-at="2022-10-14T14:05:31 IST" name="maxSizeValidationAttachmentFileField" finished-at="2022-10-14T14:05:32 IST" duration-ms="1774" status="PASS">
          <reporter-output>
          </reporter-output>
        </test-method> <!-- maxSizeValidationAttachmentFileField -->
        <test-method signature="fileFormatValidationAttachmentField()[pri:27, instance:org.test.CustomerCreateContactModule@1af2d44a]" started-at="2022-10-14T14:05:32 IST" name="fileFormatValidationAttachmentField" finished-at="2022-10-14T14:05:34 IST" duration-ms="1393" status="PASS">
          <reporter-output>
          </reporter-output>
        </test-method> <!-- fileFormatValidationAttachmentField -->
        <test-method signature="maxLimitAttachmentField()[pri:28, instance:org.test.CustomerCreateContactModule@1af2d44a]" started-at="2022-10-14T14:05:34 IST" name="maxLimitAttachmentField" finished-at="2022-10-14T14:05:54 IST" duration-ms="20025" status="PASS">
          <reporter-output>
          </reporter-output>
        </test-method> <!-- maxLimitAttachmentField -->
        <test-method signature="CreateContact()[pri:29, instance:org.test.CustomerCreateContactModule@1af2d44a]" started-at="2022-10-14T14:05:54 IST" name="CreateContact" finished-at="2022-10-14T14:06:02 IST" duration-ms="7797" status="PASS">
          <reporter-output>
          </reporter-output>
        </test-method> <!-- CreateContact -->
        <test-method signature="alreadyExistedMail()[pri:30, instance:org.test.CustomerCreateContactModule@1af2d44a]" started-at="2022-10-14T14:06:02 IST" name="alreadyExistedMail" finished-at="2022-10-14T14:06:04 IST" duration-ms="2032" status="PASS">
          <reporter-output>
          </reporter-output>
        </test-method> <!-- alreadyExistedMail -->
        <test-method signature="characterFilterValidation()[pri:31, instance:org.test.CustomerCreateContactModule@1af2d44a]" started-at="2022-10-14T14:06:04 IST" name="characterFilterValidation" finished-at="2022-10-14T14:06:08 IST" duration-ms="4287" status="PASS">
          <reporter-output>
          </reporter-output>
        </test-method> <!-- characterFilterValidation -->
        <test-method signature="searchListNameField()[pri:32, instance:org.test.CustomerCreateContactModule@1af2d44a]" started-at="2022-10-14T14:06:08 IST" name="searchListNameField" finished-at="2022-10-14T14:06:12 IST" duration-ms="4031" status="PASS">
          <reporter-output>
          </reporter-output>
        </test-method> <!-- searchListNameField -->
        <test-method signature="searchListPhoneNumberField()[pri:33, instance:org.test.CustomerCreateContactModule@1af2d44a]" started-at="2022-10-14T14:06:12 IST" name="searchListPhoneNumberField" finished-at="2022-10-14T14:06:22 IST" duration-ms="9982" status="PASS">
          <reporter-output>
          </reporter-output>
        </test-method> <!-- searchListPhoneNumberField -->
        <test-method signature="searchListEmailField()[pri:34, instance:org.test.CustomerCreateContactModule@1af2d44a]" started-at="2022-10-14T14:06:22 IST" name="searchListEmailField" finished-at="2022-10-14T14:06:33 IST" duration-ms="10530" status="PASS">
          <reporter-output>
          </reporter-output>
        </test-method> <!-- searchListEmailField -->
        <test-method signature="filterField()[pri:35, instance:org.test.CustomerCreateContactModule@1af2d44a]" started-at="2022-10-14T14:06:33 IST" name="filterField" finished-at="2022-10-14T14:06:35 IST" duration-ms="1998" status="PASS">
          <reporter-output>
          </reporter-output>
        </test-method> <!-- filterField -->
        <test-method signature="searchInvalidListName()[pri:36, instance:org.test.CustomerCreateContactModule@1af2d44a]" started-at="2022-10-14T14:06:35 IST" name="searchInvalidListName" finished-at="2022-10-14T14:06:44 IST" duration-ms="9180" status="PASS">
          <reporter-output>
          </reporter-output>
        </test-method> <!-- searchInvalidListName -->
        <test-method signature="editContactList()[pri:37, instance:org.test.CustomerCreateContactModule@1af2d44a]" started-at="2022-10-14T14:06:44 IST" name="editContactList" finished-at="2022-10-14T14:06:51 IST" duration-ms="7518" status="PASS">
          <reporter-output>
          </reporter-output>
        </test-method> <!-- editContactList -->
        <test-method signature="deleteContactList()[pri:39, instance:org.test.CustomerCreateContactModule@1af2d44a]" started-at="2022-10-14T14:06:51 IST" name="deleteContactList" finished-at="2022-10-14T14:06:54 IST" duration-ms="3111" status="PASS">
          <reporter-output>
          </reporter-output>
        </test-method> <!-- deleteContactList -->
        <test-method is-config="true" signature="exitBrowser()[pri:0, instance:org.test.CustomerCreateContactModule@1af2d44a]" started-at="2022-10-14T14:06:54 IST" name="exitBrowser" finished-at="2022-10-14T14:06:55 IST" duration-ms="225" status="PASS">
          <reporter-output>
          </reporter-output>
        </test-method> <!-- exitBrowser -->
      </class> <!-- org.test.CustomerCreateContactModule -->
      <class name="org.test.TeamModule">
        <test-method is-config="true" signature="setup()[pri:0, instance:org.test.TeamModule@1e04fa0a]" started-at="2022-10-14T14:00:10 IST" name="setup" finished-at="2022-10-14T14:00:11 IST" duration-ms="750" status="PASS">
          <reporter-output>
          </reporter-output>
        </test-method> <!-- setup -->
        <test-method signature="verify()[pri:1, instance:org.test.TeamModule@1e04fa0a]" started-at="2022-10-14T14:00:11 IST" name="verify" finished-at="2022-10-14T14:00:32 IST" duration-ms="20982" status="PASS">
          <reporter-output>
          </reporter-output>
        </test-method> <!-- verify -->
        <test-method signature="teamModule()[pri:2, instance:org.test.TeamModule@1e04fa0a]" started-at="2022-10-14T14:00:32 IST" name="teamModule" finished-at="2022-10-14T14:00:39 IST" duration-ms="6648" status="PASS">
          <reporter-output>
          </reporter-output>
        </test-method> <!-- teamModule -->
        <test-method signature="edit()[pri:3, instance:org.test.TeamModule@1e04fa0a]" started-at="2022-10-14T14:00:39 IST" name="edit" finished-at="2022-10-14T14:00:42 IST" duration-ms="2646" status="PASS">
          <reporter-output>
          </reporter-output>
        </test-method> <!-- edit -->
        <test-method signature="addLocation()[pri:4, instance:org.test.TeamModule@1e04fa0a]" started-at="2022-10-14T14:00:42 IST" name="addLocation" finished-at="2022-10-14T14:00:44 IST" duration-ms="2062" status="PASS">
          <reporter-output>
          </reporter-output>
        </test-method> <!-- addLocation -->
        <test-method signature="deleteLocation()[pri:5, instance:org.test.TeamModule@1e04fa0a]" started-at="2022-10-14T14:00:44 IST" name="deleteLocation" finished-at="2022-10-14T14:00:45 IST" duration-ms="1897" status="PASS">
          <reporter-output>
          </reporter-output>
        </test-method> <!-- deleteLocation -->
        <test-method signature="maxSizeProfileField()[pri:6, instance:org.test.TeamModule@1e04fa0a]" started-at="2022-10-14T14:00:45 IST" name="maxSizeProfileField" finished-at="2022-10-14T14:00:49 IST" duration-ms="3233" status="PASS">
          <reporter-output>
          </reporter-output>
        </test-method> <!-- maxSizeProfileField -->
        <test-method signature="fileFormatvalidation()[pri:7, instance:org.test.TeamModule@1e04fa0a]" started-at="2022-10-14T14:00:49 IST" name="fileFormatvalidation" finished-at="2022-10-14T14:00:51 IST" duration-ms="2355" status="PASS">
          <reporter-output>
          </reporter-output>
        </test-method> <!-- fileFormatvalidation -->
        <test-method signature="verifyContractorNameMandatory()[pri:8, instance:org.test.TeamModule@1e04fa0a]" started-at="2022-10-14T14:00:51 IST" name="verifyContractorNameMandatory" finished-at="2022-10-14T14:00:51 IST" duration-ms="124" status="PASS">
          <reporter-output>
          </reporter-output>
        </test-method> <!-- verifyContractorNameMandatory -->
        <test-method signature="verifyContractorNumberMinValidation()[pri:9, instance:org.test.TeamModule@1e04fa0a]" started-at="2022-10-14T14:00:51 IST" name="verifyContractorNumberMinValidation" finished-at="2022-10-14T14:00:51 IST" duration-ms="265" status="PASS">
          <reporter-output>
          </reporter-output>
        </test-method> <!-- verifyContractorNumberMinValidation -->
        <test-method signature="verifyContractorEmailFormat()[pri:10, instance:org.test.TeamModule@1e04fa0a]" started-at="2022-10-14T14:00:51 IST" name="verifyContractorEmailFormat" finished-at="2022-10-14T14:00:52 IST" duration-ms="237" status="PASS">
          <reporter-output>
          </reporter-output>
        </test-method> <!-- verifyContractorEmailFormat -->
        <test-method signature="verifyContractorNumberMaxValidation()[pri:11, instance:org.test.TeamModule@1e04fa0a]" started-at="2022-10-14T14:00:52 IST" name="verifyContractorNumberMaxValidation" finished-at="2022-10-14T14:00:52 IST" duration-ms="231" status="PASS">
          <reporter-output>
          </reporter-output>
        </test-method> <!-- verifyContractorNumberMaxValidation -->
        <test-method signature="verifyFaxMinValidation()[pri:12, instance:org.test.TeamModule@1e04fa0a]" started-at="2022-10-14T14:00:52 IST" name="verifyFaxMinValidation" finished-at="2022-10-14T14:00:52 IST" duration-ms="184" status="PASS">
          <reporter-output>
          </reporter-output>
        </test-method> <!-- verifyFaxMinValidation -->
        <test-method signature="verifyFaxMaxValidation()[pri:13, instance:org.test.TeamModule@1e04fa0a]" started-at="2022-10-14T14:00:52 IST" name="verifyFaxMaxValidation" finished-at="2022-10-14T14:00:52 IST" duration-ms="301" status="PASS">
          <reporter-output>
          </reporter-output>
        </test-method> <!-- verifyFaxMaxValidation -->
        <test-method signature="verifyCpersonMaxValidation()[pri:14, instance:org.test.TeamModule@1e04fa0a]" started-at="2022-10-14T14:00:52 IST" name="verifyCpersonMaxValidation" finished-at="2022-10-14T14:00:54 IST" duration-ms="1289" status="PASS">
          <reporter-output>
          </reporter-output>
        </test-method> <!-- verifyCpersonMaxValidation -->
        <test-method signature="maxValidationLocationNameField()[pri:15, instance:org.test.TeamModule@1e04fa0a]" started-at="2022-10-14T14:00:54 IST" name="maxValidationLocationNameField" finished-at="2022-10-14T14:00:55 IST" duration-ms="1325" status="PASS">
          <reporter-output>
          </reporter-output>
        </test-method> <!-- maxValidationLocationNameField -->
        <test-method signature="validateEmailField()[pri:16, instance:org.test.TeamModule@1e04fa0a]" started-at="2022-10-14T14:00:55 IST" name="validateEmailField" finished-at="2022-10-14T14:00:55 IST" duration-ms="164" status="PASS">
          <reporter-output>
          </reporter-output>
        </test-method> <!-- validateEmailField -->
        <test-method signature="maxValidationEmailField()[pri:17, instance:org.test.TeamModule@1e04fa0a]" started-at="2022-10-14T14:00:55 IST" name="maxValidationEmailField" finished-at="2022-10-14T14:00:57 IST" duration-ms="1326" status="PASS">
          <reporter-output>
          </reporter-output>
        </test-method> <!-- maxValidationEmailField -->
        <test-method signature="minValidationPhoneNumberField()[pri:18, instance:org.test.TeamModule@1e04fa0a]" started-at="2022-10-14T14:00:57 IST" name="minValidationPhoneNumberField" finished-at="2022-10-14T14:00:57 IST" duration-ms="304" status="PASS">
          <reporter-output>
          </reporter-output>
        </test-method> <!-- minValidationPhoneNumberField -->
        <test-method signature="maxValidationPhoneNumberField()[pri:19, instance:org.test.TeamModule@1e04fa0a]" started-at="2022-10-14T14:00:57 IST" name="maxValidationPhoneNumberField" finished-at="2022-10-14T14:00:57 IST" duration-ms="312" status="PASS">
          <reporter-output>
          </reporter-output>
        </test-method> <!-- maxValidationPhoneNumberField -->
        <test-method signature="maxValidationAddress1Field()[pri:20, instance:org.test.TeamModule@1e04fa0a]" started-at="2022-10-14T14:00:57 IST" name="maxValidationAddress1Field" finished-at="2022-10-14T14:00:58 IST" duration-ms="1270" status="PASS">
          <reporter-output>
          </reporter-output>
        </test-method> <!-- maxValidationAddress1Field -->
        <test-method signature="maxValidationAddress2Field()[pri:21, instance:org.test.TeamModule@1e04fa0a]" started-at="2022-10-14T14:00:58 IST" name="maxValidationAddress2Field" finished-at="2022-10-14T14:01:00 IST" duration-ms="1271" status="PASS">
          <reporter-output>
          </reporter-output>
        </test-method> <!-- maxValidationAddress2Field -->
        <test-method signature="maxValidationStateField()[pri:22, instance:org.test.TeamModule@1e04fa0a]" started-at="2022-10-14T14:01:00 IST" name="maxValidationStateField" finished-at="2022-10-14T14:01:01 IST" duration-ms="1280" status="PASS">
          <reporter-output>
          </reporter-output>
        </test-method> <!-- maxValidationStateField -->
        <test-method signature="maxValidationCityField()[pri:23, instance:org.test.TeamModule@1e04fa0a]" started-at="2022-10-14T14:01:01 IST" name="maxValidationCityField" finished-at="2022-10-14T14:01:02 IST" duration-ms="1268" status="PASS">
          <reporter-output>
          </reporter-output>
        </test-method> <!-- maxValidationCityField -->
        <test-method signature="maxValidationZipcodeField()[pri:24, instance:org.test.TeamModule@1e04fa0a]" started-at="2022-10-14T14:01:02 IST" name="maxValidationZipcodeField" finished-at="2022-10-14T14:01:02 IST" duration-ms="201" status="PASS">
          <reporter-output>
          </reporter-output>
        </test-method> <!-- maxValidationZipcodeField -->
        <test-method signature="minValidationZipcodeField()[pri:25, instance:org.test.TeamModule@1e04fa0a]" started-at="2022-10-14T14:01:02 IST" name="minValidationZipcodeField" finished-at="2022-10-14T14:01:03 IST" duration-ms="127" status="PASS">
          <reporter-output>
          </reporter-output>
        </test-method> <!-- minValidationZipcodeField -->
        <test-method signature="characterValidationZipcodeField()[pri:26, instance:org.test.TeamModule@1e04fa0a]" started-at="2022-10-14T14:01:03 IST" name="characterValidationZipcodeField" finished-at="2022-10-14T14:01:03 IST" duration-ms="137" status="PASS">
          <reporter-output>
          </reporter-output>
        </test-method> <!-- characterValidationZipcodeField -->
        <test-method signature="maxValidationContactPerson()[pri:27, instance:org.test.TeamModule@1e04fa0a]" started-at="2022-10-14T14:01:03 IST" name="maxValidationContactPerson" finished-at="2022-10-14T14:01:04 IST" duration-ms="1347" status="PASS">
          <reporter-output>
          </reporter-output>
        </test-method> <!-- maxValidationContactPerson -->
        <test-method signature="verifySaveButtonExist()[pri:28, instance:org.test.TeamModule@1e04fa0a]" started-at="2022-10-14T14:01:04 IST" name="verifySaveButtonExist" finished-at="2022-10-14T14:01:04 IST" duration-ms="41" status="PASS">
          <reporter-output>
          </reporter-output>
        </test-method> <!-- verifySaveButtonExist -->
        <test-method signature="createContract()[pri:29, instance:org.test.TeamModule@1e04fa0a]" started-at="2022-10-14T14:01:04 IST" name="createContract" finished-at="2022-10-14T14:01:08 IST" duration-ms="3659" status="PASS">
          <reporter-output>
          </reporter-output>
        </test-method> <!-- createContract -->
        <test-method signature="listValidationName()[pri:30, instance:org.test.TeamModule@1e04fa0a]" started-at="2022-10-14T14:01:08 IST" name="listValidationName" finished-at="2022-10-14T14:01:09 IST" duration-ms="1582" status="PASS">
          <reporter-output>
          </reporter-output>
        </test-method> <!-- listValidationName -->
        <test-method signature="searchCompanyNameListValidation()[pri:31, instance:org.test.TeamModule@1e04fa0a]" started-at="2022-10-14T14:01:09 IST" name="searchCompanyNameListValidation" finished-at="2022-10-14T14:01:11 IST" duration-ms="1409" status="PASS">
          <reporter-output>
          </reporter-output>
        </test-method> <!-- searchCompanyNameListValidation -->
        <test-method signature="searchNameListValidation()[pri:32, instance:org.test.TeamModule@1e04fa0a]" started-at="2022-10-14T14:01:11 IST" name="searchNameListValidation" finished-at="2022-10-14T14:01:12 IST" duration-ms="1361" status="PASS">
          <reporter-output>
          </reporter-output>
        </test-method> <!-- searchNameListValidation -->
        <test-method signature="searchEmailListValidation()[pri:33, instance:org.test.TeamModule@1e04fa0a]" started-at="2022-10-14T14:01:12 IST" name="searchEmailListValidation" finished-at="2022-10-14T14:01:14 IST" duration-ms="1418" status="PASS">
          <reporter-output>
          </reporter-output>
        </test-method> <!-- searchEmailListValidation -->
        <test-method signature="searchPhoneNumberListValidation()[pri:34, instance:org.test.TeamModule@1e04fa0a]" started-at="2022-10-14T14:01:14 IST" name="searchPhoneNumberListValidation" finished-at="2022-10-14T14:01:15 IST" duration-ms="1395" status="PASS">
          <reporter-output>
          </reporter-output>
        </test-method> <!-- searchPhoneNumberListValidation -->
        <test-method signature="invalidValidationData()[pri:35, instance:org.test.TeamModule@1e04fa0a]" started-at="2022-10-14T14:01:15 IST" name="invalidValidationData" finished-at="2022-10-14T14:01:16 IST" duration-ms="1330" status="PASS">
          <reporter-output>
          </reporter-output>
        </test-method> <!-- invalidValidationData -->
        <test-method signature="editContractorPage()[pri:36, instance:org.test.TeamModule@1e04fa0a]" started-at="2022-10-14T14:01:16 IST" name="editContractorPage" finished-at="2022-10-14T14:01:18 IST" duration-ms="1893" status="PASS">
          <reporter-output>
          </reporter-output>
        </test-method> <!-- editContractorPage -->
        <test-method signature="editContractorDetails()[pri:37, instance:org.test.TeamModule@1e04fa0a]" started-at="2022-10-14T14:01:18 IST" name="editContractorDetails" finished-at="2022-10-14T14:01:23 IST" duration-ms="4551" status="PASS">
          <reporter-output>
          </reporter-output>
        </test-method> <!-- editContractorDetails -->
        <test-method signature="deleteContractorDetails()[pri:38, instance:org.test.TeamModule@1e04fa0a]" started-at="2022-10-14T14:01:23 IST" name="deleteContractorDetails" finished-at="2022-10-14T14:01:25 IST" duration-ms="2055" status="PASS">
          <reporter-output>
          </reporter-output>
        </test-method> <!-- deleteContractorDetails -->
        <test-method signature="landingUserFormPage()[pri:39, instance:org.test.TeamModule@1e04fa0a]" started-at="2022-10-14T14:01:25 IST" name="landingUserFormPage" finished-at="2022-10-14T14:01:27 IST" duration-ms="1920" status="PASS">
          <reporter-output>
          </reporter-output>
        </test-method> <!-- landingUserFormPage -->
        <test-method signature="maxSizeLogoField()[pri:40, instance:org.test.TeamModule@1e04fa0a]" started-at="2022-10-14T14:01:27 IST" name="maxSizeLogoField" finished-at="2022-10-14T14:01:28 IST" duration-ms="1728" status="PASS">
          <reporter-output>
          </reporter-output>
        </test-method> <!-- maxSizeLogoField -->
        <test-method signature="fileFormatValidation()[pri:41, instance:org.test.TeamModule@1e04fa0a]" started-at="2022-10-14T14:01:28 IST" name="fileFormatValidation" finished-at="2022-10-14T14:01:30 IST" duration-ms="1824" status="PASS">
          <reporter-output>
          </reporter-output>
        </test-method> <!-- fileFormatValidation -->
        <test-method signature="mandatoryValidationFirstNameField()[pri:42, instance:org.test.TeamModule@1e04fa0a]" started-at="2022-10-14T14:01:30 IST" name="mandatoryValidationFirstNameField" finished-at="2022-10-14T14:01:31 IST" duration-ms="287" status="PASS">
          <reporter-output>
          </reporter-output>
        </test-method> <!-- mandatoryValidationFirstNameField -->
        <test-method signature="mandatoryValidationEmailField()[pri:43, instance:org.test.TeamModule@1e04fa0a]" started-at="2022-10-14T14:01:31 IST" name="mandatoryValidationEmailField" finished-at="2022-10-14T14:01:31 IST" duration-ms="285" status="PASS">
          <reporter-output>
          </reporter-output>
        </test-method> <!-- mandatoryValidationEmailField -->
        <test-method signature="mandatoryValidationTypeField()[pri:44, instance:org.test.TeamModule@1e04fa0a]" started-at="2022-10-14T14:01:31 IST" name="mandatoryValidationTypeField" finished-at="2022-10-14T14:01:31 IST" duration-ms="505" status="PASS">
          <reporter-output>
          </reporter-output>
        </test-method> <!-- mandatoryValidationTypeField -->
        <test-method signature="maxValidationFirstNameField()[pri:44, instance:org.test.TeamModule@1e04fa0a]" started-at="2022-10-14T14:01:31 IST" name="maxValidationFirstNameField" finished-at="2022-10-14T14:01:32 IST" duration-ms="672" status="PASS">
          <reporter-output>
          </reporter-output>
        </test-method> <!-- maxValidationFirstNameField -->
        <test-method signature="maxValidationLastNameField()[pri:45, instance:org.test.TeamModule@1e04fa0a]" started-at="2022-10-14T14:01:32 IST" name="maxValidationLastNameField" finished-at="2022-10-14T14:01:33 IST" duration-ms="623" status="PASS">
          <reporter-output>
          </reporter-output>
        </test-method> <!-- maxValidationLastNameField -->
        <test-method signature="maxValidationJobTittleField()[pri:46, instance:org.test.TeamModule@1e04fa0a]" started-at="2022-10-14T14:01:33 IST" name="maxValidationJobTittleField" finished-at="2022-10-14T14:01:33 IST" duration-ms="657" status="PASS">
          <reporter-output>
          </reporter-output>
        </test-method> <!-- maxValidationJobTittleField -->
        <test-method signature="maxValidationEmailFields()[pri:47, instance:org.test.TeamModule@1e04fa0a]" started-at="2022-10-14T14:01:33 IST" name="maxValidationEmailFields" finished-at="2022-10-14T14:01:34 IST" duration-ms="678" status="PASS">
          <reporter-output>
          </reporter-output>
        </test-method> <!-- maxValidationEmailFields -->
        <test-method signature="invalidEmailValidation()[pri:48, instance:org.test.TeamModule@1e04fa0a]" started-at="2022-10-14T14:01:34 IST" name="invalidEmailValidation" finished-at="2022-10-14T14:01:34 IST" duration-ms="197" status="PASS">
          <reporter-output>
          </reporter-output>
        </test-method> <!-- invalidEmailValidation -->
        <test-method signature="minValidatonPhoneNumber()[pri:49, instance:org.test.TeamModule@1e04fa0a]" started-at="2022-10-14T14:01:34 IST" name="minValidatonPhoneNumber" finished-at="2022-10-14T14:01:34 IST" duration-ms="334" status="PASS">
          <reporter-output>
          </reporter-output>
        </test-method> <!-- minValidatonPhoneNumber -->
        <test-method signature="maxValidatonPhoneNumber()[pri:50, instance:org.test.TeamModule@1e04fa0a]" started-at="2022-10-14T14:01:34 IST" name="maxValidatonPhoneNumber" finished-at="2022-10-14T14:01:35 IST" duration-ms="440" status="PASS">
          <reporter-output>
          </reporter-output>
        </test-method> <!-- maxValidatonPhoneNumber -->
        <test-method signature="maxValidationLocationName()[pri:51, instance:org.test.TeamModule@1e04fa0a]" started-at="2022-10-14T14:01:35 IST" name="maxValidationLocationName" finished-at="2022-10-14T14:01:36 IST" duration-ms="658" status="PASS">
          <reporter-output>
          </reporter-output>
        </test-method> <!-- maxValidationLocationName -->
        <test-method signature="maxValidationAddress1()[pri:52, instance:org.test.TeamModule@1e04fa0a]" started-at="2022-10-14T14:01:36 IST" name="maxValidationAddress1" finished-at="2022-10-14T14:01:36 IST" duration-ms="658" status="PASS">
          <reporter-output>
          </reporter-output>
        </test-method> <!-- maxValidationAddress1 -->
        <test-method signature="maxValidationAddress2()[pri:53, instance:org.test.TeamModule@1e04fa0a]" started-at="2022-10-14T14:01:36 IST" name="maxValidationAddress2" finished-at="2022-10-14T14:01:37 IST" duration-ms="663" status="PASS">
          <reporter-output>
          </reporter-output>
        </test-method> <!-- maxValidationAddress2 -->
        <test-method signature="maxValidationState()[pri:54, instance:org.test.TeamModule@1e04fa0a]" started-at="2022-10-14T14:01:37 IST" name="maxValidationState" finished-at="2022-10-14T14:01:38 IST" duration-ms="642" status="PASS">
          <reporter-output>
          </reporter-output>
        </test-method> <!-- maxValidationState -->
        <test-method signature="maxValidationCity()[pri:55, instance:org.test.TeamModule@1e04fa0a]" started-at="2022-10-14T14:01:38 IST" name="maxValidationCity" finished-at="2022-10-14T14:01:38 IST" duration-ms="633" status="PASS">
          <reporter-output>
          </reporter-output>
        </test-method> <!-- maxValidationCity -->
        <test-method signature="minValidationZipcode()[pri:56, instance:org.test.TeamModule@1e04fa0a]" started-at="2022-10-14T14:01:38 IST" name="minValidationZipcode" finished-at="2022-10-14T14:01:38 IST" duration-ms="159" status="PASS">
          <reporter-output>
          </reporter-output>
        </test-method> <!-- minValidationZipcode -->
        <test-method signature="specialCharacterValidationContractorZipcode()[pri:57, instance:org.test.TeamModule@1e04fa0a]" started-at="2022-10-14T14:01:38 IST" name="specialCharacterValidationContractorZipcode" finished-at="2022-10-14T14:01:38 IST" duration-ms="135" status="PASS">
          <reporter-output>
          </reporter-output>
        </test-method> <!-- specialCharacterValidationContractorZipcode -->
        <test-method signature="specialCharacterValidationZipcode()[pri:57, instance:org.test.TeamModule@1e04fa0a]" started-at="2022-10-14T14:01:38 IST" name="specialCharacterValidationZipcode" finished-at="2022-10-14T14:01:39 IST" duration-ms="125" status="PASS">
          <reporter-output>
          </reporter-output>
        </test-method> <!-- specialCharacterValidationZipcode -->
        <test-method signature="maxValidationZipcode()[pri:58, instance:org.test.TeamModule@1e04fa0a]" started-at="2022-10-14T14:01:39 IST" name="maxValidationZipcode" finished-at="2022-10-14T14:01:39 IST" duration-ms="319" status="PASS">
          <reporter-output>
          </reporter-output>
        </test-method> <!-- maxValidationZipcode -->
        <test-method signature="userCreate()[pri:59, instance:org.test.TeamModule@1e04fa0a]" started-at="2022-10-14T14:01:39 IST" name="userCreate" finished-at="2022-10-14T14:01:44 IST" duration-ms="5535" status="PASS">
          <reporter-output>
          </reporter-output>
        </test-method> <!-- userCreate -->
        <test-method signature="createdListName()[pri:60, instance:org.test.TeamModule@1e04fa0a]" started-at="2022-10-14T14:01:44 IST" name="createdListName" finished-at="2022-10-14T14:01:46 IST" duration-ms="1585" status="PASS">
          <reporter-output>
          </reporter-output>
        </test-method> <!-- createdListName -->
        <test-method signature="alreadyExistedMailValidation()[pri:61, instance:org.test.TeamModule@1e04fa0a]" started-at="2022-10-14T14:01:46 IST" name="alreadyExistedMailValidation" finished-at="2022-10-14T14:01:51 IST" duration-ms="4723" status="PASS">
          <reporter-output>
          </reporter-output>
        </test-method> <!-- alreadyExistedMailValidation -->
        <test-method signature="searchNameValidation()[pri:62, instance:org.test.TeamModule@1e04fa0a]" started-at="2022-10-14T14:01:51 IST" name="searchNameValidation" finished-at="2022-10-14T14:02:05 IST" duration-ms="14084" status="PASS">
          <reporter-output>
          </reporter-output>
        </test-method> <!-- searchNameValidation -->
        <test-method signature="searchPhoneNumberValidation()[pri:63, instance:org.test.TeamModule@1e04fa0a]" started-at="2022-10-14T14:02:05 IST" name="searchPhoneNumberValidation" finished-at="2022-10-14T14:02:18 IST" duration-ms="13497" status="PASS">
          <reporter-output>
          </reporter-output>
        </test-method> <!-- searchPhoneNumberValidation -->
        <test-method signature="searchEmailValidation()[pri:64, instance:org.test.TeamModule@1e04fa0a]" started-at="2022-10-14T14:02:18 IST" name="searchEmailValidation" finished-at="2022-10-14T14:02:32 IST" duration-ms="13511" status="PASS">
          <reporter-output>
          </reporter-output>
        </test-method> <!-- searchEmailValidation -->
        <test-method signature="invalidDataValidation()[pri:65, instance:org.test.TeamModule@1e04fa0a]" started-at="2022-10-14T14:02:32 IST" name="invalidDataValidation" finished-at="2022-10-14T14:02:46 IST" duration-ms="13818" status="PASS">
          <reporter-output>
          </reporter-output>
        </test-method> <!-- invalidDataValidation -->
        <test-method signature="landingOnEditForm()[pri:66, instance:org.test.TeamModule@1e04fa0a]" started-at="2022-10-14T14:02:46 IST" name="landingOnEditForm" finished-at="2022-10-14T14:02:48 IST" duration-ms="1913" status="PASS">
          <reporter-output>
          </reporter-output>
        </test-method> <!-- landingOnEditForm -->
        <test-method signature="editUserDetails()[pri:67, instance:org.test.TeamModule@1e04fa0a]" started-at="2022-10-14T14:02:48 IST" name="editUserDetails" finished-at="2022-10-14T14:02:53 IST" duration-ms="5610" status="PASS">
          <reporter-output>
          </reporter-output>
        </test-method> <!-- editUserDetails -->
        <test-method signature="deleteUserDetails()[pri:68, instance:org.test.TeamModule@1e04fa0a]" started-at="2022-10-14T14:02:53 IST" name="deleteUserDetails" finished-at="2022-10-14T14:02:57 IST" duration-ms="3604" status="PASS">
          <reporter-output>
          </reporter-output>
        </test-method> <!-- deleteUserDetails -->
        <test-method signature="landingContractorFormPage()[pri:69, instance:org.test.TeamModule@1e04fa0a]" started-at="2022-10-14T14:02:57 IST" name="landingContractorFormPage" finished-at="2022-10-14T14:02:58 IST" duration-ms="1385" status="PASS">
          <reporter-output>
          </reporter-output>
        </test-method> <!-- landingContractorFormPage -->
        <test-method signature="contractorMaximumSizeLogoValidation()[pri:70, instance:org.test.TeamModule@1e04fa0a]" started-at="2022-10-14T14:02:58 IST" name="contractorMaximumSizeLogoValidation" finished-at="2022-10-14T14:03:00 IST" duration-ms="1712" status="PASS">
          <reporter-output>
          </reporter-output>
        </test-method> <!-- contractorMaximumSizeLogoValidation -->
        <test-method signature="fileFormatValidations()[pri:71, instance:org.test.TeamModule@1e04fa0a]" started-at="2022-10-14T14:03:00 IST" name="fileFormatValidations" finished-at="2022-10-14T14:03:02 IST" duration-ms="1847" status="PASS">
          <reporter-output>
          </reporter-output>
        </test-method> <!-- fileFormatValidations -->
        <test-method signature="mandatoryValidationContractorFirstNameField()[pri:72, instance:org.test.TeamModule@1e04fa0a]" started-at="2022-10-14T14:03:02 IST" name="mandatoryValidationContractorFirstNameField" finished-at="2022-10-14T14:03:02 IST" duration-ms="279" status="PASS">
          <reporter-output>
          </reporter-output>
        </test-method> <!-- mandatoryValidationContractorFirstNameField -->
        <test-method signature="mandatoryValidationContractorEmailField()[pri:73, instance:org.test.TeamModule@1e04fa0a]" started-at="2022-10-14T14:03:02 IST" name="mandatoryValidationContractorEmailField" finished-at="2022-10-14T14:03:02 IST" duration-ms="293" status="PASS">
          <reporter-output>
          </reporter-output>
        </test-method> <!-- mandatoryValidationContractorEmailField -->
        <test-method signature="mandatoryOrganizationName()[pri:74, instance:org.test.TeamModule@1e04fa0a]" started-at="2022-10-14T14:03:02 IST" name="mandatoryOrganizationName" finished-at="2022-10-14T14:03:03 IST" duration-ms="722" status="PASS">
          <reporter-output>
          </reporter-output>
        </test-method> <!-- mandatoryOrganizationName -->
        <test-method signature="maxValidationContractorFirstNameField()[pri:75, instance:org.test.TeamModule@1e04fa0a]" started-at="2022-10-14T14:03:03 IST" name="maxValidationContractorFirstNameField" finished-at="2022-10-14T14:03:04 IST" duration-ms="685" status="PASS">
          <reporter-output>
          </reporter-output>
        </test-method> <!-- maxValidationContractorFirstNameField -->
        <test-method signature="maxValidationContractorLastNameField()[pri:76, instance:org.test.TeamModule@1e04fa0a]" started-at="2022-10-14T14:03:04 IST" name="maxValidationContractorLastNameField" finished-at="2022-10-14T14:03:04 IST" duration-ms="686" status="PASS">
          <reporter-output>
          </reporter-output>
        </test-method> <!-- maxValidationContractorLastNameField -->
        <test-method signature="invalidContractorEmailValidation()[pri:77, instance:org.test.TeamModule@1e04fa0a]" started-at="2022-10-14T14:03:04 IST" name="invalidContractorEmailValidation" finished-at="2022-10-14T14:03:05 IST" duration-ms="220" status="PASS">
          <reporter-output>
          </reporter-output>
        </test-method> <!-- invalidContractorEmailValidation -->
        <test-method signature="maxValidationContractorEmailFields()[pri:78, instance:org.test.TeamModule@1e04fa0a]" started-at="2022-10-14T14:03:05 IST" name="maxValidationContractorEmailFields" finished-at="2022-10-14T14:03:05 IST" duration-ms="663" status="PASS">
          <reporter-output>
          </reporter-output>
        </test-method> <!-- maxValidationContractorEmailFields -->
        <test-method signature="minValidatonContractorPhoneNumber()[pri:79, instance:org.test.TeamModule@1e04fa0a]" started-at="2022-10-14T14:03:05 IST" name="minValidatonContractorPhoneNumber" finished-at="2022-10-14T14:03:06 IST" duration-ms="340" status="PASS">
          <reporter-output>
          </reporter-output>
        </test-method> <!-- minValidatonContractorPhoneNumber -->
        <test-method signature="maxValidatonContractorPhoneNumber()[pri:80, instance:org.test.TeamModule@1e04fa0a]" started-at="2022-10-14T14:03:06 IST" name="maxValidatonContractorPhoneNumber" finished-at="2022-10-14T14:03:06 IST" duration-ms="449" status="PASS">
          <reporter-output>
          </reporter-output>
        </test-method> <!-- maxValidatonContractorPhoneNumber -->
        <test-method signature="maxValidationContractorLocationName()[pri:81, instance:org.test.TeamModule@1e04fa0a]" started-at="2022-10-14T14:03:06 IST" name="maxValidationContractorLocationName" finished-at="2022-10-14T14:03:07 IST" duration-ms="664" status="PASS">
          <reporter-output>
          </reporter-output>
        </test-method> <!-- maxValidationContractorLocationName -->
        <test-method signature="maxValidationContractorAddress1()[pri:82, instance:org.test.TeamModule@1e04fa0a]" started-at="2022-10-14T14:03:07 IST" name="maxValidationContractorAddress1" finished-at="2022-10-14T14:03:07 IST" duration-ms="643" status="PASS">
          <reporter-output>
          </reporter-output>
        </test-method> <!-- maxValidationContractorAddress1 -->
        <test-method signature="maxValidationContractorAddress2()[pri:83, instance:org.test.TeamModule@1e04fa0a]" started-at="2022-10-14T14:03:07 IST" name="maxValidationContractorAddress2" finished-at="2022-10-14T14:03:08 IST" duration-ms="686" status="PASS">
          <reporter-output>
          </reporter-output>
        </test-method> <!-- maxValidationContractorAddress2 -->
        <test-method signature="maxValidationContractorState()[pri:84, instance:org.test.TeamModule@1e04fa0a]" started-at="2022-10-14T14:03:08 IST" name="maxValidationContractorState" finished-at="2022-10-14T14:03:09 IST" duration-ms="654" status="PASS">
          <reporter-output>
          </reporter-output>
        </test-method> <!-- maxValidationContractorState -->
        <test-method signature="maxValidationContractorCity()[pri:85, instance:org.test.TeamModule@1e04fa0a]" started-at="2022-10-14T14:03:09 IST" name="maxValidationContractorCity" finished-at="2022-10-14T14:03:09 IST" duration-ms="649" status="PASS">
          <reporter-output>
          </reporter-output>
        </test-method> <!-- maxValidationContractorCity -->
        <test-method signature="minValidationContractorZipcode()[pri:86, instance:org.test.TeamModule@1e04fa0a]" started-at="2022-10-14T14:03:09 IST" name="minValidationContractorZipcode" finished-at="2022-10-14T14:03:10 IST" duration-ms="163" status="PASS">
          <reporter-output>
          </reporter-output>
        </test-method> <!-- minValidationContractorZipcode -->
        <test-method signature="maxValidationContractorZipcode()[pri:88, instance:org.test.TeamModule@1e04fa0a]" started-at="2022-10-14T14:03:10 IST" name="maxValidationContractorZipcode" finished-at="2022-10-14T14:03:10 IST" duration-ms="305" status="PASS">
          <reporter-output>
          </reporter-output>
        </test-method> <!-- maxValidationContractorZipcode -->
        <test-method signature="userContractorCreate()[pri:89, instance:org.test.TeamModule@1e04fa0a]" started-at="2022-10-14T14:03:10 IST" name="userContractorCreate" finished-at="2022-10-14T14:03:15 IST" duration-ms="5560" status="PASS">
          <reporter-output>
          </reporter-output>
        </test-method> <!-- userContractorCreate -->
        <test-method signature="createdContractorListName()[pri:90, instance:org.test.TeamModule@1e04fa0a]" started-at="2022-10-14T14:03:15 IST" name="createdContractorListName" finished-at="2022-10-14T14:03:17 IST" duration-ms="1529" status="PASS">
          <reporter-output>
          </reporter-output>
        </test-method> <!-- createdContractorListName -->
        <test-method signature="alreadyExistedContractorMailValidation()[pri:91, instance:org.test.TeamModule@1e04fa0a]" started-at="2022-10-14T14:03:17 IST" name="alreadyExistedContractorMailValidation" finished-at="2022-10-14T14:03:20 IST" duration-ms="3552" status="PASS">
          <reporter-output>
          </reporter-output>
        </test-method> <!-- alreadyExistedContractorMailValidation -->
        <test-method signature="searchContractorNameValidation()[pri:92, instance:org.test.TeamModule@1e04fa0a]" started-at="2022-10-14T14:03:20 IST" name="searchContractorNameValidation" finished-at="2022-10-14T14:03:35 IST" duration-ms="14601" status="PASS">
          <reporter-output>
          </reporter-output>
        </test-method> <!-- searchContractorNameValidation -->
        <test-method signature="searchContractorPhoneNumberValidation()[pri:93, instance:org.test.TeamModule@1e04fa0a]" started-at="2022-10-14T14:03:35 IST" name="searchContractorPhoneNumberValidation" finished-at="2022-10-14T14:03:49 IST" duration-ms="14021" status="PASS">
          <reporter-output>
          </reporter-output>
        </test-method> <!-- searchContractorPhoneNumberValidation -->
        <test-method signature="searchContractorEmailValidation()[pri:94, instance:org.test.TeamModule@1e04fa0a]" started-at="2022-10-14T14:03:49 IST" name="searchContractorEmailValidation" finished-at="2022-10-14T14:04:03 IST" duration-ms="14053" status="PASS">
          <reporter-output>
          </reporter-output>
        </test-method> <!-- searchContractorEmailValidation -->
        <test-method signature="filterByCompany()[pri:95, instance:org.test.TeamModule@1e04fa0a]" started-at="2022-10-14T14:04:03 IST" name="filterByCompany" finished-at="2022-10-14T14:04:05 IST" duration-ms="1656" status="PASS">
          <reporter-output>
          </reporter-output>
        </test-method> <!-- filterByCompany -->
        <test-method signature="invalidDatasValidation()[pri:96, instance:org.test.TeamModule@1e04fa0a]" started-at="2022-10-14T14:04:05 IST" name="invalidDatasValidation" finished-at="2022-10-14T14:04:19 IST" duration-ms="13801" status="PASS">
          <reporter-output>
          </reporter-output>
        </test-method> <!-- invalidDatasValidation -->
        <test-method signature="landingOnContractorEditForm()[pri:97, instance:org.test.TeamModule@1e04fa0a]" started-at="2022-10-14T14:04:19 IST" name="landingOnContractorEditForm" finished-at="2022-10-14T14:04:21 IST" duration-ms="1916" status="PASS">
          <reporter-output>
          </reporter-output>
        </test-method> <!-- landingOnContractorEditForm -->
        <test-method signature="editContractorDetail()[pri:98, instance:org.test.TeamModule@1e04fa0a]" started-at="2022-10-14T14:04:21 IST" name="editContractorDetail" finished-at="2022-10-14T14:04:28 IST" duration-ms="7533" status="PASS">
          <reporter-output>
          </reporter-output>
        </test-method> <!-- editContractorDetail -->
        <test-method signature="deleteContractorDetail()[pri:99, instance:org.test.TeamModule@1e04fa0a]" started-at="2022-10-14T14:04:28 IST" name="deleteContractorDetail" finished-at="2022-10-14T14:04:32 IST" duration-ms="3715" status="PASS">
          <reporter-output>
          </reporter-output>
        </test-method> <!-- deleteContractorDetail -->
        <test-method signature="landOnSendInvitePage()[pri:100, instance:org.test.TeamModule@1e04fa0a]" started-at="2022-10-14T14:04:32 IST" name="landOnSendInvitePage" finished-at="2022-10-14T14:04:33 IST" duration-ms="895" status="PASS">
          <reporter-output>
          </reporter-output>
        </test-method> <!-- landOnSendInvitePage -->
        <test-method signature="verifyEmailRequired()[pri:101, instance:org.test.TeamModule@1e04fa0a]" started-at="2022-10-14T14:04:33 IST" name="verifyEmailRequired" finished-at="2022-10-14T14:04:33 IST" duration-ms="108" status="PASS">
          <reporter-output>
          </reporter-output>
        </test-method> <!-- verifyEmailRequired -->
        <test-method signature="verfiyEmailFormat()[pri:103, instance:org.test.TeamModule@1e04fa0a]" started-at="2022-10-14T14:04:33 IST" name="verfiyEmailFormat" finished-at="2022-10-14T14:04:34 IST" duration-ms="1238" status="PASS">
          <reporter-output>
          </reporter-output>
        </test-method> <!-- verfiyEmailFormat -->
        <test-method signature="verifyFirstName()[pri:104, instance:org.test.TeamModule@1e04fa0a]" started-at="2022-10-14T14:04:34 IST" name="verifyFirstName" finished-at="2022-10-14T14:04:34 IST" duration-ms="217" status="PASS">
          <reporter-output>
          </reporter-output>
        </test-method> <!-- verifyFirstName -->
        <test-method signature="verifyFirstNamewithBlankSpace()[pri:105, instance:org.test.TeamModule@1e04fa0a]" started-at="2022-10-14T14:04:34 IST" name="verifyFirstNamewithBlankSpace" finished-at="2022-10-14T14:04:36 IST" duration-ms="2239" status="PASS">
          <reporter-output>
          </reporter-output>
        </test-method> <!-- verifyFirstNamewithBlankSpace -->
        <test-method signature="verifyUserEnterMessage()[pri:106, instance:org.test.TeamModule@1e04fa0a]" started-at="2022-10-14T14:04:36 IST" name="verifyUserEnterMessage" finished-at="2022-10-14T14:04:37 IST" duration-ms="370" status="PASS">
          <reporter-output>
          </reporter-output>
        </test-method> <!-- verifyUserEnterMessage -->
        <test-method signature="verfiyAddMoreButton()[pri:107, instance:org.test.TeamModule@1e04fa0a]" started-at="2022-10-14T14:04:37 IST" name="verfiyAddMoreButton" finished-at="2022-10-14T14:04:37 IST" duration-ms="95" status="PASS">
          <reporter-output>
          </reporter-output>
        </test-method> <!-- verfiyAddMoreButton -->
        <test-method signature="verifyUserSendInvite()[pri:109, instance:org.test.TeamModule@1e04fa0a]" started-at="2022-10-14T14:04:37 IST" name="verifyUserSendInvite" finished-at="2022-10-14T14:04:42 IST" duration-ms="5054" status="PASS">
          <reporter-output>
          </reporter-output>
        </test-method> <!-- verifyUserSendInvite -->
        <test-method is-config="true" signature="exitBrowser()[pri:0, instance:org.test.TeamModule@1e04fa0a]" started-at="2022-10-14T14:04:42 IST" name="exitBrowser" finished-at="2022-10-14T14:04:42 IST" duration-ms="276" status="PASS">
          <reporter-output>
          </reporter-output>
        </test-method> <!-- exitBrowser -->
      </class> <!-- org.test.TeamModule -->
      <class name="org.test.OnBoardingModule">
        <test-method is-config="true" signature="setup()[pri:0, instance:org.test.OnBoardingModule@48f278eb]" started-at="2022-10-14T13:59:00 IST" name="setup" finished-at="2022-10-14T13:59:02 IST" duration-ms="2137" status="PASS">
          <reporter-output>
          </reporter-output>
        </test-method> <!-- setup -->
        <test-method signature="LaunchingOnBoarding()[pri:0, instance:org.test.OnBoardingModule@48f278eb]" started-at="2022-10-14T13:59:02 IST" name="LaunchingOnBoarding" finished-at="2022-10-14T13:59:09 IST" duration-ms="6586" status="PASS">
          <reporter-output>
          </reporter-output>
        </test-method> <!-- LaunchingOnBoarding -->
        <test-method signature="mandatoryFieldValidation()[pri:1, instance:org.test.OnBoardingModule@48f278eb]" started-at="2022-10-14T13:59:09 IST" name="mandatoryFieldValidation" finished-at="2022-10-14T13:59:10 IST" duration-ms="1018" status="PASS">
          <reporter-output>
          </reporter-output>
        </test-method> <!-- mandatoryFieldValidation -->
        <test-method signature="alreadyBussinessNameValidation()[pri:2, instance:org.test.OnBoardingModule@48f278eb]" started-at="2022-10-14T13:59:10 IST" name="alreadyBussinessNameValidation" finished-at="2022-10-14T13:59:11 IST" duration-ms="986" status="PASS">
          <reporter-output>
          </reporter-output>
        </test-method> <!-- alreadyBussinessNameValidation -->
        <test-method signature="maximumValidationBussinessName()[pri:3, instance:org.test.OnBoardingModule@48f278eb]" started-at="2022-10-14T13:59:11 IST" name="maximumValidationBussinessName" finished-at="2022-10-14T13:59:12 IST" duration-ms="1155" status="PASS">
          <reporter-output>
          </reporter-output>
        </test-method> <!-- maximumValidationBussinessName -->
        <test-method signature="maximumValidationBussinessWebSite()[pri:4, instance:org.test.OnBoardingModule@48f278eb]" started-at="2022-10-14T13:59:12 IST" name="maximumValidationBussinessWebSite" finished-at="2022-10-14T13:59:17 IST" duration-ms="5178" status="PASS">
          <reporter-output>
          </reporter-output>
        </test-method> <!-- maximumValidationBussinessWebSite -->
        <test-method signature="maximumValidationFirstName()[pri:5, instance:org.test.OnBoardingModule@48f278eb]" started-at="2022-10-14T13:59:17 IST" name="maximumValidationFirstName" finished-at="2022-10-14T13:59:18 IST" duration-ms="1223" status="PASS">
          <reporter-output>
          </reporter-output>
        </test-method> <!-- maximumValidationFirstName -->
        <test-method signature="maximumValidationLastName()[pri:6, instance:org.test.OnBoardingModule@48f278eb]" started-at="2022-10-14T13:59:18 IST" name="maximumValidationLastName" finished-at="2022-10-14T13:59:20 IST" duration-ms="1280" status="PASS">
          <reporter-output>
          </reporter-output>
        </test-method> <!-- maximumValidationLastName -->
        <test-method signature="maximumValidationEmail()[pri:7, instance:org.test.OnBoardingModule@48f278eb]" started-at="2022-10-14T13:59:20 IST" name="maximumValidationEmail" finished-at="2022-10-14T13:59:21 IST" duration-ms="1432" status="PASS">
          <reporter-output>
          </reporter-output>
        </test-method> <!-- maximumValidationEmail -->
        <test-method signature="validateEmailFormat()[pri:8, instance:org.test.OnBoardingModule@48f278eb]" started-at="2022-10-14T13:59:21 IST" name="validateEmailFormat" finished-at="2022-10-14T13:59:22 IST" duration-ms="922" status="PASS">
          <reporter-output>
          </reporter-output>
        </test-method> <!-- validateEmailFormat -->
        <test-method signature="existingEmailValidation()[pri:9, instance:org.test.OnBoardingModule@48f278eb]" started-at="2022-10-14T13:59:22 IST" name="existingEmailValidation" finished-at="2022-10-14T13:59:23 IST" duration-ms="745" status="PASS">
          <reporter-output>
          </reporter-output>
        </test-method> <!-- existingEmailValidation -->
        <test-method signature="correctValidationEmail()[pri:10, instance:org.test.OnBoardingModule@48f278eb]" started-at="2022-10-14T13:59:23 IST" name="correctValidationEmail" finished-at="2022-10-14T13:59:24 IST" duration-ms="1120" status="PASS">
          <reporter-output>
          </reporter-output>
        </test-method> <!-- correctValidationEmail -->
        <test-method signature="validateRadioButtonClickable()[pri:11, instance:org.test.OnBoardingModule@48f278eb]" started-at="2022-10-14T13:59:24 IST" name="validateRadioButtonClickable" finished-at="2022-10-14T13:59:29 IST" duration-ms="5127" status="PASS">
          <reporter-output>
          </reporter-output>
        </test-method> <!-- validateRadioButtonClickable -->
        <test-method signature="industryTypeFieldPresent()[pri:12, instance:org.test.OnBoardingModule@48f278eb]" started-at="2022-10-14T13:59:29 IST" name="industryTypeFieldPresent" finished-at="2022-10-14T13:59:29 IST" duration-ms="296" status="PASS">
          <reporter-output>
          </reporter-output>
        </test-method> <!-- industryTypeFieldPresent -->
        <test-method signature="maximumValidationIndustryField()[pri:13, instance:org.test.OnBoardingModule@48f278eb]" started-at="2022-10-14T13:59:29 IST" name="maximumValidationIndustryField" finished-at="2022-10-14T13:59:30 IST" duration-ms="744" status="PASS">
          <reporter-output>
          </reporter-output>
        </test-method> <!-- maximumValidationIndustryField -->
        <test-method signature="sizeCompanyValidation()[pri:14, instance:org.test.OnBoardingModule@48f278eb]" started-at="2022-10-14T13:59:30 IST" name="sizeCompanyValidation" finished-at="2022-10-14T13:59:31 IST" duration-ms="1211" status="PASS">
          <reporter-output>
          </reporter-output>
        </test-method> <!-- sizeCompanyValidation -->
        <test-method signature="validationRadioButtonIntrested()[pri:15, instance:org.test.OnBoardingModule@48f278eb]" started-at="2022-10-14T13:59:31 IST" name="validationRadioButtonIntrested" finished-at="2022-10-14T13:59:33 IST" duration-ms="1504" status="PASS">
          <reporter-output>
          </reporter-output>
        </test-method> <!-- validationRadioButtonIntrested -->
        <test-method signature="passwordMandatoryField()[pri:16, instance:org.test.OnBoardingModule@48f278eb]" started-at="2022-10-14T13:59:33 IST" name="passwordMandatoryField" finished-at="2022-10-14T13:59:34 IST" duration-ms="923" status="PASS">
          <reporter-output>
          </reporter-output>
        </test-method> <!-- passwordMandatoryField -->
        <test-method signature="minValidationPassword()[pri:17, instance:org.test.OnBoardingModule@48f278eb]" started-at="2022-10-14T13:59:34 IST" name="minValidationPassword" finished-at="2022-10-14T13:59:34 IST" duration-ms="248" status="PASS">
          <reporter-output>
          </reporter-output>
        </test-method> <!-- minValidationPassword -->
        <test-method signature="minValidationConfirmPassword()[pri:18, instance:org.test.OnBoardingModule@48f278eb]" started-at="2022-10-14T13:59:34 IST" name="minValidationConfirmPassword" finished-at="2022-10-14T13:59:34 IST" duration-ms="263" status="PASS">
          <reporter-output>
          </reporter-output>
        </test-method> <!-- minValidationConfirmPassword -->
        <test-method signature="passwordFieldConditions()[pri:19, instance:org.test.OnBoardingModule@48f278eb]" started-at="2022-10-14T13:59:34 IST" name="passwordFieldConditions" finished-at="2022-10-14T13:59:34 IST" duration-ms="224" status="PASS">
          <reporter-output>
          </reporter-output>
        </test-method> <!-- passwordFieldConditions -->
        <test-method signature="confirmPasswordFieldCondition()[pri:20, instance:org.test.OnBoardingModule@48f278eb]" started-at="2022-10-14T13:59:34 IST" name="confirmPasswordFieldCondition" finished-at="2022-10-14T13:59:35 IST" duration-ms="224" status="PASS">
          <reporter-output>
          </reporter-output>
        </test-method> <!-- confirmPasswordFieldCondition -->
        <test-method signature="lowerCaseValidation()[pri:21, instance:org.test.OnBoardingModule@48f278eb]" started-at="2022-10-14T13:59:35 IST" name="lowerCaseValidation" finished-at="2022-10-14T13:59:35 IST" duration-ms="512" status="PASS">
          <reporter-output>
          </reporter-output>
        </test-method> <!-- lowerCaseValidation -->
        <test-method signature="mismatchPassword()[pri:22, instance:org.test.OnBoardingModule@48f278eb]" started-at="2022-10-14T13:59:35 IST" name="mismatchPassword" finished-at="2022-10-14T13:59:36 IST" duration-ms="978" status="PASS">
          <reporter-output>
          </reporter-output>
        </test-method> <!-- mismatchPassword -->
        <test-method is-config="true" signature="exitBrowser()[pri:0, instance:org.test.OnBoardingModule@48f278eb]" started-at="2022-10-14T13:59:36 IST" name="exitBrowser" finished-at="2022-10-14T13:59:37 IST" duration-ms="878" status="PASS">
          <reporter-output>
          </reporter-output>
        </test-method> <!-- exitBrowser -->
      </class> <!-- org.test.OnBoardingModule -->
    </test> <!-- Test -->
  </suite> <!-- Suite -->
</testng-results>
