<?xml version="1.0" encoding="UTF-8"?>
<testng-results skipped="0" failed="0" ignored="0" total="18" passed="18">
  <reporter-output>
  </reporter-output>
  <suite name="Default suite" duration-ms="204208" started-at="2023-05-25T19:33:22 IST" finished-at="2023-05-25T19:36:46 IST">
    <groups>
    </groups>
    <test name="Default test" duration-ms="204208" started-at="2023-05-25T19:33:22 IST" finished-at="2023-05-25T19:36:46 IST">
      <class name="org.test.FieldyPrefixSettings">
        <test-method status="PASS" signature="setup()[pri:0, instance:org.test.FieldyPrefixSettings@1a1d6a08]" name="setup" is-config="true" duration-ms="2661" started-at="2023-05-25T19:33:22 IST" finished-at="2023-05-25T19:33:24 IST">
          <reporter-output>
          </reporter-output>
        </test-method> <!-- setup -->
        <test-method status="PASS" signature="deleteBeforeCatch()[pri:0, instance:org.test.FieldyPrefixSettings@1a1d6a08]" name="deleteBeforeCatch" is-config="true" duration-ms="15" started-at="2023-05-25T19:33:24 IST" finished-at="2023-05-25T19:33:24 IST">
          <reporter-output>
          </reporter-output>
        </test-method> <!-- deleteBeforeCatch -->
        <test-method status="PASS" signature="loginPage()[pri:-1, instance:org.test.FieldyPrefixSettings@1a1d6a08]" name="loginPage" duration-ms="32678" started-at="2023-05-25T19:33:24 IST" finished-at="2023-05-25T19:33:57 IST">
          <reporter-output>
          </reporter-output>
        </test-method> <!-- loginPage -->
        <test-method status="PASS" signature="deleteAfterCatch()[pri:0, instance:org.test.FieldyPrefixSettings@1a1d6a08]" name="deleteAfterCatch" is-config="true" duration-ms="22" started-at="2023-05-25T19:33:57 IST" finished-at="2023-05-25T19:33:57 IST">
          <reporter-output>
          </reporter-output>
        </test-method> <!-- deleteAfterCatch -->
        <test-method status="PASS" signature="deleteBeforeCatch()[pri:0, instance:org.test.FieldyPrefixSettings@1a1d6a08]" name="deleteBeforeCatch" is-config="true" duration-ms="14" started-at="2023-05-25T19:33:57 IST" finished-at="2023-05-25T19:33:57 IST">
          <reporter-output>
          </reporter-output>
        </test-method> <!-- deleteBeforeCatch -->
        <test-method status="PASS" signature="gotoprefixsettings()[pri:0, instance:org.test.FieldyPrefixSettings@1a1d6a08]" name="gotoprefixsettings" duration-ms="20517" started-at="2023-05-25T19:33:57 IST" finished-at="2023-05-25T19:34:18 IST">
          <reporter-output>
          </reporter-output>
        </test-method> <!-- gotoprefixsettings -->
        <test-method status="PASS" signature="deleteAfterCatch()[pri:0, instance:org.test.FieldyPrefixSettings@1a1d6a08]" name="deleteAfterCatch" is-config="true" duration-ms="14" started-at="2023-05-25T19:34:18 IST" finished-at="2023-05-25T19:34:18 IST">
          <reporter-output>
          </reporter-output>
        </test-method> <!-- deleteAfterCatch -->
        <test-method status="PASS" signature="deleteBeforeCatch()[pri:0, instance:org.test.FieldyPrefixSettings@1a1d6a08]" name="deleteBeforeCatch" is-config="true" duration-ms="8" started-at="2023-05-25T19:34:18 IST" finished-at="2023-05-25T19:34:18 IST">
          <reporter-output>
          </reporter-output>
        </test-method> <!-- deleteBeforeCatch -->
        <test-method status="PASS" signature="errorMessageforEmptyJobPrefix()[pri:1, instance:org.test.FieldyPrefixSettings@1a1d6a08]" name="errorMessageforEmptyJobPrefix" duration-ms="26290" started-at="2023-05-25T19:34:18 IST" finished-at="2023-05-25T19:34:44 IST">
          <reporter-output>
          </reporter-output>
        </test-method> <!-- errorMessageforEmptyJobPrefix -->
        <test-method status="PASS" signature="deleteAfterCatch()[pri:0, instance:org.test.FieldyPrefixSettings@1a1d6a08]" name="deleteAfterCatch" is-config="true" duration-ms="27" started-at="2023-05-25T19:34:44 IST" finished-at="2023-05-25T19:34:44 IST">
          <reporter-output>
          </reporter-output>
        </test-method> <!-- deleteAfterCatch -->
        <test-method status="PASS" signature="deleteBeforeCatch()[pri:0, instance:org.test.FieldyPrefixSettings@1a1d6a08]" name="deleteBeforeCatch" is-config="true" duration-ms="10" started-at="2023-05-25T19:34:44 IST" finished-at="2023-05-25T19:34:44 IST">
          <reporter-output>
          </reporter-output>
        </test-method> <!-- deleteBeforeCatch -->
        <test-method status="PASS" signature="errorMessageforMaxValidation()[pri:2, instance:org.test.FieldyPrefixSettings@1a1d6a08]" name="errorMessageforMaxValidation" duration-ms="7931" started-at="2023-05-25T19:34:44 IST" finished-at="2023-05-25T19:34:52 IST">
          <reporter-output>
          </reporter-output>
        </test-method> <!-- errorMessageforMaxValidation -->
        <test-method status="PASS" signature="deleteAfterCatch()[pri:0, instance:org.test.FieldyPrefixSettings@1a1d6a08]" name="deleteAfterCatch" is-config="true" duration-ms="11" started-at="2023-05-25T19:34:52 IST" finished-at="2023-05-25T19:34:52 IST">
          <reporter-output>
          </reporter-output>
        </test-method> <!-- deleteAfterCatch -->
        <test-method status="PASS" signature="deleteBeforeCatch()[pri:0, instance:org.test.FieldyPrefixSettings@1a1d6a08]" name="deleteBeforeCatch" is-config="true" duration-ms="6" started-at="2023-05-25T19:34:52 IST" finished-at="2023-05-25T19:34:52 IST">
          <reporter-output>
          </reporter-output>
        </test-method> <!-- deleteBeforeCatch -->
        <test-method status="PASS" signature="errorMessageforPrefixRequired()[pri:3, instance:org.test.FieldyPrefixSettings@1a1d6a08]" name="errorMessageforPrefixRequired" duration-ms="7372" started-at="2023-05-25T19:34:52 IST" finished-at="2023-05-25T19:34:59 IST">
          <reporter-output>
          </reporter-output>
        </test-method> <!-- errorMessageforPrefixRequired -->
        <test-method status="PASS" signature="deleteAfterCatch()[pri:0, instance:org.test.FieldyPrefixSettings@1a1d6a08]" name="deleteAfterCatch" is-config="true" duration-ms="16" started-at="2023-05-25T19:34:59 IST" finished-at="2023-05-25T19:34:59 IST">
          <reporter-output>
          </reporter-output>
        </test-method> <!-- deleteAfterCatch -->
        <test-method status="PASS" signature="deleteBeforeCatch()[pri:0, instance:org.test.FieldyPrefixSettings@1a1d6a08]" name="deleteBeforeCatch" is-config="true" duration-ms="16" started-at="2023-05-25T19:34:59 IST" finished-at="2023-05-25T19:34:59 IST">
          <reporter-output>
          </reporter-output>
        </test-method> <!-- deleteBeforeCatch -->
        <test-method status="PASS" signature="errorMessageforRequestPrefixMandatory()[pri:4, instance:org.test.FieldyPrefixSettings@1a1d6a08]" name="errorMessageforRequestPrefixMandatory" duration-ms="7477" started-at="2023-05-25T19:34:59 IST" finished-at="2023-05-25T19:35:07 IST">
          <reporter-output>
          </reporter-output>
        </test-method> <!-- errorMessageforRequestPrefixMandatory -->
        <test-method status="PASS" signature="deleteAfterCatch()[pri:0, instance:org.test.FieldyPrefixSettings@1a1d6a08]" name="deleteAfterCatch" is-config="true" duration-ms="24" started-at="2023-05-25T19:35:07 IST" finished-at="2023-05-25T19:35:07 IST">
          <reporter-output>
          </reporter-output>
        </test-method> <!-- deleteAfterCatch -->
        <test-method status="PASS" signature="deleteBeforeCatch()[pri:0, instance:org.test.FieldyPrefixSettings@1a1d6a08]" name="deleteBeforeCatch" is-config="true" duration-ms="14" started-at="2023-05-25T19:35:07 IST" finished-at="2023-05-25T19:35:07 IST">
          <reporter-output>
          </reporter-output>
        </test-method> <!-- deleteBeforeCatch -->
        <test-method status="PASS" signature="errorMessageforRequestPrefixMaxCharacters()[pri:5, instance:org.test.FieldyPrefixSettings@1a1d6a08]" name="errorMessageforRequestPrefixMaxCharacters" duration-ms="8102" started-at="2023-05-25T19:35:07 IST" finished-at="2023-05-25T19:35:15 IST">
          <reporter-output>
          </reporter-output>
        </test-method> <!-- errorMessageforRequestPrefixMaxCharacters -->
        <test-method status="PASS" signature="deleteAfterCatch()[pri:0, instance:org.test.FieldyPrefixSettings@1a1d6a08]" name="deleteAfterCatch" is-config="true" duration-ms="11" started-at="2023-05-25T19:35:15 IST" finished-at="2023-05-25T19:35:15 IST">
          <reporter-output>
          </reporter-output>
        </test-method> <!-- deleteAfterCatch -->
        <test-method status="PASS" signature="deleteBeforeCatch()[pri:0, instance:org.test.FieldyPrefixSettings@1a1d6a08]" name="deleteBeforeCatch" is-config="true" duration-ms="8" started-at="2023-05-25T19:35:15 IST" finished-at="2023-05-25T19:35:15 IST">
          <reporter-output>
          </reporter-output>
        </test-method> <!-- deleteBeforeCatch -->
        <test-method status="PASS" signature="errorMessageforRequestPrefixNumberMandatory()[pri:6, instance:org.test.FieldyPrefixSettings@1a1d6a08]" name="errorMessageforRequestPrefixNumberMandatory" duration-ms="7422" started-at="2023-05-25T19:35:15 IST" finished-at="2023-05-25T19:35:22 IST">
          <reporter-output>
          </reporter-output>
        </test-method> <!-- errorMessageforRequestPrefixNumberMandatory -->
        <test-method status="PASS" signature="deleteAfterCatch()[pri:0, instance:org.test.FieldyPrefixSettings@1a1d6a08]" name="deleteAfterCatch" is-config="true" duration-ms="14" started-at="2023-05-25T19:35:22 IST" finished-at="2023-05-25T19:35:23 IST">
          <reporter-output>
          </reporter-output>
        </test-method> <!-- deleteAfterCatch -->
        <test-method status="PASS" signature="deleteBeforeCatch()[pri:0, instance:org.test.FieldyPrefixSettings@1a1d6a08]" name="deleteBeforeCatch" is-config="true" duration-ms="14" started-at="2023-05-25T19:35:23 IST" finished-at="2023-05-25T19:35:23 IST">
          <reporter-output>
          </reporter-output>
        </test-method> <!-- deleteBeforeCatch -->
        <test-method status="PASS" signature="errorMessageforRequestPrefixNumberMax()[pri:7, instance:org.test.FieldyPrefixSettings@1a1d6a08]" name="errorMessageforRequestPrefixNumberMax" duration-ms="7590" started-at="2023-05-25T19:35:23 IST" finished-at="2023-05-25T19:35:30 IST">
          <reporter-output>
          </reporter-output>
        </test-method> <!-- errorMessageforRequestPrefixNumberMax -->
        <test-method status="PASS" signature="deleteAfterCatch()[pri:0, instance:org.test.FieldyPrefixSettings@1a1d6a08]" name="deleteAfterCatch" is-config="true" duration-ms="14" started-at="2023-05-25T19:35:30 IST" finished-at="2023-05-25T19:35:30 IST">
          <reporter-output>
          </reporter-output>
        </test-method> <!-- deleteAfterCatch -->
        <test-method status="PASS" signature="deleteBeforeCatch()[pri:0, instance:org.test.FieldyPrefixSettings@1a1d6a08]" name="deleteBeforeCatch" is-config="true" duration-ms="15" started-at="2023-05-25T19:35:30 IST" finished-at="2023-05-25T19:35:30 IST">
          <reporter-output>
          </reporter-output>
        </test-method> <!-- deleteBeforeCatch -->
        <test-method status="PASS" signature="errorMessageforQuotePrefixMandatory()[pri:8, instance:org.test.FieldyPrefixSettings@1a1d6a08]" name="errorMessageforQuotePrefixMandatory" duration-ms="7375" started-at="2023-05-25T19:35:30 IST" finished-at="2023-05-25T19:35:38 IST">
          <reporter-output>
          </reporter-output>
        </test-method> <!-- errorMessageforQuotePrefixMandatory -->
        <test-method status="PASS" signature="deleteAfterCatch()[pri:0, instance:org.test.FieldyPrefixSettings@1a1d6a08]" name="deleteAfterCatch" is-config="true" duration-ms="15" started-at="2023-05-25T19:35:38 IST" finished-at="2023-05-25T19:35:38 IST">
          <reporter-output>
          </reporter-output>
        </test-method> <!-- deleteAfterCatch -->
        <test-method status="PASS" signature="deleteBeforeCatch()[pri:0, instance:org.test.FieldyPrefixSettings@1a1d6a08]" name="deleteBeforeCatch" is-config="true" duration-ms="15" started-at="2023-05-25T19:35:38 IST" finished-at="2023-05-25T19:35:38 IST">
          <reporter-output>
          </reporter-output>
        </test-method> <!-- deleteBeforeCatch -->
        <test-method status="PASS" signature="errorMessageforQuotePrefixMax()[pri:9, instance:org.test.FieldyPrefixSettings@1a1d6a08]" name="errorMessageforQuotePrefixMax" duration-ms="7724" started-at="2023-05-25T19:35:38 IST" finished-at="2023-05-25T19:35:45 IST">
          <reporter-output>
          </reporter-output>
        </test-method> <!-- errorMessageforQuotePrefixMax -->
        <test-method status="PASS" signature="deleteAfterCatch()[pri:0, instance:org.test.FieldyPrefixSettings@1a1d6a08]" name="deleteAfterCatch" is-config="true" duration-ms="23" started-at="2023-05-25T19:35:45 IST" finished-at="2023-05-25T19:35:45 IST">
          <reporter-output>
          </reporter-output>
        </test-method> <!-- deleteAfterCatch -->
        <test-method status="PASS" signature="deleteBeforeCatch()[pri:0, instance:org.test.FieldyPrefixSettings@1a1d6a08]" name="deleteBeforeCatch" is-config="true" duration-ms="21" started-at="2023-05-25T19:35:45 IST" finished-at="2023-05-25T19:35:45 IST">
          <reporter-output>
          </reporter-output>
        </test-method> <!-- deleteBeforeCatch -->
        <test-method status="PASS" signature="errorMessageforQuoteNumMandatory()[pri:10, instance:org.test.FieldyPrefixSettings@1a1d6a08]" name="errorMessageforQuoteNumMandatory" duration-ms="7377" started-at="2023-05-25T19:35:45 IST" finished-at="2023-05-25T19:35:53 IST">
          <reporter-output>
          </reporter-output>
        </test-method> <!-- errorMessageforQuoteNumMandatory -->
        <test-method status="PASS" signature="deleteAfterCatch()[pri:0, instance:org.test.FieldyPrefixSettings@1a1d6a08]" name="deleteAfterCatch" is-config="true" duration-ms="15" started-at="2023-05-25T19:35:53 IST" finished-at="2023-05-25T19:35:53 IST">
          <reporter-output>
          </reporter-output>
        </test-method> <!-- deleteAfterCatch -->
        <test-method status="PASS" signature="deleteBeforeCatch()[pri:0, instance:org.test.FieldyPrefixSettings@1a1d6a08]" name="deleteBeforeCatch" is-config="true" duration-ms="14" started-at="2023-05-25T19:35:53 IST" finished-at="2023-05-25T19:35:53 IST">
          <reporter-output>
          </reporter-output>
        </test-method> <!-- deleteBeforeCatch -->
        <test-method status="PASS" signature="errorMessageforQuoteNumMax()[pri:11, instance:org.test.FieldyPrefixSettings@1a1d6a08]" name="errorMessageforQuoteNumMax" duration-ms="7625" started-at="2023-05-25T19:35:53 IST" finished-at="2023-05-25T19:36:00 IST">
          <reporter-output>
          </reporter-output>
        </test-method> <!-- errorMessageforQuoteNumMax -->
        <test-method status="PASS" signature="deleteAfterCatch()[pri:0, instance:org.test.FieldyPrefixSettings@1a1d6a08]" name="deleteAfterCatch" is-config="true" duration-ms="9" started-at="2023-05-25T19:36:00 IST" finished-at="2023-05-25T19:36:00 IST">
          <reporter-output>
          </reporter-output>
        </test-method> <!-- deleteAfterCatch -->
        <test-method status="PASS" signature="deleteBeforeCatch()[pri:0, instance:org.test.FieldyPrefixSettings@1a1d6a08]" name="deleteBeforeCatch" is-config="true" duration-ms="7" started-at="2023-05-25T19:36:00 IST" finished-at="2023-05-25T19:36:00 IST">
          <reporter-output>
          </reporter-output>
        </test-method> <!-- deleteBeforeCatch -->
        <test-method status="PASS" signature="errorMessageforInvoicePrefixMandatory()[pri:12, instance:org.test.FieldyPrefixSettings@1a1d6a08]" name="errorMessageforInvoicePrefixMandatory" duration-ms="7304" started-at="2023-05-25T19:36:00 IST" finished-at="2023-05-25T19:36:08 IST">
          <reporter-output>
          </reporter-output>
        </test-method> <!-- errorMessageforInvoicePrefixMandatory -->
        <test-method status="PASS" signature="deleteAfterCatch()[pri:0, instance:org.test.FieldyPrefixSettings@1a1d6a08]" name="deleteAfterCatch" is-config="true" duration-ms="17" started-at="2023-05-25T19:36:08 IST" finished-at="2023-05-25T19:36:08 IST">
          <reporter-output>
          </reporter-output>
        </test-method> <!-- deleteAfterCatch -->
        <test-method status="PASS" signature="deleteBeforeCatch()[pri:0, instance:org.test.FieldyPrefixSettings@1a1d6a08]" name="deleteBeforeCatch" is-config="true" duration-ms="15" started-at="2023-05-25T19:36:08 IST" finished-at="2023-05-25T19:36:08 IST">
          <reporter-output>
          </reporter-output>
        </test-method> <!-- deleteBeforeCatch -->
        <test-method status="PASS" signature="errorMessageforInvoiceNameMax()[pri:13, instance:org.test.FieldyPrefixSettings@1a1d6a08]" name="errorMessageforInvoiceNameMax" duration-ms="7494" started-at="2023-05-25T19:36:08 IST" finished-at="2023-05-25T19:36:15 IST">
          <reporter-output>
          </reporter-output>
        </test-method> <!-- errorMessageforInvoiceNameMax -->
        <test-method status="PASS" signature="deleteAfterCatch()[pri:0, instance:org.test.FieldyPrefixSettings@1a1d6a08]" name="deleteAfterCatch" is-config="true" duration-ms="23" started-at="2023-05-25T19:36:15 IST" finished-at="2023-05-25T19:36:15 IST">
          <reporter-output>
          </reporter-output>
        </test-method> <!-- deleteAfterCatch -->
        <test-method status="PASS" signature="deleteBeforeCatch()[pri:0, instance:org.test.FieldyPrefixSettings@1a1d6a08]" name="deleteBeforeCatch" is-config="true" duration-ms="13" started-at="2023-05-25T19:36:15 IST" finished-at="2023-05-25T19:36:15 IST">
          <reporter-output>
          </reporter-output>
        </test-method> <!-- deleteBeforeCatch -->
        <test-method status="PASS" signature="errorMessageforInvoiceNumMandatory()[pri:14, instance:org.test.FieldyPrefixSettings@1a1d6a08]" name="errorMessageforInvoiceNumMandatory" duration-ms="7368" started-at="2023-05-25T19:36:15 IST" finished-at="2023-05-25T19:36:23 IST">
          <reporter-output>
          </reporter-output>
        </test-method> <!-- errorMessageforInvoiceNumMandatory -->
        <test-method status="PASS" signature="deleteAfterCatch()[pri:0, instance:org.test.FieldyPrefixSettings@1a1d6a08]" name="deleteAfterCatch" is-config="true" duration-ms="14" started-at="2023-05-25T19:36:23 IST" finished-at="2023-05-25T19:36:23 IST">
          <reporter-output>
          </reporter-output>
        </test-method> <!-- deleteAfterCatch -->
        <test-method status="PASS" signature="deleteBeforeCatch()[pri:0, instance:org.test.FieldyPrefixSettings@1a1d6a08]" name="deleteBeforeCatch" is-config="true" duration-ms="9" started-at="2023-05-25T19:36:23 IST" finished-at="2023-05-25T19:36:23 IST">
          <reporter-output>
          </reporter-output>
        </test-method> <!-- deleteBeforeCatch -->
        <test-method status="PASS" signature="errorMessageforInvoiceNumMax()[pri:15, instance:org.test.FieldyPrefixSettings@1a1d6a08]" name="errorMessageforInvoiceNumMax" duration-ms="7432" started-at="2023-05-25T19:36:23 IST" finished-at="2023-05-25T19:36:30 IST">
          <reporter-output>
          </reporter-output>
        </test-method> <!-- errorMessageforInvoiceNumMax -->
        <test-method status="PASS" signature="deleteAfterCatch()[pri:0, instance:org.test.FieldyPrefixSettings@1a1d6a08]" name="deleteAfterCatch" is-config="true" duration-ms="14" started-at="2023-05-25T19:36:30 IST" finished-at="2023-05-25T19:36:30 IST">
          <reporter-output>
          </reporter-output>
        </test-method> <!-- deleteAfterCatch -->
        <test-method status="PASS" signature="deleteBeforeCatch()[pri:0, instance:org.test.FieldyPrefixSettings@1a1d6a08]" name="deleteBeforeCatch" is-config="true" duration-ms="14" started-at="2023-05-25T19:36:30 IST" finished-at="2023-05-25T19:36:30 IST">
          <reporter-output>
          </reporter-output>
        </test-method> <!-- deleteBeforeCatch -->
        <test-method status="PASS" signature="verifySuccessMessage()[pri:16, instance:org.test.FieldyPrefixSettings@1a1d6a08]" name="verifySuccessMessage" duration-ms="14893" started-at="2023-05-25T19:36:30 IST" finished-at="2023-05-25T19:36:45 IST">
          <reporter-output>
          </reporter-output>
        </test-method> <!-- verifySuccessMessage -->
        <test-method status="PASS" signature="deleteAfterCatch()[pri:0, instance:org.test.FieldyPrefixSettings@1a1d6a08]" name="deleteAfterCatch" is-config="true" duration-ms="17" started-at="2023-05-25T19:36:45 IST" finished-at="2023-05-25T19:36:45 IST">
          <reporter-output>
          </reporter-output>
        </test-method> <!-- deleteAfterCatch -->
        <test-method status="PASS" signature="exitBrowser()[pri:0, instance:org.test.FieldyPrefixSettings@1a1d6a08]" name="exitBrowser" is-config="true" duration-ms="959" started-at="2023-05-25T19:36:45 IST" finished-at="2023-05-25T19:36:46 IST">
          <reporter-output>
          </reporter-output>
        </test-method> <!-- exitBrowser -->
      </class> <!-- org.test.FieldyPrefixSettings -->
    </test> <!-- Default test -->
  </suite> <!-- Default suite -->
</testng-results>
