<?xml version="1.0" encoding="UTF-8"?>
<testng-results ignored="0" total="230" passed="230" failed="0" skipped="0">
  <reporter-output>
  </reporter-output>
  <suite started-at="2022-09-29T10:39:48 IST" name="Suite" finished-at="2022-09-29T10:51:27 IST" duration-ms="699132">
    <groups>
    </groups>
    <test started-at="2022-09-29T10:39:48 IST" name="Test" finished-at="2022-09-29T10:51:27 IST" duration-ms="699132">
      <class name="org.test.Login">
        <test-method is-config="true" signature="setup()[pri:0, instance:org.test.Login@66d3eec0]" started-at="2022-09-29T10:40:13 IST" name="setup" finished-at="2022-09-29T10:40:14 IST" duration-ms="774" status="PASS">
          <reporter-output>
          </reporter-output>
        </test-method> <!-- setup -->
        <test-method signature="verifyEmptyEmail()[pri:1, instance:org.test.Login@66d3eec0]" started-at="2022-09-29T10:40:14 IST" name="verifyEmptyEmail" finished-at="2022-09-29T10:40:16 IST" duration-ms="1592" status="PASS">
          <reporter-output>
          </reporter-output>
        </test-method> <!-- verifyEmptyEmail -->
        <test-method signature="verifyEmptyPassword()[pri:2, instance:org.test.Login@66d3eec0]" started-at="2022-09-29T10:40:16 IST" name="verifyEmptyPassword" finished-at="2022-09-29T10:40:17 IST" duration-ms="1574" status="PASS">
          <reporter-output>
          </reporter-output>
        </test-method> <!-- verifyEmptyPassword -->
        <test-method signature="verifyIncorrectMail()[pri:3, instance:org.test.Login@66d3eec0]" started-at="2022-09-29T10:40:17 IST" name="verifyIncorrectMail" finished-at="2022-09-29T10:40:18 IST" duration-ms="1054" status="PASS">
          <reporter-output>
          </reporter-output>
        </test-method> <!-- verifyIncorrectMail -->
        <test-method signature="verifyIncorrectPassword()[pri:4, instance:org.test.Login@66d3eec0]" started-at="2022-09-29T10:40:18 IST" name="verifyIncorrectPassword" finished-at="2022-09-29T10:40:20 IST" duration-ms="1570" status="PASS">
          <reporter-output>
          </reporter-output>
        </test-method> <!-- verifyIncorrectPassword -->
        <test-method signature="verifyInvalidEmail()[pri:5, instance:org.test.Login@66d3eec0]" started-at="2022-09-29T10:40:20 IST" name="verifyInvalidEmail" finished-at="2022-09-29T10:40:21 IST" duration-ms="1054" status="PASS">
          <reporter-output>
          </reporter-output>
        </test-method> <!-- verifyInvalidEmail -->
        <test-method signature="verifyInvalidPassword()[pri:6, instance:org.test.Login@66d3eec0]" started-at="2022-09-29T10:40:21 IST" name="verifyInvalidPassword" finished-at="2022-09-29T10:40:22 IST" duration-ms="1255" status="PASS">
          <reporter-output>
          </reporter-output>
        </test-method> <!-- verifyInvalidPassword -->
        <test-method signature="verifyInvalidCredentials()[pri:7, instance:org.test.Login@66d3eec0]" started-at="2022-09-29T10:40:22 IST" name="verifyInvalidCredentials" finished-at="2022-09-29T10:40:24 IST" duration-ms="1865" status="PASS">
          <reporter-output>
          </reporter-output>
        </test-method> <!-- verifyInvalidCredentials -->
        <test-method signature="verify()[pri:8, instance:org.test.Login@66d3eec0]" started-at="2022-09-29T10:40:24 IST" name="verify" finished-at="2022-09-29T10:40:55 IST" duration-ms="30931" status="PASS">
          <reporter-output>
          </reporter-output>
        </test-method> <!-- verify -->
        <test-method is-config="true" signature="exitBrowser()[pri:0, instance:org.test.Login@66d3eec0]" started-at="2022-09-29T10:40:55 IST" name="exitBrowser" finished-at="2022-09-29T10:40:55 IST" duration-ms="361" status="PASS">
          <reporter-output>
          </reporter-output>
        </test-method> <!-- exitBrowser -->
      </class> <!-- org.test.Login -->
      <class name="org.test.CustomerCreateOrganizationModule">
        <test-method is-config="true" signature="setup()[pri:0, instance:org.test.CustomerCreateOrganizationModule@18d87d80]" started-at="2022-09-29T10:48:22 IST" name="setup" finished-at="2022-09-29T10:48:23 IST" duration-ms="898" status="PASS">
          <reporter-output>
          </reporter-output>
        </test-method> <!-- setup -->
        <test-method signature="loginPage()[pri:-1, instance:org.test.CustomerCreateOrganizationModule@18d87d80]" started-at="2022-09-29T10:48:23 IST" name="loginPage" finished-at="2022-09-29T10:48:40 IST" duration-ms="17482" status="PASS">
          <reporter-output>
          </reporter-output>
        </test-method> <!-- loginPage -->
        <test-method signature="modulePage()[pri:0, instance:org.test.CustomerCreateOrganizationModule@18d87d80]" started-at="2022-09-29T10:48:40 IST" name="modulePage" finished-at="2022-09-29T10:48:48 IST" duration-ms="7789" status="PASS">
          <reporter-output>
          </reporter-output>
        </test-method> <!-- modulePage -->
        <test-method signature="formatLogoValidation()[pri:1, instance:org.test.CustomerCreateOrganizationModule@18d87d80]" started-at="2022-09-29T10:48:48 IST" name="formatLogoValidation" finished-at="2022-09-29T10:48:55 IST" duration-ms="7039" status="PASS">
          <reporter-output>
          </reporter-output>
        </test-method> <!-- formatLogoValidation -->
        <test-method signature="maxSizeValidationLogoField()[pri:2, instance:org.test.CustomerCreateOrganizationModule@18d87d80]" started-at="2022-09-29T10:48:55 IST" name="maxSizeValidationLogoField" finished-at="2022-09-29T10:48:57 IST" duration-ms="2332" status="PASS">
          <reporter-output>
          </reporter-output>
        </test-method> <!-- maxSizeValidationLogoField -->
        <test-method signature="mandatoryValidation()[pri:3, instance:org.test.CustomerCreateOrganizationModule@18d87d80]" started-at="2022-09-29T10:48:57 IST" name="mandatoryValidation" finished-at="2022-09-29T10:48:58 IST" duration-ms="300" status="PASS">
          <reporter-output>
          </reporter-output>
        </test-method> <!-- mandatoryValidation -->
        <test-method signature="organizationNameAlreadyExistValidation()[pri:4, instance:org.test.CustomerCreateOrganizationModule@18d87d80]" started-at="2022-09-29T10:48:58 IST" name="organizationNameAlreadyExistValidation" finished-at="2022-09-29T10:48:59 IST" duration-ms="1333" status="PASS">
          <reporter-output>
          </reporter-output>
        </test-method> <!-- organizationNameAlreadyExistValidation -->
        <test-method signature="maxValidationOrganizationField()[pri:5, instance:org.test.CustomerCreateOrganizationModule@18d87d80]" started-at="2022-09-29T10:48:59 IST" name="maxValidationOrganizationField" finished-at="2022-09-29T10:49:00 IST" duration-ms="1226" status="PASS">
          <reporter-output>
          </reporter-output>
        </test-method> <!-- maxValidationOrganizationField -->
        <test-method signature="maxValidationWebsiteField()[pri:6, instance:org.test.CustomerCreateOrganizationModule@18d87d80]" started-at="2022-09-29T10:49:00 IST" name="maxValidationWebsiteField" finished-at="2022-09-29T10:49:01 IST" duration-ms="1144" status="PASS">
          <reporter-output>
          </reporter-output>
        </test-method> <!-- maxValidationWebsiteField -->
        <test-method signature="maxValidationAddress1Field()[pri:7, instance:org.test.CustomerCreateOrganizationModule@18d87d80]" started-at="2022-09-29T10:49:01 IST" name="maxValidationAddress1Field" finished-at="2022-09-29T10:49:03 IST" duration-ms="1124" status="PASS">
          <reporter-output>
          </reporter-output>
        </test-method> <!-- maxValidationAddress1Field -->
        <test-method signature="maxValidationAddress2Field()[pri:8, instance:org.test.CustomerCreateOrganizationModule@18d87d80]" started-at="2022-09-29T10:49:03 IST" name="maxValidationAddress2Field" finished-at="2022-09-29T10:49:04 IST" duration-ms="1089" status="PASS">
          <reporter-output>
          </reporter-output>
        </test-method> <!-- maxValidationAddress2Field -->
        <test-method signature="maxValidationCityField()[pri:9, instance:org.test.CustomerCreateOrganizationModule@18d87d80]" started-at="2022-09-29T10:49:04 IST" name="maxValidationCityField" finished-at="2022-09-29T10:49:05 IST" duration-ms="1071" status="PASS">
          <reporter-output>
          </reporter-output>
        </test-method> <!-- maxValidationCityField -->
        <test-method signature="maxValidationStateField()[pri:10, instance:org.test.CustomerCreateOrganizationModule@18d87d80]" started-at="2022-09-29T10:49:05 IST" name="maxValidationStateField" finished-at="2022-09-29T10:49:06 IST" duration-ms="1117" status="PASS">
          <reporter-output>
          </reporter-output>
        </test-method> <!-- maxValidationStateField -->
        <test-method signature="minValidationZipcodeField()[pri:11, instance:org.test.CustomerCreateOrganizationModule@18d87d80]" started-at="2022-09-29T10:49:06 IST" name="minValidationZipcodeField" finished-at="2022-09-29T10:49:06 IST" duration-ms="231" status="PASS">
          <reporter-output>
          </reporter-output>
        </test-method> <!-- minValidationZipcodeField -->
        <test-method signature="maxValidationZipcodeField()[pri:12, instance:org.test.CustomerCreateOrganizationModule@18d87d80]" started-at="2022-09-29T10:49:06 IST" name="maxValidationZipcodeField" finished-at="2022-09-29T10:49:06 IST" duration-ms="217" status="PASS">
          <reporter-output>
          </reporter-output>
        </test-method> <!-- maxValidationZipcodeField -->
        <test-method signature="emailValidation()[pri:13, instance:org.test.CustomerCreateOrganizationModule@18d87d80]" started-at="2022-09-29T10:49:06 IST" name="emailValidation" finished-at="2022-09-29T10:49:07 IST" duration-ms="243" status="PASS">
          <reporter-output>
          </reporter-output>
        </test-method> <!-- emailValidation -->
        <test-method signature="maxValidationEmailField()[pri:14, instance:org.test.CustomerCreateOrganizationModule@18d87d80]" started-at="2022-09-29T10:49:07 IST" name="maxValidationEmailField" finished-at="2022-09-29T10:49:08 IST" duration-ms="1070" status="PASS">
          <reporter-output>
          </reporter-output>
        </test-method> <!-- maxValidationEmailField -->
        <test-method signature="minValidationPhoneNumberField()[pri:15, instance:org.test.CustomerCreateOrganizationModule@18d87d80]" started-at="2022-09-29T10:49:08 IST" name="minValidationPhoneNumberField" finished-at="2022-09-29T10:49:08 IST" duration-ms="412" status="PASS">
          <reporter-output>
          </reporter-output>
        </test-method> <!-- minValidationPhoneNumberField -->
        <test-method signature="maxValidationPhoneNumberField()[pri:16, instance:org.test.CustomerCreateOrganizationModule@18d87d80]" started-at="2022-09-29T10:49:08 IST" name="maxValidationPhoneNumberField" finished-at="2022-09-29T10:49:09 IST" duration-ms="622" status="PASS">
          <reporter-output>
          </reporter-output>
        </test-method> <!-- maxValidationPhoneNumberField -->
        <test-method signature="maxValidationContactFirstNameField()[pri:17, instance:org.test.CustomerCreateOrganizationModule@18d87d80]" started-at="2022-09-29T10:49:09 IST" name="maxValidationContactFirstNameField" finished-at="2022-09-29T10:49:10 IST" duration-ms="1176" status="PASS">
          <reporter-output>
          </reporter-output>
        </test-method> <!-- maxValidationContactFirstNameField -->
        <test-method signature="maxValidationContactLastNameField()[pri:18, instance:org.test.CustomerCreateOrganizationModule@18d87d80]" started-at="2022-09-29T10:49:10 IST" name="maxValidationContactLastNameField" finished-at="2022-09-29T10:49:11 IST" duration-ms="1083" status="PASS">
          <reporter-output>
          </reporter-output>
        </test-method> <!-- maxValidationContactLastNameField -->
        <test-method signature="maxValidationContactEmailField()[pri:19, instance:org.test.CustomerCreateOrganizationModule@18d87d80]" started-at="2022-09-29T10:49:11 IST" name="maxValidationContactEmailField" finished-at="2022-09-29T10:49:12 IST" duration-ms="1094" status="PASS">
          <reporter-output>
          </reporter-output>
        </test-method> <!-- maxValidationContactEmailField -->
        <test-method signature="validateContactEmailField()[pri:20, instance:org.test.CustomerCreateOrganizationModule@18d87d80]" started-at="2022-09-29T10:49:12 IST" name="validateContactEmailField" finished-at="2022-09-29T10:49:12 IST" duration-ms="272" status="PASS">
          <reporter-output>
          </reporter-output>
        </test-method> <!-- validateContactEmailField -->
        <test-method signature="minValidationContactPhoneNumberField()[pri:21, instance:org.test.CustomerCreateOrganizationModule@18d87d80]" started-at="2022-09-29T10:49:12 IST" name="minValidationContactPhoneNumberField" finished-at="2022-09-29T10:49:13 IST" duration-ms="538" status="PASS">
          <reporter-output>
          </reporter-output>
        </test-method> <!-- minValidationContactPhoneNumberField -->
        <test-method signature="maxValidationContactPhoneNumberField()[pri:22, instance:org.test.CustomerCreateOrganizationModule@18d87d80]" started-at="2022-09-29T10:49:13 IST" name="maxValidationContactPhoneNumberField" finished-at="2022-09-29T10:49:13 IST" duration-ms="473" status="PASS">
          <reporter-output>
          </reporter-output>
        </test-method> <!-- maxValidationContactPhoneNumberField -->
        <test-method signature="maxValidationJobTittleField()[pri:23, instance:org.test.CustomerCreateOrganizationModule@18d87d80]" started-at="2022-09-29T10:49:13 IST" name="maxValidationJobTittleField" finished-at="2022-09-29T10:49:15 IST" duration-ms="1365" status="PASS">
          <reporter-output>
          </reporter-output>
        </test-method> <!-- maxValidationJobTittleField -->
        <test-method signature="maxValidationPropertyNameField()[pri:24, instance:org.test.CustomerCreateOrganizationModule@18d87d80]" started-at="2022-09-29T10:49:15 IST" name="maxValidationPropertyNameField" finished-at="2022-09-29T10:49:16 IST" duration-ms="1805" status="PASS">
          <reporter-output>
          </reporter-output>
        </test-method> <!-- maxValidationPropertyNameField -->
        <test-method signature="maxValidationPropertyContactPersonNameField()[pri:25, instance:org.test.CustomerCreateOrganizationModule@18d87d80]" started-at="2022-09-29T10:49:16 IST" name="maxValidationPropertyContactPersonNameField" finished-at="2022-09-29T10:49:18 IST" duration-ms="1914" status="PASS">
          <reporter-output>
          </reporter-output>
        </test-method> <!-- maxValidationPropertyContactPersonNameField -->
        <test-method signature="maxValidationPropertyAddress1Field()[pri:26, instance:org.test.CustomerCreateOrganizationModule@18d87d80]" started-at="2022-09-29T10:49:18 IST" name="maxValidationPropertyAddress1Field" finished-at="2022-09-29T10:49:19 IST" duration-ms="1081" status="PASS">
          <reporter-output>
          </reporter-output>
        </test-method> <!-- maxValidationPropertyAddress1Field -->
        <test-method signature="maxValidationPropertyAddress2Field()[pri:27, instance:org.test.CustomerCreateOrganizationModule@18d87d80]" started-at="2022-09-29T10:49:19 IST" name="maxValidationPropertyAddress2Field" finished-at="2022-09-29T10:49:20 IST" duration-ms="883" status="PASS">
          <reporter-output>
          </reporter-output>
        </test-method> <!-- maxValidationPropertyAddress2Field -->
        <test-method signature="maxValidationPropertyStateField()[pri:29, instance:org.test.CustomerCreateOrganizationModule@18d87d80]" started-at="2022-09-29T10:49:20 IST" name="maxValidationPropertyStateField" finished-at="2022-09-29T10:49:21 IST" duration-ms="795" status="PASS">
          <reporter-output>
          </reporter-output>
        </test-method> <!-- maxValidationPropertyStateField -->
        <test-method signature="maxValidationPropertyCityField()[pri:30, instance:org.test.CustomerCreateOrganizationModule@18d87d80]" started-at="2022-09-29T10:49:21 IST" name="maxValidationPropertyCityField" finished-at="2022-09-29T10:49:22 IST" duration-ms="712" status="PASS">
          <reporter-output>
          </reporter-output>
        </test-method> <!-- maxValidationPropertyCityField -->
        <test-method signature="minValidationPropertyZipCodeField()[pri:31, instance:org.test.CustomerCreateOrganizationModule@18d87d80]" started-at="2022-09-29T10:49:22 IST" name="minValidationPropertyZipCodeField" finished-at="2022-09-29T10:49:22 IST" duration-ms="156" status="PASS">
          <reporter-output>
          </reporter-output>
        </test-method> <!-- minValidationPropertyZipCodeField -->
        <test-method signature="maxValidationPropertyZipCodeField()[pri:32, instance:org.test.CustomerCreateOrganizationModule@18d87d80]" started-at="2022-09-29T10:49:22 IST" name="maxValidationPropertyZipCodeField" finished-at="2022-09-29T10:49:22 IST" duration-ms="304" status="PASS">
          <reporter-output>
          </reporter-output>
        </test-method> <!-- maxValidationPropertyZipCodeField -->
        <test-method signature="maxValidationProductNameField()[pri:33, instance:org.test.CustomerCreateOrganizationModule@18d87d80]" started-at="2022-09-29T10:49:22 IST" name="maxValidationProductNameField" finished-at="2022-09-29T10:49:23 IST" duration-ms="730" status="PASS">
          <reporter-output>
          </reporter-output>
        </test-method> <!-- maxValidationProductNameField -->
        <test-method signature="maxValidationBrandNameField()[pri:34, instance:org.test.CustomerCreateOrganizationModule@18d87d80]" started-at="2022-09-29T10:49:23 IST" name="maxValidationBrandNameField" finished-at="2022-09-29T10:49:24 IST" duration-ms="738" status="PASS">
          <reporter-output>
          </reporter-output>
        </test-method> <!-- maxValidationBrandNameField -->
        <test-method signature="maxValidationModelNumberField()[pri:35, instance:org.test.CustomerCreateOrganizationModule@18d87d80]" started-at="2022-09-29T10:49:24 IST" name="maxValidationModelNumberField" finished-at="2022-09-29T10:49:25 IST" duration-ms="713" status="PASS">
          <reporter-output>
          </reporter-output>
        </test-method> <!-- maxValidationModelNumberField -->
        <test-method signature="maxValidationSerialNumberField()[pri:36, instance:org.test.CustomerCreateOrganizationModule@18d87d80]" started-at="2022-09-29T10:49:25 IST" name="maxValidationSerialNumberField" finished-at="2022-09-29T10:49:25 IST" duration-ms="704" status="PASS">
          <reporter-output>
          </reporter-output>
        </test-method> <!-- maxValidationSerialNumberField -->
        <test-method signature="maxValidationAccessHoursField()[pri:37, instance:org.test.CustomerCreateOrganizationModule@18d87d80]" started-at="2022-09-29T10:49:25 IST" name="maxValidationAccessHoursField" finished-at="2022-09-29T10:49:26 IST" duration-ms="718" status="PASS">
          <reporter-output>
          </reporter-output>
        </test-method> <!-- maxValidationAccessHoursField -->
        <test-method signature="maxValidationInstallationNotesField()[pri:38, instance:org.test.CustomerCreateOrganizationModule@18d87d80]" started-at="2022-09-29T10:49:26 IST" name="maxValidationInstallationNotesField" finished-at="2022-09-29T10:49:31 IST" duration-ms="4662" status="PASS">
          <reporter-output>
          </reporter-output>
        </test-method> <!-- maxValidationInstallationNotesField -->
        <test-method signature="maxSizeValidationAttachmentField()[pri:39, instance:org.test.CustomerCreateOrganizationModule@18d87d80]" started-at="2022-09-29T10:49:31 IST" name="maxSizeValidationAttachmentField" finished-at="2022-09-29T10:49:33 IST" duration-ms="2098" status="PASS">
          <reporter-output>
          </reporter-output>
        </test-method> <!-- maxSizeValidationAttachmentField -->
        <test-method signature="fileFormatAttachmentField()[pri:40, instance:org.test.CustomerCreateOrganizationModule@18d87d80]" started-at="2022-09-29T10:49:33 IST" name="fileFormatAttachmentField" finished-at="2022-09-29T10:49:35 IST" duration-ms="1983" status="PASS">
          <reporter-output>
          </reporter-output>
        </test-method> <!-- fileFormatAttachmentField -->
        <test-method signature="maxFileUploadSizeValidationField()[pri:41, instance:org.test.CustomerCreateOrganizationModule@18d87d80]" started-at="2022-09-29T10:49:35 IST" name="maxFileUploadSizeValidationField" finished-at="2022-09-29T10:49:59 IST" duration-ms="24758" status="PASS">
          <reporter-output>
          </reporter-output>
        </test-method> <!-- maxFileUploadSizeValidationField -->
        <test-method signature="createOrganization()[pri:42, instance:org.test.CustomerCreateOrganizationModule@18d87d80]" started-at="2022-09-29T10:49:59 IST" name="createOrganization" finished-at="2022-09-29T10:50:20 IST" duration-ms="20698" status="PASS">
          <reporter-output>
          </reporter-output>
        </test-method> <!-- createOrganization -->
        <test-method signature="createOrganizationListFirstName()[pri:44, instance:org.test.CustomerCreateOrganizationModule@18d87d80]" started-at="2022-09-29T10:50:20 IST" name="createOrganizationListFirstName" finished-at="2022-09-29T10:50:21 IST" duration-ms="1137" status="PASS">
          <reporter-output>
          </reporter-output>
        </test-method> <!-- createOrganizationListFirstName -->
        <test-method signature="characterListValidation()[pri:45, instance:org.test.CustomerCreateOrganizationModule@18d87d80]" started-at="2022-09-29T10:50:21 IST" name="characterListValidation" finished-at="2022-09-29T10:50:22 IST" duration-ms="451" status="PASS">
          <reporter-output>
          </reporter-output>
        </test-method> <!-- characterListValidation -->
        <test-method signature="searchOrganizationNameListValidation()[pri:46, instance:org.test.CustomerCreateOrganizationModule@18d87d80]" started-at="2022-09-29T10:50:22 IST" name="searchOrganizationNameListValidation" finished-at="2022-09-29T10:50:31 IST" duration-ms="9336" status="PASS">
          <reporter-output>
          </reporter-output>
        </test-method> <!-- searchOrganizationNameListValidation -->
        <test-method signature="searchPhoneNumberListValidation()[pri:47, instance:org.test.CustomerCreateOrganizationModule@18d87d80]" started-at="2022-09-29T10:50:31 IST" name="searchPhoneNumberListValidation" finished-at="2022-09-29T10:50:40 IST" duration-ms="9247" status="PASS">
          <reporter-output>
          </reporter-output>
        </test-method> <!-- searchPhoneNumberListValidation -->
        <test-method signature="filterListValidation()[pri:49, instance:org.test.CustomerCreateOrganizationModule@18d87d80]" started-at="2022-09-29T10:50:40 IST" name="filterListValidation" finished-at="2022-09-29T10:50:43 IST" duration-ms="2188" status="PASS">
          <reporter-output>
          </reporter-output>
        </test-method> <!-- filterListValidation -->
        <test-method signature="searchInvalid()[pri:50, instance:org.test.CustomerCreateOrganizationModule@18d87d80]" started-at="2022-09-29T10:50:43 IST" name="searchInvalid" finished-at="2022-09-29T10:51:07 IST" duration-ms="24105" status="PASS">
          <reporter-output>
          </reporter-output>
        </test-method> <!-- searchInvalid -->
        <test-method signature="alreadyExistedEmail()[pri:53, instance:org.test.CustomerCreateOrganizationModule@18d87d80]" started-at="2022-09-29T10:51:07 IST" name="alreadyExistedEmail" finished-at="2022-09-29T10:51:12 IST" duration-ms="5370" status="PASS">
          <reporter-output>
          </reporter-output>
        </test-method> <!-- alreadyExistedEmail -->
        <test-method signature="editContactList()[pri:54, instance:org.test.CustomerCreateOrganizationModule@18d87d80]" started-at="2022-09-29T10:51:12 IST" name="editContactList" finished-at="2022-09-29T10:51:24 IST" duration-ms="11597" status="PASS">
          <reporter-output>
          </reporter-output>
        </test-method> <!-- editContactList -->
        <test-method signature="deleteContactList()[pri:55, instance:org.test.CustomerCreateOrganizationModule@18d87d80]" started-at="2022-09-29T10:51:24 IST" name="deleteContactList" finished-at="2022-09-29T10:51:27 IST" duration-ms="3350" status="PASS">
          <reporter-output>
          </reporter-output>
        </test-method> <!-- deleteContactList -->
        <test-method is-config="true" signature="exitBrowser()[pri:0, instance:org.test.CustomerCreateOrganizationModule@18d87d80]" started-at="2022-09-29T10:51:27 IST" name="exitBrowser" finished-at="2022-09-29T10:51:27 IST" duration-ms="433" status="PASS">
          <reporter-output>
          </reporter-output>
        </test-method> <!-- exitBrowser -->
      </class> <!-- org.test.CustomerCreateOrganizationModule -->
      <class name="org.test.CustomerCreateContactModule">
        <test-method is-config="true" signature="setup()[pri:0, instance:org.test.CustomerCreateContactModule@1af2d44a]" started-at="2022-09-29T10:45:49 IST" name="setup" finished-at="2022-09-29T10:45:50 IST" duration-ms="985" status="PASS">
          <reporter-output>
          </reporter-output>
        </test-method> <!-- setup -->
        <test-method signature="loginPage()[pri:0, instance:org.test.CustomerCreateContactModule@1af2d44a]" started-at="2022-09-29T10:45:50 IST" name="loginPage" finished-at="2022-09-29T10:46:23 IST" duration-ms="32613" status="PASS">
          <reporter-output>
          </reporter-output>
        </test-method> <!-- loginPage -->
        <test-method signature="contactModule()[pri:1, instance:org.test.CustomerCreateContactModule@1af2d44a]" started-at="2022-09-29T10:46:23 IST" name="contactModule" finished-at="2022-09-29T10:46:30 IST" duration-ms="7814" status="PASS">
          <reporter-output>
          </reporter-output>
        </test-method> <!-- contactModule -->
        <test-method signature="maxSizeValidationProfileField()[pri:2, instance:org.test.CustomerCreateContactModule@1af2d44a]" started-at="2022-09-29T10:46:30 IST" name="maxSizeValidationProfileField" finished-at="2022-09-29T10:46:36 IST" duration-ms="5874" status="PASS">
          <reporter-output>
          </reporter-output>
        </test-method> <!-- maxSizeValidationProfileField -->
        <test-method signature="fileFormatValidationProfileField()[pri:3, instance:org.test.CustomerCreateContactModule@1af2d44a]" started-at="2022-09-29T10:46:36 IST" name="fileFormatValidationProfileField" finished-at="2022-09-29T10:46:38 IST" duration-ms="1833" status="PASS">
          <reporter-output>
          </reporter-output>
        </test-method> <!-- fileFormatValidationProfileField -->
        <test-method signature="mandatoryValidation()[pri:4, instance:org.test.CustomerCreateContactModule@1af2d44a]" started-at="2022-09-29T10:46:38 IST" name="mandatoryValidation" finished-at="2022-09-29T10:46:39 IST" duration-ms="367" status="PASS">
          <reporter-output>
          </reporter-output>
        </test-method> <!-- mandatoryValidation -->
        <test-method signature="maxValidationFirstNameField()[pri:5, instance:org.test.CustomerCreateContactModule@1af2d44a]" started-at="2022-09-29T10:46:39 IST" name="maxValidationFirstNameField" finished-at="2022-09-29T10:46:40 IST" duration-ms="1153" status="PASS">
          <reporter-output>
          </reporter-output>
        </test-method> <!-- maxValidationFirstNameField -->
        <test-method signature="maxValidationLastNameField()[pri:6, instance:org.test.CustomerCreateContactModule@1af2d44a]" started-at="2022-09-29T10:46:40 IST" name="maxValidationLastNameField" finished-at="2022-09-29T10:46:41 IST" duration-ms="1092" status="PASS">
          <reporter-output>
          </reporter-output>
        </test-method> <!-- maxValidationLastNameField -->
        <test-method signature="maxValidationJobTittle()[pri:7, instance:org.test.CustomerCreateContactModule@1af2d44a]" started-at="2022-09-29T10:46:41 IST" name="maxValidationJobTittle" finished-at="2022-09-29T10:46:42 IST" duration-ms="1129" status="PASS">
          <reporter-output>
          </reporter-output>
        </test-method> <!-- maxValidationJobTittle -->
        <test-method signature="maxValidationEmailField()[pri:8, instance:org.test.CustomerCreateContactModule@1af2d44a]" started-at="2022-09-29T10:46:42 IST" name="maxValidationEmailField" finished-at="2022-09-29T10:46:43 IST" duration-ms="1135" status="PASS">
          <reporter-output>
          </reporter-output>
        </test-method> <!-- maxValidationEmailField -->
        <test-method signature="invalidValidationEmailField()[pri:9, instance:org.test.CustomerCreateContactModule@1af2d44a]" started-at="2022-09-29T10:46:43 IST" name="invalidValidationEmailField" finished-at="2022-09-29T10:46:43 IST" duration-ms="183" status="PASS">
          <reporter-output>
          </reporter-output>
        </test-method> <!-- invalidValidationEmailField -->
        <test-method signature="minValidationPhoneNumberField()[pri:10, instance:org.test.CustomerCreateContactModule@1af2d44a]" started-at="2022-09-29T10:46:43 IST" name="minValidationPhoneNumberField" finished-at="2022-09-29T10:46:44 IST" duration-ms="470" status="PASS">
          <reporter-output>
          </reporter-output>
        </test-method> <!-- minValidationPhoneNumberField -->
        <test-method signature="maxValidationPhoneNumberField()[pri:11, instance:org.test.CustomerCreateContactModule@1af2d44a]" started-at="2022-09-29T10:46:44 IST" name="maxValidationPhoneNumberField" finished-at="2022-09-29T10:46:44 IST" duration-ms="660" status="PASS">
          <reporter-output>
          </reporter-output>
        </test-method> <!-- maxValidationPhoneNumberField -->
        <test-method signature="maxValidationPropertyNameField()[pri:12, instance:org.test.CustomerCreateContactModule@1af2d44a]" started-at="2022-09-29T10:46:44 IST" name="maxValidationPropertyNameField" finished-at="2022-09-29T10:46:46 IST" duration-ms="1922" status="PASS">
          <reporter-output>
          </reporter-output>
        </test-method> <!-- maxValidationPropertyNameField -->
        <test-method signature="maxValidationContactPersonNameeField()[pri:13, instance:org.test.CustomerCreateContactModule@1af2d44a]" started-at="2022-09-29T10:46:46 IST" name="maxValidationContactPersonNameeField" finished-at="2022-09-29T10:46:48 IST" duration-ms="1896" status="PASS">
          <reporter-output>
          </reporter-output>
        </test-method> <!-- maxValidationContactPersonNameeField -->
        <test-method signature="maxValidationAddress1()[pri:14, instance:org.test.CustomerCreateContactModule@1af2d44a]" started-at="2022-09-29T10:46:48 IST" name="maxValidationAddress1" finished-at="2022-09-29T10:46:49 IST" duration-ms="1076" status="PASS">
          <reporter-output>
          </reporter-output>
        </test-method> <!-- maxValidationAddress1 -->
        <test-method signature="maxValidationAddress22Field()[pri:15, instance:org.test.CustomerCreateContactModule@1af2d44a]" started-at="2022-09-29T10:46:49 IST" name="maxValidationAddress22Field" finished-at="2022-09-29T10:46:50 IST" duration-ms="1100" status="PASS">
          <reporter-output>
          </reporter-output>
        </test-method> <!-- maxValidationAddress22Field -->
        <test-method signature="maxValidationCityField()[pri:16, instance:org.test.CustomerCreateContactModule@1af2d44a]" started-at="2022-09-29T10:46:50 IST" name="maxValidationCityField" finished-at="2022-09-29T10:46:52 IST" duration-ms="1099" status="PASS">
          <reporter-output>
          </reporter-output>
        </test-method> <!-- maxValidationCityField -->
        <test-method signature="maxValidationStateField()[pri:17, instance:org.test.CustomerCreateContactModule@1af2d44a]" started-at="2022-09-29T10:46:52 IST" name="maxValidationStateField" finished-at="2022-09-29T10:46:52 IST" duration-ms="968" status="PASS">
          <reporter-output>
          </reporter-output>
        </test-method> <!-- maxValidationStateField -->
        <test-method signature="minValidationZipcodeField()[pri:18, instance:org.test.CustomerCreateContactModule@1af2d44a]" started-at="2022-09-29T10:46:52 IST" name="minValidationZipcodeField" finished-at="2022-09-29T10:46:53 IST" duration-ms="200" status="PASS">
          <reporter-output>
          </reporter-output>
        </test-method> <!-- minValidationZipcodeField -->
        <test-method signature="maxValidationZipcodeField()[pri:19, instance:org.test.CustomerCreateContactModule@1af2d44a]" started-at="2022-09-29T10:46:53 IST" name="maxValidationZipcodeField" finished-at="2022-09-29T10:46:53 IST" duration-ms="329" status="PASS">
          <reporter-output>
          </reporter-output>
        </test-method> <!-- maxValidationZipcodeField -->
        <test-method signature="maxValidationProductNameField()[pri:20, instance:org.test.CustomerCreateContactModule@1af2d44a]" started-at="2022-09-29T10:46:53 IST" name="maxValidationProductNameField" finished-at="2022-09-29T10:46:54 IST" duration-ms="797" status="PASS">
          <reporter-output>
          </reporter-output>
        </test-method> <!-- maxValidationProductNameField -->
        <test-method signature="maxValidationBrandNameField()[pri:21, instance:org.test.CustomerCreateContactModule@1af2d44a]" started-at="2022-09-29T10:46:54 IST" name="maxValidationBrandNameField" finished-at="2022-09-29T10:46:55 IST" duration-ms="736" status="PASS">
          <reporter-output>
          </reporter-output>
        </test-method> <!-- maxValidationBrandNameField -->
        <test-method signature="maxValdidationModelNumberField()[pri:22, instance:org.test.CustomerCreateContactModule@1af2d44a]" started-at="2022-09-29T10:46:55 IST" name="maxValdidationModelNumberField" finished-at="2022-09-29T10:46:55 IST" duration-ms="705" status="PASS">
          <reporter-output>
          </reporter-output>
        </test-method> <!-- maxValdidationModelNumberField -->
        <test-method signature="maxValidationSerialNumberField()[pri:23, instance:org.test.CustomerCreateContactModule@1af2d44a]" started-at="2022-09-29T10:46:55 IST" name="maxValidationSerialNumberField" finished-at="2022-09-29T10:46:56 IST" duration-ms="706" status="PASS">
          <reporter-output>
          </reporter-output>
        </test-method> <!-- maxValidationSerialNumberField -->
        <test-method signature="maxValidationAccessHoursField()[pri:24, instance:org.test.CustomerCreateContactModule@1af2d44a]" started-at="2022-09-29T10:46:56 IST" name="maxValidationAccessHoursField" finished-at="2022-09-29T10:46:57 IST" duration-ms="722" status="PASS">
          <reporter-output>
          </reporter-output>
        </test-method> <!-- maxValidationAccessHoursField -->
        <test-method signature="maxValidationInstallationNotesField()[pri:25, instance:org.test.CustomerCreateContactModule@1af2d44a]" started-at="2022-09-29T10:46:57 IST" name="maxValidationInstallationNotesField" finished-at="2022-09-29T10:47:01 IST" duration-ms="4724" status="PASS">
          <reporter-output>
          </reporter-output>
        </test-method> <!-- maxValidationInstallationNotesField -->
        <test-method signature="maxSizeValidationAttachmentFileField()[pri:26, instance:org.test.CustomerCreateContactModule@1af2d44a]" started-at="2022-09-29T10:47:01 IST" name="maxSizeValidationAttachmentFileField" finished-at="2022-09-29T10:47:03 IST" duration-ms="1982" status="PASS">
          <reporter-output>
          </reporter-output>
        </test-method> <!-- maxSizeValidationAttachmentFileField -->
        <test-method signature="fileFormatValidationAttachmentField()[pri:27, instance:org.test.CustomerCreateContactModule@1af2d44a]" started-at="2022-09-29T10:47:03 IST" name="fileFormatValidationAttachmentField" finished-at="2022-09-29T10:47:06 IST" duration-ms="2547" status="PASS">
          <reporter-output>
          </reporter-output>
        </test-method> <!-- fileFormatValidationAttachmentField -->
        <test-method signature="maxLimitAttachmentField()[pri:28, instance:org.test.CustomerCreateContactModule@1af2d44a]" started-at="2022-09-29T10:47:06 IST" name="maxLimitAttachmentField" finished-at="2022-09-29T10:47:28 IST" duration-ms="21952" status="PASS">
          <reporter-output>
          </reporter-output>
        </test-method> <!-- maxLimitAttachmentField -->
        <test-method signature="CreateContact()[pri:29, instance:org.test.CustomerCreateContactModule@1af2d44a]" started-at="2022-09-29T10:47:28 IST" name="CreateContact" finished-at="2022-09-29T10:47:38 IST" duration-ms="10084" status="PASS">
          <reporter-output>
          </reporter-output>
        </test-method> <!-- CreateContact -->
        <test-method signature="alreadyExistedMail()[pri:30, instance:org.test.CustomerCreateContactModule@1af2d44a]" started-at="2022-09-29T10:47:38 IST" name="alreadyExistedMail" finished-at="2022-09-29T10:47:41 IST" duration-ms="2651" status="PASS">
          <reporter-output>
          </reporter-output>
        </test-method> <!-- alreadyExistedMail -->
        <test-method signature="characterFilterValidation()[pri:31, instance:org.test.CustomerCreateContactModule@1af2d44a]" started-at="2022-09-29T10:47:41 IST" name="characterFilterValidation" finished-at="2022-09-29T10:47:43 IST" duration-ms="2272" status="PASS">
          <reporter-output>
          </reporter-output>
        </test-method> <!-- characterFilterValidation -->
        <test-method signature="searchListNameField()[pri:32, instance:org.test.CustomerCreateContactModule@1af2d44a]" started-at="2022-09-29T10:47:43 IST" name="searchListNameField" finished-at="2022-09-29T10:47:44 IST" duration-ms="1023" status="PASS">
          <reporter-output>
          </reporter-output>
        </test-method> <!-- searchListNameField -->
        <test-method signature="searchListPhoneNumberField()[pri:33, instance:org.test.CustomerCreateContactModule@1af2d44a]" started-at="2022-09-29T10:47:44 IST" name="searchListPhoneNumberField" finished-at="2022-09-29T10:47:51 IST" duration-ms="7346" status="PASS">
          <reporter-output>
          </reporter-output>
        </test-method> <!-- searchListPhoneNumberField -->
        <test-method signature="searchListEmailField()[pri:34, instance:org.test.CustomerCreateContactModule@1af2d44a]" started-at="2022-09-29T10:47:51 IST" name="searchListEmailField" finished-at="2022-09-29T10:48:00 IST" duration-ms="8333" status="PASS">
          <reporter-output>
          </reporter-output>
        </test-method> <!-- searchListEmailField -->
        <test-method signature="filterField()[pri:35, instance:org.test.CustomerCreateContactModule@1af2d44a]" started-at="2022-09-29T10:48:00 IST" name="filterField" finished-at="2022-09-29T10:48:02 IST" duration-ms="2792" status="PASS">
          <reporter-output>
          </reporter-output>
        </test-method> <!-- filterField -->
        <test-method signature="searchInvalidListName()[pri:36, instance:org.test.CustomerCreateContactModule@1af2d44a]" started-at="2022-09-29T10:48:02 IST" name="searchInvalidListName" finished-at="2022-09-29T10:48:10 IST" duration-ms="7604" status="PASS">
          <reporter-output>
          </reporter-output>
        </test-method> <!-- searchInvalidListName -->
        <test-method signature="editContactList()[pri:37, instance:org.test.CustomerCreateContactModule@1af2d44a]" started-at="2022-09-29T10:48:10 IST" name="editContactList" finished-at="2022-09-29T10:48:18 IST" duration-ms="8111" status="PASS">
          <reporter-output>
          </reporter-output>
        </test-method> <!-- editContactList -->
        <test-method signature="deleteContactList()[pri:39, instance:org.test.CustomerCreateContactModule@1af2d44a]" started-at="2022-09-29T10:48:18 IST" name="deleteContactList" finished-at="2022-09-29T10:48:21 IST" duration-ms="3334" status="PASS">
          <reporter-output>
          </reporter-output>
        </test-method> <!-- deleteContactList -->
        <test-method is-config="true" signature="exitBrowser()[pri:0, instance:org.test.CustomerCreateContactModule@1af2d44a]" started-at="2022-09-29T10:48:21 IST" name="exitBrowser" finished-at="2022-09-29T10:48:22 IST" duration-ms="499" status="PASS">
          <reporter-output>
          </reporter-output>
        </test-method> <!-- exitBrowser -->
      </class> <!-- org.test.CustomerCreateContactModule -->
      <class name="org.test.TeamModule">
        <test-method is-config="true" signature="setup()[pri:0, instance:org.test.TeamModule@1e04fa0a]" started-at="2022-09-29T10:40:55 IST" name="setup" finished-at="2022-09-29T10:40:56 IST" duration-ms="901" status="PASS">
          <reporter-output>
          </reporter-output>
        </test-method> <!-- setup -->
        <test-method signature="verify()[pri:1, instance:org.test.TeamModule@1e04fa0a]" started-at="2022-09-29T10:40:56 IST" name="verify" finished-at="2022-09-29T10:41:16 IST" duration-ms="19649" status="PASS">
          <reporter-output>
          </reporter-output>
        </test-method> <!-- verify -->
        <test-method signature="teamModule()[pri:2, instance:org.test.TeamModule@1e04fa0a]" started-at="2022-09-29T10:41:16 IST" name="teamModule" finished-at="2022-09-29T10:41:24 IST" duration-ms="7819" status="PASS">
          <reporter-output>
          </reporter-output>
        </test-method> <!-- teamModule -->
        <test-method signature="edit()[pri:3, instance:org.test.TeamModule@1e04fa0a]" started-at="2022-09-29T10:41:24 IST" name="edit" finished-at="2022-09-29T10:41:26 IST" duration-ms="2814" status="PASS">
          <reporter-output>
          </reporter-output>
        </test-method> <!-- edit -->
        <test-method signature="addLocation()[pri:4, instance:org.test.TeamModule@1e04fa0a]" started-at="2022-09-29T10:41:26 IST" name="addLocation" finished-at="2022-09-29T10:41:30 IST" duration-ms="4021" status="PASS">
          <reporter-output>
          </reporter-output>
        </test-method> <!-- addLocation -->
        <test-method signature="deleteLocation()[pri:5, instance:org.test.TeamModule@1e04fa0a]" started-at="2022-09-29T10:41:30 IST" name="deleteLocation" finished-at="2022-09-29T10:41:33 IST" duration-ms="2132" status="PASS">
          <reporter-output>
          </reporter-output>
        </test-method> <!-- deleteLocation -->
        <test-method signature="maxSizeProfileField()[pri:6, instance:org.test.TeamModule@1e04fa0a]" started-at="2022-09-29T10:41:33 IST" name="maxSizeProfileField" finished-at="2022-09-29T10:41:36 IST" duration-ms="3828" status="PASS">
          <reporter-output>
          </reporter-output>
        </test-method> <!-- maxSizeProfileField -->
        <test-method signature="fileFormatvalidation()[pri:7, instance:org.test.TeamModule@1e04fa0a]" started-at="2022-09-29T10:41:36 IST" name="fileFormatvalidation" finished-at="2022-09-29T10:41:40 IST" duration-ms="3176" status="PASS">
          <reporter-output>
          </reporter-output>
        </test-method> <!-- fileFormatvalidation -->
        <test-method signature="verifyContractorNameMandatory()[pri:8, instance:org.test.TeamModule@1e04fa0a]" started-at="2022-09-29T10:41:40 IST" name="verifyContractorNameMandatory" finished-at="2022-09-29T10:41:40 IST" duration-ms="170" status="PASS">
          <reporter-output>
          </reporter-output>
        </test-method> <!-- verifyContractorNameMandatory -->
        <test-method signature="verifyContractorNumberMinValidation()[pri:9, instance:org.test.TeamModule@1e04fa0a]" started-at="2022-09-29T10:41:40 IST" name="verifyContractorNumberMinValidation" finished-at="2022-09-29T10:41:40 IST" duration-ms="384" status="PASS">
          <reporter-output>
          </reporter-output>
        </test-method> <!-- verifyContractorNumberMinValidation -->
        <test-method signature="verifyContractorEmailFormat()[pri:10, instance:org.test.TeamModule@1e04fa0a]" started-at="2022-09-29T10:41:40 IST" name="verifyContractorEmailFormat" finished-at="2022-09-29T10:41:40 IST" duration-ms="296" status="PASS">
          <reporter-output>
          </reporter-output>
        </test-method> <!-- verifyContractorEmailFormat -->
        <test-method signature="verifyContractorNumberMaxValidation()[pri:11, instance:org.test.TeamModule@1e04fa0a]" started-at="2022-09-29T10:41:40 IST" name="verifyContractorNumberMaxValidation" finished-at="2022-09-29T10:41:41 IST" duration-ms="330" status="PASS">
          <reporter-output>
          </reporter-output>
        </test-method> <!-- verifyContractorNumberMaxValidation -->
        <test-method signature="verifyFaxMinValidation()[pri:12, instance:org.test.TeamModule@1e04fa0a]" started-at="2022-09-29T10:41:41 IST" name="verifyFaxMinValidation" finished-at="2022-09-29T10:41:41 IST" duration-ms="248" status="PASS">
          <reporter-output>
          </reporter-output>
        </test-method> <!-- verifyFaxMinValidation -->
        <test-method signature="verifyFaxMaxValidation()[pri:13, instance:org.test.TeamModule@1e04fa0a]" started-at="2022-09-29T10:41:41 IST" name="verifyFaxMaxValidation" finished-at="2022-09-29T10:41:41 IST" duration-ms="443" status="PASS">
          <reporter-output>
          </reporter-output>
        </test-method> <!-- verifyFaxMaxValidation -->
        <test-method signature="verifyCpersonMaxValidation()[pri:14, instance:org.test.TeamModule@1e04fa0a]" started-at="2022-09-29T10:41:41 IST" name="verifyCpersonMaxValidation" finished-at="2022-09-29T10:41:44 IST" duration-ms="2213" status="PASS">
          <reporter-output>
          </reporter-output>
        </test-method> <!-- verifyCpersonMaxValidation -->
        <test-method signature="maxValidationLocationNameField()[pri:15, instance:org.test.TeamModule@1e04fa0a]" started-at="2022-09-29T10:41:44 IST" name="maxValidationLocationNameField" finished-at="2022-09-29T10:41:46 IST" duration-ms="2284" status="PASS">
          <reporter-output>
          </reporter-output>
        </test-method> <!-- maxValidationLocationNameField -->
        <test-method signature="validateEmailField()[pri:16, instance:org.test.TeamModule@1e04fa0a]" started-at="2022-09-29T10:41:46 IST" name="validateEmailField" finished-at="2022-09-29T10:41:46 IST" duration-ms="264" status="PASS">
          <reporter-output>
          </reporter-output>
        </test-method> <!-- validateEmailField -->
        <test-method signature="maxValidationEmailField()[pri:17, instance:org.test.TeamModule@1e04fa0a]" started-at="2022-09-29T10:41:46 IST" name="maxValidationEmailField" finished-at="2022-09-29T10:41:48 IST" duration-ms="1890" status="PASS">
          <reporter-output>
          </reporter-output>
        </test-method> <!-- maxValidationEmailField -->
        <test-method signature="minValidationPhoneNumberField()[pri:18, instance:org.test.TeamModule@1e04fa0a]" started-at="2022-09-29T10:41:48 IST" name="minValidationPhoneNumberField" finished-at="2022-09-29T10:41:48 IST" duration-ms="368" status="PASS">
          <reporter-output>
          </reporter-output>
        </test-method> <!-- minValidationPhoneNumberField -->
        <test-method signature="maxValidationPhoneNumberField()[pri:19, instance:org.test.TeamModule@1e04fa0a]" started-at="2022-09-29T10:41:48 IST" name="maxValidationPhoneNumberField" finished-at="2022-09-29T10:41:49 IST" duration-ms="370" status="PASS">
          <reporter-output>
          </reporter-output>
        </test-method> <!-- maxValidationPhoneNumberField -->
        <test-method signature="maxValidationAddress1Field()[pri:20, instance:org.test.TeamModule@1e04fa0a]" started-at="2022-09-29T10:41:49 IST" name="maxValidationAddress1Field" finished-at="2022-09-29T10:41:50 IST" duration-ms="1495" status="PASS">
          <reporter-output>
          </reporter-output>
        </test-method> <!-- maxValidationAddress1Field -->
        <test-method signature="maxValidationAddress2Field()[pri:21, instance:org.test.TeamModule@1e04fa0a]" started-at="2022-09-29T10:41:50 IST" name="maxValidationAddress2Field" finished-at="2022-09-29T10:41:52 IST" duration-ms="1412" status="PASS">
          <reporter-output>
          </reporter-output>
        </test-method> <!-- maxValidationAddress2Field -->
        <test-method signature="maxValidationStateField()[pri:22, instance:org.test.TeamModule@1e04fa0a]" started-at="2022-09-29T10:41:52 IST" name="maxValidationStateField" finished-at="2022-09-29T10:41:53 IST" duration-ms="1417" status="PASS">
          <reporter-output>
          </reporter-output>
        </test-method> <!-- maxValidationStateField -->
        <test-method signature="maxValidationCityField()[pri:23, instance:org.test.TeamModule@1e04fa0a]" started-at="2022-09-29T10:41:53 IST" name="maxValidationCityField" finished-at="2022-09-29T10:41:55 IST" duration-ms="1435" status="PASS">
          <reporter-output>
          </reporter-output>
        </test-method> <!-- maxValidationCityField -->
        <test-method signature="maxValidationZipcodeField()[pri:24, instance:org.test.TeamModule@1e04fa0a]" started-at="2022-09-29T10:41:55 IST" name="maxValidationZipcodeField" finished-at="2022-09-29T10:41:55 IST" duration-ms="192" status="PASS">
          <reporter-output>
          </reporter-output>
        </test-method> <!-- maxValidationZipcodeField -->
        <test-method signature="minValidationZipcodeField()[pri:25, instance:org.test.TeamModule@1e04fa0a]" started-at="2022-09-29T10:41:55 IST" name="minValidationZipcodeField" finished-at="2022-09-29T10:41:55 IST" duration-ms="121" status="PASS">
          <reporter-output>
          </reporter-output>
        </test-method> <!-- minValidationZipcodeField -->
        <test-method signature="characterValidationZipcodeField()[pri:26, instance:org.test.TeamModule@1e04fa0a]" started-at="2022-09-29T10:41:55 IST" name="characterValidationZipcodeField" finished-at="2022-09-29T10:41:55 IST" duration-ms="338" status="PASS">
          <reporter-output>
          </reporter-output>
        </test-method> <!-- characterValidationZipcodeField -->
        <test-method signature="maxValidationContactPerson()[pri:27, instance:org.test.TeamModule@1e04fa0a]" started-at="2022-09-29T10:41:55 IST" name="maxValidationContactPerson" finished-at="2022-09-29T10:41:57 IST" duration-ms="1580" status="PASS">
          <reporter-output>
          </reporter-output>
        </test-method> <!-- maxValidationContactPerson -->
        <test-method signature="verifySaveButtonExist()[pri:28, instance:org.test.TeamModule@1e04fa0a]" started-at="2022-09-29T10:41:57 IST" name="verifySaveButtonExist" finished-at="2022-09-29T10:41:57 IST" duration-ms="40" status="PASS">
          <reporter-output>
          </reporter-output>
        </test-method> <!-- verifySaveButtonExist -->
        <test-method signature="createContract()[pri:29, instance:org.test.TeamModule@1e04fa0a]" started-at="2022-09-29T10:41:57 IST" name="createContract" finished-at="2022-09-29T10:42:02 IST" duration-ms="5503" status="PASS">
          <reporter-output>
          </reporter-output>
        </test-method> <!-- createContract -->
        <test-method signature="listValidationName()[pri:30, instance:org.test.TeamModule@1e04fa0a]" started-at="2022-09-29T10:42:02 IST" name="listValidationName" finished-at="2022-09-29T10:42:03 IST" duration-ms="608" status="PASS">
          <reporter-output>
          </reporter-output>
        </test-method> <!-- listValidationName -->
        <test-method signature="searchCompanyNameListValidation()[pri:31, instance:org.test.TeamModule@1e04fa0a]" started-at="2022-09-29T10:42:03 IST" name="searchCompanyNameListValidation" finished-at="2022-09-29T10:42:05 IST" duration-ms="1776" status="PASS">
          <reporter-output>
          </reporter-output>
        </test-method> <!-- searchCompanyNameListValidation -->
        <test-method signature="searchNameListValidation()[pri:32, instance:org.test.TeamModule@1e04fa0a]" started-at="2022-09-29T10:42:05 IST" name="searchNameListValidation" finished-at="2022-09-29T10:42:06 IST" duration-ms="1562" status="PASS">
          <reporter-output>
          </reporter-output>
        </test-method> <!-- searchNameListValidation -->
        <test-method signature="searchEmailListValidation()[pri:33, instance:org.test.TeamModule@1e04fa0a]" started-at="2022-09-29T10:42:06 IST" name="searchEmailListValidation" finished-at="2022-09-29T10:42:08 IST" duration-ms="1651" status="PASS">
          <reporter-output>
          </reporter-output>
        </test-method> <!-- searchEmailListValidation -->
        <test-method signature="searchPhoneNumberListValidation()[pri:34, instance:org.test.TeamModule@1e04fa0a]" started-at="2022-09-29T10:42:08 IST" name="searchPhoneNumberListValidation" finished-at="2022-09-29T10:42:10 IST" duration-ms="1600" status="PASS">
          <reporter-output>
          </reporter-output>
        </test-method> <!-- searchPhoneNumberListValidation -->
        <test-method signature="invalidValidationData()[pri:35, instance:org.test.TeamModule@1e04fa0a]" started-at="2022-09-29T10:42:10 IST" name="invalidValidationData" finished-at="2022-09-29T10:42:11 IST" duration-ms="1464" status="PASS">
          <reporter-output>
          </reporter-output>
        </test-method> <!-- invalidValidationData -->
        <test-method signature="editContractorPage()[pri:36, instance:org.test.TeamModule@1e04fa0a]" started-at="2022-09-29T10:42:11 IST" name="editContractorPage" finished-at="2022-09-29T10:42:13 IST" duration-ms="2090" status="PASS">
          <reporter-output>
          </reporter-output>
        </test-method> <!-- editContractorPage -->
        <test-method signature="editContractorDetails()[pri:37, instance:org.test.TeamModule@1e04fa0a]" started-at="2022-09-29T10:42:13 IST" name="editContractorDetails" finished-at="2022-09-29T10:42:18 IST" duration-ms="5031" status="PASS">
          <reporter-output>
          </reporter-output>
        </test-method> <!-- editContractorDetails -->
        <test-method signature="deleteContractorDetails()[pri:38, instance:org.test.TeamModule@1e04fa0a]" started-at="2022-09-29T10:42:18 IST" name="deleteContractorDetails" finished-at="2022-09-29T10:42:21 IST" duration-ms="2827" status="PASS">
          <reporter-output>
          </reporter-output>
        </test-method> <!-- deleteContractorDetails -->
        <test-method signature="landingUserFormPage()[pri:39, instance:org.test.TeamModule@1e04fa0a]" started-at="2022-09-29T10:42:21 IST" name="landingUserFormPage" finished-at="2022-09-29T10:42:24 IST" duration-ms="2679" status="PASS">
          <reporter-output>
          </reporter-output>
        </test-method> <!-- landingUserFormPage -->
        <test-method signature="maxSizeLogoField()[pri:40, instance:org.test.TeamModule@1e04fa0a]" started-at="2022-09-29T10:42:24 IST" name="maxSizeLogoField" finished-at="2022-09-29T10:42:25 IST" duration-ms="1809" status="PASS">
          <reporter-output>
          </reporter-output>
        </test-method> <!-- maxSizeLogoField -->
        <test-method signature="fileFormatValidation()[pri:41, instance:org.test.TeamModule@1e04fa0a]" started-at="2022-09-29T10:42:25 IST" name="fileFormatValidation" finished-at="2022-09-29T10:42:27 IST" duration-ms="1939" status="PASS">
          <reporter-output>
          </reporter-output>
        </test-method> <!-- fileFormatValidation -->
        <test-method signature="mandatoryValidationFirstNameField()[pri:42, instance:org.test.TeamModule@1e04fa0a]" started-at="2022-09-29T10:42:27 IST" name="mandatoryValidationFirstNameField" finished-at="2022-09-29T10:42:28 IST" duration-ms="492" status="PASS">
          <reporter-output>
          </reporter-output>
        </test-method> <!-- mandatoryValidationFirstNameField -->
        <test-method signature="mandatoryValidationEmailField()[pri:43, instance:org.test.TeamModule@1e04fa0a]" started-at="2022-09-29T10:42:28 IST" name="mandatoryValidationEmailField" finished-at="2022-09-29T10:42:28 IST" duration-ms="565" status="PASS">
          <reporter-output>
          </reporter-output>
        </test-method> <!-- mandatoryValidationEmailField -->
        <test-method signature="mandatoryValidationTypeField()[pri:44, instance:org.test.TeamModule@1e04fa0a]" started-at="2022-09-29T10:42:28 IST" name="mandatoryValidationTypeField" finished-at="2022-09-29T10:42:29 IST" duration-ms="695" status="PASS">
          <reporter-output>
          </reporter-output>
        </test-method> <!-- mandatoryValidationTypeField -->
        <test-method signature="maxValidationFirstNameField()[pri:44, instance:org.test.TeamModule@1e04fa0a]" started-at="2022-09-29T10:42:29 IST" name="maxValidationFirstNameField" finished-at="2022-09-29T10:42:30 IST" duration-ms="1170" status="PASS">
          <reporter-output>
          </reporter-output>
        </test-method> <!-- maxValidationFirstNameField -->
        <test-method signature="maxValidationLastNameField()[pri:45, instance:org.test.TeamModule@1e04fa0a]" started-at="2022-09-29T10:42:30 IST" name="maxValidationLastNameField" finished-at="2022-09-29T10:42:31 IST" duration-ms="1087" status="PASS">
          <reporter-output>
          </reporter-output>
        </test-method> <!-- maxValidationLastNameField -->
        <test-method signature="maxValidationJobTittleField()[pri:46, instance:org.test.TeamModule@1e04fa0a]" started-at="2022-09-29T10:42:31 IST" name="maxValidationJobTittleField" finished-at="2022-09-29T10:42:33 IST" duration-ms="1068" status="PASS">
          <reporter-output>
          </reporter-output>
        </test-method> <!-- maxValidationJobTittleField -->
        <test-method signature="maxValidationEmailFields()[pri:47, instance:org.test.TeamModule@1e04fa0a]" started-at="2022-09-29T10:42:33 IST" name="maxValidationEmailFields" finished-at="2022-09-29T10:42:34 IST" duration-ms="1170" status="PASS">
          <reporter-output>
          </reporter-output>
        </test-method> <!-- maxValidationEmailFields -->
        <test-method signature="invalidEmailValidation()[pri:48, instance:org.test.TeamModule@1e04fa0a]" started-at="2022-09-29T10:42:34 IST" name="invalidEmailValidation" finished-at="2022-09-29T10:42:34 IST" duration-ms="268" status="PASS">
          <reporter-output>
          </reporter-output>
        </test-method> <!-- invalidEmailValidation -->
        <test-method signature="minValidatonPhoneNumber()[pri:49, instance:org.test.TeamModule@1e04fa0a]" started-at="2022-09-29T10:42:34 IST" name="minValidatonPhoneNumber" finished-at="2022-09-29T10:42:34 IST" duration-ms="404" status="PASS">
          <reporter-output>
          </reporter-output>
        </test-method> <!-- minValidatonPhoneNumber -->
        <test-method signature="maxValidatonPhoneNumber()[pri:50, instance:org.test.TeamModule@1e04fa0a]" started-at="2022-09-29T10:42:34 IST" name="maxValidatonPhoneNumber" finished-at="2022-09-29T10:42:35 IST" duration-ms="617" status="PASS">
          <reporter-output>
          </reporter-output>
        </test-method> <!-- maxValidatonPhoneNumber -->
        <test-method signature="maxValidationLocationName()[pri:51, instance:org.test.TeamModule@1e04fa0a]" started-at="2022-09-29T10:42:35 IST" name="maxValidationLocationName" finished-at="2022-09-29T10:42:36 IST" duration-ms="1145" status="PASS">
          <reporter-output>
          </reporter-output>
        </test-method> <!-- maxValidationLocationName -->
        <test-method signature="maxValidationAddress1()[pri:52, instance:org.test.TeamModule@1e04fa0a]" started-at="2022-09-29T10:42:36 IST" name="maxValidationAddress1" finished-at="2022-09-29T10:42:37 IST" duration-ms="1040" status="PASS">
          <reporter-output>
          </reporter-output>
        </test-method> <!-- maxValidationAddress1 -->
        <test-method signature="maxValidationAddress2()[pri:53, instance:org.test.TeamModule@1e04fa0a]" started-at="2022-09-29T10:42:37 IST" name="maxValidationAddress2" finished-at="2022-09-29T10:42:38 IST" duration-ms="1091" status="PASS">
          <reporter-output>
          </reporter-output>
        </test-method> <!-- maxValidationAddress2 -->
        <test-method signature="maxValidationState()[pri:54, instance:org.test.TeamModule@1e04fa0a]" started-at="2022-09-29T10:42:38 IST" name="maxValidationState" finished-at="2022-09-29T10:42:39 IST" duration-ms="1072" status="PASS">
          <reporter-output>
          </reporter-output>
        </test-method> <!-- maxValidationState -->
        <test-method signature="maxValidationCity()[pri:55, instance:org.test.TeamModule@1e04fa0a]" started-at="2022-09-29T10:42:39 IST" name="maxValidationCity" finished-at="2022-09-29T10:42:40 IST" duration-ms="1003" status="PASS">
          <reporter-output>
          </reporter-output>
        </test-method> <!-- maxValidationCity -->
        <test-method signature="minValidationZipcode()[pri:56, instance:org.test.TeamModule@1e04fa0a]" started-at="2022-09-29T10:42:40 IST" name="minValidationZipcode" finished-at="2022-09-29T10:42:41 IST" duration-ms="181" status="PASS">
          <reporter-output>
          </reporter-output>
        </test-method> <!-- minValidationZipcode -->
        <test-method signature="specialCharacterValidationContractorZipcode()[pri:57, instance:org.test.TeamModule@1e04fa0a]" started-at="2022-09-29T10:42:41 IST" name="specialCharacterValidationContractorZipcode" finished-at="2022-09-29T10:42:41 IST" duration-ms="383" status="PASS">
          <reporter-output>
          </reporter-output>
        </test-method> <!-- specialCharacterValidationContractorZipcode -->
        <test-method signature="specialCharacterValidationZipcode()[pri:57, instance:org.test.TeamModule@1e04fa0a]" started-at="2022-09-29T10:42:41 IST" name="specialCharacterValidationZipcode" finished-at="2022-09-29T10:42:41 IST" duration-ms="301" status="PASS">
          <reporter-output>
          </reporter-output>
        </test-method> <!-- specialCharacterValidationZipcode -->
        <test-method signature="maxValidationZipcode()[pri:58, instance:org.test.TeamModule@1e04fa0a]" started-at="2022-09-29T10:42:41 IST" name="maxValidationZipcode" finished-at="2022-09-29T10:42:42 IST" duration-ms="537" status="PASS">
          <reporter-output>
          </reporter-output>
        </test-method> <!-- maxValidationZipcode -->
        <test-method signature="userCreate()[pri:59, instance:org.test.TeamModule@1e04fa0a]" started-at="2022-09-29T10:42:42 IST" name="userCreate" finished-at="2022-09-29T10:42:50 IST" duration-ms="7805" status="PASS">
          <reporter-output>
          </reporter-output>
        </test-method> <!-- userCreate -->
        <test-method signature="createdListName()[pri:60, instance:org.test.TeamModule@1e04fa0a]" started-at="2022-09-29T10:42:50 IST" name="createdListName" finished-at="2022-09-29T10:42:52 IST" duration-ms="2179" status="PASS">
          <reporter-output>
          </reporter-output>
        </test-method> <!-- createdListName -->
        <test-method signature="alreadyExistedMailValidation()[pri:61, instance:org.test.TeamModule@1e04fa0a]" started-at="2022-09-29T10:42:52 IST" name="alreadyExistedMailValidation" finished-at="2022-09-29T10:42:56 IST" duration-ms="4299" status="PASS">
          <reporter-output>
          </reporter-output>
        </test-method> <!-- alreadyExistedMailValidation -->
        <test-method signature="searchNameValidation()[pri:62, instance:org.test.TeamModule@1e04fa0a]" started-at="2022-09-29T10:42:56 IST" name="searchNameValidation" finished-at="2022-09-29T10:43:08 IST" duration-ms="11851" status="PASS">
          <reporter-output>
          </reporter-output>
        </test-method> <!-- searchNameValidation -->
        <test-method signature="searchPhoneNumberValidation()[pri:63, instance:org.test.TeamModule@1e04fa0a]" started-at="2022-09-29T10:43:08 IST" name="searchPhoneNumberValidation" finished-at="2022-09-29T10:43:20 IST" duration-ms="12011" status="PASS">
          <reporter-output>
          </reporter-output>
        </test-method> <!-- searchPhoneNumberValidation -->
        <test-method signature="searchEmailValidation()[pri:64, instance:org.test.TeamModule@1e04fa0a]" started-at="2022-09-29T10:43:20 IST" name="searchEmailValidation" finished-at="2022-09-29T10:43:32 IST" duration-ms="11660" status="PASS">
          <reporter-output>
          </reporter-output>
        </test-method> <!-- searchEmailValidation -->
        <test-method signature="invalidDataValidation()[pri:65, instance:org.test.TeamModule@1e04fa0a]" started-at="2022-09-29T10:43:32 IST" name="invalidDataValidation" finished-at="2022-09-29T10:43:43 IST" duration-ms="11652" status="PASS">
          <reporter-output>
          </reporter-output>
        </test-method> <!-- invalidDataValidation -->
        <test-method signature="landingOnEditForm()[pri:66, instance:org.test.TeamModule@1e04fa0a]" started-at="2022-09-29T10:43:43 IST" name="landingOnEditForm" finished-at="2022-09-29T10:43:45 IST" duration-ms="2112" status="PASS">
          <reporter-output>
          </reporter-output>
        </test-method> <!-- landingOnEditForm -->
        <test-method signature="editUserDetails()[pri:67, instance:org.test.TeamModule@1e04fa0a]" started-at="2022-09-29T10:43:45 IST" name="editUserDetails" finished-at="2022-09-29T10:43:51 IST" duration-ms="6093" status="PASS">
          <reporter-output>
          </reporter-output>
        </test-method> <!-- editUserDetails -->
        <test-method signature="deleteUserDetails()[pri:68, instance:org.test.TeamModule@1e04fa0a]" started-at="2022-09-29T10:43:51 IST" name="deleteUserDetails" finished-at="2022-09-29T10:43:55 IST" duration-ms="3318" status="PASS">
          <reporter-output>
          </reporter-output>
        </test-method> <!-- deleteUserDetails -->
        <test-method signature="landingContractorFormPage()[pri:69, instance:org.test.TeamModule@1e04fa0a]" started-at="2022-09-29T10:43:55 IST" name="landingContractorFormPage" finished-at="2022-09-29T10:43:56 IST" duration-ms="1557" status="PASS">
          <reporter-output>
          </reporter-output>
        </test-method> <!-- landingContractorFormPage -->
        <test-method signature="contractorMaximumSizeLogoValidation()[pri:70, instance:org.test.TeamModule@1e04fa0a]" started-at="2022-09-29T10:43:56 IST" name="contractorMaximumSizeLogoValidation" finished-at="2022-09-29T10:43:58 IST" duration-ms="1771" status="PASS">
          <reporter-output>
          </reporter-output>
        </test-method> <!-- contractorMaximumSizeLogoValidation -->
        <test-method signature="fileFormatValidations()[pri:71, instance:org.test.TeamModule@1e04fa0a]" started-at="2022-09-29T10:43:58 IST" name="fileFormatValidations" finished-at="2022-09-29T10:44:00 IST" duration-ms="1931" status="PASS">
          <reporter-output>
          </reporter-output>
        </test-method> <!-- fileFormatValidations -->
        <test-method signature="mandatoryValidationContractorFirstNameField()[pri:72, instance:org.test.TeamModule@1e04fa0a]" started-at="2022-09-29T10:44:00 IST" name="mandatoryValidationContractorFirstNameField" finished-at="2022-09-29T10:44:00 IST" duration-ms="468" status="PASS">
          <reporter-output>
          </reporter-output>
        </test-method> <!-- mandatoryValidationContractorFirstNameField -->
        <test-method signature="mandatoryValidationContractorEmailField()[pri:73, instance:org.test.TeamModule@1e04fa0a]" started-at="2022-09-29T10:44:00 IST" name="mandatoryValidationContractorEmailField" finished-at="2022-09-29T10:44:01 IST" duration-ms="398" status="PASS">
          <reporter-output>
          </reporter-output>
        </test-method> <!-- mandatoryValidationContractorEmailField -->
        <test-method signature="mandatoryOrganizationName()[pri:74, instance:org.test.TeamModule@1e04fa0a]" started-at="2022-09-29T10:44:01 IST" name="mandatoryOrganizationName" finished-at="2022-09-29T10:44:02 IST" duration-ms="967" status="PASS">
          <reporter-output>
          </reporter-output>
        </test-method> <!-- mandatoryOrganizationName -->
        <test-method signature="maxValidationContractorFirstNameField()[pri:75, instance:org.test.TeamModule@1e04fa0a]" started-at="2022-09-29T10:44:02 IST" name="maxValidationContractorFirstNameField" finished-at="2022-09-29T10:44:03 IST" duration-ms="1262" status="PASS">
          <reporter-output>
          </reporter-output>
        </test-method> <!-- maxValidationContractorFirstNameField -->
        <test-method signature="maxValidationContractorLastNameField()[pri:76, instance:org.test.TeamModule@1e04fa0a]" started-at="2022-09-29T10:44:03 IST" name="maxValidationContractorLastNameField" finished-at="2022-09-29T10:44:04 IST" duration-ms="1041" status="PASS">
          <reporter-output>
          </reporter-output>
        </test-method> <!-- maxValidationContractorLastNameField -->
        <test-method signature="invalidContractorEmailValidation()[pri:77, instance:org.test.TeamModule@1e04fa0a]" started-at="2022-09-29T10:44:04 IST" name="invalidContractorEmailValidation" finished-at="2022-09-29T10:44:04 IST" duration-ms="296" status="PASS">
          <reporter-output>
          </reporter-output>
        </test-method> <!-- invalidContractorEmailValidation -->
        <test-method signature="maxValidationContractorEmailFields()[pri:78, instance:org.test.TeamModule@1e04fa0a]" started-at="2022-09-29T10:44:04 IST" name="maxValidationContractorEmailFields" finished-at="2022-09-29T10:44:06 IST" duration-ms="1133" status="PASS">
          <reporter-output>
          </reporter-output>
        </test-method> <!-- maxValidationContractorEmailFields -->
        <test-method signature="minValidatonContractorPhoneNumber()[pri:79, instance:org.test.TeamModule@1e04fa0a]" started-at="2022-09-29T10:44:06 IST" name="minValidatonContractorPhoneNumber" finished-at="2022-09-29T10:44:06 IST" duration-ms="461" status="PASS">
          <reporter-output>
          </reporter-output>
        </test-method> <!-- minValidatonContractorPhoneNumber -->
        <test-method signature="maxValidatonContractorPhoneNumber()[pri:80, instance:org.test.TeamModule@1e04fa0a]" started-at="2022-09-29T10:44:06 IST" name="maxValidatonContractorPhoneNumber" finished-at="2022-09-29T10:44:07 IST" duration-ms="595" status="PASS">
          <reporter-output>
          </reporter-output>
        </test-method> <!-- maxValidatonContractorPhoneNumber -->
        <test-method signature="maxValidationContractorLocationName()[pri:81, instance:org.test.TeamModule@1e04fa0a]" started-at="2022-09-29T10:44:07 IST" name="maxValidationContractorLocationName" finished-at="2022-09-29T10:44:08 IST" duration-ms="1184" status="PASS">
          <reporter-output>
          </reporter-output>
        </test-method> <!-- maxValidationContractorLocationName -->
        <test-method signature="maxValidationContractorAddress1()[pri:82, instance:org.test.TeamModule@1e04fa0a]" started-at="2022-09-29T10:44:08 IST" name="maxValidationContractorAddress1" finished-at="2022-09-29T10:44:09 IST" duration-ms="1031" status="PASS">
          <reporter-output>
          </reporter-output>
        </test-method> <!-- maxValidationContractorAddress1 -->
        <test-method signature="maxValidationContractorAddress2()[pri:83, instance:org.test.TeamModule@1e04fa0a]" started-at="2022-09-29T10:44:09 IST" name="maxValidationContractorAddress2" finished-at="2022-09-29T10:44:10 IST" duration-ms="1034" status="PASS">
          <reporter-output>
          </reporter-output>
        </test-method> <!-- maxValidationContractorAddress2 -->
        <test-method signature="maxValidationContractorState()[pri:84, instance:org.test.TeamModule@1e04fa0a]" started-at="2022-09-29T10:44:10 IST" name="maxValidationContractorState" finished-at="2022-09-29T10:44:11 IST" duration-ms="1049" status="PASS">
          <reporter-output>
          </reporter-output>
        </test-method> <!-- maxValidationContractorState -->
        <test-method signature="maxValidationContractorCity()[pri:85, instance:org.test.TeamModule@1e04fa0a]" started-at="2022-09-29T10:44:11 IST" name="maxValidationContractorCity" finished-at="2022-09-29T10:44:12 IST" duration-ms="1017" status="PASS">
          <reporter-output>
          </reporter-output>
        </test-method> <!-- maxValidationContractorCity -->
        <test-method signature="minValidationContractorZipcode()[pri:86, instance:org.test.TeamModule@1e04fa0a]" started-at="2022-09-29T10:44:12 IST" name="minValidationContractorZipcode" finished-at="2022-09-29T10:44:12 IST" duration-ms="197" status="PASS">
          <reporter-output>
          </reporter-output>
        </test-method> <!-- minValidationContractorZipcode -->
        <test-method signature="maxValidationContractorZipcode()[pri:88, instance:org.test.TeamModule@1e04fa0a]" started-at="2022-09-29T10:44:12 IST" name="maxValidationContractorZipcode" finished-at="2022-09-29T10:44:13 IST" duration-ms="350" status="PASS">
          <reporter-output>
          </reporter-output>
        </test-method> <!-- maxValidationContractorZipcode -->
        <test-method signature="userContractorCreate()[pri:89, instance:org.test.TeamModule@1e04fa0a]" started-at="2022-09-29T10:44:13 IST" name="userContractorCreate" finished-at="2022-09-29T10:44:20 IST" duration-ms="7116" status="PASS">
          <reporter-output>
          </reporter-output>
        </test-method> <!-- userContractorCreate -->
        <test-method signature="createdContractorListName()[pri:90, instance:org.test.TeamModule@1e04fa0a]" started-at="2022-09-29T10:44:20 IST" name="createdContractorListName" finished-at="2022-09-29T10:44:22 IST" duration-ms="2580" status="PASS">
          <reporter-output>
          </reporter-output>
        </test-method> <!-- createdContractorListName -->
        <test-method signature="alreadyExistedContractorMailValidation()[pri:91, instance:org.test.TeamModule@1e04fa0a]" started-at="2022-09-29T10:44:22 IST" name="alreadyExistedContractorMailValidation" finished-at="2022-09-29T10:44:28 IST" duration-ms="5750" status="PASS">
          <reporter-output>
          </reporter-output>
        </test-method> <!-- alreadyExistedContractorMailValidation -->
        <test-method signature="searchContractorNameValidation()[pri:92, instance:org.test.TeamModule@1e04fa0a]" started-at="2022-09-29T10:44:28 IST" name="searchContractorNameValidation" finished-at="2022-09-29T10:44:40 IST" duration-ms="12143" status="PASS">
          <reporter-output>
          </reporter-output>
        </test-method> <!-- searchContractorNameValidation -->
        <test-method signature="searchContractorPhoneNumberValidation()[pri:93, instance:org.test.TeamModule@1e04fa0a]" started-at="2022-09-29T10:44:40 IST" name="searchContractorPhoneNumberValidation" finished-at="2022-09-29T10:44:52 IST" duration-ms="12091" status="PASS">
          <reporter-output>
          </reporter-output>
        </test-method> <!-- searchContractorPhoneNumberValidation -->
        <test-method signature="searchContractorEmailValidation()[pri:94, instance:org.test.TeamModule@1e04fa0a]" started-at="2022-09-29T10:44:52 IST" name="searchContractorEmailValidation" finished-at="2022-09-29T10:45:05 IST" duration-ms="12553" status="PASS">
          <reporter-output>
          </reporter-output>
        </test-method> <!-- searchContractorEmailValidation -->
        <test-method signature="filterByCompany()[pri:95, instance:org.test.TeamModule@1e04fa0a]" started-at="2022-09-29T10:45:05 IST" name="filterByCompany" finished-at="2022-09-29T10:45:07 IST" duration-ms="1820" status="PASS">
          <reporter-output>
          </reporter-output>
        </test-method> <!-- filterByCompany -->
        <test-method signature="invalidDatasValidation()[pri:96, instance:org.test.TeamModule@1e04fa0a]" started-at="2022-09-29T10:45:07 IST" name="invalidDatasValidation" finished-at="2022-09-29T10:45:19 IST" duration-ms="12183" status="PASS">
          <reporter-output>
          </reporter-output>
        </test-method> <!-- invalidDatasValidation -->
        <test-method signature="landingOnContractorEditForm()[pri:97, instance:org.test.TeamModule@1e04fa0a]" started-at="2022-09-29T10:45:19 IST" name="landingOnContractorEditForm" finished-at="2022-09-29T10:45:21 IST" duration-ms="2644" status="PASS">
          <reporter-output>
          </reporter-output>
        </test-method> <!-- landingOnContractorEditForm -->
        <test-method signature="editContractorDetail()[pri:98, instance:org.test.TeamModule@1e04fa0a]" started-at="2022-09-29T10:45:21 IST" name="editContractorDetail" finished-at="2022-09-29T10:45:30 IST" duration-ms="8655" status="PASS">
          <reporter-output>
          </reporter-output>
        </test-method> <!-- editContractorDetail -->
        <test-method signature="deleteContractorDetail()[pri:99, instance:org.test.TeamModule@1e04fa0a]" started-at="2022-09-29T10:45:30 IST" name="deleteContractorDetail" finished-at="2022-09-29T10:45:34 IST" duration-ms="3729" status="PASS">
          <reporter-output>
          </reporter-output>
        </test-method> <!-- deleteContractorDetail -->
        <test-method signature="landOnSendInvitePage()[pri:100, instance:org.test.TeamModule@1e04fa0a]" started-at="2022-09-29T10:45:34 IST" name="landOnSendInvitePage" finished-at="2022-09-29T10:45:35 IST" duration-ms="1015" status="PASS">
          <reporter-output>
          </reporter-output>
        </test-method> <!-- landOnSendInvitePage -->
        <test-method signature="verifyEmailRequired()[pri:101, instance:org.test.TeamModule@1e04fa0a]" started-at="2022-09-29T10:45:35 IST" name="verifyEmailRequired" finished-at="2022-09-29T10:45:35 IST" duration-ms="230" status="PASS">
          <reporter-output>
          </reporter-output>
        </test-method> <!-- verifyEmailRequired -->
        <test-method signature="verfiyEmailFormat()[pri:103, instance:org.test.TeamModule@1e04fa0a]" started-at="2022-09-29T10:45:35 IST" name="verfiyEmailFormat" finished-at="2022-09-29T10:45:37 IST" duration-ms="2332" status="PASS">
          <reporter-output>
          </reporter-output>
        </test-method> <!-- verfiyEmailFormat -->
        <test-method signature="verifyFirstName()[pri:104, instance:org.test.TeamModule@1e04fa0a]" started-at="2022-09-29T10:45:37 IST" name="verifyFirstName" finished-at="2022-09-29T10:45:38 IST" duration-ms="298" status="PASS">
          <reporter-output>
          </reporter-output>
        </test-method> <!-- verifyFirstName -->
        <test-method signature="verifyFirstNamewithBlankSpace()[pri:105, instance:org.test.TeamModule@1e04fa0a]" started-at="2022-09-29T10:45:38 IST" name="verifyFirstNamewithBlankSpace" finished-at="2022-09-29T10:45:41 IST" duration-ms="3019" status="PASS">
          <reporter-output>
          </reporter-output>
        </test-method> <!-- verifyFirstNamewithBlankSpace -->
        <test-method signature="verifyUserEnterMessage()[pri:106, instance:org.test.TeamModule@1e04fa0a]" started-at="2022-09-29T10:45:41 IST" name="verifyUserEnterMessage" finished-at="2022-09-29T10:45:42 IST" duration-ms="1001" status="PASS">
          <reporter-output>
          </reporter-output>
        </test-method> <!-- verifyUserEnterMessage -->
        <test-method signature="verfiyAddMoreButton()[pri:107, instance:org.test.TeamModule@1e04fa0a]" started-at="2022-09-29T10:45:42 IST" name="verfiyAddMoreButton" finished-at="2022-09-29T10:45:42 IST" duration-ms="224" status="PASS">
          <reporter-output>
          </reporter-output>
        </test-method> <!-- verfiyAddMoreButton -->
        <test-method signature="verifyUserSendInvite()[pri:109, instance:org.test.TeamModule@1e04fa0a]" started-at="2022-09-29T10:45:42 IST" name="verifyUserSendInvite" finished-at="2022-09-29T10:45:49 IST" duration-ms="6699" status="PASS">
          <reporter-output>
          </reporter-output>
        </test-method> <!-- verifyUserSendInvite -->
        <test-method is-config="true" signature="exitBrowser()[pri:0, instance:org.test.TeamModule@1e04fa0a]" started-at="2022-09-29T10:45:49 IST" name="exitBrowser" finished-at="2022-09-29T10:45:49 IST" duration-ms="437" status="PASS">
          <reporter-output>
          </reporter-output>
        </test-method> <!-- exitBrowser -->
      </class> <!-- org.test.TeamModule -->
      <class name="org.test.OnBoardingModule">
        <test-method is-config="true" signature="setup()[pri:0, instance:org.test.OnBoardingModule@48f278eb]" started-at="2022-09-29T10:39:48 IST" name="setup" finished-at="2022-09-29T10:39:50 IST" duration-ms="1537" status="PASS">
          <reporter-output>
          </reporter-output>
        </test-method> <!-- setup -->
        <test-method signature="LaunchingOnBoarding()[pri:0, instance:org.test.OnBoardingModule@48f278eb]" started-at="2022-09-29T10:39:50 IST" name="LaunchingOnBoarding" finished-at="2022-09-29T10:39:52 IST" duration-ms="2248" status="PASS">
          <reporter-output>
          </reporter-output>
        </test-method> <!-- LaunchingOnBoarding -->
        <test-method signature="mandatoryFieldValidation()[pri:1, instance:org.test.OnBoardingModule@48f278eb]" started-at="2022-09-29T10:39:52 IST" name="mandatoryFieldValidation" finished-at="2022-09-29T10:39:53 IST" duration-ms="861" status="PASS">
          <reporter-output>
          </reporter-output>
        </test-method> <!-- mandatoryFieldValidation -->
        <test-method signature="alreadyBussinessNameValidation()[pri:2, instance:org.test.OnBoardingModule@48f278eb]" started-at="2022-09-29T10:39:53 IST" name="alreadyBussinessNameValidation" finished-at="2022-09-29T10:39:54 IST" duration-ms="850" status="PASS">
          <reporter-output>
          </reporter-output>
        </test-method> <!-- alreadyBussinessNameValidation -->
        <test-method signature="maximumValidationBussinessName()[pri:3, instance:org.test.OnBoardingModule@48f278eb]" started-at="2022-09-29T10:39:54 IST" name="maximumValidationBussinessName" finished-at="2022-09-29T10:39:55 IST" duration-ms="783" status="PASS">
          <reporter-output>
          </reporter-output>
        </test-method> <!-- maximumValidationBussinessName -->
        <test-method signature="maximumValidationBussinessWebSite()[pri:4, instance:org.test.OnBoardingModule@48f278eb]" started-at="2022-09-29T10:39:55 IST" name="maximumValidationBussinessWebSite" finished-at="2022-09-29T10:39:58 IST" duration-ms="3567" status="PASS">
          <reporter-output>
          </reporter-output>
        </test-method> <!-- maximumValidationBussinessWebSite -->
        <test-method signature="maximumValidationFirstName()[pri:5, instance:org.test.OnBoardingModule@48f278eb]" started-at="2022-09-29T10:39:58 IST" name="maximumValidationFirstName" finished-at="2022-09-29T10:39:59 IST" duration-ms="797" status="PASS">
          <reporter-output>
          </reporter-output>
        </test-method> <!-- maximumValidationFirstName -->
        <test-method signature="maximumValidationLastName()[pri:6, instance:org.test.OnBoardingModule@48f278eb]" started-at="2022-09-29T10:39:59 IST" name="maximumValidationLastName" finished-at="2022-09-29T10:40:00 IST" duration-ms="798" status="PASS">
          <reporter-output>
          </reporter-output>
        </test-method> <!-- maximumValidationLastName -->
        <test-method signature="maximumValidationEmail()[pri:7, instance:org.test.OnBoardingModule@48f278eb]" started-at="2022-09-29T10:40:00 IST" name="maximumValidationEmail" finished-at="2022-09-29T10:40:01 IST" duration-ms="815" status="PASS">
          <reporter-output>
          </reporter-output>
        </test-method> <!-- maximumValidationEmail -->
        <test-method signature="validateEmailFormat()[pri:8, instance:org.test.OnBoardingModule@48f278eb]" started-at="2022-09-29T10:40:01 IST" name="validateEmailFormat" finished-at="2022-09-29T10:40:01 IST" duration-ms="825" status="PASS">
          <reporter-output>
          </reporter-output>
        </test-method> <!-- validateEmailFormat -->
        <test-method signature="existingEmailValidation()[pri:9, instance:org.test.OnBoardingModule@48f278eb]" started-at="2022-09-29T10:40:01 IST" name="existingEmailValidation" finished-at="2022-09-29T10:40:03 IST" duration-ms="1193" status="PASS">
          <reporter-output>
          </reporter-output>
        </test-method> <!-- existingEmailValidation -->
        <test-method signature="correctValidationEmail()[pri:10, instance:org.test.OnBoardingModule@48f278eb]" started-at="2022-09-29T10:40:03 IST" name="correctValidationEmail" finished-at="2022-09-29T10:40:04 IST" duration-ms="1136" status="PASS">
          <reporter-output>
          </reporter-output>
        </test-method> <!-- correctValidationEmail -->
        <test-method signature="validateRadioButtonClickable()[pri:11, instance:org.test.OnBoardingModule@48f278eb]" started-at="2022-09-29T10:40:04 IST" name="validateRadioButtonClickable" finished-at="2022-09-29T10:40:07 IST" duration-ms="3184" status="PASS">
          <reporter-output>
          </reporter-output>
        </test-method> <!-- validateRadioButtonClickable -->
        <test-method signature="industryTypeFieldPresent()[pri:12, instance:org.test.OnBoardingModule@48f278eb]" started-at="2022-09-29T10:40:07 IST" name="industryTypeFieldPresent" finished-at="2022-09-29T10:40:07 IST" duration-ms="203" status="PASS">
          <reporter-output>
          </reporter-output>
        </test-method> <!-- industryTypeFieldPresent -->
        <test-method signature="maximumValidationIndustryField()[pri:13, instance:org.test.OnBoardingModule@48f278eb]" started-at="2022-09-29T10:40:07 IST" name="maximumValidationIndustryField" finished-at="2022-09-29T10:40:08 IST" duration-ms="520" status="PASS">
          <reporter-output>
          </reporter-output>
        </test-method> <!-- maximumValidationIndustryField -->
        <test-method signature="sizeCompanyValidation()[pri:14, instance:org.test.OnBoardingModule@48f278eb]" started-at="2022-09-29T10:40:08 IST" name="sizeCompanyValidation" finished-at="2022-09-29T10:40:09 IST" duration-ms="882" status="PASS">
          <reporter-output>
          </reporter-output>
        </test-method> <!-- sizeCompanyValidation -->
        <test-method signature="validationRadioButtonIntrested()[pri:15, instance:org.test.OnBoardingModule@48f278eb]" started-at="2022-09-29T10:40:09 IST" name="validationRadioButtonIntrested" finished-at="2022-09-29T10:40:10 IST" duration-ms="1137" status="PASS">
          <reporter-output>
          </reporter-output>
        </test-method> <!-- validationRadioButtonIntrested -->
        <test-method signature="passwordMandatoryField()[pri:16, instance:org.test.OnBoardingModule@48f278eb]" started-at="2022-09-29T10:40:10 IST" name="passwordMandatoryField" finished-at="2022-09-29T10:40:11 IST" duration-ms="1325" status="PASS">
          <reporter-output>
          </reporter-output>
        </test-method> <!-- passwordMandatoryField -->
        <test-method signature="minValidationPassword()[pri:17, instance:org.test.OnBoardingModule@48f278eb]" started-at="2022-09-29T10:40:11 IST" name="minValidationPassword" finished-at="2022-09-29T10:40:11 IST" duration-ms="153" status="PASS">
          <reporter-output>
          </reporter-output>
        </test-method> <!-- minValidationPassword -->
        <test-method signature="minValidationConfirmPassword()[pri:18, instance:org.test.OnBoardingModule@48f278eb]" started-at="2022-09-29T10:40:11 IST" name="minValidationConfirmPassword" finished-at="2022-09-29T10:40:11 IST" duration-ms="154" status="PASS">
          <reporter-output>
          </reporter-output>
        </test-method> <!-- minValidationConfirmPassword -->
        <test-method signature="passwordFieldConditions()[pri:19, instance:org.test.OnBoardingModule@48f278eb]" started-at="2022-09-29T10:40:11 IST" name="passwordFieldConditions" finished-at="2022-09-29T10:40:11 IST" duration-ms="135" status="PASS">
          <reporter-output>
          </reporter-output>
        </test-method> <!-- passwordFieldConditions -->
        <test-method signature="confirmPasswordFieldCondition()[pri:20, instance:org.test.OnBoardingModule@48f278eb]" started-at="2022-09-29T10:40:11 IST" name="confirmPasswordFieldCondition" finished-at="2022-09-29T10:40:12 IST" duration-ms="134" status="PASS">
          <reporter-output>
          </reporter-output>
        </test-method> <!-- confirmPasswordFieldCondition -->
        <test-method signature="lowerCaseValidation()[pri:21, instance:org.test.OnBoardingModule@48f278eb]" started-at="2022-09-29T10:40:12 IST" name="lowerCaseValidation" finished-at="2022-09-29T10:40:12 IST" duration-ms="348" status="PASS">
          <reporter-output>
          </reporter-output>
        </test-method> <!-- lowerCaseValidation -->
        <test-method signature="mismatchPassword()[pri:22, instance:org.test.OnBoardingModule@48f278eb]" started-at="2022-09-29T10:40:12 IST" name="mismatchPassword" finished-at="2022-09-29T10:40:13 IST" duration-ms="819" status="PASS">
          <reporter-output>
          </reporter-output>
        </test-method> <!-- mismatchPassword -->
        <test-method is-config="true" signature="exitBrowser()[pri:0, instance:org.test.OnBoardingModule@48f278eb]" started-at="2022-09-29T10:40:13 IST" name="exitBrowser" finished-at="2022-09-29T10:40:13 IST" duration-ms="451" status="PASS">
          <reporter-output>
          </reporter-output>
        </test-method> <!-- exitBrowser -->
      </class> <!-- org.test.OnBoardingModule -->
    </test> <!-- Test -->
  </suite> <!-- Suite -->
</testng-results>
