<?xml version="1.0" encoding="UTF-8"?>
<testng-results ignored="0" total="201" passed="177" failed="17" skipped="7">
  <reporter-output>
  </reporter-output>
  <suite started-at="2023-06-22T11:43:02 IST" name="Suite" finished-at="2023-06-22T13:28:55 IST" duration-ms="6352260">
    <groups>
    </groups>
    <test started-at="2023-06-22T11:43:02 IST" name="Test" finished-at="2023-06-22T13:28:55 IST" duration-ms="6352260">
      <class name="org.test.ServiceModule">
        <test-method is-config="true" signature="setup()[pri:0, instance:org.test.ServiceModule@21282ed8]" started-at="2023-06-22T11:57:01 IST" name="setup" finished-at="2023-06-22T11:57:02 IST" duration-ms="1057" status="PASS">
          <reporter-output>
          </reporter-output>
        </test-method> <!-- setup -->
        <test-method is-config="true" signature="deleteBeforeCatch()[pri:0, instance:org.test.ServiceModule@21282ed8]" started-at="2023-06-22T11:57:02 IST" name="deleteBeforeCatch" finished-at="2023-06-22T11:57:02 IST" duration-ms="8" status="PASS">
          <reporter-output>
          </reporter-output>
        </test-method> <!-- deleteBeforeCatch -->
        <test-method signature="loginPage()[pri:0, instance:org.test.ServiceModule@21282ed8]" started-at="2023-06-22T11:57:02 IST" name="loginPage" finished-at="2023-06-22T11:57:38 IST" duration-ms="35880" status="PASS">
          <reporter-output>
          </reporter-output>
        </test-method> <!-- loginPage -->
        <test-method is-config="true" signature="deleteAfterCatch()[pri:0, instance:org.test.ServiceModule@21282ed8]" started-at="2023-06-22T11:57:38 IST" name="deleteAfterCatch" finished-at="2023-06-22T11:57:38 IST" duration-ms="18" status="PASS">
          <reporter-output>
          </reporter-output>
        </test-method> <!-- deleteAfterCatch -->
        <test-method is-config="true" signature="deleteBeforeCatch()[pri:0, instance:org.test.ServiceModule@21282ed8]" started-at="2023-06-22T11:57:38 IST" name="deleteBeforeCatch" finished-at="2023-06-22T11:57:38 IST" duration-ms="6" status="PASS">
          <reporter-output>
          </reporter-output>
        </test-method> <!-- deleteBeforeCatch -->
        <test-method signature="settingModule()[pri:1, instance:org.test.ServiceModule@21282ed8]" started-at="2023-06-22T11:57:38 IST" name="settingModule" finished-at="2023-06-22T11:57:40 IST" duration-ms="2186" status="PASS">
          <reporter-output>
          </reporter-output>
        </test-method> <!-- settingModule -->
        <test-method is-config="true" signature="deleteAfterCatch()[pri:0, instance:org.test.ServiceModule@21282ed8]" started-at="2023-06-22T11:57:40 IST" name="deleteAfterCatch" finished-at="2023-06-22T11:57:40 IST" duration-ms="16" status="PASS">
          <reporter-output>
          </reporter-output>
        </test-method> <!-- deleteAfterCatch -->
        <test-method is-config="true" signature="deleteBeforeCatch()[pri:0, instance:org.test.ServiceModule@21282ed8]" started-at="2023-06-22T11:57:40 IST" name="deleteBeforeCatch" finished-at="2023-06-22T11:57:40 IST" duration-ms="17" status="PASS">
          <reporter-output>
          </reporter-output>
        </test-method> <!-- deleteBeforeCatch -->
        <test-method signature="createFormLabel()[pri:2, instance:org.test.ServiceModule@21282ed8]" started-at="2023-06-22T11:57:40 IST" name="createFormLabel" finished-at="2023-06-22T11:57:42 IST" duration-ms="1986" status="PASS">
          <reporter-output>
          </reporter-output>
        </test-method> <!-- createFormLabel -->
        <test-method is-config="true" signature="deleteAfterCatch()[pri:0, instance:org.test.ServiceModule@21282ed8]" started-at="2023-06-22T11:57:42 IST" name="deleteAfterCatch" finished-at="2023-06-22T11:57:42 IST" duration-ms="16" status="PASS">
          <reporter-output>
          </reporter-output>
        </test-method> <!-- deleteAfterCatch -->
        <test-method is-config="true" signature="deleteBeforeCatch()[pri:0, instance:org.test.ServiceModule@21282ed8]" started-at="2023-06-22T11:57:42 IST" name="deleteBeforeCatch" finished-at="2023-06-22T11:57:42 IST" duration-ms="15" status="PASS">
          <reporter-output>
          </reporter-output>
        </test-method> <!-- deleteBeforeCatch -->
        <test-method signature="mandatoryValidationServiceName()[pri:3, instance:org.test.ServiceModule@21282ed8]" started-at="2023-06-22T11:57:42 IST" name="mandatoryValidationServiceName" finished-at="2023-06-22T11:57:42 IST" duration-ms="249" status="PASS">
          <reporter-output>
          </reporter-output>
        </test-method> <!-- mandatoryValidationServiceName -->
        <test-method is-config="true" signature="deleteAfterCatch()[pri:0, instance:org.test.ServiceModule@21282ed8]" started-at="2023-06-22T11:57:42 IST" name="deleteAfterCatch" finished-at="2023-06-22T11:57:42 IST" duration-ms="16" status="PASS">
          <reporter-output>
          </reporter-output>
        </test-method> <!-- deleteAfterCatch -->
        <test-method is-config="true" signature="deleteBeforeCatch()[pri:0, instance:org.test.ServiceModule@21282ed8]" started-at="2023-06-22T11:57:42 IST" name="deleteBeforeCatch" finished-at="2023-06-22T11:57:42 IST" duration-ms="15" status="PASS">
          <reporter-output>
          </reporter-output>
        </test-method> <!-- deleteBeforeCatch -->
        <test-method signature="mandatoryValidationDescription()[pri:4, instance:org.test.ServiceModule@21282ed8]" started-at="2023-06-22T11:57:42 IST" name="mandatoryValidationDescription" finished-at="2023-06-22T11:57:42 IST" duration-ms="45" status="PASS">
          <reporter-output>
          </reporter-output>
        </test-method> <!-- mandatoryValidationDescription -->
        <test-method is-config="true" signature="deleteAfterCatch()[pri:0, instance:org.test.ServiceModule@21282ed8]" started-at="2023-06-22T11:57:42 IST" name="deleteAfterCatch" finished-at="2023-06-22T11:57:42 IST" duration-ms="16" status="PASS">
          <reporter-output>
          </reporter-output>
        </test-method> <!-- deleteAfterCatch -->
        <test-method is-config="true" signature="deleteBeforeCatch()[pri:0, instance:org.test.ServiceModule@21282ed8]" started-at="2023-06-22T11:57:42 IST" name="deleteBeforeCatch" finished-at="2023-06-22T11:57:42 IST" duration-ms="0" status="PASS">
          <reporter-output>
          </reporter-output>
        </test-method> <!-- deleteBeforeCatch -->
        <test-method signature="mandatoryValidationPrice()[pri:5, instance:org.test.ServiceModule@21282ed8]" started-at="2023-06-22T11:57:42 IST" name="mandatoryValidationPrice" finished-at="2023-06-22T11:57:42 IST" duration-ms="63" status="PASS">
          <reporter-output>
          </reporter-output>
        </test-method> <!-- mandatoryValidationPrice -->
        <test-method is-config="true" signature="deleteAfterCatch()[pri:0, instance:org.test.ServiceModule@21282ed8]" started-at="2023-06-22T11:57:42 IST" name="deleteAfterCatch" finished-at="2023-06-22T11:57:42 IST" duration-ms="16" status="PASS">
          <reporter-output>
          </reporter-output>
        </test-method> <!-- deleteAfterCatch -->
        <test-method is-config="true" signature="deleteBeforeCatch()[pri:0, instance:org.test.ServiceModule@21282ed8]" started-at="2023-06-22T11:57:42 IST" name="deleteBeforeCatch" finished-at="2023-06-22T11:57:42 IST" duration-ms="0" status="PASS">
          <reporter-output>
          </reporter-output>
        </test-method> <!-- deleteBeforeCatch -->
        <test-method signature="mandatoryValidationTaxName()[pri:6, instance:org.test.ServiceModule@21282ed8]" started-at="2023-06-22T11:57:42 IST" name="mandatoryValidationTaxName" finished-at="2023-06-22T11:57:43 IST" duration-ms="865" status="PASS">
          <reporter-output>
          </reporter-output>
        </test-method> <!-- mandatoryValidationTaxName -->
        <test-method is-config="true" signature="deleteAfterCatch()[pri:0, instance:org.test.ServiceModule@21282ed8]" started-at="2023-06-22T11:57:43 IST" name="deleteAfterCatch" finished-at="2023-06-22T11:57:43 IST" duration-ms="8" status="PASS">
          <reporter-output>
          </reporter-output>
        </test-method> <!-- deleteAfterCatch -->
        <test-method is-config="true" signature="deleteBeforeCatch()[pri:0, instance:org.test.ServiceModule@21282ed8]" started-at="2023-06-22T11:57:43 IST" name="deleteBeforeCatch" finished-at="2023-06-22T11:57:43 IST" duration-ms="8" status="PASS">
          <reporter-output>
          </reporter-output>
        </test-method> <!-- deleteBeforeCatch -->
        <test-method signature="mandatoryValidationTaxPercentage()[pri:7, instance:org.test.ServiceModule@21282ed8]" started-at="2023-06-22T11:57:43 IST" name="mandatoryValidationTaxPercentage" finished-at="2023-06-22T11:57:43 IST" duration-ms="69" status="PASS">
          <reporter-output>
          </reporter-output>
        </test-method> <!-- mandatoryValidationTaxPercentage -->
        <test-method is-config="true" signature="deleteAfterCatch()[pri:0, instance:org.test.ServiceModule@21282ed8]" started-at="2023-06-22T11:57:43 IST" name="deleteAfterCatch" finished-at="2023-06-22T11:57:43 IST" duration-ms="0" status="PASS">
          <reporter-output>
          </reporter-output>
        </test-method> <!-- deleteAfterCatch -->
        <test-method signature="maximumValidationServiceName()[pri:8, instance:org.test.ServiceModule@21282ed8]" started-at="2023-06-22T11:57:43 IST" name="maximumValidationServiceName" finished-at="2023-06-22T11:57:48 IST" duration-ms="5103" status="PASS">
          <reporter-output>
          </reporter-output>
        </test-method> <!-- maximumValidationServiceName -->
        <test-method is-config="true" signature="deleteBeforeCatch()[pri:0, instance:org.test.ServiceModule@21282ed8]" started-at="2023-06-22T11:57:43 IST" name="deleteBeforeCatch" finished-at="2023-06-22T11:57:43 IST" duration-ms="0" status="PASS">
          <reporter-output>
          </reporter-output>
        </test-method> <!-- deleteBeforeCatch -->
        <test-method is-config="true" signature="deleteAfterCatch()[pri:0, instance:org.test.ServiceModule@21282ed8]" started-at="2023-06-22T11:57:48 IST" name="deleteAfterCatch" finished-at="2023-06-22T11:57:48 IST" duration-ms="8" status="PASS">
          <reporter-output>
          </reporter-output>
        </test-method> <!-- deleteAfterCatch -->
        <test-method is-config="true" signature="deleteBeforeCatch()[pri:0, instance:org.test.ServiceModule@21282ed8]" started-at="2023-06-22T11:57:48 IST" name="deleteBeforeCatch" finished-at="2023-06-22T11:57:48 IST" duration-ms="8" status="PASS">
          <reporter-output>
          </reporter-output>
        </test-method> <!-- deleteBeforeCatch -->
        <test-method signature="maximumValidationDescription()[pri:10, instance:org.test.ServiceModule@21282ed8]" started-at="2023-06-22T11:57:48 IST" name="maximumValidationDescription" finished-at="2023-06-22T11:58:23 IST" duration-ms="34708" status="FAIL">
          <exception class="org.openqa.selenium.TimeoutException">
            <message>
              <![CDATA[Expected condition failed: waiting for visibility of element located by By.id: description_error (tried for 30 second(s) with 500 milliseconds interval)
Build info: version: '3.141.5', revision: 'd54ebd709a', time: '2018-11-06T11:42:16'
System info: host: 'DESKTOP-5M7AM2E', ip: '192.168.56.1', os.name: 'Windows 11', os.arch: 'amd64', os.version: '10.0', java.version: '17.0.3'
Driver info: org.openqa.selenium.chrome.ChromeDriver
Capabilities {acceptInsecureCerts: false, browserName: chrome, browserVersion: 114.0.5735.134, chrome: {chromedriverVersion: 114.0.5735.90 (386bc09e8f4f..., userDataDir: C:\Users\ZAIGOP~1\AppData\L...}, goog:chromeOptions: {debuggerAddress: localhost:64126}, javascriptEnabled: true, networkConnectionEnabled: false, pageLoadStrategy: normal, platform: WINDOWS, platformName: WINDOWS, proxy: Proxy(), setWindowRect: true, strictFileInteractability: false, timeouts: {implicit: 0, pageLoad: 300000, script: 30000}, unhandledPromptBehavior: dismiss and notify, webauthn:extension:credBlob: true, webauthn:extension:largeBlob: true, webauthn:extension:minPinLength: true, webauthn:extension:prf: true, webauthn:virtualAuthenticators: true}
Session ID: ac20b5b24ee4cc60a3e686e902cab75d]]>
            </message>
            <full-stacktrace>
              <![CDATA[org.openqa.selenium.TimeoutException: Expected condition failed: waiting for visibility of element located by By.id: description_error (tried for 30 second(s) with 500 milliseconds interval)
Build info: version: '3.141.5', revision: 'd54ebd709a', time: '2018-11-06T11:42:16'
System info: host: 'DESKTOP-5M7AM2E', ip: '192.168.56.1', os.name: 'Windows 11', os.arch: 'amd64', os.version: '10.0', java.version: '17.0.3'
Driver info: org.openqa.selenium.chrome.ChromeDriver
Capabilities {acceptInsecureCerts: false, browserName: chrome, browserVersion: 114.0.5735.134, chrome: {chromedriverVersion: 114.0.5735.90 (386bc09e8f4f..., userDataDir: C:\Users\ZAIGOP~1\AppData\L...}, goog:chromeOptions: {debuggerAddress: localhost:64126}, javascriptEnabled: true, networkConnectionEnabled: false, pageLoadStrategy: normal, platform: WINDOWS, platformName: WINDOWS, proxy: Proxy(), setWindowRect: true, strictFileInteractability: false, timeouts: {implicit: 0, pageLoad: 300000, script: 30000}, unhandledPromptBehavior: dismiss and notify, webauthn:extension:credBlob: true, webauthn:extension:largeBlob: true, webauthn:extension:minPinLength: true, webauthn:extension:prf: true, webauthn:virtualAuthenticators: true}
Session ID: ac20b5b24ee4cc60a3e686e902cab75d
at org.openqa.selenium.support.ui.WebDriverWait.timeoutException(WebDriverWait.java:95)
at org.openqa.selenium.support.ui.FluentWait.until(FluentWait.java:272)
at com.zaigo.pageobjects.ProductServicePage.getText(ProductServicePage.java:177)
at com.zaigo.pageobjects.ProductServicePage.errorFields(ProductServicePage.java:420)
at org.test.ServiceModule.maximumValidationDescription(ServiceModule.java:264)
at java.base/jdk.internal.reflect.NativeMethodAccessorImpl.invoke0(Native Method)
at java.base/jdk.internal.reflect.NativeMethodAccessorImpl.invoke(NativeMethodAccessorImpl.java:77)
at java.base/jdk.internal.reflect.DelegatingMethodAccessorImpl.invoke(DelegatingMethodAccessorImpl.java:43)
at java.base/java.lang.reflect.Method.invoke(Method.java:568)
at org.testng.internal.MethodInvocationHelper.invokeMethod(MethodInvocationHelper.java:133)
at org.testng.internal.TestInvoker.invokeMethod(TestInvoker.java:598)
at org.testng.internal.TestInvoker.invokeTestMethod(TestInvoker.java:173)
at org.testng.internal.MethodRunner.runInSequence(MethodRunner.java:46)
at org.testng.internal.TestInvoker$MethodInvocationAgent.invoke(TestInvoker.java:824)
at org.testng.internal.TestInvoker.invokeTestMethods(TestInvoker.java:146)
at org.testng.internal.TestMethodWorker.invokeTestMethods(TestMethodWorker.java:146)
at org.testng.internal.TestMethodWorker.run(TestMethodWorker.java:128)
at java.base/java.util.ArrayList.forEach(ArrayList.java:1511)
at org.testng.TestRunner.privateRun(TestRunner.java:794)
at org.testng.TestRunner.run(TestRunner.java:596)
at org.testng.SuiteRunner.runTest(SuiteRunner.java:377)
at org.testng.SuiteRunner.runSequentially(SuiteRunner.java:371)
at org.testng.SuiteRunner.privateRun(SuiteRunner.java:332)
at org.testng.SuiteRunner.run(SuiteRunner.java:276)
at org.testng.SuiteRunnerWorker.runSuite(SuiteRunnerWorker.java:53)
at org.testng.SuiteRunnerWorker.run(SuiteRunnerWorker.java:96)
at org.testng.TestNG.runSuitesSequentially(TestNG.java:1212)
at org.testng.TestNG.runSuitesLocally(TestNG.java:1134)
at org.testng.TestNG.runSuites(TestNG.java:1063)
at org.testng.TestNG.run(TestNG.java:1031)
at org.testng.remote.AbstractRemoteTestNG.run(AbstractRemoteTestNG.java:115)
at org.testng.remote.RemoteTestNG.initAndRun(RemoteTestNG.java:251)
at org.testng.remote.RemoteTestNG.main(RemoteTestNG.java:77)
]]>
            </full-stacktrace>
          </exception> <!-- org.openqa.selenium.TimeoutException -->
          <reporter-output>
          </reporter-output>
        </test-method> <!-- maximumValidationDescription -->
        <test-method is-config="true" signature="deleteAfterCatch()[pri:0, instance:org.test.ServiceModule@21282ed8]" started-at="2023-06-22T11:58:23 IST" name="deleteAfterCatch" finished-at="2023-06-22T11:58:23 IST" duration-ms="15" status="PASS">
          <reporter-output>
          </reporter-output>
        </test-method> <!-- deleteAfterCatch -->
        <test-method signature="maximumValidationPrice()[pri:11, instance:org.test.ServiceModule@21282ed8]" started-at="2023-06-22T11:58:23 IST" name="maximumValidationPrice" finished-at="2023-06-22T11:58:23 IST" duration-ms="263" status="PASS">
          <reporter-output>
          </reporter-output>
        </test-method> <!-- maximumValidationPrice -->
        <test-method is-config="true" signature="deleteBeforeCatch()[pri:0, instance:org.test.ServiceModule@21282ed8]" started-at="2023-06-22T11:58:23 IST" name="deleteBeforeCatch" finished-at="2023-06-22T11:58:23 IST" duration-ms="0" status="PASS">
          <reporter-output>
          </reporter-output>
        </test-method> <!-- deleteBeforeCatch -->
        <test-method is-config="true" signature="deleteAfterCatch()[pri:0, instance:org.test.ServiceModule@21282ed8]" started-at="2023-06-22T11:58:23 IST" name="deleteAfterCatch" finished-at="2023-06-22T11:58:23 IST" duration-ms="8" status="PASS">
          <reporter-output>
          </reporter-output>
        </test-method> <!-- deleteAfterCatch -->
        <test-method is-config="true" signature="deleteBeforeCatch()[pri:0, instance:org.test.ServiceModule@21282ed8]" started-at="2023-06-22T11:58:23 IST" name="deleteBeforeCatch" finished-at="2023-06-22T11:58:23 IST" duration-ms="8" status="PASS">
          <reporter-output>
          </reporter-output>
        </test-method> <!-- deleteBeforeCatch -->
        <test-method signature="beforeDecimalPointPriceField()[pri:12, instance:org.test.ServiceModule@21282ed8]" started-at="2023-06-22T11:58:23 IST" name="beforeDecimalPointPriceField" finished-at="2023-06-22T11:58:24 IST" duration-ms="234" status="PASS">
          <reporter-output>
          </reporter-output>
        </test-method> <!-- beforeDecimalPointPriceField -->
        <test-method is-config="true" signature="deleteAfterCatch()[pri:0, instance:org.test.ServiceModule@21282ed8]" started-at="2023-06-22T11:58:24 IST" name="deleteAfterCatch" finished-at="2023-06-22T11:58:24 IST" duration-ms="7" status="PASS">
          <reporter-output>
          </reporter-output>
        </test-method> <!-- deleteAfterCatch -->
        <test-method is-config="true" signature="deleteBeforeCatch()[pri:0, instance:org.test.ServiceModule@21282ed8]" started-at="2023-06-22T11:58:24 IST" name="deleteBeforeCatch" finished-at="2023-06-22T11:58:24 IST" duration-ms="0" status="PASS">
          <reporter-output>
          </reporter-output>
        </test-method> <!-- deleteBeforeCatch -->
        <test-method signature="afterDecimalPointPriceField()[pri:13, instance:org.test.ServiceModule@21282ed8]" started-at="2023-06-22T11:58:24 IST" name="afterDecimalPointPriceField" finished-at="2023-06-22T11:58:24 IST" duration-ms="232" status="PASS">
          <reporter-output>
          </reporter-output>
        </test-method> <!-- afterDecimalPointPriceField -->
        <test-method is-config="true" signature="deleteAfterCatch()[pri:0, instance:org.test.ServiceModule@21282ed8]" started-at="2023-06-22T11:58:24 IST" name="deleteAfterCatch" finished-at="2023-06-22T11:58:24 IST" duration-ms="8" status="PASS">
          <reporter-output>
          </reporter-output>
        </test-method> <!-- deleteAfterCatch -->
        <test-method is-config="true" signature="deleteBeforeCatch()[pri:0, instance:org.test.ServiceModule@21282ed8]" started-at="2023-06-22T11:58:24 IST" name="deleteBeforeCatch" finished-at="2023-06-22T11:58:24 IST" duration-ms="8" status="PASS">
          <reporter-output>
          </reporter-output>
        </test-method> <!-- deleteBeforeCatch -->
        <test-method signature="beforeDecimalPointTaxPercentageField()[pri:15, instance:org.test.ServiceModule@21282ed8]" started-at="2023-06-22T11:58:24 IST" name="beforeDecimalPointTaxPercentageField" finished-at="2023-06-22T11:58:24 IST" duration-ms="385" status="PASS">
          <reporter-output>
          </reporter-output>
        </test-method> <!-- beforeDecimalPointTaxPercentageField -->
        <test-method is-config="true" signature="deleteAfterCatch()[pri:0, instance:org.test.ServiceModule@21282ed8]" started-at="2023-06-22T11:58:24 IST" name="deleteAfterCatch" finished-at="2023-06-22T11:58:24 IST" duration-ms="8" status="PASS">
          <reporter-output>
          </reporter-output>
        </test-method> <!-- deleteAfterCatch -->
        <test-method signature="afterDecimalPointTaxPercentageField()[pri:16, instance:org.test.ServiceModule@21282ed8]" started-at="2023-06-22T11:58:24 IST" name="afterDecimalPointTaxPercentageField" finished-at="2023-06-22T11:58:25 IST" duration-ms="368" status="PASS">
          <reporter-output>
          </reporter-output>
        </test-method> <!-- afterDecimalPointTaxPercentageField -->
        <test-method is-config="true" signature="deleteBeforeCatch()[pri:0, instance:org.test.ServiceModule@21282ed8]" started-at="2023-06-22T11:58:24 IST" name="deleteBeforeCatch" finished-at="2023-06-22T11:58:24 IST" duration-ms="0" status="PASS">
          <reporter-output>
          </reporter-output>
        </test-method> <!-- deleteBeforeCatch -->
        <test-method is-config="true" signature="deleteAfterCatch()[pri:0, instance:org.test.ServiceModule@21282ed8]" started-at="2023-06-22T11:58:25 IST" name="deleteAfterCatch" finished-at="2023-06-22T11:58:25 IST" duration-ms="8" status="PASS">
          <reporter-output>
          </reporter-output>
        </test-method> <!-- deleteAfterCatch -->
        <test-method is-config="true" signature="deleteBeforeCatch()[pri:0, instance:org.test.ServiceModule@21282ed8]" started-at="2023-06-22T11:58:25 IST" name="deleteBeforeCatch" finished-at="2023-06-22T11:58:25 IST" duration-ms="8" status="PASS">
          <reporter-output>
          </reporter-output>
        </test-method> <!-- deleteBeforeCatch -->
        <test-method signature="createButton()[pri:17, instance:org.test.ServiceModule@21282ed8]" started-at="2023-06-22T11:58:25 IST" name="createButton" finished-at="2023-06-22T11:58:25 IST" duration-ms="248" status="PASS">
          <reporter-output>
          </reporter-output>
        </test-method> <!-- createButton -->
        <test-method is-config="true" signature="deleteAfterCatch()[pri:0, instance:org.test.ServiceModule@21282ed8]" started-at="2023-06-22T11:58:25 IST" name="deleteAfterCatch" finished-at="2023-06-22T11:58:25 IST" duration-ms="16" status="PASS">
          <reporter-output>
          </reporter-output>
        </test-method> <!-- deleteAfterCatch -->
        <test-method is-config="true" signature="deleteBeforeCatch()[pri:0, instance:org.test.ServiceModule@21282ed8]" started-at="2023-06-22T11:58:25 IST" name="deleteBeforeCatch" finished-at="2023-06-22T11:58:25 IST" duration-ms="8" status="PASS">
          <reporter-output>
          </reporter-output>
        </test-method> <!-- deleteBeforeCatch -->
        <test-method signature="createProduct()[pri:18, instance:org.test.ServiceModule@21282ed8]" started-at="2023-06-22T11:58:25 IST" name="createProduct" finished-at="2023-06-22T11:58:33 IST" duration-ms="8462" status="PASS">
          <reporter-output>
          </reporter-output>
        </test-method> <!-- createProduct -->
        <test-method is-config="true" signature="deleteAfterCatch()[pri:0, instance:org.test.ServiceModule@21282ed8]" started-at="2023-06-22T11:58:33 IST" name="deleteAfterCatch" finished-at="2023-06-22T11:58:33 IST" duration-ms="8" status="PASS">
          <reporter-output>
          </reporter-output>
        </test-method> <!-- deleteAfterCatch -->
        <test-method is-config="true" signature="deleteBeforeCatch()[pri:0, instance:org.test.ServiceModule@21282ed8]" started-at="2023-06-22T11:58:33 IST" name="deleteBeforeCatch" finished-at="2023-06-22T11:58:33 IST" duration-ms="15" status="PASS">
          <reporter-output>
          </reporter-output>
        </test-method> <!-- deleteBeforeCatch -->
        <test-method signature="editFormLabel()[pri:19, instance:org.test.ServiceModule@21282ed8]" started-at="2023-06-22T11:58:33 IST" name="editFormLabel" finished-at="2023-06-22T11:58:37 IST" duration-ms="3992" status="PASS">
          <reporter-output>
          </reporter-output>
        </test-method> <!-- editFormLabel -->
        <test-method is-config="true" signature="deleteAfterCatch()[pri:0, instance:org.test.ServiceModule@21282ed8]" started-at="2023-06-22T11:58:37 IST" name="deleteAfterCatch" finished-at="2023-06-22T11:58:37 IST" duration-ms="15" status="PASS">
          <reporter-output>
          </reporter-output>
        </test-method> <!-- deleteAfterCatch -->
        <test-method is-config="true" signature="deleteBeforeCatch()[pri:0, instance:org.test.ServiceModule@21282ed8]" started-at="2023-06-22T11:58:37 IST" name="deleteBeforeCatch" finished-at="2023-06-22T11:58:37 IST" duration-ms="8" status="PASS">
          <reporter-output>
          </reporter-output>
        </test-method> <!-- deleteBeforeCatch -->
        <test-method signature="editmandatoryValidationServiceName()[pri:20, instance:org.test.ServiceModule@21282ed8]" started-at="2023-06-22T11:58:37 IST" name="editmandatoryValidationServiceName" finished-at="2023-06-22T11:58:38 IST" duration-ms="208" status="PASS">
          <reporter-output>
          </reporter-output>
        </test-method> <!-- editmandatoryValidationServiceName -->
        <test-method is-config="true" signature="deleteAfterCatch()[pri:0, instance:org.test.ServiceModule@21282ed8]" started-at="2023-06-22T11:58:38 IST" name="deleteAfterCatch" finished-at="2023-06-22T11:58:38 IST" duration-ms="8" status="PASS">
          <reporter-output>
          </reporter-output>
        </test-method> <!-- deleteAfterCatch -->
        <test-method is-config="true" signature="deleteBeforeCatch()[pri:0, instance:org.test.ServiceModule@21282ed8]" started-at="2023-06-22T11:58:38 IST" name="deleteBeforeCatch" finished-at="2023-06-22T11:58:38 IST" duration-ms="8" status="PASS">
          <reporter-output>
          </reporter-output>
        </test-method> <!-- deleteBeforeCatch -->
        <test-method signature="editmandatoryValidationDescription()[pri:21, instance:org.test.ServiceModule@21282ed8]" started-at="2023-06-22T11:58:38 IST" name="editmandatoryValidationDescription" finished-at="2023-06-22T11:58:38 IST" duration-ms="47" status="PASS">
          <reporter-output>
          </reporter-output>
        </test-method> <!-- editmandatoryValidationDescription -->
        <test-method is-config="true" signature="deleteAfterCatch()[pri:0, instance:org.test.ServiceModule@21282ed8]" started-at="2023-06-22T11:58:38 IST" name="deleteAfterCatch" finished-at="2023-06-22T11:58:38 IST" duration-ms="15" status="PASS">
          <reporter-output>
          </reporter-output>
        </test-method> <!-- deleteAfterCatch -->
        <test-method signature="editmandatoryValidationPrice()[pri:22, instance:org.test.ServiceModule@21282ed8]" started-at="2023-06-22T11:58:38 IST" name="editmandatoryValidationPrice" finished-at="2023-06-22T11:58:38 IST" duration-ms="62" status="PASS">
          <reporter-output>
          </reporter-output>
        </test-method> <!-- editmandatoryValidationPrice -->
        <test-method is-config="true" signature="deleteBeforeCatch()[pri:0, instance:org.test.ServiceModule@21282ed8]" started-at="2023-06-22T11:58:38 IST" name="deleteBeforeCatch" finished-at="2023-06-22T11:58:38 IST" duration-ms="0" status="PASS">
          <reporter-output>
          </reporter-output>
        </test-method> <!-- deleteBeforeCatch -->
        <test-method is-config="true" signature="deleteAfterCatch()[pri:0, instance:org.test.ServiceModule@21282ed8]" started-at="2023-06-22T11:58:38 IST" name="deleteAfterCatch" finished-at="2023-06-22T11:58:38 IST" duration-ms="0" status="PASS">
          <reporter-output>
          </reporter-output>
        </test-method> <!-- deleteAfterCatch -->
        <test-method is-config="true" signature="deleteBeforeCatch()[pri:0, instance:org.test.ServiceModule@21282ed8]" started-at="2023-06-22T11:58:38 IST" name="deleteBeforeCatch" finished-at="2023-06-22T11:58:38 IST" duration-ms="16" status="PASS">
          <reporter-output>
          </reporter-output>
        </test-method> <!-- deleteBeforeCatch -->
        <test-method signature="editmandatoryValidationTaxName()[pri:23, instance:org.test.ServiceModule@21282ed8]" started-at="2023-06-22T11:58:38 IST" name="editmandatoryValidationTaxName" finished-at="2023-06-22T11:58:39 IST" duration-ms="1089" status="PASS">
          <reporter-output>
          </reporter-output>
        </test-method> <!-- editmandatoryValidationTaxName -->
        <test-method is-config="true" signature="deleteAfterCatch()[pri:0, instance:org.test.ServiceModule@21282ed8]" started-at="2023-06-22T11:58:39 IST" name="deleteAfterCatch" finished-at="2023-06-22T11:58:39 IST" duration-ms="8" status="PASS">
          <reporter-output>
          </reporter-output>
        </test-method> <!-- deleteAfterCatch -->
        <test-method is-config="true" signature="deleteBeforeCatch()[pri:0, instance:org.test.ServiceModule@21282ed8]" started-at="2023-06-22T11:58:39 IST" name="deleteBeforeCatch" finished-at="2023-06-22T11:58:39 IST" duration-ms="8" status="PASS">
          <reporter-output>
          </reporter-output>
        </test-method> <!-- deleteBeforeCatch -->
        <test-method signature="editmandatoryValidationTaxPercentage()[pri:24, instance:org.test.ServiceModule@21282ed8]" started-at="2023-06-22T11:58:39 IST" name="editmandatoryValidationTaxPercentage" finished-at="2023-06-22T11:58:39 IST" duration-ms="56" status="PASS">
          <reporter-output>
          </reporter-output>
        </test-method> <!-- editmandatoryValidationTaxPercentage -->
        <test-method is-config="true" signature="deleteAfterCatch()[pri:0, instance:org.test.ServiceModule@21282ed8]" started-at="2023-06-22T11:58:39 IST" name="deleteAfterCatch" finished-at="2023-06-22T11:58:39 IST" duration-ms="8" status="PASS">
          <reporter-output>
          </reporter-output>
        </test-method> <!-- deleteAfterCatch -->
        <test-method is-config="true" signature="deleteBeforeCatch()[pri:0, instance:org.test.ServiceModule@21282ed8]" started-at="2023-06-22T11:58:39 IST" name="deleteBeforeCatch" finished-at="2023-06-22T11:58:39 IST" duration-ms="8" status="PASS">
          <reporter-output>
          </reporter-output>
        </test-method> <!-- deleteBeforeCatch -->
        <test-method signature="editmaximumValidationProductName()[pri:25, instance:org.test.ServiceModule@21282ed8]" started-at="2023-06-22T11:58:39 IST" name="editmaximumValidationProductName" finished-at="2023-06-22T11:58:44 IST" duration-ms="5060" status="PASS">
          <reporter-output>
          </reporter-output>
        </test-method> <!-- editmaximumValidationProductName -->
        <test-method is-config="true" signature="deleteAfterCatch()[pri:0, instance:org.test.ServiceModule@21282ed8]" started-at="2023-06-22T11:58:44 IST" name="deleteAfterCatch" finished-at="2023-06-22T11:58:44 IST" duration-ms="8" status="PASS">
          <reporter-output>
          </reporter-output>
        </test-method> <!-- deleteAfterCatch -->
        <test-method is-config="true" signature="deleteBeforeCatch()[pri:0, instance:org.test.ServiceModule@21282ed8]" started-at="2023-06-22T11:58:44 IST" name="deleteBeforeCatch" finished-at="2023-06-22T11:58:44 IST" duration-ms="8" status="PASS">
          <reporter-output>
          </reporter-output>
        </test-method> <!-- deleteBeforeCatch -->
        <test-method signature="editmaximumValidationDescription()[pri:26, instance:org.test.ServiceModule@21282ed8]" started-at="2023-06-22T11:58:44 IST" name="editmaximumValidationDescription" finished-at="2023-06-22T11:59:19 IST" duration-ms="34659" status="FAIL">
          <exception class="org.openqa.selenium.TimeoutException">
            <message>
              <![CDATA[Expected condition failed: waiting for visibility of element located by By.id: description_error (tried for 30 second(s) with 500 milliseconds interval)
Build info: version: '3.141.5', revision: 'd54ebd709a', time: '2018-11-06T11:42:16'
System info: host: 'DESKTOP-5M7AM2E', ip: '192.168.56.1', os.name: 'Windows 11', os.arch: 'amd64', os.version: '10.0', java.version: '17.0.3'
Driver info: org.openqa.selenium.chrome.ChromeDriver
Capabilities {acceptInsecureCerts: false, browserName: chrome, browserVersion: 114.0.5735.134, chrome: {chromedriverVersion: 114.0.5735.90 (386bc09e8f4f..., userDataDir: C:\Users\ZAIGOP~1\AppData\L...}, goog:chromeOptions: {debuggerAddress: localhost:64126}, javascriptEnabled: true, networkConnectionEnabled: false, pageLoadStrategy: normal, platform: WINDOWS, platformName: WINDOWS, proxy: Proxy(), setWindowRect: true, strictFileInteractability: false, timeouts: {implicit: 0, pageLoad: 300000, script: 30000}, unhandledPromptBehavior: dismiss and notify, webauthn:extension:credBlob: true, webauthn:extension:largeBlob: true, webauthn:extension:minPinLength: true, webauthn:extension:prf: true, webauthn:virtualAuthenticators: true}
Session ID: ac20b5b24ee4cc60a3e686e902cab75d]]>
            </message>
            <full-stacktrace>
              <![CDATA[org.openqa.selenium.TimeoutException: Expected condition failed: waiting for visibility of element located by By.id: description_error (tried for 30 second(s) with 500 milliseconds interval)
Build info: version: '3.141.5', revision: 'd54ebd709a', time: '2018-11-06T11:42:16'
System info: host: 'DESKTOP-5M7AM2E', ip: '192.168.56.1', os.name: 'Windows 11', os.arch: 'amd64', os.version: '10.0', java.version: '17.0.3'
Driver info: org.openqa.selenium.chrome.ChromeDriver
Capabilities {acceptInsecureCerts: false, browserName: chrome, browserVersion: 114.0.5735.134, chrome: {chromedriverVersion: 114.0.5735.90 (386bc09e8f4f..., userDataDir: C:\Users\ZAIGOP~1\AppData\L...}, goog:chromeOptions: {debuggerAddress: localhost:64126}, javascriptEnabled: true, networkConnectionEnabled: false, pageLoadStrategy: normal, platform: WINDOWS, platformName: WINDOWS, proxy: Proxy(), setWindowRect: true, strictFileInteractability: false, timeouts: {implicit: 0, pageLoad: 300000, script: 30000}, unhandledPromptBehavior: dismiss and notify, webauthn:extension:credBlob: true, webauthn:extension:largeBlob: true, webauthn:extension:minPinLength: true, webauthn:extension:prf: true, webauthn:virtualAuthenticators: true}
Session ID: ac20b5b24ee4cc60a3e686e902cab75d
at org.openqa.selenium.support.ui.WebDriverWait.timeoutException(WebDriverWait.java:95)
at org.openqa.selenium.support.ui.FluentWait.until(FluentWait.java:272)
at com.zaigo.pageobjects.ProductServicePage.getText(ProductServicePage.java:177)
at com.zaigo.pageobjects.ProductServicePage.errorFields(ProductServicePage.java:420)
at org.test.ServiceModule.editmaximumValidationDescription(ServiceModule.java:650)
at java.base/jdk.internal.reflect.NativeMethodAccessorImpl.invoke0(Native Method)
at java.base/jdk.internal.reflect.NativeMethodAccessorImpl.invoke(NativeMethodAccessorImpl.java:77)
at java.base/jdk.internal.reflect.DelegatingMethodAccessorImpl.invoke(DelegatingMethodAccessorImpl.java:43)
at java.base/java.lang.reflect.Method.invoke(Method.java:568)
at org.testng.internal.MethodInvocationHelper.invokeMethod(MethodInvocationHelper.java:133)
at org.testng.internal.TestInvoker.invokeMethod(TestInvoker.java:598)
at org.testng.internal.TestInvoker.invokeTestMethod(TestInvoker.java:173)
at org.testng.internal.MethodRunner.runInSequence(MethodRunner.java:46)
at org.testng.internal.TestInvoker$MethodInvocationAgent.invoke(TestInvoker.java:824)
at org.testng.internal.TestInvoker.invokeTestMethods(TestInvoker.java:146)
at org.testng.internal.TestMethodWorker.invokeTestMethods(TestMethodWorker.java:146)
at org.testng.internal.TestMethodWorker.run(TestMethodWorker.java:128)
at java.base/java.util.ArrayList.forEach(ArrayList.java:1511)
at org.testng.TestRunner.privateRun(TestRunner.java:794)
at org.testng.TestRunner.run(TestRunner.java:596)
at org.testng.SuiteRunner.runTest(SuiteRunner.java:377)
at org.testng.SuiteRunner.runSequentially(SuiteRunner.java:371)
at org.testng.SuiteRunner.privateRun(SuiteRunner.java:332)
at org.testng.SuiteRunner.run(SuiteRunner.java:276)
at org.testng.SuiteRunnerWorker.runSuite(SuiteRunnerWorker.java:53)
at org.testng.SuiteRunnerWorker.run(SuiteRunnerWorker.java:96)
at org.testng.TestNG.runSuitesSequentially(TestNG.java:1212)
at org.testng.TestNG.runSuitesLocally(TestNG.java:1134)
at org.testng.TestNG.runSuites(TestNG.java:1063)
at org.testng.TestNG.run(TestNG.java:1031)
at org.testng.remote.AbstractRemoteTestNG.run(AbstractRemoteTestNG.java:115)
at org.testng.remote.RemoteTestNG.initAndRun(RemoteTestNG.java:251)
at org.testng.remote.RemoteTestNG.main(RemoteTestNG.java:77)
]]>
            </full-stacktrace>
          </exception> <!-- org.openqa.selenium.TimeoutException -->
          <reporter-output>
          </reporter-output>
        </test-method> <!-- editmaximumValidationDescription -->
        <test-method is-config="true" signature="deleteBeforeCatch()[pri:0, instance:org.test.ServiceModule@21282ed8]" started-at="2023-06-22T11:59:19 IST" name="deleteBeforeCatch" finished-at="2023-06-22T11:59:19 IST" duration-ms="15" status="PASS">
          <reporter-output>
          </reporter-output>
        </test-method> <!-- deleteBeforeCatch -->
        <test-method is-config="true" signature="deleteAfterCatch()[pri:0, instance:org.test.ServiceModule@21282ed8]" started-at="2023-06-22T11:59:19 IST" name="deleteAfterCatch" finished-at="2023-06-22T11:59:19 IST" duration-ms="0" status="PASS">
          <reporter-output>
          </reporter-output>
        </test-method> <!-- deleteAfterCatch -->
        <test-method signature="editmaximumValidationPrice()[pri:27, instance:org.test.ServiceModule@21282ed8]" started-at="2023-06-22T11:59:19 IST" name="editmaximumValidationPrice" finished-at="2023-06-22T11:59:19 IST" duration-ms="246" status="PASS">
          <reporter-output>
          </reporter-output>
        </test-method> <!-- editmaximumValidationPrice -->
        <test-method is-config="true" signature="deleteAfterCatch()[pri:0, instance:org.test.ServiceModule@21282ed8]" started-at="2023-06-22T11:59:19 IST" name="deleteAfterCatch" finished-at="2023-06-22T11:59:19 IST" duration-ms="8" status="PASS">
          <reporter-output>
          </reporter-output>
        </test-method> <!-- deleteAfterCatch -->
        <test-method is-config="true" signature="deleteBeforeCatch()[pri:0, instance:org.test.ServiceModule@21282ed8]" started-at="2023-06-22T11:59:19 IST" name="deleteBeforeCatch" finished-at="2023-06-22T11:59:19 IST" duration-ms="8" status="PASS">
          <reporter-output>
          </reporter-output>
        </test-method> <!-- deleteBeforeCatch -->
        <test-method signature="editbeforeDecimalPointPriceField()[pri:28, instance:org.test.ServiceModule@21282ed8]" started-at="2023-06-22T11:59:19 IST" name="editbeforeDecimalPointPriceField" finished-at="2023-06-22T11:59:19 IST" duration-ms="256" status="PASS">
          <reporter-output>
          </reporter-output>
        </test-method> <!-- editbeforeDecimalPointPriceField -->
        <test-method is-config="true" signature="deleteAfterCatch()[pri:0, instance:org.test.ServiceModule@21282ed8]" started-at="2023-06-22T11:59:19 IST" name="deleteAfterCatch" finished-at="2023-06-22T11:59:19 IST" duration-ms="8" status="PASS">
          <reporter-output>
          </reporter-output>
        </test-method> <!-- deleteAfterCatch -->
        <test-method is-config="true" signature="deleteBeforeCatch()[pri:0, instance:org.test.ServiceModule@21282ed8]" started-at="2023-06-22T11:59:19 IST" name="deleteBeforeCatch" finished-at="2023-06-22T11:59:19 IST" duration-ms="8" status="PASS">
          <reporter-output>
          </reporter-output>
        </test-method> <!-- deleteBeforeCatch -->
        <test-method signature="editafterDecimalPointPriceField()[pri:29, instance:org.test.ServiceModule@21282ed8]" started-at="2023-06-22T11:59:19 IST" name="editafterDecimalPointPriceField" finished-at="2023-06-22T11:59:19 IST" duration-ms="216" status="PASS">
          <reporter-output>
          </reporter-output>
        </test-method> <!-- editafterDecimalPointPriceField -->
        <test-method is-config="true" signature="deleteAfterCatch()[pri:0, instance:org.test.ServiceModule@21282ed8]" started-at="2023-06-22T11:59:19 IST" name="deleteAfterCatch" finished-at="2023-06-22T11:59:19 IST" duration-ms="12" status="PASS">
          <reporter-output>
          </reporter-output>
        </test-method> <!-- deleteAfterCatch -->
        <test-method is-config="true" signature="deleteBeforeCatch()[pri:0, instance:org.test.ServiceModule@21282ed8]" started-at="2023-06-22T11:59:19 IST" name="deleteBeforeCatch" finished-at="2023-06-22T11:59:19 IST" duration-ms="4" status="PASS">
          <reporter-output>
          </reporter-output>
        </test-method> <!-- deleteBeforeCatch -->
        <test-method signature="editbeforeDecimalPointTaxPercentageField()[pri:31, instance:org.test.ServiceModule@21282ed8]" started-at="2023-06-22T11:59:19 IST" name="editbeforeDecimalPointTaxPercentageField" finished-at="2023-06-22T11:59:20 IST" duration-ms="409" status="PASS">
          <reporter-output>
          </reporter-output>
        </test-method> <!-- editbeforeDecimalPointTaxPercentageField -->
        <test-method is-config="true" signature="deleteAfterCatch()[pri:0, instance:org.test.ServiceModule@21282ed8]" started-at="2023-06-22T11:59:20 IST" name="deleteAfterCatch" finished-at="2023-06-22T11:59:20 IST" duration-ms="8" status="PASS">
          <reporter-output>
          </reporter-output>
        </test-method> <!-- deleteAfterCatch -->
        <test-method is-config="true" signature="deleteBeforeCatch()[pri:0, instance:org.test.ServiceModule@21282ed8]" started-at="2023-06-22T11:59:20 IST" name="deleteBeforeCatch" finished-at="2023-06-22T11:59:20 IST" duration-ms="16" status="PASS">
          <reporter-output>
          </reporter-output>
        </test-method> <!-- deleteBeforeCatch -->
        <test-method signature="editafterDecimalPointTaxPercentageField()[pri:32, instance:org.test.ServiceModule@21282ed8]" started-at="2023-06-22T11:59:20 IST" name="editafterDecimalPointTaxPercentageField" finished-at="2023-06-22T11:59:20 IST" duration-ms="376" status="PASS">
          <reporter-output>
          </reporter-output>
        </test-method> <!-- editafterDecimalPointTaxPercentageField -->
        <test-method is-config="true" signature="deleteAfterCatch()[pri:0, instance:org.test.ServiceModule@21282ed8]" started-at="2023-06-22T11:59:20 IST" name="deleteAfterCatch" finished-at="2023-06-22T11:59:20 IST" duration-ms="8" status="PASS">
          <reporter-output>
          </reporter-output>
        </test-method> <!-- deleteAfterCatch -->
        <test-method is-config="true" signature="deleteBeforeCatch()[pri:0, instance:org.test.ServiceModule@21282ed8]" started-at="2023-06-22T11:59:20 IST" name="deleteBeforeCatch" finished-at="2023-06-22T11:59:20 IST" duration-ms="8" status="PASS">
          <reporter-output>
          </reporter-output>
        </test-method> <!-- deleteBeforeCatch -->
        <test-method signature="updateButton()[pri:33, instance:org.test.ServiceModule@21282ed8]" started-at="2023-06-22T11:59:20 IST" name="updateButton" finished-at="2023-06-22T11:59:20 IST" duration-ms="257" status="PASS">
          <reporter-output>
          </reporter-output>
        </test-method> <!-- updateButton -->
        <test-method is-config="true" signature="deleteAfterCatch()[pri:0, instance:org.test.ServiceModule@21282ed8]" started-at="2023-06-22T11:59:20 IST" name="deleteAfterCatch" finished-at="2023-06-22T11:59:20 IST" duration-ms="8" status="PASS">
          <reporter-output>
          </reporter-output>
        </test-method> <!-- deleteAfterCatch -->
        <test-method is-config="true" signature="deleteBeforeCatch()[pri:0, instance:org.test.ServiceModule@21282ed8]" started-at="2023-06-22T11:59:20 IST" name="deleteBeforeCatch" finished-at="2023-06-22T11:59:20 IST" duration-ms="8" status="PASS">
          <reporter-output>
          </reporter-output>
        </test-method> <!-- deleteBeforeCatch -->
        <test-method signature="updateProduct()[pri:34, instance:org.test.ServiceModule@21282ed8]" started-at="2023-06-22T11:59:20 IST" name="updateProduct" finished-at="2023-06-22T11:59:29 IST" duration-ms="8901" status="PASS">
          <reporter-output>
          </reporter-output>
        </test-method> <!-- updateProduct -->
        <test-method is-config="true" signature="deleteAfterCatch()[pri:0, instance:org.test.ServiceModule@21282ed8]" started-at="2023-06-22T11:59:29 IST" name="deleteAfterCatch" finished-at="2023-06-22T11:59:29 IST" duration-ms="16" status="PASS">
          <reporter-output>
          </reporter-output>
        </test-method> <!-- deleteAfterCatch -->
        <test-method is-config="true" signature="deleteBeforeCatch()[pri:0, instance:org.test.ServiceModule@21282ed8]" started-at="2023-06-22T11:59:29 IST" name="deleteBeforeCatch" finished-at="2023-06-22T11:59:29 IST" duration-ms="0" status="PASS">
          <reporter-output>
          </reporter-output>
        </test-method> <!-- deleteBeforeCatch -->
        <test-method signature="searchServiceName()[pri:36, instance:org.test.ServiceModule@21282ed8]" started-at="2023-06-22T11:59:29 IST" name="searchServiceName" finished-at="2023-06-22T11:59:31 IST" duration-ms="1438" status="PASS">
          <reporter-output>
          </reporter-output>
        </test-method> <!-- searchServiceName -->
        <test-method is-config="true" signature="deleteAfterCatch()[pri:0, instance:org.test.ServiceModule@21282ed8]" started-at="2023-06-22T11:59:31 IST" name="deleteAfterCatch" finished-at="2023-06-22T11:59:31 IST" duration-ms="8" status="PASS">
          <reporter-output>
          </reporter-output>
        </test-method> <!-- deleteAfterCatch -->
        <test-method signature="searchInvalid()[pri:37, instance:org.test.ServiceModule@21282ed8]" started-at="2023-06-22T11:59:31 IST" name="searchInvalid" finished-at="2023-06-22T11:59:32 IST" duration-ms="1392" status="PASS">
          <reporter-output>
          </reporter-output>
        </test-method> <!-- searchInvalid -->
        <test-method is-config="true" signature="deleteBeforeCatch()[pri:0, instance:org.test.ServiceModule@21282ed8]" started-at="2023-06-22T11:59:31 IST" name="deleteBeforeCatch" finished-at="2023-06-22T11:59:31 IST" duration-ms="0" status="PASS">
          <reporter-output>
          </reporter-output>
        </test-method> <!-- deleteBeforeCatch -->
        <test-method is-config="true" signature="deleteAfterCatch()[pri:0, instance:org.test.ServiceModule@21282ed8]" started-at="2023-06-22T11:59:32 IST" name="deleteAfterCatch" finished-at="2023-06-22T11:59:32 IST" duration-ms="8" status="PASS">
          <reporter-output>
          </reporter-output>
        </test-method> <!-- deleteAfterCatch -->
        <test-method is-config="true" signature="deleteBeforeCatch()[pri:0, instance:org.test.ServiceModule@21282ed8]" started-at="2023-06-22T11:59:32 IST" name="deleteBeforeCatch" finished-at="2023-06-22T11:59:32 IST" duration-ms="8" status="PASS">
          <reporter-output>
          </reporter-output>
        </test-method> <!-- deleteBeforeCatch -->
        <test-method signature="deletedService()[pri:38, instance:org.test.ServiceModule@21282ed8]" started-at="2023-06-22T11:59:32 IST" name="deletedService" finished-at="2023-06-22T11:59:50 IST" duration-ms="17767" status="PASS">
          <reporter-output>
          </reporter-output>
        </test-method> <!-- deletedService -->
        <test-method is-config="true" signature="deleteAfterCatch()[pri:0, instance:org.test.ServiceModule@21282ed8]" started-at="2023-06-22T11:59:50 IST" name="deleteAfterCatch" finished-at="2023-06-22T11:59:50 IST" duration-ms="14" status="PASS">
          <reporter-output>
          </reporter-output>
        </test-method> <!-- deleteAfterCatch -->
        <test-method is-config="true" signature="deleteBeforeCatch()[pri:0, instance:org.test.ServiceModule@21282ed8]" started-at="2023-06-22T11:59:50 IST" name="deleteBeforeCatch" finished-at="2023-06-22T11:59:50 IST" duration-ms="15" status="PASS">
          <reporter-output>
          </reporter-output>
        </test-method> <!-- deleteBeforeCatch -->
        <test-method signature="reflectQuotePage()[pri:39, instance:org.test.ServiceModule@21282ed8]" started-at="2023-06-22T11:59:50 IST" name="reflectQuotePage" finished-at="2023-06-22T12:00:13 IST" duration-ms="22892" status="PASS">
          <reporter-output>
          </reporter-output>
        </test-method> <!-- reflectQuotePage -->
        <test-method is-config="true" signature="deleteAfterCatch()[pri:0, instance:org.test.ServiceModule@21282ed8]" started-at="2023-06-22T12:00:13 IST" name="deleteAfterCatch" finished-at="2023-06-22T12:00:13 IST" duration-ms="13" status="PASS">
          <reporter-output>
          </reporter-output>
        </test-method> <!-- deleteAfterCatch -->
        <test-method is-config="true" signature="deleteBeforeCatch()[pri:0, instance:org.test.ServiceModule@21282ed8]" started-at="2023-06-22T12:00:13 IST" name="deleteBeforeCatch" finished-at="2023-06-22T12:00:13 IST" duration-ms="9" status="PASS">
          <reporter-output>
          </reporter-output>
        </test-method> <!-- deleteBeforeCatch -->
        <test-method signature="inactiveProduct()[pri:40, instance:org.test.ServiceModule@21282ed8]" started-at="2023-06-22T12:00:13 IST" name="inactiveProduct" finished-at="2023-06-22T12:00:31 IST" duration-ms="18323" status="PASS">
          <reporter-output>
          </reporter-output>
        </test-method> <!-- inactiveProduct -->
        <test-method is-config="true" signature="deleteAfterCatch()[pri:0, instance:org.test.ServiceModule@21282ed8]" started-at="2023-06-22T12:00:31 IST" name="deleteAfterCatch" finished-at="2023-06-22T12:00:31 IST" duration-ms="14" status="PASS">
          <reporter-output>
          </reporter-output>
        </test-method> <!-- deleteAfterCatch -->
        <test-method is-config="true" signature="deleteBeforeCatch()[pri:0, instance:org.test.ServiceModule@21282ed8]" started-at="2023-06-22T12:00:31 IST" name="deleteBeforeCatch" finished-at="2023-06-22T12:00:31 IST" duration-ms="8" status="PASS">
          <reporter-output>
          </reporter-output>
        </test-method> <!-- deleteBeforeCatch -->
        <test-method signature="deleteProduct()[pri:41, instance:org.test.ServiceModule@21282ed8]" started-at="2023-06-22T12:00:31 IST" name="deleteProduct" finished-at="2023-06-22T12:00:41 IST" duration-ms="9386" status="PASS">
          <reporter-output>
          </reporter-output>
        </test-method> <!-- deleteProduct -->
        <test-method is-config="true" signature="deleteAfterCatch()[pri:0, instance:org.test.ServiceModule@21282ed8]" started-at="2023-06-22T12:00:41 IST" name="deleteAfterCatch" finished-at="2023-06-22T12:00:41 IST" duration-ms="11" status="PASS">
          <reporter-output>
          </reporter-output>
        </test-method> <!-- deleteAfterCatch -->
        <test-method is-config="true" signature="exitBrowser()[pri:0, instance:org.test.ServiceModule@21282ed8]" started-at="2023-06-22T12:00:41 IST" name="exitBrowser" finished-at="2023-06-22T12:00:41 IST" duration-ms="252" status="PASS">
          <reporter-output>
          </reporter-output>
        </test-method> <!-- exitBrowser -->
      </class> <!-- org.test.ServiceModule -->
      <class name="org.test.LeadSource">
        <test-method is-config="true" signature="setup()[pri:0, instance:org.test.LeadSource@4dbb42b7]" started-at="2023-06-22T11:45:35 IST" name="setup" finished-at="2023-06-22T11:45:36 IST" duration-ms="1088" status="PASS">
          <reporter-output>
          </reporter-output>
        </test-method> <!-- setup -->
        <test-method is-config="true" signature="deleteBeforeCatch()[pri:0, instance:org.test.LeadSource@4dbb42b7]" started-at="2023-06-22T11:45:36 IST" name="deleteBeforeCatch" finished-at="2023-06-22T11:45:36 IST" duration-ms="8" status="PASS">
          <reporter-output>
          </reporter-output>
        </test-method> <!-- deleteBeforeCatch -->
        <test-method signature="loginPage()[pri:0, instance:org.test.LeadSource@4dbb42b7]" started-at="2023-06-22T11:45:36 IST" name="loginPage" finished-at="2023-06-22T11:46:01 IST" duration-ms="25287" status="PASS">
          <reporter-output>
          </reporter-output>
        </test-method> <!-- loginPage -->
        <test-method is-config="true" signature="deleteAfterCatch()[pri:0, instance:org.test.LeadSource@4dbb42b7]" started-at="2023-06-22T11:46:01 IST" name="deleteAfterCatch" finished-at="2023-06-22T11:46:02 IST" duration-ms="24" status="PASS">
          <reporter-output>
          </reporter-output>
        </test-method> <!-- deleteAfterCatch -->
        <test-method is-config="true" signature="deleteBeforeCatch()[pri:0, instance:org.test.LeadSource@4dbb42b7]" started-at="2023-06-22T11:46:02 IST" name="deleteBeforeCatch" finished-at="2023-06-22T11:46:02 IST" duration-ms="8" status="PASS">
          <reporter-output>
          </reporter-output>
        </test-method> <!-- deleteBeforeCatch -->
        <test-method signature="settingModule()[pri:1, instance:org.test.LeadSource@4dbb42b7]" started-at="2023-06-22T11:46:02 IST" name="settingModule" finished-at="2023-06-22T11:46:04 IST" duration-ms="2050" status="PASS">
          <reporter-output>
          </reporter-output>
        </test-method> <!-- settingModule -->
        <test-method is-config="true" signature="deleteAfterCatch()[pri:0, instance:org.test.LeadSource@4dbb42b7]" started-at="2023-06-22T11:46:04 IST" name="deleteAfterCatch" finished-at="2023-06-22T11:46:04 IST" duration-ms="16" status="PASS">
          <reporter-output>
          </reporter-output>
        </test-method> <!-- deleteAfterCatch -->
        <test-method is-config="true" signature="deleteBeforeCatch()[pri:0, instance:org.test.LeadSource@4dbb42b7]" started-at="2023-06-22T11:46:04 IST" name="deleteBeforeCatch" finished-at="2023-06-22T11:46:04 IST" duration-ms="16" status="PASS">
          <reporter-output>
          </reporter-output>
        </test-method> <!-- deleteBeforeCatch -->
        <test-method signature="leadSourceLabel()[pri:2, instance:org.test.LeadSource@4dbb42b7]" started-at="2023-06-22T11:46:04 IST" name="leadSourceLabel" finished-at="2023-06-22T11:46:04 IST" duration-ms="481" status="PASS">
          <reporter-output>
          </reporter-output>
        </test-method> <!-- leadSourceLabel -->
        <test-method is-config="true" signature="deleteAfterCatch()[pri:0, instance:org.test.LeadSource@4dbb42b7]" started-at="2023-06-22T11:46:04 IST" name="deleteAfterCatch" finished-at="2023-06-22T11:46:04 IST" duration-ms="24" status="PASS">
          <reporter-output>
          </reporter-output>
        </test-method> <!-- deleteAfterCatch -->
        <test-method is-config="true" signature="deleteBeforeCatch()[pri:0, instance:org.test.LeadSource@4dbb42b7]" started-at="2023-06-22T11:46:04 IST" name="deleteBeforeCatch" finished-at="2023-06-22T11:46:04 IST" duration-ms="24" status="PASS">
          <reporter-output>
          </reporter-output>
        </test-method> <!-- deleteBeforeCatch -->
        <test-method signature="createFormLabel()[pri:3, instance:org.test.LeadSource@4dbb42b7]" started-at="2023-06-22T11:46:04 IST" name="createFormLabel" finished-at="2023-06-22T11:46:05 IST" duration-ms="861" status="PASS">
          <reporter-output>
          </reporter-output>
        </test-method> <!-- createFormLabel -->
        <test-method is-config="true" signature="deleteAfterCatch()[pri:0, instance:org.test.LeadSource@4dbb42b7]" started-at="2023-06-22T11:46:05 IST" name="deleteAfterCatch" finished-at="2023-06-22T11:46:05 IST" duration-ms="16" status="PASS">
          <reporter-output>
          </reporter-output>
        </test-method> <!-- deleteAfterCatch -->
        <test-method is-config="true" signature="deleteBeforeCatch()[pri:0, instance:org.test.LeadSource@4dbb42b7]" started-at="2023-06-22T11:46:05 IST" name="deleteBeforeCatch" finished-at="2023-06-22T11:46:05 IST" duration-ms="16" status="PASS">
          <reporter-output>
          </reporter-output>
        </test-method> <!-- deleteBeforeCatch -->
        <test-method signature="mandatoryValidation()[pri:4, instance:org.test.LeadSource@4dbb42b7]" started-at="2023-06-22T11:46:05 IST" name="mandatoryValidation" finished-at="2023-06-22T11:46:05 IST" duration-ms="353" status="PASS">
          <reporter-output>
          </reporter-output>
        </test-method> <!-- mandatoryValidation -->
        <test-method is-config="true" signature="deleteAfterCatch()[pri:0, instance:org.test.LeadSource@4dbb42b7]" started-at="2023-06-22T11:46:05 IST" name="deleteAfterCatch" finished-at="2023-06-22T11:46:05 IST" duration-ms="8" status="PASS">
          <reporter-output>
          </reporter-output>
        </test-method> <!-- deleteAfterCatch -->
        <test-method is-config="true" signature="deleteBeforeCatch()[pri:0, instance:org.test.LeadSource@4dbb42b7]" started-at="2023-06-22T11:46:05 IST" name="deleteBeforeCatch" finished-at="2023-06-22T11:46:05 IST" duration-ms="12" status="PASS">
          <reporter-output>
          </reporter-output>
        </test-method> <!-- deleteBeforeCatch -->
        <test-method signature="maximumValidationLeadSource()[pri:4, instance:org.test.LeadSource@4dbb42b7]" started-at="2023-06-22T11:46:05 IST" name="maximumValidationLeadSource" finished-at="2023-06-22T11:46:19 IST" duration-ms="13739" status="PASS">
          <reporter-output>
          </reporter-output>
        </test-method> <!-- maximumValidationLeadSource -->
        <test-method is-config="true" signature="deleteAfterCatch()[pri:0, instance:org.test.LeadSource@4dbb42b7]" started-at="2023-06-22T11:46:19 IST" name="deleteAfterCatch" finished-at="2023-06-22T11:46:19 IST" duration-ms="8" status="PASS">
          <reporter-output>
          </reporter-output>
        </test-method> <!-- deleteAfterCatch -->
        <test-method is-config="true" signature="deleteBeforeCatch()[pri:0, instance:org.test.LeadSource@4dbb42b7]" started-at="2023-06-22T11:46:19 IST" name="deleteBeforeCatch" finished-at="2023-06-22T11:46:19 IST" duration-ms="8" status="PASS">
          <reporter-output>
          </reporter-output>
        </test-method> <!-- deleteBeforeCatch -->
        <test-method signature="verifySaveButtonExist()[pri:6, instance:org.test.LeadSource@4dbb42b7]" started-at="2023-06-22T11:46:19 IST" name="verifySaveButtonExist" finished-at="2023-06-22T11:46:20 IST" duration-ms="397" status="PASS">
          <reporter-output>
          </reporter-output>
        </test-method> <!-- verifySaveButtonExist -->
        <test-method is-config="true" signature="deleteAfterCatch()[pri:0, instance:org.test.LeadSource@4dbb42b7]" started-at="2023-06-22T11:46:20 IST" name="deleteAfterCatch" finished-at="2023-06-22T11:46:20 IST" duration-ms="16" status="PASS">
          <reporter-output>
          </reporter-output>
        </test-method> <!-- deleteAfterCatch -->
        <test-method is-config="true" signature="deleteBeforeCatch()[pri:0, instance:org.test.LeadSource@4dbb42b7]" started-at="2023-06-22T11:46:20 IST" name="deleteBeforeCatch" finished-at="2023-06-22T11:46:20 IST" duration-ms="8" status="PASS">
          <reporter-output>
          </reporter-output>
        </test-method> <!-- deleteBeforeCatch -->
        <test-method signature="leadSourceCreate()[pri:7, instance:org.test.LeadSource@4dbb42b7]" started-at="2023-06-22T11:46:20 IST" name="leadSourceCreate" finished-at="2023-06-22T11:46:28 IST" duration-ms="8577" status="PASS">
          <reporter-output>
          </reporter-output>
        </test-method> <!-- leadSourceCreate -->
        <test-method is-config="true" signature="deleteAfterCatch()[pri:0, instance:org.test.LeadSource@4dbb42b7]" started-at="2023-06-22T11:46:28 IST" name="deleteAfterCatch" finished-at="2023-06-22T11:46:28 IST" duration-ms="8" status="PASS">
          <reporter-output>
          </reporter-output>
        </test-method> <!-- deleteAfterCatch -->
        <test-method is-config="true" signature="deleteBeforeCatch()[pri:0, instance:org.test.LeadSource@4dbb42b7]" started-at="2023-06-22T11:46:28 IST" name="deleteBeforeCatch" finished-at="2023-06-22T11:46:28 IST" duration-ms="8" status="PASS">
          <reporter-output>
          </reporter-output>
        </test-method> <!-- deleteBeforeCatch -->
        <test-method signature="leadSourceCreateList()[pri:8, instance:org.test.LeadSource@4dbb42b7]" started-at="2023-06-22T11:46:28 IST" name="leadSourceCreateList" finished-at="2023-06-22T11:46:28 IST" duration-ms="33" status="PASS">
          <reporter-output>
          </reporter-output>
        </test-method> <!-- leadSourceCreateList -->
        <test-method is-config="true" signature="deleteAfterCatch()[pri:0, instance:org.test.LeadSource@4dbb42b7]" started-at="2023-06-22T11:46:28 IST" name="deleteAfterCatch" finished-at="2023-06-22T11:46:28 IST" duration-ms="16" status="PASS">
          <reporter-output>
          </reporter-output>
        </test-method> <!-- deleteAfterCatch -->
        <test-method is-config="true" signature="deleteBeforeCatch()[pri:0, instance:org.test.LeadSource@4dbb42b7]" started-at="2023-06-22T11:46:28 IST" name="deleteBeforeCatch" finished-at="2023-06-22T11:46:28 IST" duration-ms="16" status="PASS">
          <reporter-output>
          </reporter-output>
        </test-method> <!-- deleteBeforeCatch -->
        <test-method signature="activeStatus()[pri:9, instance:org.test.LeadSource@4dbb42b7]" started-at="2023-06-22T11:46:28 IST" name="activeStatus" finished-at="2023-06-22T11:46:28 IST" duration-ms="46" status="PASS">
          <reporter-output>
          </reporter-output>
        </test-method> <!-- activeStatus -->
        <test-method is-config="true" signature="deleteAfterCatch()[pri:0, instance:org.test.LeadSource@4dbb42b7]" started-at="2023-06-22T11:46:28 IST" name="deleteAfterCatch" finished-at="2023-06-22T11:46:28 IST" duration-ms="16" status="PASS">
          <reporter-output>
          </reporter-output>
        </test-method> <!-- deleteAfterCatch -->
        <test-method signature="editFormLabel()[pri:10, instance:org.test.LeadSource@4dbb42b7]" started-at="2023-06-22T11:46:28 IST" name="editFormLabel" finished-at="2023-06-22T11:46:30 IST" duration-ms="1368" status="PASS">
          <reporter-output>
          </reporter-output>
        </test-method> <!-- editFormLabel -->
        <test-method is-config="true" signature="deleteBeforeCatch()[pri:0, instance:org.test.LeadSource@4dbb42b7]" started-at="2023-06-22T11:46:28 IST" name="deleteBeforeCatch" finished-at="2023-06-22T11:46:28 IST" duration-ms="0" status="PASS">
          <reporter-output>
          </reporter-output>
        </test-method> <!-- deleteBeforeCatch -->
        <test-method is-config="true" signature="deleteAfterCatch()[pri:0, instance:org.test.LeadSource@4dbb42b7]" started-at="2023-06-22T11:46:30 IST" name="deleteAfterCatch" finished-at="2023-06-22T11:46:30 IST" duration-ms="8" status="PASS">
          <reporter-output>
          </reporter-output>
        </test-method> <!-- deleteAfterCatch -->
        <test-method is-config="true" signature="deleteBeforeCatch()[pri:0, instance:org.test.LeadSource@4dbb42b7]" started-at="2023-06-22T11:46:30 IST" name="deleteBeforeCatch" finished-at="2023-06-22T11:46:30 IST" duration-ms="0" status="PASS">
          <reporter-output>
          </reporter-output>
        </test-method> <!-- deleteBeforeCatch -->
        <test-method signature="editmandatoryValidation()[pri:11, instance:org.test.LeadSource@4dbb42b7]" started-at="2023-06-22T11:46:30 IST" name="editmandatoryValidation" finished-at="2023-06-22T11:46:42 IST" duration-ms="12659" status="FAIL">
          <exception class="org.openqa.selenium.TimeoutException">
            <message>
              <![CDATA[Expected condition failed: waiting for visibility of element located by By.xpath: //button[@id='category_submit_btn'] (tried for 10 second(s) with 500 milliseconds interval)]]>
            </message>
            <full-stacktrace>
              <![CDATA[org.openqa.selenium.TimeoutException: Expected condition failed: waiting for visibility of element located by By.xpath: //button[@id='category_submit_btn'] (tried for 10 second(s) with 500 milliseconds interval)
at org.openqa.selenium.support.ui.WebDriverWait.timeoutException(WebDriverWait.java:95)
at org.openqa.selenium.support.ui.FluentWait.until(FluentWait.java:272)
at com.zaigo.pageobjects.BusinessDaysPage.mouseActionClick(BusinessDaysPage.java:74)
at com.zaigo.pageobjects.BusinessDaysPage.leadSourceField(BusinessDaysPage.java:417)
at org.test.LeadSource.editmandatoryValidation(LeadSource.java:311)
at java.base/jdk.internal.reflect.NativeMethodAccessorImpl.invoke0(Native Method)
at java.base/jdk.internal.reflect.NativeMethodAccessorImpl.invoke(NativeMethodAccessorImpl.java:77)
at java.base/jdk.internal.reflect.DelegatingMethodAccessorImpl.invoke(DelegatingMethodAccessorImpl.java:43)
at java.base/java.lang.reflect.Method.invoke(Method.java:568)
at org.testng.internal.MethodInvocationHelper.invokeMethod(MethodInvocationHelper.java:133)
at org.testng.internal.TestInvoker.invokeMethod(TestInvoker.java:598)
at org.testng.internal.TestInvoker.invokeTestMethod(TestInvoker.java:173)
at org.testng.internal.MethodRunner.runInSequence(MethodRunner.java:46)
at org.testng.internal.TestInvoker$MethodInvocationAgent.invoke(TestInvoker.java:824)
at org.testng.internal.TestInvoker.invokeTestMethods(TestInvoker.java:146)
at org.testng.internal.TestMethodWorker.invokeTestMethods(TestMethodWorker.java:146)
at org.testng.internal.TestMethodWorker.run(TestMethodWorker.java:128)
at java.base/java.util.ArrayList.forEach(ArrayList.java:1511)
at org.testng.TestRunner.privateRun(TestRunner.java:794)
at org.testng.TestRunner.run(TestRunner.java:596)
at org.testng.SuiteRunner.runTest(SuiteRunner.java:377)
at org.testng.SuiteRunner.runSequentially(SuiteRunner.java:371)
at org.testng.SuiteRunner.privateRun(SuiteRunner.java:332)
at org.testng.SuiteRunner.run(SuiteRunner.java:276)
at org.testng.SuiteRunnerWorker.runSuite(SuiteRunnerWorker.java:53)
at org.testng.SuiteRunnerWorker.run(SuiteRunnerWorker.java:96)
at org.testng.TestNG.runSuitesSequentially(TestNG.java:1212)
at org.testng.TestNG.runSuitesLocally(TestNG.java:1134)
at org.testng.TestNG.runSuites(TestNG.java:1063)
at org.testng.TestNG.run(TestNG.java:1031)
at org.testng.remote.AbstractRemoteTestNG.run(AbstractRemoteTestNG.java:115)
at org.testng.remote.RemoteTestNG.initAndRun(RemoteTestNG.java:251)
at org.testng.remote.RemoteTestNG.main(RemoteTestNG.java:77)
Caused by: org.openqa.selenium.NoSuchElementException: no such element: Unable to locate element: {"method":"xpath","selector":"//button[@id='category_submit_btn']"}
  (Session info: chrome=114.0.5735.134)
For documentation on this error, please visit: http://seleniumhq.org/exceptions/no_such_element.html
Build info: version: '3.141.5', revision: 'd54ebd709a', time: '2018-11-06T11:42:16'
System info: host: 'DESKTOP-5M7AM2E', ip: '192.168.56.1', os.name: 'Windows 11', os.arch: 'amd64', os.version: '10.0', java.version: '17.0.3'
Driver info: org.openqa.selenium.chrome.ChromeDriver
Capabilities {acceptInsecureCerts: false, browserName: chrome, browserVersion: 114.0.5735.134, chrome: {chromedriverVersion: 114.0.5735.90 (386bc09e8f4f..., userDataDir: C:\Users\ZAIGOP~1\AppData\L...}, goog:chromeOptions: {debuggerAddress: localhost:63300}, javascriptEnabled: true, networkConnectionEnabled: false, pageLoadStrategy: normal, platform: WINDOWS, platformName: WINDOWS, proxy: Proxy(), setWindowRect: true, strictFileInteractability: false, timeouts: {implicit: 0, pageLoad: 300000, script: 30000}, unhandledPromptBehavior: dismiss and notify, webauthn:extension:credBlob: true, webauthn:extension:largeBlob: true, webauthn:extension:minPinLength: true, webauthn:extension:prf: true, webauthn:virtualAuthenticators: true}
Session ID: 84223bb2f2a4d4e52c0d12a85612a802
*** Element info: {Using=xpath, value=//button[@id='category_submit_btn']}
at jdk.internal.reflect.GeneratedConstructorAccessor17.newInstance(Unknown Source)
at java.base/jdk.internal.reflect.DelegatingConstructorAccessorImpl.newInstance(DelegatingConstructorAccessorImpl.java:45)
at java.base/java.lang.reflect.Constructor.newInstanceWithCaller(Constructor.java:499)
at java.base/java.lang.reflect.Constructor.newInstance(Constructor.java:480)
at org.openqa.selenium.remote.http.W3CHttpResponseCodec.createException(W3CHttpResponseCodec.java:187)
at org.openqa.selenium.remote.http.W3CHttpResponseCodec.decode(W3CHttpResponseCodec.java:122)
at org.openqa.selenium.remote.http.W3CHttpResponseCodec.decode(W3CHttpResponseCodec.java:49)
at org.openqa.selenium.remote.HttpCommandExecutor.execute(HttpCommandExecutor.java:158)
at org.openqa.selenium.remote.service.DriverCommandExecutor.execute(DriverCommandExecutor.java:83)
at org.openqa.selenium.remote.RemoteWebDriver.execute(RemoteWebDriver.java:552)
at org.openqa.selenium.remote.RemoteWebDriver.findElement(RemoteWebDriver.java:323)
at org.openqa.selenium.remote.RemoteWebDriver.findElementByXPath(RemoteWebDriver.java:428)
at org.openqa.selenium.By$ByXPath.findElement(By.java:353)
at org.openqa.selenium.remote.RemoteWebDriver.findElement(RemoteWebDriver.java:315)
at org.openqa.selenium.support.ui.ExpectedConditions$7.apply(ExpectedConditions.java:205)
at org.openqa.selenium.support.ui.ExpectedConditions$7.apply(ExpectedConditions.java:201)
at org.openqa.selenium.support.ui.FluentWait.until(FluentWait.java:249)
... 31 more
]]>
            </full-stacktrace>
          </exception> <!-- org.openqa.selenium.TimeoutException -->
          <reporter-output>
          </reporter-output>
        </test-method> <!-- editmandatoryValidation -->
        <test-method is-config="true" signature="deleteAfterCatch()[pri:0, instance:org.test.LeadSource@4dbb42b7]" started-at="2023-06-22T11:46:42 IST" name="deleteAfterCatch" finished-at="2023-06-22T11:46:42 IST" duration-ms="0" status="PASS">
          <reporter-output>
          </reporter-output>
        </test-method> <!-- deleteAfterCatch -->
        <test-method is-config="true" signature="deleteBeforeCatch()[pri:0, instance:org.test.LeadSource@4dbb42b7]" started-at="2023-06-22T11:46:42 IST" name="deleteBeforeCatch" finished-at="2023-06-22T11:46:42 IST" duration-ms="15" status="PASS">
          <reporter-output>
          </reporter-output>
        </test-method> <!-- deleteBeforeCatch -->
        <test-method signature="editmaximumValidationLeadSource()[pri:12, instance:org.test.LeadSource@4dbb42b7]" started-at="2023-06-22T11:46:42 IST" name="editmaximumValidationLeadSource" finished-at="2023-06-22T11:46:53 IST" duration-ms="10370" status="FAIL">
          <exception class="org.openqa.selenium.TimeoutException">
            <message>
              <![CDATA[Expected condition failed: waiting for visibility of element located by By.xpath: //input[@id='name'] (tried for 10 second(s) with 500 milliseconds interval)]]>
            </message>
            <full-stacktrace>
              <![CDATA[org.openqa.selenium.TimeoutException: Expected condition failed: waiting for visibility of element located by By.xpath: //input[@id='name'] (tried for 10 second(s) with 500 milliseconds interval)
at org.openqa.selenium.support.ui.WebDriverWait.timeoutException(WebDriverWait.java:95)
at org.openqa.selenium.support.ui.FluentWait.until(FluentWait.java:272)
at com.zaigo.pageobjects.BusinessDaysPage.validationTab(BusinessDaysPage.java:104)
at com.zaigo.pageobjects.BusinessDaysPage.leadSourceField(BusinessDaysPage.java:411)
at org.test.LeadSource.editmaximumValidationLeadSource(LeadSource.java:335)
at java.base/jdk.internal.reflect.NativeMethodAccessorImpl.invoke0(Native Method)
at java.base/jdk.internal.reflect.NativeMethodAccessorImpl.invoke(NativeMethodAccessorImpl.java:77)
at java.base/jdk.internal.reflect.DelegatingMethodAccessorImpl.invoke(DelegatingMethodAccessorImpl.java:43)
at java.base/java.lang.reflect.Method.invoke(Method.java:568)
at org.testng.internal.MethodInvocationHelper.invokeMethod(MethodInvocationHelper.java:133)
at org.testng.internal.TestInvoker.invokeMethod(TestInvoker.java:598)
at org.testng.internal.TestInvoker.invokeTestMethod(TestInvoker.java:173)
at org.testng.internal.MethodRunner.runInSequence(MethodRunner.java:46)
at org.testng.internal.TestInvoker$MethodInvocationAgent.invoke(TestInvoker.java:824)
at org.testng.internal.TestInvoker.invokeTestMethods(TestInvoker.java:146)
at org.testng.internal.TestMethodWorker.invokeTestMethods(TestMethodWorker.java:146)
at org.testng.internal.TestMethodWorker.run(TestMethodWorker.java:128)
at java.base/java.util.ArrayList.forEach(ArrayList.java:1511)
at org.testng.TestRunner.privateRun(TestRunner.java:794)
at org.testng.TestRunner.run(TestRunner.java:596)
at org.testng.SuiteRunner.runTest(SuiteRunner.java:377)
at org.testng.SuiteRunner.runSequentially(SuiteRunner.java:371)
at org.testng.SuiteRunner.privateRun(SuiteRunner.java:332)
at org.testng.SuiteRunner.run(SuiteRunner.java:276)
at org.testng.SuiteRunnerWorker.runSuite(SuiteRunnerWorker.java:53)
at org.testng.SuiteRunnerWorker.run(SuiteRunnerWorker.java:96)
at org.testng.TestNG.runSuitesSequentially(TestNG.java:1212)
at org.testng.TestNG.runSuitesLocally(TestNG.java:1134)
at org.testng.TestNG.runSuites(TestNG.java:1063)
at org.testng.TestNG.run(TestNG.java:1031)
at org.testng.remote.AbstractRemoteTestNG.run(AbstractRemoteTestNG.java:115)
at org.testng.remote.RemoteTestNG.initAndRun(RemoteTestNG.java:251)
at org.testng.remote.RemoteTestNG.main(RemoteTestNG.java:77)
Caused by: org.openqa.selenium.NoSuchElementException: no such element: Unable to locate element: {"method":"xpath","selector":"//input[@id='name']"}
  (Session info: chrome=114.0.5735.134)
For documentation on this error, please visit: http://seleniumhq.org/exceptions/no_such_element.html
Build info: version: '3.141.5', revision: 'd54ebd709a', time: '2018-11-06T11:42:16'
System info: host: 'DESKTOP-5M7AM2E', ip: '192.168.56.1', os.name: 'Windows 11', os.arch: 'amd64', os.version: '10.0', java.version: '17.0.3'
Driver info: org.openqa.selenium.chrome.ChromeDriver
Capabilities {acceptInsecureCerts: false, browserName: chrome, browserVersion: 114.0.5735.134, chrome: {chromedriverVersion: 114.0.5735.90 (386bc09e8f4f..., userDataDir: C:\Users\ZAIGOP~1\AppData\L...}, goog:chromeOptions: {debuggerAddress: localhost:63300}, javascriptEnabled: true, networkConnectionEnabled: false, pageLoadStrategy: normal, platform: WINDOWS, platformName: WINDOWS, proxy: Proxy(), setWindowRect: true, strictFileInteractability: false, timeouts: {implicit: 0, pageLoad: 300000, script: 30000}, unhandledPromptBehavior: dismiss and notify, webauthn:extension:credBlob: true, webauthn:extension:largeBlob: true, webauthn:extension:minPinLength: true, webauthn:extension:prf: true, webauthn:virtualAuthenticators: true}
Session ID: 84223bb2f2a4d4e52c0d12a85612a802
*** Element info: {Using=xpath, value=//input[@id='name']}
at jdk.internal.reflect.GeneratedConstructorAccessor17.newInstance(Unknown Source)
at java.base/jdk.internal.reflect.DelegatingConstructorAccessorImpl.newInstance(DelegatingConstructorAccessorImpl.java:45)
at java.base/java.lang.reflect.Constructor.newInstanceWithCaller(Constructor.java:499)
at java.base/java.lang.reflect.Constructor.newInstance(Constructor.java:480)
at org.openqa.selenium.remote.http.W3CHttpResponseCodec.createException(W3CHttpResponseCodec.java:187)
at org.openqa.selenium.remote.http.W3CHttpResponseCodec.decode(W3CHttpResponseCodec.java:122)
at org.openqa.selenium.remote.http.W3CHttpResponseCodec.decode(W3CHttpResponseCodec.java:49)
at org.openqa.selenium.remote.HttpCommandExecutor.execute(HttpCommandExecutor.java:158)
at org.openqa.selenium.remote.service.DriverCommandExecutor.execute(DriverCommandExecutor.java:83)
at org.openqa.selenium.remote.RemoteWebDriver.execute(RemoteWebDriver.java:552)
at org.openqa.selenium.remote.RemoteWebDriver.findElement(RemoteWebDriver.java:323)
at org.openqa.selenium.remote.RemoteWebDriver.findElementByXPath(RemoteWebDriver.java:428)
at org.openqa.selenium.By$ByXPath.findElement(By.java:353)
at org.openqa.selenium.remote.RemoteWebDriver.findElement(RemoteWebDriver.java:315)
at org.openqa.selenium.support.ui.ExpectedConditions$7.apply(ExpectedConditions.java:205)
at org.openqa.selenium.support.ui.ExpectedConditions$7.apply(ExpectedConditions.java:201)
at org.openqa.selenium.support.ui.FluentWait.until(FluentWait.java:249)
... 31 more
]]>
            </full-stacktrace>
          </exception> <!-- org.openqa.selenium.TimeoutException -->
          <reporter-output>
          </reporter-output>
        </test-method> <!-- editmaximumValidationLeadSource -->
        <test-method is-config="true" signature="deleteAfterCatch()[pri:0, instance:org.test.LeadSource@4dbb42b7]" started-at="2023-06-22T11:46:53 IST" name="deleteAfterCatch" finished-at="2023-06-22T11:46:53 IST" duration-ms="16" status="PASS">
          <reporter-output>
          </reporter-output>
        </test-method> <!-- deleteAfterCatch -->
        <test-method is-config="true" signature="deleteBeforeCatch()[pri:0, instance:org.test.LeadSource@4dbb42b7]" started-at="2023-06-22T11:46:53 IST" name="deleteBeforeCatch" finished-at="2023-06-22T11:46:53 IST" duration-ms="16" status="PASS">
          <reporter-output>
          </reporter-output>
        </test-method> <!-- deleteBeforeCatch -->
        <test-method signature="verifyUpdateButtonExist()[pri:13, instance:org.test.LeadSource@4dbb42b7]" started-at="2023-06-22T11:46:53 IST" name="verifyUpdateButtonExist" finished-at="2023-06-22T11:47:23 IST" duration-ms="30074" status="FAIL">
          <exception class="org.openqa.selenium.TimeoutException">
            <message>
              <![CDATA[Expected condition failed: waiting for visibility of element located by By.xpath: //button[@id='category_submit_btn'] (tried for 30 second(s) with 500 milliseconds interval)]]>
            </message>
            <full-stacktrace>
              <![CDATA[org.openqa.selenium.TimeoutException: Expected condition failed: waiting for visibility of element located by By.xpath: //button[@id='category_submit_btn'] (tried for 30 second(s) with 500 milliseconds interval)
at org.openqa.selenium.support.ui.WebDriverWait.timeoutException(WebDriverWait.java:95)
at org.openqa.selenium.support.ui.FluentWait.until(FluentWait.java:272)
at com.zaigo.pageobjects.BusinessDaysPage.getText(BusinessDaysPage.java:128)
at com.zaigo.pageobjects.BusinessDaysPage.buttonValidation(BusinessDaysPage.java:484)
at org.test.LeadSource.verifyUpdateButtonExist(LeadSource.java:362)
at java.base/jdk.internal.reflect.NativeMethodAccessorImpl.invoke0(Native Method)
at java.base/jdk.internal.reflect.NativeMethodAccessorImpl.invoke(NativeMethodAccessorImpl.java:77)
[...]
        <test-method is-config="true" signature="deleteBeforeCatch()[pri:0, instance:org.test.ProductModule@550dbc7a]" started-at="2023-06-22T11:55:38 IST" name="deleteBeforeCatch" finished-at="2023-06-22T11:55:38 IST" duration-ms="11" status="PASS">
          <reporter-output>
          </reporter-output>
        </test-method> <!-- deleteBeforeCatch -->
        <test-method signature="editbeforeDecimalPointPriceField()[pri:35, instance:org.test.ProductModule@550dbc7a]" started-at="2023-06-22T11:55:38 IST" name="editbeforeDecimalPointPriceField" finished-at="2023-06-22T11:55:38 IST" duration-ms="269" status="PASS">
          <reporter-output>
          </reporter-output>
        </test-method> <!-- editbeforeDecimalPointPriceField -->
        <test-method is-config="true" signature="deleteAfterCatch()[pri:0, instance:org.test.ProductModule@550dbc7a]" started-at="2023-06-22T11:55:38 IST" name="deleteAfterCatch" finished-at="2023-06-22T11:55:38 IST" duration-ms="16" status="PASS">
          <reporter-output>
          </reporter-output>
        </test-method> <!-- deleteAfterCatch -->
        <test-method is-config="true" signature="deleteBeforeCatch()[pri:0, instance:org.test.ProductModule@550dbc7a]" started-at="2023-06-22T11:55:38 IST" name="deleteBeforeCatch" finished-at="2023-06-22T11:55:38 IST" duration-ms="8" status="PASS">
          <reporter-output>
          </reporter-output>
        </test-method> <!-- deleteBeforeCatch -->
        <test-method signature="editafterDecimalPointPriceField()[pri:36, instance:org.test.ProductModule@550dbc7a]" started-at="2023-06-22T11:55:38 IST" name="editafterDecimalPointPriceField" finished-at="2023-06-22T11:55:39 IST" duration-ms="256" status="PASS">
          <reporter-output>
          </reporter-output>
        </test-method> <!-- editafterDecimalPointPriceField -->
        <test-method is-config="true" signature="deleteAfterCatch()[pri:0, instance:org.test.ProductModule@550dbc7a]" started-at="2023-06-22T11:55:39 IST" name="deleteAfterCatch" finished-at="2023-06-22T11:55:39 IST" duration-ms="8" status="PASS">
          <reporter-output>
          </reporter-output>
        </test-method> <!-- deleteAfterCatch -->
        <test-method is-config="true" signature="deleteBeforeCatch()[pri:0, instance:org.test.ProductModule@550dbc7a]" started-at="2023-06-22T11:55:39 IST" name="deleteBeforeCatch" finished-at="2023-06-22T11:55:39 IST" duration-ms="8" status="PASS">
          <reporter-output>
          </reporter-output>
        </test-method> <!-- deleteBeforeCatch -->
        <test-method signature="editbeforeDecimalPointTaxPercentageField()[pri:38, instance:org.test.ProductModule@550dbc7a]" started-at="2023-06-22T11:55:39 IST" name="editbeforeDecimalPointTaxPercentageField" finished-at="2023-06-22T11:55:39 IST" duration-ms="408" status="PASS">
          <reporter-output>
          </reporter-output>
        </test-method> <!-- editbeforeDecimalPointTaxPercentageField -->
        <test-method is-config="true" signature="deleteAfterCatch()[pri:0, instance:org.test.ProductModule@550dbc7a]" started-at="2023-06-22T11:55:39 IST" name="deleteAfterCatch" finished-at="2023-06-22T11:55:39 IST" duration-ms="8" status="PASS">
          <reporter-output>
          </reporter-output>
        </test-method> <!-- deleteAfterCatch -->
        <test-method is-config="true" signature="deleteBeforeCatch()[pri:0, instance:org.test.ProductModule@550dbc7a]" started-at="2023-06-22T11:55:39 IST" name="deleteBeforeCatch" finished-at="2023-06-22T11:55:39 IST" duration-ms="8" status="PASS">
          <reporter-output>
          </reporter-output>
        </test-method> <!-- deleteBeforeCatch -->
        <test-method signature="editafterDecimalPointTaxPercentageField()[pri:39, instance:org.test.ProductModule@550dbc7a]" started-at="2023-06-22T11:55:39 IST" name="editafterDecimalPointTaxPercentageField" finished-at="2023-06-22T11:55:40 IST" duration-ms="385" status="PASS">
          <reporter-output>
          </reporter-output>
        </test-method> <!-- editafterDecimalPointTaxPercentageField -->
        <test-method is-config="true" signature="deleteAfterCatch()[pri:0, instance:org.test.ProductModule@550dbc7a]" started-at="2023-06-22T11:55:40 IST" name="deleteAfterCatch" finished-at="2023-06-22T11:55:40 IST" duration-ms="8" status="PASS">
          <reporter-output>
          </reporter-output>
        </test-method> <!-- deleteAfterCatch -->
        <test-method is-config="true" signature="deleteBeforeCatch()[pri:0, instance:org.test.ProductModule@550dbc7a]" started-at="2023-06-22T11:55:40 IST" name="deleteBeforeCatch" finished-at="2023-06-22T11:55:40 IST" duration-ms="8" status="PASS">
          <reporter-output>
          </reporter-output>
        </test-method> <!-- deleteBeforeCatch -->
        <test-method signature="editmaximumValidationQuantityHand()[pri:40, instance:org.test.ProductModule@550dbc7a]" started-at="2023-06-22T11:55:40 IST" name="editmaximumValidationQuantityHand" finished-at="2023-06-22T11:55:40 IST" duration-ms="255" status="PASS">
          <reporter-output>
          </reporter-output>
        </test-method> <!-- editmaximumValidationQuantityHand -->
        <test-method is-config="true" signature="deleteAfterCatch()[pri:0, instance:org.test.ProductModule@550dbc7a]" started-at="2023-06-22T11:55:40 IST" name="deleteAfterCatch" finished-at="2023-06-22T11:55:40 IST" duration-ms="8" status="PASS">
          <reporter-output>
          </reporter-output>
        </test-method> <!-- deleteAfterCatch -->
        <test-method is-config="true" signature="deleteBeforeCatch()[pri:0, instance:org.test.ProductModule@550dbc7a]" started-at="2023-06-22T11:55:40 IST" name="deleteBeforeCatch" finished-at="2023-06-22T11:55:40 IST" duration-ms="8" status="PASS">
          <reporter-output>
          </reporter-output>
        </test-method> <!-- deleteBeforeCatch -->
        <test-method signature="editbeforeDecimalPointQuantityHandField()[pri:41, instance:org.test.ProductModule@550dbc7a]" started-at="2023-06-22T11:55:40 IST" name="editbeforeDecimalPointQuantityHandField" finished-at="2023-06-22T11:55:40 IST" duration-ms="273" status="PASS">
          <reporter-output>
          </reporter-output>
        </test-method> <!-- editbeforeDecimalPointQuantityHandField -->
        <test-method is-config="true" signature="deleteAfterCatch()[pri:0, instance:org.test.ProductModule@550dbc7a]" started-at="2023-06-22T11:55:40 IST" name="deleteAfterCatch" finished-at="2023-06-22T11:55:40 IST" duration-ms="16" status="PASS">
          <reporter-output>
          </reporter-output>
        </test-method> <!-- deleteAfterCatch -->
        <test-method is-config="true" signature="deleteBeforeCatch()[pri:0, instance:org.test.ProductModule@550dbc7a]" started-at="2023-06-22T11:55:40 IST" name="deleteBeforeCatch" finished-at="2023-06-22T11:55:40 IST" duration-ms="8" status="PASS">
          <reporter-output>
          </reporter-output>
        </test-method> <!-- deleteBeforeCatch -->
        <test-method signature="editafterDecimalPointQuantityHandField()[pri:42, instance:org.test.ProductModule@550dbc7a]" started-at="2023-06-22T11:55:40 IST" name="editafterDecimalPointQuantityHandField" finished-at="2023-06-22T11:55:40 IST" duration-ms="224" status="PASS">
          <reporter-output>
          </reporter-output>
        </test-method> <!-- editafterDecimalPointQuantityHandField -->
        <test-method is-config="true" signature="deleteAfterCatch()[pri:0, instance:org.test.ProductModule@550dbc7a]" started-at="2023-06-22T11:55:40 IST" name="deleteAfterCatch" finished-at="2023-06-22T11:55:40 IST" duration-ms="8" status="PASS">
          <reporter-output>
          </reporter-output>
        </test-method> <!-- deleteAfterCatch -->
        <test-method is-config="true" signature="deleteBeforeCatch()[pri:0, instance:org.test.ProductModule@550dbc7a]" started-at="2023-06-22T11:55:40 IST" name="deleteBeforeCatch" finished-at="2023-06-22T11:55:40 IST" duration-ms="12" status="PASS">
          <reporter-output>
          </reporter-output>
        </test-method> <!-- deleteBeforeCatch -->
        <test-method signature="editmaximumValidationLowStockThresold()[pri:43, instance:org.test.ProductModule@550dbc7a]" started-at="2023-06-22T11:55:40 IST" name="editmaximumValidationLowStockThresold" finished-at="2023-06-22T11:55:41 IST" duration-ms="236" status="PASS">
          <reporter-output>
          </reporter-output>
        </test-method> <!-- editmaximumValidationLowStockThresold -->
        <test-method is-config="true" signature="deleteAfterCatch()[pri:0, instance:org.test.ProductModule@550dbc7a]" started-at="2023-06-22T11:55:41 IST" name="deleteAfterCatch" finished-at="2023-06-22T11:55:41 IST" duration-ms="8" status="PASS">
          <reporter-output>
          </reporter-output>
        </test-method> <!-- deleteAfterCatch -->
        <test-method is-config="true" signature="deleteBeforeCatch()[pri:0, instance:org.test.ProductModule@550dbc7a]" started-at="2023-06-22T11:55:41 IST" name="deleteBeforeCatch" finished-at="2023-06-22T11:55:41 IST" duration-ms="16" status="PASS">
          <reporter-output>
          </reporter-output>
        </test-method> <!-- deleteBeforeCatch -->
        <test-method signature="editbeforeDecimalPointLowStockThresoldField()[pri:44, instance:org.test.ProductModule@550dbc7a]" started-at="2023-06-22T11:55:41 IST" name="editbeforeDecimalPointLowStockThresoldField" finished-at="2023-06-22T11:55:41 IST" duration-ms="280" status="PASS">
          <reporter-output>
          </reporter-output>
        </test-method> <!-- editbeforeDecimalPointLowStockThresoldField -->
        <test-method is-config="true" signature="deleteAfterCatch()[pri:0, instance:org.test.ProductModule@550dbc7a]" started-at="2023-06-22T11:55:41 IST" name="deleteAfterCatch" finished-at="2023-06-22T11:55:41 IST" duration-ms="8" status="PASS">
          <reporter-output>
          </reporter-output>
        </test-method> <!-- deleteAfterCatch -->
        <test-method is-config="true" signature="deleteBeforeCatch()[pri:0, instance:org.test.ProductModule@550dbc7a]" started-at="2023-06-22T11:55:41 IST" name="deleteBeforeCatch" finished-at="2023-06-22T11:55:41 IST" duration-ms="8" status="PASS">
          <reporter-output>
          </reporter-output>
        </test-method> <!-- deleteBeforeCatch -->
        <test-method signature="editafterDecimalPointLowStockThresoldField()[pri:45, instance:org.test.ProductModule@550dbc7a]" started-at="2023-06-22T11:55:41 IST" name="editafterDecimalPointLowStockThresoldField" finished-at="2023-06-22T11:55:41 IST" duration-ms="216" status="PASS">
          <reporter-output>
          </reporter-output>
        </test-method> <!-- editafterDecimalPointLowStockThresoldField -->
        <test-method is-config="true" signature="deleteAfterCatch()[pri:0, instance:org.test.ProductModule@550dbc7a]" started-at="2023-06-22T11:55:41 IST" name="deleteAfterCatch" finished-at="2023-06-22T11:55:41 IST" duration-ms="8" status="PASS">
          <reporter-output>
          </reporter-output>
        </test-method> <!-- deleteAfterCatch -->
        <test-method is-config="true" signature="deleteBeforeCatch()[pri:0, instance:org.test.ProductModule@550dbc7a]" started-at="2023-06-22T11:55:41 IST" name="deleteBeforeCatch" finished-at="2023-06-22T11:55:41 IST" duration-ms="8" status="PASS">
          <reporter-output>
          </reporter-output>
        </test-method> <!-- deleteBeforeCatch -->
        <test-method signature="updateButton()[pri:46, instance:org.test.ProductModule@550dbc7a]" started-at="2023-06-22T11:55:41 IST" name="updateButton" finished-at="2023-06-22T11:55:42 IST" duration-ms="440" status="PASS">
          <reporter-output>
          </reporter-output>
        </test-method> <!-- updateButton -->
        <test-method is-config="true" signature="deleteAfterCatch()[pri:0, instance:org.test.ProductModule@550dbc7a]" started-at="2023-06-22T11:55:42 IST" name="deleteAfterCatch" finished-at="2023-06-22T11:55:42 IST" duration-ms="8" status="PASS">
          <reporter-output>
          </reporter-output>
        </test-method> <!-- deleteAfterCatch -->
        <test-method is-config="true" signature="deleteBeforeCatch()[pri:0, instance:org.test.ProductModule@550dbc7a]" started-at="2023-06-22T11:55:42 IST" name="deleteBeforeCatch" finished-at="2023-06-22T11:55:42 IST" duration-ms="8" status="PASS">
          <reporter-output>
          </reporter-output>
        </test-method> <!-- deleteBeforeCatch -->
        <test-method signature="updateProduct()[pri:47, instance:org.test.ProductModule@550dbc7a]" started-at="2023-06-22T11:55:42 IST" name="updateProduct" finished-at="2023-06-22T11:55:50 IST" duration-ms="8698" status="PASS">
          <reporter-output>
          </reporter-output>
        </test-method> <!-- updateProduct -->
        <test-method is-config="true" signature="deleteAfterCatch()[pri:0, instance:org.test.ProductModule@550dbc7a]" started-at="2023-06-22T11:55:50 IST" name="deleteAfterCatch" finished-at="2023-06-22T11:55:50 IST" duration-ms="16" status="PASS">
          <reporter-output>
          </reporter-output>
        </test-method> <!-- deleteAfterCatch -->
        <test-method is-config="true" signature="deleteBeforeCatch()[pri:0, instance:org.test.ProductModule@550dbc7a]" started-at="2023-06-22T11:55:50 IST" name="deleteBeforeCatch" finished-at="2023-06-22T11:55:50 IST" duration-ms="15" status="PASS">
          <reporter-output>
          </reporter-output>
        </test-method> <!-- deleteBeforeCatch -->
        <test-method signature="searchProductName()[pri:48, instance:org.test.ProductModule@550dbc7a]" started-at="2023-06-22T11:55:50 IST" name="searchProductName" finished-at="2023-06-22T11:55:52 IST" duration-ms="1341" status="PASS">
          <reporter-output>
          </reporter-output>
        </test-method> <!-- searchProductName -->
        <test-method is-config="true" signature="deleteAfterCatch()[pri:0, instance:org.test.ProductModule@550dbc7a]" started-at="2023-06-22T11:55:52 IST" name="deleteAfterCatch" finished-at="2023-06-22T11:55:52 IST" duration-ms="8" status="PASS">
          <reporter-output>
          </reporter-output>
        </test-method> <!-- deleteAfterCatch -->
        <test-method is-config="true" signature="deleteBeforeCatch()[pri:0, instance:org.test.ProductModule@550dbc7a]" started-at="2023-06-22T11:55:52 IST" name="deleteBeforeCatch" finished-at="2023-06-22T11:55:52 IST" duration-ms="8" status="PASS">
          <reporter-output>
          </reporter-output>
        </test-method> <!-- deleteBeforeCatch -->
        <test-method signature="searchInvalid()[pri:49, instance:org.test.ProductModule@550dbc7a]" started-at="2023-06-22T11:55:52 IST" name="searchInvalid" finished-at="2023-06-22T11:55:53 IST" duration-ms="1386" status="PASS">
          <reporter-output>
          </reporter-output>
        </test-method> <!-- searchInvalid -->
        <test-method is-config="true" signature="deleteAfterCatch()[pri:0, instance:org.test.ProductModule@550dbc7a]" started-at="2023-06-22T11:55:53 IST" name="deleteAfterCatch" finished-at="2023-06-22T11:55:53 IST" duration-ms="8" status="PASS">
          <reporter-output>
          </reporter-output>
        </test-method> <!-- deleteAfterCatch -->
        <test-method is-config="true" signature="deleteBeforeCatch()[pri:0, instance:org.test.ProductModule@550dbc7a]" started-at="2023-06-22T11:55:53 IST" name="deleteBeforeCatch" finished-at="2023-06-22T11:55:53 IST" duration-ms="8" status="PASS">
          <reporter-output>
          </reporter-output>
        </test-method> <!-- deleteBeforeCatch -->
        <test-method signature="deletedProduct()[pri:50, instance:org.test.ProductModule@550dbc7a]" started-at="2023-06-22T11:55:53 IST" name="deletedProduct" finished-at="2023-06-22T11:56:11 IST" duration-ms="17572" status="PASS">
          <reporter-output>
          </reporter-output>
        </test-method> <!-- deletedProduct -->
        <test-method is-config="true" signature="deleteAfterCatch()[pri:0, instance:org.test.ProductModule@550dbc7a]" started-at="2023-06-22T11:56:11 IST" name="deleteAfterCatch" finished-at="2023-06-22T11:56:11 IST" duration-ms="15" status="PASS">
          <reporter-output>
          </reporter-output>
        </test-method> <!-- deleteAfterCatch -->
        <test-method signature="reflectQuotePage()[pri:51, instance:org.test.ProductModule@550dbc7a]" started-at="2023-06-22T11:56:11 IST" name="reflectQuotePage" finished-at="2023-06-22T11:56:36 IST" duration-ms="25695" status="PASS">
          <reporter-output>
          </reporter-output>
        </test-method> <!-- reflectQuotePage -->
        <test-method is-config="true" signature="deleteBeforeCatch()[pri:0, instance:org.test.ProductModule@550dbc7a]" started-at="2023-06-22T11:56:11 IST" name="deleteBeforeCatch" finished-at="2023-06-22T11:56:11 IST" duration-ms="0" status="PASS">
          <reporter-output>
          </reporter-output>
        </test-method> <!-- deleteBeforeCatch -->
        <test-method is-config="true" signature="deleteAfterCatch()[pri:0, instance:org.test.ProductModule@550dbc7a]" started-at="2023-06-22T11:56:36 IST" name="deleteAfterCatch" finished-at="2023-06-22T11:56:36 IST" duration-ms="15" status="PASS">
          <reporter-output>
          </reporter-output>
        </test-method> <!-- deleteAfterCatch -->
        <test-method is-config="true" signature="deleteBeforeCatch()[pri:0, instance:org.test.ProductModule@550dbc7a]" started-at="2023-06-22T11:56:36 IST" name="deleteBeforeCatch" finished-at="2023-06-22T11:56:36 IST" duration-ms="0" status="PASS">
          <reporter-output>
          </reporter-output>
        </test-method> <!-- deleteBeforeCatch -->
        <test-method signature="inactiveProduct()[pri:52, instance:org.test.ProductModule@550dbc7a]" started-at="2023-06-22T11:56:36 IST" name="inactiveProduct" finished-at="2023-06-22T11:56:53 IST" duration-ms="16388" status="PASS">
          <reporter-output>
          </reporter-output>
        </test-method> <!-- inactiveProduct -->
        <test-method is-config="true" signature="deleteAfterCatch()[pri:0, instance:org.test.ProductModule@550dbc7a]" started-at="2023-06-22T11:56:53 IST" name="deleteAfterCatch" finished-at="2023-06-22T11:56:53 IST" duration-ms="15" status="PASS">
          <reporter-output>
          </reporter-output>
        </test-method> <!-- deleteAfterCatch -->
        <test-method is-config="true" signature="deleteBeforeCatch()[pri:0, instance:org.test.ProductModule@550dbc7a]" started-at="2023-06-22T11:56:53 IST" name="deleteBeforeCatch" finished-at="2023-06-22T11:56:53 IST" duration-ms="0" status="PASS">
          <reporter-output>
          </reporter-output>
        </test-method> <!-- deleteBeforeCatch -->
        <test-method signature="deleteProduct()[pri:53, instance:org.test.ProductModule@550dbc7a]" started-at="2023-06-22T11:56:53 IST" name="deleteProduct" finished-at="2023-06-22T11:57:00 IST" duration-ms="7532" status="PASS">
          <reporter-output>
          </reporter-output>
        </test-method> <!-- deleteProduct -->
        <test-method is-config="true" signature="exitBrowser()[pri:0, instance:org.test.ProductModule@550dbc7a]" started-at="2023-06-22T11:57:00 IST" name="exitBrowser" finished-at="2023-06-22T11:57:01 IST" duration-ms="244" status="PASS">
          <reporter-output>
          </reporter-output>
        </test-method> <!-- exitBrowser -->
        <test-method is-config="true" signature="deleteAfterCatch()[pri:0, instance:org.test.ProductModule@550dbc7a]" started-at="2023-06-22T11:57:00 IST" name="deleteAfterCatch" finished-at="2023-06-22T11:57:00 IST" duration-ms="0" status="PASS">
          <reporter-output>
          </reporter-output>
        </test-method> <!-- deleteAfterCatch -->
      </class> <!-- org.test.ProductModule -->
    </test> <!-- Test -->
  </suite> <!-- Suite -->
</testng-results>
