<?xml version="1.0" encoding="UTF-8"?>
<testng-results ignored="0" total="4" passed="4" failed="0" skipped="0">
  <reporter-output>
  </reporter-output>
  <suite started-at="2023-04-23T16:59:43 IST" name="Default suite" finished-at="2023-04-23T17:01:21 IST" duration-ms="97997">
    <groups>
    </groups>
    <test started-at="2023-04-23T16:59:43 IST" name="Default test" finished-at="2023-04-23T17:01:21 IST" duration-ms="97997">
      <class name="org.enhancement.GlobalContactJob">
        <test-method is-config="true" signature="setup()[pri:0, instance:org.enhancement.GlobalContactJob@37d4349f]" started-at="2023-04-23T16:59:43 IST" name="setup" finished-at="2023-04-23T16:59:46 IST" duration-ms="2272" status="PASS">
          <reporter-output>
          </reporter-output>
        </test-method> <!-- setup -->
        <test-method is-config="true" signature="deleteBeforeCatch()[pri:0, instance:org.enhancement.GlobalContactJob@37d4349f]" started-at="2023-04-23T16:59:46 IST" name="deleteBeforeCatch" finished-at="2023-04-23T16:59:46 IST" duration-ms="8" status="PASS">
          <reporter-output>
          </reporter-output>
        </test-method> <!-- deleteBeforeCatch -->
        <test-method signature="loginPage()[pri:-1, instance:org.enhancement.GlobalContactJob@37d4349f]" started-at="2023-04-23T16:59:46 IST" name="loginPage" finished-at="2023-04-23T17:00:33 IST" duration-ms="47664" status="PASS">
          <reporter-output>
          </reporter-output>
        </test-method> <!-- loginPage -->
        <test-method is-config="true" signature="deleteAfterCatch()[pri:0, instance:org.enhancement.GlobalContactJob@37d4349f]" started-at="2023-04-23T17:00:33 IST" name="deleteAfterCatch" finished-at="2023-04-23T17:00:33 IST" duration-ms="24" status="PASS">
          <reporter-output>
          </reporter-output>
        </test-method> <!-- deleteAfterCatch -->
        <test-method is-config="true" signature="deleteBeforeCatch()[pri:0, instance:org.enhancement.GlobalContactJob@37d4349f]" started-at="2023-04-23T17:00:33 IST" name="deleteBeforeCatch" finished-at="2023-04-23T17:00:33 IST" duration-ms="8" status="PASS">
          <reporter-output>
          </reporter-output>
        </test-method> <!-- deleteBeforeCatch -->
        <test-method signature="jobModule()[pri:0, instance:org.enhancement.GlobalContactJob@37d4349f]" started-at="2023-04-23T17:00:33 IST" name="jobModule" finished-at="2023-04-23T17:00:36 IST" duration-ms="3002" status="PASS">
          <reporter-output>
          </reporter-output>
        </test-method> <!-- jobModule -->
        <test-method is-config="true" signature="deleteAfterCatch()[pri:0, instance:org.enhancement.GlobalContactJob@37d4349f]" started-at="2023-04-23T17:00:36 IST" name="deleteAfterCatch" finished-at="2023-04-23T17:00:36 IST" duration-ms="16" status="PASS">
          <reporter-output>
          </reporter-output>
        </test-method> <!-- deleteAfterCatch -->
        <test-method is-config="true" signature="deleteBeforeCatch()[pri:0, instance:org.enhancement.GlobalContactJob@37d4349f]" started-at="2023-04-23T17:00:36 IST" name="deleteBeforeCatch" finished-at="2023-04-23T17:00:36 IST" duration-ms="17" status="PASS">
          <reporter-output>
          </reporter-output>
        </test-method> <!-- deleteBeforeCatch -->
        <test-method signature="labelValidation()[pri:1, instance:org.enhancement.GlobalContactJob@37d4349f]" started-at="2023-04-23T17:00:36 IST" name="labelValidation" finished-at="2023-04-23T17:00:38 IST" duration-ms="1627" status="PASS">
          <reporter-output>
          </reporter-output>
        </test-method> <!-- labelValidation -->
        <test-method is-config="true" signature="deleteAfterCatch()[pri:0, instance:org.enhancement.GlobalContactJob@37d4349f]" started-at="2023-04-23T17:00:38 IST" name="deleteAfterCatch" finished-at="2023-04-23T17:00:38 IST" duration-ms="16" status="PASS">
          <reporter-output>
          </reporter-output>
        </test-method> <!-- deleteAfterCatch -->
        <test-method is-config="true" signature="deleteBeforeCatch()[pri:0, instance:org.enhancement.GlobalContactJob@37d4349f]" started-at="2023-04-23T17:00:38 IST" name="deleteBeforeCatch" finished-at="2023-04-23T17:00:38 IST" duration-ms="8" status="PASS">
          <reporter-output>
          </reporter-output>
        </test-method> <!-- deleteBeforeCatch -->
        <test-method signature="createJob_FromDateandTime_ToDateandTime()[pri:3, instance:org.enhancement.GlobalContactJob@37d4349f]" started-at="2023-04-23T17:00:38 IST" name="createJob_FromDateandTime_ToDateandTime" finished-at="2023-04-23T17:01:21 IST" duration-ms="42459" status="PASS">
          <reporter-output>
          </reporter-output>
        </test-method> <!-- createJob_FromDateandTime_ToDateandTime -->
        <test-method is-config="true" signature="deleteAfterCatch()[pri:0, instance:org.enhancement.GlobalContactJob@37d4349f]" started-at="2023-04-23T17:01:21 IST" name="deleteAfterCatch" finished-at="2023-04-23T17:01:21 IST" duration-ms="24" status="PASS">
          <reporter-output>
          </reporter-output>
        </test-method> <!-- deleteAfterCatch -->
        <test-method is-config="true" signature="exitBrowser()[pri:0, instance:org.enhancement.GlobalContactJob@37d4349f]" started-at="2023-04-23T17:01:21 IST" name="exitBrowser" finished-at="2023-04-23T17:01:21 IST" duration-ms="801" status="PASS">
          <reporter-output>
          </reporter-output>
        </test-method> <!-- exitBrowser -->
      </class> <!-- org.enhancement.GlobalContactJob -->
    </test> <!-- Default test -->
  </suite> <!-- Default suite -->
</testng-results>
