<?xml version="1.0" encoding="UTF-8"?>
<testng-results ignored="0" total="105" passed="105" failed="0" skipped="0">
  <reporter-output>
  </reporter-output>
  <suite started-at="2023-01-06T16:52:19 IST" name="Default suite" finished-at="2023-01-06T16:56:17 IST" duration-ms="238606">
    <groups>
    </groups>
    <test started-at="2023-01-06T16:52:19 IST" name="Default test" finished-at="2023-01-06T16:56:17 IST" duration-ms="238606">
      <class name="org.test.TeamModule">
        <test-method is-config="true" signature="setup()[pri:0, instance:org.test.TeamModule@194bcebf]" started-at="2023-01-06T16:52:19 IST" name="setup" finished-at="2023-01-06T16:52:21 IST" duration-ms="2178" status="PASS">
          <reporter-output>
          </reporter-output>
        </test-method> <!-- setup -->
        <test-method signature="verify()[pri:1, instance:org.test.TeamModule@194bcebf]" started-at="2023-01-06T16:52:21 IST" name="verify" finished-at="2023-01-06T16:53:05 IST" duration-ms="44074" status="PASS">
          <reporter-output>
          </reporter-output>
        </test-method> <!-- verify -->
        <test-method signature="teamModule()[pri:2, instance:org.test.TeamModule@194bcebf]" started-at="2023-01-06T16:53:05 IST" name="teamModule" finished-at="2023-01-06T16:53:14 IST" duration-ms="8954" status="PASS">
          <reporter-output>
          </reporter-output>
        </test-method> <!-- teamModule -->
        <test-method signature="edit()[pri:3, instance:org.test.TeamModule@194bcebf]" started-at="2023-01-06T16:53:14 IST" name="edit" finished-at="2023-01-06T16:53:17 IST" duration-ms="3279" status="PASS">
          <reporter-output>
          </reporter-output>
        </test-method> <!-- edit -->
        <test-method signature="addLocation()[pri:4, instance:org.test.TeamModule@194bcebf]" started-at="2023-01-06T16:53:17 IST" name="addLocation" finished-at="2023-01-06T16:53:24 IST" duration-ms="6485" status="PASS">
          <reporter-output>
          </reporter-output>
        </test-method> <!-- addLocation -->
        <test-method signature="deleteLocation()[pri:5, instance:org.test.TeamModule@194bcebf]" started-at="2023-01-06T16:53:24 IST" name="deleteLocation" finished-at="2023-01-06T16:53:28 IST" duration-ms="4343" status="PASS">
          <reporter-output>
          </reporter-output>
        </test-method> <!-- deleteLocation -->
        <test-method signature="verifyContractorNameMandatory()[pri:8, instance:org.test.TeamModule@194bcebf]" started-at="2023-01-06T16:53:28 IST" name="verifyContractorNameMandatory" finished-at="2023-01-06T16:53:30 IST" duration-ms="1697" status="PASS">
          <reporter-output>
          </reporter-output>
        </test-method> <!-- verifyContractorNameMandatory -->
        <test-method signature="verifyContractorNumberMinValidation()[pri:9, instance:org.test.TeamModule@194bcebf]" started-at="2023-01-06T16:53:30 IST" name="verifyContractorNumberMinValidation" finished-at="2023-01-06T16:53:30 IST" duration-ms="543" status="PASS">
          <reporter-output>
          </reporter-output>
        </test-method> <!-- verifyContractorNumberMinValidation -->
        <test-method signature="verifyContractorEmailFormat()[pri:10, instance:org.test.TeamModule@194bcebf]" started-at="2023-01-06T16:53:30 IST" name="verifyContractorEmailFormat" finished-at="2023-01-06T16:53:31 IST" duration-ms="337" status="PASS">
          <reporter-output>
          </reporter-output>
        </test-method> <!-- verifyContractorEmailFormat -->
        <test-method signature="verifyContractorNumberMaxValidation()[pri:11, instance:org.test.TeamModule@194bcebf]" started-at="2023-01-06T16:53:31 IST" name="verifyContractorNumberMaxValidation" finished-at="2023-01-06T16:53:31 IST" duration-ms="416" status="PASS">
          <reporter-output>
          </reporter-output>
        </test-method> <!-- verifyContractorNumberMaxValidation -->
        <test-method signature="verifyFaxMinValidation()[pri:12, instance:org.test.TeamModule@194bcebf]" started-at="2023-01-06T16:53:31 IST" name="verifyFaxMinValidation" finished-at="2023-01-06T16:53:31 IST" duration-ms="272" status="PASS">
          <reporter-output>
          </reporter-output>
        </test-method> <!-- verifyFaxMinValidation -->
        <test-method signature="verifyFaxMaxValidation()[pri:13, instance:org.test.TeamModule@194bcebf]" started-at="2023-01-06T16:53:31 IST" name="verifyFaxMaxValidation" finished-at="2023-01-06T16:53:32 IST" duration-ms="439" status="PASS">
          <reporter-output>
          </reporter-output>
        </test-method> <!-- verifyFaxMaxValidation -->
        <test-method signature="verifyCpersonFirstNameMaxValidation()[pri:14, instance:org.test.TeamModule@194bcebf]" started-at="2023-01-06T16:53:32 IST" name="verifyCpersonFirstNameMaxValidation" finished-at="2023-01-06T16:53:33 IST" duration-ms="1248" status="PASS">
          <reporter-output>
          </reporter-output>
        </test-method> <!-- verifyCpersonFirstNameMaxValidation -->
        <test-method signature="verifyCpersonLastNameMaxValidation()[pri:14, instance:org.test.TeamModule@194bcebf]" started-at="2023-01-06T16:53:33 IST" name="verifyCpersonLastNameMaxValidation" finished-at="2023-01-06T16:53:34 IST" duration-ms="1256" status="PASS">
          <reporter-output>
          </reporter-output>
        </test-method> <!-- verifyCpersonLastNameMaxValidation -->
        <test-method signature="maxValidationLocationNameField()[pri:15, instance:org.test.TeamModule@194bcebf]" started-at="2023-01-06T16:53:34 IST" name="maxValidationLocationNameField" finished-at="2023-01-06T16:53:36 IST" duration-ms="2161" status="PASS">
          <reporter-output>
          </reporter-output>
        </test-method> <!-- maxValidationLocationNameField -->
        <test-method signature="validateEmailField()[pri:16, instance:org.test.TeamModule@194bcebf]" started-at="2023-01-06T16:53:36 IST" name="validateEmailField" finished-at="2023-01-06T16:53:37 IST" duration-ms="280" status="PASS">
          <reporter-output>
          </reporter-output>
        </test-method> <!-- validateEmailField -->
        <test-method signature="maxValidationEmailField()[pri:17, instance:org.test.TeamModule@194bcebf]" started-at="2023-01-06T16:53:37 IST" name="maxValidationEmailField" finished-at="2023-01-06T16:53:39 IST" duration-ms="1817" status="PASS">
          <reporter-output>
          </reporter-output>
        </test-method> <!-- maxValidationEmailField -->
        <test-method signature="minValidationPhoneNumberField()[pri:18, instance:org.test.TeamModule@194bcebf]" started-at="2023-01-06T16:53:39 IST" name="minValidationPhoneNumberField" finished-at="2023-01-06T16:53:39 IST" duration-ms="176" status="PASS">
          <reporter-output>
          </reporter-output>
        </test-method> <!-- minValidationPhoneNumberField -->
        <test-method signature="maxValidationPhoneNumberField()[pri:19, instance:org.test.TeamModule@194bcebf]" started-at="2023-01-06T16:53:39 IST" name="maxValidationPhoneNumberField" finished-at="2023-01-06T16:53:39 IST" duration-ms="168" status="PASS">
          <reporter-output>
          </reporter-output>
        </test-method> <!-- maxValidationPhoneNumberField -->
        <test-method signature="maxValidationAddress1Field()[pri:20, instance:org.test.TeamModule@194bcebf]" started-at="2023-01-06T16:53:39 IST" name="maxValidationAddress1Field" finished-at="2023-01-06T16:53:40 IST" duration-ms="1353" status="PASS">
          <reporter-output>
          </reporter-output>
        </test-method> <!-- maxValidationAddress1Field -->
        <test-method signature="maxValidationAddress2Field()[pri:21, instance:org.test.TeamModule@194bcebf]" started-at="2023-01-06T16:53:40 IST" name="maxValidationAddress2Field" finished-at="2023-01-06T16:53:42 IST" duration-ms="1416" status="PASS">
          <reporter-output>
          </reporter-output>
        </test-method> <!-- maxValidationAddress2Field -->
        <test-method signature="maxValidationStateField()[pri:22, instance:org.test.TeamModule@194bcebf]" started-at="2023-01-06T16:53:42 IST" name="maxValidationStateField" finished-at="2023-01-06T16:53:43 IST" duration-ms="1395" status="PASS">
          <reporter-output>
          </reporter-output>
        </test-method> <!-- maxValidationStateField -->
        <test-method signature="maxValidationCityField()[pri:23, instance:org.test.TeamModule@194bcebf]" started-at="2023-01-06T16:53:43 IST" name="maxValidationCityField" finished-at="2023-01-06T16:53:44 IST" duration-ms="1432" status="PASS">
          <reporter-output>
          </reporter-output>
        </test-method> <!-- maxValidationCityField -->
        <test-method signature="maxValidationZipcodeField()[pri:24, instance:org.test.TeamModule@194bcebf]" started-at="2023-01-06T16:53:44 IST" name="maxValidationZipcodeField" finished-at="2023-01-06T16:53:45 IST" duration-ms="352" status="PASS">
          <reporter-output>
          </reporter-output>
        </test-method> <!-- maxValidationZipcodeField -->
        <test-method signature="minValidationZipcodeField()[pri:25, instance:org.test.TeamModule@194bcebf]" started-at="2023-01-06T16:53:45 IST" name="minValidationZipcodeField" finished-at="2023-01-06T16:53:45 IST" duration-ms="321" status="PASS">
          <reporter-output>
          </reporter-output>
        </test-method> <!-- minValidationZipcodeField -->
        <test-method signature="characterValidationZipcodeField()[pri:26, instance:org.test.TeamModule@194bcebf]" started-at="2023-01-06T16:53:45 IST" name="characterValidationZipcodeField" finished-at="2023-01-06T16:53:45 IST" duration-ms="279" status="PASS">
          <reporter-output>
          </reporter-output>
        </test-method> <!-- characterValidationZipcodeField -->
        <test-method signature="maxValidationContactPerson()[pri:27, instance:org.test.TeamModule@194bcebf]" started-at="2023-01-06T16:53:45 IST" name="maxValidationContactPerson" finished-at="2023-01-06T16:53:47 IST" duration-ms="1729" status="PASS">
          <reporter-output>
          </reporter-output>
        </test-method> <!-- maxValidationContactPerson -->
        <test-method signature="verifySaveButtonExist()[pri:28, instance:org.test.TeamModule@194bcebf]" started-at="2023-01-06T16:53:47 IST" name="verifySaveButtonExist" finished-at="2023-01-06T16:53:47 IST" duration-ms="32" status="PASS">
          <reporter-output>
          </reporter-output>
        </test-method> <!-- verifySaveButtonExist -->
        <test-method signature="createContract()[pri:29, instance:org.test.TeamModule@194bcebf]" started-at="2023-01-06T16:53:47 IST" name="createContract" finished-at="2023-01-06T16:53:51 IST" duration-ms="4130" status="PASS">
          <reporter-output>
          </reporter-output>
        </test-method> <!-- createContract -->
        <test-method signature="contractotCompanyNameExistedValidation()[pri:30, instance:org.test.TeamModule@194bcebf]" started-at="2023-01-06T16:53:51 IST" name="contractotCompanyNameExistedValidation" finished-at="2023-01-06T16:53:54 IST" duration-ms="2876" status="PASS">
          <reporter-output>
          </reporter-output>
        </test-method> <!-- contractotCompanyNameExistedValidation -->
        <test-method signature="contractorAlreadyEmailValidation()[pri:31, instance:org.test.TeamModule@194bcebf]" started-at="2023-01-06T16:53:54 IST" name="contractorAlreadyEmailValidation" finished-at="2023-01-06T16:53:55 IST" duration-ms="897" status="PASS">
          <reporter-output>
          </reporter-output>
        </test-method> <!-- contractorAlreadyEmailValidation -->
        <test-method signature="listValidationName()[pri:33, instance:org.test.TeamModule@194bcebf]" started-at="2023-01-06T16:53:55 IST" name="listValidationName" finished-at="2023-01-06T16:53:56 IST" duration-ms="1123" status="PASS">
          <reporter-output>
          </reporter-output>
        </test-method> <!-- listValidationName -->
        <test-method signature="searchCompanyNameListValidation()[pri:34, instance:org.test.TeamModule@194bcebf]" started-at="2023-01-06T16:53:56 IST" name="searchCompanyNameListValidation" finished-at="2023-01-06T16:53:58 IST" duration-ms="1859" status="PASS">
          <reporter-output>
          </reporter-output>
        </test-method> <!-- searchCompanyNameListValidation -->
        <test-method signature="searchNameListValidation()[pri:35, instance:org.test.TeamModule@194bcebf]" started-at="2023-01-06T16:53:58 IST" name="searchNameListValidation" finished-at="2023-01-06T16:54:01 IST" duration-ms="3335" status="PASS">
          <reporter-output>
          </reporter-output>
        </test-method> <!-- searchNameListValidation -->
        <test-method signature="searchEmailListValidation()[pri:36, instance:org.test.TeamModule@194bcebf]" started-at="2023-01-06T16:54:01 IST" name="searchEmailListValidation" finished-at="2023-01-06T16:54:03 IST" duration-ms="1688" status="PASS">
          <reporter-output>
          </reporter-output>
        </test-method> <!-- searchEmailListValidation -->
        <test-method signature="searchPhoneNumberListValidation()[pri:37, instance:org.test.TeamModule@194bcebf]" started-at="2023-01-06T16:54:03 IST" name="searchPhoneNumberListValidation" finished-at="2023-01-06T16:54:05 IST" duration-ms="1658" status="PASS">
          <reporter-output>
          </reporter-output>
        </test-method> <!-- searchPhoneNumberListValidation -->
        <test-method signature="invalidValidationData()[pri:38, instance:org.test.TeamModule@194bcebf]" started-at="2023-01-06T16:54:05 IST" name="invalidValidationData" finished-at="2023-01-06T16:54:06 IST" duration-ms="1569" status="PASS">
          <reporter-output>
          </reporter-output>
        </test-method> <!-- invalidValidationData -->
        <test-method signature="editContractorPage()[pri:39, instance:org.test.TeamModule@194bcebf]" started-at="2023-01-06T16:54:06 IST" name="editContractorPage" finished-at="2023-01-06T16:54:09 IST" duration-ms="2172" status="PASS">
          <reporter-output>
          </reporter-output>
        </test-method> <!-- editContractorPage -->
        <test-method signature="editContractorDetails()[pri:40, instance:org.test.TeamModule@194bcebf]" started-at="2023-01-06T16:54:09 IST" name="editContractorDetails" finished-at="2023-01-06T16:54:13 IST" duration-ms="4130" status="PASS">
          <reporter-output>
          </reporter-output>
        </test-method> <!-- editContractorDetails -->
        <test-method signature="deleteContractorDetails()[pri:41, instance:org.test.TeamModule@194bcebf]" started-at="2023-01-06T16:54:13 IST" name="deleteContractorDetails" finished-at="2023-01-06T16:54:18 IST" duration-ms="4919" status="PASS">
          <reporter-output>
          </reporter-output>
        </test-method> <!-- deleteContractorDetails -->
        <test-method signature="landingUserFormPage()[pri:42, instance:org.test.TeamModule@194bcebf]" started-at="2023-01-06T16:54:18 IST" name="landingUserFormPage" finished-at="2023-01-06T16:54:20 IST" duration-ms="2579" status="PASS">
          <reporter-output>
          </reporter-output>
        </test-method> <!-- landingUserFormPage -->
        <test-method signature="mandatoryValidationFirstNameField()[pri:43, instance:org.test.TeamModule@194bcebf]" started-at="2023-01-06T16:54:20 IST" name="mandatoryValidationFirstNameField" finished-at="2023-01-06T16:54:21 IST" duration-ms="505" status="PASS">
          <reporter-output>
          </reporter-output>
        </test-method> <!-- mandatoryValidationFirstNameField -->
        <test-method signature="mandatoryValidationTypeField()[pri:44, instance:org.test.TeamModule@194bcebf]" started-at="2023-01-06T16:54:21 IST" name="mandatoryValidationTypeField" finished-at="2023-01-06T16:54:21 IST" duration-ms="610" status="PASS">
          <reporter-output>
          </reporter-output>
        </test-method> <!-- mandatoryValidationTypeField -->
        <test-method signature="mandatoryValidationEmailField()[pri:45, instance:org.test.TeamModule@194bcebf]" started-at="2023-01-06T16:54:21 IST" name="mandatoryValidationEmailField" finished-at="2023-01-06T16:54:22 IST" duration-ms="444" status="PASS">
          <reporter-output>
          </reporter-output>
        </test-method> <!-- mandatoryValidationEmailField -->
        <test-method signature="maxValidationFirstNameField()[pri:46, instance:org.test.TeamModule@194bcebf]" started-at="2023-01-06T16:54:22 IST" name="maxValidationFirstNameField" finished-at="2023-01-06T16:54:23 IST" duration-ms="1112" status="PASS">
          <reporter-output>
          </reporter-output>
        </test-method> <!-- maxValidationFirstNameField -->
        <test-method signature="maxValidationLastNameField()[pri:47, instance:org.test.TeamModule@194bcebf]" started-at="2023-01-06T16:54:23 IST" name="maxValidationLastNameField" finished-at="2023-01-06T16:54:24 IST" duration-ms="996" status="PASS">
          <reporter-output>
          </reporter-output>
        </test-method> <!-- maxValidationLastNameField -->
        <test-method signature="maxValidationJobTittleField()[pri:48, instance:org.test.TeamModule@194bcebf]" started-at="2023-01-06T16:54:24 IST" name="maxValidationJobTittleField" finished-at="2023-01-06T16:54:25 IST" duration-ms="1073" status="PASS">
          <reporter-output>
          </reporter-output>
        </test-method> <!-- maxValidationJobTittleField -->
        <test-method signature="maxValidationEmailFields()[pri:49, instance:org.test.TeamModule@194bcebf]" started-at="2023-01-06T16:54:25 IST" name="maxValidationEmailFields" finished-at="2023-01-06T16:54:26 IST" duration-ms="1105" status="PASS">
          <reporter-output>
          </reporter-output>
        </test-method> <!-- maxValidationEmailFields -->
        <test-method signature="invalidEmailValidation()[pri:50, instance:org.test.TeamModule@194bcebf]" started-at="2023-01-06T16:54:26 IST" name="invalidEmailValidation" finished-at="2023-01-06T16:54:26 IST" duration-ms="280" status="PASS">
          <reporter-output>
          </reporter-output>
        </test-method> <!-- invalidEmailValidation -->
        <test-method signature="minValidatonPhoneNumber()[pri:51, instance:org.test.TeamModule@194bcebf]" started-at="2023-01-06T16:54:26 IST" name="minValidatonPhoneNumber" finished-at="2023-01-06T16:54:27 IST" duration-ms="225" status="PASS">
          <reporter-output>
          </reporter-output>
        </test-method> <!-- minValidatonPhoneNumber -->
        <test-method signature="maxValidatonPhoneNumber()[pri:52, instance:org.test.TeamModule@194bcebf]" started-at="2023-01-06T16:54:27 IST" name="maxValidatonPhoneNumber" finished-at="2023-01-06T16:54:27 IST" duration-ms="447" status="PASS">
          <reporter-output>
          </reporter-output>
        </test-method> <!-- maxValidatonPhoneNumber -->
        <test-method signature="maxValidationLocationName()[pri:53, instance:org.test.TeamModule@194bcebf]" started-at="2023-01-06T16:54:27 IST" name="maxValidationLocationName" finished-at="2023-01-06T16:54:28 IST" duration-ms="1024" status="PASS">
          <reporter-output>
          </reporter-output>
        </test-method> <!-- maxValidationLocationName -->
        <test-method signature="maxValidationAddress1()[pri:54, instance:org.test.TeamModule@194bcebf]" started-at="2023-01-06T16:54:28 IST" name="maxValidationAddress1" finished-at="2023-01-06T16:54:29 IST" duration-ms="969" status="PASS">
          <reporter-output>
          </reporter-output>
        </test-method> <!-- maxValidationAddress1 -->
        <test-method signature="maxValidationAddress2()[pri:55, instance:org.test.TeamModule@194bcebf]" started-at="2023-01-06T16:54:29 IST" name="maxValidationAddress2" finished-at="2023-01-06T16:54:30 IST" duration-ms="1011" status="PASS">
          <reporter-output>
          </reporter-output>
        </test-method> <!-- maxValidationAddress2 -->
        <test-method signature="maxValidationState()[pri:56, instance:org.test.TeamModule@194bcebf]" started-at="2023-01-06T16:54:30 IST" name="maxValidationState" finished-at="2023-01-06T16:54:31 IST" duration-ms="1015" status="PASS">
          <reporter-output>
          </reporter-output>
        </test-method> <!-- maxValidationState -->
        <test-method signature="maxValidationCity()[pri:57, instance:org.test.TeamModule@194bcebf]" started-at="2023-01-06T16:54:31 IST" name="maxValidationCity" finished-at="2023-01-06T16:54:32 IST" duration-ms="977" status="PASS">
          <reporter-output>
          </reporter-output>
        </test-method> <!-- maxValidationCity -->
        <test-method signature="specialCharacterValidationContractorZipcode()[pri:57, instance:org.test.TeamModule@194bcebf]" started-at="2023-01-06T16:54:32 IST" name="specialCharacterValidationContractorZipcode" finished-at="2023-01-06T16:54:32 IST" duration-ms="225" status="PASS">
          <reporter-output>
          </reporter-output>
        </test-method> <!-- specialCharacterValidationContractorZipcode -->
        <test-method signature="minValidationZipcode()[pri:58, instance:org.test.TeamModule@194bcebf]" started-at="2023-01-06T16:54:32 IST" name="minValidationZipcode" finished-at="2023-01-06T16:54:33 IST" duration-ms="377" status="PASS">
          <reporter-output>
          </reporter-output>
        </test-method> <!-- minValidationZipcode -->
        <test-method signature="specialCharacterValidationZipcode()[pri:59, instance:org.test.TeamModule@194bcebf]" started-at="2023-01-06T16:54:33 IST" name="specialCharacterValidationZipcode" finished-at="2023-01-06T16:54:33 IST" duration-ms="232" status="PASS">
          <reporter-output>
          </reporter-output>
        </test-method> <!-- specialCharacterValidationZipcode -->
        <test-method signature="maxValidationZipcode()[pri:60, instance:org.test.TeamModule@194bcebf]" started-at="2023-01-06T16:54:33 IST" name="maxValidationZipcode" finished-at="2023-01-06T16:54:33 IST" duration-ms="553" status="PASS">
          <reporter-output>
          </reporter-output>
        </test-method> <!-- maxValidationZipcode -->
        <test-method signature="userCreate()[pri:61, instance:org.test.TeamModule@194bcebf]" started-at="2023-01-06T16:54:33 IST" name="userCreate" finished-at="2023-01-06T16:54:37 IST" duration-ms="3802" status="PASS">
          <reporter-output>
          </reporter-output>
        </test-method> <!-- userCreate -->
        <test-method signature="alreadyExistedMailValidation()[pri:62, instance:org.test.TeamModule@194bcebf]" started-at="2023-01-06T16:54:37 IST" name="alreadyExistedMailValidation" finished-at="2023-01-06T16:54:44 IST" duration-ms="7213" status="PASS">
          <reporter-output>
          </reporter-output>
        </test-method> <!-- alreadyExistedMailValidation -->
        <test-method signature="createdListName()[pri:62, instance:org.test.TeamModule@194bcebf]" started-at="2023-01-06T16:54:44 IST" name="createdListName" finished-at="2023-01-06T16:54:44 IST" duration-ms="56" status="PASS">
          <reporter-output>
          </reporter-output>
        </test-method> <!-- createdListName -->
        <test-method signature="searchNameValidation()[pri:63, instance:org.test.TeamModule@194bcebf]" started-at="2023-01-06T16:54:44 IST" name="searchNameValidation" finished-at="2023-01-06T16:54:48 IST" duration-ms="3170" status="PASS">
          <reporter-output>
          </reporter-output>
        </test-method> <!-- searchNameValidation -->
        <test-method signature="searchPhoneNumberValidation()[pri:63, instance:org.test.TeamModule@194bcebf]" started-at="2023-01-06T16:54:48 IST" name="searchPhoneNumberValidation" finished-at="2023-01-06T16:54:49 IST" duration-ms="1616" status="PASS">
          <reporter-output>
          </reporter-output>
        </test-method> <!-- searchPhoneNumberValidation -->
        <test-method signature="searchEmailValidation()[pri:64, instance:org.test.TeamModule@194bcebf]" started-at="2023-01-06T16:54:49 IST" name="searchEmailValidation" finished-at="2023-01-06T16:54:51 IST" duration-ms="1713" status="PASS">
          <reporter-output>
          </reporter-output>
        </test-method> <!-- searchEmailValidation -->
        <test-method signature="invalidDataValidation()[pri:65, instance:org.test.TeamModule@194bcebf]" started-at="2023-01-06T16:54:51 IST" name="invalidDataValidation" finished-at="2023-01-06T16:54:53 IST" duration-ms="2202" status="PASS">
          <reporter-output>
          </reporter-output>
        </test-method> <!-- invalidDataValidation -->
        <test-method signature="landingOnEditForm()[pri:66, instance:org.test.TeamModule@194bcebf]" started-at="2023-01-06T16:54:53 IST" name="landingOnEditForm" finished-at="2023-01-06T16:54:56 IST" duration-ms="2608" status="PASS">
          <reporter-output>
          </reporter-output>
        </test-method> <!-- landingOnEditForm -->
        <test-method signature="editUserDetails()[pri:67, instance:org.test.TeamModule@194bcebf]" started-at="2023-01-06T16:54:56 IST" name="editUserDetails" finished-at="2023-01-06T16:55:03 IST" duration-ms="7695" status="PASS">
          <reporter-output>
          </reporter-output>
        </test-method> <!-- editUserDetails -->
        <test-method signature="deleteUserDetails()[pri:68, instance:org.test.TeamModule@194bcebf]" started-at="2023-01-06T16:55:03 IST" name="deleteUserDetails" finished-at="2023-01-06T16:55:07 IST" duration-ms="3279" status="PASS">
          <reporter-output>
          </reporter-output>
        </test-method> <!-- deleteUserDetails -->
        <test-method signature="landingContractorFormPage()[pri:69, instance:org.test.TeamModule@194bcebf]" started-at="2023-01-06T16:55:07 IST" name="landingContractorFormPage" finished-at="2023-01-06T16:55:08 IST" duration-ms="1489" status="PASS">
          <reporter-output>
          </reporter-output>
        </test-method> <!-- landingContractorFormPage -->
        <test-method signature="mandatoryValidationContractorFirstNameField()[pri:72, instance:org.test.TeamModule@194bcebf]" started-at="2023-01-06T16:55:08 IST" name="mandatoryValidationContractorFirstNameField" finished-at="2023-01-06T16:55:09 IST" duration-ms="489" status="PASS">
          <reporter-output>
          </reporter-output>
        </test-method> <!-- mandatoryValidationContractorFirstNameField -->
        <test-method signature="mandatoryValidationContractorEmailField()[pri:73, instance:org.test.TeamModule@194bcebf]" started-at="2023-01-06T16:55:09 IST" name="mandatoryValidationContractorEmailField" finished-at="2023-01-06T16:55:09 IST" duration-ms="448" status="PASS">
          <reporter-output>
          </reporter-output>
        </test-method> <!-- mandatoryValidationContractorEmailField -->
        <test-method signature="mandatoryOrganizationName()[pri:74, instance:org.test.TeamModule@194bcebf]" started-at="2023-01-06T16:55:09 IST" name="mandatoryOrganizationName" finished-at="2023-01-06T16:55:12 IST" duration-ms="2940" status="PASS">
          <reporter-output>
          </reporter-output>
        </test-method> <!-- mandatoryOrganizationName -->
        <test-method signature="maxValidationContractorFirstNameField()[pri:75, instance:org.test.TeamModule@194bcebf]" started-at="2023-01-06T16:55:12 IST" name="maxValidationContractorFirstNameField" finished-at="2023-01-06T16:55:13 IST" duration-ms="1143" status="PASS">
          <reporter-output>
          </reporter-output>
        </test-method> <!-- maxValidationContractorFirstNameField -->
        <test-method signature="maxValidationContractorLastNameField()[pri:76, instance:org.test.TeamModule@194bcebf]" started-at="2023-01-06T16:55:13 IST" name="maxValidationContractorLastNameField" finished-at="2023-01-06T16:55:14 IST" duration-ms="1081" status="PASS">
          <reporter-output>
          </reporter-output>
        </test-method> <!-- maxValidationContractorLastNameField -->
        <test-method signature="invalidContractorEmailValidation()[pri:77, instance:org.test.TeamModule@194bcebf]" started-at="2023-01-06T16:55:14 IST" name="invalidContractorEmailValidation" finished-at="2023-01-06T16:55:15 IST" duration-ms="328" status="PASS">
          <reporter-output>
          </reporter-output>
        </test-method> <!-- invalidContractorEmailValidation -->
        <test-method signature="maxValidationContractorEmailFields()[pri:78, instance:org.test.TeamModule@194bcebf]" started-at="2023-01-06T16:55:15 IST" name="maxValidationContractorEmailFields" finished-at="2023-01-06T16:55:16 IST" duration-ms="1057" status="PASS">
          <reporter-output>
          </reporter-output>
        </test-method> <!-- maxValidationContractorEmailFields -->
        <test-method signature="minValidatonContractorPhoneNumber()[pri:79, instance:org.test.TeamModule@194bcebf]" started-at="2023-01-06T16:55:16 IST" name="minValidatonContractorPhoneNumber" finished-at="2023-01-06T16:55:16 IST" duration-ms="425" status="PASS">
          <reporter-output>
          </reporter-output>
        </test-method> <!-- minValidatonContractorPhoneNumber -->
        <test-method signature="maxValidatonContractorPhoneNumber()[pri:80, instance:org.test.TeamModule@194bcebf]" started-at="2023-01-06T16:55:16 IST" name="maxValidatonContractorPhoneNumber" finished-at="2023-01-06T16:55:17 IST" duration-ms="457" status="PASS">
          <reporter-output>
          </reporter-output>
        </test-method> <!-- maxValidatonContractorPhoneNumber -->
        <test-method signature="maxValidationContractorLocationName()[pri:81, instance:org.test.TeamModule@194bcebf]" started-at="2023-01-06T16:55:17 IST" name="maxValidationContractorLocationName" finished-at="2023-01-06T16:55:18 IST" duration-ms="1104" status="PASS">
          <reporter-output>
          </reporter-output>
        </test-method> <!-- maxValidationContractorLocationName -->
        <test-method signature="maxValidationContractorAddress1()[pri:82, instance:org.test.TeamModule@194bcebf]" started-at="2023-01-06T16:55:18 IST" name="maxValidationContractorAddress1" finished-at="2023-01-06T16:55:19 IST" duration-ms="1025" status="PASS">
          <reporter-output>
          </reporter-output>
        </test-method> <!-- maxValidationContractorAddress1 -->
        <test-method signature="maxValidationContractorAddress2()[pri:83, instance:org.test.TeamModule@194bcebf]" started-at="2023-01-06T16:55:19 IST" name="maxValidationContractorAddress2" finished-at="2023-01-06T16:55:20 IST" duration-ms="1024" status="PASS">
          <reporter-output>
          </reporter-output>
        </test-method> <!-- maxValidationContractorAddress2 -->
        <test-method signature="maxValidationContractorState()[pri:84, instance:org.test.TeamModule@194bcebf]" started-at="2023-01-06T16:55:20 IST" name="maxValidationContractorState" finished-at="2023-01-06T16:55:21 IST" duration-ms="1032" status="PASS">
          <reporter-output>
          </reporter-output>
        </test-method> <!-- maxValidationContractorState -->
        <test-method signature="maxValidationContractorCity()[pri:85, instance:org.test.TeamModule@194bcebf]" started-at="2023-01-06T16:55:21 IST" name="maxValidationContractorCity" finished-at="2023-01-06T16:55:22 IST" duration-ms="975" status="PASS">
          <reporter-output>
          </reporter-output>
        </test-method> <!-- maxValidationContractorCity -->
        <test-method signature="minValidationContractorZipcode()[pri:86, instance:org.test.TeamModule@194bcebf]" started-at="2023-01-06T16:55:22 IST" name="minValidationContractorZipcode" finished-at="2023-01-06T16:55:22 IST" duration-ms="424" status="PASS">
          <reporter-output>
          </reporter-output>
        </test-method> <!-- minValidationContractorZipcode -->
        <test-method signature="maxValidationContractorZipcode()[pri:88, instance:org.test.TeamModule@194bcebf]" started-at="2023-01-06T16:55:22 IST" name="maxValidationContractorZipcode" finished-at="2023-01-06T16:55:23 IST" duration-ms="591" status="PASS">
          <reporter-output>
          </reporter-output>
        </test-method> <!-- maxValidationContractorZipcode -->
        <test-method signature="userContractorCreate()[pri:89, instance:org.test.TeamModule@194bcebf]" started-at="2023-01-06T16:55:23 IST" name="userContractorCreate" finished-at="2023-01-06T16:55:28 IST" duration-ms="5081" status="PASS">
          <reporter-output>
          </reporter-output>
        </test-method> <!-- userContractorCreate -->
        <test-method signature="createdContractorListName()[pri:90, instance:org.test.TeamModule@194bcebf]" started-at="2023-01-06T16:55:28 IST" name="createdContractorListName" finished-at="2023-01-06T16:55:30 IST" duration-ms="1665" status="PASS">
          <reporter-output>
          </reporter-output>
        </test-method> <!-- createdContractorListName -->
        <test-method signature="alreadyExistedContractorMailValidation()[pri:91, instance:org.test.TeamModule@194bcebf]" started-at="2023-01-06T16:55:30 IST" name="alreadyExistedContractorMailValidation" finished-at="2023-01-06T16:55:35 IST" duration-ms="5734" status="PASS">
          <reporter-output>
          </reporter-output>
        </test-method> <!-- alreadyExistedContractorMailValidation -->
        <test-method signature="searchContractorNameValidation()[pri:92, instance:org.test.TeamModule@194bcebf]" started-at="2023-01-06T16:55:35 IST" name="searchContractorNameValidation" finished-at="2023-01-06T16:55:37 IST" duration-ms="2195" status="PASS">
          <reporter-output>
          </reporter-output>
        </test-method> <!-- searchContractorNameValidation -->
        <test-method signature="searchContractorPhoneNumberValidation()[pri:93, instance:org.test.TeamModule@194bcebf]" started-at="2023-01-06T16:55:37 IST" name="searchContractorPhoneNumberValidation" finished-at="2023-01-06T16:55:40 IST" duration-ms="2060" status="PASS">
          <reporter-output>
          </reporter-output>
        </test-method> <!-- searchContractorPhoneNumberValidation -->
        <test-method signature="searchContractorEmailValidation()[pri:94, instance:org.test.TeamModule@194bcebf]" started-at="2023-01-06T16:55:40 IST" name="searchContractorEmailValidation" finished-at="2023-01-06T16:55:46 IST" duration-ms="6564" status="PASS">
          <reporter-output>
          </reporter-output>
        </test-method> <!-- searchContractorEmailValidation -->
        <test-method signature="filterByCompany()[pri:95, instance:org.test.TeamModule@194bcebf]" started-at="2023-01-06T16:55:46 IST" name="filterByCompany" finished-at="2023-01-06T16:55:49 IST" duration-ms="2546" status="PASS">
          <reporter-output>
          </reporter-output>
        </test-method> <!-- filterByCompany -->
        <test-method signature="invalidDatasValidation()[pri:96, instance:org.test.TeamModule@194bcebf]" started-at="2023-01-06T16:55:49 IST" name="invalidDatasValidation" finished-at="2023-01-06T16:55:50 IST" duration-ms="1743" status="PASS">
          <reporter-output>
          </reporter-output>
        </test-method> <!-- invalidDatasValidation -->
        <test-method signature="landingOnContractorEditForm()[pri:97, instance:org.test.TeamModule@194bcebf]" started-at="2023-01-06T16:55:50 IST" name="landingOnContractorEditForm" finished-at="2023-01-06T16:55:53 IST" duration-ms="2148" status="PASS">
          <reporter-output>
          </reporter-output>
        </test-method> <!-- landingOnContractorEditForm -->
        <test-method signature="editContractorDetail()[pri:98, instance:org.test.TeamModule@194bcebf]" started-at="2023-01-06T16:55:53 IST" name="editContractorDetail" finished-at="2023-01-06T16:56:00 IST" duration-ms="7543" status="PASS">
          <reporter-output>
          </reporter-output>
        </test-method> <!-- editContractorDetail -->
        <test-method signature="deleteContractorDetail()[pri:99, instance:org.test.TeamModule@194bcebf]" started-at="2023-01-06T16:56:00 IST" name="deleteContractorDetail" finished-at="2023-01-06T16:56:03 IST" duration-ms="2777" status="PASS">
          <reporter-output>
          </reporter-output>
        </test-method> <!-- deleteContractorDetail -->
        <test-method signature="landOnSendInvitePage()[pri:100, instance:org.test.TeamModule@194bcebf]" started-at="2023-01-06T16:56:03 IST" name="landOnSendInvitePage" finished-at="2023-01-06T16:56:04 IST" duration-ms="1509" status="PASS">
          <reporter-output>
          </reporter-output>
        </test-method> <!-- landOnSendInvitePage -->
        <test-method signature="verifyEmailRequired()[pri:101, instance:org.test.TeamModule@194bcebf]" started-at="2023-01-06T16:56:04 IST" name="verifyEmailRequired" finished-at="2023-01-06T16:56:05 IST" duration-ms="248" status="PASS">
          <reporter-output>
          </reporter-output>
        </test-method> <!-- verifyEmailRequired -->
        <test-method signature="verfiyEmailFormat()[pri:103, instance:org.test.TeamModule@194bcebf]" started-at="2023-01-06T16:56:05 IST" name="verfiyEmailFormat" finished-at="2023-01-06T16:56:06 IST" duration-ms="1599" status="PASS">
          <reporter-output>
          </reporter-output>
        </test-method> <!-- verfiyEmailFormat -->
        <test-method signature="verifyFirstName()[pri:104, instance:org.test.TeamModule@194bcebf]" started-at="2023-01-06T16:56:06 IST" name="verifyFirstName" finished-at="2023-01-06T16:56:07 IST" duration-ms="360" status="PASS">
          <reporter-output>
          </reporter-output>
        </test-method> <!-- verifyFirstName -->
        <test-method signature="verifyFirstNamewithBlankSpace()[pri:105, instance:org.test.TeamModule@194bcebf]" started-at="2023-01-06T16:56:07 IST" name="verifyFirstNamewithBlankSpace" finished-at="2023-01-06T16:56:09 IST" duration-ms="2454" status="PASS">
          <reporter-output>
          </reporter-output>
        </test-method> <!-- verifyFirstNamewithBlankSpace -->
        <test-method signature="verifyUserEnterMessage()[pri:106, instance:org.test.TeamModule@194bcebf]" started-at="2023-01-06T16:56:09 IST" name="verifyUserEnterMessage" finished-at="2023-01-06T16:56:13 IST" duration-ms="4234" status="PASS">
          <reporter-output>
          </reporter-output>
        </test-method> <!-- verifyUserEnterMessage -->
        <test-method signature="verfiyAddMoreButton()[pri:107, instance:org.test.TeamModule@194bcebf]" started-at="2023-01-06T16:56:13 IST" name="verfiyAddMoreButton" finished-at="2023-01-06T16:56:13 IST" duration-ms="160" status="PASS">
          <reporter-output>
          </reporter-output>
        </test-method> <!-- verfiyAddMoreButton -->
        <test-method signature="verifyUserSendInvite()[pri:109, instance:org.test.TeamModule@194bcebf]" started-at="2023-01-06T16:56:13 IST" name="verifyUserSendInvite" finished-at="2023-01-06T16:56:16 IST" duration-ms="2884" status="PASS">
          <reporter-output>
          </reporter-output>
        </test-method> <!-- verifyUserSendInvite -->
        <test-method is-config="true" signature="exitBrowser()[pri:0, instance:org.test.TeamModule@194bcebf]" started-at="2023-01-06T16:56:16 IST" name="exitBrowser" finished-at="2023-01-06T16:56:17 IST" duration-ms="927" status="PASS">
          <reporter-output>
          </reporter-output>
        </test-method> <!-- exitBrowser -->
      </class> <!-- org.test.TeamModule -->
    </test> <!-- Default test -->
  </suite> <!-- Default suite -->
</testng-results>
