<?xml version="1.0" encoding="UTF-8"?>
<testng-results ignored="0" total="617" passed="614" failed="3" skipped="0">
  <reporter-output>
  </reporter-output>
  <suite started-at="2023-01-26T16:52:45 IST" name="Suite" finished-at="2023-01-26T17:38:53 IST" duration-ms="2768051">
    <groups>
    </groups>
    <test started-at="2023-01-26T16:52:45 IST" name="Test" finished-at="2023-01-26T17:38:53 IST" duration-ms="2768051">
      <class name="org.test.Login">
        <test-method is-config="true" signature="setup()[pri:0, instance:org.test.Login@d9345cd]" started-at="2023-01-26T16:53:37 IST" name="setup" finished-at="2023-01-26T16:53:38 IST" duration-ms="734" status="PASS">
          <reporter-output>
          </reporter-output>
        </test-method> <!-- setup -->
        <test-method signature="verifyEmptyEmail()[pri:1, instance:org.test.Login@d9345cd]" started-at="2023-01-26T16:53:38 IST" name="verifyEmptyEmail" finished-at="2023-01-26T16:53:44 IST" duration-ms="5673" status="PASS">
          <reporter-output>
          </reporter-output>
        </test-method> <!-- verifyEmptyEmail -->
        <test-method signature="verifyEmptyPassword()[pri:2, instance:org.test.Login@d9345cd]" started-at="2023-01-26T16:53:44 IST" name="verifyEmptyPassword" finished-at="2023-01-26T16:53:46 IST" duration-ms="2652" status="PASS">
          <reporter-output>
          </reporter-output>
        </test-method> <!-- verifyEmptyPassword -->
        <test-method signature="verifyIncorrectMail()[pri:3, instance:org.test.Login@d9345cd]" started-at="2023-01-26T16:53:46 IST" name="verifyIncorrectMail" finished-at="2023-01-26T16:53:48 IST" duration-ms="1648" status="PASS">
          <reporter-output>
          </reporter-output>
        </test-method> <!-- verifyIncorrectMail -->
        <test-method signature="verifyIncorrectPassword()[pri:4, instance:org.test.Login@d9345cd]" started-at="2023-01-26T16:53:48 IST" name="verifyIncorrectPassword" finished-at="2023-01-26T16:53:50 IST" duration-ms="2681" status="PASS">
          <reporter-output>
          </reporter-output>
        </test-method> <!-- verifyIncorrectPassword -->
        <test-method signature="verifyInvalidEmail()[pri:5, instance:org.test.Login@d9345cd]" started-at="2023-01-26T16:53:50 IST" name="verifyInvalidEmail" finished-at="2023-01-26T16:53:53 IST" duration-ms="2124" status="PASS">
          <reporter-output>
          </reporter-output>
        </test-method> <!-- verifyInvalidEmail -->
        <test-method signature="verifyInvalidCredentials()[pri:7, instance:org.test.Login@d9345cd]" started-at="2023-01-26T16:53:53 IST" name="verifyInvalidCredentials" finished-at="2023-01-26T16:53:55 IST" duration-ms="2135" status="PASS">
          <reporter-output>
          </reporter-output>
        </test-method> <!-- verifyInvalidCredentials -->
        <test-method signature="verify()[pri:8, instance:org.test.Login@d9345cd]" started-at="2023-01-26T16:53:55 IST" name="verify" finished-at="2023-01-26T16:54:20 IST" duration-ms="24754" status="PASS">
          <reporter-output>
          </reporter-output>
        </test-method> <!-- verify -->
        <test-method is-config="true" signature="exitBrowser()[pri:0, instance:org.test.Login@d9345cd]" started-at="2023-01-26T16:54:20 IST" name="exitBrowser" finished-at="2023-01-26T16:54:20 IST" duration-ms="829" status="PASS">
          <reporter-output>
          </reporter-output>
        </test-method> <!-- exitBrowser -->
      </class> <!-- org.test.Login -->
      <class name="org.test.CustomerCreateOrganizationModule">
        <test-method is-config="true" signature="setup()[pri:0, instance:org.test.CustomerCreateOrganizationModule@59505b48]" started-at="2023-01-26T17:00:05 IST" name="setup" finished-at="2023-01-26T17:00:05 IST" duration-ms="843" status="PASS">
          <reporter-output>
          </reporter-output>
        </test-method> <!-- setup -->
        <test-method signature="loginPage()[pri:1, instance:org.test.CustomerCreateOrganizationModule@59505b48]" started-at="2023-01-26T17:00:05 IST" name="loginPage" finished-at="2023-01-26T17:00:38 IST" duration-ms="32450" status="PASS">
          <reporter-output>
          </reporter-output>
        </test-method> <!-- loginPage -->
        <test-method signature="modulePage()[pri:2, instance:org.test.CustomerCreateOrganizationModule@59505b48]" started-at="2023-01-26T17:00:38 IST" name="modulePage" finished-at="2023-01-26T17:00:50 IST" duration-ms="12603" status="PASS">
          <reporter-output>
          </reporter-output>
        </test-method> <!-- modulePage -->
        <test-method signature="mandatoryValidation()[pri:3, instance:org.test.CustomerCreateOrganizationModule@59505b48]" started-at="2023-01-26T17:00:50 IST" name="mandatoryValidation" finished-at="2023-01-26T17:00:56 IST" duration-ms="5575" status="PASS">
          <reporter-output>
          </reporter-output>
        </test-method> <!-- mandatoryValidation -->
        <test-method signature="maxValidationOrganizationField()[pri:4, instance:org.test.CustomerCreateOrganizationModule@59505b48]" started-at="2023-01-26T17:00:56 IST" name="maxValidationOrganizationField" finished-at="2023-01-26T17:00:57 IST" duration-ms="1403" status="PASS">
          <reporter-output>
          </reporter-output>
        </test-method> <!-- maxValidationOrganizationField -->
        <test-method signature="maxValidationWebsiteField()[pri:5, instance:org.test.CustomerCreateOrganizationModule@59505b48]" started-at="2023-01-26T17:00:57 IST" name="maxValidationWebsiteField" finished-at="2023-01-26T17:00:59 IST" duration-ms="1254" status="PASS">
          <reporter-output>
          </reporter-output>
        </test-method> <!-- maxValidationWebsiteField -->
        <test-method signature="maxValidationAddress1Field()[pri:6, instance:org.test.CustomerCreateOrganizationModule@59505b48]" started-at="2023-01-26T17:00:59 IST" name="maxValidationAddress1Field" finished-at="2023-01-26T17:01:00 IST" duration-ms="1153" status="PASS">
          <reporter-output>
          </reporter-output>
        </test-method> <!-- maxValidationAddress1Field -->
        <test-method signature="maxValidationAddress2Field()[pri:7, instance:org.test.CustomerCreateOrganizationModule@59505b48]" started-at="2023-01-26T17:01:00 IST" name="maxValidationAddress2Field" finished-at="2023-01-26T17:01:01 IST" duration-ms="1200" status="PASS">
          <reporter-output>
          </reporter-output>
        </test-method> <!-- maxValidationAddress2Field -->
        <test-method signature="maxValidationCityField()[pri:8, instance:org.test.CustomerCreateOrganizationModule@59505b48]" started-at="2023-01-26T17:01:01 IST" name="maxValidationCityField" finished-at="2023-01-26T17:01:02 IST" duration-ms="1165" status="PASS">
          <reporter-output>
          </reporter-output>
        </test-method> <!-- maxValidationCityField -->
        <test-method signature="maxValidationStateField()[pri:9, instance:org.test.CustomerCreateOrganizationModule@59505b48]" started-at="2023-01-26T17:01:02 IST" name="maxValidationStateField" finished-at="2023-01-26T17:01:03 IST" duration-ms="1160" status="PASS">
          <reporter-output>
          </reporter-output>
        </test-method> <!-- maxValidationStateField -->
        <test-method signature="minValidationZipcodeField()[pri:10, instance:org.test.CustomerCreateOrganizationModule@59505b48]" started-at="2023-01-26T17:01:03 IST" name="minValidationZipcodeField" finished-at="2023-01-26T17:01:04 IST" duration-ms="297" status="PASS">
          <reporter-output>
          </reporter-output>
        </test-method> <!-- minValidationZipcodeField -->
        <test-method signature="maxValidationZipcodeField()[pri:11, instance:org.test.CustomerCreateOrganizationModule@59505b48]" started-at="2023-01-26T17:01:04 IST" name="maxValidationZipcodeField" finished-at="2023-01-26T17:01:04 IST" duration-ms="269" status="PASS">
          <reporter-output>
          </reporter-output>
        </test-method> <!-- maxValidationZipcodeField -->
        <test-method signature="emailValidation()[pri:12, instance:org.test.CustomerCreateOrganizationModule@59505b48]" started-at="2023-01-26T17:01:04 IST" name="emailValidation" finished-at="2023-01-26T17:01:04 IST" duration-ms="325" status="PASS">
          <reporter-output>
          </reporter-output>
        </test-method> <!-- emailValidation -->
        <test-method signature="maxValidationEmailField()[pri:13, instance:org.test.CustomerCreateOrganizationModule@59505b48]" started-at="2023-01-26T17:01:04 IST" name="maxValidationEmailField" finished-at="2023-01-26T17:01:05 IST" duration-ms="1114" status="PASS">
          <reporter-output>
          </reporter-output>
        </test-method> <!-- maxValidationEmailField -->
        <test-method signature="minValidationPhoneNumberField()[pri:14, instance:org.test.CustomerCreateOrganizationModule@59505b48]" started-at="2023-01-26T17:01:05 IST" name="minValidationPhoneNumberField" finished-at="2023-01-26T17:01:06 IST" duration-ms="284" status="PASS">
          <reporter-output>
          </reporter-output>
        </test-method> <!-- minValidationPhoneNumberField -->
        <test-method signature="maxValidationPhoneNumberField()[pri:15, instance:org.test.CustomerCreateOrganizationModule@59505b48]" started-at="2023-01-26T17:01:06 IST" name="maxValidationPhoneNumberField" finished-at="2023-01-26T17:01:06 IST" duration-ms="494" status="PASS">
          <reporter-output>
          </reporter-output>
        </test-method> <!-- maxValidationPhoneNumberField -->
        <test-method signature="maxValidationContactFirstNameField()[pri:16, instance:org.test.CustomerCreateOrganizationModule@59505b48]" started-at="2023-01-26T17:01:06 IST" name="maxValidationContactFirstNameField" finished-at="2023-01-26T17:01:07 IST" duration-ms="1262" status="PASS">
          <reporter-output>
          </reporter-output>
        </test-method> <!-- maxValidationContactFirstNameField -->
        <test-method signature="maxValidationContactLastNameField()[pri:17, instance:org.test.CustomerCreateOrganizationModule@59505b48]" started-at="2023-01-26T17:01:07 IST" name="maxValidationContactLastNameField" finished-at="2023-01-26T17:01:09 IST" duration-ms="1186" status="PASS">
          <reporter-output>
          </reporter-output>
        </test-method> <!-- maxValidationContactLastNameField -->
        <test-method signature="maxValidationContactEmailField()[pri:18, instance:org.test.CustomerCreateOrganizationModule@59505b48]" started-at="2023-01-26T17:01:09 IST" name="maxValidationContactEmailField" finished-at="2023-01-26T17:01:10 IST" duration-ms="1126" status="PASS">
          <reporter-output>
          </reporter-output>
        </test-method> <!-- maxValidationContactEmailField -->
        <test-method signature="validateContactEmailField()[pri:19, instance:org.test.CustomerCreateOrganizationModule@59505b48]" started-at="2023-01-26T17:01:10 IST" name="validateContactEmailField" finished-at="2023-01-26T17:01:10 IST" duration-ms="230" status="PASS">
          <reporter-output>
          </reporter-output>
        </test-method> <!-- validateContactEmailField -->
        <test-method signature="minValidationContactPhoneNumberField()[pri:20, instance:org.test.CustomerCreateOrganizationModule@59505b48]" started-at="2023-01-26T17:01:10 IST" name="minValidationContactPhoneNumberField" finished-at="2023-01-26T17:01:10 IST" duration-ms="300" status="PASS">
          <reporter-output>
          </reporter-output>
        </test-method> <!-- minValidationContactPhoneNumberField -->
        <test-method signature="maxValidationContactPhoneNumberField()[pri:21, instance:org.test.CustomerCreateOrganizationModule@59505b48]" started-at="2023-01-26T17:01:10 IST" name="maxValidationContactPhoneNumberField" finished-at="2023-01-26T17:01:11 IST" duration-ms="270" status="PASS">
          <reporter-output>
          </reporter-output>
        </test-method> <!-- maxValidationContactPhoneNumberField -->
        <test-method signature="maxValidationJobTittleField()[pri:22, instance:org.test.CustomerCreateOrganizationModule@59505b48]" started-at="2023-01-26T17:01:11 IST" name="maxValidationJobTittleField" finished-at="2023-01-26T17:01:12 IST" duration-ms="1243" status="PASS">
          <reporter-output>
          </reporter-output>
        </test-method> <!-- maxValidationJobTittleField -->
        <test-method signature="maxValidationPropertyNameField()[pri:23, instance:org.test.CustomerCreateOrganizationModule@59505b48]" started-at="2023-01-26T17:01:12 IST" name="maxValidationPropertyNameField" finished-at="2023-01-26T17:01:13 IST" duration-ms="991" status="PASS">
          <reporter-output>
          </reporter-output>
        </test-method> <!-- maxValidationPropertyNameField -->
        <test-method signature="maxValidationPropertyFirstNameField()[pri:24, instance:org.test.CustomerCreateOrganizationModule@59505b48]" started-at="2023-01-26T17:01:13 IST" name="maxValidationPropertyFirstNameField" finished-at="2023-01-26T17:01:14 IST" duration-ms="857" status="PASS">
          <reporter-output>
          </reporter-output>
        </test-method> <!-- maxValidationPropertyFirstNameField -->
        <test-method signature="maxValidationPropertyLastNameField()[pri:25, instance:org.test.CustomerCreateOrganizationModule@59505b48]" started-at="2023-01-26T17:01:14 IST" name="maxValidationPropertyLastNameField" finished-at="2023-01-26T17:01:14 IST" duration-ms="795" status="PASS">
          <reporter-output>
          </reporter-output>
        </test-method> <!-- maxValidationPropertyLastNameField -->
        <test-method signature="maxValidationPropertyAddress1Field()[pri:26, instance:org.test.CustomerCreateOrganizationModule@59505b48]" started-at="2023-01-26T17:01:14 IST" name="maxValidationPropertyAddress1Field" finished-at="2023-01-26T17:01:15 IST" duration-ms="816" status="PASS">
          <reporter-output>
          </reporter-output>
        </test-method> <!-- maxValidationPropertyAddress1Field -->
        <test-method signature="maxValidationPropertyAddress2Field()[pri:27, instance:org.test.CustomerCreateOrganizationModule@59505b48]" started-at="2023-01-26T17:01:15 IST" name="maxValidationPropertyAddress2Field" finished-at="2023-01-26T17:01:16 IST" duration-ms="803" status="PASS">
          <reporter-output>
          </reporter-output>
        </test-method> <!-- maxValidationPropertyAddress2Field -->
        <test-method signature="maxValidationPropertyStateField()[pri:28, instance:org.test.CustomerCreateOrganizationModule@59505b48]" started-at="2023-01-26T17:01:16 IST" name="maxValidationPropertyStateField" finished-at="2023-01-26T17:01:17 IST" duration-ms="907" status="PASS">
          <reporter-output>
          </reporter-output>
        </test-method> <!-- maxValidationPropertyStateField -->
        <test-method signature="maxValidationPropertyCityField()[pri:29, instance:org.test.CustomerCreateOrganizationModule@59505b48]" started-at="2023-01-26T17:01:17 IST" name="maxValidationPropertyCityField" finished-at="2023-01-26T17:01:18 IST" duration-ms="1039" status="PASS">
          <reporter-output>
          </reporter-output>
        </test-method> <!-- maxValidationPropertyCityField -->
        <test-method signature="minValidationPropertyZipCodeField()[pri:30, instance:org.test.CustomerCreateOrganizationModule@59505b48]" started-at="2023-01-26T17:01:18 IST" name="minValidationPropertyZipCodeField" finished-at="2023-01-26T17:01:18 IST" duration-ms="196" status="PASS">
          <reporter-output>
          </reporter-output>
        </test-method> <!-- minValidationPropertyZipCodeField -->
        <test-method signature="maxValidationPropertyZipCodeField()[pri:31, instance:org.test.CustomerCreateOrganizationModule@59505b48]" started-at="2023-01-26T17:01:18 IST" name="maxValidationPropertyZipCodeField" finished-at="2023-01-26T17:01:19 IST" duration-ms="364" status="PASS">
          <reporter-output>
          </reporter-output>
        </test-method> <!-- maxValidationPropertyZipCodeField -->
        <test-method signature="maxValidationProductNameField()[pri:32, instance:org.test.CustomerCreateOrganizationModule@59505b48]" started-at="2023-01-26T17:01:19 IST" name="maxValidationProductNameField" finished-at="2023-01-26T17:01:20 IST" duration-ms="1409" status="PASS">
          <reporter-output>
          </reporter-output>
        </test-method> <!-- maxValidationProductNameField -->
        <test-method signature="maxValidationBrandNameField()[pri:33, instance:org.test.CustomerCreateOrganizationModule@59505b48]" started-at="2023-01-26T17:01:20 IST" name="maxValidationBrandNameField" finished-at="2023-01-26T17:01:21 IST" duration-ms="1239" status="PASS">
          <reporter-output>
          </reporter-output>
        </test-method> <!-- maxValidationBrandNameField -->
        <test-method signature="maxValidationModelNumberField()[pri:34, instance:org.test.CustomerCreateOrganizationModule@59505b48]" started-at="2023-01-26T17:01:21 IST" name="maxValidationModelNumberField" finished-at="2023-01-26T17:01:22 IST" duration-ms="1104" status="PASS">
          <reporter-output>
          </reporter-output>
        </test-method> <!-- maxValidationModelNumberField -->
        <test-method signature="maxValidationSerialNumberField()[pri:35, instance:org.test.CustomerCreateOrganizationModule@59505b48]" started-at="2023-01-26T17:01:22 IST" name="maxValidationSerialNumberField" finished-at="2023-01-26T17:01:23 IST" duration-ms="814" status="PASS">
          <reporter-output>
          </reporter-output>
        </test-method> <!-- maxValidationSerialNumberField -->
        <test-method signature="maxValidationAccessHoursField()[pri:36, instance:org.test.CustomerCreateOrganizationModule@59505b48]" started-at="2023-01-26T17:01:23 IST" name="maxValidationAccessHoursField" finished-at="2023-01-26T17:01:24 IST" duration-ms="789" status="PASS">
          <reporter-output>
          </reporter-output>
        </test-method> <!-- maxValidationAccessHoursField -->
        <test-method signature="maxValidationInstallationNotesField()[pri:37, instance:org.test.CustomerCreateOrganizationModule@59505b48]" started-at="2023-01-26T17:01:24 IST" name="maxValidationInstallationNotesField" finished-at="2023-01-26T17:01:29 IST" duration-ms="5532" status="PASS">
          <reporter-output>
          </reporter-output>
        </test-method> <!-- maxValidationInstallationNotesField -->
        <test-method signature="createOrganization()[pri:38, instance:org.test.CustomerCreateOrganizationModule@59505b48]" started-at="2023-01-26T17:01:29 IST" name="createOrganization" finished-at="2023-01-26T17:01:48 IST" duration-ms="18780" status="PASS">
          <reporter-output>
          </reporter-output>
        </test-method> <!-- createOrganization -->
        <test-method signature="customerOrganizationCount()[pri:38, instance:org.test.CustomerCreateOrganizationModule@59505b48]" started-at="2023-01-26T17:01:48 IST" name="customerOrganizationCount" finished-at="2023-01-26T17:01:49 IST" duration-ms="1213" status="PASS">
          <reporter-output>
          </reporter-output>
        </test-method> <!-- customerOrganizationCount -->
        <test-method signature="organizationNameAlreadyExistValidation()[pri:39, instance:org.test.CustomerCreateOrganizationModule@59505b48]" started-at="2023-01-26T17:01:49 IST" name="organizationNameAlreadyExistValidation" finished-at="2023-01-26T17:01:52 IST" duration-ms="2572" status="PASS">
          <reporter-output>
          </reporter-output>
        </test-method> <!-- organizationNameAlreadyExistValidation -->
        <test-method signature="alreadyExistedEmail()[pri:40, instance:org.test.CustomerCreateOrganizationModule@59505b48]" started-at="2023-01-26T17:01:52 IST" name="alreadyExistedEmail" finished-at="2023-01-26T17:01:56 IST" duration-ms="3912" status="PASS">
          <reporter-output>
          </reporter-output>
        </test-method> <!-- alreadyExistedEmail -->
        <test-method signature="createOrganizationListFirstName()[pri:41, instance:org.test.CustomerCreateOrganizationModule@59505b48]" started-at="2023-01-26T17:01:56 IST" name="createOrganizationListFirstName" finished-at="2023-01-26T17:01:57 IST" duration-ms="1160" status="PASS">
          <reporter-output>
          </reporter-output>
        </test-method> <!-- createOrganizationListFirstName -->
        <test-method signature="characterListValidation()[pri:42, instance:org.test.CustomerCreateOrganizationModule@59505b48]" started-at="2023-01-26T17:01:57 IST" name="characterListValidation" finished-at="2023-01-26T17:01:59 IST" duration-ms="1710" status="PASS">
          <reporter-output>
          </reporter-output>
        </test-method> <!-- characterListValidation -->
        <test-method signature="searchOrganizationNameListValidation()[pri:43, instance:org.test.CustomerCreateOrganizationModule@59505b48]" started-at="2023-01-26T17:01:59 IST" name="searchOrganizationNameListValidation" finished-at="2023-01-26T17:02:01 IST" duration-ms="2178" status="PASS">
          <reporter-output>
          </reporter-output>
        </test-method> <!-- searchOrganizationNameListValidation -->
        <test-method signature="searchPhoneNumberListValidation()[pri:44, instance:org.test.CustomerCreateOrganizationModule@59505b48]" started-at="2023-01-26T17:02:01 IST" name="searchPhoneNumberListValidation" finished-at="2023-01-26T17:02:03 IST" duration-ms="1680" status="PASS">
          <reporter-output>
          </reporter-output>
        </test-method> <!-- searchPhoneNumberListValidation -->
        <test-method signature="searchEmailListValidation()[pri:45, instance:org.test.CustomerCreateOrganizationModule@59505b48]" started-at="2023-01-26T17:02:03 IST" name="searchEmailListValidation" finished-at="2023-01-26T17:02:04 IST" duration-ms="1546" status="PASS">
          <reporter-output>
          </reporter-output>
        </test-method> <!-- searchEmailListValidation -->
        <test-method signature="filterListValidation()[pri:46, instance:org.test.CustomerCreateOrganizationModule@59505b48]" started-at="2023-01-26T17:02:04 IST" name="filterListValidation" finished-at="2023-01-26T17:02:06 IST" duration-ms="2245" status="PASS">
          <reporter-output>
          </reporter-output>
        </test-method> <!-- filterListValidation -->
        <test-method signature="searchInvalid()[pri:47, instance:org.test.CustomerCreateOrganizationModule@59505b48]" started-at="2023-01-26T17:02:06 IST" name="searchInvalid" finished-at="2023-01-26T17:02:08 IST" duration-ms="1630" status="PASS">
          <reporter-output>
          </reporter-output>
        </test-method> <!-- searchInvalid -->
        <test-method signature="editContactList()[pri:48, instance:org.test.CustomerCreateOrganizationModule@59505b48]" started-at="2023-01-26T17:02:08 IST" name="editContactList" finished-at="2023-01-26T17:02:20 IST" duration-ms="12043" status="PASS">
          <reporter-output>
          </reporter-output>
        </test-method> <!-- editContactList -->
        <test-method signature="deleteContactList()[pri:49, instance:org.test.CustomerCreateOrganizationModule@59505b48]" started-at="2023-01-26T17:02:20 IST" name="deleteContactList" finished-at="2023-01-26T17:02:23 IST" duration-ms="3326" status="PASS">
          <reporter-output>
          </reporter-output>
        </test-method> <!-- deleteContactList -->
        <test-method is-config="true" signature="exitBrowser()[pri:0, instance:org.test.CustomerCreateOrganizationModule@59505b48]" started-at="2023-01-26T17:02:23 IST" name="exitBrowser" finished-at="2023-01-26T17:02:24 IST" duration-ms="396" status="PASS">
          <reporter-output>
          </reporter-output>
        </test-method> <!-- exitBrowser -->
      </class> <!-- org.test.CustomerCreateOrganizationModule -->
      <class name="org.test.CustomerOrganizationRequest">
        <test-method is-config="true" signature="setup()[pri:0, instance:org.test.CustomerOrganizationRequest@506ae4d4]" started-at="2023-01-26T17:17:53 IST" name="setup" finished-at="2023-01-26T17:17:54 IST" duration-ms="855" status="PASS">
          <reporter-output>
          </reporter-output>
        </test-method> <!-- setup -->
        <test-method signature="loginPage()[pri:1, instance:org.test.CustomerOrganizationRequest@506ae4d4]" started-at="2023-01-26T17:17:54 IST" name="loginPage" finished-at="2023-01-26T17:18:30 IST" duration-ms="36761" status="PASS">
          <reporter-output>
          </reporter-output>
        </test-method> <!-- loginPage -->
        <test-method signature="modulePage()[pri:2, instance:org.test.CustomerOrganizationRequest@506ae4d4]" started-at="2023-01-26T17:18:30 IST" name="modulePage" finished-at="2023-01-26T17:18:38 IST" duration-ms="7405" status="PASS">
          <reporter-output>
          </reporter-output>
        </test-method> <!-- modulePage -->
        <test-method signature="createOrganization()[pri:3, instance:org.test.CustomerOrganizationRequest@506ae4d4]" started-at="2023-01-26T17:18:38 IST" name="createOrganization" finished-at="2023-01-26T17:18:57 IST" duration-ms="19435" status="PASS">
          <reporter-output>
          </reporter-output>
        </test-method> <!-- createOrganization -->
        <test-method signature="labelValidation()[pri:4, instance:org.test.CustomerOrganizationRequest@506ae4d4]" started-at="2023-01-26T17:18:57 IST" name="labelValidation" finished-at="2023-01-26T17:19:05 IST" duration-ms="7932" status="PASS">
          <reporter-output>
          </reporter-output>
        </test-method> <!-- labelValidation -->
        <test-method signature="autoCompleteOrganizationContactCreation()[pri:5, instance:org.test.CustomerOrganizationRequest@506ae4d4]" started-at="2023-01-26T17:19:05 IST" name="autoCompleteOrganizationContactCreation" finished-at="2023-01-26T17:19:16 IST" duration-ms="10541" status="PASS">
          <reporter-output>
          </reporter-output>
        </test-method> <!-- autoCompleteOrganizationContactCreation -->
        <test-method signature="maximumValidationTittle()[pri:6, instance:org.test.CustomerOrganizationRequest@506ae4d4]" started-at="2023-01-26T17:19:16 IST" name="maximumValidationTittle" finished-at="2023-01-26T17:19:23 IST" duration-ms="7460" status="PASS">
          <reporter-output>
          </reporter-output>
        </test-method> <!-- maximumValidationTittle -->
        <test-method signature="mandatoryValidationDescription()[pri:7, instance:org.test.CustomerOrganizationRequest@506ae4d4]" started-at="2023-01-26T17:19:23 IST" name="mandatoryValidationDescription" finished-at="2023-01-26T17:19:23 IST" duration-ms="213" status="PASS">
          <reporter-output>
          </reporter-output>
        </test-method> <!-- mandatoryValidationDescription -->
        <test-method signature="maximumValidationDescription()[pri:8, instance:org.test.CustomerOrganizationRequest@506ae4d4]" started-at="2023-01-26T17:19:23 IST" name="maximumValidationDescription" finished-at="2023-01-26T17:19:31 IST" duration-ms="7178" status="PASS">
          <reporter-output>
          </reporter-output>
        </test-method> <!-- maximumValidationDescription -->
        <test-method signature="maximumTagValidation()[pri:11, instance:org.test.CustomerOrganizationRequest@506ae4d4]" started-at="2023-01-26T17:19:31 IST" name="maximumTagValidation" finished-at="2023-01-26T17:19:32 IST" duration-ms="1216" status="PASS">
          <reporter-output>
          </reporter-output>
        </test-method> <!-- maximumTagValidation -->
        <test-method signature="duplicateTagsValidation()[pri:12, instance:org.test.CustomerOrganizationRequest@506ae4d4]" started-at="2023-01-26T17:19:32 IST" name="duplicateTagsValidation" finished-at="2023-01-26T17:19:32 IST" duration-ms="546" status="PASS">
          <reporter-output>
          </reporter-output>
        </test-method> <!-- duplicateTagsValidation -->
        <test-method signature="maxTagLimitValidation()[pri:13, instance:org.test.CustomerOrganizationRequest@506ae4d4]" started-at="2023-01-26T17:19:32 IST" name="maxTagLimitValidation" finished-at="2023-01-26T17:19:43 IST" duration-ms="10598" status="PASS">
          <reporter-output>
          </reporter-output>
        </test-method> <!-- maxTagLimitValidation -->
        <test-method signature="maximumValidationNotes()[pri:14, instance:org.test.CustomerOrganizationRequest@506ae4d4]" started-at="2023-01-26T17:19:43 IST" name="maximumValidationNotes" finished-at="2023-01-26T17:19:50 IST" duration-ms="6994" status="PASS">
          <reporter-output>
          </reporter-output>
        </test-method> <!-- maximumValidationNotes -->
        <test-method signature="unsssignedRequest()[pri:15, instance:org.test.CustomerOrganizationRequest@506ae4d4]" started-at="2023-01-26T17:19:50 IST" name="unsssignedRequest" finished-at="2023-01-26T17:20:02 IST" duration-ms="12564" status="PASS">
          <reporter-output>
          </reporter-output>
        </test-method> <!-- unsssignedRequest -->
        <test-method signature="requestUnassignedStatus()[pri:16, instance:org.test.CustomerOrganizationRequest@506ae4d4]" started-at="2023-01-26T17:20:02 IST" name="requestUnassignedStatus" finished-at="2023-01-26T17:20:05 IST" duration-ms="2715" status="PASS">
          <reporter-output>
          </reporter-output>
        </test-method> <!-- requestUnassignedStatus -->
        <test-method signature="createRequest_FromDateandTime_ToDateandTime()[pri:18, instance:org.test.CustomerOrganizationRequest@506ae4d4]" started-at="2023-01-26T17:20:05 IST" name="createRequest_FromDateandTime_ToDateandTime" finished-at="2023-01-26T17:20:23 IST" duration-ms="17895" status="PASS">
          <reporter-output>
          </reporter-output>
        </test-method> <!-- createRequest_FromDateandTime_ToDateandTime -->
        <test-method signature="requestScheduleStatus()[pri:19, instance:org.test.CustomerOrganizationRequest@506ae4d4]" started-at="2023-01-26T17:20:23 IST" name="requestScheduleStatus" finished-at="2023-01-26T17:20:25 IST" duration-ms="1685" status="PASS">
          <reporter-output>
          </reporter-output>
        </test-method> <!-- requestScheduleStatus -->
        <test-method signature="dispatchedRequest()[pri:20, instance:org.test.CustomerOrganizationRequest@506ae4d4]" started-at="2023-01-26T17:20:25 IST" name="dispatchedRequest" finished-at="2023-01-26T17:20:32 IST" duration-ms="7270" status="PASS">
          <reporter-output>
          </reporter-output>
        </test-method> <!-- dispatchedRequest -->
        <test-method signature="requestDispatchedStatus()[pri:21, instance:org.test.CustomerOrganizationRequest@506ae4d4]" started-at="2023-01-26T17:20:32 IST" name="requestDispatchedStatus" finished-at="2023-01-26T17:20:34 IST" duration-ms="2171" status="PASS">
          <reporter-output>
          </reporter-output>
        </test-method> <!-- requestDispatchedStatus -->
        <test-method signature="startedRequest()[pri:22, instance:org.test.CustomerOrganizationRequest@506ae4d4]" started-at="2023-01-26T17:20:34 IST" name="startedRequest" finished-at="2023-01-26T17:20:38 IST" duration-ms="3643" status="PASS">
          <reporter-output>
          </reporter-output>
        </test-method> <!-- startedRequest -->
        <test-method signature="requestStartedStatus()[pri:23, instance:org.test.CustomerOrganizationRequest@506ae4d4]" started-at="2023-01-26T17:20:38 IST" name="requestStartedStatus" finished-at="2023-01-26T17:20:38 IST" duration-ms="612" status="PASS">
          <reporter-output>
          </reporter-output>
        </test-method> <!-- requestStartedStatus -->
        <test-method signature="completedRequest()[pri:24, instance:org.test.CustomerOrganizationRequest@506ae4d4]" started-at="2023-01-26T17:20:38 IST" name="completedRequest" finished-at="2023-01-26T17:20:42 IST" duration-ms="3391" status="PASS">
          <reporter-output>
          </reporter-output>
        </test-method> <!-- completedRequest -->
        <test-method signature="cancelledRequest()[pri:25, instance:org.test.CustomerOrganizationRequest@506ae4d4]" started-at="2023-01-26T17:20:42 IST" name="cancelledRequest" finished-at="2023-01-26T17:20:47 IST" duration-ms="5455" status="PASS">
          <reporter-output>
          </reporter-output>
        </test-method> <!-- cancelledRequest -->
        <test-method signature="requestCancelledStatus()[pri:26, instance:org.test.CustomerOrganizationRequest@506ae4d4]" started-at="2023-01-26T17:20:47 IST" name="requestCancelledStatus" finished-at="2023-01-26T17:20:47 IST" duration-ms="66" status="PASS">
          <reporter-output>
          </reporter-output>
        </test-method> <!-- requestCancelledStatus -->
        <test-method signature="requestDraftStatus()[pri:27, instance:org.test.CustomerOrganizationRequest@506ae4d4]" started-at="2023-01-26T17:20:47 IST" name="requestDraftStatus" finished-at="2023-01-26T17:20:57 IST" duration-ms="9490" status="PASS">
          <reporter-output>
          </reporter-output>
        </test-method> <!-- requestDraftStatus -->
        <test-method signature="deletedRequest()[pri:28, instance:org.test.CustomerOrganizationRequest@506ae4d4]" started-at="2023-01-26T17:20:57 IST" name="deletedRequest" finished-at="2023-01-26T17:20:59 IST" duration-ms="2066" status="PASS">
          <reporter-output>
          </reporter-output>
        </test-method> <!-- deletedRequest -->
        <test-method signature="searchRequestNo()[pri:29, instance:org.test.CustomerOrganizationRequest@506ae4d4]" started-at="2023-01-26T17:20:59 IST" name="searchRequestNo" finished-at="2023-01-26T17:21:03 IST" duration-ms="4180" status="PASS">
          <reporter-output>
          </reporter-output>
        </test-method> <!-- searchRequestNo -->
        <test-method signature="searchLocation()[pri:30, instance:org.test.CustomerOrganizationRequest@506ae4d4]" started-at="2023-01-26T17:21:03 IST" name="searchLocation" finished-at="2023-01-26T17:21:07 IST" duration-ms="3895" status="PASS">
          <reporter-output>
          </reporter-output>
        </test-method> <!-- searchLocation -->
        <test-method signature="searchFilterByDate()[pri:31, instance:org.test.CustomerOrganizationRequest@506ae4d4]" started-at="2023-01-26T17:21:07 IST" name="searchFilterByDate" finished-at="2023-01-26T17:21:11 IST" duration-ms="4246" status="PASS">
          <reporter-output>
          </reporter-output>
        </test-method> <!-- searchFilterByDate -->
        <test-method signature="searchInvalid()[pri:32, instance:org.test.CustomerOrganizationRequest@506ae4d4]" started-at="2023-01-26T17:21:11 IST" name="searchInvalid" finished-at="2023-01-26T17:21:13 IST" duration-ms="1796" status="PASS">
          <reporter-output>
          </reporter-output>
        </test-method> <!-- searchInvalid -->
        <test-method is-config="true" signature="exitBrowser()[pri:0, instance:org.test.CustomerOrganizationRequest@506ae4d4]" started-at="2023-01-26T17:21:13 IST" name="exitBrowser" finished-at="2023-01-26T17:21:13 IST" duration-ms="438" status="PASS">
          <reporter-output>
          </reporter-output>
        </test-method> <!-- exitBrowser -->
      </class> <!-- org.test.CustomerOrganizationRequest -->
      <class name="org.test.GlobalOrganizationQuote">
        <test-method is-config="true" signature="setup()[pri:0, instance:org.test.GlobalOrganizationQuote@273e7444]" started-at="2023-01-26T17:35:42 IST" name="setup" finished-at="2023-01-26T17:35:43 IST" duration-ms="893" status="PASS">
          <reporter-output>
          </reporter-output>
        </test-method> <!-- setup -->
        <test-method signature="loginPage()[pri:-1, instance:org.test.GlobalOrganizationQuote@273e7444]" started-at="2023-01-26T17:35:43 IST" name="loginPage" finished-at="2023-01-26T17:36:17 IST" duration-ms="33786" status="PASS">
          <reporter-output>
          </reporter-output>
        </test-method> <!-- loginPage -->
        <test-method signature="jobModule()[pri:0, instance:org.test.GlobalOrganizationQuote@273e7444]" started-at="2023-01-26T17:36:17 IST" name="jobModule" finished-at="2023-01-26T17:36:37 IST" duration-ms="20254" status="PASS">
          <reporter-output>
          </reporter-output>
        </test-method> <!-- jobModule -->
        <test-method signature="organizationMandatoryValidation()[pri:1, instance:org.test.GlobalOrganizationQuote@273e7444]" started-at="2023-01-26T17:36:37 IST" name="organizationMandatoryValidation" finished-at="2023-01-26T17:36:38 IST" duration-ms="426" status="PASS">
          <reporter-output>
          </reporter-output>
        </test-method> <!-- organizationMandatoryValidation -->
        <test-method signature="mandatoryValidationExpiryDate()[pri:2, instance:org.test.GlobalOrganizationQuote@273e7444]" started-at="2023-01-26T17:36:38 IST" name="mandatoryValidationExpiryDate" finished-at="2023-01-26T17:36:38 IST" duration-ms="79" status="PASS">
          <reporter-output>
          </reporter-output>
        </test-method> <!-- mandatoryValidationExpiryDate -->
        <test-method signature="mandatoryValidationInventoryItem()[pri:3, instance:org.test.GlobalOrganizationQuote@273e7444]" started-at="2023-01-26T17:36:38 IST" name="mandatoryValidationInventoryItem" finished-at="2023-01-26T17:36:38 IST" duration-ms="82" status="PASS">
          <reporter-output>
          </reporter-output>
        </test-method> <!-- mandatoryValidationInventoryItem -->
        <test-method signature="mandatoryValidationQunatity()[pri:4, instance:org.test.GlobalOrganizationQuote@273e7444]" started-at="2023-01-26T17:36:38 IST" name="mandatoryValidationQunatity" finished-at="2023-01-26T17:36:38 IST" duration-ms="79" status="PASS">
          <reporter-output>
          </reporter-output>
        </test-method> <!-- mandatoryValidationQunatity -->
        <test-method signature="mandatoryValidationPrice()[pri:5, instance:org.test.GlobalOrganizationQuote@273e7444]" started-at="2023-01-26T17:36:38 IST" name="mandatoryValidationPrice" finished-at="2023-01-26T17:36:38 IST" duration-ms="77" status="PASS">
          <reporter-output>
          </reporter-output>
        </test-method> <!-- mandatoryValidationPrice -->
        <test-method signature="mandatoryValidationDescription()[pri:6, instance:org.test.GlobalOrganizationQuote@273e7444]" started-at="2023-01-26T17:36:38 IST" name="mandatoryValidationDescription" finished-at="2023-01-26T17:36:38 IST" duration-ms="76" status="PASS">
          <reporter-output>
          </reporter-output>
        </test-method> <!-- mandatoryValidationDescription -->
        <test-method signature="autoCompleteOrganizationCreation()[pri:7, instance:org.test.GlobalOrganizationQuote@273e7444]" started-at="2023-01-26T17:36:38 IST" name="autoCompleteOrganizationCreation" finished-at="2023-01-26T17:36:49 IST" duration-ms="11240" status="PASS">
          <reporter-output>
          </reporter-output>
        </test-method> <!-- autoCompleteOrganizationCreation -->
        <test-method signature="autoCompleteOrganizationContactCreation()[pri:8, instance:org.test.GlobalOrganizationQuote@273e7444]" started-at="2023-01-26T17:36:49 IST" name="autoCompleteOrganizationContactCreation" finished-at="2023-01-26T17:36:54 IST" duration-ms="5081" status="PASS">
          <reporter-output>
          </reporter-output>
        </test-method> <!-- autoCompleteOrganizationContactCreation -->
        <test-method signature="maximumValidationQuoteTittle()[pri:9, instance:org.test.GlobalOrganizationQuote@273e7444]" started-at="2023-01-26T17:36:54 IST" name="maximumValidationQuoteTittle" finished-at="2023-01-26T17:36:56 IST" duration-ms="1338" status="PASS">
          <reporter-output>
          </reporter-output>
        </test-method> <!-- maximumValidationQuoteTittle -->
        <test-method signature="maximumValidationInventoryItem()[pri:10, instance:org.test.GlobalOrganizationQuote@273e7444]" started-at="2023-01-26T17:36:56 IST" name="maximumValidationInventoryItem" finished-at="2023-01-26T17:36:57 IST" duration-ms="1278" status="PASS">
          <reporter-output>
          </reporter-output>
        </test-method> <!-- maximumValidationInventoryItem -->
        <test-method signature="emptyValidationQuantityField()[pri:11, instance:org.test.GlobalOrganizationQuote@273e7444]" started-at="2023-01-26T17:36:57 IST" name="emptyValidationQuantityField" finished-at="2023-01-26T17:36:57 IST" duration-ms="270" status="PASS">
          <reporter-output>
          </reporter-output>
        </test-method> <!-- emptyValidationQuantityField -->
        <test-method signature="maxQuanitityLimit()[pri:12, instance:org.test.GlobalOrganizationQuote@273e7444]" started-at="2023-01-26T17:36:57 IST" name="maxQuanitityLimit" finished-at="2023-01-26T17:36:58 IST" duration-ms="339" status="PASS">
          <reporter-output>
          </reporter-output>
        </test-method> <!-- maxQuanitityLimit -->
        <test-method signature="afterDecimalPointValidationQuantityField()[pri:13, instance:org.test.GlobalOrganizationQuote@273e7444]" started-at="2023-01-26T17:36:58 IST" name="afterDecimalPointValidationQuantityField" finished-at="2023-01-26T17:36:58 IST" duration-ms="235" status="PASS">
          <reporter-output>
          </reporter-output>
        </test-method> <!-- afterDecimalPointValidationQuantityField -->
        <test-method signature="beforeDecimalPointValidationQuantityField()[pri:14, instance:org.test.GlobalOrganizationQuote@273e7444]" started-at="2023-01-26T17:36:58 IST" name="beforeDecimalPointValidationQuantityField" finished-at="2023-01-26T17:36:58 IST" duration-ms="385" status="PASS">
          <reporter-output>
          </reporter-output>
        </test-method> <!-- beforeDecimalPointValidationQuantityField -->
        <test-method signature="emptyValidationPriceField()[pri:15, instance:org.test.GlobalOrganizationQuote@273e7444]" started-at="2023-01-26T17:36:58 IST" name="emptyValidationPriceField" finished-at="2023-01-26T17:36:58 IST" duration-ms="265" status="PASS">
          <reporter-output>
          </reporter-output>
        </test-method> <!-- emptyValidationPriceField -->
        <test-method signature="maxPriceLimit()[pri:16, instance:org.test.GlobalOrganizationQuote@273e7444]" started-at="2023-01-26T17:36:58 IST" name="maxPriceLimit" finished-at="2023-01-26T17:36:59 IST" duration-ms="271" status="PASS">
          <reporter-output>
          </reporter-output>
        </test-method> <!-- maxPriceLimit -->
        <test-method signature="beforeDecimalPointPriceField()[pri:17, instance:org.test.GlobalOrganizationQuote@273e7444]" started-at="2023-01-26T17:36:59 IST" name="beforeDecimalPointPriceField" finished-at="2023-01-26T17:36:59 IST" duration-ms="288" status="PASS">
          <reporter-output>
          </reporter-output>
        </test-method> <!-- beforeDecimalPointPriceField -->
        <test-method signature="afterDecimalPointPriceField()[pri:18, instance:org.test.GlobalOrganizationQuote@273e7444]" started-at="2023-01-26T17:36:59 IST" name="afterDecimalPointPriceField" finished-at="2023-01-26T17:36:59 IST" duration-ms="343" status="PASS">
          <reporter-output>
          </reporter-output>
        </test-method> <!-- afterDecimalPointPriceField -->
        <test-method signature="afterDecimalPointDiscountField()[pri:19, instance:org.test.GlobalOrganizationQuote@273e7444]" started-at="2023-01-26T17:36:59 IST" name="afterDecimalPointDiscountField" finished-at="2023-01-26T17:37:00 IST" duration-ms="282" status="PASS">
          <reporter-output>
          </reporter-output>
        </test-method> <!-- afterDecimalPointDiscountField -->
        <test-method signature="beforeDecimalPointDiscountField()[pri:20, instance:org.test.GlobalOrganizationQuote@273e7444]" started-at="2023-01-26T17:37:00 IST" name="beforeDecimalPointDiscountField" finished-at="2023-01-26T17:37:00 IST" duration-ms="224" status="PASS">
          <reporter-output>
          </reporter-output>
        </test-method> <!-- beforeDecimalPointDiscountField -->
        <test-method signature="maxLimitDiscountField()[pri:21, instance:org.test.GlobalOrganizationQuote@273e7444]" started-at="2023-01-26T17:37:00 IST" name="maxLimitDiscountField" finished-at="2023-01-26T17:37:00 IST" duration-ms="207" status="PASS">
          <reporter-output>
          </reporter-output>
        </test-method> <!-- maxLimitDiscountField -->
        <test-method signature="afterDecimalPointTaxField()[pri:22, instance:org.test.GlobalOrganizationQuote@273e7444]" started-at="2023-01-26T17:37:00 IST" name="afterDecimalPointTaxField" finished-at="2023-01-26T17:37:00 IST" duration-ms="279" status="PASS">
          <reporter-output>
          </reporter-output>
        </test-method> <!-- afterDecimalPointTaxField -->
        <test-method signature="beforeDecimalPointTaxField()[pri:23, instance:org.test.GlobalOrganizationQuote@273e7444]" started-at="2023-01-26T17:37:00 IST" name="beforeDecimalPointTaxField" finished-at="2023-01-26T17:37:01 IST" duration-ms="226" status="PASS">
          <reporter-output>
          </reporter-output>
        </test-method> <!-- beforeDecimalPointTaxField -->
        <test-method signature="maxLimitTaxField()[pri:24, instance:org.test.GlobalOrganizationQuote@273e7444]" started-at="2023-01-26T17:37:01 IST" name="maxLimitTaxField" finished-at="2023-01-26T17:37:01 IST" duration-ms="292" status="PASS">
          <reporter-output>
          </reporter-output>
        </test-method> <!-- maxLimitTaxField -->
        <test-method signature="maximumValidationDescription()[pri:25, instance:org.test.GlobalOrganizationQuote@273e7444]" started-at="2023-01-26T17:37:01 IST" name="maximumValidationDescription" finished-at="2023-01-26T17:37:04 IST" duration-ms="3401" status="PASS">
          <reporter-output>
          </reporter-output>
        </test-method> <!-- maximumValidationDescription -->
        <test-method signature="maximumValidationNotes()[pri:26, instance:org.test.GlobalOrganizationQuote@273e7444]" started-at="2023-01-26T17:37:04 IST" name="maximumValidationNotes" finished-at="2023-01-26T17:37:10 IST" duration-ms="5397" status="PASS">
          <reporter-output>
          </reporter-output>
        </test-method> <!-- maximumValidationNotes -->
        <test-method signature="expiryFieldPastDateValidation()[pri:27, instance:org.test.GlobalOrganizationQuote@273e7444]" started-at="2023-01-26T17:37:10 IST" name="expiryFieldPastDateValidation" finished-at="2023-01-26T17:37:12 IST" duration-ms="2024" status="PASS">
          <reporter-output>
          </reporter-output>
        </test-method> <!-- expiryFieldPastDateValidation -->
        <test-method signature="validateCalculation()[pri:28, instance:org.test.GlobalOrganizationQuote@273e7444]" started-at="2023-01-26T17:37:12 IST" name="validateCalculation" finished-at="2023-01-26T17:37:13 IST" duration-ms="1071" status="PASS">
          <reporter-output>
          </reporter-output>
        </test-method> <!-- validateCalculation -->
        <test-method signature="createQuote()[pri:29, instance:org.test.GlobalOrganizationQuote@273e7444]" started-at="2023-01-26T17:37:13 IST" name="createQuote" finished-at="2023-01-26T17:37:20 IST" duration-ms="7138" status="PASS">
          <reporter-output>
          </reporter-output>
        </test-method> <!-- createQuote -->
        <test-method signature="quoteEdit()[pri:30, instance:org.test.GlobalOrganizationQuote@273e7444]" started-at="2023-01-26T17:37:20 IST" name="quoteEdit" finished-at="2023-01-26T17:37:37 IST" duration-ms="16704" status="PASS">
          <reporter-output>
          </reporter-output>
        </test-method> <!-- quoteEdit -->
        <test-method signature="createdQuoteStatus()[pri:31, instance:org.test.GlobalOrganizationQuote@273e7444]" started-at="2023-01-26T17:37:37 IST" name="createdQuoteStatus" finished-at="2023-01-26T17:37:38 IST" duration-ms="1716" status="PASS">
          <reporter-output>
          </reporter-output>
        </test-method> <!-- createdQuoteStatus -->
        <test-method signature="draftQuote()[pri:32, instance:org.test.GlobalOrganizationQuote@273e7444]" started-at="2023-01-26T17:37:38 IST" name="draftQuote" finished-at="2023-01-26T17:37:56 IST" duration-ms="18056" status="PASS">
          <reporter-output>
          </reporter-output>
        </test-method> <!-- draftQuote -->
        <test-method signature="convertQuote()[pri:33, instance:org.test.GlobalOrganizationQuote@273e7444]" started-at="2023-01-26T17:37:56 IST" name="convertQuote" finished-at="2023-01-26T17:38:17 IST" duration-ms="20601" status="PASS">
          <reporter-output>
          </reporter-output>
        </test-method> <!-- convertQuote -->
        <test-method signature="declinedStatus()[pri:34, instance:org.test.GlobalOrganizationQuote@273e7444]" started-at="2023-01-26T17:38:17 IST" name="declinedStatus" finished-at="2023-01-26T17:38:42 IST" duration-ms="24969" status="PASS">
          <reporter-output>
          </reporter-output>
        </test-method> <!-- declinedStatus -->
        <test-method signature="listCustomerName()[pri:35, instance:org.test.GlobalOrganizationQuote@273e7444]" started-at="2023-01-26T17:38:42 IST" name="listCustomerName" finished-at="2023-01-26T17:38:44 IST" duration-ms="2126" status="PASS">
          <reporter-output>
          </reporter-output>
        </test-method> <!-- listCustomerName -->
        <test-method signature="listQuoteNo()[pri:35, instance:org.test.GlobalOrganizationQuote@273e7444]" started-at="2023-01-26T17:38:44 IST" name="listQuoteNo" finished-at="2023-01-26T17:38:46 IST" duration-ms="2081" status="PASS">
          <reporter-output>
          </reporter-output>
        </test-method> <!-- listQuoteNo -->
        <test-method signature="listQuoteTittle()[pri:36, instance:org.test.GlobalOrganizationQuote@273e7444]" started-at="2023-01-26T17:38:46 IST" name="listQuoteTittle" finished-at="2023-01-26T17:38:48 IST" duration-ms="2131" status="PASS">
          <reporter-output>
          </reporter-output>
        </test-method> <!-- listQuoteTittle -->
        <test-method signature="listQuoteReference()[pri:37, instance:org.test.GlobalOrganizationQuote@273e7444]" started-at="2023-01-26T17:38:48 IST" name="listQuoteReference" finished-at="2023-01-26T17:38:50 IST" duration-ms="1976" status="PASS">
          <reporter-output>
          </reporter-output>
        </test-method> <!-- listQuoteReference -->
        <test-method signature="listInvalid()[pri:38, instance:org.test.GlobalOrganizationQuote@273e7444]" started-at="2023-01-26T17:38:50 IST" name="listInvalid" finished-at="2023-01-26T17:38:52 IST" duration-ms="1848" status="PASS">
          <reporter-output>
          </reporter-output>
        </test-method> <!-- listInvalid -->
        <test-method is-config="true" signature="exitBrowser()[pri:0, instance:org.test.GlobalOrganizationQuote@273e7444]" started-at="2023-01-26T17:38:52 IST" name="exitBrowser" finished-at="2023-01-26T17:38:53 IST" duration-ms="444" status="PASS">
          <reporter-output>
          </reporter-output>
        </test-method> <!-- exitBrowser -->
      </class> <!-- org.test.GlobalOrganizationQuote -->
      <class name="org.test.GlobalOrganizationRequest">
        <test-method is-config="true" signature="setup()[pri:0, instance:org.test.GlobalOrganizationRequest@72e5a8e]" started-at="2023-01-26T17:24:01 IST" name="setup" finished-at="2023-01-26T17:24:02 IST" duration-ms="827" status="PASS">
          <reporter-output>
          </reporter-output>
        </test-method> <!-- setup -->
        <test-method signature="loginPage()[pri:0, instance:org.test.GlobalOrganizationRequest@72e5a8e]" started-at="2023-01-26T17:24:02 IST" name="loginPage" finished-at="2023-01-26T17:24:41 IST" duration-ms="38841" status="PASS">
          <reporter-output>
          </reporter-output>
        </test-method> <!-- loginPage -->
        <test-method signature="requestModule()[pri:1, instance:org.test.GlobalOrganizationRequest@72e5a8e]" started-at="2023-01-26T17:24:41 IST" name="requestModule" finished-at="2023-01-26T17:24:44 IST" duration-ms="2903" status="PASS">
          <reporter-output>
          </reporter-output>
        </test-method> <!-- requestModule -->
        <test-method signature="organizationMandatoryValidation()[pri:2, instance:org.test.GlobalOrganizationRequest@72e5a8e]" started-at="2023-01-26T17:24:44 IST" name="organizationMandatoryValidation" finished-at="2023-01-26T17:24:51 IST" duration-ms="6777" status="PASS">
          <reporter-output>
          </reporter-output>
        </test-method> <!-- organizationMandatoryValidation -->
        <test-method signature="autoCompleteOrganizationCreation()[pri:3, instance:org.test.GlobalOrganizationRequest@72e5a8e]" started-at="2023-01-26T17:24:51 IST" name="autoCompleteOrganizationCreation" finished-at="2023-01-26T17:25:01 IST" duration-ms="9926" status="PASS">
          <reporter-output>
          </reporter-output>
        </test-method> <!-- autoCompleteOrganizationCreation -->
        <test-method signature="autoCompleteOrganizationContactCreation()[pri:4, instance:org.test.GlobalOrganizationRequest@72e5a8e]" started-at="2023-01-26T17:25:01 IST" name="autoCompleteOrganizationContactCreation" finished-at="2023-01-26T17:25:12 IST" duration-ms="10915" status="PASS">
          <reporter-output>
          </reporter-output>
        </test-method> <!-- autoCompleteOrganizationContactCreation -->
        <test-method signature="maximumValidationTittle()[pri:6, instance:org.test.GlobalOrganizationRequest@72e5a8e]" started-at="2023-01-26T17:25:12 IST" name="maximumValidationTittle" finished-at="2023-01-26T17:25:19 IST" duration-ms="7341" status="PASS">
          <reporter-output>
          </reporter-output>
        </test-method> <!-- maximumValidationTittle -->
        <test-method signature="mandatoryValidationDescription()[pri:7, instance:org.test.GlobalOrganizationRequest@72e5a8e]" started-at="2023-01-26T17:25:19 IST" name="mandatoryValidationDescription" finished-at="2023-01-26T17:25:19 IST" duration-ms="211" status="PASS">
          <reporter-output>
          </reporter-output>
        </test-method> <!-- mandatoryValidationDescription -->
        <test-method signature="maximumValidationDescription()[pri:8, instance:org.test.GlobalOrganizationRequest@72e5a8e]" started-at="2023-01-26T17:25:19 IST" name="maximumValidationDescription" finished-at="2023-01-26T17:25:26 IST" duration-ms="7338" status="PASS">
          <reporter-output>
          </reporter-output>
        </test-method> <!-- maximumValidationDescription -->
        <test-method signature="maximumTagValidation()[pri:11, instance:org.test.GlobalOrganizationRequest@72e5a8e]" started-at="2023-01-26T17:25:26 IST" name="maximumTagValidation" finished-at="2023-01-26T17:25:28 IST" duration-ms="1152" status="PASS">
          <reporter-output>
          </reporter-output>
        </test-method> <!-- maximumTagValidation -->
        <test-method signature="duplicateTagsValidation()[pri:12, instance:org.test.GlobalOrganizationRequest@72e5a8e]" started-at="2023-01-26T17:25:28 IST" name="duplicateTagsValidation" finished-at="2023-01-26T17:25:28 IST" duration-ms="515" status="PASS">
          <reporter-output>
          </reporter-output>
        </test-method> <!-- duplicateTagsValidation -->
        <test-method signature="maxTagLimitValidation()[pri:13, instance:org.test.GlobalOrganizationRequest@72e5a8e]" started-at="2023-01-26T17:25:28 IST" name="maxTagLimitValidation" finished-at="2023-01-26T17:25:39 IST" duration-ms="10794" status="PASS">
          <reporter-output>
          </reporter-output>
        </test-method> <!-- maxTagLimitValidation -->
        <test-method signature="maximumValidationNotes()[pri:14, instance:org.test.GlobalOrganizationRequest@72e5a8e]" started-at="2023-01-26T17:25:39 IST" name="maximumValidationNotes" finished-at="2023-01-26T17:25:46 IST" duration-ms="7345" status="PASS">
          <reporter-output>
          </reporter-output>
        </test-method> <!-- maximumValidationNotes -->
        <test-method signature="unsssignedRequest()[pri:15, instance:org.test.GlobalOrganizationRequest@72e5a8e]" started-at="2023-01-26T17:25:46 IST" name="unsssignedRequest" finished-at="2023-01-26T17:25:58 IST" duration-ms="12145" status="PASS">
          <reporter-output>
          </reporter-output>
        </test-method> <!-- unsssignedRequest -->
        <test-method signature="requestUnassignedStatus()[pri:16, instance:org.test.GlobalOrganizationRequest@72e5a8e]" started-at="2023-01-26T17:25:58 IST" name="requestUnassignedStatus" finished-at="2023-01-26T17:26:04 IST" duration-ms="5303" status="PASS">
          <reporter-output>
          </reporter-output>
        </test-method> <!-- requestUnassignedStatus -->
        <test-method signature="createRequest_FromDateandTime_ToDateandTime()[pri:18, instance:org.test.GlobalOrganizationRequest@72e5a8e]" started-at="2023-01-26T17:26:04 IST" name="createRequest_FromDateandTime_ToDateandTime" finished-at="2023-01-26T17:26:43 IST" duration-ms="38929" status="PASS">
          <reporter-output>
          </reporter-output>
        </test-method> <!-- createRequest_FromDateandTime_ToDateandTime -->
        <test-method signature="requestScheduleStatus()[pri:19, instance:org.test.GlobalOrganizationRequest@72e5a8e]" started-at="2023-01-26T17:26:43 IST" name="requestScheduleStatus" finished-at="2023-01-26T17:26:48 IST" duration-ms="5819" status="PASS">
          <reporter-output>
          </reporter-output>
        </test-method> <!-- requestScheduleStatus -->
        <test-method signature="dispatchedRequest()[pri:20, instance:org.test.GlobalOrganizationRequest@72e5a8e]" started-at="2023-01-26T17:26:48 IST" name="dispatchedRequest" finished-at="2023-01-26T17:26:52 IST" duration-ms="3832" status="PASS">
          <reporter-output>
          </reporter-output>
        </test-method> <!-- dispatchedRequest -->
        <test-method signature="requestDispatchedStatus()[pri:21, instance:org.test.GlobalOrganizationRequest@72e5a8e]" started-at="2023-01-26T17:26:52 IST" name="requestDispatchedStatus" finished-at="2023-01-26T17:26:52 IST" duration-ms="116" status="PASS">
          <reporter-output>
          </reporter-output>
        </test-method> <!-- requestDispatchedStatus -->
        <test-method signature="startedRequest()[pri:22, instance:org.test.GlobalOrganizationRequest@72e5a8e]" started-at="2023-01-26T17:26:52 IST" name="startedRequest" finished-at="2023-01-26T17:26:56 IST" duration-ms="3819" status="PASS">
          <reporter-output>
          </reporter-output>
        </test-method> <!-- startedRequest -->
        <test-method signature="requestStartedStatus()[pri:23, instance:org.test.GlobalOrganizationRequest@72e5a8e]" started-at="2023-01-26T17:26:56 IST" name="requestStartedStatus" finished-at="2023-01-26T17:26:56 IST" duration-ms="83" status="PASS">
          <reporter-output>
          </reporter-output>
        </test-method> <!-- requestStartedStatus -->
        <test-method signature="completedRequest()[pri:24, instance:org.test.GlobalOrganizationRequest@72e5a8e]" started-at="2023-01-26T17:26:56 IST" name="completedRequest" finished-at="2023-01-26T17:27:01 IST" duration-ms="4624" status="PASS">
          <reporter-output>
          </reporter-output>
        </test-method> <!-- completedRequest -->
        <test-method signature="cancelledRequest()[pri:25, instance:org.test.GlobalOrganizationRequest@72e5a8e]" started-at="2023-01-26T17:27:01 IST" name="cancelledRequest" finished-at="2023-01-26T17:27:05 IST" duration-ms="4142" status="PASS">
          <reporter-output>
          </reporter-output>
        </test-method> <!-- cancelledRequest -->
        <test-method signature="requestCancelledStatus()[pri:26, instance:org.test.GlobalOrganizationRequest@72e5a8e]" started-at="2023-01-26T17:27:05 IST" name="requestCancelledStatus" finished-at="2023-01-26T17:27:05 IST" duration-ms="97" status="PASS">
          <reporter-output>
          </reporter-output>
        </test-method> <!-- requestCancelledStatus -->
        <test-method signature="searchCustomerName()[pri:29, instance:org.test.GlobalOrganizationRequest@72e5a8e]" started-at="2023-01-26T17:27:05 IST" name="searchCustomerName" finished-at="2023-01-26T17:27:07 IST" duration-ms="2135" status="PASS">
          <reporter-output>
          </reporter-output>
        </test-method> <!-- searchCustomerName -->
        <test-method signature="searchRequestNo()[pri:30, instance:org.test.GlobalOrganizationRequest@72e5a8e]" started-at="2023-01-26T17:27:07 IST" name="searchRequestNo" finished-at="2023-01-26T17:27:11 IST" duration-ms="3283" status="PASS">
          <reporter-output>
          </reporter-output>
        </test-method> <!-- searchRequestNo -->
        <test-method signature="searchLocation()[pri:31, instance:org.test.GlobalOrganizationRequest@72e5a8e]" started-at="2023-01-26T17:27:11 IST" name="searchLocation" finished-at="2023-01-26T17:27:14 IST" duration-ms="3220" status="PASS">
          <reporter-output>
          </reporter-output>
        </test-method> <!-- searchLocation -->
        <test-method signature="searchFilterByDate()[pri:32, instance:org.test.GlobalOrganizationRequest@72e5a8e]" started-at="2023-01-26T17:27:14 IST" name="searchFilterByDate" finished-at="2023-01-26T17:27:18 IST" duration-ms="4611" status="PASS">
          <reporter-output>
          </reporter-output>
        </test-method> <!-- searchFilterByDate -->
        <test-method signature="searchInvalid()[pri:33, instance:org.test.GlobalOrganizationRequest@72e5a8e]" started-at="2023-01-26T17:27:18 IST" name="searchInvalid" finished-at="2023-01-26T17:27:20 IST" duration-ms="1897" status="PASS">
          <reporter-output>
          </reporter-output>
        </test-method> <!-- searchInvalid -->
        <test-method is-config="true" signature="exitBrowser()[pri:0, instance:org.test.GlobalOrganizationRequest@72e5a8e]" started-at="2023-01-26T17:27:20 IST" name="exitBrowser" finished-at="2023-01-26T17:27:21 IST" duration-ms="390" status="PASS">
          <reporter-output>
          </reporter-output>
        </test-method> <!-- exitBrowser -->
      </class> <!-- org.test.GlobalOrganizationRequest -->
      <class name="org.test.GlobalContactRequest">
        <test-method is-config="true" signature="setup()[pri:0, instance:org.test.GlobalContactRequest@7d4f9aae]" started-at="2023-01-26T17:21:13 IST" name="setup" finished-at="2023-01-26T17:21:15 IST" duration-ms="1018" status="PASS">
          <reporter-output>
          </reporter-output>
        </test-method> <!-- setup -->
        <test-method signature="loginPage()[pri:0, instance:org.test.GlobalContactRequest@7d4f9aae]" started-at="2023-01-26T17:21:15 IST" name="loginPage" finished-at="2023-01-26T17:21:47 IST" duration-ms="32166" status="PASS">
          <reporter-output>
          </reporter-output>
        </test-method> <!-- loginPage -->
        <test-method signature="requestModule()[pri:1, instance:org.test.GlobalContactRequest@7d4f9aae]" started-at="2023-01-26T17:21:47 IST" name="requestModule" finished-at="2023-01-26T17:21:53 IST" duration-ms="6175" status="PASS">
          <reporter-output>
          </reporter-output>
        </test-method> <!-- requestModule -->
        <test-method signature="contactMandatoryValidation()[pri:2, instance:org.test.GlobalContactRequest@7d4f9aae]" started-at="2023-01-26T17:21:53 IST" name="contactMandatoryValidation" finished-at="2023-01-26T17:21:59 IST" duration-ms="6403" status="PASS">
          <reporter-output>
          </reporter-output>
        </test-method> <!-- contactMandatoryValidation -->
        <test-method signature="autoCompleteContactCreation()[pri:3, instance:org.test.GlobalContactRequest@7d4f9aae]" started-at="2023-01-26T17:21:59 IST" name="autoCompleteContactCreation" finished-at="2023-01-26T17:22:06 IST" duration-ms="6730" status="PASS">
          <reporter-output>
          </reporter-output>
        </test-method> <!-- autoCompleteContactCreation -->
        <test-method signature="maximumValidationTittle()[pri:6, instance:org.test.GlobalContactRequest@7d4f9aae]" started-at="2023-01-26T17:22:06 IST" name="maximumValidationTittle" finished-at="2023-01-26T17:22:13 IST" duration-ms="7395" status="PASS">
          <reporter-output>
          </reporter-output>
        </test-method> <!-- maximumValidationTittle -->
        <test-method signature="mandatoryValidationDescription()[pri:7, instance:org.test.GlobalContactRequest@7d4f9aae]" started-at="2023-01-26T17:22:13 IST" name="mandatoryValidationDescription" finished-at="2023-01-26T17:22:14 IST" duration-ms="223" status="PASS">
          <reporter-output>
          </reporter-output>
        </test-method> <!-- mandatoryValidationDescription -->
        <test-method signature="maximumValidationDescription()[pri:8, instance:org.test.GlobalContactRequest@7d4f9aae]" started-at="2023-01-26T17:22:14 IST" name="maximumValidationDescription" finished-at="2023-01-26T17:22:21 IST" duration-ms="7140" status="PASS">
          <reporter-output>
          </reporter-output>
        </test-method> <!-- maximumValidationDescription -->
        <test-method signature="maximumTagValidation()[pri:11, instance:org.test.GlobalContactRequest@7d4f9aae]" started-at="2023-01-26T17:22:21 IST" name="maximumTagValidation" finished-at="2023-01-26T17:22:22 IST" duration-ms="1179" status="PASS">
          <reporter-output>
          </reporter-output>
        </test-method> <!-- maximumTagValidation -->
        <test-method signature="duplicateTagsValidation()[pri:12, instance:org.test.GlobalContactRequest@7d4f9aae]" started-at="2023-01-26T17:22:22 IST" name="duplicateTagsValidation" finished-at="2023-01-26T17:22:22 IST" duration-ms="505" status="PASS">
          <reporter-output>
          </reporter-output>
        </test-method> <!-- duplicateTagsValidation -->
        <test-method signature="maxTagLimitValidation()[pri:13, instance:org.test.GlobalContactRequest@7d4f9aae]" started-at="2023-01-26T17:22:22 IST" name="maxTagLimitValidation" finished-at="2023-01-26T17:22:33 IST" duration-ms="10662" status="PASS">
          <reporter-output>
          </reporter-output>
        </test-method> <!-- maxTagLimitValidation -->
        <test-method signature="maximumValidationNotes()[pri:14, instance:org.test.GlobalContactRequest@7d4f9aae]" started-at="2023-01-26T17:22:33 IST" name="maximumValidationNotes" finished-at="2023-01-26T17:22:40 IST" duration-ms="7126" status="PASS">
          <reporter-output>
          </reporter-output>
        </test-method> <!-- maximumValidationNotes -->
        <test-method signature="unsssignedRequest()[pri:15, instance:org.test.GlobalContactRequest@7d4f9aae]" started-at="2023-01-26T17:22:40 IST" name="unsssignedRequest" finished-at="2023-01-26T17:22:52 IST" duration-ms="11474" status="PASS">
          <reporter-output>
          </reporter-output>
        </test-method> <!-- unsssignedRequest -->
        <test-method signature="createRequest_FromDateandTime_ToDateandTime()[pri:18, instance:org.test.GlobalContactRequest@7d4f9aae]" started-at="2023-01-26T17:22:52 IST" name="createRequest_FromDateandTime_ToDateandTime" finished-at="2023-01-26T17:23:25 IST" duration-ms="32939" status="PASS">
          <reporter-output>
          </reporter-output>
        </test-method> <!-- createRequest_FromDateandTime_ToDateandTime -->
        <test-method signature="requestScheduleStatus()[pri:19, instance:org.test.GlobalContactRequest@7d4f9aae]" started-at="2023-01-26T17:23:25 IST" name="requestScheduleStatus" finished-at="2023-01-26T17:23:29 IST" duration-ms="4237" status="PASS">
          <reporter-output>
          </reporter-output>
        </test-method> <!-- requestScheduleStatus -->
        <test-method signature="dispatchedRequest()[pri:20, instance:org.test.GlobalContactRequest@7d4f9aae]" started-at="2023-01-26T17:23:29 IST" name="dispatchedRequest" finished-at="2023-01-26T17:23:33 IST" duration-ms="3897" status="PASS">
          <reporter-output>
          </reporter-output>
        </test-method> <!-- dispatchedRequest -->
        <test-method signature="requestDispatchedStatus()[pri:21, instance:org.test.GlobalContactRequest@7d4f9aae]" started-at="2023-01-26T17:23:33 IST" name="requestDispatchedStatus" finished-at="2023-01-26T17:23:33 IST" duration-ms="73" status="PASS">
          <reporter-output>
          </reporter-output>
        </test-method> <!-- requestDispatchedStatus -->
        <test-method signature="startedRequest()[pri:22, instance:org.test.GlobalContactRequest@7d4f9aae]" started-at="2023-01-26T17:23:33 IST" name="startedRequest" finished-at="2023-01-26T17:23:37 IST" duration-ms="3805" status="PASS">
          <reporter-output>
          </reporter-output>
        </test-method> <!-- startedRequest -->
        <test-method signature="requestStartedStatus()[pri:23, instance:org.test.GlobalContactRequest@7d4f9aae]" started-at="2023-01-26T17:23:37 IST" name="requestStartedStatus" finished-at="2023-01-26T17:23:37 IST" duration-ms="82" status="PASS">
          <reporter-output>
          </reporter-output>
        </test-method> <!-- requestStartedStatus -->
        <test-method signature="completedRequest()[pri:24, instance:org.test.GlobalContactRequest@7d4f9aae]" started-at="2023-01-26T17:23:37 IST" name="completedRequest" finished-at="2023-01-26T17:23:41 IST" duration-ms="4143" status="PASS">
          <reporter-output>
          </reporter-output>
        </test-method> <!-- completedRequest -->
        <test-method signature="cancelledRequest()[pri:25, instance:org.test.GlobalContactRequest@7d4f9aae]" started-at="2023-01-26T17:23:41 IST" name="cancelledRequest" finished-at="2023-01-26T17:23:46 IST" duration-ms="4686" status="PASS">
          <reporter-output>
          </reporter-output>
        </test-method> <!-- cancelledRequest -->
        <test-method signature="requestCancelledStatus()[pri:26, instance:org.test.GlobalContactRequest@7d4f9aae]" started-at="2023-01-26T17:23:46 IST" name="requestCancelledStatus" finished-at="2023-01-26T17:23:46 IST" duration-ms="95" status="PASS">
          <reporter-output>
          </reporter-output>
        </test-method> <!-- requestCancelledStatus -->
        <test-method signature="searchCustomerName()[pri:29, instance:org.test.GlobalContactRequest@7d4f9aae]" started-at="2023-01-26T17:23:46 IST" name="searchCustomerName" finished-at="2023-01-26T17:23:48 IST" duration-ms="2101" status="PASS">
          <reporter-output>
          </reporter-output>
        </test-method> <!-- searchCustomerName -->
        <test-method signature="searchRequestNo()[pri:30, instance:org.test.GlobalContactRequest@7d4f9aae]" started-at="2023-01-26T17:23:48 IST" name="searchRequestNo" finished-at="2023-01-26T17:23:51 IST" duration-ms="3181" status="PASS">
          <reporter-output>
          </reporter-output>
        </test-method> <!-- searchRequestNo -->
        <test-method signature="searchLocation()[pri:31, instance:org.test.GlobalContactRequest@7d4f9aae]" started-at="2023-01-26T17:23:51 IST" name="searchLocation" finished-at="2023-01-26T17:23:54 IST" duration-ms="3495" status="PASS">
          <reporter-output>
          </reporter-output>
        </test-method> <!-- searchLocation -->
        <test-method signature="searchFilterByDate()[pri:32, instance:org.test.GlobalContactRequest@7d4f9aae]" started-at="2023-01-26T17:23:54 IST" name="searchFilterByDate" finished-at="2023-01-26T17:23:59 IST" duration-ms="4706" status="PASS">
          <reporter-output>
          </reporter-output>
        </test-method> <!-- searchFilterByDate -->
        <test-method signature="searchInvalid()[pri:33, instance:org.test.GlobalContactRequest@7d4f9aae]" started-at="2023-01-26T17:23:59 IST" name="searchInvalid" finished-at="2023-01-26T17:24:01 IST" duration-ms="1818" status="PASS">
          <reporter-output>
          </reporter-output>
        </test-method> <!-- searchInvalid -->
        <test-method is-config="true" signature="exitBrowser()[pri:0, instance:org.test.GlobalContactRequest@7d4f9aae]" started-at="2023-01-26T17:24:01 IST" name="exitBrowser" finished-at="2023-01-26T17:24:01 IST" duration-ms="366" status="PASS">
          <reporter-output>
          </reporter-output>
        </test-method> <!-- exitBrowser -->
      </class> <!-- org.test.GlobalContactRequest -->
      <class name="org.test.OnBoardingModule">
        <test-method is-config="true" signature="setup()[pri:0, instance:org.test.OnBoardingModule@27f981c6]" started-at="2023-01-26T16:52:45 IST" name="setup" finished-at="2023-01-26T16:52:46 IST" duration-ms="1754" status="PASS">
          <reporter-output>
          </reporter-output>
        </test-method> <!-- setup -->
        <test-method signature="mandatoryBussinessNameFieldValidation()[pri:0, instance:org.test.OnBoardingModule@27f981c6]" started-at="2023-01-26T16:52:46 IST" name="mandatoryBussinessNameFieldValidation" finished-at="2023-01-26T16:52:56 IST" duration-ms="10075" status="PASS">
          <reporter-output>
          </reporter-output>
        </test-method> <!-- mandatoryBussinessNameFieldValidation -->
        <test-method signature="mandatoryEmailFieldValidation()[pri:1, instance:org.test.OnBoardingModule@27f981c6]" started-at="2023-01-26T16:52:56 IST" name="mandatoryEmailFieldValidation" finished-at="2023-01-26T16:52:57 IST" duration-ms="794" status="PASS">
          <reporter-output>
          </reporter-output>
        </test-method> <!-- mandatoryEmailFieldValidation -->
        <test-method signature="alreadyBussinessNameValidation()[pri:2, instance:org.test.OnBoardingModule@27f981c6]" started-at="2023-01-26T16:52:57 IST" name="alreadyBussinessNameValidation" finished-at="2023-01-26T16:52:58 IST" duration-ms="909" status="PASS">
          <reporter-output>
          </reporter-output>
        </test-method> <!-- alreadyBussinessNameValidation -->
        <test-method signature="specialCharacterBussinessNameValidation()[pri:3, instance:org.test.OnBoardingModule@27f981c6]" started-at="2023-01-26T16:52:58 IST" name="specialCharacterBussinessNameValidation" finished-at="2023-01-26T16:52:58 IST" duration-ms="147" status="PASS">
          <reporter-output>
          </reporter-output>
        </test-method> <!-- specialCharacterBussinessNameValidation -->
        <test-method signature="maximumValidationBussinessName()[pri:4, instance:org.test.OnBoardingModule@27f981c6]" started-at="2023-01-26T16:52:58 IST" name="maximumValidationBussinessName" finished-at="2023-01-26T16:52:59 IST" duration-ms="709" status="PASS">
          <reporter-output>
          </reporter-output>
        </test-method> <!-- maximumValidationBussinessName -->
        <test-method signature="maximumValidationBussinessWebSite()[pri:5, instance:org.test.OnBoardingModule@27f981c6]" started-at="2023-01-26T16:52:59 IST" name="maximumValidationBussinessWebSite" finished-at="2023-01-26T16:53:03 IST" duration-ms="4070" status="PASS">
          <reporter-output>
          </reporter-output>
        </test-method> <!-- maximumValidationBussinessWebSite -->
        <test-method signature="maximumValidationFirstName()[pri:6, instance:org.test.OnBoardingModule@27f981c6]" started-at="2023-01-26T16:53:03 IST" name="maximumValidationFirstName" finished-at="2023-01-26T16:53:04 IST" duration-ms="881" status="PASS">
          <reporter-output>
          </reporter-output>
        </test-method> <!-- maximumValidationFirstName -->
        <test-method signature="maximumValidationLastName()[pri:7, instance:org.test.OnBoardingModule@27f981c6]" started-at="2023-01-26T16:53:04 IST" name="maximumValidationLastName" finished-at="2023-01-26T16:53:05 IST" duration-ms="806" status="PASS">
          <reporter-output>
          </reporter-output>
        </test-method> <!-- maximumValidationLastName -->
        <test-method signature="maximumValidationEmail()[pri:8, instance:org.test.OnBoardingModule@27f981c6]" started-at="2023-01-26T16:53:05 IST" name="maximumValidationEmail" finished-at="2023-01-26T16:53:06 IST" duration-ms="840" status="PASS">
          <reporter-output>
          </reporter-output>
        </test-method> <!-- maximumValidationEmail -->
        <test-method signature="validateEmailFormat()[pri:9, instance:org.test.OnBoardingModule@27f981c6]" started-at="2023-01-26T16:53:06 IST" name="validateEmailFormat" finished-at="2023-01-26T16:53:06 IST" duration-ms="841" status="PASS">
          <reporter-output>
          </reporter-output>
        </test-method> <!-- validateEmailFormat -->
        <test-method signature="existingEmailValidation()[pri:10, instance:org.test.OnBoardingModule@27f981c6]" started-at="2023-01-26T16:53:06 IST" name="existingEmailValidation" finished-at="2023-01-26T16:53:08 IST" duration-ms="1456" status="PASS">
          <reporter-output>
          </reporter-output>
        </test-method> <!-- existingEmailValidation -->
        <test-method signature="correctValidationEmail()[pri:11, instance:org.test.OnBoardingModule@27f981c6]" started-at="2023-01-26T16:53:08 IST" name="correctValidationEmail" finished-at="2023-01-26T16:53:09 IST" duration-ms="857" status="PASS">
          <reporter-output>
          </reporter-output>
        </test-method> <!-- correctValidationEmail -->
        <test-method signature="validateRadioButtonClickable()[pri:12, instance:org.test.OnBoardingModule@27f981c6]" started-at="2023-01-26T16:53:09 IST" name="validateRadioButtonClickable" finished-at="2023-01-26T16:53:12 IST" duration-ms="2950" status="PASS">
          <reporter-output>
          </reporter-output>
        </test-method> <!-- validateRadioButtonClickable -->
        <test-method signature="industryTypeFieldPresent()[pri:13, instance:org.test.OnBoardingModule@27f981c6]" started-at="2023-01-26T16:53:12 IST" name="industryTypeFieldPresent" finished-at="2023-01-26T16:53:12 IST" duration-ms="208" status="PASS">
          <reporter-output>
          </reporter-output>
        </test-method> <!-- industryTypeFieldPresent -->
        <test-method signature="maximumValidationIndustryField()[pri:14, instance:org.test.OnBoardingModule@27f981c6]" started-at="2023-01-26T16:53:12 IST" name="maximumValidationIndustryField" finished-at="2023-01-26T16:53:13 IST" duration-ms="868" status="PASS">
          <reporter-output>
          </reporter-output>
        </test-method> <!-- maximumValidationIndustryField -->
        <test-method signature="sizeCompanyValidation()[pri:15, instance:org.test.OnBoardingModule@27f981c6]" started-at="2023-01-26T16:53:13 IST" name="sizeCompanyValidation" finished-at="2023-01-26T16:53:14 IST" duration-ms="865" status="PASS">
          <reporter-output>
          </reporter-output>
        </test-method> <!-- sizeCompanyValidation -->
        <test-method signature="validationRadioButtonIntrested()[pri:16, instance:org.test.OnBoardingModule@27f981c6]" started-at="2023-01-26T16:53:14 IST" name="validationRadioButtonIntrested" finished-at="2023-01-26T16:53:15 IST" duration-ms="1142" status="PASS">
          <reporter-output>
          </reporter-output>
        </test-method> <!-- validationRadioButtonIntrested -->
        <test-method signature="mandatoryValidationLocation()[pri:17, instance:org.test.OnBoardingModule@27f981c6]" started-at="2023-01-26T16:53:15 IST" name="mandatoryValidationLocation" finished-at="2023-01-26T16:53:16 IST" duration-ms="761" status="PASS">
          <reporter-output>
          </reporter-output>
        </test-method> <!-- mandatoryValidationLocation -->
[...]
          <reporter-output>
          </reporter-output>
        </test-method> <!-- maxPriceLimit -->
        <test-method signature="beforeDecimalPointPriceField()[pri:17, instance:org.test.CustomerContactQuote@54e1c68b]" started-at="2023-01-26T17:28:35 IST" name="beforeDecimalPointPriceField" finished-at="2023-01-26T17:28:35 IST" duration-ms="268" status="PASS">
          <reporter-output>
          </reporter-output>
        </test-method> <!-- beforeDecimalPointPriceField -->
        <test-method signature="afterDecimalPointPriceField()[pri:18, instance:org.test.CustomerContactQuote@54e1c68b]" started-at="2023-01-26T17:28:35 IST" name="afterDecimalPointPriceField" finished-at="2023-01-26T17:28:35 IST" duration-ms="315" status="PASS">
          <reporter-output>
          </reporter-output>
        </test-method> <!-- afterDecimalPointPriceField -->
        <test-method signature="afterDecimalPointDiscountField()[pri:19, instance:org.test.CustomerContactQuote@54e1c68b]" started-at="2023-01-26T17:28:35 IST" name="afterDecimalPointDiscountField" finished-at="2023-01-26T17:28:36 IST" duration-ms="288" status="PASS">
          <reporter-output>
          </reporter-output>
        </test-method> <!-- afterDecimalPointDiscountField -->
        <test-method signature="beforeDecimalPointDiscountField()[pri:20, instance:org.test.CustomerContactQuote@54e1c68b]" started-at="2023-01-26T17:28:36 IST" name="beforeDecimalPointDiscountField" finished-at="2023-01-26T17:28:36 IST" duration-ms="219" status="PASS">
          <reporter-output>
          </reporter-output>
        </test-method> <!-- beforeDecimalPointDiscountField -->
        <test-method signature="maxLimitDiscountField()[pri:21, instance:org.test.CustomerContactQuote@54e1c68b]" started-at="2023-01-26T17:28:36 IST" name="maxLimitDiscountField" finished-at="2023-01-26T17:28:36 IST" duration-ms="197" status="PASS">
          <reporter-output>
          </reporter-output>
        </test-method> <!-- maxLimitDiscountField -->
        <test-method signature="afterDecimalPointTaxField()[pri:22, instance:org.test.CustomerContactQuote@54e1c68b]" started-at="2023-01-26T17:28:36 IST" name="afterDecimalPointTaxField" finished-at="2023-01-26T17:28:36 IST" duration-ms="277" status="PASS">
          <reporter-output>
          </reporter-output>
        </test-method> <!-- afterDecimalPointTaxField -->
        <test-method signature="beforeDecimalPointTaxField()[pri:23, instance:org.test.CustomerContactQuote@54e1c68b]" started-at="2023-01-26T17:28:36 IST" name="beforeDecimalPointTaxField" finished-at="2023-01-26T17:28:37 IST" duration-ms="235" status="PASS">
          <reporter-output>
          </reporter-output>
        </test-method> <!-- beforeDecimalPointTaxField -->
        <test-method signature="maxLimitTaxField()[pri:24, instance:org.test.CustomerContactQuote@54e1c68b]" started-at="2023-01-26T17:28:37 IST" name="maxLimitTaxField" finished-at="2023-01-26T17:28:37 IST" duration-ms="293" status="PASS">
          <reporter-output>
          </reporter-output>
        </test-method> <!-- maxLimitTaxField -->
        <test-method signature="maximumValidationDescription()[pri:25, instance:org.test.CustomerContactQuote@54e1c68b]" started-at="2023-01-26T17:28:37 IST" name="maximumValidationDescription" finished-at="2023-01-26T17:28:40 IST" duration-ms="3422" status="PASS">
          <reporter-output>
          </reporter-output>
        </test-method> <!-- maximumValidationDescription -->
        <test-method signature="maximumValidationNotes()[pri:26, instance:org.test.CustomerContactQuote@54e1c68b]" started-at="2023-01-26T17:28:40 IST" name="maximumValidationNotes" finished-at="2023-01-26T17:28:46 IST" duration-ms="6167" status="PASS">
          <reporter-output>
          </reporter-output>
        </test-method> <!-- maximumValidationNotes -->
        <test-method signature="expiryFieldPastDateValidation()[pri:27, instance:org.test.CustomerContactQuote@54e1c68b]" started-at="2023-01-26T17:28:46 IST" name="expiryFieldPastDateValidation" finished-at="2023-01-26T17:28:48 IST" duration-ms="1552" status="PASS">
          <reporter-output>
          </reporter-output>
        </test-method> <!-- expiryFieldPastDateValidation -->
        <test-method signature="validateCalculation()[pri:28, instance:org.test.CustomerContactQuote@54e1c68b]" started-at="2023-01-26T17:28:48 IST" name="validateCalculation" finished-at="2023-01-26T17:28:49 IST" duration-ms="968" status="PASS">
          <reporter-output>
          </reporter-output>
        </test-method> <!-- validateCalculation -->
        <test-method signature="createQuote()[pri:29, instance:org.test.CustomerContactQuote@54e1c68b]" started-at="2023-01-26T17:28:49 IST" name="createQuote" finished-at="2023-01-26T17:28:56 IST" duration-ms="7014" status="PASS">
          <reporter-output>
          </reporter-output>
        </test-method> <!-- createQuote -->
        <test-method signature="quoteCreatedCount()[pri:29, instance:org.test.CustomerContactQuote@54e1c68b]" started-at="2023-01-26T17:28:56 IST" name="quoteCreatedCount" finished-at="2023-01-26T17:28:57 IST" duration-ms="1292" status="PASS">
          <reporter-output>
          </reporter-output>
        </test-method> <!-- quoteCreatedCount -->
        <test-method signature="quoteEdit()[pri:29, instance:org.test.CustomerContactQuote@54e1c68b]" started-at="2023-01-26T17:28:57 IST" name="quoteEdit" finished-at="2023-01-26T17:29:11 IST" duration-ms="14059" status="PASS">
          <reporter-output>
          </reporter-output>
        </test-method> <!-- quoteEdit -->
        <test-method signature="createdQuoteStatus()[pri:30, instance:org.test.CustomerContactQuote@54e1c68b]" started-at="2023-01-26T17:29:11 IST" name="createdQuoteStatus" finished-at="2023-01-26T17:29:12 IST" duration-ms="1166" status="PASS">
          <reporter-output>
          </reporter-output>
        </test-method> <!-- createdQuoteStatus -->
        <test-method signature="draftQuote()[pri:31, instance:org.test.CustomerContactQuote@54e1c68b]" started-at="2023-01-26T17:29:12 IST" name="draftQuote" finished-at="2023-01-26T17:29:19 IST" duration-ms="6255" status="PASS">
          <reporter-output>
          </reporter-output>
        </test-method> <!-- draftQuote -->
        <test-method signature="convertQuote()[pri:32, instance:org.test.CustomerContactQuote@54e1c68b]" started-at="2023-01-26T17:29:19 IST" name="convertQuote" finished-at="2023-01-26T17:29:35 IST" duration-ms="15903" status="PASS">
          <reporter-output>
          </reporter-output>
        </test-method> <!-- convertQuote -->
        <test-method signature="declinedStatus()[pri:33, instance:org.test.CustomerContactQuote@54e1c68b]" started-at="2023-01-26T17:29:35 IST" name="declinedStatus" finished-at="2023-01-26T17:29:48 IST" duration-ms="13512" status="PASS">
          <reporter-output>
          </reporter-output>
        </test-method> <!-- declinedStatus -->
        <test-method signature="listQuoteNo()[pri:34, instance:org.test.CustomerContactQuote@54e1c68b]" started-at="2023-01-26T17:29:48 IST" name="listQuoteNo" finished-at="2023-01-26T17:29:50 IST" duration-ms="2096" status="PASS">
          <reporter-output>
          </reporter-output>
        </test-method> <!-- listQuoteNo -->
        <test-method signature="listQuoteTittle()[pri:34, instance:org.test.CustomerContactQuote@54e1c68b]" started-at="2023-01-26T17:29:50 IST" name="listQuoteTittle" finished-at="2023-01-26T17:29:52 IST" duration-ms="2166" status="PASS">
          <reporter-output>
          </reporter-output>
        </test-method> <!-- listQuoteTittle -->
        <test-method signature="listQuoteReference()[pri:35, instance:org.test.CustomerContactQuote@54e1c68b]" started-at="2023-01-26T17:29:52 IST" name="listQuoteReference" finished-at="2023-01-26T17:29:54 IST" duration-ms="1434" status="PASS">
          <reporter-output>
          </reporter-output>
        </test-method> <!-- listQuoteReference -->
        <test-method signature="listInvalid()[pri:36, instance:org.test.CustomerContactQuote@54e1c68b]" started-at="2023-01-26T17:29:54 IST" name="listInvalid" finished-at="2023-01-26T17:29:56 IST" duration-ms="1827" status="PASS">
          <reporter-output>
          </reporter-output>
        </test-method> <!-- listInvalid -->
        <test-method is-config="true" signature="exitBrowser()[pri:0, instance:org.test.CustomerContactQuote@54e1c68b]" started-at="2023-01-26T17:29:56 IST" name="exitBrowser" finished-at="2023-01-26T17:29:56 IST" duration-ms="381" status="PASS">
          <reporter-output>
          </reporter-output>
        </test-method> <!-- exitBrowser -->
      </class> <!-- org.test.CustomerContactQuote -->
      <class name="org.test.CustomerOrganizationJob">
        <test-method is-config="true" signature="setup()[pri:0, instance:org.test.CustomerOrganizationJob@6bd61f98]" started-at="2023-01-26T17:05:45 IST" name="setup" finished-at="2023-01-26T17:05:47 IST" duration-ms="1182" status="PASS">
          <reporter-output>
          </reporter-output>
        </test-method> <!-- setup -->
        <test-method signature="loginPage()[pri:1, instance:org.test.CustomerOrganizationJob@6bd61f98]" started-at="2023-01-26T17:05:47 IST" name="loginPage" finished-at="2023-01-26T17:06:17 IST" duration-ms="30556" status="PASS">
          <reporter-output>
          </reporter-output>
        </test-method> <!-- loginPage -->
        <test-method signature="modulePage()[pri:2, instance:org.test.CustomerOrganizationJob@6bd61f98]" started-at="2023-01-26T17:06:17 IST" name="modulePage" finished-at="2023-01-26T17:06:22 IST" duration-ms="4838" status="PASS">
          <reporter-output>
          </reporter-output>
        </test-method> <!-- modulePage -->
        <test-method signature="createOrganization()[pri:3, instance:org.test.CustomerOrganizationJob@6bd61f98]" started-at="2023-01-26T17:06:22 IST" name="createOrganization" finished-at="2023-01-26T17:06:41 IST" duration-ms="18972" status="PASS">
          <reporter-output>
          </reporter-output>
        </test-method> <!-- createOrganization -->
        <test-method signature="labelValidation()[pri:4, instance:org.test.CustomerOrganizationJob@6bd61f98]" started-at="2023-01-26T17:06:41 IST" name="labelValidation" finished-at="2023-01-26T17:06:49 IST" duration-ms="7921" status="PASS">
          <reporter-output>
          </reporter-output>
        </test-method> <!-- labelValidation -->
        <test-method signature="autoCompleteOrganizationContactCreation()[pri:5, instance:org.test.CustomerOrganizationJob@6bd61f98]" started-at="2023-01-26T17:06:49 IST" name="autoCompleteOrganizationContactCreation" finished-at="2023-01-26T17:07:02 IST" duration-ms="13055" status="PASS">
          <reporter-output>
          </reporter-output>
        </test-method> <!-- autoCompleteOrganizationContactCreation -->
        <test-method signature="maximumValidationTittle()[pri:6, instance:org.test.CustomerOrganizationJob@6bd61f98]" started-at="2023-01-26T17:07:02 IST" name="maximumValidationTittle" finished-at="2023-01-26T17:07:03 IST" duration-ms="1324" status="PASS">
          <reporter-output>
          </reporter-output>
        </test-method> <!-- maximumValidationTittle -->
        <test-method signature="mandatoryValidationDescription()[pri:7, instance:org.test.CustomerOrganizationJob@6bd61f98]" started-at="2023-01-26T17:07:03 IST" name="mandatoryValidationDescription" finished-at="2023-01-26T17:07:03 IST" duration-ms="176" status="PASS">
          <reporter-output>
          </reporter-output>
        </test-method> <!-- mandatoryValidationDescription -->
        <test-method signature="maximumValidationDescription()[pri:8, instance:org.test.CustomerOrganizationJob@6bd61f98]" started-at="2023-01-26T17:07:03 IST" name="maximumValidationDescription" finished-at="2023-01-26T17:07:11 IST" duration-ms="7094" status="PASS">
          <reporter-output>
          </reporter-output>
        </test-method> <!-- maximumValidationDescription -->
        <test-method signature="maximumTagValidation()[pri:11, instance:org.test.CustomerOrganizationJob@6bd61f98]" started-at="2023-01-26T17:07:11 IST" name="maximumTagValidation" finished-at="2023-01-26T17:07:11 IST" duration-ms="820" status="PASS">
          <reporter-output>
          </reporter-output>
        </test-method> <!-- maximumTagValidation -->
        <test-method signature="duplicateTagsValidation()[pri:12, instance:org.test.CustomerOrganizationJob@6bd61f98]" started-at="2023-01-26T17:07:11 IST" name="duplicateTagsValidation" finished-at="2023-01-26T17:07:12 IST" duration-ms="398" status="PASS">
          <reporter-output>
          </reporter-output>
        </test-method> <!-- duplicateTagsValidation -->
        <test-method signature="maxTagLimitValidation()[pri:13, instance:org.test.CustomerOrganizationJob@6bd61f98]" started-at="2023-01-26T17:07:12 IST" name="maxTagLimitValidation" finished-at="2023-01-26T17:07:22 IST" duration-ms="10468" status="PASS">
          <reporter-output>
          </reporter-output>
        </test-method> <!-- maxTagLimitValidation -->
        <test-method signature="maximumValidationNotes()[pri:14, instance:org.test.CustomerOrganizationJob@6bd61f98]" started-at="2023-01-26T17:07:22 IST" name="maximumValidationNotes" finished-at="2023-01-26T17:07:30 IST" duration-ms="7339" status="PASS">
          <reporter-output>
          </reporter-output>
        </test-method> <!-- maximumValidationNotes -->
        <test-method signature="unsssignedJob()[pri:15, instance:org.test.CustomerOrganizationJob@6bd61f98]" started-at="2023-01-26T17:07:30 IST" name="unsssignedJob" finished-at="2023-01-26T17:07:42 IST" duration-ms="12893" status="PASS">
          <reporter-output>
          </reporter-output>
        </test-method> <!-- unsssignedJob -->
        <test-method signature="jobUnassignedStatus()[pri:16, instance:org.test.CustomerOrganizationJob@6bd61f98]" started-at="2023-01-26T17:07:42 IST" name="jobUnassignedStatus" finished-at="2023-01-26T17:07:44 IST" duration-ms="1696" status="PASS">
          <reporter-output>
          </reporter-output>
        </test-method> <!-- jobUnassignedStatus -->
        <test-method signature="createJob_FromDateandTime_ToDateandTime()[pri:18, instance:org.test.CustomerOrganizationJob@6bd61f98]" started-at="2023-01-26T17:07:44 IST" name="createJob_FromDateandTime_ToDateandTime" finished-at="2023-01-26T17:08:03 IST" duration-ms="19158" status="PASS">
          <reporter-output>
          </reporter-output>
        </test-method> <!-- createJob_FromDateandTime_ToDateandTime -->
        <test-method signature="jobScheduleStatus()[pri:19, instance:org.test.CustomerOrganizationJob@6bd61f98]" started-at="2023-01-26T17:08:03 IST" name="jobScheduleStatus" finished-at="2023-01-26T17:08:05 IST" duration-ms="1655" status="PASS">
          <reporter-output>
          </reporter-output>
        </test-method> <!-- jobScheduleStatus -->
        <test-method signature="dispatchedJob()[pri:20, instance:org.test.CustomerOrganizationJob@6bd61f98]" started-at="2023-01-26T17:08:05 IST" name="dispatchedJob" finished-at="2023-01-26T17:08:13 IST" duration-ms="7714" status="PASS">
          <reporter-output>
          </reporter-output>
        </test-method> <!-- dispatchedJob -->
        <test-method signature="jobDispatchedStatus()[pri:21, instance:org.test.CustomerOrganizationJob@6bd61f98]" started-at="2023-01-26T17:08:13 IST" name="jobDispatchedStatus" finished-at="2023-01-26T17:08:13 IST" duration-ms="78" status="PASS">
          <reporter-output>
          </reporter-output>
        </test-method> <!-- jobDispatchedStatus -->
        <test-method signature="startedJob()[pri:22, instance:org.test.CustomerOrganizationJob@6bd61f98]" started-at="2023-01-26T17:08:13 IST" name="startedJob" finished-at="2023-01-26T17:08:16 IST" duration-ms="3610" status="PASS">
          <reporter-output>
          </reporter-output>
        </test-method> <!-- startedJob -->
        <test-method signature="jobStartedStatus()[pri:23, instance:org.test.CustomerOrganizationJob@6bd61f98]" started-at="2023-01-26T17:08:16 IST" name="jobStartedStatus" finished-at="2023-01-26T17:08:17 IST" duration-ms="624" status="PASS">
          <reporter-output>
          </reporter-output>
        </test-method> <!-- jobStartedStatus -->
        <test-method signature="completedJob()[pri:24, instance:org.test.CustomerOrganizationJob@6bd61f98]" started-at="2023-01-26T17:08:17 IST" name="completedJob" finished-at="2023-01-26T17:08:21 IST" duration-ms="4118" status="PASS">
          <reporter-output>
          </reporter-output>
        </test-method> <!-- completedJob -->
        <test-method signature="cancelledJob()[pri:25, instance:org.test.CustomerOrganizationJob@6bd61f98]" started-at="2023-01-26T17:08:21 IST" name="cancelledJob" finished-at="2023-01-26T17:08:25 IST" duration-ms="4131" status="PASS">
          <reporter-output>
          </reporter-output>
        </test-method> <!-- cancelledJob -->
        <test-method signature="jobCancelledStatus()[pri:26, instance:org.test.CustomerOrganizationJob@6bd61f98]" started-at="2023-01-26T17:08:25 IST" name="jobCancelledStatus" finished-at="2023-01-26T17:08:26 IST" duration-ms="607" status="PASS">
          <reporter-output>
          </reporter-output>
        </test-method> <!-- jobCancelledStatus -->
        <test-method signature="jobDraftStatus()[pri:27, instance:org.test.CustomerOrganizationJob@6bd61f98]" started-at="2023-01-26T17:08:26 IST" name="jobDraftStatus" finished-at="2023-01-26T17:08:35 IST" duration-ms="8873" status="PASS">
          <reporter-output>
          </reporter-output>
        </test-method> <!-- jobDraftStatus -->
        <test-method signature="deletedJob()[pri:28, instance:org.test.CustomerOrganizationJob@6bd61f98]" started-at="2023-01-26T17:08:35 IST" name="deletedJob" finished-at="2023-01-26T17:08:36 IST" duration-ms="1492" status="PASS">
          <reporter-output>
          </reporter-output>
        </test-method> <!-- deletedJob -->
        <test-method signature="searchJobNo()[pri:29, instance:org.test.CustomerOrganizationJob@6bd61f98]" started-at="2023-01-26T17:08:36 IST" name="searchJobNo" finished-at="2023-01-26T17:08:40 IST" duration-ms="3558" status="PASS">
          <reporter-output>
          </reporter-output>
        </test-method> <!-- searchJobNo -->
        <test-method signature="searchLocation()[pri:30, instance:org.test.CustomerOrganizationJob@6bd61f98]" started-at="2023-01-26T17:08:40 IST" name="searchLocation" finished-at="2023-01-26T17:08:42 IST" duration-ms="2400" status="PASS">
          <reporter-output>
          </reporter-output>
        </test-method> <!-- searchLocation -->
        <test-method signature="searchFilterByDate()[pri:31, instance:org.test.CustomerOrganizationJob@6bd61f98]" started-at="2023-01-26T17:08:42 IST" name="searchFilterByDate" finished-at="2023-01-26T17:08:46 IST" duration-ms="4075" status="PASS">
          <reporter-output>
          </reporter-output>
        </test-method> <!-- searchFilterByDate -->
        <test-method signature="searchInvalid()[pri:32, instance:org.test.CustomerOrganizationJob@6bd61f98]" started-at="2023-01-26T17:08:46 IST" name="searchInvalid" finished-at="2023-01-26T17:08:47 IST" duration-ms="1222" status="PASS">
          <reporter-output>
          </reporter-output>
        </test-method> <!-- searchInvalid -->
        <test-method is-config="true" signature="exitBrowser()[pri:0, instance:org.test.CustomerOrganizationJob@6bd61f98]" started-at="2023-01-26T17:08:47 IST" name="exitBrowser" finished-at="2023-01-26T17:08:48 IST" duration-ms="323" status="PASS">
          <reporter-output>
          </reporter-output>
        </test-method> <!-- exitBrowser -->
      </class> <!-- org.test.CustomerOrganizationJob -->
    </test> <!-- Test -->
  </suite> <!-- Suite -->
</testng-results>
