<?xml version="1.0" encoding="UTF-8"?>
<testng-results ignored="0" total="450" passed="450" failed="0" skipped="0">
  <reporter-output>
  </reporter-output>
  <suite started-at="2023-01-20T01:39:46 IST" name="Suite" finished-at="2023-01-20T02:15:42 IST" duration-ms="2156821">
    <groups>
    </groups>
    <test started-at="2023-01-20T01:39:46 IST" name="Test" finished-at="2023-01-20T02:15:42 IST" duration-ms="2156821">
      <class name="org.test.Login">
        <test-method is-config="true" signature="setup()[pri:0, instance:org.test.Login@4b0d79fc]" started-at="2023-01-20T01:40:30 IST" name="setup" finished-at="2023-01-20T01:40:31 IST" duration-ms="839" status="PASS">
          <reporter-output>
          </reporter-output>
        </test-method> <!-- setup -->
        <test-method signature="verifyEmptyEmail()[pri:1, instance:org.test.Login@4b0d79fc]" started-at="2023-01-20T01:40:31 IST" name="verifyEmptyEmail" finished-at="2023-01-20T01:40:36 IST" duration-ms="5443" status="PASS">
          <reporter-output>
          </reporter-output>
        </test-method> <!-- verifyEmptyEmail -->
        <test-method signature="verifyEmptyPassword()[pri:2, instance:org.test.Login@4b0d79fc]" started-at="2023-01-20T01:40:36 IST" name="verifyEmptyPassword" finished-at="2023-01-20T01:40:39 IST" duration-ms="2975" status="PASS">
          <reporter-output>
          </reporter-output>
        </test-method> <!-- verifyEmptyPassword -->
        <test-method signature="verifyIncorrectMail()[pri:3, instance:org.test.Login@4b0d79fc]" started-at="2023-01-20T01:40:39 IST" name="verifyIncorrectMail" finished-at="2023-01-20T01:40:41 IST" duration-ms="1926" status="PASS">
          <reporter-output>
          </reporter-output>
        </test-method> <!-- verifyIncorrectMail -->
        <test-method signature="verifyIncorrectPassword()[pri:4, instance:org.test.Login@4b0d79fc]" started-at="2023-01-20T01:40:41 IST" name="verifyIncorrectPassword" finished-at="2023-01-20T01:40:44 IST" duration-ms="2967" status="PASS">
          <reporter-output>
          </reporter-output>
        </test-method> <!-- verifyIncorrectPassword -->
        <test-method signature="verifyInvalidEmail()[pri:5, instance:org.test.Login@4b0d79fc]" started-at="2023-01-20T01:40:44 IST" name="verifyInvalidEmail" finished-at="2023-01-20T01:40:46 IST" duration-ms="1921" status="PASS">
          <reporter-output>
          </reporter-output>
        </test-method> <!-- verifyInvalidEmail -->
        <test-method signature="verifyInvalidCredentials()[pri:7, instance:org.test.Login@4b0d79fc]" started-at="2023-01-20T01:40:46 IST" name="verifyInvalidCredentials" finished-at="2023-01-20T01:40:49 IST" duration-ms="2683" status="PASS">
          <reporter-output>
          </reporter-output>
        </test-method> <!-- verifyInvalidCredentials -->
        <test-method signature="verify()[pri:8, instance:org.test.Login@4b0d79fc]" started-at="2023-01-20T01:40:49 IST" name="verify" finished-at="2023-01-20T01:41:08 IST" duration-ms="19131" status="PASS">
          <reporter-output>
          </reporter-output>
        </test-method> <!-- verify -->
        <test-method is-config="true" signature="exitBrowser()[pri:0, instance:org.test.Login@4b0d79fc]" started-at="2023-01-20T01:41:08 IST" name="exitBrowser" finished-at="2023-01-20T01:41:08 IST" duration-ms="323" status="PASS">
          <reporter-output>
          </reporter-output>
        </test-method> <!-- exitBrowser -->
      </class> <!-- org.test.Login -->
      <class name="org.test.CustomerCreateOrganizationModule">
        <test-method is-config="true" signature="setup()[pri:0, instance:org.test.CustomerCreateOrganizationModule@d9345cd]" started-at="2023-01-20T01:46:31 IST" name="setup" finished-at="2023-01-20T01:46:32 IST" duration-ms="894" status="PASS">
          <reporter-output>
          </reporter-output>
        </test-method> <!-- setup -->
        <test-method signature="loginPage()[pri:1, instance:org.test.CustomerCreateOrganizationModule@d9345cd]" started-at="2023-01-20T01:46:32 IST" name="loginPage" finished-at="2023-01-20T01:47:14 IST" duration-ms="41526" status="PASS">
          <reporter-output>
          </reporter-output>
        </test-method> <!-- loginPage -->
        <test-method signature="modulePage()[pri:2, instance:org.test.CustomerCreateOrganizationModule@d9345cd]" started-at="2023-01-20T01:47:14 IST" name="modulePage" finished-at="2023-01-20T01:47:24 IST" duration-ms="9935" status="PASS">
          <reporter-output>
          </reporter-output>
        </test-method> <!-- modulePage -->
        <test-method signature="mandatoryValidation()[pri:3, instance:org.test.CustomerCreateOrganizationModule@d9345cd]" started-at="2023-01-20T01:47:24 IST" name="mandatoryValidation" finished-at="2023-01-20T01:47:29 IST" duration-ms="5562" status="PASS">
          <reporter-output>
          </reporter-output>
        </test-method> <!-- mandatoryValidation -->
        <test-method signature="maxValidationOrganizationField()[pri:4, instance:org.test.CustomerCreateOrganizationModule@d9345cd]" started-at="2023-01-20T01:47:29 IST" name="maxValidationOrganizationField" finished-at="2023-01-20T01:47:31 IST" duration-ms="1297" status="PASS">
          <reporter-output>
          </reporter-output>
        </test-method> <!-- maxValidationOrganizationField -->
        <test-method signature="maxValidationWebsiteField()[pri:5, instance:org.test.CustomerCreateOrganizationModule@d9345cd]" started-at="2023-01-20T01:47:31 IST" name="maxValidationWebsiteField" finished-at="2023-01-20T01:47:32 IST" duration-ms="1226" status="PASS">
          <reporter-output>
          </reporter-output>
        </test-method> <!-- maxValidationWebsiteField -->
        <test-method signature="maxValidationAddress1Field()[pri:6, instance:org.test.CustomerCreateOrganizationModule@d9345cd]" started-at="2023-01-20T01:47:32 IST" name="maxValidationAddress1Field" finished-at="2023-01-20T01:47:33 IST" duration-ms="1143" status="PASS">
          <reporter-output>
          </reporter-output>
        </test-method> <!-- maxValidationAddress1Field -->
        <test-method signature="maxValidationAddress2Field()[pri:7, instance:org.test.CustomerCreateOrganizationModule@d9345cd]" started-at="2023-01-20T01:47:33 IST" name="maxValidationAddress2Field" finished-at="2023-01-20T01:47:34 IST" duration-ms="1208" status="PASS">
          <reporter-output>
          </reporter-output>
        </test-method> <!-- maxValidationAddress2Field -->
        <test-method signature="maxValidationCityField()[pri:8, instance:org.test.CustomerCreateOrganizationModule@d9345cd]" started-at="2023-01-20T01:47:34 IST" name="maxValidationCityField" finished-at="2023-01-20T01:47:35 IST" duration-ms="1151" status="PASS">
          <reporter-output>
          </reporter-output>
        </test-method> <!-- maxValidationCityField -->
        <test-method signature="maxValidationStateField()[pri:9, instance:org.test.CustomerCreateOrganizationModule@d9345cd]" started-at="2023-01-20T01:47:35 IST" name="maxValidationStateField" finished-at="2023-01-20T01:47:37 IST" duration-ms="1194" status="PASS">
          <reporter-output>
          </reporter-output>
        </test-method> <!-- maxValidationStateField -->
        <test-method signature="minValidationZipcodeField()[pri:10, instance:org.test.CustomerCreateOrganizationModule@d9345cd]" started-at="2023-01-20T01:47:37 IST" name="minValidationZipcodeField" finished-at="2023-01-20T01:47:37 IST" duration-ms="275" status="PASS">
          <reporter-output>
          </reporter-output>
        </test-method> <!-- minValidationZipcodeField -->
        <test-method signature="maxValidationZipcodeField()[pri:11, instance:org.test.CustomerCreateOrganizationModule@d9345cd]" started-at="2023-01-20T01:47:37 IST" name="maxValidationZipcodeField" finished-at="2023-01-20T01:47:37 IST" duration-ms="256" status="PASS">
          <reporter-output>
          </reporter-output>
        </test-method> <!-- maxValidationZipcodeField -->
        <test-method signature="emailValidation()[pri:12, instance:org.test.CustomerCreateOrganizationModule@d9345cd]" started-at="2023-01-20T01:47:37 IST" name="emailValidation" finished-at="2023-01-20T01:47:37 IST" duration-ms="306" status="PASS">
          <reporter-output>
          </reporter-output>
        </test-method> <!-- emailValidation -->
        <test-method signature="maxValidationEmailField()[pri:13, instance:org.test.CustomerCreateOrganizationModule@d9345cd]" started-at="2023-01-20T01:47:37 IST" name="maxValidationEmailField" finished-at="2023-01-20T01:47:38 IST" duration-ms="1097" status="PASS">
          <reporter-output>
          </reporter-output>
        </test-method> <!-- maxValidationEmailField -->
        <test-method signature="minValidationPhoneNumberField()[pri:14, instance:org.test.CustomerCreateOrganizationModule@d9345cd]" started-at="2023-01-20T01:47:38 IST" name="minValidationPhoneNumberField" finished-at="2023-01-20T01:47:39 IST" duration-ms="268" status="PASS">
          <reporter-output>
          </reporter-output>
        </test-method> <!-- minValidationPhoneNumberField -->
        <test-method signature="maxValidationPhoneNumberField()[pri:15, instance:org.test.CustomerCreateOrganizationModule@d9345cd]" started-at="2023-01-20T01:47:39 IST" name="maxValidationPhoneNumberField" finished-at="2023-01-20T01:47:39 IST" duration-ms="500" status="PASS">
          <reporter-output>
          </reporter-output>
        </test-method> <!-- maxValidationPhoneNumberField -->
        <test-method signature="maxValidationContactFirstNameField()[pri:16, instance:org.test.CustomerCreateOrganizationModule@d9345cd]" started-at="2023-01-20T01:47:39 IST" name="maxValidationContactFirstNameField" finished-at="2023-01-20T01:47:40 IST" duration-ms="1215" status="PASS">
          <reporter-output>
          </reporter-output>
        </test-method> <!-- maxValidationContactFirstNameField -->
        <test-method signature="maxValidationContactLastNameField()[pri:17, instance:org.test.CustomerCreateOrganizationModule@d9345cd]" started-at="2023-01-20T01:47:40 IST" name="maxValidationContactLastNameField" finished-at="2023-01-20T01:47:42 IST" duration-ms="1127" status="PASS">
          <reporter-output>
          </reporter-output>
        </test-method> <!-- maxValidationContactLastNameField -->
        <test-method signature="maxValidationContactEmailField()[pri:18, instance:org.test.CustomerCreateOrganizationModule@d9345cd]" started-at="2023-01-20T01:47:42 IST" name="maxValidationContactEmailField" finished-at="2023-01-20T01:47:43 IST" duration-ms="1103" status="PASS">
          <reporter-output>
          </reporter-output>
        </test-method> <!-- maxValidationContactEmailField -->
        <test-method signature="validateContactEmailField()[pri:19, instance:org.test.CustomerCreateOrganizationModule@d9345cd]" started-at="2023-01-20T01:47:43 IST" name="validateContactEmailField" finished-at="2023-01-20T01:47:43 IST" duration-ms="243" status="PASS">
          <reporter-output>
          </reporter-output>
        </test-method> <!-- validateContactEmailField -->
        <test-method signature="minValidationContactPhoneNumberField()[pri:20, instance:org.test.CustomerCreateOrganizationModule@d9345cd]" started-at="2023-01-20T01:47:43 IST" name="minValidationContactPhoneNumberField" finished-at="2023-01-20T01:47:43 IST" duration-ms="288" status="PASS">
          <reporter-output>
          </reporter-output>
        </test-method> <!-- minValidationContactPhoneNumberField -->
        <test-method signature="maxValidationContactPhoneNumberField()[pri:21, instance:org.test.CustomerCreateOrganizationModule@d9345cd]" started-at="2023-01-20T01:47:43 IST" name="maxValidationContactPhoneNumberField" finished-at="2023-01-20T01:47:44 IST" duration-ms="267" status="PASS">
          <reporter-output>
          </reporter-output>
        </test-method> <!-- maxValidationContactPhoneNumberField -->
        <test-method signature="maxValidationJobTittleField()[pri:22, instance:org.test.CustomerCreateOrganizationModule@d9345cd]" started-at="2023-01-20T01:47:44 IST" name="maxValidationJobTittleField" finished-at="2023-01-20T01:47:45 IST" duration-ms="1199" status="PASS">
          <reporter-output>
          </reporter-output>
        </test-method> <!-- maxValidationJobTittleField -->
        <test-method signature="maxValidationPropertyNameField()[pri:23, instance:org.test.CustomerCreateOrganizationModule@d9345cd]" started-at="2023-01-20T01:47:45 IST" name="maxValidationPropertyNameField" finished-at="2023-01-20T01:47:46 IST" duration-ms="815" status="PASS">
          <reporter-output>
          </reporter-output>
        </test-method> <!-- maxValidationPropertyNameField -->
        <test-method signature="maxValidationPropertyFirstNameField()[pri:24, instance:org.test.CustomerCreateOrganizationModule@d9345cd]" started-at="2023-01-20T01:47:46 IST" name="maxValidationPropertyFirstNameField" finished-at="2023-01-20T01:47:46 IST" duration-ms="808" status="PASS">
          <reporter-output>
          </reporter-output>
        </test-method> <!-- maxValidationPropertyFirstNameField -->
        <test-method signature="maxValidationPropertyLastNameField()[pri:25, instance:org.test.CustomerCreateOrganizationModule@d9345cd]" started-at="2023-01-20T01:47:46 IST" name="maxValidationPropertyLastNameField" finished-at="2023-01-20T01:47:47 IST" duration-ms="746" status="PASS">
          <reporter-output>
          </reporter-output>
        </test-method> <!-- maxValidationPropertyLastNameField -->
        <test-method signature="maxValidationPropertyAddress1Field()[pri:26, instance:org.test.CustomerCreateOrganizationModule@d9345cd]" started-at="2023-01-20T01:47:47 IST" name="maxValidationPropertyAddress1Field" finished-at="2023-01-20T01:47:48 IST" duration-ms="746" status="PASS">
          <reporter-output>
          </reporter-output>
        </test-method> <!-- maxValidationPropertyAddress1Field -->
        <test-method signature="maxValidationPropertyAddress2Field()[pri:27, instance:org.test.CustomerCreateOrganizationModule@d9345cd]" started-at="2023-01-20T01:47:48 IST" name="maxValidationPropertyAddress2Field" finished-at="2023-01-20T01:47:49 IST" duration-ms="769" status="PASS">
          <reporter-output>
          </reporter-output>
        </test-method> <!-- maxValidationPropertyAddress2Field -->
        <test-method signature="maxValidationPropertyStateField()[pri:28, instance:org.test.CustomerCreateOrganizationModule@d9345cd]" started-at="2023-01-20T01:47:49 IST" name="maxValidationPropertyStateField" finished-at="2023-01-20T01:47:49 IST" duration-ms="727" status="PASS">
          <reporter-output>
          </reporter-output>
        </test-method> <!-- maxValidationPropertyStateField -->
        <test-method signature="maxValidationPropertyCityField()[pri:29, instance:org.test.CustomerCreateOrganizationModule@d9345cd]" started-at="2023-01-20T01:47:49 IST" name="maxValidationPropertyCityField" finished-at="2023-01-20T01:47:50 IST" duration-ms="966" status="PASS">
          <reporter-output>
          </reporter-output>
        </test-method> <!-- maxValidationPropertyCityField -->
        <test-method signature="minValidationPropertyZipCodeField()[pri:30, instance:org.test.CustomerCreateOrganizationModule@d9345cd]" started-at="2023-01-20T01:47:50 IST" name="minValidationPropertyZipCodeField" finished-at="2023-01-20T01:47:50 IST" duration-ms="197" status="PASS">
          <reporter-output>
          </reporter-output>
        </test-method> <!-- minValidationPropertyZipCodeField -->
        <test-method signature="maxValidationPropertyZipCodeField()[pri:31, instance:org.test.CustomerCreateOrganizationModule@d9345cd]" started-at="2023-01-20T01:47:50 IST" name="maxValidationPropertyZipCodeField" finished-at="2023-01-20T01:47:51 IST" duration-ms="353" status="PASS">
          <reporter-output>
          </reporter-output>
        </test-method> <!-- maxValidationPropertyZipCodeField -->
        <test-method signature="maxValidationProductNameField()[pri:32, instance:org.test.CustomerCreateOrganizationModule@d9345cd]" started-at="2023-01-20T01:47:51 IST" name="maxValidationProductNameField" finished-at="2023-01-20T01:47:52 IST" duration-ms="938" status="PASS">
          <reporter-output>
          </reporter-output>
        </test-method> <!-- maxValidationProductNameField -->
        <test-method signature="maxValidationBrandNameField()[pri:33, instance:org.test.CustomerCreateOrganizationModule@d9345cd]" started-at="2023-01-20T01:47:52 IST" name="maxValidationBrandNameField" finished-at="2023-01-20T01:47:53 IST" duration-ms="1167" status="PASS">
          <reporter-output>
          </reporter-output>
        </test-method> <!-- maxValidationBrandNameField -->
        <test-method signature="maxValidationModelNumberField()[pri:34, instance:org.test.CustomerCreateOrganizationModule@d9345cd]" started-at="2023-01-20T01:47:53 IST" name="maxValidationModelNumberField" finished-at="2023-01-20T01:47:54 IST" duration-ms="1113" status="PASS">
          <reporter-output>
          </reporter-output>
        </test-method> <!-- maxValidationModelNumberField -->
        <test-method signature="maxValidationSerialNumberField()[pri:35, instance:org.test.CustomerCreateOrganizationModule@d9345cd]" started-at="2023-01-20T01:47:54 IST" name="maxValidationSerialNumberField" finished-at="2023-01-20T01:47:55 IST" duration-ms="900" status="PASS">
          <reporter-output>
          </reporter-output>
        </test-method> <!-- maxValidationSerialNumberField -->
        <test-method signature="maxValidationAccessHoursField()[pri:36, instance:org.test.CustomerCreateOrganizationModule@d9345cd]" started-at="2023-01-20T01:47:55 IST" name="maxValidationAccessHoursField" finished-at="2023-01-20T01:47:56 IST" duration-ms="771" status="PASS">
          <reporter-output>
          </reporter-output>
        </test-method> <!-- maxValidationAccessHoursField -->
        <test-method signature="maxValidationInstallationNotesField()[pri:37, instance:org.test.CustomerCreateOrganizationModule@d9345cd]" started-at="2023-01-20T01:47:56 IST" name="maxValidationInstallationNotesField" finished-at="2023-01-20T01:48:01 IST" duration-ms="5288" status="PASS">
          <reporter-output>
          </reporter-output>
        </test-method> <!-- maxValidationInstallationNotesField -->
        <test-method signature="createOrganization()[pri:38, instance:org.test.CustomerCreateOrganizationModule@d9345cd]" started-at="2023-01-20T01:48:01 IST" name="createOrganization" finished-at="2023-01-20T01:48:24 IST" duration-ms="22748" status="PASS">
          <reporter-output>
          </reporter-output>
        </test-method> <!-- createOrganization -->
        <test-method signature="customerOrganizationCount()[pri:38, instance:org.test.CustomerCreateOrganizationModule@d9345cd]" started-at="2023-01-20T01:48:24 IST" name="customerOrganizationCount" finished-at="2023-01-20T01:48:25 IST" duration-ms="1289" status="PASS">
          <reporter-output>
          </reporter-output>
        </test-method> <!-- customerOrganizationCount -->
        <test-method signature="organizationNameAlreadyExistValidation()[pri:39, instance:org.test.CustomerCreateOrganizationModule@d9345cd]" started-at="2023-01-20T01:48:25 IST" name="organizationNameAlreadyExistValidation" finished-at="2023-01-20T01:48:28 IST" duration-ms="2499" status="PASS">
          <reporter-output>
          </reporter-output>
        </test-method> <!-- organizationNameAlreadyExistValidation -->
        <test-method signature="alreadyExistedEmail()[pri:40, instance:org.test.CustomerCreateOrganizationModule@d9345cd]" started-at="2023-01-20T01:48:28 IST" name="alreadyExistedEmail" finished-at="2023-01-20T01:48:31 IST" duration-ms="3818" status="PASS">
          <reporter-output>
          </reporter-output>
        </test-method> <!-- alreadyExistedEmail -->
        <test-method signature="createOrganizationListFirstName()[pri:41, instance:org.test.CustomerCreateOrganizationModule@d9345cd]" started-at="2023-01-20T01:48:31 IST" name="createOrganizationListFirstName" finished-at="2023-01-20T01:48:33 IST" duration-ms="1668" status="PASS">
          <reporter-output>
          </reporter-output>
        </test-method> <!-- createOrganizationListFirstName -->
        <test-method signature="characterListValidation()[pri:42, instance:org.test.CustomerCreateOrganizationModule@d9345cd]" started-at="2023-01-20T01:48:33 IST" name="characterListValidation" finished-at="2023-01-20T01:48:35 IST" duration-ms="1692" status="PASS">
          <reporter-output>
          </reporter-output>
        </test-method> <!-- characterListValidation -->
        <test-method signature="searchOrganizationNameListValidation()[pri:43, instance:org.test.CustomerCreateOrganizationModule@d9345cd]" started-at="2023-01-20T01:48:35 IST" name="searchOrganizationNameListValidation" finished-at="2023-01-20T01:48:37 IST" duration-ms="2200" status="PASS">
          <reporter-output>
          </reporter-output>
        </test-method> <!-- searchOrganizationNameListValidation -->
        <test-method signature="searchPhoneNumberListValidation()[pri:44, instance:org.test.CustomerCreateOrganizationModule@d9345cd]" started-at="2023-01-20T01:48:37 IST" name="searchPhoneNumberListValidation" finished-at="2023-01-20T01:48:39 IST" duration-ms="1678" status="PASS">
          <reporter-output>
          </reporter-output>
        </test-method> <!-- searchPhoneNumberListValidation -->
        <test-method signature="searchEmailListValidation()[pri:45, instance:org.test.CustomerCreateOrganizationModule@d9345cd]" started-at="2023-01-20T01:48:39 IST" name="searchEmailListValidation" finished-at="2023-01-20T01:48:46 IST" duration-ms="7268" status="PASS">
          <reporter-output>
          </reporter-output>
        </test-method> <!-- searchEmailListValidation -->
        <test-method signature="filterListValidation()[pri:46, instance:org.test.CustomerCreateOrganizationModule@d9345cd]" started-at="2023-01-20T01:48:46 IST" name="filterListValidation" finished-at="2023-01-20T01:48:48 IST" duration-ms="2373" status="PASS">
          <reporter-output>
          </reporter-output>
        </test-method> <!-- filterListValidation -->
        <test-method signature="searchInvalid()[pri:47, instance:org.test.CustomerCreateOrganizationModule@d9345cd]" started-at="2023-01-20T01:48:48 IST" name="searchInvalid" finished-at="2023-01-20T01:48:50 IST" duration-ms="1746" status="PASS">
          <reporter-output>
          </reporter-output>
        </test-method> <!-- searchInvalid -->
        <test-method signature="editContactList()[pri:48, instance:org.test.CustomerCreateOrganizationModule@d9345cd]" started-at="2023-01-20T01:48:50 IST" name="editContactList" finished-at="2023-01-20T01:49:03 IST" duration-ms="12635" status="PASS">
          <reporter-output>
          </reporter-output>
        </test-method> <!-- editContactList -->
        <test-method signature="deleteContactList()[pri:49, instance:org.test.CustomerCreateOrganizationModule@d9345cd]" started-at="2023-01-20T01:49:03 IST" name="deleteContactList" finished-at="2023-01-20T01:49:06 IST" duration-ms="3379" status="PASS">
          <reporter-output>
          </reporter-output>
        </test-method> <!-- deleteContactList -->
        <test-method is-config="true" signature="exitBrowser()[pri:0, instance:org.test.CustomerCreateOrganizationModule@d9345cd]" started-at="2023-01-20T01:49:06 IST" name="exitBrowser" finished-at="2023-01-20T01:49:06 IST" duration-ms="357" status="PASS">
          <reporter-output>
          </reporter-output>
        </test-method> <!-- exitBrowser -->
      </class> <!-- org.test.CustomerCreateOrganizationModule -->
      <class name="org.test.CustomerOrganizationRequest">
        <test-method is-config="true" signature="setup()[pri:0, instance:org.test.CustomerOrganizationRequest@48aca48b]" started-at="2023-01-20T02:05:11 IST" name="setup" finished-at="2023-01-20T02:05:12 IST" duration-ms="1123" status="PASS">
          <reporter-output>
          </reporter-output>
        </test-method> <!-- setup -->
        <test-method signature="loginPage()[pri:1, instance:org.test.CustomerOrganizationRequest@48aca48b]" started-at="2023-01-20T02:05:12 IST" name="loginPage" finished-at="2023-01-20T02:05:43 IST" duration-ms="31138" status="PASS">
          <reporter-output>
          </reporter-output>
        </test-method> <!-- loginPage -->
        <test-method signature="modulePage()[pri:2, instance:org.test.CustomerOrganizationRequest@48aca48b]" started-at="2023-01-20T02:05:43 IST" name="modulePage" finished-at="2023-01-20T02:05:52 IST" duration-ms="8493" status="PASS">
          <reporter-output>
          </reporter-output>
        </test-method> <!-- modulePage -->
        <test-method signature="createOrganization()[pri:3, instance:org.test.CustomerOrganizationRequest@48aca48b]" started-at="2023-01-20T02:05:52 IST" name="createOrganization" finished-at="2023-01-20T02:06:23 IST" duration-ms="31610" status="PASS">
          <reporter-output>
          </reporter-output>
        </test-method> <!-- createOrganization -->
        <test-method signature="labelValidation()[pri:4, instance:org.test.CustomerOrganizationRequest@48aca48b]" started-at="2023-01-20T02:06:23 IST" name="labelValidation" finished-at="2023-01-20T02:06:31 IST" duration-ms="7239" status="PASS">
          <reporter-output>
          </reporter-output>
        </test-method> <!-- labelValidation -->
        <test-method signature="autoCompleteOrganizationContactCreation()[pri:5, instance:org.test.CustomerOrganizationRequest@48aca48b]" started-at="2023-01-20T02:06:31 IST" name="autoCompleteOrganizationContactCreation" finished-at="2023-01-20T02:06:41 IST" duration-ms="10800" status="PASS">
          <reporter-output>
          </reporter-output>
        </test-method> <!-- autoCompleteOrganizationContactCreation -->
        <test-method signature="maximumValidationTittle()[pri:6, instance:org.test.CustomerOrganizationRequest@48aca48b]" started-at="2023-01-20T02:06:41 IST" name="maximumValidationTittle" finished-at="2023-01-20T02:06:50 IST" duration-ms="8310" status="PASS">
          <reporter-output>
          </reporter-output>
        </test-method> <!-- maximumValidationTittle -->
        <test-method signature="mandatoryValidationDescription()[pri:7, instance:org.test.CustomerOrganizationRequest@48aca48b]" started-at="2023-01-20T02:06:50 IST" name="mandatoryValidationDescription" finished-at="2023-01-20T02:06:50 IST" duration-ms="283" status="PASS">
          <reporter-output>
          </reporter-output>
        </test-method> <!-- mandatoryValidationDescription -->
        <test-method signature="maximumValidationDescription()[pri:8, instance:org.test.CustomerOrganizationRequest@48aca48b]" started-at="2023-01-20T02:06:50 IST" name="maximumValidationDescription" finished-at="2023-01-20T02:07:03 IST" duration-ms="13103" status="PASS">
          <reporter-output>
          </reporter-output>
        </test-method> <!-- maximumValidationDescription -->
        <test-method signature="maximumTagValidation()[pri:11, instance:org.test.CustomerOrganizationRequest@48aca48b]" started-at="2023-01-20T02:07:03 IST" name="maximumTagValidation" finished-at="2023-01-20T02:07:05 IST" duration-ms="1973" status="PASS">
          <reporter-output>
          </reporter-output>
        </test-method> <!-- maximumTagValidation -->
        <test-method signature="duplicateTagsValidation()[pri:12, instance:org.test.CustomerOrganizationRequest@48aca48b]" started-at="2023-01-20T02:07:05 IST" name="duplicateTagsValidation" finished-at="2023-01-20T02:07:06 IST" duration-ms="701" status="PASS">
          <reporter-output>
          </reporter-output>
        </test-method> <!-- duplicateTagsValidation -->
        <test-method signature="maxTagLimitValidation()[pri:13, instance:org.test.CustomerOrganizationRequest@48aca48b]" started-at="2023-01-20T02:07:06 IST" name="maxTagLimitValidation" finished-at="2023-01-20T02:07:19 IST" duration-ms="13234" status="PASS">
          <reporter-output>
          </reporter-output>
        </test-method> <!-- maxTagLimitValidation -->
        <test-method signature="maximumValidationNotes()[pri:14, instance:org.test.CustomerOrganizationRequest@48aca48b]" started-at="2023-01-20T02:07:19 IST" name="maximumValidationNotes" finished-at="2023-01-20T02:07:33 IST" duration-ms="13412" status="PASS">
          <reporter-output>
          </reporter-output>
        </test-method> <!-- maximumValidationNotes -->
        <test-method signature="unsssignedRequest()[pri:15, instance:org.test.CustomerOrganizationRequest@48aca48b]" started-at="2023-01-20T02:07:33 IST" name="unsssignedRequest" finished-at="2023-01-20T02:07:48 IST" duration-ms="15190" status="PASS">
          <reporter-output>
          </reporter-output>
        </test-method> <!-- unsssignedRequest -->
        <test-method signature="requestUnassignedStatus()[pri:16, instance:org.test.CustomerOrganizationRequest@48aca48b]" started-at="2023-01-20T02:07:48 IST" name="requestUnassignedStatus" finished-at="2023-01-20T02:07:49 IST" duration-ms="1766" status="PASS">
          <reporter-output>
          </reporter-output>
        </test-method> <!-- requestUnassignedStatus -->
        <test-method signature="createRequest_FromDateandTime_ToDateandTime()[pri:18, instance:org.test.CustomerOrganizationRequest@48aca48b]" started-at="2023-01-20T02:07:49 IST" name="createRequest_FromDateandTime_ToDateandTime" finished-at="2023-01-20T02:08:10 IST" duration-ms="20906" status="PASS">
          <reporter-output>
          </reporter-output>
        </test-method> <!-- createRequest_FromDateandTime_ToDateandTime -->
        <test-method signature="requestScheduleStatus()[pri:19, instance:org.test.CustomerOrganizationRequest@48aca48b]" started-at="2023-01-20T02:08:10 IST" name="requestScheduleStatus" finished-at="2023-01-20T02:08:12 IST" duration-ms="1751" status="PASS">
          <reporter-output>
          </reporter-output>
        </test-method> <!-- requestScheduleStatus -->
        <test-method signature="dispatchedRequest()[pri:20, instance:org.test.CustomerOrganizationRequest@48aca48b]" started-at="2023-01-20T02:08:12 IST" name="dispatchedRequest" finished-at="2023-01-20T02:08:18 IST" duration-ms="5404" status="PASS">
          <reporter-output>
          </reporter-output>
        </test-method> <!-- dispatchedRequest -->
        <test-method signature="requestDispatchedStatus()[pri:21, instance:org.test.CustomerOrganizationRequest@48aca48b]" started-at="2023-01-20T02:08:18 IST" name="requestDispatchedStatus" finished-at="2023-01-20T02:08:18 IST" duration-ms="647" status="PASS">
          <reporter-output>
          </reporter-output>
        </test-method> <!-- requestDispatchedStatus -->
        <test-method signature="startedRequest()[pri:22, instance:org.test.CustomerOrganizationRequest@48aca48b]" started-at="2023-01-20T02:08:18 IST" name="startedRequest" finished-at="2023-01-20T02:08:22 IST" duration-ms="3354" status="PASS">
          <reporter-output>
          </reporter-output>
        </test-method> <!-- startedRequest -->
        <test-method signature="requestStartedStatus()[pri:23, instance:org.test.CustomerOrganizationRequest@48aca48b]" started-at="2023-01-20T02:08:22 IST" name="requestStartedStatus" finished-at="2023-01-20T02:08:22 IST" duration-ms="654" status="PASS">
          <reporter-output>
          </reporter-output>
        </test-method> <!-- requestStartedStatus -->
        <test-method signature="completedRequest()[pri:24, instance:org.test.CustomerOrganizationRequest@48aca48b]" started-at="2023-01-20T02:08:22 IST" name="completedRequest" finished-at="2023-01-20T02:08:26 IST" duration-ms="3765" status="PASS">
          <reporter-output>
          </reporter-output>
        </test-method> <!-- completedRequest -->
        <test-method signature="cancelledRequest()[pri:25, instance:org.test.CustomerOrganizationRequest@48aca48b]" started-at="2023-01-20T02:08:26 IST" name="cancelledRequest" finished-at="2023-01-20T02:08:30 IST" duration-ms="4113" status="PASS">
          <reporter-output>
          </reporter-output>
        </test-method> <!-- cancelledRequest -->
        <test-method signature="requestCancelledStatus()[pri:26, instance:org.test.CustomerOrganizationRequest@48aca48b]" started-at="2023-01-20T02:08:30 IST" name="requestCancelledStatus" finished-at="2023-01-20T02:08:30 IST" duration-ms="110" status="PASS">
          <reporter-output>
          </reporter-output>
        </test-method> <!-- requestCancelledStatus -->
        <test-method signature="requestDraftStatus()[pri:27, instance:org.test.CustomerOrganizationRequest@48aca48b]" started-at="2023-01-20T02:08:30 IST" name="requestDraftStatus" finished-at="2023-01-20T02:08:39 IST" duration-ms="9130" status="PASS">
          <reporter-output>
          </reporter-output>
        </test-method> <!-- requestDraftStatus -->
        <test-method signature="deletedRequest()[pri:28, instance:org.test.CustomerOrganizationRequest@48aca48b]" started-at="2023-01-20T02:08:39 IST" name="deletedRequest" finished-at="2023-01-20T02:08:41 IST" duration-ms="1636" status="PASS">
          <reporter-output>
          </reporter-output>
        </test-method> <!-- deletedRequest -->
        <test-method signature="searchRequestNo()[pri:29, instance:org.test.CustomerOrganizationRequest@48aca48b]" started-at="2023-01-20T02:08:41 IST" name="searchRequestNo" finished-at="2023-01-20T02:08:44 IST" duration-ms="3296" status="PASS">
          <reporter-output>
          </reporter-output>
        </test-method> <!-- searchRequestNo -->
        <test-method signature="searchLocation()[pri:30, instance:org.test.CustomerOrganizationRequest@48aca48b]" started-at="2023-01-20T02:08:44 IST" name="searchLocation" finished-at="2023-01-20T02:08:48 IST" duration-ms="3852" status="PASS">
          <reporter-output>
          </reporter-output>
        </test-method> <!-- searchLocation -->
        <test-method signature="searchFilterByDate()[pri:31, instance:org.test.CustomerOrganizationRequest@48aca48b]" started-at="2023-01-20T02:08:48 IST" name="searchFilterByDate" finished-at="2023-01-20T02:08:53 IST" duration-ms="5095" status="PASS">
          <reporter-output>
          </reporter-output>
        </test-method> <!-- searchFilterByDate -->
        <test-method signature="searchInvalid()[pri:32, instance:org.test.CustomerOrganizationRequest@48aca48b]" started-at="2023-01-20T02:08:53 IST" name="searchInvalid" finished-at="2023-01-20T02:08:55 IST" duration-ms="1970" status="PASS">
          <reporter-output>
          </reporter-output>
        </test-method> <!-- searchInvalid -->
        <test-method is-config="true" signature="exitBrowser()[pri:0, instance:org.test.CustomerOrganizationRequest@48aca48b]" started-at="2023-01-20T02:08:55 IST" name="exitBrowser" finished-at="2023-01-20T02:08:56 IST" duration-ms="632" status="PASS">
          <reporter-output>
          </reporter-output>
        </test-method> <!-- exitBrowser -->
      </class> <!-- org.test.CustomerOrganizationRequest -->
      <class name="org.test.GlobalOrganizationRequest">
        <test-method is-config="true" signature="setup()[pri:0, instance:org.test.GlobalOrganizationRequest@b9b00e0]" started-at="2023-01-20T02:12:06 IST" name="setup" finished-at="2023-01-20T02:12:07 IST" duration-ms="1547" status="PASS">
          <reporter-output>
          </reporter-output>
        </test-method> <!-- setup -->
        <test-method signature="loginPage()[pri:0, instance:org.test.GlobalOrganizationRequest@b9b00e0]" started-at="2023-01-20T02:12:07 IST" name="loginPage" finished-at="2023-01-20T02:12:39 IST" duration-ms="31369" status="PASS">
          <reporter-output>
          </reporter-output>
        </test-method> <!-- loginPage -->
        <test-method signature="requestModule()[pri:1, instance:org.test.GlobalOrganizationRequest@b9b00e0]" started-at="2023-01-20T02:12:39 IST" name="requestModule" finished-at="2023-01-20T02:12:42 IST" duration-ms="3145" status="PASS">
          <reporter-output>
          </reporter-output>
        </test-method> <!-- requestModule -->
        <test-method signature="organizationMandatoryValidation()[pri:2, instance:org.test.GlobalOrganizationRequest@b9b00e0]" started-at="2023-01-20T02:12:42 IST" name="organizationMandatoryValidation" finished-at="2023-01-20T02:12:49 IST" duration-ms="7088" status="PASS">
          <reporter-output>
          </reporter-output>
        </test-method> <!-- organizationMandatoryValidation -->
        <test-method signature="autoCompleteOrganizationCreation()[pri:3, instance:org.test.GlobalOrganizationRequest@b9b00e0]" started-at="2023-01-20T02:12:49 IST" name="autoCompleteOrganizationCreation" finished-at="2023-01-20T02:13:01 IST" duration-ms="12079" status="PASS">
          <reporter-output>
          </reporter-output>
        </test-method> <!-- autoCompleteOrganizationCreation -->
        <test-method signature="autoCompleteOrganizationContactCreation()[pri:4, instance:org.test.GlobalOrganizationRequest@b9b00e0]" started-at="2023-01-20T02:13:01 IST" name="autoCompleteOrganizationContactCreation" finished-at="2023-01-20T02:13:13 IST" duration-ms="11710" status="PASS">
          <reporter-output>
          </reporter-output>
        </test-method> <!-- autoCompleteOrganizationContactCreation -->
        <test-method signature="maximumValidationTittle()[pri:6, instance:org.test.GlobalOrganizationRequest@b9b00e0]" started-at="2023-01-20T02:13:13 IST" name="maximumValidationTittle" finished-at="2023-01-20T02:13:21 IST" duration-ms="8333" status="PASS">
          <reporter-output>
          </reporter-output>
        </test-method> <!-- maximumValidationTittle -->
        <test-method signature="mandatoryValidationDescription()[pri:7, instance:org.test.GlobalOrganizationRequest@b9b00e0]" started-at="2023-01-20T02:13:21 IST" name="mandatoryValidationDescription" finished-at="2023-01-20T02:13:21 IST" duration-ms="302" status="PASS">
          <reporter-output>
          </reporter-output>
        </test-method> <!-- mandatoryValidationDescription -->
        <test-method signature="maximumValidationDescription()[pri:8, instance:org.test.GlobalOrganizationRequest@b9b00e0]" started-at="2023-01-20T02:13:21 IST" name="maximumValidationDescription" finished-at="2023-01-20T02:13:34 IST" duration-ms="13225" status="PASS">
          <reporter-output>
          </reporter-output>
        </test-method> <!-- maximumValidationDescription -->
        <test-method signature="maximumTagValidation()[pri:11, instance:org.test.GlobalOrganizationRequest@b9b00e0]" started-at="2023-01-20T02:13:34 IST" name="maximumTagValidation" finished-at="2023-01-20T02:13:36 IST" duration-ms="2075" status="PASS">
          <reporter-output>
          </reporter-output>
        </test-method> <!-- maximumTagValidation -->
        <test-method signature="duplicateTagsValidation()[pri:12, instance:org.test.GlobalOrganizationRequest@b9b00e0]" started-at="2023-01-20T02:13:36 IST" name="duplicateTagsValidation" finished-at="2023-01-20T02:13:37 IST" duration-ms="773" status="PASS">
          <reporter-output>
          </reporter-output>
        </test-method> <!-- duplicateTagsValidation -->
        <test-method signature="maxTagLimitValidation()[pri:13, instance:org.test.GlobalOrganizationRequest@b9b00e0]" started-at="2023-01-20T02:13:37 IST" name="maxTagLimitValidation" finished-at="2023-01-20T02:13:50 IST" duration-ms="13084" status="PASS">
          <reporter-output>
          </reporter-output>
        </test-method> <!-- maxTagLimitValidation -->
        <test-method signature="maximumValidationNotes()[pri:14, instance:org.test.GlobalOrganizationRequest@b9b00e0]" started-at="2023-01-20T02:13:50 IST" name="maximumValidationNotes" finished-at="2023-01-20T02:14:04 IST" duration-ms="13225" status="PASS">
          <reporter-output>
          </reporter-output>
        </test-method> <!-- maximumValidationNotes -->
        <test-method signature="unsssignedRequest()[pri:15, instance:org.test.GlobalOrganizationRequest@b9b00e0]" started-at="2023-01-20T02:14:04 IST" name="unsssignedRequest" finished-at="2023-01-20T02:14:20 IST" duration-ms="15973" status="PASS">
          <reporter-output>
          </reporter-output>
        </test-method> <!-- unsssignedRequest -->
        <test-method signature="requestUnassignedStatus()[pri:16, instance:org.test.GlobalOrganizationRequest@b9b00e0]" started-at="2023-01-20T02:14:20 IST" name="requestUnassignedStatus" finished-at="2023-01-20T02:14:21 IST" duration-ms="1888" status="PASS">
          <reporter-output>
          </reporter-output>
        </test-method> <!-- requestUnassignedStatus -->
        <test-method signature="createRequest_FromDateandTime_ToDateandTime()[pri:18, instance:org.test.GlobalOrganizationRequest@b9b00e0]" started-at="2023-01-20T02:14:21 IST" name="createRequest_FromDateandTime_ToDateandTime" finished-at="2023-01-20T02:15:05 IST" duration-ms="43797" status="PASS">
          <reporter-output>
          </reporter-output>
        </test-method> <!-- createRequest_FromDateandTime_ToDateandTime -->
        <test-method signature="requestScheduleStatus()[pri:19, instance:org.test.GlobalOrganizationRequest@b9b00e0]" started-at="2023-01-20T02:15:05 IST" name="requestScheduleStatus" finished-at="2023-01-20T02:15:08 IST" duration-ms="2481" status="PASS">
          <reporter-output>
          </reporter-output>
        </test-method> <!-- requestScheduleStatus -->
        <test-method signature="dispatchedRequest()[pri:20, instance:org.test.GlobalOrganizationRequest@b9b00e0]" started-at="2023-01-20T02:15:08 IST" name="dispatchedRequest" finished-at="2023-01-20T02:15:12 IST" duration-ms="4136" status="PASS">
          <reporter-output>
          </reporter-output>
        </test-method> <!-- dispatchedRequest -->
        <test-method signature="requestDispatchedStatus()[pri:21, instance:org.test.GlobalOrganizationRequest@b9b00e0]" started-at="2023-01-20T02:15:12 IST" name="requestDispatchedStatus" finished-at="2023-01-20T02:15:12 IST" duration-ms="130" status="PASS">
          <reporter-output>
          </reporter-output>
        </test-method> <!-- requestDispatchedStatus -->
        <test-method signature="startedRequest()[pri:22, instance:org.test.GlobalOrganizationRequest@b9b00e0]" started-at="2023-01-20T02:15:12 IST" name="startedRequest" finished-at="2023-01-20T02:15:16 IST" duration-ms="4054" status="PASS">
          <reporter-output>
          </reporter-output>
        </test-method> <!-- startedRequest -->
        <test-method signature="requestStartedStatus()[pri:23, instance:org.test.GlobalOrganizationRequest@b9b00e0]" started-at="2023-01-20T02:15:16 IST" name="requestStartedStatus" finished-at="2023-01-20T02:15:16 IST" duration-ms="122" status="PASS">
          <reporter-output>
          </reporter-output>
        </test-method> <!-- requestStartedStatus -->
        <test-method signature="completedRequest()[pri:24, instance:org.test.GlobalOrganizationRequest@b9b00e0]" started-at="2023-01-20T02:15:16 IST" name="completedRequest" finished-at="2023-01-20T02:15:21 IST" duration-ms="4432" status="PASS">
          <reporter-output>
          </reporter-output>
        </test-method> <!-- completedRequest -->
        <test-method signature="cancelledRequest()[pri:25, instance:org.test.GlobalOrganizationRequest@b9b00e0]" started-at="2023-01-20T02:15:21 IST" name="cancelledRequest" finished-at="2023-01-20T02:15:25 IST" duration-ms="4025" status="PASS">
          <reporter-output>
          </reporter-output>
        </test-method> <!-- cancelledRequest -->
        <test-method signature="requestCancelledStatus()[pri:26, instance:org.test.GlobalOrganizationRequest@b9b00e0]" started-at="2023-01-20T02:15:25 IST" name="requestCancelledStatus" finished-at="2023-01-20T02:15:25 IST" duration-ms="136" status="PASS">
          <reporter-output>
          </reporter-output>
        </test-method> <!-- requestCancelledStatus -->
        <test-method signature="searchCustomerName()[pri:29, instance:org.test.GlobalOrganizationRequest@b9b00e0]" started-at="2023-01-20T02:15:25 IST" name="searchCustomerName" finished-at="2023-01-20T02:15:27 IST" duration-ms="2560" status="PASS">
          <reporter-output>
          </reporter-output>
        </test-method> <!-- searchCustomerName -->
        <test-method signature="searchRequestNo()[pri:30, instance:org.test.GlobalOrganizationRequest@b9b00e0]" started-at="2023-01-20T02:15:27 IST" name="searchRequestNo" finished-at="2023-01-20T02:15:31 IST" duration-ms="3784" status="PASS">
          <reporter-output>
          </reporter-output>
        </test-method> <!-- searchRequestNo -->
        <test-method signature="searchLocation()[pri:31, instance:org.test.GlobalOrganizationRequest@b9b00e0]" started-at="2023-01-20T02:15:31 IST" name="searchLocation" finished-at="2023-01-20T02:15:35 IST" duration-ms="3766" status="PASS">
          <reporter-output>
          </reporter-output>
        </test-method> <!-- searchLocation -->
        <test-method signature="searchFilterByDate()[pri:32, instance:org.test.GlobalOrganizationRequest@b9b00e0]" started-at="2023-01-20T02:15:35 IST" name="searchFilterByDate" finished-at="2023-01-20T02:15:40 IST" duration-ms="4920" status="PASS">
          <reporter-output>
          </reporter-output>
        </test-method> <!-- searchFilterByDate -->
        <test-method signature="searchInvalid()[pri:33, instance:org.test.GlobalOrganizationRequest@b9b00e0]" started-at="2023-01-20T02:15:40 IST" name="searchInvalid" finished-at="2023-01-20T02:15:42 IST" duration-ms="2017" status="PASS">
          <reporter-output>
          </reporter-output>
        </test-method> <!-- searchInvalid -->
        <test-method is-config="true" signature="exitBrowser()[pri:0, instance:org.test.GlobalOrganizationRequest@b9b00e0]" started-at="2023-01-20T02:15:42 IST" name="exitBrowser" finished-at="2023-01-20T02:15:42 IST" duration-ms="520" status="PASS">
          <reporter-output>
          </reporter-output>
        </test-method> <!-- exitBrowser -->
      </class> <!-- org.test.GlobalOrganizationRequest -->
      <class name="org.test.GlobalContactRequest">
        <test-method is-config="true" signature="setup()[pri:0, instance:org.test.GlobalContactRequest@13fd2ccd]" started-at="2023-01-20T02:08:56 IST" name="setup" finished-at="2023-01-20T02:08:57 IST" duration-ms="1059" status="PASS">
          <reporter-output>
          </reporter-output>
        </test-method> <!-- setup -->
        <test-method signature="loginPage()[pri:0, instance:org.test.GlobalContactRequest@13fd2ccd]" started-at="2023-01-20T02:08:57 IST" name="loginPage" finished-at="2023-01-20T02:09:30 IST" duration-ms="33569" status="PASS">
          <reporter-output>
          </reporter-output>
        </test-method> <!-- loginPage -->
        <test-method signature="requestModule()[pri:1, instance:org.test.GlobalContactRequest@13fd2ccd]" started-at="2023-01-20T02:09:30 IST" name="requestModule" finished-at="2023-01-20T02:09:34 IST" duration-ms="3383" status="PASS">
          <reporter-output>
          </reporter-output>
        </test-method> <!-- requestModule -->
        <test-method signature="contactMandatoryValidation()[pri:2, instance:org.test.GlobalContactRequest@13fd2ccd]" started-at="2023-01-20T02:09:34 IST" name="contactMandatoryValidation" finished-at="2023-01-20T02:09:40 IST" duration-ms="6046" status="PASS">
          <reporter-output>
          </reporter-output>
        </test-method> <!-- contactMandatoryValidation -->
        <test-method signature="autoCompleteContactCreation()[pri:3, instance:org.test.GlobalContactRequest@13fd2ccd]" started-at="2023-01-20T02:09:40 IST" name="autoCompleteContactCreation" finished-at="2023-01-20T02:09:47 IST" duration-ms="7428" status="PASS">
          <reporter-output>
          </reporter-output>
        </test-method> <!-- autoCompleteContactCreation -->
        <test-method signature="maximumValidationTittle()[pri:6, instance:org.test.GlobalContactRequest@13fd2ccd]" started-at="2023-01-20T02:09:47 IST" name="maximumValidationTittle" finished-at="2023-01-20T02:09:56 IST" duration-ms="8258" status="PASS">
          <reporter-output>
          </reporter-output>
        </test-method> <!-- maximumValidationTittle -->
        <test-method signature="mandatoryValidationDescription()[pri:7, instance:org.test.GlobalContactRequest@13fd2ccd]" started-at="2023-01-20T02:09:56 IST" name="mandatoryValidationDescription" finished-at="2023-01-20T02:09:56 IST" duration-ms="291" status="PASS">
          <reporter-output>
          </reporter-output>
        </test-method> <!-- mandatoryValidationDescription -->
        <test-method signature="maximumValidationDescription()[pri:8, instance:org.test.GlobalContactRequest@13fd2ccd]" started-at="2023-01-20T02:09:56 IST" name="maximumValidationDescription" finished-at="2023-01-20T02:10:09 IST" duration-ms="13028" status="PASS">
          <reporter-output>
          </reporter-output>
        </test-method> <!-- maximumValidationDescription -->
        <test-method signature="maximumTagValidation()[pri:11, instance:org.test.GlobalContactRequest@13fd2ccd]" started-at="2023-01-20T02:10:09 IST" name="maximumTagValidation" finished-at="2023-01-20T02:10:11 IST" duration-ms="2021" status="PASS">
          <reporter-output>
          </reporter-output>
        </test-method> <!-- maximumTagValidation -->
        <test-method signature="duplicateTagsValidation()[pri:12, instance:org.test.GlobalContactRequest@13fd2ccd]" started-at="2023-01-20T02:10:11 IST" name="duplicateTagsValidation" finished-at="2023-01-20T02:10:12 IST" duration-ms="665" status="PASS">
          <reporter-output>
          </reporter-output>
        </test-method> <!-- duplicateTagsValidation -->
        <test-method signature="maxTagLimitValidation()[pri:13, instance:org.test.GlobalContactRequest@13fd2ccd]" started-at="2023-01-20T02:10:12 IST" name="maxTagLimitValidation" finished-at="2023-01-20T02:10:25 IST" duration-ms="13284" status="PASS">
          <reporter-output>
          </reporter-output>
        </test-method> <!-- maxTagLimitValidation -->
        <test-method signature="maximumValidationNotes()[pri:14, instance:org.test.GlobalContactRequest@13fd2ccd]" started-at="2023-01-20T02:10:25 IST" name="maximumValidationNotes" finished-at="2023-01-20T02:10:38 IST" duration-ms="13081" status="PASS">
          <reporter-output>
          </reporter-output>
        </test-method> <!-- maximumValidationNotes -->
        <test-method signature="unsssignedRequest()[pri:15, instance:org.test.GlobalContactRequest@13fd2ccd]" started-at="2023-01-20T02:10:38 IST" name="unsssignedRequest" finished-at="2023-01-20T02:10:53 IST" duration-ms="14918" status="PASS">
          <reporter-output>
          </reporter-output>
        </test-method> <!-- unsssignedRequest -->
        <test-method signature="createRequest_FromDateandTime_ToDateandTime()[pri:18, instance:org.test.GlobalContactRequest@13fd2ccd]" started-at="2023-01-20T02:10:53 IST" name="createRequest_FromDateandTime_ToDateandTime" finished-at="2023-01-20T02:11:30 IST" duration-ms="36908" status="PASS">
          <reporter-output>
          </reporter-output>
        </test-method> <!-- createRequest_FromDateandTime_ToDateandTime -->
        <test-method signature="requestScheduleStatus()[pri:19, instance:org.test.GlobalContactRequest@13fd2ccd]" started-at="2023-01-20T02:11:30 IST" name="requestScheduleStatus" finished-at="2023-01-20T02:11:32 IST" duration-ms="1857" status="PASS">
          <reporter-output>
          </reporter-output>
        </test-method> <!-- requestScheduleStatus -->
        <test-method signature="dispatchedRequest()[pri:20, instance:org.test.GlobalContactRequest@13fd2ccd]" started-at="2023-01-20T02:11:32 IST" name="dispatchedRequest" finished-at="2023-01-20T02:11:36 IST" duration-ms="4120" status="PASS">
          <reporter-output>
          </reporter-output>
        </test-method> <!-- dispatchedRequest -->
        <test-method signature="requestDispatchedStatus()[pri:21, instance:org.test.GlobalContactRequest@13fd2ccd]" started-at="2023-01-20T02:11:36 IST" name="requestDispatchedStatus" finished-at="2023-01-20T02:11:36 IST" duration-ms="119" status="PASS">
          <reporter-output>
          </reporter-output>
        </test-method> <!-- requestDispatchedStatus -->
        <test-method signature="startedRequest()[pri:22, instance:org.test.GlobalContactRequest@13fd2ccd]" started-at="2023-01-20T02:11:36 IST" name="startedRequest" finished-at="2023-01-20T02:11:39 IST" duration-ms="3512" status="PASS">
          <reporter-output>
          </reporter-output>
        </test-method> <!-- startedRequest -->
        <test-method signature="requestStartedStatus()[pri:23, instance:org.test.GlobalContactRequest@13fd2ccd]" started-at="2023-01-20T02:11:39 IST" name="requestStartedStatus" finished-at="2023-01-20T02:11:40 IST" duration-ms="129" status="PASS">
          <reporter-output>
          </reporter-output>
        </test-method> <!-- requestStartedStatus -->
        <test-method signature="completedRequest()[pri:24, instance:org.test.GlobalContactRequest@13fd2ccd]" started-at="2023-01-20T02:11:40 IST" name="completedRequest" finished-at="2023-01-20T02:11:43 IST" duration-ms="3961" status="PASS">
          <reporter-output>
          </reporter-output>
        </test-method> <!-- completedRequest -->
        <test-method signature="cancelledRequest()[pri:25, instance:org.test.GlobalContactRequest@13fd2ccd]" started-at="2023-01-20T02:11:43 IST" name="cancelledRequest" finished-at="2023-01-20T02:11:49 IST" duration-ms="5077" status="PASS">
          <reporter-output>
          </reporter-output>
        </test-method> <!-- cancelledRequest -->
        <test-method signature="requestCancelledStatus()[pri:26, instance:org.test.GlobalContactRequest@13fd2ccd]" started-at="2023-01-20T02:11:49 IST" name="requestCancelledStatus" finished-at="2023-01-20T02:11:49 IST" duration-ms="124" status="PASS">
          <reporter-output>
          </reporter-output>
        </test-method> <!-- requestCancelledStatus -->
        <test-method signature="searchCustomerName()[pri:29, instance:org.test.GlobalContactRequest@13fd2ccd]" started-at="2023-01-20T02:11:49 IST" name="searchCustomerName" finished-at="2023-01-20T02:11:51 IST" duration-ms="2595" status="PASS">
          <reporter-output>
          </reporter-output>
        </test-method> <!-- searchCustomerName -->
        <test-method signature="searchRequestNo()[pri:30, instance:org.test.GlobalContactRequest@13fd2ccd]" started-at="2023-01-20T02:11:51 IST" name="searchRequestNo" finished-at="2023-01-20T02:11:55 IST" duration-ms="3763" status="PASS">
          <reporter-output>
          </reporter-output>
        </test-method> <!-- searchRequestNo -->
        <test-method signature="searchLocation()[pri:31, instance:org.test.GlobalContactRequest@13fd2ccd]" started-at="2023-01-20T02:11:55 IST" name="searchLocation" finished-at="2023-01-20T02:11:58 IST" duration-ms="3119" status="PASS">
          <reporter-output>
          </reporter-output>
        </test-method> <!-- searchLocation -->
        <test-method signature="searchFilterByDate()[pri:32, instance:org.test.GlobalContactRequest@13fd2ccd]" started-at="2023-01-20T02:11:58 IST" name="searchFilterByDate" finished-at="2023-01-20T02:12:03 IST" duration-ms="4762" status="PASS">
          <reporter-output>
          </reporter-output>
        </test-method> <!-- searchFilterByDate -->
        <test-method signature="searchInvalid()[pri:33, instance:org.test.GlobalContactRequest@13fd2ccd]" started-at="2023-01-20T02:12:03 IST" name="searchInvalid" finished-at="2023-01-20T02:12:05 IST" duration-ms="2042" status="PASS">
          <reporter-output>
          </reporter-output>
        </test-method> <!-- searchInvalid -->
        <test-method is-config="true" signature="exitBrowser()[pri:0, instance:org.test.GlobalContactRequest@13fd2ccd]" started-at="2023-01-20T02:12:05 IST" name="exitBrowser" finished-at="2023-01-20T02:12:06 IST" duration-ms="625" status="PASS">
          <reporter-output>
          </reporter-output>
        </test-method> <!-- exitBrowser -->
      </class> <!-- org.test.GlobalContactRequest -->
      <class name="org.test.OnBoardingModule">
        <test-method is-config="true" signature="setup()[pri:0, instance:org.test.OnBoardingModule@26e356f0]" started-at="2023-01-20T01:39:46 IST" name="setup" finished-at="2023-01-20T01:39:48 IST" duration-ms="2071" status="PASS">
          <reporter-output>
          </reporter-output>
        </test-method> <!-- setup -->
        <test-method signature="mandatoryBussinessNameFieldValidation()[pri:0, instance:org.test.OnBoardingModule@26e356f0]" started-at="2023-01-20T01:39:48 IST" name="mandatoryBussinessNameFieldValidation" finished-at="2023-01-20T01:39:57 IST" duration-ms="9099" status="PASS">
          <reporter-output>
          </reporter-output>
        </test-method> <!-- mandatoryBussinessNameFieldValidation -->
        <test-method signature="mandatoryEmailFieldValidation()[pri:1, instance:org.test.OnBoardingModule@26e356f0]" started-at="2023-01-20T01:39:57 IST" name="mandatoryEmailFieldValidation" finished-at="2023-01-20T01:39:58 IST" duration-ms="855" status="PASS">
          <reporter-output>
          </reporter-output>
        </test-method> <!-- mandatoryEmailFieldValidation -->
        <test-method signature="alreadyBussinessNameValidation()[pri:2, instance:org.test.OnBoardingModule@26e356f0]" started-at="2023-01-20T01:39:58 IST" name="alreadyBussinessNameValidation" finished-at="2023-01-20T01:39:59 IST" duration-ms="1031" status="PASS">
          <reporter-output>
          </reporter-output>
        </test-method> <!-- alreadyBussinessNameValidation -->
        <test-method signature="specialCharacterBussinessNameValidation()[pri:3, instance:org.test.OnBoardingModule@26e356f0]" started-at="2023-01-20T01:39:59 IST" name="specialCharacterBussinessNameValidation" finished-at="2023-01-20T01:39:59 IST" duration-ms="211" status="PASS">
          <reporter-output>
          </reporter-output>
        </test-method> <!-- specialCharacterBussinessNameValidation -->
        <test-method signature="maximumValidationBussinessName()[pri:4, instance:org.test.OnBoardingModule@26e356f0]" started-at="2023-01-20T01:39:59 IST" name="maximumValidationBussinessName" finished-at="2023-01-20T01:40:00 IST" duration-ms="1152" status="PASS">
          <reporter-output>
          </reporter-output>
        </test-method> <!-- maximumValidationBussinessName -->
        <test-method signature="maximumValidationBussinessWebSite()[pri:5, instance:org.test.OnBoardingModule@26e356f0]" started-at="2023-01-20T01:40:00 IST" name="maximumValidationBussinessWebSite" finished-at="2023-01-20T01:40:06 IST" duration-ms="5989" status="PASS">
          <reporter-output>
          </reporter-output>
        </test-method> <!-- maximumValidationBussinessWebSite -->
        <test-method signature="maximumValidationFirstName()[pri:6, instance:org.test.OnBoardingModule@26e356f0]" started-at="2023-01-20T01:40:06 IST" name="maximumValidationFirstName" finished-at="2023-01-20T01:40:07 IST" duration-ms="1057" status="PASS">
          <reporter-output>
          </reporter-output>
        </test-method> <!-- maximumValidationFirstName -->
        <test-method signature="maximumValidationLastName()[pri:7, instance:org.test.OnBoardingModule@26e356f0]" started-at="2023-01-20T01:40:07 IST" name="maximumValidationLastName" finished-at="2023-01-20T01:40:08 IST" duration-ms="1253" status="PASS">
          <reporter-output>
          </reporter-output>
        </test-method> <!-- maximumValidationLastName -->
        <test-method signature="maximumValidationEmail()[pri:8, instance:org.test.OnBoardingModule@26e356f0]" started-at="2023-01-20T01:40:08 IST" name="maximumValidationEmail" finished-at="2023-01-20T01:40:10 IST" duration-ms="1293" status="PASS">
          <reporter-output>
          </reporter-output>
        </test-method> <!-- maximumValidationEmail -->
        <test-method signature="validateEmailFormat()[pri:9, instance:org.test.OnBoardingModule@26e356f0]" started-at="2023-01-20T01:40:10 IST" name="validateEmailFormat" finished-at="2023-01-20T01:40:11 IST" duration-ms="965" status="PASS">
          <reporter-output>
          </reporter-output>
        </test-method> <!-- validateEmailFormat -->
        <test-method signature="existingEmailValidation()[pri:10, instance:org.test.OnBoardingModule@26e356f0]" started-at="2023-01-20T01:40:11 IST" name="existingEmailValidation" finished-at="2023-01-20T01:40:12 IST" duration-ms="1704" status="PASS">
          <reporter-output>
          </reporter-output>
        </test-method> <!-- existingEmailValidation -->
        <test-method signature="correctValidationEmail()[pri:11, instance:org.test.OnBoardingModule@26e356f0]" started-at="2023-01-20T01:40:12 IST" name="correctValidationEmail" finished-at="2023-01-20T01:40:13 IST" duration-ms="965" status="PASS">
          <reporter-output>
          </reporter-output>
        </test-method> <!-- correctValidationEmail -->
        <test-method signature="validateRadioButtonClickable()[pri:12, instance:org.test.OnBoardingModule@26e356f0]" started-at="2023-01-20T01:40:13 IST" name="validateRadioButtonClickable" finished-at="2023-01-20T01:40:18 IST" duration-ms="4806" status="PASS">
          <reporter-output>
          </reporter-output>
        </test-method> <!-- validateRadioButtonClickable -->
        <test-method signature="industryTypeFieldPresent()[pri:13, instance:org.test.OnBoardingModule@26e356f0]" started-at="2023-01-20T01:40:18 IST" name="industryTypeFieldPresent" finished-at="2023-01-20T01:40:18 IST" duration-ms="252" status="PASS">
          <reporter-output>
          </reporter-output>
        </test-method> <!-- industryTypeFieldPresent -->
        <test-method signature="maximumValidationIndustryField()[pri:14, instance:org.test.OnBoardingModule@26e356f0]" started-at="2023-01-20T01:40:18 IST" name="maximumValidationIndustryField" finished-at="2023-01-20T01:40:20 IST" duration-ms="1260" status="PASS">
          <reporter-output>
          </reporter-output>
        </test-method> <!-- maximumValidationIndustryField -->
        <test-method signature="sizeCompanyValidation()[pri:15, instance:org.test.OnBoardingModule@26e356f0]" started-at="2023-01-20T01:40:20 IST" name="sizeCompanyValidation" finished-at="2023-01-20T01:40:21 IST" duration-ms="1700" status="PASS">
          <reporter-output>
          </reporter-output>
        </test-method> <!-- sizeCompanyValidation -->
        <test-method signature="validationRadioButtonIntrested()[pri:16, instance:org.test.OnBoardingModule@26e356f0]" started-at="2023-01-20T01:40:21 IST" name="validationRadioButtonIntrested" finished-at="2023-01-20T01:40:23 IST" duration-ms="1398" status="PASS">
          <reporter-output>
          </reporter-output>
        </test-method> <!-- validationRadioButtonIntrested -->
        <test-method signature="mandatoryValidationLocation()[pri:17, instance:org.test.OnBoardingModule@26e356f0]" started-at="2023-01-20T01:40:23 IST" name="mandatoryValidationLocation" finished-at="2023-01-20T01:40:24 IST" duration-ms="938" status="PASS">
          <reporter-output>
          </reporter-output>
        </test-method> <!-- mandatoryValidationLocation -->
        <test-method signature="maximumValidationLocation()[pri:18, instance:org.test.OnBoardingModule@26e356f0]" started-at="2023-01-20T01:40:24 IST" name="maximumValidationLocation" finished-at="2023-01-20T01:40:26 IST" duration-ms="2407" status="PASS">
          <reporter-output>
          </reporter-output>
        </test-method> <!-- maximumValidationLocation -->
        <test-method signature="passwordMandatoryField()[pri:19, instance:org.test.OnBoardingModule@26e356f0]" started-at="2023-01-20T01:40:26 IST" name="passwordMandatoryField" finished-at="2023-01-20T01:40:26 IST" duration-ms="333" status="PASS">
          <reporter-output>
          </reporter-output>
        </test-method> <!-- passwordMandatoryField -->
        <test-method signature="minValidationPassword()[pri:20, instance:org.test.OnBoardingModule@26e356f0]" started-at="2023-01-20T01:40:26 IST" name="minValidationPassword" finished-at="2023-01-20T01:40:27 IST" duration-ms="261" status="PASS">
          <reporter-output>
          </reporter-output>
        </test-method> <!-- minValidationPassword -->
        <test-method signature="minValidationConfirmPassword()[pri:21, instance:org.test.OnBoardingModule@26e356f0]" started-at="2023-01-20T01:40:27 IST" name="minValidationConfirmPassword" finished-at="2023-01-20T01:40:27 IST" duration-ms="276" status="PASS">
          <reporter-output>
          </reporter-output>
        </test-method> <!-- minValidationConfirmPassword -->
        <test-method signature="passwordFieldConditions()[pri:22, instance:org.test.OnBoardingModule@26e356f0]" started-at="2023-01-20T01:40:27 IST" name="passwordFieldConditions" finished-at="2023-01-20T01:40:27 IST" duration-ms="460" status="PASS">
          <reporter-output>
          </reporter-output>
        </test-method> <!-- passwordFieldConditions -->
        <test-method signature="confirmPasswordFieldCondition()[pri:23, instance:org.test.OnBoardingModule@26e356f0]" started-at="2023-01-20T01:40:27 IST" name="confirmPasswordFieldCondition" finished-at="2023-01-20T01:40:28 IST" duration-ms="674" status="PASS">
          <reporter-output>
          </reporter-output>
        </test-method> <!-- confirmPasswordFieldCondition -->
        <test-method signature="lowerCaseValidation()[pri:24, instance:org.test.OnBoardingModule@26e356f0]" started-at="2023-01-20T01:40:28 IST" name="lowerCaseValidation" finished-at="2023-01-20T01:40:29 IST" duration-ms="576" status="PASS">
          <reporter-output>
          </reporter-output>
        </test-method> <!-- lowerCaseValidation -->
        <test-method signature="mismatchPassword()[pri:25, instance:org.test.OnBoardingModule@26e356f0]" started-at="2023-01-20T01:40:29 IST" name="mismatchPassword" finished-at="2023-01-20T01:40:29 IST" duration-ms="396" status="PASS">
          <reporter-output>
          </reporter-output>
        </test-method> <!-- mismatchPassword -->
        <test-method is-config="true" signature="exitBrowser()[pri:0, instance:org.test.OnBoardingModule@26e356f0]" started-at="2023-01-20T01:40:29 IST" name="exitBrowser" finished-at="2023-01-20T01:40:30 IST" duration-ms="675" status="PASS">
          <reporter-output>
          </reporter-output>
        </test-method> <!-- exitBrowser -->
      </class> <!-- org.test.OnBoardingModule -->
      <class name="org.test.GlobalContactJob">
        <test-method is-config="true" signature="setup()[pri:0, instance:org.test.GlobalContactJob@59505b48]" started-at="2023-01-20T01:55:45 IST" name="setup" finished-at="2023-01-20T01:55:46 IST" duration-ms="888" status="PASS">
          <reporter-output>
          </reporter-output>
        </test-method> <!-- setup -->
        <test-method signature="loginPage()[pri:0, instance:org.test.GlobalContactJob@59505b48]" started-at="2023-01-20T01:55:46 IST" name="loginPage" finished-at="2023-01-20T01:56:25 IST" duration-ms="38623" status="PASS">
          <reporter-output>
          </reporter-output>
        </test-method> <!-- loginPage -->
        <test-method signature="jobModule()[pri:1, instance:org.test.GlobalContactJob@59505b48]" started-at="2023-01-20T01:56:25 IST" name="jobModule" finished-at="2023-01-20T01:56:27 IST" duration-ms="2244" status="PASS">
          <reporter-output>
          </reporter-output>
        </test-method> <!-- jobModule -->
        <test-method signature="contactMandatoryValidation()[pri:2, instance:org.test.GlobalContactJob@59505b48]" started-at="2023-01-20T01:56:27 IST" name="contactMandatoryValidation" finished-at="2023-01-20T01:56:35 IST" duration-ms="8010" status="PASS">
          <reporter-output>
          </reporter-output>
        </test-method> <!-- contactMandatoryValidation -->
        <test-method signature="autoCompleteContactCreation()[pri:3, instance:org.test.GlobalContactJob@59505b48]" started-at="2023-01-20T01:56:35 IST" name="autoCompleteContactCreation" finished-at="2023-01-20T01:56:42 IST" duration-ms="6730" status="PASS">
          <reporter-output>
          </reporter-output>
        </test-method> <!-- autoCompleteContactCreation -->
        <test-method signature="maximumValidationTittle()[pri:6, instance:org.test.GlobalContactJob@59505b48]" started-at="2023-01-20T01:56:42 IST" name="maximumValidationTittle" finished-at="2023-01-20T01:56:49 IST" duration-ms="7328" status="PASS">
          <reporter-output>
          </reporter-output>
        </test-method> <!-- maximumValidationTittle -->
        <test-method signature="mandatoryValidationDescription()[pri:7, instance:org.test.GlobalContactJob@59505b48]" started-at="2023-01-20T01:56:49 IST" name="mandatoryValidationDescription" finished-at="2023-01-20T01:56:49 IST" duration-ms="221" status="PASS">
          <reporter-output>
          </reporter-output>
        </test-method> <!-- mandatoryValidationDescription -->
        <test-method signature="maximumValidationDescription()[pri:8, instance:org.test.GlobalContactJob@59505b48]" started-at="2023-01-20T01:56:49 IST" name="maximumValidationDescription" finished-at="2023-01-20T01:56:56 IST" duration-ms="7239" status="PASS">
          <reporter-output>
          </reporter-output>
        </test-method> <!-- maximumValidationDescription -->
        <test-method signature="maximumTagValidation()[pri:11, instance:org.test.GlobalContactJob@59505b48]" started-at="2023-01-20T01:56:56 IST" name="maximumTagValidation" finished-at="2023-01-20T01:56:58 IST" duration-ms="1199" status="PASS">
          <reporter-output>
          </reporter-output>
        </test-method> <!-- maximumTagValidation -->
        <test-method signature="duplicateTagsValidation()[pri:12, instance:org.test.GlobalContactJob@59505b48]" started-at="2023-01-20T01:56:58 IST" name="duplicateTagsValidation" finished-at="2023-01-20T01:56:58 IST" duration-ms="513" status="PASS">
          <reporter-output>
          </reporter-output>
        </test-method> <!-- duplicateTagsValidation -->
        <test-method signature="maxTagLimitValidation()[pri:13, instance:org.test.GlobalContactJob@59505b48]" started-at="2023-01-20T01:56:58 IST" name="maxTagLimitValidation" finished-at="2023-01-20T01:57:09 IST" duration-ms="10488" status="PASS">
          <reporter-output>
          </reporter-output>
        </test-method> <!-- maxTagLimitValidation -->
        <test-method signature="maximumValidationNotes()[pri:14, instance:org.test.GlobalContactJob@59505b48]" started-at="2023-01-20T01:57:09 IST" name="maximumValidationNotes" finished-at="2023-01-20T01:57:16 IST" duration-ms="7141" status="PASS">
          <reporter-output>
          </reporter-output>
        </test-method> <!-- maximumValidationNotes -->
        <test-method signature="unsssignedJob()[pri:15, instance:org.test.GlobalContactJob@59505b48]" started-at="2023-01-20T01:57:16 IST" name="unsssignedJob" finished-at="2023-01-20T01:57:29 IST" duration-ms="12861" status="PASS">
          <reporter-output>
          </reporter-output>
        </test-method> <!-- unsssignedJob -->
        <test-method signature="jobUnassignedStatus()[pri:16, instance:org.test.GlobalContactJob@59505b48]" started-at="2023-01-20T01:57:29 IST" name="jobUnassignedStatus" finished-at="2023-01-20T01:57:31 IST" duration-ms="2172" status="PASS">
          <reporter-output>
          </reporter-output>
        </test-method> <!-- jobUnassignedStatus -->
        <test-method signature="createJob_FromDateandTime_ToDateandTime()[pri:18, instance:org.test.GlobalContactJob@59505b48]" started-at="2023-01-20T01:57:31 IST" name="createJob_FromDateandTime_ToDateandTime" finished-at="2023-01-20T01:58:04 IST" duration-ms="33639" status="PASS">
          <reporter-output>
          </reporter-output>
        </test-method> <!-- createJob_FromDateandTime_ToDateandTime -->
        <test-method signature="jobScheduleStatus()[pri:19, instance:org.test.GlobalContactJob@59505b48]" started-at="2023-01-20T01:58:04 IST" name="jobScheduleStatus" finished-at="2023-01-20T01:58:06 IST" duration-ms="1682" status="PASS">
          <reporter-output>
          </reporter-output>
        </test-method> <!-- jobScheduleStatus -->
        <test-method signature="dispatchedJob()[pri:20, instance:org.test.GlobalContactJob@59505b48]" started-at="2023-01-20T01:58:06 IST" name="dispatchedJob" finished-at="2023-01-20T01:58:11 IST" duration-ms="4421" status="PASS">
          <reporter-output>
          </reporter-output>
        </test-method> <!-- dispatchedJob -->
        <test-method signature="jobDispatchedStatus()[pri:21, instance:org.test.GlobalContactJob@59505b48]" started-at="2023-01-20T01:58:11 IST" name="jobDispatchedStatus" finished-at="2023-01-20T01:58:11 IST" duration-ms="122" status="PASS">
          <reporter-output>
          </reporter-output>
        </test-method> <!-- jobDispatchedStatus -->
        <test-method signature="startedJob()[pri:22, instance:org.test.GlobalContactJob@59505b48]" started-at="2023-01-20T01:58:11 IST" name="startedJob" finished-at="2023-01-20T01:58:15 IST" duration-ms="3870" status="PASS">
          <reporter-output>
          </reporter-output>
        </test-method> <!-- startedJob -->
        <test-method signature="jobStartedStatus()[pri:23, instance:org.test.GlobalContactJob@59505b48]" started-at="2023-01-20T01:58:15 IST" name="jobStartedStatus" finished-at="2023-01-20T01:58:15 IST" duration-ms="294" status="PASS">
          <reporter-output>
          </reporter-output>
        </test-method> <!-- jobStartedStatus -->
        <test-method signature="completedJob()[pri:24, instance:org.test.GlobalContactJob@59505b48]" started-at="2023-01-20T01:58:15 IST" name="completedJob" finished-at="2023-01-20T01:58:19 IST" duration-ms="3848" status="PASS">
          <reporter-output>
          </reporter-output>
        </test-method> <!-- completedJob -->
        <test-method signature="cancelledJob()[pri:25, instance:org.test.GlobalContactJob@59505b48]" started-at="2023-01-20T01:58:19 IST" name="cancelledJob" finished-at="2023-01-20T01:58:23 IST" duration-ms="3879" status="PASS">
          <reporter-output>
          </reporter-output>
        </test-method> <!-- cancelledJob -->
        <test-method signature="jobCancelledStatus()[pri:26, instance:org.test.GlobalContactJob@59505b48]" started-at="2023-01-20T01:58:23 IST" name="jobCancelledStatus" finished-at="2023-01-20T01:58:23 IST" duration-ms="96" status="PASS">
          <reporter-output>
          </reporter-output>
        </test-method> <!-- jobCancelledStatus -->
        <test-method signature="searchCustomerName()[pri:29, instance:org.test.GlobalContactJob@59505b48]" started-at="2023-01-20T01:58:23 IST" name="searchCustomerName" finished-at="2023-01-20T01:58:25 IST" duration-ms="2146" status="PASS">
          <reporter-output>
          </reporter-output>
        </test-method> <!-- searchCustomerName -->
        <test-method signature="searchJobNo()[pri:30, instance:org.test.GlobalContactJob@59505b48]" started-at="2023-01-20T01:58:25 IST" name="searchJobNo" finished-at="2023-01-20T01:58:28 IST" duration-ms="2808" status="PASS">
          <reporter-output>
          </reporter-output>
        </test-method> <!-- searchJobNo -->
        <test-method signature="searchLocation()[pri:31, instance:org.test.GlobalContactJob@59505b48]" started-at="2023-01-20T01:58:28 IST" name="searchLocation" finished-at="2023-01-20T01:58:31 IST" duration-ms="3343" status="PASS">
          <reporter-output>
          </reporter-output>
        </test-method> <!-- searchLocation -->
        <test-method signature="searchFilterByDate()[pri:32, instance:org.test.GlobalContactJob@59505b48]" started-at="2023-01-20T01:58:31 IST" name="searchFilterByDate" finished-at="2023-01-20T01:58:35 IST" duration-ms="4210" status="PASS">
          <reporter-output>
          </reporter-output>
        </test-method> <!-- searchFilterByDate -->
        <test-method signature="searchInvalid()[pri:33, instance:org.test.GlobalContactJob@59505b48]" started-at="2023-01-20T01:58:35 IST" name="searchInvalid" finished-at="2023-01-20T01:58:37 IST" duration-ms="1826" status="PASS">
          <reporter-output>
          </reporter-output>
        </test-method> <!-- searchInvalid -->
        <test-method is-config="true" signature="exitBrowser()[pri:0, instance:org.test.GlobalContactJob@59505b48]" started-at="2023-01-20T01:58:37 IST" name="exitBrowser" finished-at="2023-01-20T01:58:37 IST" duration-ms="465" status="PASS">
          <reporter-output>
          </reporter-output>
        </test-method> <!-- exitBrowser -->
      </class> <!-- org.test.GlobalContactJob -->
      <class name="org.test.CustomerCreateContactModule">
        <test-method is-config="true" signature="setup()[pri:0, instance:org.test.CustomerCreateContactModule@428640fa]" started-at="2023-01-20T01:44:40 IST" name="setup" finished-at="2023-01-20T01:44:41 IST" duration-ms="748" status="PASS">
          <reporter-output>
          </reporter-output>
        </test-method> <!-- setup -->
        <test-method signature="loginPage()[pri:-1, instance:org.test.CustomerCreateContactModule@428640fa]" started-at="2023-01-20T01:44:41 IST" name="loginPage" finished-at="2023-01-20T01:45:11 IST" duration-ms="29890" status="PASS">
          <reporter-output>
          </reporter-output>
        </test-method> <!-- loginPage -->
        <test-method signature="contactModule()[pri:0, instance:org.test.CustomerCreateContactModule@428640fa]" started-at="2023-01-20T01:45:11 IST" name="contactModule" finished-at="2023-01-20T01:45:20 IST" duration-ms="9003" status="PASS">
          <reporter-output>
          </reporter-output>
        </test-method> <!-- contactModule -->
        <test-method signature="maxValidationFirstNameField()[pri:3, instance:org.test.CustomerCreateContactModule@428640fa]" started-at="2023-01-20T01:45:20 IST" name="maxValidationFirstNameField" finished-at="2023-01-20T01:45:24 IST" duration-ms="3618" status="PASS">
          <reporter-output>
          </reporter-output>
        </test-method> <!-- maxValidationFirstNameField -->
        <test-method signature="mandatoryValidation()[pri:4, instance:org.test.CustomerCreateContactModule@428640fa]" started-at="2023-01-20T01:45:24 IST" name="mandatoryValidation" finished-at="2023-01-20T01:45:24 IST" duration-ms="292" status="PASS">
          <reporter-output>
          </reporter-output>
        </test-method> <!-- mandatoryValidation -->
        <test-method signature="maxValidationLastNameField()[pri:5, instance:org.test.CustomerCreateContactModule@428640fa]" started-at="2023-01-20T01:45:24 IST" name="maxValidationLastNameField" finished-at="2023-01-20T01:45:25 IST" duration-ms="1160" status="PASS">
          <reporter-output>
          </reporter-output>
        </test-method> <!-- maxValidationLastNameField -->
        <test-method signature="maxValidationJobTittle()[pri:6, instance:org.test.CustomerCreateContactModule@428640fa]" started-at="2023-01-20T01:45:25 IST" name="maxValidationJobTittle" finished-at="2023-01-20T01:45:26 IST" duration-ms="1209" status="PASS">
          <reporter-output>
          </reporter-output>
        </test-method> <!-- maxValidationJobTittle -->
[...]
        <test-method signature="minValidationContractorZipcode()[pri:86, instance:org.test.TeamModule@4c1909a3]" started-at="2023-01-20T01:43:53 IST" name="minValidationContractorZipcode" finished-at="2023-01-20T01:43:53 IST" duration-ms="184" status="PASS">
          <reporter-output>
          </reporter-output>
        </test-method> <!-- minValidationContractorZipcode -->
        <test-method signature="specialCharacterValidationContractorZipcode()[pri:87, instance:org.test.TeamModule@4c1909a3]" started-at="2023-01-20T01:43:53 IST" name="specialCharacterValidationContractorZipcode" finished-at="2023-01-20T01:43:53 IST" duration-ms="154" status="PASS">
          <reporter-output>
          </reporter-output>
        </test-method> <!-- specialCharacterValidationContractorZipcode -->
        <test-method signature="maxValidationContractorZipcode()[pri:88, instance:org.test.TeamModule@4c1909a3]" started-at="2023-01-20T01:43:53 IST" name="maxValidationContractorZipcode" finished-at="2023-01-20T01:43:53 IST" duration-ms="327" status="PASS">
          <reporter-output>
          </reporter-output>
        </test-method> <!-- maxValidationContractorZipcode -->
        <test-method signature="userContractorCreate()[pri:89, instance:org.test.TeamModule@4c1909a3]" started-at="2023-01-20T01:43:53 IST" name="userContractorCreate" finished-at="2023-01-20T01:43:58 IST" duration-ms="4738" status="PASS">
          <reporter-output>
          </reporter-output>
        </test-method> <!-- userContractorCreate -->
        <test-method signature="userContractorCount()[pri:90, instance:org.test.TeamModule@4c1909a3]" started-at="2023-01-20T01:43:58 IST" name="userContractorCount" finished-at="2023-01-20T01:44:00 IST" duration-ms="1638" status="PASS">
          <reporter-output>
          </reporter-output>
        </test-method> <!-- userContractorCount -->
        <test-method signature="createdContractorListName()[pri:91, instance:org.test.TeamModule@4c1909a3]" started-at="2023-01-20T01:44:00 IST" name="createdContractorListName" finished-at="2023-01-20T01:44:00 IST" duration-ms="53" status="PASS">
          <reporter-output>
          </reporter-output>
        </test-method> <!-- createdContractorListName -->
        <test-method signature="alreadyExistedContractorMailValidation()[pri:92, instance:org.test.TeamModule@4c1909a3]" started-at="2023-01-20T01:44:00 IST" name="alreadyExistedContractorMailValidation" finished-at="2023-01-20T01:44:05 IST" duration-ms="5235" status="PASS">
          <reporter-output>
          </reporter-output>
        </test-method> <!-- alreadyExistedContractorMailValidation -->
        <test-method signature="searchContractorNameValidation()[pri:93, instance:org.test.TeamModule@4c1909a3]" started-at="2023-01-20T01:44:05 IST" name="searchContractorNameValidation" finished-at="2023-01-20T01:44:08 IST" duration-ms="3404" status="PASS">
          <reporter-output>
          </reporter-output>
        </test-method> <!-- searchContractorNameValidation -->
        <test-method signature="searchContractorPhoneNumberValidation()[pri:94, instance:org.test.TeamModule@4c1909a3]" started-at="2023-01-20T01:44:08 IST" name="searchContractorPhoneNumberValidation" finished-at="2023-01-20T01:44:10 IST" duration-ms="1914" status="PASS">
          <reporter-output>
          </reporter-output>
        </test-method> <!-- searchContractorPhoneNumberValidation -->
        <test-method signature="searchContractorEmailValidation()[pri:95, instance:org.test.TeamModule@4c1909a3]" started-at="2023-01-20T01:44:10 IST" name="searchContractorEmailValidation" finished-at="2023-01-20T01:44:12 IST" duration-ms="1973" status="PASS">
          <reporter-output>
          </reporter-output>
        </test-method> <!-- searchContractorEmailValidation -->
        <test-method signature="filterByCompany()[pri:96, instance:org.test.TeamModule@4c1909a3]" started-at="2023-01-20T01:44:12 IST" name="filterByCompany" finished-at="2023-01-20T01:44:14 IST" duration-ms="1647" status="PASS">
          <reporter-output>
          </reporter-output>
        </test-method> <!-- filterByCompany -->
        <test-method signature="invalidDatasValidation()[pri:97, instance:org.test.TeamModule@4c1909a3]" started-at="2023-01-20T01:44:14 IST" name="invalidDatasValidation" finished-at="2023-01-20T01:44:15 IST" duration-ms="1466" status="PASS">
          <reporter-output>
          </reporter-output>
        </test-method> <!-- invalidDatasValidation -->
        <test-method signature="landingOnContractorEditForm()[pri:98, instance:org.test.TeamModule@4c1909a3]" started-at="2023-01-20T01:44:15 IST" name="landingOnContractorEditForm" finished-at="2023-01-20T01:44:17 IST" duration-ms="1958" status="PASS">
          <reporter-output>
          </reporter-output>
        </test-method> <!-- landingOnContractorEditForm -->
        <test-method signature="editContractorDetail()[pri:99, instance:org.test.TeamModule@4c1909a3]" started-at="2023-01-20T01:44:17 IST" name="editContractorDetail" finished-at="2023-01-20T01:44:24 IST" duration-ms="6431" status="PASS">
          <reporter-output>
          </reporter-output>
        </test-method> <!-- editContractorDetail -->
        <test-method signature="deleteContractorDetail()[pri:100, instance:org.test.TeamModule@4c1909a3]" started-at="2023-01-20T01:44:24 IST" name="deleteContractorDetail" finished-at="2023-01-20T01:44:27 IST" duration-ms="3614" status="PASS">
          <reporter-output>
          </reporter-output>
        </test-method> <!-- deleteContractorDetail -->
        <test-method signature="landOnSendInvitePage()[pri:101, instance:org.test.TeamModule@4c1909a3]" started-at="2023-01-20T01:44:27 IST" name="landOnSendInvitePage" finished-at="2023-01-20T01:44:29 IST" duration-ms="1524" status="PASS">
          <reporter-output>
          </reporter-output>
        </test-method> <!-- landOnSendInvitePage -->
        <test-method signature="verifyEmailRequired()[pri:102, instance:org.test.TeamModule@4c1909a3]" started-at="2023-01-20T01:44:29 IST" name="verifyEmailRequired" finished-at="2023-01-20T01:44:29 IST" duration-ms="136" status="PASS">
          <reporter-output>
          </reporter-output>
        </test-method> <!-- verifyEmailRequired -->
        <test-method signature="verfiyEmailFormat()[pri:103, instance:org.test.TeamModule@4c1909a3]" started-at="2023-01-20T01:44:29 IST" name="verfiyEmailFormat" finished-at="2023-01-20T01:44:30 IST" duration-ms="1339" status="PASS">
          <reporter-output>
          </reporter-output>
        </test-method> <!-- verfiyEmailFormat -->
        <test-method signature="verifyFirstName()[pri:104, instance:org.test.TeamModule@4c1909a3]" started-at="2023-01-20T01:44:30 IST" name="verifyFirstName" finished-at="2023-01-20T01:44:31 IST" duration-ms="277" status="PASS">
          <reporter-output>
          </reporter-output>
        </test-method> <!-- verifyFirstName -->
        <test-method signature="verifyFirstNamewithBlankSpace()[pri:105, instance:org.test.TeamModule@4c1909a3]" started-at="2023-01-20T01:44:31 IST" name="verifyFirstNamewithBlankSpace" finished-at="2023-01-20T01:44:33 IST" duration-ms="2317" status="PASS">
          <reporter-output>
          </reporter-output>
        </test-method> <!-- verifyFirstNamewithBlankSpace -->
        <test-method signature="verifyUserEnterMessage()[pri:106, instance:org.test.TeamModule@4c1909a3]" started-at="2023-01-20T01:44:33 IST" name="verifyUserEnterMessage" finished-at="2023-01-20T01:44:37 IST" duration-ms="4020" status="PASS">
          <reporter-output>
          </reporter-output>
        </test-method> <!-- verifyUserEnterMessage -->
        <test-method signature="verfiyAddMoreButton()[pri:107, instance:org.test.TeamModule@4c1909a3]" started-at="2023-01-20T01:44:37 IST" name="verfiyAddMoreButton" finished-at="2023-01-20T01:44:37 IST" duration-ms="127" status="PASS">
          <reporter-output>
          </reporter-output>
        </test-method> <!-- verfiyAddMoreButton -->
        <test-method signature="verifyUserSendInvite()[pri:108, instance:org.test.TeamModule@4c1909a3]" started-at="2023-01-20T01:44:37 IST" name="verifyUserSendInvite" finished-at="2023-01-20T01:44:40 IST" duration-ms="2838" status="PASS">
          <reporter-output>
          </reporter-output>
        </test-method> <!-- verifyUserSendInvite -->
        <test-method is-config="true" signature="exitBrowser()[pri:0, instance:org.test.TeamModule@4c1909a3]" started-at="2023-01-20T01:44:40 IST" name="exitBrowser" finished-at="2023-01-20T01:44:40 IST" duration-ms="454" status="PASS">
          <reporter-output>
          </reporter-output>
        </test-method> <!-- exitBrowser -->
      </class> <!-- org.test.TeamModule -->
      <class name="org.test.CustomerOrganizationJob">
        <test-method is-config="true" signature="setup()[pri:0, instance:org.test.CustomerOrganizationJob@29215f06]" started-at="2023-01-20T01:52:26 IST" name="setup" finished-at="2023-01-20T01:52:26 IST" duration-ms="870" status="PASS">
          <reporter-output>
          </reporter-output>
        </test-method> <!-- setup -->
        <test-method signature="loginPage()[pri:1, instance:org.test.CustomerOrganizationJob@29215f06]" started-at="2023-01-20T01:52:26 IST" name="loginPage" finished-at="2023-01-20T01:53:03 IST" duration-ms="36515" status="PASS">
          <reporter-output>
          </reporter-output>
        </test-method> <!-- loginPage -->
        <test-method signature="modulePage()[pri:2, instance:org.test.CustomerOrganizationJob@29215f06]" started-at="2023-01-20T01:53:03 IST" name="modulePage" finished-at="2023-01-20T01:53:11 IST" duration-ms="7856" status="PASS">
          <reporter-output>
          </reporter-output>
        </test-method> <!-- modulePage -->
        <test-method signature="createOrganization()[pri:3, instance:org.test.CustomerOrganizationJob@29215f06]" started-at="2023-01-20T01:53:11 IST" name="createOrganization" finished-at="2023-01-20T01:53:35 IST" duration-ms="24237" status="PASS">
          <reporter-output>
          </reporter-output>
        </test-method> <!-- createOrganization -->
        <test-method signature="labelValidation()[pri:4, instance:org.test.CustomerOrganizationJob@29215f06]" started-at="2023-01-20T01:53:35 IST" name="labelValidation" finished-at="2023-01-20T01:53:42 IST" duration-ms="7405" status="PASS">
          <reporter-output>
          </reporter-output>
        </test-method> <!-- labelValidation -->
        <test-method signature="autoCompleteOrganizationContactCreation()[pri:5, instance:org.test.CustomerOrganizationJob@29215f06]" started-at="2023-01-20T01:53:42 IST" name="autoCompleteOrganizationContactCreation" finished-at="2023-01-20T01:53:55 IST" duration-ms="12593" status="PASS">
          <reporter-output>
          </reporter-output>
        </test-method> <!-- autoCompleteOrganizationContactCreation -->
        <test-method signature="maximumValidationTittle()[pri:6, instance:org.test.CustomerOrganizationJob@29215f06]" started-at="2023-01-20T01:53:55 IST" name="maximumValidationTittle" finished-at="2023-01-20T01:54:02 IST" duration-ms="7366" status="PASS">
          <reporter-output>
          </reporter-output>
        </test-method> <!-- maximumValidationTittle -->
        <test-method signature="mandatoryValidationDescription()[pri:7, instance:org.test.CustomerOrganizationJob@29215f06]" started-at="2023-01-20T01:54:02 IST" name="mandatoryValidationDescription" finished-at="2023-01-20T01:54:03 IST" duration-ms="228" status="PASS">
          <reporter-output>
          </reporter-output>
        </test-method> <!-- mandatoryValidationDescription -->
        <test-method signature="maximumValidationDescription()[pri:8, instance:org.test.CustomerOrganizationJob@29215f06]" started-at="2023-01-20T01:54:03 IST" name="maximumValidationDescription" finished-at="2023-01-20T01:54:10 IST" duration-ms="6977" status="PASS">
          <reporter-output>
          </reporter-output>
        </test-method> <!-- maximumValidationDescription -->
        <test-method signature="maximumTagValidation()[pri:11, instance:org.test.CustomerOrganizationJob@29215f06]" started-at="2023-01-20T01:54:10 IST" name="maximumTagValidation" finished-at="2023-01-20T01:54:11 IST" duration-ms="1172" status="PASS">
          <reporter-output>
          </reporter-output>
        </test-method> <!-- maximumTagValidation -->
        <test-method signature="duplicateTagsValidation()[pri:12, instance:org.test.CustomerOrganizationJob@29215f06]" started-at="2023-01-20T01:54:11 IST" name="duplicateTagsValidation" finished-at="2023-01-20T01:54:11 IST" duration-ms="531" status="PASS">
          <reporter-output>
          </reporter-output>
        </test-method> <!-- duplicateTagsValidation -->
        <test-method signature="maxTagLimitValidation()[pri:13, instance:org.test.CustomerOrganizationJob@29215f06]" started-at="2023-01-20T01:54:11 IST" name="maxTagLimitValidation" finished-at="2023-01-20T01:54:22 IST" duration-ms="10699" status="PASS">
          <reporter-output>
          </reporter-output>
        </test-method> <!-- maxTagLimitValidation -->
        <test-method signature="maximumValidationNotes()[pri:14, instance:org.test.CustomerOrganizationJob@29215f06]" started-at="2023-01-20T01:54:22 IST" name="maximumValidationNotes" finished-at="2023-01-20T01:54:29 IST" duration-ms="7292" status="PASS">
          <reporter-output>
          </reporter-output>
        </test-method> <!-- maximumValidationNotes -->
        <test-method signature="unsssignedJob()[pri:15, instance:org.test.CustomerOrganizationJob@29215f06]" started-at="2023-01-20T01:54:29 IST" name="unsssignedJob" finished-at="2023-01-20T01:54:42 IST" duration-ms="12806" status="PASS">
          <reporter-output>
          </reporter-output>
        </test-method> <!-- unsssignedJob -->
        <test-method signature="jobUnassignedStatus()[pri:16, instance:org.test.CustomerOrganizationJob@29215f06]" started-at="2023-01-20T01:54:42 IST" name="jobUnassignedStatus" finished-at="2023-01-20T01:54:44 IST" duration-ms="1671" status="PASS">
          <reporter-output>
          </reporter-output>
        </test-method> <!-- jobUnassignedStatus -->
        <test-method signature="createJob_FromDateandTime_ToDateandTime()[pri:18, instance:org.test.CustomerOrganizationJob@29215f06]" started-at="2023-01-20T01:54:44 IST" name="createJob_FromDateandTime_ToDateandTime" finished-at="2023-01-20T01:55:03 IST" duration-ms="19028" status="PASS">
          <reporter-output>
          </reporter-output>
        </test-method> <!-- createJob_FromDateandTime_ToDateandTime -->
        <test-method signature="jobScheduleStatus()[pri:19, instance:org.test.CustomerOrganizationJob@29215f06]" started-at="2023-01-20T01:55:03 IST" name="jobScheduleStatus" finished-at="2023-01-20T01:55:04 IST" duration-ms="1679" status="PASS">
          <reporter-output>
          </reporter-output>
        </test-method> <!-- jobScheduleStatus -->
        <test-method signature="dispatchedJob()[pri:20, instance:org.test.CustomerOrganizationJob@29215f06]" started-at="2023-01-20T01:55:04 IST" name="dispatchedJob" finished-at="2023-01-20T01:55:09 IST" duration-ms="4791" status="PASS">
          <reporter-output>
          </reporter-output>
        </test-method> <!-- dispatchedJob -->
        <test-method signature="jobDispatchedStatus()[pri:21, instance:org.test.CustomerOrganizationJob@29215f06]" started-at="2023-01-20T01:55:09 IST" name="jobDispatchedStatus" finished-at="2023-01-20T01:55:10 IST" duration-ms="612" status="PASS">
          <reporter-output>
          </reporter-output>
        </test-method> <!-- jobDispatchedStatus -->
        <test-method signature="startedJob()[pri:22, instance:org.test.CustomerOrganizationJob@29215f06]" started-at="2023-01-20T01:55:10 IST" name="startedJob" finished-at="2023-01-20T01:55:13 IST" duration-ms="3614" status="PASS">
          <reporter-output>
          </reporter-output>
        </test-method> <!-- startedJob -->
        <test-method signature="jobStartedStatus()[pri:23, instance:org.test.CustomerOrganizationJob@29215f06]" started-at="2023-01-20T01:55:13 IST" name="jobStartedStatus" finished-at="2023-01-20T01:55:14 IST" duration-ms="66" status="PASS">
          <reporter-output>
          </reporter-output>
        </test-method> <!-- jobStartedStatus -->
        <test-method signature="completedJob()[pri:24, instance:org.test.CustomerOrganizationJob@29215f06]" started-at="2023-01-20T01:55:14 IST" name="completedJob" finished-at="2023-01-20T01:55:17 IST" duration-ms="3108" status="PASS">
          <reporter-output>
          </reporter-output>
        </test-method> <!-- completedJob -->
        <test-method signature="cancelledJob()[pri:25, instance:org.test.CustomerOrganizationJob@29215f06]" started-at="2023-01-20T01:55:17 IST" name="cancelledJob" finished-at="2023-01-20T01:55:20 IST" duration-ms="3729" status="PASS">
          <reporter-output>
          </reporter-output>
        </test-method> <!-- cancelledJob -->
        <test-method signature="jobCancelledStatus()[pri:26, instance:org.test.CustomerOrganizationJob@29215f06]" started-at="2023-01-20T01:55:20 IST" name="jobCancelledStatus" finished-at="2023-01-20T01:55:21 IST" duration-ms="603" status="PASS">
          <reporter-output>
          </reporter-output>
        </test-method> <!-- jobCancelledStatus -->
        <test-method signature="jobDraftStatus()[pri:27, instance:org.test.CustomerOrganizationJob@29215f06]" started-at="2023-01-20T01:55:21 IST" name="jobDraftStatus" finished-at="2023-01-20T01:55:30 IST" duration-ms="9057" status="PASS">
          <reporter-output>
          </reporter-output>
        </test-method> <!-- jobDraftStatus -->
        <test-method signature="deletedJob()[pri:28, instance:org.test.CustomerOrganizationJob@29215f06]" started-at="2023-01-20T01:55:30 IST" name="deletedJob" finished-at="2023-01-20T01:55:32 IST" duration-ms="1585" status="PASS">
          <reporter-output>
          </reporter-output>
        </test-method> <!-- deletedJob -->
        <test-method signature="searchJobNo()[pri:29, instance:org.test.CustomerOrganizationJob@29215f06]" started-at="2023-01-20T01:55:32 IST" name="searchJobNo" finished-at="2023-01-20T01:55:35 IST" duration-ms="3713" status="PASS">
          <reporter-output>
          </reporter-output>
        </test-method> <!-- searchJobNo -->
        <test-method signature="searchLocation()[pri:30, instance:org.test.CustomerOrganizationJob@29215f06]" started-at="2023-01-20T01:55:35 IST" name="searchLocation" finished-at="2023-01-20T01:55:39 IST" duration-ms="3699" status="PASS">
          <reporter-output>
          </reporter-output>
        </test-method> <!-- searchLocation -->
        <test-method signature="searchFilterByDate()[pri:31, instance:org.test.CustomerOrganizationJob@29215f06]" started-at="2023-01-20T01:55:39 IST" name="searchFilterByDate" finished-at="2023-01-20T01:55:43 IST" duration-ms="4405" status="PASS">
          <reporter-output>
          </reporter-output>
        </test-method> <!-- searchFilterByDate -->
        <test-method signature="searchInvalid()[pri:32, instance:org.test.CustomerOrganizationJob@29215f06]" started-at="2023-01-20T01:55:43 IST" name="searchInvalid" finished-at="2023-01-20T01:55:45 IST" duration-ms="1266" status="PASS">
          <reporter-output>
          </reporter-output>
        </test-method> <!-- searchInvalid -->
        <test-method is-config="true" signature="exitBrowser()[pri:0, instance:org.test.CustomerOrganizationJob@29215f06]" started-at="2023-01-20T01:55:45 IST" name="exitBrowser" finished-at="2023-01-20T01:55:45 IST" duration-ms="386" status="PASS">
          <reporter-output>
          </reporter-output>
        </test-method> <!-- exitBrowser -->
      </class> <!-- org.test.CustomerOrganizationJob -->
    </test> <!-- Test -->
  </suite> <!-- Suite -->
</testng-results>
