<?xml version="1.0" encoding="UTF-8"?>
<testng-results ignored="0" total="4" passed="3" failed="1" skipped="0">
  <reporter-output>
  </reporter-output>
  <suite started-at="2023-04-23T12:17:07 IST" name="Default suite" finished-at="2023-04-23T12:18:55 IST" duration-ms="107593">
    <groups>
    </groups>
    <test started-at="2023-04-23T12:17:07 IST" name="Default test" finished-at="2023-04-23T12:18:55 IST" duration-ms="107593">
      <class name="org.enhancement.GlobalContactJob">
        <test-method is-config="true" signature="setup()[pri:0, instance:org.enhancement.GlobalContactJob@6e0f5f7f]" started-at="2023-04-23T12:17:07 IST" name="setup" finished-at="2023-04-23T12:17:11 IST" duration-ms="3285" status="PASS">
          <reporter-output>
          </reporter-output>
        </test-method> <!-- setup -->
        <test-method is-config="true" signature="deleteBeforeCatch()[pri:0, instance:org.enhancement.GlobalContactJob@6e0f5f7f]" started-at="2023-04-23T12:17:11 IST" name="deleteBeforeCatch" finished-at="2023-04-23T12:17:11 IST" duration-ms="14" status="PASS">
          <reporter-output>
          </reporter-output>
        </test-method> <!-- deleteBeforeCatch -->
        <test-method signature="loginPage()[pri:-1, instance:org.enhancement.GlobalContactJob@6e0f5f7f]" started-at="2023-04-23T12:17:11 IST" name="loginPage" finished-at="2023-04-23T12:18:20 IST" duration-ms="69414" status="PASS">
          <reporter-output>
          </reporter-output>
        </test-method> <!-- loginPage -->
        <test-method is-config="true" signature="deleteAfterCatch()[pri:0, instance:org.enhancement.GlobalContactJob@6e0f5f7f]" started-at="2023-04-23T12:18:20 IST" name="deleteAfterCatch" finished-at="2023-04-23T12:18:20 IST" duration-ms="21" status="PASS">
          <reporter-output>
          </reporter-output>
        </test-method> <!-- deleteAfterCatch -->
        <test-method is-config="true" signature="deleteBeforeCatch()[pri:0, instance:org.enhancement.GlobalContactJob@6e0f5f7f]" started-at="2023-04-23T12:18:20 IST" name="deleteBeforeCatch" finished-at="2023-04-23T12:18:20 IST" duration-ms="9" status="PASS">
          <reporter-output>
          </reporter-output>
        </test-method> <!-- deleteBeforeCatch -->
        <test-method signature="jobModule()[pri:0, instance:org.enhancement.GlobalContactJob@6e0f5f7f]" started-at="2023-04-23T12:18:20 IST" name="jobModule" finished-at="2023-04-23T12:18:26 IST" duration-ms="5659" status="PASS">
          <reporter-output>
          </reporter-output>
        </test-method> <!-- jobModule -->
        <test-method is-config="true" signature="deleteAfterCatch()[pri:0, instance:org.enhancement.GlobalContactJob@6e0f5f7f]" started-at="2023-04-23T12:18:26 IST" name="deleteAfterCatch" finished-at="2023-04-23T12:18:26 IST" duration-ms="45" status="PASS">
          <reporter-output>
          </reporter-output>
        </test-method> <!-- deleteAfterCatch -->
        <test-method is-config="true" signature="deleteBeforeCatch()[pri:0, instance:org.enhancement.GlobalContactJob@6e0f5f7f]" started-at="2023-04-23T12:18:26 IST" name="deleteBeforeCatch" finished-at="2023-04-23T12:18:26 IST" duration-ms="10" status="PASS">
          <reporter-output>
          </reporter-output>
        </test-method> <!-- deleteBeforeCatch -->
        <test-method signature="labelValidation()[pri:1, instance:org.enhancement.GlobalContactJob@6e0f5f7f]" started-at="2023-04-23T12:18:26 IST" name="labelValidation" finished-at="2023-04-23T12:18:29 IST" duration-ms="2820" status="PASS">
          <reporter-output>
          </reporter-output>
        </test-method> <!-- labelValidation -->
        <test-method is-config="true" signature="deleteAfterCatch()[pri:0, instance:org.enhancement.GlobalContactJob@6e0f5f7f]" started-at="2023-04-23T12:18:29 IST" name="deleteAfterCatch" finished-at="2023-04-23T12:18:29 IST" duration-ms="32" status="PASS">
          <reporter-output>
          </reporter-output>
        </test-method> <!-- deleteAfterCatch -->
        <test-method is-config="true" signature="deleteBeforeCatch()[pri:0, instance:org.enhancement.GlobalContactJob@6e0f5f7f]" started-at="2023-04-23T12:18:29 IST" name="deleteBeforeCatch" finished-at="2023-04-23T12:18:29 IST" duration-ms="11" status="PASS">
          <reporter-output>
          </reporter-output>
        </test-method> <!-- deleteBeforeCatch -->
        <test-method signature="createJob_FromDateandTime_ToDateandTime()[pri:3, instance:org.enhancement.GlobalContactJob@6e0f5f7f]" started-at="2023-04-23T12:18:29 IST" name="createJob_FromDateandTime_ToDateandTime" finished-at="2023-04-23T12:18:54 IST" duration-ms="25697" status="FAIL">
          <exception class="org.openqa.selenium.TimeoutException">
            <message>
              <![CDATA[Expected condition failed: waiting for visibility of [[ChromeDriver: chrome on WINDOWS (2b181427f5dbe6fb3c138ec0e43605a3)] -> xpath: //*[@id='addresses__zipcode__0']] (tried for 20 second(s) with 500 milliseconds interval)
Build info: version: '3.141.5', revision: 'd54ebd709a', time: '2018-11-06T11:42:16'
System info: host: 'DESKTOP-5M7AM2E', ip: '192.168.56.1', os.name: 'Windows 11', os.arch: 'amd64', os.version: '10.0', java.version: '17.0.3'
Driver info: org.openqa.selenium.chrome.ChromeDriver
Capabilities {acceptInsecureCerts: false, browserName: chrome, browserVersion: 112.0.5615.138, chrome: {chromedriverVersion: 112.0.5615.49 (bd2a7bcb881c..., userDataDir: C:\Users\ZAIGOP~1\AppData\L...}, goog:chromeOptions: {debuggerAddress: localhost:64371}, javascriptEnabled: true, networkConnectionEnabled: false, pageLoadStrategy: normal, platform: WINDOWS, platformName: WINDOWS, proxy: Proxy(), setWindowRect: true, strictFileInteractability: false, timeouts: {implicit: 0, pageLoad: 300000, script: 30000}, unhandledPromptBehavior: dismiss and notify, webauthn:extension:credBlob: true, webauthn:extension:largeBlob: true, webauthn:extension:minPinLength: true, webauthn:extension:prf: true, webauthn:virtualAuthenticators: true}
Session ID: 2b181427f5dbe6fb3c138ec0e43605a3]]>
            </message>
            <full-stacktrace>
              <![CDATA[org.openqa.selenium.TimeoutException: Expected condition failed: waiting for visibility of [[ChromeDriver: chrome on WINDOWS (2b181427f5dbe6fb3c138ec0e43605a3)] -> xpath: //*[@id='addresses__zipcode__0']] (tried for 20 second(s) with 500 milliseconds interval)
Build info: version: '3.141.5', revision: 'd54ebd709a', time: '2018-11-06T11:42:16'
System info: host: 'DESKTOP-5M7AM2E', ip: '192.168.56.1', os.name: 'Windows 11', os.arch: 'amd64', os.version: '10.0', java.version: '17.0.3'
Driver info: org.openqa.selenium.chrome.ChromeDriver
Capabilities {acceptInsecureCerts: false, browserName: chrome, browserVersion: 112.0.5615.138, chrome: {chromedriverVersion: 112.0.5615.49 (bd2a7bcb881c..., userDataDir: C:\Users\ZAIGOP~1\AppData\L...}, goog:chromeOptions: {debuggerAddress: localhost:64371}, javascriptEnabled: true, networkConnectionEnabled: false, pageLoadStrategy: normal, platform: WINDOWS, platformName: WINDOWS, proxy: Proxy(), setWindowRect: true, strictFileInteractability: false, timeouts: {implicit: 0, pageLoad: 300000, script: 30000}, unhandledPromptBehavior: dismiss and notify, webauthn:extension:credBlob: true, webauthn:extension:largeBlob: true, webauthn:extension:minPinLength: true, webauthn:extension:prf: true, webauthn:virtualAuthenticators: true}
Session ID: 2b181427f5dbe6fb3c138ec0e43605a3
at org.openqa.selenium.support.ui.WebDriverWait.timeoutException(WebDriverWait.java:95)
at org.openqa.selenium.support.ui.FluentWait.until(FluentWait.java:272)
at com.zaigo.pageobjects.JobPage.inputText(JobPage.java:400)
at com.zaigo.pageobjects.JobPage.autoCompleteField(JobPage.java:366)
at org.enhancement.GlobalContactJob.createJob_FromDateandTime_ToDateandTime(GlobalContactJob.java:129)
at java.base/jdk.internal.reflect.NativeMethodAccessorImpl.invoke0(Native Method)
at java.base/jdk.internal.reflect.NativeMethodAccessorImpl.invoke(NativeMethodAccessorImpl.java:77)
at java.base/jdk.internal.reflect.DelegatingMethodAccessorImpl.invoke(DelegatingMethodAccessorImpl.java:43)
at java.base/java.lang.reflect.Method.invoke(Method.java:568)
at org.testng.internal.MethodInvocationHelper.invokeMethod(MethodInvocationHelper.java:133)
at org.testng.internal.TestInvoker.invokeMethod(TestInvoker.java:598)
at org.testng.internal.TestInvoker.invokeTestMethod(TestInvoker.java:173)
at org.testng.internal.MethodRunner.runInSequence(MethodRunner.java:46)
at org.testng.internal.TestInvoker$MethodInvocationAgent.invoke(TestInvoker.java:824)
at org.testng.internal.TestInvoker.invokeTestMethods(TestInvoker.java:146)
at org.testng.internal.TestMethodWorker.invokeTestMethods(TestMethodWorker.java:146)
at org.testng.internal.TestMethodWorker.run(TestMethodWorker.java:128)
at java.base/java.util.ArrayList.forEach(ArrayList.java:1511)
at org.testng.TestRunner.privateRun(TestRunner.java:794)
at org.testng.TestRunner.run(TestRunner.java:596)
at org.testng.SuiteRunner.runTest(SuiteRunner.java:377)
at org.testng.SuiteRunner.runSequentially(SuiteRunner.java:371)
at org.testng.SuiteRunner.privateRun(SuiteRunner.java:332)
at org.testng.SuiteRunner.run(SuiteRunner.java:276)
at org.testng.SuiteRunnerWorker.runSuite(SuiteRunnerWorker.java:53)
at org.testng.SuiteRunnerWorker.run(SuiteRunnerWorker.java:96)
at org.testng.TestNG.runSuitesSequentially(TestNG.java:1212)
at org.testng.TestNG.runSuitesLocally(TestNG.java:1134)
at org.testng.TestNG.runSuites(TestNG.java:1063)
at org.testng.TestNG.run(TestNG.java:1031)
at org.testng.remote.AbstractRemoteTestNG.run(AbstractRemoteTestNG.java:115)
at org.testng.remote.RemoteTestNG.initAndRun(RemoteTestNG.java:251)
at org.testng.remote.RemoteTestNG.main(RemoteTestNG.java:77)
]]>
            </full-stacktrace>
          </exception> <!-- org.openqa.selenium.TimeoutException -->
          <reporter-output>
          </reporter-output>
        </test-method> <!-- createJob_FromDateandTime_ToDateandTime -->
        <test-method is-config="true" signature="deleteAfterCatch()[pri:0, instance:org.enhancement.GlobalContactJob@6e0f5f7f]" started-at="2023-04-23T12:18:54 IST" name="deleteAfterCatch" finished-at="2023-04-23T12:18:54 IST" duration-ms="21" status="PASS">
          <reporter-output>
          </reporter-output>
        </test-method> <!-- deleteAfterCatch -->
        <test-method is-config="true" signature="exitBrowser()[pri:0, instance:org.enhancement.GlobalContactJob@6e0f5f7f]" started-at="2023-04-23T12:18:54 IST" name="exitBrowser" finished-at="2023-04-23T12:18:55 IST" duration-ms="489" status="PASS">
          <reporter-output>
          </reporter-output>
        </test-method> <!-- exitBrowser -->
      </class> <!-- org.enhancement.GlobalContactJob -->
    </test> <!-- Default test -->
  </suite> <!-- Default suite -->
</testng-results>
