<?xml version="1.0" encoding="UTF-8"?>
<testng-results ignored="0" total="555" passed="555" failed="0" skipped="0">
  <reporter-output>
  </reporter-output>
  <suite started-at="2023-05-04T11:53:21 IST" name="Suite" finished-at="2023-05-04T12:17:21 IST" duration-ms="1440122">
    <groups>
    </groups>
    <test started-at="2023-05-04T11:53:21 IST" name="Test" finished-at="2023-05-04T12:17:21 IST" duration-ms="1440122">
      <class name="org.test.CustomerOrganizationQuote">
        <test-method is-config="true" signature="setup()[pri:0, instance:org.test.CustomerOrganizationQuote@7bab3f1a]" started-at="2023-05-04T11:56:24 IST" name="setup" finished-at="2023-05-04T11:56:25 IST" duration-ms="892" status="PASS">
          <reporter-output>
          </reporter-output>
        </test-method> <!-- setup -->
        <test-method is-config="true" signature="deleteBeforeCatch()[pri:0, instance:org.test.CustomerOrganizationQuote@7bab3f1a]" started-at="2023-05-04T11:56:25 IST" name="deleteBeforeCatch" finished-at="2023-05-04T11:56:25 IST" duration-ms="7" status="PASS">
          <reporter-output>
          </reporter-output>
        </test-method> <!-- deleteBeforeCatch -->
        <test-method signature="loginPage()[pri:-2, instance:org.test.CustomerOrganizationQuote@7bab3f1a]" started-at="2023-05-04T11:56:25 IST" name="loginPage" finished-at="2023-05-04T11:56:52 IST" duration-ms="26916" status="PASS">
          <reporter-output>
          </reporter-output>
        </test-method> <!-- loginPage -->
        <test-method is-config="true" signature="deleteAfterCatch()[pri:0, instance:org.test.CustomerOrganizationQuote@7bab3f1a]" started-at="2023-05-04T11:56:52 IST" name="deleteAfterCatch" finished-at="2023-05-04T11:56:52 IST" duration-ms="8" status="PASS">
          <reporter-output>
          </reporter-output>
        </test-method> <!-- deleteAfterCatch -->
        <test-method is-config="true" signature="deleteBeforeCatch()[pri:0, instance:org.test.CustomerOrganizationQuote@7bab3f1a]" started-at="2023-05-04T11:56:52 IST" name="deleteBeforeCatch" finished-at="2023-05-04T11:56:52 IST" duration-ms="4" status="PASS">
          <reporter-output>
          </reporter-output>
        </test-method> <!-- deleteBeforeCatch -->
        <test-method signature="contactModule()[pri:-1, instance:org.test.CustomerOrganizationQuote@7bab3f1a]" started-at="2023-05-04T11:56:52 IST" name="contactModule" finished-at="2023-05-04T11:56:56 IST" duration-ms="4068" status="PASS">
          <reporter-output>
          </reporter-output>
        </test-method> <!-- contactModule -->
        <test-method is-config="true" signature="deleteAfterCatch()[pri:0, instance:org.test.CustomerOrganizationQuote@7bab3f1a]" started-at="2023-05-04T11:56:56 IST" name="deleteAfterCatch" finished-at="2023-05-04T11:56:56 IST" duration-ms="9" status="PASS">
          <reporter-output>
          </reporter-output>
        </test-method> <!-- deleteAfterCatch -->
        <test-method is-config="true" signature="deleteBeforeCatch()[pri:0, instance:org.test.CustomerOrganizationQuote@7bab3f1a]" started-at="2023-05-04T11:56:56 IST" name="deleteBeforeCatch" finished-at="2023-05-04T11:56:56 IST" duration-ms="5" status="PASS">
          <reporter-output>
          </reporter-output>
        </test-method> <!-- deleteBeforeCatch -->
        <test-method signature="createOrganization()[pri:0, instance:org.test.CustomerOrganizationQuote@7bab3f1a]" started-at="2023-05-04T11:56:56 IST" name="createOrganization" finished-at="2023-05-04T11:57:13 IST" duration-ms="16837" status="PASS">
          <reporter-output>
          </reporter-output>
        </test-method> <!-- createOrganization -->
        <test-method is-config="true" signature="deleteAfterCatch()[pri:0, instance:org.test.CustomerOrganizationQuote@7bab3f1a]" started-at="2023-05-04T11:57:13 IST" name="deleteAfterCatch" finished-at="2023-05-04T11:57:13 IST" duration-ms="11" status="PASS">
          <reporter-output>
          </reporter-output>
        </test-method> <!-- deleteAfterCatch -->
        <test-method is-config="true" signature="deleteBeforeCatch()[pri:0, instance:org.test.CustomerOrganizationQuote@7bab3f1a]" started-at="2023-05-04T11:57:13 IST" name="deleteBeforeCatch" finished-at="2023-05-04T11:57:13 IST" duration-ms="5" status="PASS">
          <reporter-output>
          </reporter-output>
        </test-method> <!-- deleteBeforeCatch -->
        <test-method signature="listabelValidation()[pri:1, instance:org.test.CustomerOrganizationQuote@7bab3f1a]" started-at="2023-05-04T11:57:13 IST" name="listabelValidation" finished-at="2023-05-04T11:57:20 IST" duration-ms="6944" status="PASS">
          <reporter-output>
          </reporter-output>
        </test-method> <!-- listabelValidation -->
        <test-method is-config="true" signature="deleteAfterCatch()[pri:0, instance:org.test.CustomerOrganizationQuote@7bab3f1a]" started-at="2023-05-04T11:57:20 IST" name="deleteAfterCatch" finished-at="2023-05-04T11:57:20 IST" duration-ms="8" status="PASS">
          <reporter-output>
          </reporter-output>
        </test-method> <!-- deleteAfterCatch -->
        <test-method is-config="true" signature="deleteBeforeCatch()[pri:0, instance:org.test.CustomerOrganizationQuote@7bab3f1a]" started-at="2023-05-04T11:57:20 IST" name="deleteBeforeCatch" finished-at="2023-05-04T11:57:20 IST" duration-ms="5" status="PASS">
          <reporter-output>
          </reporter-output>
        </test-method> <!-- deleteBeforeCatch -->
        <test-method signature="labelValidation()[pri:2, instance:org.test.CustomerOrganizationQuote@7bab3f1a]" started-at="2023-05-04T11:57:20 IST" name="labelValidation" finished-at="2023-05-04T11:57:21 IST" duration-ms="808" status="PASS">
          <reporter-output>
          </reporter-output>
        </test-method> <!-- labelValidation -->
        <test-method is-config="true" signature="deleteAfterCatch()[pri:0, instance:org.test.CustomerOrganizationQuote@7bab3f1a]" started-at="2023-05-04T11:57:21 IST" name="deleteAfterCatch" finished-at="2023-05-04T11:57:21 IST" duration-ms="8" status="PASS">
          <reporter-output>
          </reporter-output>
        </test-method> <!-- deleteAfterCatch -->
        <test-method is-config="true" signature="deleteBeforeCatch()[pri:0, instance:org.test.CustomerOrganizationQuote@7bab3f1a]" started-at="2023-05-04T11:57:21 IST" name="deleteBeforeCatch" finished-at="2023-05-04T11:57:21 IST" duration-ms="5" status="PASS">
          <reporter-output>
          </reporter-output>
        </test-method> <!-- deleteBeforeCatch -->
        <test-method signature="namePrepopulation()[pri:2, instance:org.test.CustomerOrganizationQuote@7bab3f1a]" started-at="2023-05-04T11:57:21 IST" name="namePrepopulation" finished-at="2023-05-04T11:57:22 IST" duration-ms="1126" status="PASS">
          <reporter-output>
          </reporter-output>
        </test-method> <!-- namePrepopulation -->
        <test-method is-config="true" signature="deleteAfterCatch()[pri:0, instance:org.test.CustomerOrganizationQuote@7bab3f1a]" started-at="2023-05-04T11:57:22 IST" name="deleteAfterCatch" finished-at="2023-05-04T11:57:22 IST" duration-ms="8" status="PASS">
          <reporter-output>
          </reporter-output>
        </test-method> <!-- deleteAfterCatch -->
        <test-method is-config="true" signature="deleteBeforeCatch()[pri:0, instance:org.test.CustomerOrganizationQuote@7bab3f1a]" started-at="2023-05-04T11:57:22 IST" name="deleteBeforeCatch" finished-at="2023-05-04T11:57:22 IST" duration-ms="6" status="PASS">
          <reporter-output>
          </reporter-output>
        </test-method> <!-- deleteBeforeCatch -->
        <test-method signature="autoCompleteOrganizationContactCreation()[pri:3, instance:org.test.CustomerOrganizationQuote@7bab3f1a]" started-at="2023-05-04T11:57:22 IST" name="autoCompleteOrganizationContactCreation" finished-at="2023-05-04T11:57:32 IST" duration-ms="9922" status="PASS">
          <reporter-output>
          </reporter-output>
        </test-method> <!-- autoCompleteOrganizationContactCreation -->
        <test-method is-config="true" signature="deleteAfterCatch()[pri:0, instance:org.test.CustomerOrganizationQuote@7bab3f1a]" started-at="2023-05-04T11:57:32 IST" name="deleteAfterCatch" finished-at="2023-05-04T11:57:32 IST" duration-ms="6" status="PASS">
          <reporter-output>
          </reporter-output>
        </test-method> <!-- deleteAfterCatch -->
        <test-method is-config="true" signature="deleteBeforeCatch()[pri:0, instance:org.test.CustomerOrganizationQuote@7bab3f1a]" started-at="2023-05-04T11:57:32 IST" name="deleteBeforeCatch" finished-at="2023-05-04T11:57:32 IST" duration-ms="7" status="PASS">
          <reporter-output>
          </reporter-output>
        </test-method> <!-- deleteBeforeCatch -->
        <test-method signature="mandatoryValidationExpiryDate()[pri:4, instance:org.test.CustomerOrganizationQuote@7bab3f1a]" started-at="2023-05-04T11:57:32 IST" name="mandatoryValidationExpiryDate" finished-at="2023-05-04T11:57:32 IST" duration-ms="360" status="PASS">
          <reporter-output>
          </reporter-output>
        </test-method> <!-- mandatoryValidationExpiryDate -->
        <test-method is-config="true" signature="deleteAfterCatch()[pri:0, instance:org.test.CustomerOrganizationQuote@7bab3f1a]" started-at="2023-05-04T11:57:32 IST" name="deleteAfterCatch" finished-at="2023-05-04T11:57:32 IST" duration-ms="5" status="PASS">
          <reporter-output>
          </reporter-output>
        </test-method> <!-- deleteAfterCatch -->
        <test-method is-config="true" signature="deleteBeforeCatch()[pri:0, instance:org.test.CustomerOrganizationQuote@7bab3f1a]" started-at="2023-05-04T11:57:32 IST" name="deleteBeforeCatch" finished-at="2023-05-04T11:57:32 IST" duration-ms="5" status="PASS">
          <reporter-output>
          </reporter-output>
        </test-method> <!-- deleteBeforeCatch -->
        <test-method signature="mandatoryValidationInventoryItem()[pri:5, instance:org.test.CustomerOrganizationQuote@7bab3f1a]" started-at="2023-05-04T11:57:32 IST" name="mandatoryValidationInventoryItem" finished-at="2023-05-04T11:57:32 IST" duration-ms="55" status="PASS">
          <reporter-output>
          </reporter-output>
        </test-method> <!-- mandatoryValidationInventoryItem -->
        <test-method is-config="true" signature="deleteAfterCatch()[pri:0, instance:org.test.CustomerOrganizationQuote@7bab3f1a]" started-at="2023-05-04T11:57:32 IST" name="deleteAfterCatch" finished-at="2023-05-04T11:57:32 IST" duration-ms="5" status="PASS">
          <reporter-output>
          </reporter-output>
        </test-method> <!-- deleteAfterCatch -->
        <test-method is-config="true" signature="deleteBeforeCatch()[pri:0, instance:org.test.CustomerOrganizationQuote@7bab3f1a]" started-at="2023-05-04T11:57:32 IST" name="deleteBeforeCatch" finished-at="2023-05-04T11:57:32 IST" duration-ms="6" status="PASS">
          <reporter-output>
          </reporter-output>
        </test-method> <!-- deleteBeforeCatch -->
        <test-method signature="mandatoryValidationPrice()[pri:6, instance:org.test.CustomerOrganizationQuote@7bab3f1a]" started-at="2023-05-04T11:57:32 IST" name="mandatoryValidationPrice" finished-at="2023-05-04T11:57:32 IST" duration-ms="56" status="PASS">
          <reporter-output>
          </reporter-output>
        </test-method> <!-- mandatoryValidationPrice -->
        <test-method is-config="true" signature="deleteAfterCatch()[pri:0, instance:org.test.CustomerOrganizationQuote@7bab3f1a]" started-at="2023-05-04T11:57:32 IST" name="deleteAfterCatch" finished-at="2023-05-04T11:57:32 IST" duration-ms="6" status="PASS">
          <reporter-output>
          </reporter-output>
        </test-method> <!-- deleteAfterCatch -->
        <test-method is-config="true" signature="deleteBeforeCatch()[pri:0, instance:org.test.CustomerOrganizationQuote@7bab3f1a]" started-at="2023-05-04T11:57:32 IST" name="deleteBeforeCatch" finished-at="2023-05-04T11:57:32 IST" duration-ms="6" status="PASS">
          <reporter-output>
          </reporter-output>
        </test-method> <!-- deleteBeforeCatch -->
        <test-method signature="mandatoryValidationQunatity()[pri:6, instance:org.test.CustomerOrganizationQuote@7bab3f1a]" started-at="2023-05-04T11:57:32 IST" name="mandatoryValidationQunatity" finished-at="2023-05-04T11:57:32 IST" duration-ms="59" status="PASS">
          <reporter-output>
          </reporter-output>
        </test-method> <!-- mandatoryValidationQunatity -->
        <test-method is-config="true" signature="deleteAfterCatch()[pri:0, instance:org.test.CustomerOrganizationQuote@7bab3f1a]" started-at="2023-05-04T11:57:32 IST" name="deleteAfterCatch" finished-at="2023-05-04T11:57:32 IST" duration-ms="5" status="PASS">
          <reporter-output>
          </reporter-output>
        </test-method> <!-- deleteAfterCatch -->
        <test-method is-config="true" signature="deleteBeforeCatch()[pri:0, instance:org.test.CustomerOrganizationQuote@7bab3f1a]" started-at="2023-05-04T11:57:32 IST" name="deleteBeforeCatch" finished-at="2023-05-04T11:57:32 IST" duration-ms="5" status="PASS">
          <reporter-output>
          </reporter-output>
        </test-method> <!-- deleteBeforeCatch -->
        <test-method signature="mandatoryValidationDescription()[pri:7, instance:org.test.CustomerOrganizationQuote@7bab3f1a]" started-at="2023-05-04T11:57:32 IST" name="mandatoryValidationDescription" finished-at="2023-05-04T11:57:33 IST" duration-ms="64" status="PASS">
          <reporter-output>
          </reporter-output>
        </test-method> <!-- mandatoryValidationDescription -->
        <test-method is-config="true" signature="deleteAfterCatch()[pri:0, instance:org.test.CustomerOrganizationQuote@7bab3f1a]" started-at="2023-05-04T11:57:33 IST" name="deleteAfterCatch" finished-at="2023-05-04T11:57:33 IST" duration-ms="6" status="PASS">
          <reporter-output>
          </reporter-output>
        </test-method> <!-- deleteAfterCatch -->
        <test-method is-config="true" signature="deleteBeforeCatch()[pri:0, instance:org.test.CustomerOrganizationQuote@7bab3f1a]" started-at="2023-05-04T11:57:33 IST" name="deleteBeforeCatch" finished-at="2023-05-04T11:57:33 IST" duration-ms="6" status="PASS">
          <reporter-output>
          </reporter-output>
        </test-method> <!-- deleteBeforeCatch -->
        <test-method signature="maximumValidationReference()[pri:8, instance:org.test.CustomerOrganizationQuote@7bab3f1a]" started-at="2023-05-04T11:57:33 IST" name="maximumValidationReference" finished-at="2023-05-04T11:57:33 IST" duration-ms="663" status="PASS">
          <reporter-output>
          </reporter-output>
        </test-method> <!-- maximumValidationReference -->
        <test-method is-config="true" signature="deleteAfterCatch()[pri:0, instance:org.test.CustomerOrganizationQuote@7bab3f1a]" started-at="2023-05-04T11:57:33 IST" name="deleteAfterCatch" finished-at="2023-05-04T11:57:33 IST" duration-ms="8" status="PASS">
          <reporter-output>
          </reporter-output>
        </test-method> <!-- deleteAfterCatch -->
        <test-method is-config="true" signature="deleteBeforeCatch()[pri:0, instance:org.test.CustomerOrganizationQuote@7bab3f1a]" started-at="2023-05-04T11:57:33 IST" name="deleteBeforeCatch" finished-at="2023-05-04T11:57:33 IST" duration-ms="7" status="PASS">
          <reporter-output>
          </reporter-output>
        </test-method> <!-- deleteBeforeCatch -->
        <test-method signature="maximumValidationQuoteTittle()[pri:9, instance:org.test.CustomerOrganizationQuote@7bab3f1a]" started-at="2023-05-04T11:57:33 IST" name="maximumValidationQuoteTittle" finished-at="2023-05-04T11:57:34 IST" duration-ms="718" status="PASS">
          <reporter-output>
          </reporter-output>
        </test-method> <!-- maximumValidationQuoteTittle -->
        <test-method is-config="true" signature="deleteAfterCatch()[pri:0, instance:org.test.CustomerOrganizationQuote@7bab3f1a]" started-at="2023-05-04T11:57:34 IST" name="deleteAfterCatch" finished-at="2023-05-04T11:57:34 IST" duration-ms="8" status="PASS">
          <reporter-output>
          </reporter-output>
        </test-method> <!-- deleteAfterCatch -->
        <test-method is-config="true" signature="deleteBeforeCatch()[pri:0, instance:org.test.CustomerOrganizationQuote@7bab3f1a]" started-at="2023-05-04T11:57:34 IST" name="deleteBeforeCatch" finished-at="2023-05-04T11:57:34 IST" duration-ms="7" status="PASS">
          <reporter-output>
          </reporter-output>
        </test-method> <!-- deleteBeforeCatch -->
        <test-method signature="maximumValidationInventoryItem()[pri:10, instance:org.test.CustomerOrganizationQuote@7bab3f1a]" started-at="2023-05-04T11:57:34 IST" name="maximumValidationInventoryItem" finished-at="2023-05-04T11:57:35 IST" duration-ms="1082" status="PASS">
          <reporter-output>
          </reporter-output>
        </test-method> <!-- maximumValidationInventoryItem -->
        <test-method is-config="true" signature="deleteAfterCatch()[pri:0, instance:org.test.CustomerOrganizationQuote@7bab3f1a]" started-at="2023-05-04T11:57:35 IST" name="deleteAfterCatch" finished-at="2023-05-04T11:57:35 IST" duration-ms="6" status="PASS">
          <reporter-output>
          </reporter-output>
        </test-method> <!-- deleteAfterCatch -->
        <test-method is-config="true" signature="deleteBeforeCatch()[pri:0, instance:org.test.CustomerOrganizationQuote@7bab3f1a]" started-at="2023-05-04T11:57:35 IST" name="deleteBeforeCatch" finished-at="2023-05-04T11:57:35 IST" duration-ms="5" status="PASS">
          <reporter-output>
          </reporter-output>
        </test-method> <!-- deleteBeforeCatch -->
        <test-method signature="emptyValidationQuantityField()[pri:11, instance:org.test.CustomerOrganizationQuote@7bab3f1a]" started-at="2023-05-04T11:57:35 IST" name="emptyValidationQuantityField" finished-at="2023-05-04T11:57:35 IST" duration-ms="208" status="PASS">
          <reporter-output>
          </reporter-output>
        </test-method> <!-- emptyValidationQuantityField -->
        <test-method is-config="true" signature="deleteAfterCatch()[pri:0, instance:org.test.CustomerOrganizationQuote@7bab3f1a]" started-at="2023-05-04T11:57:35 IST" name="deleteAfterCatch" finished-at="2023-05-04T11:57:35 IST" duration-ms="9" status="PASS">
          <reporter-output>
          </reporter-output>
        </test-method> <!-- deleteAfterCatch -->
        <test-method is-config="true" signature="deleteBeforeCatch()[pri:0, instance:org.test.CustomerOrganizationQuote@7bab3f1a]" started-at="2023-05-04T11:57:35 IST" name="deleteBeforeCatch" finished-at="2023-05-04T11:57:35 IST" duration-ms="6" status="PASS">
          <reporter-output>
          </reporter-output>
        </test-method> <!-- deleteBeforeCatch -->
        <test-method signature="maxQuanitityLimit()[pri:12, instance:org.test.CustomerOrganizationQuote@7bab3f1a]" started-at="2023-05-04T11:57:35 IST" name="maxQuanitityLimit" finished-at="2023-05-04T11:57:36 IST" duration-ms="260" status="PASS">
          <reporter-output>
          </reporter-output>
        </test-method> <!-- maxQuanitityLimit -->
        <test-method is-config="true" signature="deleteAfterCatch()[pri:0, instance:org.test.CustomerOrganizationQuote@7bab3f1a]" started-at="2023-05-04T11:57:36 IST" name="deleteAfterCatch" finished-at="2023-05-04T11:57:36 IST" duration-ms="7" status="PASS">
          <reporter-output>
          </reporter-output>
        </test-method> <!-- deleteAfterCatch -->
        <test-method is-config="true" signature="deleteBeforeCatch()[pri:0, instance:org.test.CustomerOrganizationQuote@7bab3f1a]" started-at="2023-05-04T11:57:36 IST" name="deleteBeforeCatch" finished-at="2023-05-04T11:57:36 IST" duration-ms="7" status="PASS">
          <reporter-output>
          </reporter-output>
        </test-method> <!-- deleteBeforeCatch -->
        <test-method signature="afterDecimalPointValidationQuantityField()[pri:13, instance:org.test.CustomerOrganizationQuote@7bab3f1a]" started-at="2023-05-04T11:57:36 IST" name="afterDecimalPointValidationQuantityField" finished-at="2023-05-04T11:57:36 IST" duration-ms="191" status="PASS">
          <reporter-output>
          </reporter-output>
        </test-method> <!-- afterDecimalPointValidationQuantityField -->
        <test-method is-config="true" signature="deleteAfterCatch()[pri:0, instance:org.test.CustomerOrganizationQuote@7bab3f1a]" started-at="2023-05-04T11:57:36 IST" name="deleteAfterCatch" finished-at="2023-05-04T11:57:36 IST" duration-ms="7" status="PASS">
          <reporter-output>
          </reporter-output>
        </test-method> <!-- deleteAfterCatch -->
        <test-method is-config="true" signature="deleteBeforeCatch()[pri:0, instance:org.test.CustomerOrganizationQuote@7bab3f1a]" started-at="2023-05-04T11:57:36 IST" name="deleteBeforeCatch" finished-at="2023-05-04T11:57:36 IST" duration-ms="6" status="PASS">
          <reporter-output>
          </reporter-output>
        </test-method> <!-- deleteBeforeCatch -->
        <test-method signature="beforeDecimalPointValidationQuantityField()[pri:14, instance:org.test.CustomerOrganizationQuote@7bab3f1a]" started-at="2023-05-04T11:57:36 IST" name="beforeDecimalPointValidationQuantityField" finished-at="2023-05-04T11:57:36 IST" duration-ms="280" status="PASS">
          <reporter-output>
          </reporter-output>
        </test-method> <!-- beforeDecimalPointValidationQuantityField -->
        <test-method is-config="true" signature="deleteAfterCatch()[pri:0, instance:org.test.CustomerOrganizationQuote@7bab3f1a]" started-at="2023-05-04T11:57:36 IST" name="deleteAfterCatch" finished-at="2023-05-04T11:57:36 IST" duration-ms="7" status="PASS">
          <reporter-output>
          </reporter-output>
        </test-method> <!-- deleteAfterCatch -->
        <test-method is-config="true" signature="deleteBeforeCatch()[pri:0, instance:org.test.CustomerOrganizationQuote@7bab3f1a]" started-at="2023-05-04T11:57:36 IST" name="deleteBeforeCatch" finished-at="2023-05-04T11:57:36 IST" duration-ms="5" status="PASS">
          <reporter-output>
          </reporter-output>
        </test-method> <!-- deleteBeforeCatch -->
        <test-method signature="emptyValidationPriceField()[pri:15, instance:org.test.CustomerOrganizationQuote@7bab3f1a]" started-at="2023-05-04T11:57:36 IST" name="emptyValidationPriceField" finished-at="2023-05-04T11:57:36 IST" duration-ms="225" status="PASS">
          <reporter-output>
          </reporter-output>
        </test-method> <!-- emptyValidationPriceField -->
        <test-method is-config="true" signature="deleteAfterCatch()[pri:0, instance:org.test.CustomerOrganizationQuote@7bab3f1a]" started-at="2023-05-04T11:57:36 IST" name="deleteAfterCatch" finished-at="2023-05-04T11:57:36 IST" duration-ms="6" status="PASS">
          <reporter-output>
          </reporter-output>
        </test-method> <!-- deleteAfterCatch -->
        <test-method is-config="true" signature="deleteBeforeCatch()[pri:0, instance:org.test.CustomerOrganizationQuote@7bab3f1a]" started-at="2023-05-04T11:57:36 IST" name="deleteBeforeCatch" finished-at="2023-05-04T11:57:36 IST" duration-ms="6" status="PASS">
          <reporter-output>
          </reporter-output>
        </test-method> <!-- deleteBeforeCatch -->
        <test-method signature="maxPriceLimit()[pri:16, instance:org.test.CustomerOrganizationQuote@7bab3f1a]" started-at="2023-05-04T11:57:36 IST" name="maxPriceLimit" finished-at="2023-05-04T11:57:36 IST" duration-ms="181" status="PASS">
          <reporter-output>
          </reporter-output>
        </test-method> <!-- maxPriceLimit -->
        <test-method is-config="true" signature="deleteAfterCatch()[pri:0, instance:org.test.CustomerOrganizationQuote@7bab3f1a]" started-at="2023-05-04T11:57:36 IST" name="deleteAfterCatch" finished-at="2023-05-04T11:57:36 IST" duration-ms="7" status="PASS">
          <reporter-output>
          </reporter-output>
        </test-method> <!-- deleteAfterCatch -->
        <test-method is-config="true" signature="deleteBeforeCatch()[pri:0, instance:org.test.CustomerOrganizationQuote@7bab3f1a]" started-at="2023-05-04T11:57:37 IST" name="deleteBeforeCatch" finished-at="2023-05-04T11:57:37 IST" duration-ms="5" status="PASS">
          <reporter-output>
          </reporter-output>
        </test-method> <!-- deleteBeforeCatch -->
        <test-method signature="beforeDecimalPointPriceField()[pri:17, instance:org.test.CustomerOrganizationQuote@7bab3f1a]" started-at="2023-05-04T11:57:37 IST" name="beforeDecimalPointPriceField" finished-at="2023-05-04T11:57:37 IST" duration-ms="210" status="PASS">
          <reporter-output>
          </reporter-output>
        </test-method> <!-- beforeDecimalPointPriceField -->
        <test-method is-config="true" signature="deleteAfterCatch()[pri:0, instance:org.test.CustomerOrganizationQuote@7bab3f1a]" started-at="2023-05-04T11:57:37 IST" name="deleteAfterCatch" finished-at="2023-05-04T11:57:37 IST" duration-ms="6" status="PASS">
          <reporter-output>
          </reporter-output>
        </test-method> <!-- deleteAfterCatch -->
        <test-method is-config="true" signature="deleteBeforeCatch()[pri:0, instance:org.test.CustomerOrganizationQuote@7bab3f1a]" started-at="2023-05-04T11:57:37 IST" name="deleteBeforeCatch" finished-at="2023-05-04T11:57:37 IST" duration-ms="5" status="PASS">
          <reporter-output>
          </reporter-output>
        </test-method> <!-- deleteBeforeCatch -->
        <test-method signature="afterDecimalPointPriceField()[pri:18, instance:org.test.CustomerOrganizationQuote@7bab3f1a]" started-at="2023-05-04T11:57:37 IST" name="afterDecimalPointPriceField" finished-at="2023-05-04T11:57:37 IST" duration-ms="256" status="PASS">
          <reporter-output>
          </reporter-output>
        </test-method> <!-- afterDecimalPointPriceField -->
        <test-method is-config="true" signature="deleteAfterCatch()[pri:0, instance:org.test.CustomerOrganizationQuote@7bab3f1a]" started-at="2023-05-04T11:57:37 IST" name="deleteAfterCatch" finished-at="2023-05-04T11:57:37 IST" duration-ms="6" status="PASS">
          <reporter-output>
          </reporter-output>
        </test-method> <!-- deleteAfterCatch -->
        <test-method is-config="true" signature="deleteBeforeCatch()[pri:0, instance:org.test.CustomerOrganizationQuote@7bab3f1a]" started-at="2023-05-04T11:57:37 IST" name="deleteBeforeCatch" finished-at="2023-05-04T11:57:37 IST" duration-ms="4" status="PASS">
          <reporter-output>
          </reporter-output>
        </test-method> <!-- deleteBeforeCatch -->
        <test-method signature="afterDecimalPointDiscountField()[pri:19, instance:org.test.CustomerOrganizationQuote@7bab3f1a]" started-at="2023-05-04T11:57:37 IST" name="afterDecimalPointDiscountField" finished-at="2023-05-04T11:57:37 IST" duration-ms="202" status="PASS">
          <reporter-output>
          </reporter-output>
        </test-method> <!-- afterDecimalPointDiscountField -->
        <test-method is-config="true" signature="deleteAfterCatch()[pri:0, instance:org.test.CustomerOrganizationQuote@7bab3f1a]" started-at="2023-05-04T11:57:37 IST" name="deleteAfterCatch" finished-at="2023-05-04T11:57:37 IST" duration-ms="6" status="PASS">
          <reporter-output>
          </reporter-output>
        </test-method> <!-- deleteAfterCatch -->
        <test-method is-config="true" signature="deleteBeforeCatch()[pri:0, instance:org.test.CustomerOrganizationQuote@7bab3f1a]" started-at="2023-05-04T11:57:37 IST" name="deleteBeforeCatch" finished-at="2023-05-04T11:57:37 IST" duration-ms="7" status="PASS">
          <reporter-output>
          </reporter-output>
        </test-method> <!-- deleteBeforeCatch -->
        <test-method signature="beforeDecimalPointDiscountField()[pri:20, instance:org.test.CustomerOrganizationQuote@7bab3f1a]" started-at="2023-05-04T11:57:37 IST" name="beforeDecimalPointDiscountField" finished-at="2023-05-04T11:57:37 IST" duration-ms="171" status="PASS">
          <reporter-output>
          </reporter-output>
        </test-method> <!-- beforeDecimalPointDiscountField -->
        <test-method is-config="true" signature="deleteAfterCatch()[pri:0, instance:org.test.CustomerOrganizationQuote@7bab3f1a]" started-at="2023-05-04T11:57:37 IST" name="deleteAfterCatch" finished-at="2023-05-04T11:57:37 IST" duration-ms="6" status="PASS">
          <reporter-output>
          </reporter-output>
        </test-method> <!-- deleteAfterCatch -->
        <test-method is-config="true" signature="deleteBeforeCatch()[pri:0, instance:org.test.CustomerOrganizationQuote@7bab3f1a]" started-at="2023-05-04T11:57:37 IST" name="deleteBeforeCatch" finished-at="2023-05-04T11:57:37 IST" duration-ms="6" status="PASS">
          <reporter-output>
          </reporter-output>
        </test-method> <!-- deleteBeforeCatch -->
        <test-method signature="maxLimitDiscountField()[pri:21, instance:org.test.CustomerOrganizationQuote@7bab3f1a]" started-at="2023-05-04T11:57:37 IST" name="maxLimitDiscountField" finished-at="2023-05-04T11:57:38 IST" duration-ms="163" status="PASS">
          <reporter-output>
          </reporter-output>
        </test-method> <!-- maxLimitDiscountField -->
        <test-method is-config="true" signature="deleteAfterCatch()[pri:0, instance:org.test.CustomerOrganizationQuote@7bab3f1a]" started-at="2023-05-04T11:57:38 IST" name="deleteAfterCatch" finished-at="2023-05-04T11:57:38 IST" duration-ms="6" status="PASS">
          <reporter-output>
          </reporter-output>
        </test-method> <!-- deleteAfterCatch -->
        <test-method is-config="true" signature="deleteBeforeCatch()[pri:0, instance:org.test.CustomerOrganizationQuote@7bab3f1a]" started-at="2023-05-04T11:57:38 IST" name="deleteBeforeCatch" finished-at="2023-05-04T11:57:38 IST" duration-ms="8" status="PASS">
          <reporter-output>
          </reporter-output>
        </test-method> <!-- deleteBeforeCatch -->
        <test-method signature="afterDecimalPointTaxField()[pri:22, instance:org.test.CustomerOrganizationQuote@7bab3f1a]" started-at="2023-05-04T11:57:38 IST" name="afterDecimalPointTaxField" finished-at="2023-05-04T11:57:38 IST" duration-ms="211" status="PASS">
          <reporter-output>
          </reporter-output>
        </test-method> <!-- afterDecimalPointTaxField -->
        <test-method is-config="true" signature="deleteAfterCatch()[pri:0, instance:org.test.CustomerOrganizationQuote@7bab3f1a]" started-at="2023-05-04T11:57:38 IST" name="deleteAfterCatch" finished-at="2023-05-04T11:57:38 IST" duration-ms="8" status="PASS">
          <reporter-output>
          </reporter-output>
        </test-method> <!-- deleteAfterCatch -->
        <test-method is-config="true" signature="deleteBeforeCatch()[pri:0, instance:org.test.CustomerOrganizationQuote@7bab3f1a]" started-at="2023-05-04T11:57:38 IST" name="deleteBeforeCatch" finished-at="2023-05-04T11:57:38 IST" duration-ms="5" status="PASS">
          <reporter-output>
          </reporter-output>
        </test-method> <!-- deleteBeforeCatch -->
        <test-method signature="beforeDecimalPointTaxField()[pri:23, instance:org.test.CustomerOrganizationQuote@7bab3f1a]" started-at="2023-05-04T11:57:38 IST" name="beforeDecimalPointTaxField" finished-at="2023-05-04T11:57:38 IST" duration-ms="173" status="PASS">
          <reporter-output>
          </reporter-output>
        </test-method> <!-- beforeDecimalPointTaxField -->
        <test-method is-config="true" signature="deleteAfterCatch()[pri:0, instance:org.test.CustomerOrganizationQuote@7bab3f1a]" started-at="2023-05-04T11:57:38 IST" name="deleteAfterCatch" finished-at="2023-05-04T11:57:38 IST" duration-ms="8" status="PASS">
          <reporter-output>
          </reporter-output>
        </test-method> <!-- deleteAfterCatch -->
        <test-method is-config="true" signature="deleteBeforeCatch()[pri:0, instance:org.test.CustomerOrganizationQuote@7bab3f1a]" started-at="2023-05-04T11:57:38 IST" name="deleteBeforeCatch" finished-at="2023-05-04T11:57:38 IST" duration-ms="8" status="PASS">
          <reporter-output>
          </reporter-output>
        </test-method> <!-- deleteBeforeCatch -->
        <test-method signature="maxLimitTaxField()[pri:24, instance:org.test.CustomerOrganizationQuote@7bab3f1a]" started-at="2023-05-04T11:57:38 IST" name="maxLimitTaxField" finished-at="2023-05-04T11:57:38 IST" duration-ms="261" status="PASS">
          <reporter-output>
          </reporter-output>
        </test-method> <!-- maxLimitTaxField -->
        <test-method is-config="true" signature="deleteAfterCatch()[pri:0, instance:org.test.CustomerOrganizationQuote@7bab3f1a]" started-at="2023-05-04T11:57:38 IST" name="deleteAfterCatch" finished-at="2023-05-04T11:57:38 IST" duration-ms="6" status="PASS">
          <reporter-output>
          </reporter-output>
        </test-method> <!-- deleteAfterCatch -->
        <test-method is-config="true" signature="deleteBeforeCatch()[pri:0, instance:org.test.CustomerOrganizationQuote@7bab3f1a]" started-at="2023-05-04T11:57:38 IST" name="deleteBeforeCatch" finished-at="2023-05-04T11:57:38 IST" duration-ms="6" status="PASS">
          <reporter-output>
          </reporter-output>
        </test-method> <!-- deleteBeforeCatch -->
        <test-method signature="maximumValidationDescription()[pri:25, instance:org.test.CustomerOrganizationQuote@7bab3f1a]" started-at="2023-05-04T11:57:38 IST" name="maximumValidationDescription" finished-at="2023-05-04T11:57:40 IST" duration-ms="1814" status="PASS">
          <reporter-output>
          </reporter-output>
        </test-method> <!-- maximumValidationDescription -->
        <test-method is-config="true" signature="deleteAfterCatch()[pri:0, instance:org.test.CustomerOrganizationQuote@7bab3f1a]" started-at="2023-05-04T11:57:40 IST" name="deleteAfterCatch" finished-at="2023-05-04T11:57:40 IST" duration-ms="6" status="PASS">
          <reporter-output>
          </reporter-output>
        </test-method> <!-- deleteAfterCatch -->
        <test-method is-config="true" signature="deleteBeforeCatch()[pri:0, instance:org.test.CustomerOrganizationQuote@7bab3f1a]" started-at="2023-05-04T11:57:40 IST" name="deleteBeforeCatch" finished-at="2023-05-04T11:57:40 IST" duration-ms="5" status="PASS">
          <reporter-output>
          </reporter-output>
        </test-method> <!-- deleteBeforeCatch -->
        <test-method signature="maximumValidationNotes()[pri:26, instance:org.test.CustomerOrganizationQuote@7bab3f1a]" started-at="2023-05-04T11:57:40 IST" name="maximumValidationNotes" finished-at="2023-05-04T11:57:44 IST" duration-ms="3996" status="PASS">
          <reporter-output>
          </reporter-output>
        </test-method> <!-- maximumValidationNotes -->
        <test-method is-config="true" signature="deleteAfterCatch()[pri:0, instance:org.test.CustomerOrganizationQuote@7bab3f1a]" started-at="2023-05-04T11:57:44 IST" name="deleteAfterCatch" finished-at="2023-05-04T11:57:44 IST" duration-ms="7" status="PASS">
          <reporter-output>
          </reporter-output>
        </test-method> <!-- deleteAfterCatch -->
        <test-method is-config="true" signature="deleteBeforeCatch()[pri:0, instance:org.test.CustomerOrganizationQuote@7bab3f1a]" started-at="2023-05-04T11:57:44 IST" name="deleteBeforeCatch" finished-at="2023-05-04T11:57:44 IST" duration-ms="5" status="PASS">
          <reporter-output>
          </reporter-output>
        </test-method> <!-- deleteBeforeCatch -->
        <test-method signature="expiryFieldPastDateValidation()[pri:27, instance:org.test.CustomerOrganizationQuote@7bab3f1a]" started-at="2023-05-04T11:57:44 IST" name="expiryFieldPastDateValidation" finished-at="2023-05-04T11:57:52 IST" duration-ms="7823" status="PASS">
          <reporter-output>
          </reporter-output>
        </test-method> <!-- expiryFieldPastDateValidation -->
        <test-method is-config="true" signature="deleteAfterCatch()[pri:0, instance:org.test.CustomerOrganizationQuote@7bab3f1a]" started-at="2023-05-04T11:57:52 IST" name="deleteAfterCatch" finished-at="2023-05-04T11:57:52 IST" duration-ms="7" status="PASS">
          <reporter-output>
          </reporter-output>
        </test-method> <!-- deleteAfterCatch -->
        <test-method is-config="true" signature="deleteBeforeCatch()[pri:0, instance:org.test.CustomerOrganizationQuote@7bab3f1a]" started-at="2023-05-04T11:57:52 IST" name="deleteBeforeCatch" finished-at="2023-05-04T11:57:52 IST" duration-ms="7" status="PASS">
          <reporter-output>
          </reporter-output>
        </test-method> <!-- deleteBeforeCatch -->
        <test-method signature="validateCalculation()[pri:28, instance:org.test.CustomerOrganizationQuote@7bab3f1a]" started-at="2023-05-04T11:57:52 IST" name="validateCalculation" finished-at="2023-05-04T11:57:53 IST" duration-ms="734" status="PASS">
          <reporter-output>
          </reporter-output>
        </test-method> <!-- validateCalculation -->
        <test-method is-config="true" signature="deleteAfterCatch()[pri:0, instance:org.test.CustomerOrganizationQuote@7bab3f1a]" started-at="2023-05-04T11:57:53 IST" name="deleteAfterCatch" finished-at="2023-05-04T11:57:53 IST" duration-ms="7" status="PASS">
          <reporter-output>
          </reporter-output>
        </test-method> <!-- deleteAfterCatch -->
        <test-method is-config="true" signature="deleteBeforeCatch()[pri:0, instance:org.test.CustomerOrganizationQuote@7bab3f1a]" started-at="2023-05-04T11:57:53 IST" name="deleteBeforeCatch" finished-at="2023-05-04T11:57:53 IST" duration-ms="6" status="PASS">
          <reporter-output>
          </reporter-output>
        </test-method> <!-- deleteBeforeCatch -->
        <test-method signature="createQuote()[pri:29, instance:org.test.CustomerOrganizationQuote@7bab3f1a]" started-at="2023-05-04T11:57:53 IST" name="createQuote" finished-at="2023-05-04T11:58:04 IST" duration-ms="11484" status="PASS">
          <reporter-output>
          </reporter-output>
        </test-method> <!-- createQuote -->
        <test-method is-config="true" signature="deleteAfterCatch()[pri:0, instance:org.test.CustomerOrganizationQuote@7bab3f1a]" started-at="2023-05-04T11:58:04 IST" name="deleteAfterCatch" finished-at="2023-05-04T11:58:04 IST" duration-ms="10" status="PASS">
          <reporter-output>
          </reporter-output>
        </test-method> <!-- deleteAfterCatch -->
        <test-method is-config="true" signature="deleteBeforeCatch()[pri:0, instance:org.test.CustomerOrganizationQuote@7bab3f1a]" started-at="2023-05-04T11:58:04 IST" name="deleteBeforeCatch" finished-at="2023-05-04T11:58:04 IST" duration-ms="7" status="PASS">
          <reporter-output>
          </reporter-output>
        </test-method> <!-- deleteBeforeCatch -->
        <test-method signature="quoteCreatedCount()[pri:30, instance:org.test.CustomerOrganizationQuote@7bab3f1a]" started-at="2023-05-04T11:58:04 IST" name="quoteCreatedCount" finished-at="2023-05-04T11:58:04 IST" duration-ms="114" status="PASS">
          <reporter-output>
          </reporter-output>
        </test-method> <!-- quoteCreatedCount -->
        <test-method is-config="true" signature="deleteAfterCatch()[pri:0, instance:org.test.CustomerOrganizationQuote@7bab3f1a]" started-at="2023-05-04T11:58:04 IST" name="deleteAfterCatch" finished-at="2023-05-04T11:58:04 IST" duration-ms="8" status="PASS">
          <reporter-output>
          </reporter-output>
        </test-method> <!-- deleteAfterCatch -->
        <test-method is-config="true" signature="deleteBeforeCatch()[pri:0, instance:org.test.CustomerOrganizationQuote@7bab3f1a]" started-at="2023-05-04T11:58:04 IST" name="deleteBeforeCatch" finished-at="2023-05-04T11:58:04 IST" duration-ms="7" status="PASS">
          <reporter-output>
          </reporter-output>
        </test-method> <!-- deleteBeforeCatch -->
        <test-method signature="quoteEdit()[pri:31, instance:org.test.CustomerOrganizationQuote@7bab3f1a]" started-at="2023-05-04T11:58:04 IST" name="quoteEdit" finished-at="2023-05-04T11:58:12 IST" duration-ms="7486" status="PASS">
          <reporter-output>
          </reporter-output>
        </test-method> <!-- quoteEdit -->
        <test-method is-config="true" signature="deleteAfterCatch()[pri:0, instance:org.test.CustomerOrganizationQuote@7bab3f1a]" started-at="2023-05-04T11:58:12 IST" name="deleteAfterCatch" finished-at="2023-05-04T11:58:12 IST" duration-ms="7" status="PASS">
          <reporter-output>
          </reporter-output>
        </test-method> <!-- deleteAfterCatch -->
        <test-method is-config="true" signature="deleteBeforeCatch()[pri:0, instance:org.test.CustomerOrganizationQuote@7bab3f1a]" started-at="2023-05-04T11:58:12 IST" name="deleteBeforeCatch" finished-at="2023-05-04T11:58:12 IST" duration-ms="4" status="PASS">
          <reporter-output>
          </reporter-output>
        </test-method> <!-- deleteBeforeCatch -->
        <test-method signature="editmandatoryValidationExpiryDate()[pri:32, instance:org.test.CustomerOrganizationQuote@7bab3f1a]" started-at="2023-05-04T11:58:12 IST" name="editmandatoryValidationExpiryDate" finished-at="2023-05-04T11:58:12 IST" duration-ms="344" status="PASS">
          <reporter-output>
          </reporter-output>
        </test-method> <!-- editmandatoryValidationExpiryDate -->
        <test-method is-config="true" signature="deleteAfterCatch()[pri:0, instance:org.test.CustomerOrganizationQuote@7bab3f1a]" started-at="2023-05-04T11:58:12 IST" name="deleteAfterCatch" finished-at="2023-05-04T11:58:12 IST" duration-ms="5" status="PASS">
          <reporter-output>
          </reporter-output>
        </test-method> <!-- deleteAfterCatch -->
        <test-method is-config="true" signature="deleteBeforeCatch()[pri:0, instance:org.test.CustomerOrganizationQuote@7bab3f1a]" started-at="2023-05-04T11:58:12 IST" name="deleteBeforeCatch" finished-at="2023-05-04T11:58:12 IST" duration-ms="6" status="PASS">
          <reporter-output>
          </reporter-output>
        </test-method> <!-- deleteBeforeCatch -->
        <test-method signature="editmandatoryValidationQunatity()[pri:34, instance:org.test.CustomerOrganizationQuote@7bab3f1a]" started-at="2023-05-04T11:58:12 IST" name="editmandatoryValidationQunatity" finished-at="2023-05-04T11:58:12 IST" duration-ms="85" status="PASS">
          <reporter-output>
          </reporter-output>
        </test-method> <!-- editmandatoryValidationQunatity -->
        <test-method is-config="true" signature="deleteAfterCatch()[pri:0, instance:org.test.CustomerOrganizationQuote@7bab3f1a]" started-at="2023-05-04T11:58:12 IST" name="deleteAfterCatch" finished-at="2023-05-04T11:58:12 IST" duration-ms="8" status="PASS">
          <reporter-output>
          </reporter-output>
        </test-method> <!-- deleteAfterCatch -->
        <test-method is-config="true" signature="deleteBeforeCatch()[pri:0, instance:org.test.CustomerOrganizationQuote@7bab3f1a]" started-at="2023-05-04T11:58:12 IST" name="deleteBeforeCatch" finished-at="2023-05-04T11:58:12 IST" duration-ms="8" status="PASS">
          <reporter-output>
          </reporter-output>
        </test-method> <!-- deleteBeforeCatch -->
        <test-method signature="editmandatoryValidationPrice()[pri:35, instance:org.test.CustomerOrganizationQuote@7bab3f1a]" started-at="2023-05-04T11:58:12 IST" name="editmandatoryValidationPrice" finished-at="2023-05-04T11:58:12 IST" duration-ms="60" status="PASS">
          <reporter-output>
          </reporter-output>
        </test-method> <!-- editmandatoryValidationPrice -->
        <test-method is-config="true" signature="deleteAfterCatch()[pri:0, instance:org.test.CustomerOrganizationQuote@7bab3f1a]" started-at="2023-05-04T11:58:12 IST" name="deleteAfterCatch" finished-at="2023-05-04T11:58:12 IST" duration-ms="7" status="PASS">
          <reporter-output>
          </reporter-output>
        </test-method> <!-- deleteAfterCatch -->
        <test-method is-config="true" signature="deleteBeforeCatch()[pri:0, instance:org.test.CustomerOrganizationQuote@7bab3f1a]" started-at="2023-05-04T11:58:12 IST" name="deleteBeforeCatch" finished-at="2023-05-04T11:58:12 IST" duration-ms="6" status="PASS">
          <reporter-output>
          </reporter-output>
        </test-method> <!-- deleteBeforeCatch -->
        <test-method signature="editmandatoryValidationDescription()[pri:36, instance:org.test.CustomerOrganizationQuote@7bab3f1a]" started-at="2023-05-04T11:58:12 IST" name="editmandatoryValidationDescription" finished-at="2023-05-04T11:58:12 IST" duration-ms="52" status="PASS">
          <reporter-output>
          </reporter-output>
        </test-method> <!-- editmandatoryValidationDescription -->
        <test-method is-config="true" signature="deleteAfterCatch()[pri:0, instance:org.test.CustomerOrganizationQuote@7bab3f1a]" started-at="2023-05-04T11:58:12 IST" name="deleteAfterCatch" finished-at="2023-05-04T11:58:12 IST" duration-ms="6" status="PASS">
          <reporter-output>
          </reporter-output>
        </test-method> <!-- deleteAfterCatch -->
        <test-method is-config="true" signature="deleteBeforeCatch()[pri:0, instance:org.test.CustomerOrganizationQuote@7bab3f1a]" started-at="2023-05-04T11:58:12 IST" name="deleteBeforeCatch" finished-at="2023-05-04T11:58:12 IST" duration-ms="4" status="PASS">
          <reporter-output>
          </reporter-output>
        </test-method> <!-- deleteBeforeCatch -->
        <test-method signature="editmaximumValidationReference()[pri:37, instance:org.test.CustomerOrganizationQuote@7bab3f1a]" started-at="2023-05-04T11:58:12 IST" name="editmaximumValidationReference" finished-at="2023-05-04T11:58:13 IST" duration-ms="681" status="PASS">
          <reporter-output>
          </reporter-output>
        </test-method> <!-- editmaximumValidationReference -->
        <test-method is-config="true" signature="deleteAfterCatch()[pri:0, instance:org.test.CustomerOrganizationQuote@7bab3f1a]" started-at="2023-05-04T11:58:13 IST" name="deleteAfterCatch" finished-at="2023-05-04T11:58:13 IST" duration-ms="7" status="PASS">
          <reporter-output>
          </reporter-output>
        </test-method> <!-- deleteAfterCatch -->
        <test-method is-config="true" signature="deleteBeforeCatch()[pri:0, instance:org.test.CustomerOrganizationQuote@7bab3f1a]" started-at="2023-05-04T11:58:13 IST" name="deleteBeforeCatch" finished-at="2023-05-04T11:58:13 IST" duration-ms="7" status="PASS">
          <reporter-output>
          </reporter-output>
        </test-method> <!-- deleteBeforeCatch -->
        <test-method signature="editmaximumValidationQuoteTittle()[pri:38, instance:org.test.CustomerOrganizationQuote@7bab3f1a]" started-at="2023-05-04T11:58:13 IST" name="editmaximumValidationQuoteTittle" finished-at="2023-05-04T11:58:14 IST" duration-ms="639" status="PASS">
          <reporter-output>
          </reporter-output>
        </test-method> <!-- editmaximumValidationQuoteTittle -->
        <test-method is-config="true" signature="deleteAfterCatch()[pri:0, instance:org.test.CustomerOrganizationQuote@7bab3f1a]" started-at="2023-05-04T11:58:14 IST" name="deleteAfterCatch" finished-at="2023-05-04T11:58:14 IST" duration-ms="8" status="PASS">
          <reporter-output>
          </reporter-output>
        </test-method> <!-- deleteAfterCatch -->
        <test-method is-config="true" signature="deleteBeforeCatch()[pri:0, instance:org.test.CustomerOrganizationQuote@7bab3f1a]" started-at="2023-05-04T11:58:14 IST" name="deleteBeforeCatch" finished-at="2023-05-04T11:58:14 IST" duration-ms="6" status="PASS">
          <reporter-output>
          </reporter-output>
        </test-method> <!-- deleteBeforeCatch -->
        <test-method signature="editmaximumValidationInventoryItem()[pri:39, instance:org.test.CustomerOrganizationQuote@7bab3f1a]" started-at="2023-05-04T11:58:14 IST" name="editmaximumValidationInventoryItem" finished-at="2023-05-04T11:58:15 IST" duration-ms="946" status="PASS">
          <reporter-output>
          </reporter-output>
        </test-method> <!-- editmaximumValidationInventoryItem -->
        <test-method is-config="true" signature="deleteAfterCatch()[pri:0, instance:org.test.CustomerOrganizationQuote@7bab3f1a]" started-at="2023-05-04T11:58:15 IST" name="deleteAfterCatch" finished-at="2023-05-04T11:58:15 IST" duration-ms="5" status="PASS">
          <reporter-output>
          </reporter-output>
        </test-method> <!-- deleteAfterCatch -->
        <test-method is-config="true" signature="deleteBeforeCatch()[pri:0, instance:org.test.CustomerOrganizationQuote@7bab3f1a]" started-at="2023-05-04T11:58:15 IST" name="deleteBeforeCatch" finished-at="2023-05-04T11:58:15 IST" duration-ms="5" status="PASS">
          <reporter-output>
          </reporter-output>
        </test-method> <!-- deleteBeforeCatch -->
        <test-method signature="editemptyValidationQuantityField()[pri:40, instance:org.test.CustomerOrganizationQuote@7bab3f1a]" started-at="2023-05-04T11:58:15 IST" name="editemptyValidationQuantityField" finished-at="2023-05-04T11:58:15 IST" duration-ms="191" status="PASS">
          <reporter-output>
          </reporter-output>
        </test-method> <!-- editemptyValidationQuantityField -->
        <test-method is-config="true" signature="deleteAfterCatch()[pri:0, instance:org.test.CustomerOrganizationQuote@7bab3f1a]" started-at="2023-05-04T11:58:15 IST" name="deleteAfterCatch" finished-at="2023-05-04T11:58:15 IST" duration-ms="5" status="PASS">
          <reporter-output>
          </reporter-output>
        </test-method> <!-- deleteAfterCatch -->
        <test-method is-config="true" signature="deleteBeforeCatch()[pri:0, instance:org.test.CustomerOrganizationQuote@7bab3f1a]" started-at="2023-05-04T11:58:15 IST" name="deleteBeforeCatch" finished-at="2023-05-04T11:58:15 IST" duration-ms="5" status="PASS">
          <reporter-output>
          </reporter-output>
        </test-method> <!-- deleteBeforeCatch -->
        <test-method signature="editmaxQuanitityLimit()[pri:41, instance:org.test.CustomerOrganizationQuote@7bab3f1a]" started-at="2023-05-04T11:58:15 IST" name="editmaxQuanitityLimit" finished-at="2023-05-04T11:58:15 IST" duration-ms="235" status="PASS">
          <reporter-output>
          </reporter-output>
        </test-method> <!-- editmaxQuanitityLimit -->
        <test-method is-config="true" signature="deleteAfterCatch()[pri:0, instance:org.test.CustomerOrganizationQuote@7bab3f1a]" started-at="2023-05-04T11:58:15 IST" name="deleteAfterCatch" finished-at="2023-05-04T11:58:15 IST" duration-ms="5" status="PASS">
          <reporter-output>
          </reporter-output>
        </test-method> <!-- deleteAfterCatch -->
        <test-method is-config="true" signature="deleteBeforeCatch()[pri:0, instance:org.test.CustomerOrganizationQuote@7bab3f1a]" started-at="2023-05-04T11:58:15 IST" name="deleteBeforeCatch" finished-at="2023-05-04T11:58:15 IST" duration-ms="5" status="PASS">
          <reporter-output>
          </reporter-output>
        </test-method> <!-- deleteBeforeCatch -->
        <test-method signature="editafterDecimalPointValidationQuantityField()[pri:42, instance:org.test.CustomerOrganizationQuote@7bab3f1a]" started-at="2023-05-04T11:58:15 IST" name="editafterDecimalPointValidationQuantityField" finished-at="2023-05-04T11:58:15 IST" duration-ms="177" status="PASS">
          <reporter-output>
          </reporter-output>
        </test-method> <!-- editafterDecimalPointValidationQuantityField -->
        <test-method is-config="true" signature="deleteAfterCatch()[pri:0, instance:org.test.CustomerOrganizationQuote@7bab3f1a]" started-at="2023-05-04T11:58:15 IST" name="deleteAfterCatch" finished-at="2023-05-04T11:58:15 IST" duration-ms="11" status="PASS">
          <reporter-output>
          </reporter-output>
        </test-method> <!-- deleteAfterCatch -->
        <test-method is-config="true" signature="deleteBeforeCatch()[pri:0, instance:org.test.CustomerOrganizationQuote@7bab3f1a]" started-at="2023-05-04T11:58:15 IST" name="deleteBeforeCatch" finished-at="2023-05-04T11:58:15 IST" duration-ms="8" status="PASS">
          <reporter-output>
          </reporter-output>
        </test-method> <!-- deleteBeforeCatch -->
        <test-method signature="editbeforeDecimalPointValidationQuantityField()[pri:43, instance:org.test.CustomerOrganizationQuote@7bab3f1a]" started-at="2023-05-04T11:58:15 IST" name="editbeforeDecimalPointValidationQuantityField" finished-at="2023-05-04T11:58:16 IST" duration-ms="264" status="PASS">
          <reporter-output>
          </reporter-output>
        </test-method> <!-- editbeforeDecimalPointValidationQuantityField -->
        <test-method is-config="true" signature="deleteAfterCatch()[pri:0, instance:org.test.CustomerOrganizationQuote@7bab3f1a]" started-at="2023-05-04T11:58:16 IST" name="deleteAfterCatch" finished-at="2023-05-04T11:58:16 IST" duration-ms="6" status="PASS">
          <reporter-output>
          </reporter-output>
        </test-method> <!-- deleteAfterCatch -->
        <test-method is-config="true" signature="deleteBeforeCatch()[pri:0, instance:org.test.CustomerOrganizationQuote@7bab3f1a]" started-at="2023-05-04T11:58:16 IST" name="deleteBeforeCatch" finished-at="2023-05-04T11:58:16 IST" duration-ms="4" status="PASS">
          <reporter-output>
          </reporter-output>
        </test-method> <!-- deleteBeforeCatch -->
        <test-method signature="editemptyValidationPriceField()[pri:44, instance:org.test.CustomerOrganizationQuote@7bab3f1a]" started-at="2023-05-04T11:58:16 IST" name="editemptyValidationPriceField" finished-at="2023-05-04T11:58:16 IST" duration-ms="185" status="PASS">
          <reporter-output>
          </reporter-output>
        </test-method> <!-- editemptyValidationPriceField -->
        <test-method is-config="true" signature="deleteAfterCatch()[pri:0, instance:org.test.CustomerOrganizationQuote@7bab3f1a]" started-at="2023-05-04T11:58:16 IST" name="deleteAfterCatch" finished-at="2023-05-04T11:58:16 IST" duration-ms="6" status="PASS">
          <reporter-output>
          </reporter-output>
        </test-method> <!-- deleteAfterCatch -->
        <test-method is-config="true" signature="deleteBeforeCatch()[pri:0, instance:org.test.CustomerOrganizationQuote@7bab3f1a]" started-at="2023-05-04T11:58:16 IST" name="deleteBeforeCatch" finished-at="2023-05-04T11:58:16 IST" duration-ms="7" status="PASS">
          <reporter-output>
          </reporter-output>
        </test-method> <!-- deleteBeforeCatch -->
        <test-method signature="editmaxPriceLimit()[pri:45, instance:org.test.CustomerOrganizationQuote@7bab3f1a]" started-at="2023-05-04T11:58:16 IST" name="editmaxPriceLimit" finished-at="2023-05-04T11:58:16 IST" duration-ms="172" status="PASS">
          <reporter-output>
          </reporter-output>
        </test-method> <!-- editmaxPriceLimit -->
        <test-method is-config="true" signature="deleteAfterCatch()[pri:0, instance:org.test.CustomerOrganizationQuote@7bab3f1a]" started-at="2023-05-04T11:58:16 IST" name="deleteAfterCatch" finished-at="2023-05-04T11:58:16 IST" duration-ms="5" status="PASS">
          <reporter-output>
          </reporter-output>
        </test-method> <!-- deleteAfterCatch -->
        <test-method is-config="true" signature="deleteBeforeCatch()[pri:0, instance:org.test.CustomerOrganizationQuote@7bab3f1a]" started-at="2023-05-04T11:58:16 IST" name="deleteBeforeCatch" finished-at="2023-05-04T11:58:16 IST" duration-ms="6" status="PASS">
          <reporter-output>
          </reporter-output>
        </test-method> <!-- deleteBeforeCatch -->
        <test-method signature="editbeforeDecimalPointPriceField()[pri:46, instance:org.test.CustomerOrganizationQuote@7bab3f1a]" started-at="2023-05-04T11:58:16 IST" name="editbeforeDecimalPointPriceField" finished-at="2023-05-04T11:58:16 IST" duration-ms="206" status="PASS">
          <reporter-output>
          </reporter-output>
        </test-method> <!-- editbeforeDecimalPointPriceField -->
        <test-method is-config="true" signature="deleteAfterCatch()[pri:0, instance:org.test.CustomerOrganizationQuote@7bab3f1a]" started-at="2023-05-04T11:58:16 IST" name="deleteAfterCatch" finished-at="2023-05-04T11:58:16 IST" duration-ms="7" status="PASS">
          <reporter-output>
          </reporter-output>
        </test-method> <!-- deleteAfterCatch -->
        <test-method is-config="true" signature="deleteBeforeCatch()[pri:0, instance:org.test.CustomerOrganizationQuote@7bab3f1a]" started-at="2023-05-04T11:58:16 IST" name="deleteBeforeCatch" finished-at="2023-05-04T11:58:16 IST" duration-ms="6" status="PASS">
          <reporter-output>
          </reporter-output>
        </test-method> <!-- deleteBeforeCatch -->
        <test-method signature="editafterDecimalPointPriceField()[pri:47, instance:org.test.CustomerOrganizationQuote@7bab3f1a]" started-at="2023-05-04T11:58:16 IST" name="editafterDecimalPointPriceField" finished-at="2023-05-04T11:58:16 IST" duration-ms="244" status="PASS">
          <reporter-output>
          </reporter-output>
        </test-method> <!-- editafterDecimalPointPriceField -->
        <test-method is-config="true" signature="deleteAfterCatch()[pri:0, instance:org.test.CustomerOrganizationQuote@7bab3f1a]" started-at="2023-05-04T11:58:16 IST" name="deleteAfterCatch" finished-at="2023-05-04T11:58:16 IST" duration-ms="5" status="PASS">
          <reporter-output>
          </reporter-output>
        </test-method> <!-- deleteAfterCatch -->
        <test-method is-config="true" signature="deleteBeforeCatch()[pri:0, instance:org.test.CustomerOrganizationQuote@7bab3f1a]" started-at="2023-05-04T11:58:16 IST" name="deleteBeforeCatch" finished-at="2023-05-04T11:58:17 IST" duration-ms="6" status="PASS">
          <reporter-output>
          </reporter-output>
        </test-method> <!-- deleteBeforeCatch -->
        <test-method signature="editafterDecimalPointDiscountField()[pri:48, instance:org.test.CustomerOrganizationQuote@7bab3f1a]" started-at="2023-05-04T11:58:17 IST" name="editafterDecimalPointDiscountField" finished-at="2023-05-04T11:58:17 IST" duration-ms="193" status="PASS">
          <reporter-output>
          </reporter-output>
        </test-method> <!-- editafterDecimalPointDiscountField -->
        <test-method is-config="true" signature="deleteAfterCatch()[pri:0, instance:org.test.CustomerOrganizationQuote@7bab3f1a]" started-at="2023-05-04T11:58:17 IST" name="deleteAfterCatch" finished-at="2023-05-04T11:58:17 IST" duration-ms="6" status="PASS">
          <reporter-output>
          </reporter-output>
        </test-method> <!-- deleteAfterCatch -->
        <test-method is-config="true" signature="deleteBeforeCatch()[pri:0, instance:org.test.CustomerOrganizationQuote@7bab3f1a]" started-at="2023-05-04T11:58:17 IST" name="deleteBeforeCatch" finished-at="2023-05-04T11:58:17 IST" duration-ms="7" status="PASS">
          <reporter-output>
          </reporter-output>
        </test-method> <!-- deleteBeforeCatch -->
        <test-method signature="editbeforeDecimalPointDiscountField()[pri:49, instance:org.test.CustomerOrganizationQuote@7bab3f1a]" started-at="2023-05-04T11:58:17 IST" name="editbeforeDecimalPointDiscountField" finished-at="2023-05-04T11:58:17 IST" duration-ms="191" status="PASS">
          <reporter-output>
          </reporter-output>
        </test-method> <!-- editbeforeDecimalPointDiscountField -->
        <test-method is-config="true" signature="deleteAfterCatch()[pri:0, instance:org.test.CustomerOrganizationQuote@7bab3f1a]" started-at="2023-05-04T11:58:17 IST" name="deleteAfterCatch" finished-at="2023-05-04T11:58:17 IST" duration-ms="7" status="PASS">
          <reporter-output>
          </reporter-output>
        </test-method> <!-- deleteAfterCatch -->
        <test-method is-config="true" signature="deleteBeforeCatch()[pri:0, instance:org.test.CustomerOrganizationQuote@7bab3f1a]" started-at="2023-05-04T11:58:17 IST" name="deleteBeforeCatch" finished-at="2023-05-04T11:58:17 IST" duration-ms="6" status="PASS">
          <reporter-output>
          </reporter-output>
        </test-method> <!-- deleteBeforeCatch -->
        <test-method signature="editmaxLimitDiscountField()[pri:50, instance:org.test.CustomerOrganizationQuote@7bab3f1a]" started-at="2023-05-04T11:58:17 IST" name="editmaxLimitDiscountField" finished-at="2023-05-04T11:58:17 IST" duration-ms="162" status="PASS">
          <reporter-output>
          </reporter-output>
        </test-method> <!-- editmaxLimitDiscountField -->
        <test-method is-config="true" signature="deleteAfterCatch()[pri:0, instance:org.test.CustomerOrganizationQuote@7bab3f1a]" started-at="2023-05-04T11:58:17 IST" name="deleteAfterCatch" finished-at="2023-05-04T11:58:17 IST" duration-ms="6" status="PASS">
          <reporter-output>
          </reporter-output>
        </test-method> <!-- deleteAfterCatch -->
        <test-method is-config="true" signature="deleteBeforeCatch()[pri:0, instance:org.test.CustomerOrganizationQuote@7bab3f1a]" started-at="2023-05-04T11:58:17 IST" name="deleteBeforeCatch" finished-at="2023-05-04T11:58:17 IST" duration-ms="6" status="PASS">
          <reporter-output>
          </reporter-output>
        </test-method> <!-- deleteBeforeCatch -->
        <test-method signature="editafterDecimalPointTaxField()[pri:51, instance:org.test.CustomerOrganizationQuote@7bab3f1a]" started-at="2023-05-04T11:58:17 IST" name="editafterDecimalPointTaxField" finished-at="2023-05-04T11:58:17 IST" duration-ms="204" status="PASS">
          <reporter-output>
          </reporter-output>
        </test-method> <!-- editafterDecimalPointTaxField -->
        <test-method is-config="true" signature="deleteAfterCatch()[pri:0, instance:org.test.CustomerOrganizationQuote@7bab3f1a]" started-at="2023-05-04T11:58:17 IST" name="deleteAfterCatch" finished-at="2023-05-04T11:58:17 IST" duration-ms="5" status="PASS">
          <reporter-output>
          </reporter-output>
        </test-method> <!-- deleteAfterCatch -->
        <test-method is-config="true" signature="deleteBeforeCatch()[pri:0, instance:org.test.CustomerOrganizationQuote@7bab3f1a]" started-at="2023-05-04T11:58:17 IST" name="deleteBeforeCatch" finished-at="2023-05-04T11:58:17 IST" duration-ms="7" status="PASS">
          <reporter-output>
          </reporter-output>
        </test-method> <!-- deleteBeforeCatch -->
        <test-method signature="editbeforeDecimalPointTaxField()[pri:52, instance:org.test.CustomerOrganizationQuote@7bab3f1a]" started-at="2023-05-04T11:58:17 IST" name="editbeforeDecimalPointTaxField" finished-at="2023-05-04T11:58:17 IST" duration-ms="172" status="PASS">
          <reporter-output>
          </reporter-output>
        </test-method> <!-- editbeforeDecimalPointTaxField -->
        <test-method is-config="true" signature="deleteAfterCatch()[pri:0, instance:org.test.CustomerOrganizationQuote@7bab3f1a]" started-at="2023-05-04T11:58:17 IST" name="deleteAfterCatch" finished-at="2023-05-04T11:58:17 IST" duration-ms="6" status="PASS">
          <reporter-output>
          </reporter-output>
        </test-method> <!-- deleteAfterCatch -->
        <test-method is-config="true" signature="deleteBeforeCatch()[pri:0, instance:org.test.CustomerOrganizationQuote@7bab3f1a]" started-at="2023-05-04T11:58:17 IST" name="deleteBeforeCatch" finished-at="2023-05-04T11:58:17 IST" duration-ms="6" status="PASS">
          <reporter-output>
          </reporter-output>
        </test-method> <!-- deleteBeforeCatch -->
        <test-method signature="editmaxLimitTaxField()[pri:53, instance:org.test.CustomerOrganizationQuote@7bab3f1a]" started-at="2023-05-04T11:58:17 IST" name="editmaxLimitTaxField" finished-at="2023-05-04T11:58:18 IST" duration-ms="226" status="PASS">
          <reporter-output>
          </reporter-output>
        </test-method> <!-- editmaxLimitTaxField -->
        <test-method is-config="true" signature="deleteAfterCatch()[pri:0, instance:org.test.CustomerOrganizationQuote@7bab3f1a]" started-at="2023-05-04T11:58:18 IST" name="deleteAfterCatch" finished-at="2023-05-04T11:58:18 IST" duration-ms="6" status="PASS">
          <reporter-output>
          </reporter-output>
        </test-method> <!-- deleteAfterCatch -->
        <test-method is-config="true" signature="deleteBeforeCatch()[pri:0, instance:org.test.CustomerOrganizationQuote@7bab3f1a]" started-at="2023-05-04T11:58:18 IST" name="deleteBeforeCatch" finished-at="2023-05-04T11:58:18 IST" duration-ms="7" status="PASS">
          <reporter-output>
          </reporter-output>
        </test-method> <!-- deleteBeforeCatch -->
        <test-method signature="editmaximumValidationDescription()[pri:54, instance:org.test.CustomerOrganizationQuote@7bab3f1a]" started-at="2023-05-04T11:58:18 IST" name="editmaximumValidationDescription" finished-at="2023-05-04T11:58:19 IST" duration-ms="1755" status="PASS">
          <reporter-output>
          </reporter-output>
        </test-method> <!-- editmaximumValidationDescription -->
        <test-method is-config="true" signature="deleteAfterCatch()[pri:0, instance:org.test.CustomerOrganizationQuote@7bab3f1a]" started-at="2023-05-04T11:58:19 IST" name="deleteAfterCatch" finished-at="2023-05-04T11:58:19 IST" duration-ms="7" status="PASS">
          <reporter-output>
          </reporter-output>
        </test-method> <!-- deleteAfterCatch -->
        <test-method is-config="true" signature="deleteBeforeCatch()[pri:0, instance:org.test.CustomerOrganizationQuote@7bab3f1a]" started-at="2023-05-04T11:58:19 IST" name="deleteBeforeCatch" finished-at="2023-05-04T11:58:20 IST" duration-ms="5" status="PASS">
          <reporter-output>
          </reporter-output>
        </test-method> <!-- deleteBeforeCatch -->
        <test-method signature="editmaximumValidationNotes()[pri:55, instance:org.test.CustomerOrganizationQuote@7bab3f1a]" started-at="2023-05-04T11:58:20 IST" name="editmaximumValidationNotes" finished-at="2023-05-04T11:58:24 IST" duration-ms="4193" status="PASS">
          <reporter-output>
          </reporter-output>
        </test-method> <!-- editmaximumValidationNotes -->
        <test-method is-config="true" signature="deleteAfterCatch()[pri:0, instance:org.test.CustomerOrganizationQuote@7bab3f1a]" started-at="2023-05-04T11:58:24 IST" name="deleteAfterCatch" finished-at="2023-05-04T11:58:24 IST" duration-ms="5" status="PASS">
          <reporter-output>
          </reporter-output>
        </test-method> <!-- deleteAfterCatch -->
        <test-method is-config="true" signature="deleteBeforeCatch()[pri:0, instance:org.test.CustomerOrganizationQuote@7bab3f1a]" started-at="2023-05-04T11:58:24 IST" name="deleteBeforeCatch" finished-at="2023-05-04T11:58:24 IST" duration-ms="8" status="PASS">
          <reporter-output>
          </reporter-output>
        </test-method> <!-- deleteBeforeCatch -->
        <test-method signature="editexpiryFieldPastDateValidation()[pri:56, instance:org.test.CustomerOrganizationQuote@7bab3f1a]" started-at="2023-05-04T11:58:24 IST" name="editexpiryFieldPastDateValidation" finished-at="2023-05-04T11:58:32 IST" duration-ms="7794" status="PASS">
          <reporter-output>
          </reporter-output>
        </test-method> <!-- editexpiryFieldPastDateValidation -->
        <test-method is-config="true" signature="deleteAfterCatch()[pri:0, instance:org.test.CustomerOrganizationQuote@7bab3f1a]" started-at="2023-05-04T11:58:32 IST" name="deleteAfterCatch" finished-at="2023-05-04T11:58:32 IST" duration-ms="14" status="PASS">
          <reporter-output>
          </reporter-output>
        </test-method> <!-- deleteAfterCatch -->
        <test-method is-config="true" signature="deleteBeforeCatch()[pri:0, instance:org.test.CustomerOrganizationQuote@7bab3f1a]" started-at="2023-05-04T11:58:32 IST" name="deleteBeforeCatch" finished-at="2023-05-04T11:58:32 IST" duration-ms="7" status="PASS">
          <reporter-output>
          </reporter-output>
        </test-method> <!-- deleteBeforeCatch -->
        <test-method signature="updateQuote()[pri:57, instance:org.test.CustomerOrganizationQuote@7bab3f1a]" started-at="2023-05-04T11:58:32 IST" name="updateQuote" finished-at="2023-05-04T11:58:43 IST" duration-ms="11533" status="PASS">
          <reporter-output>
          </reporter-output>
        </test-method> <!-- updateQuote -->
        <test-method is-config="true" signature="deleteAfterCatch()[pri:0, instance:org.test.CustomerOrganizationQuote@7bab3f1a]" started-at="2023-05-04T11:58:43 IST" name="deleteAfterCatch" finished-at="2023-05-04T11:58:43 IST" duration-ms="11" status="PASS">
          <reporter-output>
          </reporter-output>
        </test-method> <!-- deleteAfterCatch -->
        <test-method is-config="true" signature="deleteBeforeCatch()[pri:0, instance:org.test.CustomerOrganizationQuote@7bab3f1a]" started-at="2023-05-04T11:58:43 IST" name="deleteBeforeCatch" finished-at="2023-05-04T11:58:43 IST" duration-ms="6" status="PASS">
          <reporter-output>
          </reporter-output>
        </test-method> <!-- deleteBeforeCatch -->
        <test-method signature="createdQuoteStatus()[pri:58, instance:org.test.CustomerOrganizationQuote@7bab3f1a]" started-at="2023-05-04T11:58:43 IST" name="createdQuoteStatus" finished-at="2023-05-04T11:58:43 IST" duration-ms="93" status="PASS">
          <reporter-output>
          </reporter-output>
        </test-method> <!-- createdQuoteStatus -->
        <test-method is-config="true" signature="deleteAfterCatch()[pri:0, instance:org.test.CustomerOrganizationQuote@7bab3f1a]" started-at="2023-05-04T11:58:43 IST" name="deleteAfterCatch" finished-at="2023-05-04T11:58:43 IST" duration-ms="7" status="PASS">
          <reporter-output>
          </reporter-output>
        </test-method> <!-- deleteAfterCatch -->
        <test-method is-config="true" signature="deleteBeforeCatch()[pri:0, instance:org.test.CustomerOrganizationQuote@7bab3f1a]" started-at="2023-05-04T11:58:43 IST" name="deleteBeforeCatch" finished-at="2023-05-04T11:58:43 IST" duration-ms="5" status="PASS">
          <reporter-output>
          </reporter-output>
        </test-method> <!-- deleteBeforeCatch -->
        <test-method signature="draftQuote()[pri:59, instance:org.test.CustomerOrganizationQuote@7bab3f1a]" started-at="2023-05-04T11:58:43 IST" name="draftQuote" finished-at="2023-05-04T11:58:54 IST" duration-ms="10502" status="PASS">
          <reporter-output>
          </reporter-output>
        </test-method> <!-- draftQuote -->
        <test-method is-config="true" signature="deleteAfterCatch()[pri:0, instance:org.test.CustomerOrganizationQuote@7bab3f1a]" started-at="2023-05-04T11:58:54 IST" name="deleteAfterCatch" finished-at="2023-05-04T11:58:54 IST" duration-ms="6" status="PASS">
          <reporter-output>
          </reporter-output>
        </test-method> <!-- deleteAfterCatch -->
        <test-method is-config="true" signature="deleteBeforeCatch()[pri:0, instance:org.test.CustomerOrganizationQuote@7bab3f1a]" started-at="2023-05-04T11:58:54 IST" name="deleteBeforeCatch" finished-at="2023-05-04T11:58:54 IST" duration-ms="9" status="PASS">
          <reporter-output>
          </reporter-output>
        </test-method> <!-- deleteBeforeCatch -->
        <test-method signature="convertQuote()[pri:60, instance:org.test.CustomerOrganizationQuote@7bab3f1a]" started-at="2023-05-04T11:58:54 IST" name="convertQuote" finished-at="2023-05-04T11:59:17 IST" duration-ms="23547" status="PASS">
          <reporter-output>
          </reporter-output>
        </test-method> <!-- convertQuote -->
        <test-method is-config="true" signature="deleteAfterCatch()[pri:0, instance:org.test.CustomerOrganizationQuote@7bab3f1a]" started-at="2023-05-04T11:59:17 IST" name="deleteAfterCatch" finished-at="2023-05-04T11:59:17 IST" duration-ms="6" status="PASS">
          <reporter-output>
          </reporter-output>
        </test-method> <!-- deleteAfterCatch -->
        <test-method is-config="true" signature="deleteBeforeCatch()[pri:0, instance:org.test.CustomerOrganizationQuote@7bab3f1a]" started-at="2023-05-04T11:59:17 IST" name="deleteBeforeCatch" finished-at="2023-05-04T11:59:17 IST" duration-ms="6" status="PASS">
          <reporter-output>
          </reporter-output>
        </test-method> <!-- deleteBeforeCatch -->
        <test-method signature="declinedStatus()[pri:61, instance:org.test.CustomerOrganizationQuote@7bab3f1a]" started-at="2023-05-04T11:59:17 IST" name="declinedStatus" finished-at="2023-05-04T11:59:39 IST" duration-ms="21831" status="PASS">
          <reporter-output>
          </reporter-output>
        </test-method> <!-- declinedStatus -->
        <test-method is-config="true" signature="deleteAfterCatch()[pri:0, instance:org.test.CustomerOrganizationQuote@7bab3f1a]" started-at="2023-05-04T11:59:39 IST" name="deleteAfterCatch" finished-at="2023-05-04T11:59:39 IST" duration-ms="6" status="PASS">
          <reporter-output>
          </reporter-output>
        </test-method> <!-- deleteAfterCatch -->
        <test-method is-config="true" signature="deleteBeforeCatch()[pri:0, instance:org.test.CustomerOrganizationQuote@7bab3f1a]" started-at="2023-05-04T11:59:39 IST" name="deleteBeforeCatch" finished-at="2023-05-04T11:59:39 IST" duration-ms="4" status="PASS">
          <reporter-output>
          </reporter-output>
        </test-method> <!-- deleteBeforeCatch -->
        <test-method signature="listQuoteNo()[pri:62, instance:org.test.CustomerOrganizationQuote@7bab3f1a]" started-at="2023-05-04T11:59:39 IST" name="listQuoteNo" finished-at="2023-05-04T11:59:41 IST" duration-ms="1920" status="PASS">
          <reporter-output>
          </reporter-output>
        </test-method> <!-- listQuoteNo -->
        <test-method is-config="true" signature="deleteAfterCatch()[pri:0, instance:org.test.CustomerOrganizationQuote@7bab3f1a]" started-at="2023-05-04T11:59:41 IST" name="deleteAfterCatch" finished-at="2023-05-04T11:59:41 IST" duration-ms="6" status="PASS">
          <reporter-output>
          </reporter-output>
        </test-method> <!-- deleteAfterCatch -->
        <test-method is-config="true" signature="deleteBeforeCatch()[pri:0, instance:org.test.CustomerOrganizationQuote@7bab3f1a]" started-at="2023-05-04T11:59:41 IST" name="deleteBeforeCatch" finished-at="2023-05-04T11:59:41 IST" duration-ms="5" status="PASS">
          <reporter-output>
          </reporter-output>
        </test-method> <!-- deleteBeforeCatch -->
        <test-method signature="listQuoteTittle()[pri:63, instance:org.test.CustomerOrganizationQuote@7bab3f1a]" started-at="2023-05-04T11:59:41 IST" name="listQuoteTittle" finished-at="2023-05-04T11:59:43 IST" duration-ms="2020" status="PASS">
          <reporter-output>
          </reporter-output>
        </test-method> <!-- listQuoteTittle -->
        <test-method is-config="true" signature="deleteAfterCatch()[pri:0, instance:org.test.CustomerOrganizationQuote@7bab3f1a]" started-at="2023-05-04T11:59:43 IST" name="deleteAfterCatch" finished-at="2023-05-04T11:59:43 IST" duration-ms="6" status="PASS">
          <reporter-output>
          </reporter-output>
        </test-method> <!-- deleteAfterCatch -->
        <test-method is-config="true" signature="deleteBeforeCatch()[pri:0, instance:org.test.CustomerOrganizationQuote@7bab3f1a]" started-at="2023-05-04T11:59:43 IST" name="deleteBeforeCatch" finished-at="2023-05-04T11:59:43 IST" duration-ms="5" status="PASS">
          <reporter-output>
          </reporter-output>
        </test-method> <!-- deleteBeforeCatch -->
        <test-method signature="listQuoteReference()[pri:64, instance:org.test.CustomerOrganizationQuote@7bab3f1a]" started-at="2023-05-04T11:59:43 IST" name="listQuoteReference" finished-at="2023-05-04T11:59:45 IST" duration-ms="1441" status="PASS">
          <reporter-output>
          </reporter-output>
        </test-method> <!-- listQuoteReference -->
        <test-method is-config="true" signature="deleteAfterCatch()[pri:0, instance:org.test.CustomerOrganizationQuote@7bab3f1a]" started-at="2023-05-04T11:59:45 IST" name="deleteAfterCatch" finished-at="2023-05-04T11:59:45 IST" duration-ms="10" status="PASS">
          <reporter-output>
          </reporter-output>
        </test-method> <!-- deleteAfterCatch -->
        <test-method is-config="true" signature="deleteBeforeCatch()[pri:0, instance:org.test.CustomerOrganizationQuote@7bab3f1a]" started-at="2023-05-04T11:59:45 IST" name="deleteBeforeCatch" finished-at="2023-05-04T11:59:45 IST" duration-ms="8" status="PASS">
          <reporter-output>
          </reporter-output>
        </test-method> <!-- deleteBeforeCatch -->
        <test-method signature="filterDateInvoice()[pri:65, instance:org.test.CustomerOrganizationQuote@7bab3f1a]" started-at="2023-05-04T11:59:45 IST" name="filterDateInvoice" finished-at="2023-05-04T11:59:47 IST" duration-ms="2079" status="PASS">
          <reporter-output>
          </reporter-output>
        </test-method> <!-- filterDateInvoice -->
        <test-method is-config="true" signature="deleteAfterCatch()[pri:0, instance:org.test.CustomerOrganizationQuote@7bab3f1a]" started-at="2023-05-04T11:59:47 IST" name="deleteAfterCatch" finished-at="2023-05-04T11:59:47 IST" duration-ms="5" status="PASS">
          <reporter-output>
          </reporter-output>
        </test-method> <!-- deleteAfterCatch -->
        <test-method is-config="true" signature="deleteBeforeCatch()[pri:0, instance:org.test.CustomerOrganizationQuote@7bab3f1a]" started-at="2023-05-04T11:59:47 IST" name="deleteBeforeCatch" finished-at="2023-05-04T11:59:47 IST" duration-ms="5" status="PASS">
          <reporter-output>
          </reporter-output>
        </test-method> <!-- deleteBeforeCatch -->
        <test-method signature="listInvalid()[pri:66, instance:org.test.CustomerOrganizationQuote@7bab3f1a]" started-at="2023-05-04T11:59:47 IST" name="listInvalid" finished-at="2023-05-04T11:59:49 IST" duration-ms="1930" status="PASS">
          <reporter-output>
          </reporter-output>
        </test-method> <!-- listInvalid -->
        <test-method is-config="true" signature="deleteAfterCatch()[pri:0, instance:org.test.CustomerOrganizationQuote@7bab3f1a]" started-at="2023-05-04T11:59:49 IST" name="deleteAfterCatch" finished-at="2023-05-04T11:59:49 IST" duration-ms="4" status="PASS">
          <reporter-output>
          </reporter-output>
        </test-method> <!-- deleteAfterCatch -->
        <test-method is-config="true" signature="exitBrowser()[pri:0, instance:org.test.CustomerOrganizationQuote@7bab3f1a]" started-at="2023-05-04T11:59:49 IST" name="exitBrowser" finished-at="2023-05-04T11:59:49 IST" duration-ms="236" status="PASS">
          <reporter-output>
          </reporter-output>
        </test-method> <!-- exitBrowser -->
      </class> <!-- org.test.CustomerOrganizationQuote -->
      <class name="org.test.GlobalContactInvoice">
        <test-method is-config="true" signature="setup()[pri:0, instance:org.test.GlobalContactInvoice@12aba8be]" started-at="2023-05-04T12:12:10 IST" name="setup" finished-at="2023-05-04T12:12:11 IST" duration-ms="853" status="PASS">
          <reporter-output>
          </reporter-output>
        </test-method> <!-- setup -->
        <test-method is-config="true" signature="deleteBeforeCatch()[pri:0, instance:org.test.GlobalContactInvoice@12aba8be]" started-at="2023-05-04T12:12:11 IST" name="deleteBeforeCatch" finished-at="2023-05-04T12:12:11 IST" duration-ms="5" status="PASS">
          <reporter-output>
          </reporter-output>
        </test-method> <!-- deleteBeforeCatch -->
[...]
          <reporter-output>
          </reporter-output>
        </test-method> <!-- maxLimitEditDiscountField -->
        <test-method is-config="true" signature="deleteAfterCatch()[pri:0, instance:org.test.CustomerOrganizationInvoice@3cebbb30]" started-at="2023-05-04T12:11:17 IST" name="deleteAfterCatch" finished-at="2023-05-04T12:11:17 IST" duration-ms="5" status="PASS">
          <reporter-output>
          </reporter-output>
        </test-method> <!-- deleteAfterCatch -->
        <test-method is-config="true" signature="deleteBeforeCatch()[pri:0, instance:org.test.CustomerOrganizationInvoice@3cebbb30]" started-at="2023-05-04T12:11:17 IST" name="deleteBeforeCatch" finished-at="2023-05-04T12:11:17 IST" duration-ms="6" status="PASS">
          <reporter-output>
          </reporter-output>
        </test-method> <!-- deleteBeforeCatch -->
        <test-method signature="afterDecimalEditPointTaxField()[pri:51, instance:org.test.CustomerOrganizationInvoice@3cebbb30]" started-at="2023-05-04T12:11:17 IST" name="afterDecimalEditPointTaxField" finished-at="2023-05-04T12:11:17 IST" duration-ms="194" status="PASS">
          <reporter-output>
          </reporter-output>
        </test-method> <!-- afterDecimalEditPointTaxField -->
        <test-method is-config="true" signature="deleteAfterCatch()[pri:0, instance:org.test.CustomerOrganizationInvoice@3cebbb30]" started-at="2023-05-04T12:11:17 IST" name="deleteAfterCatch" finished-at="2023-05-04T12:11:17 IST" duration-ms="5" status="PASS">
          <reporter-output>
          </reporter-output>
        </test-method> <!-- deleteAfterCatch -->
        <test-method is-config="true" signature="deleteBeforeCatch()[pri:0, instance:org.test.CustomerOrganizationInvoice@3cebbb30]" started-at="2023-05-04T12:11:17 IST" name="deleteBeforeCatch" finished-at="2023-05-04T12:11:17 IST" duration-ms="7" status="PASS">
          <reporter-output>
          </reporter-output>
        </test-method> <!-- deleteBeforeCatch -->
        <test-method signature="beforeDecimalEditPointTaxField()[pri:52, instance:org.test.CustomerOrganizationInvoice@3cebbb30]" started-at="2023-05-04T12:11:17 IST" name="beforeDecimalEditPointTaxField" finished-at="2023-05-04T12:11:18 IST" duration-ms="176" status="PASS">
          <reporter-output>
          </reporter-output>
        </test-method> <!-- beforeDecimalEditPointTaxField -->
        <test-method is-config="true" signature="deleteAfterCatch()[pri:0, instance:org.test.CustomerOrganizationInvoice@3cebbb30]" started-at="2023-05-04T12:11:18 IST" name="deleteAfterCatch" finished-at="2023-05-04T12:11:18 IST" duration-ms="8" status="PASS">
          <reporter-output>
          </reporter-output>
        </test-method> <!-- deleteAfterCatch -->
        <test-method is-config="true" signature="deleteBeforeCatch()[pri:0, instance:org.test.CustomerOrganizationInvoice@3cebbb30]" started-at="2023-05-04T12:11:18 IST" name="deleteBeforeCatch" finished-at="2023-05-04T12:11:18 IST" duration-ms="7" status="PASS">
          <reporter-output>
          </reporter-output>
        </test-method> <!-- deleteBeforeCatch -->
        <test-method signature="maxEditLimitTaxField()[pri:53, instance:org.test.CustomerOrganizationInvoice@3cebbb30]" started-at="2023-05-04T12:11:18 IST" name="maxEditLimitTaxField" finished-at="2023-05-04T12:11:18 IST" duration-ms="256" status="PASS">
          <reporter-output>
          </reporter-output>
        </test-method> <!-- maxEditLimitTaxField -->
        <test-method is-config="true" signature="deleteAfterCatch()[pri:0, instance:org.test.CustomerOrganizationInvoice@3cebbb30]" started-at="2023-05-04T12:11:18 IST" name="deleteAfterCatch" finished-at="2023-05-04T12:11:18 IST" duration-ms="8" status="PASS">
          <reporter-output>
          </reporter-output>
        </test-method> <!-- deleteAfterCatch -->
        <test-method is-config="true" signature="deleteBeforeCatch()[pri:0, instance:org.test.CustomerOrganizationInvoice@3cebbb30]" started-at="2023-05-04T12:11:18 IST" name="deleteBeforeCatch" finished-at="2023-05-04T12:11:18 IST" duration-ms="12" status="PASS">
          <reporter-output>
          </reporter-output>
        </test-method> <!-- deleteBeforeCatch -->
        <test-method signature="maximumEditValidationDescription()[pri:54, instance:org.test.CustomerOrganizationInvoice@3cebbb30]" started-at="2023-05-04T12:11:18 IST" name="maximumEditValidationDescription" finished-at="2023-05-04T12:11:20 IST" duration-ms="2287" status="PASS">
          <reporter-output>
          </reporter-output>
        </test-method> <!-- maximumEditValidationDescription -->
        <test-method is-config="true" signature="deleteAfterCatch()[pri:0, instance:org.test.CustomerOrganizationInvoice@3cebbb30]" started-at="2023-05-04T12:11:20 IST" name="deleteAfterCatch" finished-at="2023-05-04T12:11:20 IST" duration-ms="14" status="PASS">
          <reporter-output>
          </reporter-output>
        </test-method> <!-- deleteAfterCatch -->
        <test-method is-config="true" signature="deleteBeforeCatch()[pri:0, instance:org.test.CustomerOrganizationInvoice@3cebbb30]" started-at="2023-05-04T12:11:20 IST" name="deleteBeforeCatch" finished-at="2023-05-04T12:11:20 IST" duration-ms="11" status="PASS">
          <reporter-output>
          </reporter-output>
        </test-method> <!-- deleteBeforeCatch -->
        <test-method signature="maximumEditValidationNotes()[pri:55, instance:org.test.CustomerOrganizationInvoice@3cebbb30]" started-at="2023-05-04T12:11:20 IST" name="maximumEditValidationNotes" finished-at="2023-05-04T12:11:25 IST" duration-ms="4723" status="PASS">
          <reporter-output>
          </reporter-output>
        </test-method> <!-- maximumEditValidationNotes -->
        <test-method is-config="true" signature="deleteAfterCatch()[pri:0, instance:org.test.CustomerOrganizationInvoice@3cebbb30]" started-at="2023-05-04T12:11:25 IST" name="deleteAfterCatch" finished-at="2023-05-04T12:11:25 IST" duration-ms="7" status="PASS">
          <reporter-output>
          </reporter-output>
        </test-method> <!-- deleteAfterCatch -->
        <test-method is-config="true" signature="deleteBeforeCatch()[pri:0, instance:org.test.CustomerOrganizationInvoice@3cebbb30]" started-at="2023-05-04T12:11:25 IST" name="deleteBeforeCatch" finished-at="2023-05-04T12:11:25 IST" duration-ms="7" status="PASS">
          <reporter-output>
          </reporter-output>
        </test-method> <!-- deleteBeforeCatch -->
        <test-method signature="expiryEditFieldPastDateValidation()[pri:56, instance:org.test.CustomerOrganizationInvoice@3cebbb30]" started-at="2023-05-04T12:11:25 IST" name="expiryEditFieldPastDateValidation" finished-at="2023-05-04T12:11:33 IST" duration-ms="7878" status="PASS">
          <reporter-output>
          </reporter-output>
        </test-method> <!-- expiryEditFieldPastDateValidation -->
        <test-method is-config="true" signature="deleteAfterCatch()[pri:0, instance:org.test.CustomerOrganizationInvoice@3cebbb30]" started-at="2023-05-04T12:11:33 IST" name="deleteAfterCatch" finished-at="2023-05-04T12:11:33 IST" duration-ms="7" status="PASS">
          <reporter-output>
          </reporter-output>
        </test-method> <!-- deleteAfterCatch -->
        <test-method is-config="true" signature="deleteBeforeCatch()[pri:0, instance:org.test.CustomerOrganizationInvoice@3cebbb30]" started-at="2023-05-04T12:11:33 IST" name="deleteBeforeCatch" finished-at="2023-05-04T12:11:33 IST" duration-ms="6" status="PASS">
          <reporter-output>
          </reporter-output>
        </test-method> <!-- deleteBeforeCatch -->
        <test-method signature="updatedInvoice()[pri:57, instance:org.test.CustomerOrganizationInvoice@3cebbb30]" started-at="2023-05-04T12:11:33 IST" name="updatedInvoice" finished-at="2023-05-04T12:11:45 IST" duration-ms="12163" status="PASS">
          <reporter-output>
          </reporter-output>
        </test-method> <!-- updatedInvoice -->
        <test-method is-config="true" signature="deleteAfterCatch()[pri:0, instance:org.test.CustomerOrganizationInvoice@3cebbb30]" started-at="2023-05-04T12:11:45 IST" name="deleteAfterCatch" finished-at="2023-05-04T12:11:45 IST" duration-ms="8" status="PASS">
          <reporter-output>
          </reporter-output>
        </test-method> <!-- deleteAfterCatch -->
        <test-method is-config="true" signature="deleteBeforeCatch()[pri:0, instance:org.test.CustomerOrganizationInvoice@3cebbb30]" started-at="2023-05-04T12:11:45 IST" name="deleteBeforeCatch" finished-at="2023-05-04T12:11:45 IST" duration-ms="5" status="PASS">
          <reporter-output>
          </reporter-output>
        </test-method> <!-- deleteBeforeCatch -->
        <test-method signature="draftInvoice()[pri:58, instance:org.test.CustomerOrganizationInvoice@3cebbb30]" started-at="2023-05-04T12:11:45 IST" name="draftInvoice" finished-at="2023-05-04T12:11:50 IST" duration-ms="5432" status="PASS">
          <reporter-output>
          </reporter-output>
        </test-method> <!-- draftInvoice -->
        <test-method is-config="true" signature="deleteAfterCatch()[pri:0, instance:org.test.CustomerOrganizationInvoice@3cebbb30]" started-at="2023-05-04T12:11:50 IST" name="deleteAfterCatch" finished-at="2023-05-04T12:11:50 IST" duration-ms="9" status="PASS">
          <reporter-output>
          </reporter-output>
        </test-method> <!-- deleteAfterCatch -->
        <test-method is-config="true" signature="deleteBeforeCatch()[pri:0, instance:org.test.CustomerOrganizationInvoice@3cebbb30]" started-at="2023-05-04T12:11:50 IST" name="deleteBeforeCatch" finished-at="2023-05-04T12:11:50 IST" duration-ms="6" status="PASS">
          <reporter-output>
          </reporter-output>
        </test-method> <!-- deleteBeforeCatch -->
        <test-method signature="createdQuoteStatus()[pri:59, instance:org.test.CustomerOrganizationInvoice@3cebbb30]" started-at="2023-05-04T12:11:50 IST" name="createdQuoteStatus" finished-at="2023-05-04T12:11:50 IST" duration-ms="82" status="PASS">
          <reporter-output>
          </reporter-output>
        </test-method> <!-- createdQuoteStatus -->
        <test-method is-config="true" signature="deleteAfterCatch()[pri:0, instance:org.test.CustomerOrganizationInvoice@3cebbb30]" started-at="2023-05-04T12:11:50 IST" name="deleteAfterCatch" finished-at="2023-05-04T12:11:50 IST" duration-ms="7" status="PASS">
          <reporter-output>
          </reporter-output>
        </test-method> <!-- deleteAfterCatch -->
        <test-method is-config="true" signature="deleteBeforeCatch()[pri:0, instance:org.test.CustomerOrganizationInvoice@3cebbb30]" started-at="2023-05-04T12:11:50 IST" name="deleteBeforeCatch" finished-at="2023-05-04T12:11:50 IST" duration-ms="7" status="PASS">
          <reporter-output>
          </reporter-output>
        </test-method> <!-- deleteBeforeCatch -->
        <test-method signature="UpdatedInvociePartialPayment()[pri:60, instance:org.test.CustomerOrganizationInvoice@3cebbb30]" started-at="2023-05-04T12:11:50 IST" name="UpdatedInvociePartialPayment" finished-at="2023-05-04T12:11:55 IST" duration-ms="4436" status="PASS">
          <reporter-output>
          </reporter-output>
        </test-method> <!-- UpdatedInvociePartialPayment -->
        <test-method is-config="true" signature="deleteAfterCatch()[pri:0, instance:org.test.CustomerOrganizationInvoice@3cebbb30]" started-at="2023-05-04T12:11:55 IST" name="deleteAfterCatch" finished-at="2023-05-04T12:11:55 IST" duration-ms="5" status="PASS">
          <reporter-output>
          </reporter-output>
        </test-method> <!-- deleteAfterCatch -->
        <test-method is-config="true" signature="deleteBeforeCatch()[pri:0, instance:org.test.CustomerOrganizationInvoice@3cebbb30]" started-at="2023-05-04T12:11:55 IST" name="deleteBeforeCatch" finished-at="2023-05-04T12:11:55 IST" duration-ms="5" status="PASS">
          <reporter-output>
          </reporter-output>
        </test-method> <!-- deleteBeforeCatch -->
        <test-method signature="partialPaidAmount()[pri:61, instance:org.test.CustomerOrganizationInvoice@3cebbb30]" started-at="2023-05-04T12:11:55 IST" name="partialPaidAmount" finished-at="2023-05-04T12:11:55 IST" duration-ms="41" status="PASS">
          <reporter-output>
          </reporter-output>
        </test-method> <!-- partialPaidAmount -->
        <test-method is-config="true" signature="deleteAfterCatch()[pri:0, instance:org.test.CustomerOrganizationInvoice@3cebbb30]" started-at="2023-05-04T12:11:55 IST" name="deleteAfterCatch" finished-at="2023-05-04T12:11:55 IST" duration-ms="5" status="PASS">
          <reporter-output>
          </reporter-output>
        </test-method> <!-- deleteAfterCatch -->
        <test-method is-config="true" signature="deleteBeforeCatch()[pri:0, instance:org.test.CustomerOrganizationInvoice@3cebbb30]" started-at="2023-05-04T12:11:55 IST" name="deleteBeforeCatch" finished-at="2023-05-04T12:11:55 IST" duration-ms="5" status="PASS">
          <reporter-output>
          </reporter-output>
        </test-method> <!-- deleteBeforeCatch -->
        <test-method signature="UpdatedInvociePaid()[pri:62, instance:org.test.CustomerOrganizationInvoice@3cebbb30]" started-at="2023-05-04T12:11:55 IST" name="UpdatedInvociePaid" finished-at="2023-05-04T12:12:02 IST" duration-ms="7014" status="PASS">
          <reporter-output>
          </reporter-output>
        </test-method> <!-- UpdatedInvociePaid -->
        <test-method is-config="true" signature="deleteAfterCatch()[pri:0, instance:org.test.CustomerOrganizationInvoice@3cebbb30]" started-at="2023-05-04T12:12:02 IST" name="deleteAfterCatch" finished-at="2023-05-04T12:12:02 IST" duration-ms="5" status="PASS">
          <reporter-output>
          </reporter-output>
        </test-method> <!-- deleteAfterCatch -->
        <test-method is-config="true" signature="deleteBeforeCatch()[pri:0, instance:org.test.CustomerOrganizationInvoice@3cebbb30]" started-at="2023-05-04T12:12:02 IST" name="deleteBeforeCatch" finished-at="2023-05-04T12:12:02 IST" duration-ms="4" status="PASS">
          <reporter-output>
          </reporter-output>
        </test-method> <!-- deleteBeforeCatch -->
        <test-method signature="fullyPaidAmount()[pri:62, instance:org.test.CustomerOrganizationInvoice@3cebbb30]" started-at="2023-05-04T12:12:02 IST" name="fullyPaidAmount" finished-at="2023-05-04T12:12:02 IST" duration-ms="81" status="PASS">
          <reporter-output>
          </reporter-output>
        </test-method> <!-- fullyPaidAmount -->
        <test-method is-config="true" signature="deleteAfterCatch()[pri:0, instance:org.test.CustomerOrganizationInvoice@3cebbb30]" started-at="2023-05-04T12:12:02 IST" name="deleteAfterCatch" finished-at="2023-05-04T12:12:02 IST" duration-ms="5" status="PASS">
          <reporter-output>
          </reporter-output>
        </test-method> <!-- deleteAfterCatch -->
        <test-method is-config="true" signature="deleteBeforeCatch()[pri:0, instance:org.test.CustomerOrganizationInvoice@3cebbb30]" started-at="2023-05-04T12:12:02 IST" name="deleteBeforeCatch" finished-at="2023-05-04T12:12:02 IST" duration-ms="5" status="PASS">
          <reporter-output>
          </reporter-output>
        </test-method> <!-- deleteBeforeCatch -->
        <test-method signature="listInvoiceNo()[pri:63, instance:org.test.CustomerOrganizationInvoice@3cebbb30]" started-at="2023-05-04T12:12:02 IST" name="listInvoiceNo" finished-at="2023-05-04T12:12:04 IST" duration-ms="2120" status="PASS">
          <reporter-output>
          </reporter-output>
        </test-method> <!-- listInvoiceNo -->
        <test-method is-config="true" signature="deleteAfterCatch()[pri:0, instance:org.test.CustomerOrganizationInvoice@3cebbb30]" started-at="2023-05-04T12:12:04 IST" name="deleteAfterCatch" finished-at="2023-05-04T12:12:04 IST" duration-ms="5" status="PASS">
          <reporter-output>
          </reporter-output>
        </test-method> <!-- deleteAfterCatch -->
        <test-method is-config="true" signature="deleteBeforeCatch()[pri:0, instance:org.test.CustomerOrganizationInvoice@3cebbb30]" started-at="2023-05-04T12:12:04 IST" name="deleteBeforeCatch" finished-at="2023-05-04T12:12:04 IST" duration-ms="7" status="PASS">
          <reporter-output>
          </reporter-output>
        </test-method> <!-- deleteBeforeCatch -->
        <test-method signature="listQuoteReference()[pri:64, instance:org.test.CustomerOrganizationInvoice@3cebbb30]" started-at="2023-05-04T12:12:04 IST" name="listQuoteReference" finished-at="2023-05-04T12:12:07 IST" duration-ms="2503" status="PASS">
          <reporter-output>
          </reporter-output>
        </test-method> <!-- listQuoteReference -->
        <test-method is-config="true" signature="deleteAfterCatch()[pri:0, instance:org.test.CustomerOrganizationInvoice@3cebbb30]" started-at="2023-05-04T12:12:07 IST" name="deleteAfterCatch" finished-at="2023-05-04T12:12:07 IST" duration-ms="9" status="PASS">
          <reporter-output>
          </reporter-output>
        </test-method> <!-- deleteAfterCatch -->
        <test-method is-config="true" signature="deleteBeforeCatch()[pri:0, instance:org.test.CustomerOrganizationInvoice@3cebbb30]" started-at="2023-05-04T12:12:07 IST" name="deleteBeforeCatch" finished-at="2023-05-04T12:12:07 IST" duration-ms="5" status="PASS">
          <reporter-output>
          </reporter-output>
        </test-method> <!-- deleteBeforeCatch -->
        <test-method signature="filterDateInvoice()[pri:65, instance:org.test.CustomerOrganizationInvoice@3cebbb30]" started-at="2023-05-04T12:12:07 IST" name="filterDateInvoice" finished-at="2023-05-04T12:12:08 IST" duration-ms="1550" status="PASS">
          <reporter-output>
          </reporter-output>
        </test-method> <!-- filterDateInvoice -->
        <test-method is-config="true" signature="deleteAfterCatch()[pri:0, instance:org.test.CustomerOrganizationInvoice@3cebbb30]" started-at="2023-05-04T12:12:08 IST" name="deleteAfterCatch" finished-at="2023-05-04T12:12:08 IST" duration-ms="8" status="PASS">
          <reporter-output>
          </reporter-output>
        </test-method> <!-- deleteAfterCatch -->
        <test-method is-config="true" signature="deleteBeforeCatch()[pri:0, instance:org.test.CustomerOrganizationInvoice@3cebbb30]" started-at="2023-05-04T12:12:08 IST" name="deleteBeforeCatch" finished-at="2023-05-04T12:12:08 IST" duration-ms="6" status="PASS">
          <reporter-output>
          </reporter-output>
        </test-method> <!-- deleteBeforeCatch -->
        <test-method signature="listInvalid()[pri:66, instance:org.test.CustomerOrganizationInvoice@3cebbb30]" started-at="2023-05-04T12:12:08 IST" name="listInvalid" finished-at="2023-05-04T12:12:10 IST" duration-ms="1191" status="PASS">
          <reporter-output>
          </reporter-output>
        </test-method> <!-- listInvalid -->
        <test-method is-config="true" signature="deleteAfterCatch()[pri:0, instance:org.test.CustomerOrganizationInvoice@3cebbb30]" started-at="2023-05-04T12:12:10 IST" name="deleteAfterCatch" finished-at="2023-05-04T12:12:10 IST" duration-ms="6" status="PASS">
          <reporter-output>
          </reporter-output>
        </test-method> <!-- deleteAfterCatch -->
        <test-method is-config="true" signature="exitBrowser()[pri:0, instance:org.test.CustomerOrganizationInvoice@3cebbb30]" started-at="2023-05-04T12:12:10 IST" name="exitBrowser" finished-at="2023-05-04T12:12:10 IST" duration-ms="206" status="PASS">
          <reporter-output>
          </reporter-output>
        </test-method> <!-- exitBrowser -->
      </class> <!-- org.test.CustomerOrganizationInvoice -->
    </test> <!-- Test -->
  </suite> <!-- Suite -->
</testng-results>
