<?xml version="1.0" encoding="UTF-8"?>
<testng-results ignored="0" total="35" passed="35" failed="0" skipped="0">
  <reporter-output>
  </reporter-output>
  <suite started-at="2023-01-07T02:12:51 IST" name="Default suite" finished-at="2023-01-07T02:14:35 IST" duration-ms="103211">
    <groups>
    </groups>
    <test started-at="2023-01-07T02:12:51 IST" name="Default test" finished-at="2023-01-07T02:14:35 IST" duration-ms="103211">
      <class name="org.test.CustomerCreateContactModule">
        <test-method is-config="true" signature="setup()[pri:0, instance:org.test.CustomerCreateContactModule@a530d0a]" started-at="2023-01-07T02:12:51 IST" name="setup" finished-at="2023-01-07T02:12:53 IST" duration-ms="1718" status="PASS">
          <reporter-output>
          </reporter-output>
        </test-method> <!-- setup -->
        <test-method signature="loginPage()[pri:-1, instance:org.test.CustomerCreateContactModule@a530d0a]" started-at="2023-01-07T02:12:53 IST" name="loginPage" finished-at="2023-01-07T02:13:25 IST" duration-ms="31461" status="PASS">
          <reporter-output>
          </reporter-output>
        </test-method> <!-- loginPage -->
        <test-method signature="contactModule()[pri:0, instance:org.test.CustomerCreateContactModule@a530d0a]" started-at="2023-01-07T02:13:25 IST" name="contactModule" finished-at="2023-01-07T02:13:35 IST" duration-ms="10040" status="PASS">
          <reporter-output>
          </reporter-output>
        </test-method> <!-- contactModule -->
        <test-method signature="maxValidationFirstNameField()[pri:3, instance:org.test.CustomerCreateContactModule@a530d0a]" started-at="2023-01-07T02:13:35 IST" name="maxValidationFirstNameField" finished-at="2023-01-07T02:13:39 IST" duration-ms="4713" status="PASS">
          <reporter-output>
          </reporter-output>
        </test-method> <!-- maxValidationFirstNameField -->
        <test-method signature="mandatoryValidation()[pri:4, instance:org.test.CustomerCreateContactModule@a530d0a]" started-at="2023-01-07T02:13:39 IST" name="mandatoryValidation" finished-at="2023-01-07T02:13:40 IST" duration-ms="207" status="PASS">
          <reporter-output>
          </reporter-output>
        </test-method> <!-- mandatoryValidation -->
        <test-method signature="maxValidationLastNameField()[pri:5, instance:org.test.CustomerCreateContactModule@a530d0a]" started-at="2023-01-07T02:13:40 IST" name="maxValidationLastNameField" finished-at="2023-01-07T02:13:40 IST" duration-ms="762" status="PASS">
          <reporter-output>
          </reporter-output>
        </test-method> <!-- maxValidationLastNameField -->
        <test-method signature="maxValidationJobTittle()[pri:6, instance:org.test.CustomerCreateContactModule@a530d0a]" started-at="2023-01-07T02:13:40 IST" name="maxValidationJobTittle" finished-at="2023-01-07T02:13:41 IST" duration-ms="746" status="PASS">
          <reporter-output>
          </reporter-output>
        </test-method> <!-- maxValidationJobTittle -->
        <test-method signature="maxValidationEmailField()[pri:7, instance:org.test.CustomerCreateContactModule@a530d0a]" started-at="2023-01-07T02:13:41 IST" name="maxValidationEmailField" finished-at="2023-01-07T02:13:42 IST" duration-ms="765" status="PASS">
          <reporter-output>
          </reporter-output>
        </test-method> <!-- maxValidationEmailField -->
        <test-method signature="invalidValidationEmailField()[pri:8, instance:org.test.CustomerCreateContactModule@a530d0a]" started-at="2023-01-07T02:13:42 IST" name="invalidValidationEmailField" finished-at="2023-01-07T02:13:42 IST" duration-ms="181" status="PASS">
          <reporter-output>
          </reporter-output>
        </test-method> <!-- invalidValidationEmailField -->
        <test-method signature="minValidationPhoneNumberField()[pri:9, instance:org.test.CustomerCreateContactModule@a530d0a]" started-at="2023-01-07T02:13:42 IST" name="minValidationPhoneNumberField" finished-at="2023-01-07T02:13:42 IST" duration-ms="187" status="PASS">
          <reporter-output>
          </reporter-output>
        </test-method> <!-- minValidationPhoneNumberField -->
        <test-method signature="maxValidationPhoneNumberField()[pri:10, instance:org.test.CustomerCreateContactModule@a530d0a]" started-at="2023-01-07T02:13:42 IST" name="maxValidationPhoneNumberField" finished-at="2023-01-07T02:13:43 IST" duration-ms="364" status="PASS">
          <reporter-output>
          </reporter-output>
        </test-method> <!-- maxValidationPhoneNumberField -->
        <test-method signature="maxValidationPropertyFirstNameField()[pri:11, instance:org.test.CustomerCreateContactModule@a530d0a]" started-at="2023-01-07T02:13:43 IST" name="maxValidationPropertyFirstNameField" finished-at="2023-01-07T02:13:43 IST" duration-ms="770" status="PASS">
          <reporter-output>
          </reporter-output>
        </test-method> <!-- maxValidationPropertyFirstNameField -->
        <test-method signature="maxValidationPropertyLastNameField()[pri:12, instance:org.test.CustomerCreateContactModule@a530d0a]" started-at="2023-01-07T02:13:43 IST" name="maxValidationPropertyLastNameField" finished-at="2023-01-07T02:13:44 IST" duration-ms="753" status="PASS">
          <reporter-output>
          </reporter-output>
        </test-method> <!-- maxValidationPropertyLastNameField -->
        <test-method signature="maxValidationPropertyNameeField()[pri:13, instance:org.test.CustomerCreateContactModule@a530d0a]" started-at="2023-01-07T02:13:44 IST" name="maxValidationPropertyNameeField" finished-at="2023-01-07T02:13:45 IST" duration-ms="735" status="PASS">
          <reporter-output>
          </reporter-output>
        </test-method> <!-- maxValidationPropertyNameeField -->
        <test-method signature="maxValidationAddress1()[pri:14, instance:org.test.CustomerCreateContactModule@a530d0a]" started-at="2023-01-07T02:13:45 IST" name="maxValidationAddress1" finished-at="2023-01-07T02:13:46 IST" duration-ms="767" status="PASS">
          <reporter-output>
          </reporter-output>
        </test-method> <!-- maxValidationAddress1 -->
        <test-method signature="maxValidationAddress22Field()[pri:15, instance:org.test.CustomerCreateContactModule@a530d0a]" started-at="2023-01-07T02:13:46 IST" name="maxValidationAddress22Field" finished-at="2023-01-07T02:13:46 IST" duration-ms="757" status="PASS">
          <reporter-output>
          </reporter-output>
        </test-method> <!-- maxValidationAddress22Field -->
        <test-method signature="maxValidationCityField()[pri:16, instance:org.test.CustomerCreateContactModule@a530d0a]" started-at="2023-01-07T02:13:46 IST" name="maxValidationCityField" finished-at="2023-01-07T02:13:47 IST" duration-ms="742" status="PASS">
          <reporter-output>
          </reporter-output>
        </test-method> <!-- maxValidationCityField -->
        <test-method signature="maxValidationStateField()[pri:17, instance:org.test.CustomerCreateContactModule@a530d0a]" started-at="2023-01-07T02:13:47 IST" name="maxValidationStateField" finished-at="2023-01-07T02:13:48 IST" duration-ms="726" status="PASS">
          <reporter-output>
          </reporter-output>
        </test-method> <!-- maxValidationStateField -->
        <test-method signature="minValidationZipcodeField()[pri:18, instance:org.test.CustomerCreateContactModule@a530d0a]" started-at="2023-01-07T02:13:48 IST" name="minValidationZipcodeField" finished-at="2023-01-07T02:13:48 IST" duration-ms="377" status="PASS">
          <reporter-output>
          </reporter-output>
        </test-method> <!-- minValidationZipcodeField -->
        <test-method signature="maxValidationZipcodeField()[pri:19, instance:org.test.CustomerCreateContactModule@a530d0a]" started-at="2023-01-07T02:13:48 IST" name="maxValidationZipcodeField" finished-at="2023-01-07T02:13:49 IST" duration-ms="367" status="PASS">
          <reporter-output>
          </reporter-output>
        </test-method> <!-- maxValidationZipcodeField -->
        <test-method signature="maxValidationProductNameField()[pri:20, instance:org.test.CustomerCreateContactModule@a530d0a]" started-at="2023-01-07T02:13:49 IST" name="maxValidationProductNameField" finished-at="2023-01-07T02:13:49 IST" duration-ms="791" status="PASS">
          <reporter-output>
          </reporter-output>
        </test-method> <!-- maxValidationProductNameField -->
        <test-method signature="maxValidationBrandNameField()[pri:21, instance:org.test.CustomerCreateContactModule@a530d0a]" started-at="2023-01-07T02:13:49 IST" name="maxValidationBrandNameField" finished-at="2023-01-07T02:13:50 IST" duration-ms="739" status="PASS">
          <reporter-output>
          </reporter-output>
        </test-method> <!-- maxValidationBrandNameField -->
        <test-method signature="maxValdidationModelNumberField()[pri:22, instance:org.test.CustomerCreateContactModule@a530d0a]" started-at="2023-01-07T02:13:50 IST" name="maxValdidationModelNumberField" finished-at="2023-01-07T02:13:51 IST" duration-ms="750" status="PASS">
          <reporter-output>
          </reporter-output>
        </test-method> <!-- maxValdidationModelNumberField -->
        <test-method signature="maxValidationSerialNumberField()[pri:23, instance:org.test.CustomerCreateContactModule@a530d0a]" started-at="2023-01-07T02:13:51 IST" name="maxValidationSerialNumberField" finished-at="2023-01-07T02:13:52 IST" duration-ms="730" status="PASS">
          <reporter-output>
          </reporter-output>
        </test-method> <!-- maxValidationSerialNumberField -->
        <test-method signature="maxValidationAccessHoursField()[pri:24, instance:org.test.CustomerCreateContactModule@a530d0a]" started-at="2023-01-07T02:13:52 IST" name="maxValidationAccessHoursField" finished-at="2023-01-07T02:13:52 IST" duration-ms="765" status="PASS">
          <reporter-output>
          </reporter-output>
        </test-method> <!-- maxValidationAccessHoursField -->
        <test-method signature="maxValidationInstallationNotesField()[pri:25, instance:org.test.CustomerCreateContactModule@a530d0a]" started-at="2023-01-07T02:13:52 IST" name="maxValidationInstallationNotesField" finished-at="2023-01-07T02:13:57 IST" duration-ms="4869" status="PASS">
          <reporter-output>
          </reporter-output>
        </test-method> <!-- maxValidationInstallationNotesField -->
        <test-method signature="CreateContact()[pri:29, instance:org.test.CustomerCreateContactModule@a530d0a]" started-at="2023-01-07T02:13:57 IST" name="CreateContact" finished-at="2023-01-07T02:14:03 IST" duration-ms="5985" status="PASS">
          <reporter-output>
          </reporter-output>
        </test-method> <!-- CreateContact -->
        <test-method signature="alreadyExistedMail()[pri:30, instance:org.test.CustomerCreateContactModule@a530d0a]" started-at="2023-01-07T02:14:03 IST" name="alreadyExistedMail" finished-at="2023-01-07T02:14:07 IST" duration-ms="3276" status="PASS">
          <reporter-output>
          </reporter-output>
        </test-method> <!-- alreadyExistedMail -->
        <test-method signature="characterFilterValidation()[pri:31, instance:org.test.CustomerCreateContactModule@a530d0a]" started-at="2023-01-07T02:14:07 IST" name="characterFilterValidation" finished-at="2023-01-07T02:14:09 IST" duration-ms="2787" status="PASS">
          <reporter-output>
          </reporter-output>
        </test-method> <!-- characterFilterValidation -->
        <test-method signature="searchListNameField()[pri:32, instance:org.test.CustomerCreateContactModule@a530d0a]" started-at="2023-01-07T02:14:09 IST" name="searchListNameField" finished-at="2023-01-07T02:14:11 IST" duration-ms="1539" status="PASS">
          <reporter-output>
          </reporter-output>
        </test-method> <!-- searchListNameField -->
        <test-method signature="searchListPhoneNumberField()[pri:33, instance:org.test.CustomerCreateContactModule@a530d0a]" started-at="2023-01-07T02:14:11 IST" name="searchListPhoneNumberField" finished-at="2023-01-07T02:14:15 IST" duration-ms="4547" status="PASS">
          <reporter-output>
          </reporter-output>
        </test-method> <!-- searchListPhoneNumberField -->
        <test-method signature="searchListEmailField()[pri:34, instance:org.test.CustomerCreateContactModule@a530d0a]" started-at="2023-01-07T02:14:15 IST" name="searchListEmailField" finished-at="2023-01-07T02:14:19 IST" duration-ms="3767" status="PASS">
          <reporter-output>
          </reporter-output>
        </test-method> <!-- searchListEmailField -->
        <test-method signature="filterField()[pri:35, instance:org.test.CustomerCreateContactModule@a530d0a]" started-at="2023-01-07T02:14:19 IST" name="filterField" finished-at="2023-01-07T02:14:21 IST" duration-ms="1930" status="PASS">
          <reporter-output>
          </reporter-output>
        </test-method> <!-- filterField -->
        <test-method signature="searchInvalidListName()[pri:36, instance:org.test.CustomerCreateContactModule@a530d0a]" started-at="2023-01-07T02:14:21 IST" name="searchInvalidListName" finished-at="2023-01-07T02:14:23 IST" duration-ms="1483" status="PASS">
          <reporter-output>
          </reporter-output>
        </test-method> <!-- searchInvalidListName -->
        <test-method signature="editContactList()[pri:37, instance:org.test.CustomerCreateContactModule@a530d0a]" started-at="2023-01-07T02:14:23 IST" name="editContactList" finished-at="2023-01-07T02:14:31 IST" duration-ms="8348" status="PASS">
          <reporter-output>
          </reporter-output>
        </test-method> <!-- editContactList -->
        <test-method signature="deleteContactList()[pri:39, instance:org.test.CustomerCreateContactModule@a530d0a]" started-at="2023-01-07T02:14:31 IST" name="deleteContactList" finished-at="2023-01-07T02:14:34 IST" duration-ms="3138" status="PASS">
          <reporter-output>
          </reporter-output>
        </test-method> <!-- deleteContactList -->
        <test-method is-config="true" signature="exitBrowser()[pri:0, instance:org.test.CustomerCreateContactModule@a530d0a]" started-at="2023-01-07T02:14:34 IST" name="exitBrowser" finished-at="2023-01-07T02:14:35 IST" duration-ms="544" status="PASS">
          <reporter-output>
          </reporter-output>
        </test-method> <!-- exitBrowser -->
      </class> <!-- org.test.CustomerCreateContactModule -->
    </test> <!-- Default test -->
  </suite> <!-- Default suite -->
</testng-results>
