<?xml version="1.0" encoding="UTF-8"?>
<testng-results ignored="0" total="7" passed="7" failed="0" skipped="0">
  <reporter-output>
  </reporter-output>
  <suite started-at="2023-01-05T13:39:37 IST" name="Default suite" finished-at="2023-01-05T13:40:12 IST" duration-ms="35789">
    <groups>
    </groups>
    <test started-at="2023-01-05T13:39:37 IST" name="Default test" finished-at="2023-01-05T13:40:12 IST" duration-ms="35789">
      <class name="org.test.Login">
        <test-method is-config="true" signature="setup()[pri:0, instance:org.test.Login@3bf9ce3e]" started-at="2023-01-05T13:39:37 IST" name="setup" finished-at="2023-01-05T13:39:39 IST" duration-ms="2226" status="PASS">
          <reporter-output>
          </reporter-output>
        </test-method> <!-- setup -->
        <test-method signature="verifyEmptyEmail()[pri:1, instance:org.test.Login@3bf9ce3e]" started-at="2023-01-05T13:39:39 IST" name="verifyEmptyEmail" finished-at="2023-01-05T13:39:44 IST" duration-ms="5248" status="PASS">
          <reporter-output>
          </reporter-output>
        </test-method> <!-- verifyEmptyEmail -->
        <test-method signature="verifyEmptyPassword()[pri:2, instance:org.test.Login@3bf9ce3e]" started-at="2023-01-05T13:39:44 IST" name="verifyEmptyPassword" finished-at="2023-01-05T13:39:47 IST" duration-ms="2953" status="PASS">
          <reporter-output>
          </reporter-output>
        </test-method> <!-- verifyEmptyPassword -->
        <test-method signature="verifyIncorrectMail()[pri:3, instance:org.test.Login@3bf9ce3e]" started-at="2023-01-05T13:39:47 IST" name="verifyIncorrectMail" finished-at="2023-01-05T13:39:49 IST" duration-ms="2445" status="PASS">
          <reporter-output>
          </reporter-output>
        </test-method> <!-- verifyIncorrectMail -->
        <test-method signature="verifyIncorrectPassword()[pri:4, instance:org.test.Login@3bf9ce3e]" started-at="2023-01-05T13:39:49 IST" name="verifyIncorrectPassword" finished-at="2023-01-05T13:39:52 IST" duration-ms="2387" status="PASS">
          <reporter-output>
          </reporter-output>
        </test-method> <!-- verifyIncorrectPassword -->
        <test-method signature="verifyInvalidEmail()[pri:5, instance:org.test.Login@3bf9ce3e]" started-at="2023-01-05T13:39:52 IST" name="verifyInvalidEmail" finished-at="2023-01-05T13:39:55 IST" duration-ms="2708" status="PASS">
          <reporter-output>
          </reporter-output>
        </test-method> <!-- verifyInvalidEmail -->
        <test-method signature="verifyInvalidCredentials()[pri:7, instance:org.test.Login@3bf9ce3e]" started-at="2023-01-05T13:39:55 IST" name="verifyInvalidCredentials" finished-at="2023-01-05T13:39:56 IST" duration-ms="1909" status="PASS">
          <reporter-output>
          </reporter-output>
        </test-method> <!-- verifyInvalidCredentials -->
        <test-method signature="verify()[pri:8, instance:org.test.Login@3bf9ce3e]" started-at="2023-01-05T13:39:56 IST" name="verify" finished-at="2023-01-05T13:40:12 IST" duration-ms="15116" status="PASS">
          <reporter-output>
          </reporter-output>
        </test-method> <!-- verify -->
        <test-method is-config="true" signature="exitBrowser()[pri:0, instance:org.test.Login@3bf9ce3e]" started-at="2023-01-05T13:40:12 IST" name="exitBrowser" finished-at="2023-01-05T13:40:12 IST" duration-ms="723" status="PASS">
          <reporter-output>
          </reporter-output>
        </test-method> <!-- exitBrowser -->
      </class> <!-- org.test.Login -->
    </test> <!-- Default test -->
  </suite> <!-- Default suite -->
</testng-results>
